[
    {
        "logtime": "2019/05/17 16:32:42",
        "logdata": "LogonScene.onceExcute"
    },
    {
        "logtime": "2019/05/17 16:32:42",
        "logdata": "http://www.fuannainc.top/"
    },
    {
        "logtime": "2019/05/17 16:32:43",
        "logdata": "url"
    },
    {
        "logtime": "2019/05/17 16:32:43",
        "logdata": "http://www.fuannainc.top//ws/MobileInterface.ashx?action=GetMobileLoginNotice"
    },
    {
        "logtime": "2019/05/17 16:32:43",
        "logdata": ""
    },
    {
        "logtime": "2019/05/17 16:32:45",
        "logdata": "url"
    },
    {
        "logtime": "2019/05/17 16:32:45",
        "logdata": "http://apis.juhe.cn/ip/ip2addr?ip=113.77.83.165&key=74bb0395667b8d0588df9ebd6fc36a12"
    },
    {
        "logtime": "2019/05/17 16:32:45",
        "logdata": ""
    },
    {
        "logtime": "2019/05/17 16:32:45",
        "logdata": "onLogonCallBack"
    },
    {
        "logtime": "2019/05/17 16:32:45",
        "logdata": "http://www.fuannainc.top/"
    },
    {
        "logtime": "2019/05/17 16:32:45",
        "logdata": "url"
    },
    {
        "logtime": "2019/05/17 16:32:45",
        "logdata": "http://www.fuannainc.top//WS/MobileInterface.ashx"
    },
    {
        "logtime": "2019/05/17 16:32:45",
        "logdata": "action=GetMobileShareConfig&userid=119752&time=1558081965&signature=EDB62E11190C252552B6D73F01231607"
    },
    {
        "logtime": "2019/05/17 16:32:47",
        "logdata": "url"
    },
    {
        "logtime": "2019/05/17 16:32:47",
        "logdata": "http://www.fuannainc.top//WS/MobileInterface.ashx?action=GetMobileRollNotice"
    },
    {
        "logtime": "2019/05/17 16:32:47",
        "logdata": ""
    },
    {
        "logtime": "2019/05/17 16:32:50",
        "logdata": "url"
    },
    {
        "logtime": "2019/05/17 16:32:50",
        "logdata": "http://www.fuannainc.top//WS/Lottery.ashx"
    },
    {
        "logtime": "2019/05/17 16:32:50",
        "logdata": "action=LotteryConfig"
    },
    {
        "logtime": "2019/05/17 16:32:50",
        "logdata": "url"
    },
    {
        "logtime": "2019/05/17 16:32:50",
        "logdata": "http://www.fuannainc.top//WS/Lottery.ashx"
    },
    {
        "logtime": "2019/05/17 16:32:50",
        "logdata": "action=LotteryUserInfo&userid=119752&time=1558081970&signature=1EFF0433C0FCC5718670EDC7DB537F69"
    },
    {
        "logtime": "2019/05/17 16:32:51",
        "logdata": "url"
    },
    {
        "logtime": "2019/05/17 16:32:51",
        "logdata": "http://www.fuannainc.top//WS/Lottery.ashx"
    },
    {
        "logtime": "2019/05/17 16:32:51",
        "logdata": "action=LotteryStart&userid=119752&time=1558081971&signature=CA3FD46747624B62611F422806ECDBD6"
    }
]