[
    {
        "logtime": "2019/07/02 16:32:49",
        "logdata": "[string \".\\client/src/controller/command/LoadViewComma...\"]:118: [string \".\\client/src/controller/command/LoadViewComma...\"]:325: [string \".\\game/xiuxian/shuiguolaba/src/views/layer/Ga...\"]:219: 'addTouchEventListener' function of Widget has wrong number of arguments: 0, was expecting 1\n\nstack traceback:\n\t[string \".\\client/src/controller/command/LoadViewComma...\"]:118: in function 'execute'\n\t[string \".\\framework/puremvc/core/Controller.lua\"]:123: in function 'notify'\n\t[string \".\\framework/puremvc/patterns/observer/Observe...\"]:85: in function 'notifyObserver'\n\t[string \".\\framework/puremvc/core/View.lua\"]:113: in function 'notifyObservers'\n\t[string \".\\framework/puremvc/patterns/facade/Facade.lua\"]:331: in function 'notifyObservers'\n\t[string \".\\framework/puremvc/patterns/facade/Facade.lua\"]:314: in function 'sendNotification'\n\t[string \".\\framework/puremvc/patterns/observer/Notifie...\"]:64: in function 'sendNotification'\n\t[string \".\\client/src/view/mediator/ViewMediator.lua\"]:216: in function 'notify'\n\t[string \".\\framework/puremvc/patterns/observer/Observe...\"]:85: in function 'notifyObserver'\n\t[string \".\\framework/puremvc/core/View.lua\"]:113: in function 'notifyObservers'\n\t[string \".\\framework/puremvc/patterns/facade/Facade.lua\"]:331: in function 'notifyObservers'\n\t[string \".\\framework/puremvc/patterns/facade/Facade.lua\"]:314: in function 'sendNotification'\n\t[string \".\\client/src/plaza/models/GameFrameEngine.lua\"]:619: in function 'LoadGameView'\n\t[string \".\\client/src/plaza/models/GameFrameEngine.lua\"]:737: in function 'onSocketUserStatus'\n\t[string \".\\client/src/plaza/models/GameFrameEngine.lua\"]:323: in function 'onSocketUserEvent'\n\t[string \".\\client/src/plaza/models/GameFrameEngine.lua\"]:113: in function 'onSocketEvent'\n\t[string \".\\client/src/plaza/models/BaseFrame.lua\"]:141: in function 'onSocketCallBack'\n\t[string \".\\client/src/plaza/models/BaseFrame.lua\"]:97: in function <[string \".\\client/src/plaza/models/BaseFrame.lua\"]:96>"
    },
    {
        "logtime": "2019/07/02 16:32:54",
        "logdata": "LogonScene.onceExcute"
    },
    {
        "logtime": "2019/07/02 16:32:54",
        "logdata": "http://www.fuannainc.top/"
    },
    {
        "logtime": "2019/07/02 16:32:54",
        "logdata": "url"
    },
    {
        "logtime": "2019/07/02 16:32:54",
        "logdata": "http://www.fuannainc.top//ws/MobileInterface.ashx?action=GetMobileLoginNotice"
    },
    {
        "logtime": "2019/07/02 16:32:54",
        "logdata": ""
    },
    {
        "logtime": "2019/07/02 16:32:56",
        "logdata": "url"
    },
    {
        "logtime": "2019/07/02 16:32:56",
        "logdata": "http://apis.juhe.cn/ip/ip2addr?ip=58.23.48.188&key=74bb0395667b8d0588df9ebd6fc36a12"
    },
    {
        "logtime": "2019/07/02 16:32:56",
        "logdata": ""
    },
    {
        "logtime": "2019/07/02 16:32:56",
        "logdata": "onLogonCallBack"
    },
    {
        "logtime": "2019/07/02 16:32:56",
        "logdata": "http://www.fuannainc.top/"
    },
    {
        "logtime": "2019/07/02 16:32:56",
        "logdata": "url"
    },
    {
        "logtime": "2019/07/02 16:32:56",
        "logdata": "http://www.fuannainc.top//WS/MobileInterface.ashx"
    },
    {
        "logtime": "2019/07/02 16:32:56",
        "logdata": "action=GetMobileShareConfig&userid=120187&time=1562056376&signature=C5F3EFA1DE4771BA015B9A6A3D6D0A78"
    },
    {
        "logtime": "2019/07/02 16:32:58",
        "logdata": "url"
    },
    {
        "logtime": "2019/07/02 16:32:58",
        "logdata": "http://www.fuannainc.top//WS/MobileInterface.ashx?action=GetMobileRollNotice"
    },
    {
        "logtime": "2019/07/02 16:32:58",
        "logdata": ""
    }
]