[
    {
        "logtime": "2019/07/08 19:01:00",
        "logdata": "url"
    },
    {
        "logtime": "2019/07/08 19:01:00",
        "logdata": "http://www.fuannainc.top//WS/MobileInterface.ashx?action=GetMobileRollNotice"
    },
    {
        "logtime": "2019/07/08 19:01:00",
        "logdata": ""
    },
    {
        "logtime": "2019/07/08 19:01:04",
        "logdata": "keys2"
    },
    {
        "logtime": "2019/07/08 19:01:04",
        "logdata": "string"
    },
    {
        "logtime": "2019/07/08 19:01:04",
        "logdata": "keys2"
    },
    {
        "logtime": "2019/07/08 19:01:04",
        "logdata": "string"
    },
    {
        "logtime": "2019/07/08 19:01:04",
        "logdata": "keys2"
    },
    {
        "logtime": "2019/07/08 19:01:04",
        "logdata": "double"
    },
    {
        "logtime": "2019/07/08 19:01:04",
        "logdata": "keys2"
    },
    {
        "logtime": "2019/07/08 19:01:04",
        "logdata": "string"
    },
    {
        "logtime": "2019/07/08 19:01:57",
        "logdata": "LogonScene.onceExcute"
    },
    {
        "logtime": "2019/07/08 19:01:57",
        "logdata": "http://www.fuannainc.top/"
    },
    {
        "logtime": "2019/07/08 19:01:57",
        "logdata": "url"
    },
    {
        "logtime": "2019/07/08 19:01:57",
        "logdata": "http://www.fuannainc.top//ws/MobileInterface.ashx?action=GetMobileLoginNotice"
    },
    {
        "logtime": "2019/07/08 19:01:57",
        "logdata": ""
    }
]