[
    {
        "logtime": "2019/07/03 14:38:53",
        "logdata": "LogonScene.onceExcute"
    },
    {
        "logtime": "2019/07/03 14:38:53",
        "logdata": "http://www.fuannainc.top/"
    },
    {
        "logtime": "2019/07/03 14:38:53",
        "logdata": "url"
    },
    {
        "logtime": "2019/07/03 14:38:53",
        "logdata": "http://www.fuannainc.top//ws/MobileInterface.ashx?action=GetMobileLoginNotice"
    },
    {
        "logtime": "2019/07/03 14:38:53",
        "logdata": ""
    },
    {
        "logtime": "2019/07/03 14:38:57",
        "logdata": "url"
    },
    {
        "logtime": "2019/07/03 14:38:57",
        "logdata": "http://apis.juhe.cn/ip/ip2addr?ip=58.23.48.188&key=74bb0395667b8d0588df9ebd6fc36a12"
    },
    {
        "logtime": "2019/07/03 14:38:57",
        "logdata": ""
    },
    {
        "logtime": "2019/07/03 14:38:57",
        "logdata": "onLogonCallBack"
    },
    {
        "logtime": "2019/07/03 14:38:57",
        "logdata": "http://www.fuannainc.top/"
    },
    {
        "logtime": "2019/07/03 14:38:57",
        "logdata": "url"
    },
    {
        "logtime": "2019/07/03 14:38:57",
        "logdata": "http://www.fuannainc.top//WS/MobileInterface.ashx"
    },
    {
        "logtime": "2019/07/03 14:38:57",
        "logdata": "action=GetMobileShareConfig&userid=120188&time=1562135937&signature=132B7D774FE823083D6927C8ECB1C61A"
    },
    {
        "logtime": "2019/07/03 14:38:59",
        "logdata": "url"
    },
    {
        "logtime": "2019/07/03 14:38:59",
        "logdata": "http://www.fuannainc.top//WS/MobileInterface.ashx?action=GetMobileRollNotice"
    },
    {
        "logtime": "2019/07/03 14:38:59",
        "logdata": ""
    }
]