[
    {
        "logtime": "2019/07/30 17:29:01",
        "logdata": 12
    },
    {
        "logtime": "2019/07/30 17:29:01",
        "logdata": "onEnterGame"
    },
    {
        "logtime": "2019/07/30 17:29:01",
        "logdata": {
            "_ServerResVersion": 12,
            "_Active": true,
            "_KindVersion": "101122049",
            "_KindType": 2,
            "_Module": "qipai/landnoshuffle/",
            "_KindID": "202",
            "_Type": "qipai",
            "_KindName": "qipai.landnoshuffle.",
            "_SortId": 7
        }
    },
    {
        "logtime": "2019/07/30 17:29:01",
        "logdata": "GlobalUserItem.getCurGameKind()"
    },
    {
        "logtime": "2019/07/30 17:29:01",
        "logdata": 202
    },
    {
        "logtime": "2019/07/30 17:29:22",
        "logdata": {
            "_ServerResVersion": 12,
            "_Active": true,
            "_KindVersion": "101122049",
            "_KindType": 2,
            "_Module": "qipai/landnoshuffle/",
            "_KindID": "202",
            "_Type": "qipai",
            "nSitChair": 65535,
            "_KindName": "qipai.landnoshuffle.",
            "nEnterRoomIndex": 2,
            "nSitTable": 65535,
            "_SortId": 7
        }
    },
    {
        "logtime": "2019/07/30 17:29:22",
        "logdata": "modulestr"
    },
    {
        "logtime": "2019/07/30 17:29:22",
        "logdata": "qipai/landnoshuffle/"
    },
    {
        "logtime": "2019/07/30 17:29:23",
        "logdata": "keys2"
    },
    {
        "logtime": "2019/07/30 17:29:23",
        "logdata": "dword"
    },
    {
        "logtime": "2019/07/30 17:29:23",
        "logdata": "keys2"
    },
    {
        "logtime": "2019/07/30 17:29:23",
        "logdata": "dword"
    },
    {
        "logtime": "2019/07/30 17:29:23",
        "logdata": "keys2"
    },
    {
        "logtime": "2019/07/30 17:29:23",
        "logdata": "dword"
    },
    {
        "logtime": "2019/07/30 17:29:23",
        "logdata": "keys2"
    },
    {
        "logtime": "2019/07/30 17:29:23",
        "logdata": "dword"
    },
    {
        "logtime": "2019/07/30 17:29:23",
        "logdata": "keys2"
    },
    {
        "logtime": "2019/07/30 17:29:23",
        "logdata": "dword"
    },
    {
        "logtime": "2019/07/30 17:29:23",
        "logdata": "keys2"
    },
    {
        "logtime": "2019/07/30 17:29:23",
        "logdata": "score"
    },
    {
        "logtime": "2019/07/30 17:29:23",
        "logdata": "keys2"
    },
    {
        "logtime": "2019/07/30 17:29:23",
        "logdata": "score"
    },
    {
        "logtime": "2019/07/30 17:29:23",
        "logdata": "keys2"
    },
    {
        "logtime": "2019/07/30 17:29:23",
        "logdata": "string"
    },
    {
        "logtime": "2019/07/30 17:29:23",
        "logdata": "keys2"
    },
    {
        "logtime": "2019/07/30 17:29:23",
        "logdata": "byte"
    },
    {
        "logtime": "2019/07/30 17:29:23",
        "logdata": "keys2"
    },
    {
        "logtime": "2019/07/30 17:29:23",
        "logdata": "byte"
    },
    {
        "logtime": "2019/07/30 17:29:23",
        "logdata": "keys2"
    },
    {
        "logtime": "2019/07/30 17:29:23",
        "logdata": "double"
    },
    {
        "logtime": "2019/07/30 17:29:23",
        "logdata": "keys2"
    },
    {
        "logtime": "2019/07/30 17:29:23",
        "logdata": "byte"
    },
    {
        "logtime": "2019/07/30 17:29:23",
        "logdata": "keys2"
    },
    {
        "logtime": "2019/07/30 17:29:23",
        "logdata": "byte"
    },
    {
        "logtime": "2019/07/30 17:29:23",
        "logdata": "keys2"
    },
    {
        "logtime": "2019/07/30 17:29:23",
        "logdata": "byte"
    },
    {
        "logtime": "2019/07/30 17:29:23",
        "logdata": "keys2"
    },
    {
        "logtime": "2019/07/30 17:29:23",
        "logdata": "byte"
    },
    {
        "logtime": "2019/07/30 17:29:23",
        "logdata": "keys2"
    },
    {
        "logtime": "2019/07/30 17:29:23",
        "logdata": "double"
    },
    {
        "logtime": "2019/07/30 17:29:24",
        "logdata": "keys2"
    },
    {
        "logtime": "2019/07/30 17:29:24",
        "logdata": "double"
    },
    {
        "logtime": "2019/07/30 17:29:24",
        "logdata": "keys2"
    },
    {
        "logtime": "2019/07/30 17:29:24",
        "logdata": "word"
    },
    {
        "logtime": "2019/07/30 17:29:24",
        "logdata": "keys2"
    },
    {
        "logtime": "2019/07/30 17:29:24",
        "logdata": "word"
    },
    {
        "logtime": "2019/07/30 17:29:24",
        "logdata": "keys2"
    },
    {
        "logtime": "2019/07/30 17:29:24",
        "logdata": "byte"
    },
    {
        "logtime": "2019/07/30 17:29:24",
        "logdata": "keys2"
    },
    {
        "logtime": "2019/07/30 17:29:24",
        "logdata": "byte"
    },
    {
        "logtime": "2019/07/30 17:29:24",
        "logdata": "keys2"
    },
    {
        "logtime": "2019/07/30 17:29:24",
        "logdata": "byte"
    },
    {
        "logtime": "2019/07/30 17:29:24",
        "logdata": "keys2"
    },
    {
        "logtime": "2019/07/30 17:29:24",
        "logdata": "byte"
    },
    {
        "logtime": "2019/07/30 17:29:33",
        "logdata": "keys2"
    },
    {
        "logtime": "2019/07/30 17:29:33",
        "logdata": "word"
    },
    {
        "logtime": "2019/07/30 17:29:33",
        "logdata": "keys2"
    },
    {
        "logtime": "2019/07/30 17:29:33",
        "logdata": "word"
    },
    {
        "logtime": "2019/07/30 17:29:33",
        "logdata": "keys2"
    },
    {
        "logtime": "2019/07/30 17:29:33",
        "logdata": "byte"
    },
    {
        "logtime": "2019/07/30 17:29:33",
        "logdata": "keys2"
    },
    {
        "logtime": "2019/07/30 17:29:33",
        "logdata": "byte"
    },
    {
        "logtime": "2019/07/30 17:29:33",
        "logdata": "keys2"
    },
    {
        "logtime": "2019/07/30 17:29:33",
        "logdata": "byte"
    },
    {
        "logtime": "2019/07/30 17:29:34",
        "logdata": "keys2"
    },
    {
        "logtime": "2019/07/30 17:29:34",
        "logdata": "word"
    },
    {
        "logtime": "2019/07/30 17:29:34",
        "logdata": "keys2"
    },
    {
        "logtime": "2019/07/30 17:29:34",
        "logdata": "word"
    },
    {
        "logtime": "2019/07/30 17:29:34",
        "logdata": "keys2"
    },
    {
        "logtime": "2019/07/30 17:29:34",
        "logdata": "byte"
    },
    {
        "logtime": "2019/07/30 17:29:34",
        "logdata": "keys2"
    },
    {
        "logtime": "2019/07/30 17:29:34",
        "logdata": "byte"
    },
    {
        "logtime": "2019/07/30 17:29:34",
        "logdata": "keys2"
    },
    {
        "logtime": "2019/07/30 17:29:34",
        "logdata": "byte"
    },
    {
        "logtime": "2019/07/30 17:29:41",
        "logdata": "keys2"
    },
    {
        "logtime": "2019/07/30 17:29:41",
        "logdata": "word"
    },
    {
        "logtime": "2019/07/30 17:29:41",
        "logdata": "keys2"
    },
    {
        "logtime": "2019/07/30 17:29:41",
        "logdata": "word"
    },
    {
        "logtime": "2019/07/30 17:29:41",
        "logdata": "keys2"
    },
    {
        "logtime": "2019/07/30 17:29:41",
        "logdata": "byte"
    },
    {
        "logtime": "2019/07/30 17:29:41",
        "logdata": "keys2"
    },
    {
        "logtime": "2019/07/30 17:29:41",
        "logdata": "byte"
    },
    {
        "logtime": "2019/07/30 17:29:41",
        "logdata": "keys2"
    },
    {
        "logtime": "2019/07/30 17:29:41",
        "logdata": "byte"
    },
    {
        "logtime": "2019/07/30 17:29:44",
        "logdata": "keys2"
    },
    {
        "logtime": "2019/07/30 17:29:44",
        "logdata": "word"
    },
    {
        "logtime": "2019/07/30 17:29:44",
        "logdata": "keys2"
    },
    {
        "logtime": "2019/07/30 17:29:44",
        "logdata": "word"
    },
    {
        "logtime": "2019/07/30 17:29:44",
        "logdata": "keys2"
    },
    {
        "logtime": "2019/07/30 17:29:44",
        "logdata": "byte"
    },
    {
        "logtime": "2019/07/30 17:29:44",
        "logdata": "keys2"
    },
    {
        "logtime": "2019/07/30 17:29:44",
        "logdata": "byte"
    },
    {
        "logtime": "2019/07/30 17:29:44",
        "logdata": "keys2"
    },
    {
        "logtime": "2019/07/30 17:29:44",
        "logdata": "byte"
    },
    {
        "logtime": "2019/07/30 17:29:44",
        "logdata": "keys2"
    },
    {
        "logtime": "2019/07/30 17:29:44",
        "logdata": "word"
    },
    {
        "logtime": "2019/07/30 17:29:44",
        "logdata": "keys2"
    },
    {
        "logtime": "2019/07/30 17:29:44",
        "logdata": "word"
    },
    {
        "logtime": "2019/07/30 17:29:44",
        "logdata": "keys2"
    },
    {
        "logtime": "2019/07/30 17:29:44",
        "logdata": "byte"
    },
    {
        "logtime": "2019/07/30 17:29:44",
        "logdata": "keys2"
    },
    {
        "logtime": "2019/07/30 17:29:44",
        "logdata": "byte"
    },
    {
        "logtime": "2019/07/30 17:29:44",
        "logdata": "keys2"
    },
    {
        "logtime": "2019/07/30 17:29:44",
        "logdata": "byte"
    },
    {
        "logtime": "2019/07/30 17:29:44",
        "logdata": "keys2"
    },
    {
        "logtime": "2019/07/30 17:29:44",
        "logdata": "byte"
    },
    {
        "logtime": "2019/07/30 17:29:44",
        "logdata": "keys2"
    },
    {
        "logtime": "2019/07/30 17:29:44",
        "logdata": "double"
    },
    {
        "logtime": "2019/07/30 17:29:46",
        "logdata": "keys2"
    },
    {
        "logtime": "2019/07/30 17:29:46",
        "logdata": "bool"
    },
    {
        "logtime": "2019/07/30 17:29:46",
        "logdata": "keys2"
    },
    {
        "logtime": "2019/07/30 17:29:46",
        "logdata": "word"
    },
    {
        "logtime": "2019/07/30 17:29:46",
        "logdata": "keys2"
    },
    {
        "logtime": "2019/07/30 17:29:46",
        "logdata": "byte"
    },
    {
        "logtime": "2019/07/30 17:29:49",
        "logdata": "keys2"
    },
    {
        "logtime": "2019/07/30 17:29:49",
        "logdata": "bool"
    },
    {
        "logtime": "2019/07/30 17:29:49",
        "logdata": "keys2"
    },
    {
        "logtime": "2019/07/30 17:29:49",
        "logdata": "word"
    },
    {
        "logtime": "2019/07/30 17:29:49",
        "logdata": "keys2"
    },
    {
        "logtime": "2019/07/30 17:29:49",
        "logdata": "byte"
    },
    {
        "logtime": "2019/07/30 17:29:49",
        "logdata": "keys2"
    },
    {
        "logtime": "2019/07/30 17:29:49",
        "logdata": "byte"
    },
    {
        "logtime": "2019/07/30 17:29:49",
        "logdata": "keys2"
    },
    {
        "logtime": "2019/07/30 17:29:49",
        "logdata": "word"
    },
    {
        "logtime": "2019/07/30 17:29:58",
        "logdata": "keys2"
    },
    {
        "logtime": "2019/07/30 17:29:58",
        "logdata": "byte"
    },
    {
        "logtime": "2019/07/30 17:29:58",
        "logdata": "keys2"
    },
    {
        "logtime": "2019/07/30 17:29:58",
        "logdata": "word"
    },
    {
        "logtime": "2019/07/30 17:29:58",
        "logdata": "keys2"
    },
    {
        "logtime": "2019/07/30 17:29:58",
        "logdata": "word"
    },
    {
        "logtime": "2019/07/30 17:29:58",
        "logdata": "keys2"
    },
    {
        "logtime": "2019/07/30 17:29:58",
        "logdata": "int"
    },
    {
        "logtime": "2019/07/30 17:29:58",
        "logdata": "keys2"
    },
    {
        "logtime": "2019/07/30 17:29:58",
        "logdata": "bool"
    },
    {
        "logtime": "2019/07/30 17:29:58",
        "logdata": "keys2"
    },
    {
        "logtime": "2019/07/30 17:29:58",
        "logdata": "byte"
    },
    {
        "logtime": "2019/07/30 17:29:58",
        "logdata": "keys2"
    },
    {
        "logtime": "2019/07/30 17:29:58",
        "logdata": "byte"
    },
    {
        "logtime": "2019/07/30 17:29:58",
        "logdata": "keys2"
    },
    {
        "logtime": "2019/07/30 17:29:58",
        "logdata": "bool"
    },
    {
        "logtime": "2019/07/30 17:29:58",
        "logdata": "keys2"
    },
    {
        "logtime": "2019/07/30 17:29:58",
        "logdata": "word"
    }
]