[
    {
        "logtime": "2019/07/02 09:30:32",
        "logdata": "LogonScene.onceExcute"
    },
    {
        "logtime": "2019/07/02 09:30:32",
        "logdata": "http://www.fuannainc.top/"
    },
    {
        "logtime": "2019/07/02 09:30:32",
        "logdata": "url"
    },
    {
        "logtime": "2019/07/02 09:30:32",
        "logdata": "http://www.fuannainc.top//ws/MobileInterface.ashx?action=GetMobileLoginNotice"
    },
    {
        "logtime": "2019/07/02 09:30:32",
        "logdata": ""
    },
    {
        "logtime": "2019/07/02 09:30:34",
        "logdata": "url"
    },
    {
        "logtime": "2019/07/02 09:30:34",
        "logdata": "http://apis.juhe.cn/ip/ip2addr?ip=58.23.48.188&key=74bb0395667b8d0588df9ebd6fc36a12"
    },
    {
        "logtime": "2019/07/02 09:30:34",
        "logdata": ""
    },
    {
        "logtime": "2019/07/02 09:30:34",
        "logdata": "onLogonCallBack"
    },
    {
        "logtime": "2019/07/02 09:30:34",
        "logdata": "http://www.fuannainc.top/"
    },
    {
        "logtime": "2019/07/02 09:30:34",
        "logdata": "url"
    },
    {
        "logtime": "2019/07/02 09:30:34",
        "logdata": "http://www.fuannainc.top//WS/MobileInterface.ashx"
    },
    {
        "logtime": "2019/07/02 09:30:34",
        "logdata": "action=GetMobileShareConfig&userid=119947&time=1562031034&signature=E90980C72C335127D36443F73B9D421F"
    },
    {
        "logtime": "2019/07/02 09:30:35",
        "logdata": "url"
    },
    {
        "logtime": "2019/07/02 09:30:35",
        "logdata": "http://www.fuannainc.top//WS/MobileInterface.ashx?action=GetMobileRollNotice"
    },
    {
        "logtime": "2019/07/02 09:30:35",
        "logdata": ""
    },
    {
        "logtime": "2019/07/02 09:30:41",
        "logdata": null
    },
    {
        "logtime": "2019/07/02 09:30:41",
        "logdata": "onEnterGame"
    },
    {
        "logtime": "2019/07/02 09:30:41",
        "logdata": {
            "_ServerResVersion": 10,
            "_Active": true,
            "_KindVersion": "101122049",
            "_KindType": 1,
            "_Module": "xiuxian/shuiguolaba/",
            "_KindID": "406",
            "_Type": "xiuxian",
            "_KindName": "xiuxian.shuiguolaba.",
            "_SortId": 0
        }
    },
    {
        "logtime": "2019/07/02 09:30:41",
        "logdata": "GlobalUserItem.getCurGameKind()"
    },
    {
        "logtime": "2019/07/02 09:30:41",
        "logdata": 406
    },
    {
        "logtime": "2019/07/02 09:30:43",
        "logdata": "url"
    },
    {
        "logtime": "2019/07/02 09:30:43",
        "logdata": "http://apis.juhe.cn/ip/ip2addr?ip=58.23.48.188&key=74bb0395667b8d0588df9ebd6fc36a12"
    },
    {
        "logtime": "2019/07/02 09:30:43",
        "logdata": ""
    },
    {
        "logtime": "2019/07/02 09:30:43",
        "logdata": {
            "_ServerResVersion": 10,
            "_Active": true,
            "_KindVersion": "101122049",
            "_KindType": 1,
            "_Module": "xiuxian/shuiguolaba/",
            "_KindID": "406",
            "_Type": "xiuxian",
            "nSitChair": 65535,
            "_KindName": "xiuxian.shuiguolaba.",
            "nEnterRoomIndex": 1,
            "nSitTable": 65535,
            "_SortId": 0
        }
    },
    {
        "logtime": "2019/07/02 09:30:43",
        "logdata": "modulestr"
    },
    {
        "logtime": "2019/07/02 09:30:43",
        "logdata": "xiuxian/shuiguolaba/"
    }
]