[
    {
        "logtime": "2019/07/03 10:16:31",
        "logdata": "LogonScene.onceExcute"
    },
    {
        "logtime": "2019/07/03 10:16:31",
        "logdata": "http://www.fuannainc.top/"
    },
    {
        "logtime": "2019/07/03 10:16:31",
        "logdata": "url"
    },
    {
        "logtime": "2019/07/03 10:16:31",
        "logdata": "http://www.fuannainc.top//ws/MobileInterface.ashx?action=GetMobileLoginNotice"
    },
    {
        "logtime": "2019/07/03 10:16:31",
        "logdata": ""
    },
    {
        "logtime": "2019/07/03 10:16:54",
        "logdata": "url"
    },
    {
        "logtime": "2019/07/03 10:16:54",
        "logdata": "http://apis.juhe.cn/ip/ip2addr?ip=58.23.48.188&key=74bb0395667b8d0588df9ebd6fc36a12"
    },
    {
        "logtime": "2019/07/03 10:16:54",
        "logdata": ""
    },
    {
        "logtime": "2019/07/03 10:16:54",
        "logdata": "onLogonCallBack"
    },
    {
        "logtime": "2019/07/03 10:16:54",
        "logdata": "http://www.fuannainc.top/"
    },
    {
        "logtime": "2019/07/03 10:16:54",
        "logdata": "url"
    },
    {
        "logtime": "2019/07/03 10:16:54",
        "logdata": "http://www.fuannainc.top//WS/MobileInterface.ashx"
    },
    {
        "logtime": "2019/07/03 10:16:54",
        "logdata": "action=GetMobileShareConfig&userid=120187&time=1562120214&signature=9A9DABD42D860B6C217738AA956BC2D7"
    },
    {
        "logtime": "2019/07/03 10:16:56",
        "logdata": "url"
    },
    {
        "logtime": "2019/07/03 10:16:56",
        "logdata": "http://www.fuannainc.top//WS/MobileInterface.ashx?action=GetMobileRollNotice"
    },
    {
        "logtime": "2019/07/03 10:16:56",
        "logdata": ""
    },
    {
        "logtime": "2019/07/03 10:16:59",
        "logdata": null
    },
    {
        "logtime": "2019/07/03 10:16:59",
        "logdata": "onEnterGame"
    },
    {
        "logtime": "2019/07/03 10:16:59",
        "logdata": {
            "_ServerResVersion": 10,
            "_Active": true,
            "_KindVersion": "101122049",
            "_KindType": 1,
            "_Module": "xiuxian/shuiguolaba/",
            "_KindID": "406",
            "_Type": "xiuxian",
            "_KindName": "xiuxian.shuiguolaba.",
            "_SortId": 0
        }
    },
    {
        "logtime": "2019/07/03 10:16:59",
        "logdata": "GlobalUserItem.getCurGameKind()"
    },
    {
        "logtime": "2019/07/03 10:16:59",
        "logdata": 406
    }
]