[
    {
        "logtime": "2019/05/13 16:14:14",
        "logdata": "LogonScene.onceExcute"
    },
    {
        "logtime": "2019/05/13 16:14:14",
        "logdata": "http://www.fuannainc.top/"
    },
    {
        "logtime": "2019/05/13 16:14:14",
        "logdata": "url"
    },
    {
        "logtime": "2019/05/13 16:14:14",
        "logdata": "http://www.fuannainc.top//ws/MobileInterface.ashx?action=GetMobileLoginNotice"
    },
    {
        "logtime": "2019/05/13 16:14:14",
        "logdata": ""
    },
    {
        "logtime": "2019/05/13 16:14:19",
        "logdata": "url"
    },
    {
        "logtime": "2019/05/13 16:14:19",
        "logdata": "http://apis.juhe.cn/ip/ip2addr?ip=113.77.80.214&key=74bb0395667b8d0588df9ebd6fc36a12"
    },
    {
        "logtime": "2019/05/13 16:14:19",
        "logdata": ""
    },
    {
        "logtime": "2019/05/13 16:14:19",
        "logdata": "onLogonCallBack"
    },
    {
        "logtime": "2019/05/13 16:14:19",
        "logdata": "http://www.fuannainc.top/"
    },
    {
        "logtime": "2019/05/13 16:14:19",
        "logdata": "url"
    },
    {
        "logtime": "2019/05/13 16:14:19",
        "logdata": "http://www.fuannainc.top//WS/MobileInterface.ashx"
    },
    {
        "logtime": "2019/05/13 16:14:19",
        "logdata": "action=GetMobileShareConfig&userid=120774&time=1557735259&signature=A4059EAF20FE8410273E37A1907F2BCA"
    },
    {
        "logtime": "2019/05/13 16:14:24",
        "logdata": "url"
    },
    {
        "logtime": "2019/05/13 16:14:24",
        "logdata": "http://www.fuannainc.top//WS/MobileInterface.ashx?action=GetMobileRollNotice"
    },
    {
        "logtime": "2019/05/13 16:14:24",
        "logdata": ""
    }
]