[
    {
        "logtime": "2019/05/18 16:07:57",
        "logdata": "LogonScene.onceExcute"
    },
    {
        "logtime": "2019/05/18 16:07:57",
        "logdata": "http://www.fuannainc.top/"
    },
    {
        "logtime": "2019/05/18 16:07:57",
        "logdata": "url"
    },
    {
        "logtime": "2019/05/18 16:07:57",
        "logdata": "http://www.fuannainc.top//ws/MobileInterface.ashx?action=GetMobileLoginNotice"
    },
    {
        "logtime": "2019/05/18 16:07:57",
        "logdata": ""
    },
    {
        "logtime": "2019/05/18 16:07:59",
        "logdata": "url"
    },
    {
        "logtime": "2019/05/18 16:07:59",
        "logdata": "http://apis.juhe.cn/ip/ip2addr?ip=113.77.83.199&key=74bb0395667b8d0588df9ebd6fc36a12"
    },
    {
        "logtime": "2019/05/18 16:07:59",
        "logdata": ""
    },
    {
        "logtime": "2019/05/18 16:07:59",
        "logdata": "onLogonCallBack"
    },
    {
        "logtime": "2019/05/18 16:07:59",
        "logdata": "http://www.fuannainc.top/"
    },
    {
        "logtime": "2019/05/18 16:07:59",
        "logdata": "url"
    },
    {
        "logtime": "2019/05/18 16:07:59",
        "logdata": "http://www.fuannainc.top//WS/MobileInterface.ashx"
    },
    {
        "logtime": "2019/05/18 16:07:59",
        "logdata": "action=GetMobileShareConfig&userid=119891&time=1558166879&signature=76DC0EC41939DBA7C5EEBA4244B0677C"
    }
]