[
    {
        "logtime": "2019/07/16 11:57:51",
        "logdata": "keys2"
    },
    {
        "logtime": "2019/07/16 11:57:51",
        "logdata": "byte"
    },
    {
        "logtime": "2019/07/16 11:57:51",
        "logdata": "keys2"
    },
    {
        "logtime": "2019/07/16 11:57:51",
        "logdata": "word"
    },
    {
        "logtime": "2019/07/16 11:57:51",
        "logdata": "keys2"
    },
    {
        "logtime": "2019/07/16 11:57:51",
        "logdata": "word"
    },
    {
        "logtime": "2019/07/16 11:57:51",
        "logdata": "keys2"
    },
    {
        "logtime": "2019/07/16 11:57:51",
        "logdata": "word"
    },
    {
        "logtime": "2019/07/16 11:57:51",
        "logdata": "keys2"
    },
    {
        "logtime": "2019/07/16 11:57:51",
        "logdata": "word"
    },
    {
        "logtime": "2019/07/16 11:57:51",
        "logdata": "keys2"
    },
    {
        "logtime": "2019/07/16 11:57:51",
        "logdata": "double"
    },
    {
        "logtime": "2019/07/16 11:57:51",
        "logdata": "keys2"
    },
    {
        "logtime": "2019/07/16 11:57:51",
        "logdata": "double"
    },
    {
        "logtime": "2019/07/16 11:57:51",
        "logdata": "keys2"
    },
    {
        "logtime": "2019/07/16 11:57:51",
        "logdata": "double"
    },
    {
        "logtime": "2019/07/16 11:57:51",
        "logdata": "keys2"
    },
    {
        "logtime": "2019/07/16 11:57:51",
        "logdata": "string"
    },
    {
        "logtime": "2019/07/16 11:57:51",
        "logdata": "keys2"
    },
    {
        "logtime": "2019/07/16 11:57:51",
        "logdata": "string"
    },
    {
        "logtime": "2019/07/16 11:57:51",
        "logdata": "keys2"
    },
    {
        "logtime": "2019/07/16 11:57:51",
        "logdata": "double"
    },
    {
        "logtime": "2019/07/16 11:57:51",
        "logdata": "keys2"
    },
    {
        "logtime": "2019/07/16 11:57:51",
        "logdata": "string"
    },
    {
        "logtime": "2019/07/16 11:57:59",
        "logdata": "keys2"
    },
    {
        "logtime": "2019/07/16 11:57:59",
        "logdata": "byte"
    },
    {
        "logtime": "2019/07/16 11:57:59",
        "logdata": "keys2"
    },
    {
        "logtime": "2019/07/16 11:57:59",
        "logdata": "word"
    },
    {
        "logtime": "2019/07/16 11:57:59",
        "logdata": "keys2"
    },
    {
        "logtime": "2019/07/16 11:57:59",
        "logdata": "word"
    },
    {
        "logtime": "2019/07/16 11:57:59",
        "logdata": "keys2"
    },
    {
        "logtime": "2019/07/16 11:57:59",
        "logdata": "word"
    },
    {
        "logtime": "2019/07/16 11:57:59",
        "logdata": "keys2"
    },
    {
        "logtime": "2019/07/16 11:57:59",
        "logdata": "word"
    },
    {
        "logtime": "2019/07/16 11:57:59",
        "logdata": "keys2"
    },
    {
        "logtime": "2019/07/16 11:57:59",
        "logdata": "double"
    },
    {
        "logtime": "2019/07/16 11:57:59",
        "logdata": "keys2"
    },
    {
        "logtime": "2019/07/16 11:57:59",
        "logdata": "double"
    },
    {
        "logtime": "2019/07/16 11:57:59",
        "logdata": "keys2"
    },
    {
        "logtime": "2019/07/16 11:57:59",
        "logdata": "double"
    }
]