[
    {
        "logtime": "2019/08/08 16:29:50",
        "logdata": "LogonScene.onceExcute"
    },
    {
        "logtime": "2019/08/08 16:29:50",
        "logdata": "http://www.fuannabbs.top/"
    },
    {
        "logtime": "2019/08/08 16:29:50",
        "logdata": "url"
    },
    {
        "logtime": "2019/08/08 16:29:50",
        "logdata": "http://www.fuannabbs.top//ws/MobileInterface.ashx?action=GetMobileLoginNotice"
    },
    {
        "logtime": "2019/08/08 16:29:50",
        "logdata": ""
    },
    {
        "logtime": "2019/08/08 16:29:53",
        "logdata": "onLogonCallBack"
    },
    {
        "logtime": "2019/08/08 16:29:53",
        "logdata": "http://www.fuannabbs.top/"
    },
    {
        "logtime": "2019/08/08 16:29:53",
        "logdata": "url"
    },
    {
        "logtime": "2019/08/08 16:29:53",
        "logdata": "http://www.fuannabbs.top//WS/MobileInterface.ashx"
    },
    {
        "logtime": "2019/08/08 16:29:53",
        "logdata": "action=GetMobileShareConfig&userid=119919&time=1565252993&signature=6279D1102FAF3B26CFE1CB9E305A2DD4"
    },
    {
        "logtime": "2019/08/08 16:29:55",
        "logdata": "url"
    },
    {
        "logtime": "2019/08/08 16:29:55",
        "logdata": "http://www.fuannabbs.top//WS/MobileInterface.ashx?action=GetMobileRollNotice"
    },
    {
        "logtime": "2019/08/08 16:29:55",
        "logdata": ""
    }
]