[
    {
        "logtime": "2019/07/01 16:44:19",
        "logdata": "LogonScene.onceExcute"
    },
    {
        "logtime": "2019/07/01 16:44:19",
        "logdata": "http://www.fuannainc.top/"
    },
    {
        "logtime": "2019/07/01 16:44:19",
        "logdata": "url"
    },
    {
        "logtime": "2019/07/01 16:44:19",
        "logdata": "http://www.fuannainc.top//ws/MobileInterface.ashx?action=GetMobileLoginNotice"
    },
    {
        "logtime": "2019/07/01 16:44:19",
        "logdata": ""
    },
    {
        "logtime": "2019/07/01 16:44:21",
        "logdata": "url"
    },
    {
        "logtime": "2019/07/01 16:44:21",
        "logdata": "http://apis.juhe.cn/ip/ip2addr?ip=58.23.48.188&key=74bb0395667b8d0588df9ebd6fc36a12"
    },
    {
        "logtime": "2019/07/01 16:44:21",
        "logdata": ""
    },
    {
        "logtime": "2019/07/01 16:44:21",
        "logdata": "onLogonCallBack"
    },
    {
        "logtime": "2019/07/01 16:44:21",
        "logdata": "http://www.fuannainc.top/"
    },
    {
        "logtime": "2019/07/01 16:44:21",
        "logdata": "url"
    },
    {
        "logtime": "2019/07/01 16:44:21",
        "logdata": "http://www.fuannainc.top//WS/MobileInterface.ashx"
    },
    {
        "logtime": "2019/07/01 16:44:21",
        "logdata": "action=GetMobileShareConfig&userid=119947&time=1561970661&signature=15D2CE927EA3AAEB3624BD4D7252B64C"
    },
    {
        "logtime": "2019/07/01 16:44:23",
        "logdata": "url"
    },
    {
        "logtime": "2019/07/01 16:44:23",
        "logdata": "http://www.fuannainc.top//WS/MobileInterface.ashx?action=GetMobileRollNotice"
    },
    {
        "logtime": "2019/07/01 16:44:23",
        "logdata": ""
    },
    {
        "logtime": "2019/07/01 16:44:26",
        "logdata": "LogonScene.onceExcute"
    },
    {
        "logtime": "2019/07/01 16:44:26",
        "logdata": "http://www.fuannainc.top/"
    },
    {
        "logtime": "2019/07/01 16:44:26",
        "logdata": "url"
    },
    {
        "logtime": "2019/07/01 16:44:26",
        "logdata": "http://www.fuannainc.top//ws/MobileInterface.ashx?action=GetMobileLoginNotice"
    },
    {
        "logtime": "2019/07/01 16:44:26",
        "logdata": ""
    },
    {
        "logtime": "2019/07/01 16:44:33",
        "logdata": "LogonScene.onceExcute"
    },
    {
        "logtime": "2019/07/01 16:44:33",
        "logdata": "http://www.fuannainc.top/"
    },
    {
        "logtime": "2019/07/01 16:44:33",
        "logdata": "url"
    },
    {
        "logtime": "2019/07/01 16:44:33",
        "logdata": "http://www.fuannainc.top//ws/MobileInterface.ashx?action=GetMobileLoginNotice"
    },
    {
        "logtime": "2019/07/01 16:44:33",
        "logdata": ""
    },
    {
        "logtime": "2019/07/01 16:44:49",
        "logdata": "url"
    },
    {
        "logtime": "2019/07/01 16:44:49",
        "logdata": "http://apis.juhe.cn/ip/ip2addr?ip=58.23.48.188&key=74bb0395667b8d0588df9ebd6fc36a12"
    },
    {
        "logtime": "2019/07/01 16:44:49",
        "logdata": ""
    },
    {
        "logtime": "2019/07/01 16:44:49",
        "logdata": "onLogonCallBack"
    },
    {
        "logtime": "2019/07/01 16:44:49",
        "logdata": "http://www.fuannainc.top/"
    },
    {
        "logtime": "2019/07/01 16:44:49",
        "logdata": "url"
    },
    {
        "logtime": "2019/07/01 16:44:49",
        "logdata": "http://www.fuannainc.top//WS/MobileInterface.ashx"
    },
    {
        "logtime": "2019/07/01 16:44:49",
        "logdata": "action=GetMobileShareConfig&userid=119947&time=1561970689&signature=FB1FC62CA0FABFA56C60F34C0CC4F90F"
    },
    {
        "logtime": "2019/07/01 16:44:51",
        "logdata": "url"
    },
    {
        "logtime": "2019/07/01 16:44:51",
        "logdata": "http://www.fuannainc.top//WS/MobileInterface.ashx?action=GetMobileRollNotice"
    },
    {
        "logtime": "2019/07/01 16:44:51",
        "logdata": ""
    },
    {
        "logtime": "2019/07/01 16:44:53",
        "logdata": "url"
    },
    {
        "logtime": "2019/07/01 16:44:53",
        "logdata": "http://apis.juhe.cn/ip/ip2addr?ip=58.23.48.188&key=74bb0395667b8d0588df9ebd6fc36a12"
    },
    {
        "logtime": "2019/07/01 16:44:53",
        "logdata": ""
    },
    {
        "logtime": "2019/07/01 16:44:53",
        "logdata": "url"
    },
    {
        "logtime": "2019/07/01 16:44:53",
        "logdata": "http://apis.juhe.cn/ip/ip2addr?ip=58.23.48.188&key=74bb0395667b8d0588df9ebd6fc36a12"
    },
    {
        "logtime": "2019/07/01 16:44:53",
        "logdata": ""
    },
    {
        "logtime": "2019/07/01 16:44:53",
        "logdata": "url"
    },
    {
        "logtime": "2019/07/01 16:44:53",
        "logdata": "http://apis.juhe.cn/ip/ip2addr?ip=58.23.48.188&key=74bb0395667b8d0588df9ebd6fc36a12"
    },
    {
        "logtime": "2019/07/01 16:44:53",
        "logdata": ""
    },
    {
        "logtime": "2019/07/01 16:44:53",
        "logdata": "url"
    },
    {
        "logtime": "2019/07/01 16:44:53",
        "logdata": "http://apis.juhe.cn/ip/ip2addr?ip=58.23.48.188&key=74bb0395667b8d0588df9ebd6fc36a12"
    },
    {
        "logtime": "2019/07/01 16:44:53",
        "logdata": ""
    },
    {
        "logtime": "2019/07/01 16:44:53",
        "logdata": "url"
    },
    {
        "logtime": "2019/07/01 16:44:53",
        "logdata": "http://apis.juhe.cn/ip/ip2addr?ip=58.23.48.188&key=74bb0395667b8d0588df9ebd6fc36a12"
    },
    {
        "logtime": "2019/07/01 16:44:53",
        "logdata": ""
    },
    {
        "logtime": "2019/07/01 16:44:53",
        "logdata": "url"
    },
    {
        "logtime": "2019/07/01 16:44:53",
        "logdata": "http://apis.juhe.cn/ip/ip2addr?ip=58.23.48.188&key=74bb0395667b8d0588df9ebd6fc36a12"
    },
    {
        "logtime": "2019/07/01 16:44:53",
        "logdata": ""
    },
    {
        "logtime": "2019/07/01 16:44:53",
        "logdata": {
            "_ServerResVersion": 10,
            "_Active": true,
            "_KindVersion": "101122049",
            "_KindType": 1,
            "_Module": "xiuxian/shuiguolaba/",
            "_KindID": "406",
            "_Type": "xiuxian",
            "_KindName": "xiuxian.shuiguolaba.",
            "nEnterRoomIndex": 1,
            "_SortId": 0
        }
    },
    {
        "logtime": "2019/07/01 16:44:53",
        "logdata": "modulestr"
    },
    {
        "logtime": "2019/07/01 16:44:53",
        "logdata": "xiuxian/shuiguolaba/"
    }
]