[
    {
        "logtime": "2019/05/13 17:49:41",
        "logdata": "onLogonCallBack"
    },
    {
        "logtime": "2019/05/13 17:49:41",
        "logdata": "http://www.fuannainc.top/"
    },
    {
        "logtime": "2019/05/13 17:49:41",
        "logdata": "url"
    },
    {
        "logtime": "2019/05/13 17:49:41",
        "logdata": "http://www.fuannainc.top//WS/MobileInterface.ashx"
    },
    {
        "logtime": "2019/05/13 17:49:41",
        "logdata": "action=GetMobileShareConfig&userid=120785&time=1557740981&signature=F167FCD7BA5FA89F247D24E5D82D473D"
    },
    {
        "logtime": "2019/05/13 17:49:49",
        "logdata": "[string \".\\client/src/plaza/views/LogonScene.lua\"]:565: attempt to index field '_logonFrame' (a nil value)\nstack traceback:\n\t[string \".\\app/models/AppDF.lua\"]:324: in function <[string \".\\app/models/AppDF.lua\"]:281>"
    },
    {
        "logtime": "2019/05/13 17:49:49",
        "logdata": [
            {
                "main": 3,
                "kindid": 109,
                "len": 70,
                "sub": 240
            }
        ]
    }
]