[
    {
        "logtime": "2019/07/08 19:05:19",
        "logdata": "LogonScene.onceExcute"
    },
    {
        "logtime": "2019/07/08 19:05:19",
        "logdata": "http://www.fuannainc.top/"
    },
    {
        "logtime": "2019/07/08 19:05:19",
        "logdata": "url"
    },
    {
        "logtime": "2019/07/08 19:05:19",
        "logdata": "http://www.fuannainc.top//ws/MobileInterface.ashx?action=GetMobileLoginNotice"
    },
    {
        "logtime": "2019/07/08 19:05:19",
        "logdata": ""
    },
    {
        "logtime": "2019/07/08 19:05:21",
        "logdata": "onLogonCallBack"
    },
    {
        "logtime": "2019/07/08 19:05:21",
        "logdata": "http://www.fuannainc.top/"
    },
    {
        "logtime": "2019/07/08 19:05:21",
        "logdata": "url"
    },
    {
        "logtime": "2019/07/08 19:05:21",
        "logdata": "http://www.fuannainc.top//WS/MobileInterface.ashx"
    },
    {
        "logtime": "2019/07/08 19:05:21",
        "logdata": "action=GetMobileShareConfig&userid=119900&time=1562583921&signature=EACAA1CEE91712E00CC0D705BA8F4468"
    },
    {
        "logtime": "2019/07/08 19:05:23",
        "logdata": "url"
    },
    {
        "logtime": "2019/07/08 19:05:23",
        "logdata": "http://www.fuannainc.top//WS/MobileInterface.ashx?action=GetMobileRollNotice"
    },
    {
        "logtime": "2019/07/08 19:05:23",
        "logdata": ""
    },
    {
        "logtime": "2019/07/08 19:05:26",
        "logdata": "keys2"
    },
    {
        "logtime": "2019/07/08 19:05:26",
        "logdata": "string"
    },
    {
        "logtime": "2019/07/08 19:05:26",
        "logdata": "keys2"
    },
    {
        "logtime": "2019/07/08 19:05:26",
        "logdata": "string"
    },
    {
        "logtime": "2019/07/08 19:05:26",
        "logdata": "keys2"
    },
    {
        "logtime": "2019/07/08 19:05:26",
        "logdata": "double"
    },
    {
        "logtime": "2019/07/08 19:05:26",
        "logdata": "keys2"
    },
    {
        "logtime": "2019/07/08 19:05:26",
        "logdata": "string"
    },
    {
        "logtime": "2019/07/08 19:05:32",
        "logdata": "url"
    },
    {
        "logtime": "2019/07/08 19:05:32",
        "logdata": "http://www.fuannainc.top//WS/MobileInterface.ashx"
    },
    {
        "logtime": "2019/07/08 19:05:32",
        "logdata": "action=gettixianrecord&userid=119900&signature=454FEC1B5B70E61448749F8838DF9869&time=1562583932&number=20&page=1"
    },
    {
        "logtime": "2019/07/08 19:05:50",
        "logdata": "keys2"
    },
    {
        "logtime": "2019/07/08 19:05:50",
        "logdata": "byte"
    },
    {
        "logtime": "2019/07/08 19:05:50",
        "logdata": "keys2"
    },
    {
        "logtime": "2019/07/08 19:05:50",
        "logdata": "word"
    },
    {
        "logtime": "2019/07/08 19:05:50",
        "logdata": "keys2"
    },
    {
        "logtime": "2019/07/08 19:05:50",
        "logdata": "word"
    },
    {
        "logtime": "2019/07/08 19:05:50",
        "logdata": "keys2"
    },
    {
        "logtime": "2019/07/08 19:05:50",
        "logdata": "word"
    },
    {
        "logtime": "2019/07/08 19:05:50",
        "logdata": "keys2"
    },
    {
        "logtime": "2019/07/08 19:05:50",
        "logdata": "word"
    },
    {
        "logtime": "2019/07/08 19:05:50",
        "logdata": "keys2"
    },
    {
        "logtime": "2019/07/08 19:05:50",
        "logdata": "double"
    },
    {
        "logtime": "2019/07/08 19:05:50",
        "logdata": "keys2"
    },
    {
        "logtime": "2019/07/08 19:05:50",
        "logdata": "double"
    },
    {
        "logtime": "2019/07/08 19:05:50",
        "logdata": "keys2"
    },
    {
        "logtime": "2019/07/08 19:05:50",
        "logdata": "double"
    },
    {
        "logtime": "2019/07/08 19:05:51",
        "logdata": "keys2"
    },
    {
        "logtime": "2019/07/08 19:05:51",
        "logdata": "byte"
    },
    {
        "logtime": "2019/07/08 19:05:51",
        "logdata": "keys2"
    },
    {
        "logtime": "2019/07/08 19:05:51",
        "logdata": "word"
    },
    {
        "logtime": "2019/07/08 19:05:51",
        "logdata": "keys2"
    },
    {
        "logtime": "2019/07/08 19:05:51",
        "logdata": "word"
    },
    {
        "logtime": "2019/07/08 19:05:51",
        "logdata": "keys2"
    },
    {
        "logtime": "2019/07/08 19:05:51",
        "logdata": "word"
    },
    {
        "logtime": "2019/07/08 19:05:51",
        "logdata": "keys2"
    },
    {
        "logtime": "2019/07/08 19:05:51",
        "logdata": "word"
    },
    {
        "logtime": "2019/07/08 19:05:51",
        "logdata": "keys2"
    },
    {
        "logtime": "2019/07/08 19:05:51",
        "logdata": "double"
    },
    {
        "logtime": "2019/07/08 19:05:51",
        "logdata": "keys2"
    },
    {
        "logtime": "2019/07/08 19:05:51",
        "logdata": "double"
    },
    {
        "logtime": "2019/07/08 19:05:51",
        "logdata": "keys2"
    },
    {
        "logtime": "2019/07/08 19:05:51",
        "logdata": "double"
    }
]