[
    {
        "logtime": "2019/07/02 10:47:47",
        "logdata": "[string \".\\game/xiuxian/shuiguolaba/src/views/layer/Ga...\"]:945: attempt to index field '_nodeMenu' (a nil value)\nstack traceback:\n\t[string \".\\game/xiuxian/shuiguolaba/src/views/layer/Ga...\"]:174: in function <[string \".\\game/xiuxian/shuiguolaba/src/views/layer/Ga...\"]:167>"
    },
    {
        "logtime": "2019/07/02 10:47:53",
        "logdata": "LogonScene.onceExcute"
    },
    {
        "logtime": "2019/07/02 10:47:53",
        "logdata": "http://www.fuannainc.top/"
    },
    {
        "logtime": "2019/07/02 10:47:53",
        "logdata": "url"
    },
    {
        "logtime": "2019/07/02 10:47:53",
        "logdata": "http://www.fuannainc.top//ws/MobileInterface.ashx?action=GetMobileLoginNotice"
    },
    {
        "logtime": "2019/07/02 10:47:53",
        "logdata": ""
    },
    {
        "logtime": "2019/07/02 10:47:55",
        "logdata": "url"
    },
    {
        "logtime": "2019/07/02 10:47:55",
        "logdata": "http://apis.juhe.cn/ip/ip2addr?ip=58.23.48.188&key=74bb0395667b8d0588df9ebd6fc36a12"
    },
    {
        "logtime": "2019/07/02 10:47:55",
        "logdata": ""
    },
    {
        "logtime": "2019/07/02 10:47:55",
        "logdata": "onLogonCallBack"
    },
    {
        "logtime": "2019/07/02 10:47:55",
        "logdata": "http://www.fuannainc.top/"
    },
    {
        "logtime": "2019/07/02 10:47:55",
        "logdata": "url"
    },
    {
        "logtime": "2019/07/02 10:47:55",
        "logdata": "http://www.fuannainc.top//WS/MobileInterface.ashx"
    },
    {
        "logtime": "2019/07/02 10:47:55",
        "logdata": "action=GetMobileShareConfig&userid=119947&time=1562035675&signature=7450B4F37810D9A1D6C80AB7DD637104"
    },
    {
        "logtime": "2019/07/02 10:47:57",
        "logdata": "url"
    },
    {
        "logtime": "2019/07/02 10:47:57",
        "logdata": "http://www.fuannainc.top//WS/MobileInterface.ashx?action=GetMobileRollNotice"
    },
    {
        "logtime": "2019/07/02 10:47:57",
        "logdata": ""
    },
    {
        "logtime": "2019/07/02 10:47:59",
        "logdata": "url"
    },
    {
        "logtime": "2019/07/02 10:47:59",
        "logdata": "http://apis.juhe.cn/ip/ip2addr?ip=58.23.48.188&key=74bb0395667b8d0588df9ebd6fc36a12"
    },
    {
        "logtime": "2019/07/02 10:47:59",
        "logdata": ""
    },
    {
        "logtime": "2019/07/02 10:47:59",
        "logdata": {
            "_ServerResVersion": 10,
            "_Active": true,
            "_KindVersion": "101122049",
            "_KindType": 1,
            "_Module": "xiuxian/shuiguolaba/",
            "_KindID": "406",
            "_Type": "xiuxian",
            "_KindName": "xiuxian.shuiguolaba.",
            "nEnterRoomIndex": 1,
            "_SortId": 0
        }
    },
    {
        "logtime": "2019/07/02 10:47:59",
        "logdata": "modulestr"
    },
    {
        "logtime": "2019/07/02 10:47:59",
        "logdata": "xiuxian/shuiguolaba/"
    }
]