[
    {
        "logtime": "2019/07/03 09:55:57",
        "logdata": "LogonScene.onceExcute"
    },
    {
        "logtime": "2019/07/03 09:55:57",
        "logdata": "http://www.fuannainc.top/"
    },
    {
        "logtime": "2019/07/03 09:55:57",
        "logdata": "url"
    },
    {
        "logtime": "2019/07/03 09:55:57",
        "logdata": "http://www.fuannainc.top//ws/MobileInterface.ashx?action=GetMobileLoginNotice"
    },
    {
        "logtime": "2019/07/03 09:55:57",
        "logdata": ""
    },
    {
        "logtime": "2019/07/03 09:55:59",
        "logdata": "url"
    },
    {
        "logtime": "2019/07/03 09:55:59",
        "logdata": "http://apis.juhe.cn/ip/ip2addr?ip=58.23.48.188&key=74bb0395667b8d0588df9ebd6fc36a12"
    },
    {
        "logtime": "2019/07/03 09:55:59",
        "logdata": ""
    },
    {
        "logtime": "2019/07/03 09:55:59",
        "logdata": "onLogonCallBack"
    },
    {
        "logtime": "2019/07/03 09:55:59",
        "logdata": "http://www.fuannainc.top/"
    },
    {
        "logtime": "2019/07/03 09:55:59",
        "logdata": "url"
    },
    {
        "logtime": "2019/07/03 09:55:59",
        "logdata": "http://www.fuannainc.top//WS/MobileInterface.ashx"
    },
    {
        "logtime": "2019/07/03 09:55:59",
        "logdata": "action=GetMobileShareConfig&userid=120187&time=1562118959&signature=2CFF2757143DDEEC117D24278E4DB935"
    }
]