[
    {
        "logtime": "2019/08/08 16:34:08",
        "logdata": "LogonScene.onceExcute"
    },
    {
        "logtime": "2019/08/08 16:34:08",
        "logdata": "http://www.fuannabbs.top/"
    },
    {
        "logtime": "2019/08/08 16:34:08",
        "logdata": "url"
    },
    {
        "logtime": "2019/08/08 16:34:08",
        "logdata": "http://www.fuannabbs.top//ws/MobileInterface.ashx?action=GetMobileLoginNotice"
    },
    {
        "logtime": "2019/08/08 16:34:08",
        "logdata": ""
    },
    {
        "logtime": "2019/08/08 16:34:10",
        "logdata": "onLogonCallBack"
    },
    {
        "logtime": "2019/08/08 16:34:10",
        "logdata": "http://www.fuannabbs.top/"
    },
    {
        "logtime": "2019/08/08 16:34:10",
        "logdata": "url"
    },
    {
        "logtime": "2019/08/08 16:34:10",
        "logdata": "http://www.fuannabbs.top//WS/MobileInterface.ashx"
    },
    {
        "logtime": "2019/08/08 16:34:10",
        "logdata": "action=GetMobileShareConfig&userid=119796&time=1565253250&signature=C233B68D8E7AEA04DF78A075089593A1"
    },
    {
        "logtime": "2019/08/08 16:34:12",
        "logdata": "url"
    },
    {
        "logtime": "2019/08/08 16:34:12",
        "logdata": "http://www.fuannabbs.top//WS/MobileInterface.ashx?action=GetMobileRollNotice"
    },
    {
        "logtime": "2019/08/08 16:34:12",
        "logdata": ""
    },
    {
        "logtime": "2019/08/08 16:34:16",
        "logdata": "keys2"
    },
    {
        "logtime": "2019/08/08 16:34:16",
        "logdata": "byte"
    },
    {
        "logtime": "2019/08/08 16:34:16",
        "logdata": "keys2"
    },
    {
        "logtime": "2019/08/08 16:34:16",
        "logdata": "word"
    },
    {
        "logtime": "2019/08/08 16:34:16",
        "logdata": "keys2"
    },
    {
        "logtime": "2019/08/08 16:34:16",
        "logdata": "word"
    },
    {
        "logtime": "2019/08/08 16:34:16",
        "logdata": "keys2"
    },
    {
        "logtime": "2019/08/08 16:34:16",
        "logdata": "word"
    },
    {
        "logtime": "2019/08/08 16:34:16",
        "logdata": "keys2"
    },
    {
        "logtime": "2019/08/08 16:34:16",
        "logdata": "word"
    },
    {
        "logtime": "2019/08/08 16:34:16",
        "logdata": "keys2"
    },
    {
        "logtime": "2019/08/08 16:34:16",
        "logdata": "double"
    },
    {
        "logtime": "2019/08/08 16:34:16",
        "logdata": "keys2"
    },
    {
        "logtime": "2019/08/08 16:34:16",
        "logdata": "double"
    },
    {
        "logtime": "2019/08/08 16:34:16",
        "logdata": "keys2"
    },
    {
        "logtime": "2019/08/08 16:34:16",
        "logdata": "double"
    },
    {
        "logtime": "2019/08/08 16:34:16",
        "logdata": "keys2"
    },
    {
        "logtime": "2019/08/08 16:34:16",
        "logdata": "string"
    },
    {
        "logtime": "2019/08/08 16:34:16",
        "logdata": "keys2"
    },
    {
        "logtime": "2019/08/08 16:34:16",
        "logdata": "string"
    },
    {
        "logtime": "2019/08/08 16:34:16",
        "logdata": "keys2"
    },
    {
        "logtime": "2019/08/08 16:34:16",
        "logdata": "double"
    },
    {
        "logtime": "2019/08/08 16:34:16",
        "logdata": "keys2"
    },
    {
        "logtime": "2019/08/08 16:34:16",
        "logdata": "string"
    }
]