[
    {
        "logtime": "2019/05/16 10:17:21",
        "logdata": "LogonScene.onceExcute"
    },
    {
        "logtime": "2019/05/16 10:17:21",
        "logdata": "http://www.fuannainc.top/"
    },
    {
        "logtime": "2019/05/16 10:17:21",
        "logdata": "url"
    },
    {
        "logtime": "2019/05/16 10:17:21",
        "logdata": "http://www.fuannainc.top//ws/MobileInterface.ashx?action=GetMobileLoginNotice"
    },
    {
        "logtime": "2019/05/16 10:17:21",
        "logdata": ""
    },
    {
        "logtime": "2019/05/16 10:17:47",
        "logdata": "url"
    },
    {
        "logtime": "2019/05/16 10:17:47",
        "logdata": "http://apis.juhe.cn/ip/ip2addr?ip=183.53.107.65&key=74bb0395667b8d0588df9ebd6fc36a12"
    },
    {
        "logtime": "2019/05/16 10:17:47",
        "logdata": ""
    },
    {
        "logtime": "2019/05/16 10:17:47",
        "logdata": "onLogonCallBack"
    },
    {
        "logtime": "2019/05/16 10:17:47",
        "logdata": "http://www.fuannainc.top/"
    },
    {
        "logtime": "2019/05/16 10:17:47",
        "logdata": "url"
    },
    {
        "logtime": "2019/05/16 10:17:47",
        "logdata": "http://www.fuannainc.top//WS/MobileInterface.ashx"
    },
    {
        "logtime": "2019/05/16 10:17:47",
        "logdata": "action=GetMobileShareConfig&userid=119917&time=1557973067&signature=111FC35D06C67F2AC188B5999C8DE2F6"
    },
    {
        "logtime": "2019/05/16 10:17:51",
        "logdata": "url"
    },
    {
        "logtime": "2019/05/16 10:17:51",
        "logdata": "http://www.fuannainc.top//WS/MobileInterface.ashx?action=GetMobileRollNotice"
    },
    {
        "logtime": "2019/05/16 10:17:51",
        "logdata": ""
    }
]