[
    {
        "logtime": "2019/07/02 16:53:04",
        "logdata": "[string \".\\game/xiuxian/shuiguolaba/src/views/layer/Ga...\"]:963: error in function 'tolua_cocos2d_Scheduler_unscheduleScriptEntry'.\n     argument #2 is 'nil'; 'number' expected.\n\nstack traceback:\n\t[string \".\\game/xiuxian/shuiguolaba/src/views/layer/Ga...\"]:963: in function 'onButtonClickedEvent'\n\t[string \".\\game/xiuxian/shuiguolaba/src/views/layer/Ga...\"]:175: in function <[string \".\\game/xiuxian/shuiguolaba/src/views/layer/Ga...\"]:167>"
    },
    {
        "logtime": "2019/07/02 16:53:20",
        "logdata": "LogonScene.onceExcute"
    },
    {
        "logtime": "2019/07/02 16:53:20",
        "logdata": "http://www.fuannainc.top/"
    },
    {
        "logtime": "2019/07/02 16:53:20",
        "logdata": "url"
    },
    {
        "logtime": "2019/07/02 16:53:20",
        "logdata": "http://www.fuannainc.top//ws/MobileInterface.ashx?action=GetMobileLoginNotice"
    },
    {
        "logtime": "2019/07/02 16:53:20",
        "logdata": ""
    },
    {
        "logtime": "2019/07/02 16:53:22",
        "logdata": "url"
    },
    {
        "logtime": "2019/07/02 16:53:22",
        "logdata": "http://apis.juhe.cn/ip/ip2addr?ip=58.23.48.188&key=74bb0395667b8d0588df9ebd6fc36a12"
    },
    {
        "logtime": "2019/07/02 16:53:22",
        "logdata": ""
    },
    {
        "logtime": "2019/07/02 16:53:22",
        "logdata": "onLogonCallBack"
    },
    {
        "logtime": "2019/07/02 16:53:22",
        "logdata": "http://www.fuannainc.top/"
    },
    {
        "logtime": "2019/07/02 16:53:22",
        "logdata": "url"
    },
    {
        "logtime": "2019/07/02 16:53:22",
        "logdata": "http://www.fuannainc.top//WS/MobileInterface.ashx"
    },
    {
        "logtime": "2019/07/02 16:53:22",
        "logdata": "action=GetMobileShareConfig&userid=120187&time=1562057602&signature=87AD761D5C92ACD8006E90837040A9E0"
    },
    {
        "logtime": "2019/07/02 16:53:24",
        "logdata": "url"
    },
    {
        "logtime": "2019/07/02 16:53:24",
        "logdata": "http://www.fuannainc.top//WS/MobileInterface.ashx?action=GetMobileRollNotice"
    },
    {
        "logtime": "2019/07/02 16:53:24",
        "logdata": ""
    },
    {
        "logtime": "2019/07/02 16:53:28",
        "logdata": null
    },
    {
        "logtime": "2019/07/02 16:53:28",
        "logdata": "onEnterGame"
    },
    {
        "logtime": "2019/07/02 16:53:28",
        "logdata": {
            "_ServerResVersion": 10,
            "_Active": true,
            "_KindVersion": "101122049",
            "_KindType": 1,
            "_Module": "xiuxian/shuiguolaba/",
            "_KindID": "406",
            "_Type": "xiuxian",
            "_KindName": "xiuxian.shuiguolaba.",
            "_SortId": 0
        }
    },
    {
        "logtime": "2019/07/02 16:53:28",
        "logdata": "GlobalUserItem.getCurGameKind()"
    },
    {
        "logtime": "2019/07/02 16:53:28",
        "logdata": 406
    },
    {
        "logtime": "2019/07/02 16:53:29",
        "logdata": "url"
    },
    {
        "logtime": "2019/07/02 16:53:29",
        "logdata": "http://apis.juhe.cn/ip/ip2addr?ip=58.23.48.188&key=74bb0395667b8d0588df9ebd6fc36a12"
    },
    {
        "logtime": "2019/07/02 16:53:29",
        "logdata": ""
    },
    {
        "logtime": "2019/07/02 16:53:29",
        "logdata": "url"
    },
    {
        "logtime": "2019/07/02 16:53:29",
        "logdata": "http://apis.juhe.cn/ip/ip2addr?ip=58.23.48.188&key=74bb0395667b8d0588df9ebd6fc36a12"
    },
    {
        "logtime": "2019/07/02 16:53:29",
        "logdata": ""
    },
    {
        "logtime": "2019/07/02 16:53:29",
        "logdata": {
            "_ServerResVersion": 10,
            "_Active": true,
            "_KindVersion": "101122049",
            "_KindType": 1,
            "_Module": "xiuxian/shuiguolaba/",
            "_KindID": "406",
            "_Type": "xiuxian",
            "nSitChair": 65535,
            "_KindName": "xiuxian.shuiguolaba.",
            "nEnterRoomIndex": 1,
            "nSitTable": 65535,
            "_SortId": 0
        }
    },
    {
        "logtime": "2019/07/02 16:53:29",
        "logdata": "modulestr"
    },
    {
        "logtime": "2019/07/02 16:53:29",
        "logdata": "xiuxian/shuiguolaba/"
    },
    {
        "logtime": "2019/07/02 16:53:40",
        "logdata": "[string \".\\game/xiuxian/shuiguolaba/src/views/layer/Ga...\"]:963: error in function 'tolua_cocos2d_Scheduler_unscheduleScriptEntry'.\n     argument #2 is 'nil'; 'number' expected.\n\nstack traceback:\n\t[string \".\\game/xiuxian/shuiguolaba/src/views/layer/Ga...\"]:963: in function 'onButtonClickedEvent'\n\t[string \".\\game/xiuxian/shuiguolaba/src/views/layer/Ga...\"]:175: in function <[string \".\\game/xiuxian/shuiguolaba/src/views/layer/Ga...\"]:167>"
    },
    {
        "logtime": "2019/07/02 16:53:44",
        "logdata": "LogonScene.onceExcute"
    },
    {
        "logtime": "2019/07/02 16:53:44",
        "logdata": "http://www.fuannainc.top/"
    },
    {
        "logtime": "2019/07/02 16:53:44",
        "logdata": "url"
    },
    {
        "logtime": "2019/07/02 16:53:44",
        "logdata": "http://www.fuannainc.top//ws/MobileInterface.ashx?action=GetMobileLoginNotice"
    },
    {
        "logtime": "2019/07/02 16:53:44",
        "logdata": ""
    }
]