[
    {
        "logtime": "2019/07/02 17:40:28",
        "logdata": [
            {
                "main": 3,
                "kindid": 406,
                "len": 4,
                "sub": 11
            },
            {
                "main": 100,
                "kindid": 406,
                "len": 0,
                "sub": 2
            },
            {
                "main": 100,
                "kindid": 406,
                "len": 9,
                "sub": 1
            },
            {
                "main": 100,
                "kindid": 406,
                "len": 0,
                "sub": 2
            },
            {
                "main": 200,
                "kindid": 406,
                "len": 16,
                "sub": 6
            }
        ]
    },
    {
        "logtime": "2019/07/02 17:40:32",
        "logdata": "LogonScene.onceExcute"
    },
    {
        "logtime": "2019/07/02 17:40:32",
        "logdata": "http://www.fuannainc.top/"
    },
    {
        "logtime": "2019/07/02 17:40:32",
        "logdata": "url"
    },
    {
        "logtime": "2019/07/02 17:40:32",
        "logdata": "http://www.fuannainc.top//ws/MobileInterface.ashx?action=GetMobileLoginNotice"
    },
    {
        "logtime": "2019/07/02 17:40:32",
        "logdata": ""
    },
    {
        "logtime": "2019/07/02 17:40:34",
        "logdata": "url"
    },
    {
        "logtime": "2019/07/02 17:40:34",
        "logdata": "http://apis.juhe.cn/ip/ip2addr?ip=58.23.48.188&key=74bb0395667b8d0588df9ebd6fc36a12"
    },
    {
        "logtime": "2019/07/02 17:40:34",
        "logdata": ""
    },
    {
        "logtime": "2019/07/02 17:40:34",
        "logdata": "onLogonCallBack"
    },
    {
        "logtime": "2019/07/02 17:40:34",
        "logdata": "http://www.fuannainc.top/"
    },
    {
        "logtime": "2019/07/02 17:40:34",
        "logdata": "url"
    },
    {
        "logtime": "2019/07/02 17:40:34",
        "logdata": "http://www.fuannainc.top//WS/MobileInterface.ashx"
    },
    {
        "logtime": "2019/07/02 17:40:34",
        "logdata": "action=GetMobileShareConfig&userid=120187&time=1562060434&signature=CBD92F17F412E37FA5C16BF421BDEE29"
    },
    {
        "logtime": "2019/07/02 17:40:36",
        "logdata": "url"
    },
    {
        "logtime": "2019/07/02 17:40:36",
        "logdata": "http://www.fuannainc.top//WS/MobileInterface.ashx?action=GetMobileRollNotice"
    },
    {
        "logtime": "2019/07/02 17:40:36",
        "logdata": ""
    },
    {
        "logtime": "2019/07/02 17:40:38",
        "logdata": "url"
    },
    {
        "logtime": "2019/07/02 17:40:38",
        "logdata": "http://apis.juhe.cn/ip/ip2addr?ip=58.23.48.188&key=74bb0395667b8d0588df9ebd6fc36a12"
    },
    {
        "logtime": "2019/07/02 17:40:38",
        "logdata": ""
    },
    {
        "logtime": "2019/07/02 17:40:38",
        "logdata": "url"
    },
    {
        "logtime": "2019/07/02 17:40:38",
        "logdata": "http://apis.juhe.cn/ip/ip2addr?ip=58.23.48.188&key=74bb0395667b8d0588df9ebd6fc36a12"
    },
    {
        "logtime": "2019/07/02 17:40:38",
        "logdata": ""
    },
    {
        "logtime": "2019/07/02 17:40:38",
        "logdata": {
            "_ServerResVersion": 10,
            "_Active": true,
            "_KindVersion": "101122049",
            "_KindType": 1,
            "_Module": "xiuxian/shuiguolaba/",
            "_KindID": "406",
            "_Type": "xiuxian",
            "_KindName": "xiuxian.shuiguolaba.",
            "nEnterRoomIndex": 1,
            "_SortId": 0
        }
    },
    {
        "logtime": "2019/07/02 17:40:38",
        "logdata": "modulestr"
    },
    {
        "logtime": "2019/07/02 17:40:38",
        "logdata": "xiuxian/shuiguolaba/"
    },
    {
        "logtime": "2019/07/02 17:40:42",
        "logdata": null
    },
    {
        "logtime": "2019/07/02 17:40:42",
        "logdata": "onEnterGame"
    },
    {
        "logtime": "2019/07/02 17:40:42",
        "logdata": {
            "_ServerResVersion": 10,
            "_Active": true,
            "_KindVersion": "101122049",
            "_KindType": 1,
            "_Module": "xiuxian/shuiguolaba/",
            "_KindID": "406",
            "_Type": "xiuxian",
            "_KindName": "xiuxian.shuiguolaba.",
            "nEnterRoomIndex": 1,
            "_SortId": 0
        }
    },
    {
        "logtime": "2019/07/02 17:40:43",
        "logdata": "GlobalUserItem.getCurGameKind()"
    },
    {
        "logtime": "2019/07/02 17:40:43",
        "logdata": 406
    },
    {
        "logtime": "2019/07/02 17:40:44",
        "logdata": "url"
    },
    {
        "logtime": "2019/07/02 17:40:44",
        "logdata": "http://apis.juhe.cn/ip/ip2addr?ip=58.23.48.188&key=74bb0395667b8d0588df9ebd6fc36a12"
    },
    {
        "logtime": "2019/07/02 17:40:44",
        "logdata": ""
    },
    {
        "logtime": "2019/07/02 17:40:44",
        "logdata": "url"
    },
    {
        "logtime": "2019/07/02 17:40:44",
        "logdata": "http://apis.juhe.cn/ip/ip2addr?ip=58.23.48.188&key=74bb0395667b8d0588df9ebd6fc36a12"
    },
    {
        "logtime": "2019/07/02 17:40:44",
        "logdata": ""
    },
    {
        "logtime": "2019/07/02 17:40:44",
        "logdata": {
            "_ServerResVersion": 10,
            "_Active": true,
            "_KindVersion": "101122049",
            "_KindType": 1,
            "_Module": "xiuxian/shuiguolaba/",
            "_KindID": "406",
            "_Type": "xiuxian",
            "nSitChair": 65535,
            "_KindName": "xiuxian.shuiguolaba.",
            "nEnterRoomIndex": 1,
            "nSitTable": 65535,
            "_SortId": 0
        }
    },
    {
        "logtime": "2019/07/02 17:40:44",
        "logdata": "modulestr"
    },
    {
        "logtime": "2019/07/02 17:40:44",
        "logdata": "xiuxian/shuiguolaba/"
    }
]