[
    {
        "logtime": "2019/07/09 15:22:16",
        "logdata": "keys2"
    },
    {
        "logtime": "2019/07/09 15:22:16",
        "logdata": "byte"
    },
    {
        "logtime": "2019/07/09 15:22:16",
        "logdata": "keys2"
    },
    {
        "logtime": "2019/07/09 15:22:16",
        "logdata": "word"
    },
    {
        "logtime": "2019/07/09 15:22:16",
        "logdata": "keys2"
    },
    {
        "logtime": "2019/07/09 15:22:16",
        "logdata": "word"
    },
    {
        "logtime": "2019/07/09 15:22:16",
        "logdata": "keys2"
    },
    {
        "logtime": "2019/07/09 15:22:16",
        "logdata": "word"
    },
    {
        "logtime": "2019/07/09 15:22:16",
        "logdata": "keys2"
    },
    {
        "logtime": "2019/07/09 15:22:16",
        "logdata": "word"
    },
    {
        "logtime": "2019/07/09 15:22:16",
        "logdata": "keys2"
    },
    {
        "logtime": "2019/07/09 15:22:16",
        "logdata": "double"
    },
    {
        "logtime": "2019/07/09 15:22:16",
        "logdata": "keys2"
    },
    {
        "logtime": "2019/07/09 15:22:16",
        "logdata": "double"
    },
    {
        "logtime": "2019/07/09 15:22:16",
        "logdata": "keys2"
    },
    {
        "logtime": "2019/07/09 15:22:16",
        "logdata": "double"
    }
]