[
    {
        "logtime": "2019/07/20 09:35:07",
        "logdata": "LogonScene.onceExcute"
    },
    {
        "logtime": "2019/07/20 09:35:07",
        "logdata": "http://www.fuannabbs.top/"
    },
    {
        "logtime": "2019/07/20 09:35:07",
        "logdata": "url"
    },
    {
        "logtime": "2019/07/20 09:35:07",
        "logdata": "http://www.fuannabbs.top//ws/MobileInterface.ashx?action=GetMobileLoginNotice"
    },
    {
        "logtime": "2019/07/20 09:35:07",
        "logdata": ""
    },
    {
        "logtime": "2019/07/20 09:35:09",
        "logdata": "LogonScene.onceExcute"
    },
    {
        "logtime": "2019/07/20 09:35:09",
        "logdata": "http://www.fuannabbs.top/"
    },
    {
        "logtime": "2019/07/20 09:35:09",
        "logdata": "url"
    },
    {
        "logtime": "2019/07/20 09:35:09",
        "logdata": "http://www.fuannabbs.top//ws/MobileInterface.ashx?action=GetMobileLoginNotice"
    },
    {
        "logtime": "2019/07/20 09:35:09",
        "logdata": ""
    },
    {
        "logtime": "2019/07/20 09:35:09",
        "logdata": "onLogonCallBack"
    },
    {
        "logtime": "2019/07/20 09:35:09",
        "logdata": "http://www.fuannabbs.top/"
    },
    {
        "logtime": "2019/07/20 09:35:09",
        "logdata": "url"
    },
    {
        "logtime": "2019/07/20 09:35:09",
        "logdata": "http://www.fuannabbs.top//WS/MobileInterface.ashx"
    },
    {
        "logtime": "2019/07/20 09:35:09",
        "logdata": "action=GetMobileShareConfig&userid=119947&time=1563586509&signature=B0326DACBA80C365BB61D83F1E4EBD9F"
    },
    {
        "logtime": "2019/07/20 09:35:11",
        "logdata": "url"
    },
    {
        "logtime": "2019/07/20 09:35:11",
        "logdata": "http://www.fuannabbs.top//WS/MobileInterface.ashx?action=GetMobileRollNotice"
    },
    {
        "logtime": "2019/07/20 09:35:11",
        "logdata": ""
    },
    {
        "logtime": "2019/07/20 09:35:15",
        "logdata": "onLogonCallBack"
    },
    {
        "logtime": "2019/07/20 09:35:15",
        "logdata": "http://www.fuannabbs.top/"
    },
    {
        "logtime": "2019/07/20 09:35:15",
        "logdata": "url"
    },
    {
        "logtime": "2019/07/20 09:35:15",
        "logdata": "http://www.fuannabbs.top//WS/MobileInterface.ashx"
    },
    {
        "logtime": "2019/07/20 09:35:15",
        "logdata": "action=GetMobileShareConfig&userid=119837&time=1563586515&signature=049D671F7B91B28B928F109FBE3E4FBF"
    },
    {
        "logtime": "2019/07/20 09:35:17",
        "logdata": "url"
    },
    {
        "logtime": "2019/07/20 09:35:17",
        "logdata": "http://www.fuannabbs.top//WS/MobileInterface.ashx?action=GetMobileRollNotice"
    },
    {
        "logtime": "2019/07/20 09:35:17",
        "logdata": ""
    },
    {
        "logtime": "2019/07/20 09:35:21",
        "logdata": null
    },
    {
        "logtime": "2019/07/20 09:35:21",
        "logdata": "onEnterGame"
    },
    {
        "logtime": "2019/07/20 09:35:21",
        "logdata": {
            "_ServerResVersion": 3,
            "_Active": true,
            "_KindVersion": "101122049",
            "_KindType": 2,
            "_Module": "yule/sparrowxz/",
            "_KindID": "302",
            "_Type": "yule",
            "_KindName": "yule.sparrowxz.",
            "_SortId": 1
        }
    },
    {
        "logtime": "2019/07/20 09:35:22",
        "logdata": "GlobalUserItem.getCurGameKind()"
    },
    {
        "logtime": "2019/07/20 09:35:22",
        "logdata": 302
    },
    {
        "logtime": "2019/07/20 09:35:24",
        "logdata": {
            "_ServerResVersion": 3,
            "_Active": true,
            "_KindVersion": "101122049",
            "_KindType": 2,
            "_Module": "yule/sparrowxz/",
            "_KindID": "302",
            "_Type": "yule",
            "nSitChair": 65535,
            "_KindName": "yule.sparrowxz.",
            "nEnterRoomIndex": 1,
            "nSitTable": 65535,
            "_SortId": 1
        }
    },
    {
        "logtime": "2019/07/20 09:35:24",
        "logdata": "modulestr"
    },
    {
        "logtime": "2019/07/20 09:35:24",
        "logdata": "yule/sparrowxz/"
    },
    {
        "logtime": "2019/07/20 09:35:24",
        "logdata": "keys2"
    },
    {
        "logtime": "2019/07/20 09:35:24",
        "logdata": "dword"
    },
    {
        "logtime": "2019/07/20 09:35:24",
        "logdata": "keys2"
    },
    {
        "logtime": "2019/07/20 09:35:24",
        "logdata": "dword"
    },
    {
        "logtime": "2019/07/20 09:35:24",
        "logdata": "keys2"
    },
    {
        "logtime": "2019/07/20 09:35:24",
        "logdata": "dword"
    },
    {
        "logtime": "2019/07/20 09:35:24",
        "logdata": "keys2"
    },
    {
        "logtime": "2019/07/20 09:35:24",
        "logdata": "dword"
    },
    {
        "logtime": "2019/07/20 09:35:24",
        "logdata": "keys2"
    },
    {
        "logtime": "2019/07/20 09:35:24",
        "logdata": "dword"
    },
    {
        "logtime": "2019/07/20 09:35:24",
        "logdata": "keys2"
    },
    {
        "logtime": "2019/07/20 09:35:24",
        "logdata": "score"
    },
    {
        "logtime": "2019/07/20 09:35:24",
        "logdata": "keys2"
    },
    {
        "logtime": "2019/07/20 09:35:24",
        "logdata": "score"
    },
    {
        "logtime": "2019/07/20 09:35:24",
        "logdata": "keys2"
    },
    {
        "logtime": "2019/07/20 09:35:24",
        "logdata": "string"
    },
    {
        "logtime": "2019/07/20 09:35:24",
        "logdata": "keys2"
    },
    {
        "logtime": "2019/07/20 09:35:24",
        "logdata": "byte"
    },
    {
        "logtime": "2019/07/20 09:35:24",
        "logdata": "keys2"
    },
    {
        "logtime": "2019/07/20 09:35:24",
        "logdata": "byte"
    },
    {
        "logtime": "2019/07/20 09:35:25",
        "logdata": "keys2"
    },
    {
        "logtime": "2019/07/20 09:35:25",
        "logdata": "score"
    },
    {
        "logtime": "2019/07/20 09:35:25",
        "logdata": "keys2"
    },
    {
        "logtime": "2019/07/20 09:35:25",
        "logdata": "word"
    },
    {
        "logtime": "2019/07/20 09:35:25",
        "logdata": "keys2"
    },
    {
        "logtime": "2019/07/20 09:35:25",
        "logdata": "bool"
    },
    {
        "logtime": "2019/07/20 09:35:25",
        "logdata": "keys2"
    },
    {
        "logtime": "2019/07/20 09:35:25",
        "logdata": "bool"
    },
    {
        "logtime": "2019/07/20 09:35:25",
        "logdata": "keys2"
    },
    {
        "logtime": "2019/07/20 09:35:25",
        "logdata": "score"
    },
    {
        "logtime": "2019/07/20 09:35:25",
        "logdata": "keys2"
    },
    {
        "logtime": "2019/07/20 09:35:25",
        "logdata": "score"
    },
    {
        "logtime": "2019/07/20 09:35:25",
        "logdata": "keys2"
    },
    {
        "logtime": "2019/07/20 09:35:25",
        "logdata": "byte"
    },
    {
        "logtime": "2019/07/20 09:35:25",
        "logdata": "keys2"
    },
    {
        "logtime": "2019/07/20 09:35:25",
        "logdata": "byte"
    },
    {
        "logtime": "2019/07/20 09:35:25",
        "logdata": "keys2"
    },
    {
        "logtime": "2019/07/20 09:35:25",
        "logdata": "byte"
    },
    {
        "logtime": "2019/07/20 09:35:25",
        "logdata": "keys2"
    },
    {
        "logtime": "2019/07/20 09:35:25",
        "logdata": "byte"
    },
    {
        "logtime": "2019/07/20 09:35:25",
        "logdata": "keys2"
    },
    {
        "logtime": "2019/07/20 09:35:25",
        "logdata": "bool"
    },
    {
        "logtime": "2019/07/20 09:35:25",
        "logdata": "keys2"
    },
    {
        "logtime": "2019/07/20 09:35:25",
        "logdata": "bool"
    },
    {
        "logtime": "2019/07/20 09:35:28",
        "logdata": null
    },
    {
        "logtime": "2019/07/20 09:35:28",
        "logdata": "onEnterGame"
    },
    {
        "logtime": "2019/07/20 09:35:28",
        "logdata": {
            "_ServerResVersion": 3,
            "_Active": true,
            "_KindVersion": "101122049",
            "_KindType": 2,
            "_Module": "yule/sparrowxz/",
            "_KindID": "302",
            "_Type": "yule",
            "_KindName": "yule.sparrowxz.",
            "_SortId": 1
        }
    },
    {
        "logtime": "2019/07/20 09:35:28",
        "logdata": "GlobalUserItem.getCurGameKind()"
    },
    {
        "logtime": "2019/07/20 09:35:28",
        "logdata": 302
    },
    {
        "logtime": "2019/07/20 09:35:29",
        "logdata": "keys2"
    },
    {
        "logtime": "2019/07/20 09:35:29",
        "logdata": "int"
    },
    {
        "logtime": "2019/07/20 09:35:29",
        "logdata": "keys2"
    },
    {
        "logtime": "2019/07/20 09:35:29",
        "logdata": "string"
    },
    {
        "logtime": "2019/07/20 09:35:36",
        "logdata": {
            "_ServerResVersion": 3,
            "_Active": true,
            "_KindVersion": "101122049",
            "_KindType": 2,
            "_Module": "yule/sparrowxz/",
            "_KindID": "302",
            "_Type": "yule",
            "nSitChair": 65535,
            "_KindName": "yule.sparrowxz.",
            "nEnterRoomIndex": 1,
            "nSitTable": 65535,
            "_SortId": 1
        }
    },
    {
        "logtime": "2019/07/20 09:35:36",
        "logdata": "modulestr"
    },
    {
        "logtime": "2019/07/20 09:35:36",
        "logdata": "yule/sparrowxz/"
    },
    {
        "logtime": "2019/07/20 09:35:36",
        "logdata": "keys2"
    },
    {
        "logtime": "2019/07/20 09:35:36",
        "logdata": "dword"
    },
    {
        "logtime": "2019/07/20 09:35:36",
        "logdata": "keys2"
    },
    {
        "logtime": "2019/07/20 09:35:36",
        "logdata": "dword"
    },
    {
        "logtime": "2019/07/20 09:35:36",
        "logdata": "keys2"
    },
    {
        "logtime": "2019/07/20 09:35:36",
        "logdata": "dword"
    },
    {
        "logtime": "2019/07/20 09:35:36",
        "logdata": "keys2"
    },
    {
        "logtime": "2019/07/20 09:35:36",
        "logdata": "dword"
    },
    {
        "logtime": "2019/07/20 09:35:36",
        "logdata": "keys2"
    },
    {
        "logtime": "2019/07/20 09:35:36",
        "logdata": "dword"
    },
    {
        "logtime": "2019/07/20 09:35:36",
        "logdata": "keys2"
    },
    {
        "logtime": "2019/07/20 09:35:36",
        "logdata": "score"
    },
    {
        "logtime": "2019/07/20 09:35:36",
        "logdata": "keys2"
    },
    {
        "logtime": "2019/07/20 09:35:36",
        "logdata": "score"
    },
    {
        "logtime": "2019/07/20 09:35:36",
        "logdata": "keys2"
    },
    {
        "logtime": "2019/07/20 09:35:36",
        "logdata": "string"
    },
    {
        "logtime": "2019/07/20 09:35:37",
        "logdata": "keys2"
    },
    {
        "logtime": "2019/07/20 09:35:37",
        "logdata": "byte"
    },
    {
        "logtime": "2019/07/20 09:35:37",
        "logdata": "keys2"
    },
    {
        "logtime": "2019/07/20 09:35:37",
        "logdata": "byte"
    },
    {
        "logtime": "2019/07/20 09:35:37",
        "logdata": "keys2"
    },
    {
        "logtime": "2019/07/20 09:35:37",
        "logdata": "score"
    },
    {
        "logtime": "2019/07/20 09:35:37",
        "logdata": "keys2"
    },
    {
        "logtime": "2019/07/20 09:35:37",
        "logdata": "word"
    },
    {
        "logtime": "2019/07/20 09:35:37",
        "logdata": "keys2"
    },
    {
        "logtime": "2019/07/20 09:35:37",
        "logdata": "bool"
    },
    {
        "logtime": "2019/07/20 09:35:37",
        "logdata": "keys2"
    },
    {
        "logtime": "2019/07/20 09:35:37",
        "logdata": "bool"
    },
    {
        "logtime": "2019/07/20 09:35:37",
        "logdata": "keys2"
    },
    {
        "logtime": "2019/07/20 09:35:37",
        "logdata": "score"
    },
    {
        "logtime": "2019/07/20 09:35:37",
        "logdata": "keys2"
    },
    {
        "logtime": "2019/07/20 09:35:37",
        "logdata": "score"
    },
    {
        "logtime": "2019/07/20 09:35:37",
        "logdata": "keys2"
    },
    {
        "logtime": "2019/07/20 09:35:37",
        "logdata": "byte"
    },
    {
        "logtime": "2019/07/20 09:35:37",
        "logdata": "keys2"
    },
    {
        "logtime": "2019/07/20 09:35:37",
        "logdata": "byte"
    },
    {
        "logtime": "2019/07/20 09:35:37",
        "logdata": "keys2"
    },
    {
        "logtime": "2019/07/20 09:35:37",
        "logdata": "byte"
    },
    {
        "logtime": "2019/07/20 09:35:37",
        "logdata": "keys2"
    },
    {
        "logtime": "2019/07/20 09:35:37",
        "logdata": "byte"
    },
    {
        "logtime": "2019/07/20 09:35:37",
        "logdata": "keys2"
    },
    {
        "logtime": "2019/07/20 09:35:37",
        "logdata": "bool"
    },
    {
        "logtime": "2019/07/20 09:35:37",
        "logdata": "keys2"
    },
    {
        "logtime": "2019/07/20 09:35:37",
        "logdata": "bool"
    },
    {
        "logtime": "2019/07/20 09:35:43",
        "logdata": "LogonScene.onceExcute"
    },
    {
        "logtime": "2019/07/20 09:35:43",
        "logdata": "http://www.fuannabbs.top/"
    },
    {
        "logtime": "2019/07/20 09:35:43",
        "logdata": "url"
    },
    {
        "logtime": "2019/07/20 09:35:43",
        "logdata": "http://www.fuannabbs.top//ws/MobileInterface.ashx?action=GetMobileLoginNotice"
    },
    {
        "logtime": "2019/07/20 09:35:43",
        "logdata": ""
    },
    {
        "logtime": "2019/07/20 09:35:45",
        "logdata": "onLogonCallBack"
    },
    {
        "logtime": "2019/07/20 09:35:45",
        "logdata": "http://www.fuannabbs.top/"
    },
    {
        "logtime": "2019/07/20 09:35:45",
        "logdata": "url"
    },
    {
        "logtime": "2019/07/20 09:35:45",
        "logdata": "http://www.fuannabbs.top//WS/MobileInterface.ashx"
    },
    {
        "logtime": "2019/07/20 09:35:45",
        "logdata": "action=GetMobileShareConfig&userid=119938&time=1563586545&signature=5CE142CE55273149A3805C883E13F123"
    },
    {
        "logtime": "2019/07/20 09:35:47",
        "logdata": "url"
    },
    {
        "logtime": "2019/07/20 09:35:47",
        "logdata": "http://www.fuannabbs.top//WS/MobileInterface.ashx?action=GetMobileRollNotice"
    },
    {
        "logtime": "2019/07/20 09:35:47",
        "logdata": ""
    },
    {
        "logtime": "2019/07/20 09:35:51",
        "logdata": null
    },
    {
        "logtime": "2019/07/20 09:35:51",
        "logdata": "onEnterGame"
    },
    {
        "logtime": "2019/07/20 09:35:51",
        "logdata": {
            "_ServerResVersion": 3,
            "_Active": true,
            "_KindVersion": "101122049",
            "_KindType": 2,
            "_Module": "yule/sparrowxz/",
            "_KindID": "302",
            "_Type": "yule",
            "_KindName": "yule.sparrowxz.",
            "_SortId": 1
        }
    },
    {
        "logtime": "2019/07/20 09:35:51",
        "logdata": "GlobalUserItem.getCurGameKind()"
    },
    {
        "logtime": "2019/07/20 09:35:51",
        "logdata": 302
    },
    {
        "logtime": "2019/07/20 09:35:52",
        "logdata": {
            "_ServerResVersion": 3,
            "_Active": true,
            "_KindVersion": "101122049",
            "_KindType": 2,
            "_Module": "yule/sparrowxz/",
            "_KindID": "302",
            "_Type": "yule",
            "_KindName": "yule.sparrowxz.",
            "nEnterRoomIndex": 1,
            "_SortId": 1
        }
    },
    {
        "logtime": "2019/07/20 09:35:52",
        "logdata": "modulestr"
    },
    {
        "logtime": "2019/07/20 09:35:52",
        "logdata": "yule/sparrowxz/"
    },
    {
        "logtime": "2019/07/20 09:35:52",
        "logdata": "keys2"
    },
    {
        "logtime": "2019/07/20 09:35:52",
        "logdata": "dword"
    },
    {
        "logtime": "2019/07/20 09:35:52",
        "logdata": "keys2"
    },
    {
        "logtime": "2019/07/20 09:35:52",
        "logdata": "dword"
    },
    {
        "logtime": "2019/07/20 09:35:52",
        "logdata": "keys2"
    },
    {
        "logtime": "2019/07/20 09:35:52",
        "logdata": "dword"
    },
    {
        "logtime": "2019/07/20 09:35:52",
        "logdata": "keys2"
    },
    {
        "logtime": "2019/07/20 09:35:52",
        "logdata": "dword"
    },
    {
        "logtime": "2019/07/20 09:35:52",
        "logdata": "keys2"
    },
    {
        "logtime": "2019/07/20 09:35:52",
        "logdata": "dword"
    },
    {
        "logtime": "2019/07/20 09:35:52",
        "logdata": "keys2"
    },
    {
        "logtime": "2019/07/20 09:35:52",
        "logdata": "score"
    },
    {
        "logtime": "2019/07/20 09:35:52",
        "logdata": "keys2"
    },
    {
        "logtime": "2019/07/20 09:35:52",
        "logdata": "score"
    },
    {
        "logtime": "2019/07/20 09:35:52",
        "logdata": "keys2"
    },
    {
        "logtime": "2019/07/20 09:35:52",
        "logdata": "string"
    },
    {
        "logtime": "2019/07/20 09:35:52",
        "logdata": "keys2"
    },
    {
        "logtime": "2019/07/20 09:35:52",
        "logdata": "byte"
    },
    {
        "logtime": "2019/07/20 09:35:52",
        "logdata": "keys2"
    },
    {
        "logtime": "2019/07/20 09:35:52",
        "logdata": "byte"
    },
    {
        "logtime": "2019/07/20 09:35:52",
        "logdata": "keys2"
    },
    {
        "logtime": "2019/07/20 09:35:52",
        "logdata": "score"
    },
    {
        "logtime": "2019/07/20 09:35:52",
        "logdata": "keys2"
    },
    {
        "logtime": "2019/07/20 09:35:52",
        "logdata": "word"
    },
    {
        "logtime": "2019/07/20 09:35:52",
        "logdata": "keys2"
    },
    {
        "logtime": "2019/07/20 09:35:52",
        "logdata": "word"
    },
    {
        "logtime": "2019/07/20 09:35:52",
        "logdata": "keys2"
    },
    {
        "logtime": "2019/07/20 09:35:52",
        "logdata": "byte"
    },
    {
        "logtime": "2019/07/20 09:35:52",
        "logdata": "keys2"
    },
    {
        "logtime": "2019/07/20 09:35:52",
        "logdata": "byte"
    },
    {
        "logtime": "2019/07/20 09:35:52",
        "logdata": "keys2"
    },
    {
        "logtime": "2019/07/20 09:35:52",
        "logdata": "byte"
    },
    {
        "logtime": "2019/07/20 09:35:52",
        "logdata": "keys2"
    },
    {
        "logtime": "2019/07/20 09:35:52",
        "logdata": "bool"
    },
    {
        "logtime": "2019/07/20 09:35:52",
        "logdata": "keys2"
    },
    {
        "logtime": "2019/07/20 09:35:52",
        "logdata": "word"
    },
    {
        "logtime": "2019/07/20 09:35:52",
        "logdata": "keys2"
    },
    {
        "logtime": "2019/07/20 09:35:52",
        "logdata": "byte"
    },
    {
        "logtime": "2019/07/20 09:35:52",
        "logdata": "keys2"
    },
    {
        "logtime": "2019/07/20 09:35:52",
        "logdata": "word"
    },
    {
        "logtime": "2019/07/20 09:35:52",
        "logdata": "keys2"
    },
    {
        "logtime": "2019/07/20 09:35:52",
        "logdata": "byte"
    },
    {
        "logtime": "2019/07/20 09:35:52",
        "logdata": "keys2"
    },
    {
        "logtime": "2019/07/20 09:35:52",
        "logdata": "byte"
    },
    {
        "logtime": "2019/07/20 09:35:52",
        "logdata": "keys2"
    },
    {
        "logtime": "2019/07/20 09:35:52",
        "logdata": "byte"
    },
    {
        "logtime": "2019/07/20 09:35:52",
        "logdata": "keys2"
    },
    {
        "logtime": "2019/07/20 09:35:52",
        "logdata": "byte"
    },
    {
        "logtime": "2019/07/20 09:35:52",
        "logdata": "keys2"
    },
    {
        "logtime": "2019/07/20 09:35:52",
        "logdata": "byte"
    },
    {
        "logtime": "2019/07/20 09:35:52",
        "logdata": "keys2"
    },
    {
        "logtime": "2019/07/20 09:35:52",
        "logdata": "byte"
    },
    {
        "logtime": "2019/07/20 09:35:52",
        "logdata": "keys2"
    },
    {
        "logtime": "2019/07/20 09:35:52",
        "logdata": "byte"
    },
    {
        "logtime": "2019/07/20 09:35:52",
        "logdata": "keys2"
    },
    {
        "logtime": "2019/07/20 09:35:52",
        "logdata": "table"
    },
    {
        "logtime": "2019/07/20 09:35:52",
        "logdata": "keys2"
    },
    {
        "logtime": "2019/07/20 09:35:52",
        "logdata": "byte"
    },
    {
        "logtime": "2019/07/20 09:35:52",
        "logdata": "keys2"
    },
    {
        "logtime": "2019/07/20 09:35:52",
        "logdata": "byte"
    },
    {
        "logtime": "2019/07/20 09:35:52",
        "logdata": "keys2"
    },
    {
        "logtime": "2019/07/20 09:35:52",
        "logdata": "byte"
    },
    {
        "logtime": "2019/07/20 09:35:52",
        "logdata": "keys2"
    },
    {
        "logtime": "2019/07/20 09:35:52",
        "logdata": "word"
    },
    {
        "logtime": "2019/07/20 09:35:52",
        "logdata": "keys2"
    },
    {
        "logtime": "2019/07/20 09:35:52",
        "logdata": "byte"
    },
    {
        "logtime": "2019/07/20 09:35:52",
        "logdata": "keys2"
    },
    {
        "logtime": "2019/07/20 09:35:52",
        "logdata": "byte"
    },
    {
        "logtime": "2019/07/20 09:35:52",
        "logdata": "keys2"
    },
    {
        "logtime": "2019/07/20 09:35:52",
        "logdata": "byte"
    },
    {
        "logtime": "2019/07/20 09:35:52",
        "logdata": "keys2"
    },
    {
        "logtime": "2019/07/20 09:35:52",
        "logdata": "word"
    },
    {
        "logtime": "2019/07/20 09:35:52",
        "logdata": "keys2"
    },
    {
        "logtime": "2019/07/20 09:35:52",
        "logdata": "byte"
    },
    {
        "logtime": "2019/07/20 09:35:52",
        "logdata": "keys2"
    },
    {
        "logtime": "2019/07/20 09:35:52",
        "logdata": "byte"
    },
    {
        "logtime": "2019/07/20 09:35:52",
        "logdata": "keys2"
    },
    {
        "logtime": "2019/07/20 09:35:52",
        "logdata": "byte"
    },
    {
        "logtime": "2019/07/20 09:35:52",
        "logdata": "keys2"
    },
    {
        "logtime": "2019/07/20 09:35:52",
        "logdata": "word"
    },
    {
        "logtime": "2019/07/20 09:35:52",
        "logdata": "keys2"
    },
    {
        "logtime": "2019/07/20 09:35:52",
        "logdata": "byte"
    },
    {
        "logtime": "2019/07/20 09:35:52",
        "logdata": "keys2"
    },
    {
        "logtime": "2019/07/20 09:35:52",
        "logdata": "byte"
    },
    {
        "logtime": "2019/07/20 09:35:53",
        "logdata": "keys2"
    },
    {
        "logtime": "2019/07/20 09:35:53",
        "logdata": "byte"
    },
    {
        "logtime": "2019/07/20 09:35:53",
        "logdata": "keys2"
    },
    {
        "logtime": "2019/07/20 09:35:53",
        "logdata": "word"
    },
    {
        "logtime": "2019/07/20 09:35:53",
        "logdata": "keys2"
    },
    {
        "logtime": "2019/07/20 09:35:53",
        "logdata": "byte"
    },
    {
        "logtime": "2019/07/20 09:35:53",
        "logdata": "keys2"
    },
    {
        "logtime": "2019/07/20 09:35:53",
        "logdata": "byte"
    },
    {
        "logtime": "2019/07/20 09:35:53",
        "logdata": "keys2"
    },
    {
        "logtime": "2019/07/20 09:35:53",
        "logdata": "byte"
    },
    {
        "logtime": "2019/07/20 09:35:53",
        "logdata": "keys2"
    },
    {
        "logtime": "2019/07/20 09:35:53",
        "logdata": "word"
    },
    {
        "logtime": "2019/07/20 09:35:53",
        "logdata": "keys2"
    },
    {
        "logtime": "2019/07/20 09:35:53",
        "logdata": "byte"
    },
    {
        "logtime": "2019/07/20 09:35:53",
        "logdata": "keys2"
    },
    {
        "logtime": "2019/07/20 09:35:53",
        "logdata": "byte"
    },
    {
        "logtime": "2019/07/20 09:35:53",
        "logdata": "keys2"
    },
    {
        "logtime": "2019/07/20 09:35:53",
        "logdata": "byte"
    },
    {
        "logtime": "2019/07/20 09:35:53",
        "logdata": "keys2"
    },
    {
        "logtime": "2019/07/20 09:35:53",
        "logdata": "word"
    },
    {
        "logtime": "2019/07/20 09:35:53",
        "logdata": "keys2"
    },
    {
        "logtime": "2019/07/20 09:35:53",
        "logdata": "byte"
    },
    {
        "logtime": "2019/07/20 09:35:53",
        "logdata": "keys2"
    },
    {
        "logtime": "2019/07/20 09:35:53",
        "logdata": "byte"
    },
    {
        "logtime": "2019/07/20 09:35:53",
        "logdata": "keys2"
    },
    {
        "logtime": "2019/07/20 09:35:53",
        "logdata": "byte"
    },
    {
        "logtime": "2019/07/20 09:35:53",
        "logdata": "keys2"
    },
    {
        "logtime": "2019/07/20 09:35:53",
        "logdata": "word"
    },
    {
        "logtime": "2019/07/20 09:35:53",
        "logdata": "keys2"
    },
    {
        "logtime": "2019/07/20 09:35:53",
        "logdata": "byte"
    },
    {
        "logtime": "2019/07/20 09:35:53",
        "logdata": "keys2"
    },
    {
        "logtime": "2019/07/20 09:35:53",
        "logdata": "byte"
    },
    {
        "logtime": "2019/07/20 09:35:53",
        "logdata": "keys2"
    },
    {
        "logtime": "2019/07/20 09:35:53",
        "logdata": "byte"
    },
    {
        "logtime": "2019/07/20 09:35:53",
        "logdata": "keys2"
    },
    {
        "logtime": "2019/07/20 09:35:53",
        "logdata": "word"
    },
    {
        "logtime": "2019/07/20 09:35:53",
        "logdata": "keys2"
    },
    {
        "logtime": "2019/07/20 09:35:53",
        "logdata": "byte"
    },
    {
        "logtime": "2019/07/20 09:35:53",
        "logdata": "keys2"
    },
    {
        "logtime": "2019/07/20 09:35:53",
        "logdata": "byte"
    },
    {
        "logtime": "2019/07/20 09:35:53",
        "logdata": "keys2"
    },
    {
        "logtime": "2019/07/20 09:35:53",
        "logdata": "byte"
    },
    {
        "logtime": "2019/07/20 09:35:53",
        "logdata": "keys2"
    },
    {
        "logtime": "2019/07/20 09:35:53",
        "logdata": "word"
    },
    {
        "logtime": "2019/07/20 09:35:53",
        "logdata": "keys2"
    },
    {
        "logtime": "2019/07/20 09:35:53",
        "logdata": "byte"
    },
    {
        "logtime": "2019/07/20 09:35:53",
        "logdata": "keys2"
    },
    {
        "logtime": "2019/07/20 09:35:53",
        "logdata": "byte"
    },
    {
        "logtime": "2019/07/20 09:35:53",
        "logdata": "keys2"
    },
    {
        "logtime": "2019/07/20 09:35:53",
        "logdata": "byte"
    },
    {
        "logtime": "2019/07/20 09:35:53",
        "logdata": "keys2"
    },
    {
        "logtime": "2019/07/20 09:35:53",
        "logdata": "word"
    },
    {
        "logtime": "2019/07/20 09:35:53",
        "logdata": "keys2"
    },
    {
        "logtime": "2019/07/20 09:35:53",
        "logdata": "byte"
    },
    {
        "logtime": "2019/07/20 09:35:53",
        "logdata": "keys2"
    },
    {
        "logtime": "2019/07/20 09:35:53",
        "logdata": "byte"
    },
    {
        "logtime": "2019/07/20 09:35:53",
        "logdata": "keys2"
    },
    {
        "logtime": "2019/07/20 09:35:53",
        "logdata": "byte"
    },
    {
        "logtime": "2019/07/20 09:35:53",
        "logdata": "keys2"
    },
    {
        "logtime": "2019/07/20 09:35:53",
        "logdata": "word"
    },
    {
        "logtime": "2019/07/20 09:35:53",
        "logdata": "keys2"
    },
    {
        "logtime": "2019/07/20 09:35:53",
        "logdata": "byte"
    },
    {
        "logtime": "2019/07/20 09:35:53",
        "logdata": "keys2"
    },
    {
        "logtime": "2019/07/20 09:35:53",
        "logdata": "byte"
    },
    {
        "logtime": "2019/07/20 09:35:53",
        "logdata": "keys2"
    },
    {
        "logtime": "2019/07/20 09:35:53",
        "logdata": "byte"
    },
    {
        "logtime": "2019/07/20 09:35:53",
        "logdata": "keys2"
    },
    {
        "logtime": "2019/07/20 09:35:53",
        "logdata": "word"
    },
    {
        "logtime": "2019/07/20 09:35:53",
        "logdata": "keys2"
    },
    {
        "logtime": "2019/07/20 09:35:53",
        "logdata": "byte"
    },
    {
        "logtime": "2019/07/20 09:35:53",
        "logdata": "keys2"
    },
    {
        "logtime": "2019/07/20 09:35:53",
        "logdata": "byte"
    },
    {
        "logtime": "2019/07/20 09:35:53",
        "logdata": "keys2"
    },
    {
        "logtime": "2019/07/20 09:35:53",
        "logdata": "byte"
    },
    {
        "logtime": "2019/07/20 09:35:53",
        "logdata": "keys2"
    },
    {
        "logtime": "2019/07/20 09:35:53",
        "logdata": "word"
    },
    {
        "logtime": "2019/07/20 09:35:53",
        "logdata": "keys2"
    },
    {
        "logtime": "2019/07/20 09:35:53",
        "logdata": "byte"
    },
    {
        "logtime": "2019/07/20 09:35:53",
        "logdata": "keys2"
    },
    {
        "logtime": "2019/07/20 09:35:53",
        "logdata": "byte"
    },
    {
        "logtime": "2019/07/20 09:35:53",
        "logdata": "keys2"
    },
    {
        "logtime": "2019/07/20 09:35:53",
        "logdata": "byte"
    },
    {
        "logtime": "2019/07/20 09:35:53",
        "logdata": "keys2"
    },
    {
        "logtime": "2019/07/20 09:35:53",
        "logdata": "word"
    },
    {
        "logtime": "2019/07/20 09:35:53",
        "logdata": "keys2"
    },
    {
        "logtime": "2019/07/20 09:35:53",
        "logdata": "byte"
    },
    {
        "logtime": "2019/07/20 09:35:53",
        "logdata": "keys2"
    },
    {
        "logtime": "2019/07/20 09:35:53",
        "logdata": "byte"
    },
    {
        "logtime": "2019/07/20 09:35:53",
        "logdata": "keys2"
    },
    {
        "logtime": "2019/07/20 09:35:53",
        "logdata": "byte"
    },
    {
        "logtime": "2019/07/20 09:35:53",
        "logdata": "keys2"
    },
    {
        "logtime": "2019/07/20 09:35:53",
        "logdata": "word"
    },
    {
        "logtime": "2019/07/20 09:35:53",
        "logdata": "keys2"
    },
    {
        "logtime": "2019/07/20 09:35:53",
        "logdata": "byte"
    },
    {
        "logtime": "2019/07/20 09:35:53",
        "logdata": "keys2"
    },
    {
        "logtime": "2019/07/20 09:35:53",
        "logdata": "byte"
    },
    {
        "logtime": "2019/07/20 09:35:53",
        "logdata": "keys2"
    },
    {
        "logtime": "2019/07/20 09:35:53",
        "logdata": "byte"
    },
    {
        "logtime": "2019/07/20 09:35:53",
        "logdata": "keys2"
    },
    {
        "logtime": "2019/07/20 09:35:53",
        "logdata": "word"
    },
    {
        "logtime": "2019/07/20 09:35:53",
        "logdata": "keys2"
    },
    {
        "logtime": "2019/07/20 09:35:53",
        "logdata": "word"
    },
    {
        "logtime": "2019/07/20 09:35:53",
        "logdata": "keys2"
    },
    {
        "logtime": "2019/07/20 09:35:53",
        "logdata": "word"
    },
    {
        "logtime": "2019/07/20 09:35:53",
        "logdata": "keys2"
    },
    {
        "logtime": "2019/07/20 09:35:53",
        "logdata": "byte"
    },
    {
        "logtime": "2019/07/20 09:35:53",
        "logdata": "keys2"
    },
    {
        "logtime": "2019/07/20 09:35:53",
        "logdata": "score"
    },
    {
        "logtime": "2019/07/20 09:35:53",
        "logdata": "keys2"
    },
    {
        "logtime": "2019/07/20 09:35:53",
        "logdata": "score"
    },
    {
        "logtime": "2019/07/20 09:35:53",
        "logdata": "keys2"
    },
    {
        "logtime": "2019/07/20 09:35:53",
        "logdata": "byte"
    },
    {
        "logtime": "2019/07/20 09:35:53",
        "logdata": "keys2"
    },
    {
        "logtime": "2019/07/20 09:35:53",
        "logdata": "byte"
    },
    {
        "logtime": "2019/07/20 09:35:53",
        "logdata": "keys2"
    },
    {
        "logtime": "2019/07/20 09:35:53",
        "logdata": "byte"
    },
    {
        "logtime": "2019/07/20 09:35:53",
        "logdata": "keys2"
    },
    {
        "logtime": "2019/07/20 09:35:53",
        "logdata": "byte"
    },
    {
        "logtime": "2019/07/20 09:35:53",
        "logdata": "keys2"
    },
    {
        "logtime": "2019/07/20 09:35:53",
        "logdata": "table"
    },
    {
        "logtime": "2019/07/20 09:35:54",
        "logdata": "keys2"
    },
    {
        "logtime": "2019/07/20 09:35:54",
        "logdata": "int"
    },
    {
        "logtime": "2019/07/20 09:35:54",
        "logdata": "keys2"
    },
    {
        "logtime": "2019/07/20 09:35:54",
        "logdata": "score"
    },
    {
        "logtime": "2019/07/20 09:35:54",
        "logdata": "keys2"
    },
    {
        "logtime": "2019/07/20 09:35:54",
        "logdata": "score"
    },
    {
        "logtime": "2019/07/20 09:35:54",
        "logdata": "keys2"
    },
    {
        "logtime": "2019/07/20 09:35:54",
        "logdata": "bool"
    },
    {
        "logtime": "2019/07/20 09:35:54",
        "logdata": "keys2"
    },
    {
        "logtime": "2019/07/20 09:35:54",
        "logdata": "int"
    },
    {
        "logtime": "2019/07/20 09:35:54",
        "logdata": "keys2"
    },
    {
        "logtime": "2019/07/20 09:35:54",
        "logdata": "score"
    },
    {
        "logtime": "2019/07/20 09:35:54",
        "logdata": "keys2"
    },
    {
        "logtime": "2019/07/20 09:35:54",
        "logdata": "score"
    },
    {
        "logtime": "2019/07/20 09:35:54",
        "logdata": "keys2"
    },
    {
        "logtime": "2019/07/20 09:35:54",
        "logdata": "bool"
    },
    {
        "logtime": "2019/07/20 09:35:54",
        "logdata": "keys2"
    },
    {
        "logtime": "2019/07/20 09:35:54",
        "logdata": "int"
    },
    {
        "logtime": "2019/07/20 09:35:54",
        "logdata": "keys2"
    },
    {
        "logtime": "2019/07/20 09:35:54",
        "logdata": "score"
    },
    {
        "logtime": "2019/07/20 09:35:54",
        "logdata": "keys2"
    },
    {
        "logtime": "2019/07/20 09:35:54",
        "logdata": "score"
    },
    {
        "logtime": "2019/07/20 09:35:54",
        "logdata": "keys2"
    },
    {
        "logtime": "2019/07/20 09:35:54",
        "logdata": "bool"
    },
    {
        "logtime": "2019/07/20 09:35:54",
        "logdata": "keys2"
    },
    {
        "logtime": "2019/07/20 09:35:54",
        "logdata": "int"
    },
    {
        "logtime": "2019/07/20 09:35:54",
        "logdata": "keys2"
    },
    {
        "logtime": "2019/07/20 09:35:54",
        "logdata": "score"
    },
    {
        "logtime": "2019/07/20 09:35:54",
        "logdata": "keys2"
    },
    {
        "logtime": "2019/07/20 09:35:54",
        "logdata": "score"
    },
    {
        "logtime": "2019/07/20 09:35:54",
        "logdata": "keys2"
    },
    {
        "logtime": "2019/07/20 09:35:54",
        "logdata": "bool"
    },
    {
        "logtime": "2019/07/20 09:35:54",
        "logdata": "keys2"
    },
    {
        "logtime": "2019/07/20 09:35:54",
        "logdata": "int"
    },
    {
        "logtime": "2019/07/20 09:35:54",
        "logdata": "keys2"
    },
    {
        "logtime": "2019/07/20 09:35:54",
        "logdata": "score"
    },
    {
        "logtime": "2019/07/20 09:35:54",
        "logdata": "keys2"
    },
    {
        "logtime": "2019/07/20 09:35:54",
        "logdata": "score"
    },
    {
        "logtime": "2019/07/20 09:35:54",
        "logdata": "keys2"
    },
    {
        "logtime": "2019/07/20 09:35:54",
        "logdata": "bool"
    },
    {
        "logtime": "2019/07/20 09:35:54",
        "logdata": "keys2"
    },
    {
        "logtime": "2019/07/20 09:35:54",
        "logdata": "int"
    },
    {
        "logtime": "2019/07/20 09:35:54",
        "logdata": "keys2"
    },
    {
        "logtime": "2019/07/20 09:35:54",
        "logdata": "score"
    },
    {
        "logtime": "2019/07/20 09:35:54",
        "logdata": "keys2"
    },
    {
        "logtime": "2019/07/20 09:35:54",
        "logdata": "score"
    },
    {
        "logtime": "2019/07/20 09:35:54",
        "logdata": "keys2"
    },
    {
        "logtime": "2019/07/20 09:35:54",
        "logdata": "bool"
    },
    {
        "logtime": "2019/07/20 09:35:54",
        "logdata": "keys2"
    },
    {
        "logtime": "2019/07/20 09:35:54",
        "logdata": "int"
    },
    {
        "logtime": "2019/07/20 09:35:54",
        "logdata": "keys2"
    },
    {
        "logtime": "2019/07/20 09:35:54",
        "logdata": "score"
    },
    {
        "logtime": "2019/07/20 09:35:54",
        "logdata": "keys2"
    },
    {
        "logtime": "2019/07/20 09:35:54",
        "logdata": "score"
    },
    {
        "logtime": "2019/07/20 09:35:54",
        "logdata": "keys2"
    },
    {
        "logtime": "2019/07/20 09:35:54",
        "logdata": "bool"
    },
    {
        "logtime": "2019/07/20 09:35:54",
        "logdata": "keys2"
    },
    {
        "logtime": "2019/07/20 09:35:54",
        "logdata": "int"
    },
    {
        "logtime": "2019/07/20 09:35:54",
        "logdata": "keys2"
    },
    {
        "logtime": "2019/07/20 09:35:54",
        "logdata": "score"
    },
    {
        "logtime": "2019/07/20 09:35:54",
        "logdata": "keys2"
    },
    {
        "logtime": "2019/07/20 09:35:54",
        "logdata": "score"
    },
    {
        "logtime": "2019/07/20 09:35:54",
        "logdata": "keys2"
    },
    {
        "logtime": "2019/07/20 09:35:54",
        "logdata": "bool"
    },
    {
        "logtime": "2019/07/20 09:35:54",
        "logdata": "keys2"
    },
    {
        "logtime": "2019/07/20 09:35:54",
        "logdata": "int"
    },
    {
        "logtime": "2019/07/20 09:35:54",
        "logdata": "keys2"
    },
    {
        "logtime": "2019/07/20 09:35:54",
        "logdata": "score"
    },
    {
        "logtime": "2019/07/20 09:35:54",
        "logdata": "keys2"
    },
    {
        "logtime": "2019/07/20 09:35:54",
        "logdata": "score"
    },
    {
        "logtime": "2019/07/20 09:35:54",
        "logdata": "keys2"
    },
    {
        "logtime": "2019/07/20 09:35:54",
        "logdata": "bool"
    },
    {
        "logtime": "2019/07/20 09:35:54",
        "logdata": "keys2"
    },
    {
        "logtime": "2019/07/20 09:35:54",
        "logdata": "int"
    },
    {
        "logtime": "2019/07/20 09:35:54",
        "logdata": "keys2"
    },
    {
        "logtime": "2019/07/20 09:35:54",
        "logdata": "score"
    },
    {
        "logtime": "2019/07/20 09:35:54",
        "logdata": "keys2"
    },
    {
        "logtime": "2019/07/20 09:35:54",
        "logdata": "score"
    },
    {
        "logtime": "2019/07/20 09:35:54",
        "logdata": "keys2"
    },
    {
        "logtime": "2019/07/20 09:35:54",
        "logdata": "bool"
    },
    {
        "logtime": "2019/07/20 09:35:54",
        "logdata": "keys2"
    },
    {
        "logtime": "2019/07/20 09:35:54",
        "logdata": "int"
    },
    {
        "logtime": "2019/07/20 09:35:54",
        "logdata": "keys2"
    },
    {
        "logtime": "2019/07/20 09:35:54",
        "logdata": "score"
    },
    {
        "logtime": "2019/07/20 09:35:54",
        "logdata": "keys2"
    },
    {
        "logtime": "2019/07/20 09:35:54",
        "logdata": "score"
    },
    {
        "logtime": "2019/07/20 09:35:54",
        "logdata": "keys2"
    },
    {
        "logtime": "2019/07/20 09:35:54",
        "logdata": "bool"
    },
    {
        "logtime": "2019/07/20 09:35:54",
        "logdata": "keys2"
    },
    {
        "logtime": "2019/07/20 09:35:54",
        "logdata": "int"
    },
    {
        "logtime": "2019/07/20 09:35:54",
        "logdata": "keys2"
    },
    {
        "logtime": "2019/07/20 09:35:54",
        "logdata": "score"
    },
    {
        "logtime": "2019/07/20 09:35:54",
        "logdata": "keys2"
    },
    {
        "logtime": "2019/07/20 09:35:54",
        "logdata": "score"
    },
    {
        "logtime": "2019/07/20 09:35:55",
        "logdata": "keys2"
    },
    {
        "logtime": "2019/07/20 09:35:55",
        "logdata": "bool"
    },
    {
        "logtime": "2019/07/20 09:35:55",
        "logdata": "keys2"
    },
    {
        "logtime": "2019/07/20 09:35:55",
        "logdata": "int"
    },
    {
        "logtime": "2019/07/20 09:35:55",
        "logdata": "keys2"
    },
    {
        "logtime": "2019/07/20 09:35:55",
        "logdata": "score"
    },
    {
        "logtime": "2019/07/20 09:35:55",
        "logdata": "keys2"
    },
    {
        "logtime": "2019/07/20 09:35:55",
        "logdata": "score"
    },
    {
        "logtime": "2019/07/20 09:35:55",
        "logdata": "keys2"
    },
    {
        "logtime": "2019/07/20 09:35:55",
        "logdata": "bool"
    },
    {
        "logtime": "2019/07/20 09:35:55",
        "logdata": "keys2"
    },
    {
        "logtime": "2019/07/20 09:35:55",
        "logdata": "int"
    },
    {
        "logtime": "2019/07/20 09:35:55",
        "logdata": "keys2"
    },
    {
        "logtime": "2019/07/20 09:35:55",
        "logdata": "score"
    },
    {
        "logtime": "2019/07/20 09:35:55",
        "logdata": "keys2"
    },
    {
        "logtime": "2019/07/20 09:35:55",
        "logdata": "score"
    },
    {
        "logtime": "2019/07/20 09:35:55",
        "logdata": "keys2"
    },
    {
        "logtime": "2019/07/20 09:35:55",
        "logdata": "bool"
    },
    {
        "logtime": "2019/07/20 09:35:55",
        "logdata": "keys2"
    },
    {
        "logtime": "2019/07/20 09:35:55",
        "logdata": "int"
    },
    {
        "logtime": "2019/07/20 09:35:55",
        "logdata": "keys2"
    },
    {
        "logtime": "2019/07/20 09:35:55",
        "logdata": "score"
    },
    {
        "logtime": "2019/07/20 09:35:55",
        "logdata": "keys2"
    },
    {
        "logtime": "2019/07/20 09:35:55",
        "logdata": "score"
    },
    {
        "logtime": "2019/07/20 09:35:55",
        "logdata": "keys2"
    },
    {
        "logtime": "2019/07/20 09:35:55",
        "logdata": "bool"
    },
    {
        "logtime": "2019/07/20 09:35:55",
        "logdata": "keys2"
    },
    {
        "logtime": "2019/07/20 09:35:55",
        "logdata": "int"
    },
    {
        "logtime": "2019/07/20 09:35:55",
        "logdata": "keys2"
    },
    {
        "logtime": "2019/07/20 09:35:55",
        "logdata": "score"
    },
    {
        "logtime": "2019/07/20 09:35:55",
        "logdata": "keys2"
    },
    {
        "logtime": "2019/07/20 09:35:55",
        "logdata": "score"
    },
    {
        "logtime": "2019/07/20 09:35:55",
        "logdata": "keys2"
    },
    {
        "logtime": "2019/07/20 09:35:55",
        "logdata": "bool"
    },
    {
        "logtime": "2019/07/20 09:35:55",
        "logdata": "keys2"
    },
    {
        "logtime": "2019/07/20 09:35:55",
        "logdata": "int"
    },
    {
        "logtime": "2019/07/20 09:35:55",
        "logdata": "keys2"
    },
    {
        "logtime": "2019/07/20 09:35:55",
        "logdata": "score"
    },
    {
        "logtime": "2019/07/20 09:35:55",
        "logdata": "keys2"
    },
    {
        "logtime": "2019/07/20 09:35:55",
        "logdata": "score"
    },
    {
        "logtime": "2019/07/20 09:35:55",
        "logdata": "keys2"
    },
    {
        "logtime": "2019/07/20 09:35:55",
        "logdata": "bool"
    },
    {
        "logtime": "2019/07/20 09:35:55",
        "logdata": "keys2"
    },
    {
        "logtime": "2019/07/20 09:35:55",
        "logdata": "int"
    },
    {
        "logtime": "2019/07/20 09:35:55",
        "logdata": "keys2"
    },
    {
        "logtime": "2019/07/20 09:35:55",
        "logdata": "score"
    },
    {
        "logtime": "2019/07/20 09:35:55",
        "logdata": "keys2"
    },
    {
        "logtime": "2019/07/20 09:35:55",
        "logdata": "score"
    },
    {
        "logtime": "2019/07/20 09:35:55",
        "logdata": "keys2"
    },
    {
        "logtime": "2019/07/20 09:35:55",
        "logdata": "bool"
    },
    {
        "logtime": "2019/07/20 09:35:55",
        "logdata": "keys2"
    },
    {
        "logtime": "2019/07/20 09:35:55",
        "logdata": "int"
    },
    {
        "logtime": "2019/07/20 09:35:55",
        "logdata": "keys2"
    },
    {
        "logtime": "2019/07/20 09:35:55",
        "logdata": "score"
    },
    {
        "logtime": "2019/07/20 09:35:55",
        "logdata": "keys2"
    },
    {
        "logtime": "2019/07/20 09:35:55",
        "logdata": "score"
    },
    {
        "logtime": "2019/07/20 09:35:55",
        "logdata": "keys2"
    },
    {
        "logtime": "2019/07/20 09:35:55",
        "logdata": "bool"
    },
    {
        "logtime": "2019/07/20 09:35:55",
        "logdata": "keys2"
    },
    {
        "logtime": "2019/07/20 09:35:55",
        "logdata": "int"
    },
    {
        "logtime": "2019/07/20 09:35:55",
        "logdata": "keys2"
    },
    {
        "logtime": "2019/07/20 09:35:55",
        "logdata": "score"
    },
    {
        "logtime": "2019/07/20 09:35:55",
        "logdata": "keys2"
    },
    {
        "logtime": "2019/07/20 09:35:55",
        "logdata": "score"
    },
    {
        "logtime": "2019/07/20 09:35:55",
        "logdata": "keys2"
    },
    {
        "logtime": "2019/07/20 09:35:55",
        "logdata": "bool"
    },
    {
        "logtime": "2019/07/20 09:35:55",
        "logdata": "keys2"
    },
    {
        "logtime": "2019/07/20 09:35:55",
        "logdata": "int"
    },
    {
        "logtime": "2019/07/20 09:35:55",
        "logdata": "keys2"
    },
    {
        "logtime": "2019/07/20 09:35:55",
        "logdata": "score"
    },
    {
        "logtime": "2019/07/20 09:35:55",
        "logdata": "keys2"
    },
    {
        "logtime": "2019/07/20 09:35:55",
        "logdata": "score"
    },
    {
        "logtime": "2019/07/20 09:35:55",
        "logdata": "keys2"
    },
    {
        "logtime": "2019/07/20 09:35:55",
        "logdata": "bool"
    },
    {
        "logtime": "2019/07/20 09:35:55",
        "logdata": "keys2"
    },
    {
        "logtime": "2019/07/20 09:35:56",
        "logdata": "int"
    },
    {
        "logtime": "2019/07/20 09:35:56",
        "logdata": "keys2"
    },
    {
        "logtime": "2019/07/20 09:35:56",
        "logdata": "score"
    },
    {
        "logtime": "2019/07/20 09:35:56",
        "logdata": "keys2"
    },
    {
        "logtime": "2019/07/20 09:35:56",
        "logdata": "score"
    },
    {
        "logtime": "2019/07/20 09:35:56",
        "logdata": "keys2"
    },
    {
        "logtime": "2019/07/20 09:35:56",
        "logdata": "bool"
    },
    {
        "logtime": "2019/07/20 09:35:56",
        "logdata": "keys2"
    },
    {
        "logtime": "2019/07/20 09:35:56",
        "logdata": "int"
    },
    {
        "logtime": "2019/07/20 09:35:56",
        "logdata": "keys2"
    },
    {
        "logtime": "2019/07/20 09:35:56",
        "logdata": "score"
    },
    {
        "logtime": "2019/07/20 09:35:56",
        "logdata": "keys2"
    },
    {
        "logtime": "2019/07/20 09:35:56",
        "logdata": "score"
    },
    {
        "logtime": "2019/07/20 09:35:56",
        "logdata": "keys2"
    },
    {
        "logtime": "2019/07/20 09:35:56",
        "logdata": "bool"
    },
    {
        "logtime": "2019/07/20 09:35:56",
        "logdata": "keys2"
    },
    {
        "logtime": "2019/07/20 09:35:56",
        "logdata": "int"
    },
    {
        "logtime": "2019/07/20 09:35:56",
        "logdata": "keys2"
    },
    {
        "logtime": "2019/07/20 09:35:56",
        "logdata": "score"
    },
    {
        "logtime": "2019/07/20 09:35:56",
        "logdata": "keys2"
    },
    {
        "logtime": "2019/07/20 09:35:56",
        "logdata": "score"
    },
    {
        "logtime": "2019/07/20 09:35:56",
        "logdata": "keys2"
    },
    {
        "logtime": "2019/07/20 09:35:56",
        "logdata": "bool"
    },
    {
        "logtime": "2019/07/20 09:35:56",
        "logdata": "keys2"
    },
    {
        "logtime": "2019/07/20 09:35:56",
        "logdata": "int"
    },
    {
        "logtime": "2019/07/20 09:35:56",
        "logdata": "keys2"
    },
    {
        "logtime": "2019/07/20 09:35:56",
        "logdata": "score"
    },
    {
        "logtime": "2019/07/20 09:35:56",
        "logdata": "keys2"
    },
    {
        "logtime": "2019/07/20 09:35:56",
        "logdata": "score"
    },
    {
        "logtime": "2019/07/20 09:35:56",
        "logdata": "keys2"
    },
    {
        "logtime": "2019/07/20 09:35:56",
        "logdata": "bool"
    },
    {
        "logtime": "2019/07/20 09:35:56",
        "logdata": "keys2"
    },
    {
        "logtime": "2019/07/20 09:35:56",
        "logdata": "int"
    },
    {
        "logtime": "2019/07/20 09:35:56",
        "logdata": "keys2"
    },
    {
        "logtime": "2019/07/20 09:35:56",
        "logdata": "score"
    },
    {
        "logtime": "2019/07/20 09:35:56",
        "logdata": "keys2"
    },
    {
        "logtime": "2019/07/20 09:35:56",
        "logdata": "score"
    },
    {
        "logtime": "2019/07/20 09:35:56",
        "logdata": "keys2"
    },
    {
        "logtime": "2019/07/20 09:35:56",
        "logdata": "bool"
    },
    {
        "logtime": "2019/07/20 09:35:56",
        "logdata": "keys2"
    },
    {
        "logtime": "2019/07/20 09:35:56",
        "logdata": "int"
    },
    {
        "logtime": "2019/07/20 09:35:56",
        "logdata": "keys2"
    },
    {
        "logtime": "2019/07/20 09:35:56",
        "logdata": "score"
    },
    {
        "logtime": "2019/07/20 09:35:56",
        "logdata": "keys2"
    },
    {
        "logtime": "2019/07/20 09:35:56",
        "logdata": "score"
    },
    {
        "logtime": "2019/07/20 09:35:56",
        "logdata": "keys2"
    },
    {
        "logtime": "2019/07/20 09:35:56",
        "logdata": "bool"
    },
    {
        "logtime": "2019/07/20 09:35:56",
        "logdata": "keys2"
    },
    {
        "logtime": "2019/07/20 09:35:56",
        "logdata": "int"
    },
    {
        "logtime": "2019/07/20 09:35:56",
        "logdata": "keys2"
    },
    {
        "logtime": "2019/07/20 09:35:56",
        "logdata": "score"
    },
    {
        "logtime": "2019/07/20 09:35:56",
        "logdata": "keys2"
    },
    {
        "logtime": "2019/07/20 09:35:56",
        "logdata": "score"
    },
    {
        "logtime": "2019/07/20 09:35:56",
        "logdata": "keys2"
    },
    {
        "logtime": "2019/07/20 09:35:56",
        "logdata": "bool"
    },
    {
        "logtime": "2019/07/20 09:35:56",
        "logdata": "keys2"
    },
    {
        "logtime": "2019/07/20 09:35:56",
        "logdata": "int"
    },
    {
        "logtime": "2019/07/20 09:35:56",
        "logdata": "keys2"
    },
    {
        "logtime": "2019/07/20 09:35:56",
        "logdata": "score"
    },
    {
        "logtime": "2019/07/20 09:35:56",
        "logdata": "keys2"
    },
    {
        "logtime": "2019/07/20 09:35:56",
        "logdata": "score"
    },
    {
        "logtime": "2019/07/20 09:35:56",
        "logdata": "keys2"
    },
    {
        "logtime": "2019/07/20 09:35:56",
        "logdata": "bool"
    },
    {
        "logtime": "2019/07/20 09:35:56",
        "logdata": "keys2"
    },
    {
        "logtime": "2019/07/20 09:35:56",
        "logdata": "int"
    },
    {
        "logtime": "2019/07/20 09:35:56",
        "logdata": "keys2"
    },
    {
        "logtime": "2019/07/20 09:35:56",
        "logdata": "score"
    },
    {
        "logtime": "2019/07/20 09:35:56",
        "logdata": "keys2"
    },
    {
        "logtime": "2019/07/20 09:35:57",
        "logdata": "score"
    },
    {
        "logtime": "2019/07/20 09:35:57",
        "logdata": "keys2"
    },
    {
        "logtime": "2019/07/20 09:35:57",
        "logdata": "bool"
    },
    {
        "logtime": "2019/07/20 09:35:57",
        "logdata": "keys2"
    },
    {
        "logtime": "2019/07/20 09:35:57",
        "logdata": "int"
    },
    {
        "logtime": "2019/07/20 09:35:57",
        "logdata": "keys2"
    },
    {
        "logtime": "2019/07/20 09:35:57",
        "logdata": "score"
    },
    {
        "logtime": "2019/07/20 09:35:57",
        "logdata": "keys2"
    },
    {
        "logtime": "2019/07/20 09:35:57",
        "logdata": "score"
    },
    {
        "logtime": "2019/07/20 09:35:57",
        "logdata": "keys2"
    },
    {
        "logtime": "2019/07/20 09:35:57",
        "logdata": "bool"
    },
    {
        "logtime": "2019/07/20 09:35:57",
        "logdata": "keys2"
    },
    {
        "logtime": "2019/07/20 09:35:57",
        "logdata": "int"
    },
    {
        "logtime": "2019/07/20 09:35:57",
        "logdata": "keys2"
    },
    {
        "logtime": "2019/07/20 09:35:57",
        "logdata": "score"
    },
    {
        "logtime": "2019/07/20 09:35:57",
        "logdata": "keys2"
    },
    {
        "logtime": "2019/07/20 09:35:57",
        "logdata": "score"
    },
    {
        "logtime": "2019/07/20 09:35:57",
        "logdata": "keys2"
    },
    {
        "logtime": "2019/07/20 09:35:57",
        "logdata": "bool"
    },
    {
        "logtime": "2019/07/20 09:35:57",
        "logdata": "keys2"
    },
    {
        "logtime": "2019/07/20 09:35:57",
        "logdata": "int"
    },
    {
        "logtime": "2019/07/20 09:35:57",
        "logdata": "keys2"
    },
    {
        "logtime": "2019/07/20 09:35:57",
        "logdata": "score"
    },
    {
        "logtime": "2019/07/20 09:35:57",
        "logdata": "keys2"
    },
    {
        "logtime": "2019/07/20 09:35:57",
        "logdata": "score"
    },
    {
        "logtime": "2019/07/20 09:35:57",
        "logdata": "keys2"
    },
    {
        "logtime": "2019/07/20 09:35:57",
        "logdata": "bool"
    },
    {
        "logtime": "2019/07/20 09:35:57",
        "logdata": "keys2"
    },
    {
        "logtime": "2019/07/20 09:35:57",
        "logdata": "int"
    },
    {
        "logtime": "2019/07/20 09:35:57",
        "logdata": "keys2"
    },
    {
        "logtime": "2019/07/20 09:35:57",
        "logdata": "score"
    },
    {
        "logtime": "2019/07/20 09:35:57",
        "logdata": "keys2"
    },
    {
        "logtime": "2019/07/20 09:35:57",
        "logdata": "score"
    },
    {
        "logtime": "2019/07/20 09:35:57",
        "logdata": "keys2"
    },
    {
        "logtime": "2019/07/20 09:35:57",
        "logdata": "bool"
    },
    {
        "logtime": "2019/07/20 09:35:57",
        "logdata": "keys2"
    },
    {
        "logtime": "2019/07/20 09:35:57",
        "logdata": "int"
    },
    {
        "logtime": "2019/07/20 09:35:57",
        "logdata": "keys2"
    },
    {
        "logtime": "2019/07/20 09:35:57",
        "logdata": "score"
    },
    {
        "logtime": "2019/07/20 09:35:57",
        "logdata": "keys2"
    },
    {
        "logtime": "2019/07/20 09:35:57",
        "logdata": "score"
    },
    {
        "logtime": "2019/07/20 09:35:57",
        "logdata": "keys2"
    },
    {
        "logtime": "2019/07/20 09:35:57",
        "logdata": "bool"
    },
    {
        "logtime": "2019/07/20 09:35:57",
        "logdata": "keys2"
    },
    {
        "logtime": "2019/07/20 09:35:57",
        "logdata": "int"
    },
    {
        "logtime": "2019/07/20 09:35:57",
        "logdata": "keys2"
    },
    {
        "logtime": "2019/07/20 09:35:57",
        "logdata": "score"
    },
    {
        "logtime": "2019/07/20 09:35:57",
        "logdata": "keys2"
    },
    {
        "logtime": "2019/07/20 09:35:57",
        "logdata": "score"
    },
    {
        "logtime": "2019/07/20 09:35:57",
        "logdata": "keys2"
    },
    {
        "logtime": "2019/07/20 09:35:57",
        "logdata": "bool"
    },
    {
        "logtime": "2019/07/20 09:35:57",
        "logdata": "keys2"
    },
    {
        "logtime": "2019/07/20 09:35:57",
        "logdata": "int"
    },
    {
        "logtime": "2019/07/20 09:35:57",
        "logdata": "keys2"
    },
    {
        "logtime": "2019/07/20 09:35:57",
        "logdata": "score"
    },
    {
        "logtime": "2019/07/20 09:35:57",
        "logdata": "keys2"
    },
    {
        "logtime": "2019/07/20 09:35:57",
        "logdata": "score"
    },
    {
        "logtime": "2019/07/20 09:35:57",
        "logdata": "keys2"
    },
    {
        "logtime": "2019/07/20 09:35:57",
        "logdata": "bool"
    },
    {
        "logtime": "2019/07/20 09:35:57",
        "logdata": "keys2"
    },
    {
        "logtime": "2019/07/20 09:35:58",
        "logdata": "int"
    },
    {
        "logtime": "2019/07/20 09:35:58",
        "logdata": "keys2"
    },
    {
        "logtime": "2019/07/20 09:35:58",
        "logdata": "score"
    },
    {
        "logtime": "2019/07/20 09:35:58",
        "logdata": "keys2"
    },
    {
        "logtime": "2019/07/20 09:35:58",
        "logdata": "score"
    },
    {
        "logtime": "2019/07/20 09:35:58",
        "logdata": "keys2"
    },
    {
        "logtime": "2019/07/20 09:35:58",
        "logdata": "bool"
    },
    {
        "logtime": "2019/07/20 09:35:58",
        "logdata": "keys2"
    },
    {
        "logtime": "2019/07/20 09:35:58",
        "logdata": "int"
    },
    {
        "logtime": "2019/07/20 09:35:58",
        "logdata": "keys2"
    },
    {
        "logtime": "2019/07/20 09:35:58",
        "logdata": "score"
    },
    {
        "logtime": "2019/07/20 09:35:58",
        "logdata": "keys2"
    },
    {
        "logtime": "2019/07/20 09:35:58",
        "logdata": "score"
    },
    {
        "logtime": "2019/07/20 09:35:58",
        "logdata": "keys2"
    },
    {
        "logtime": "2019/07/20 09:35:58",
        "logdata": "bool"
    },
    {
        "logtime": "2019/07/20 09:35:58",
        "logdata": "keys2"
    },
    {
        "logtime": "2019/07/20 09:35:58",
        "logdata": "int"
    },
    {
        "logtime": "2019/07/20 09:35:58",
        "logdata": "keys2"
    },
    {
        "logtime": "2019/07/20 09:35:58",
        "logdata": "score"
    },
    {
        "logtime": "2019/07/20 09:35:58",
        "logdata": "keys2"
    },
    {
        "logtime": "2019/07/20 09:35:58",
        "logdata": "score"
    },
    {
        "logtime": "2019/07/20 09:35:58",
        "logdata": "keys2"
    },
    {
        "logtime": "2019/07/20 09:35:58",
        "logdata": "bool"
    },
    {
        "logtime": "2019/07/20 09:35:58",
        "logdata": "keys2"
    },
    {
        "logtime": "2019/07/20 09:35:58",
        "logdata": "int"
    },
    {
        "logtime": "2019/07/20 09:35:58",
        "logdata": "keys2"
    },
    {
        "logtime": "2019/07/20 09:35:58",
        "logdata": "score"
    },
    {
        "logtime": "2019/07/20 09:35:58",
        "logdata": "keys2"
    },
    {
        "logtime": "2019/07/20 09:35:58",
        "logdata": "score"
    },
    {
        "logtime": "2019/07/20 09:35:58",
        "logdata": "keys2"
    },
    {
        "logtime": "2019/07/20 09:35:58",
        "logdata": "bool"
    },
    {
        "logtime": "2019/07/20 09:35:58",
        "logdata": "keys2"
    },
    {
        "logtime": "2019/07/20 09:35:58",
        "logdata": "int"
    },
    {
        "logtime": "2019/07/20 09:35:58",
        "logdata": "keys2"
    },
    {
        "logtime": "2019/07/20 09:35:58",
        "logdata": "score"
    },
    {
        "logtime": "2019/07/20 09:35:58",
        "logdata": "keys2"
    },
    {
        "logtime": "2019/07/20 09:35:58",
        "logdata": "score"
    },
    {
        "logtime": "2019/07/20 09:35:58",
        "logdata": "keys2"
    },
    {
        "logtime": "2019/07/20 09:35:58",
        "logdata": "bool"
    },
    {
        "logtime": "2019/07/20 09:35:58",
        "logdata": "keys2"
    },
    {
        "logtime": "2019/07/20 09:35:58",
        "logdata": "int"
    },
    {
        "logtime": "2019/07/20 09:35:58",
        "logdata": "keys2"
    },
    {
        "logtime": "2019/07/20 09:35:58",
        "logdata": "score"
    },
    {
        "logtime": "2019/07/20 09:35:58",
        "logdata": "keys2"
    },
    {
        "logtime": "2019/07/20 09:35:58",
        "logdata": "score"
    },
    {
        "logtime": "2019/07/20 09:35:58",
        "logdata": "keys2"
    },
    {
        "logtime": "2019/07/20 09:35:58",
        "logdata": "bool"
    },
    {
        "logtime": "2019/07/20 09:35:58",
        "logdata": "keys2"
    },
    {
        "logtime": "2019/07/20 09:35:58",
        "logdata": "int"
    },
    {
        "logtime": "2019/07/20 09:35:58",
        "logdata": "keys2"
    },
    {
        "logtime": "2019/07/20 09:35:58",
        "logdata": "score"
    },
    {
        "logtime": "2019/07/20 09:35:58",
        "logdata": "keys2"
    },
    {
        "logtime": "2019/07/20 09:35:58",
        "logdata": "score"
    },
    {
        "logtime": "2019/07/20 09:35:58",
        "logdata": "keys2"
    },
    {
        "logtime": "2019/07/20 09:35:58",
        "logdata": "bool"
    },
    {
        "logtime": "2019/07/20 09:35:58",
        "logdata": "keys2"
    },
    {
        "logtime": "2019/07/20 09:35:58",
        "logdata": "int"
    },
    {
        "logtime": "2019/07/20 09:35:59",
        "logdata": "keys2"
    },
    {
        "logtime": "2019/07/20 09:35:59",
        "logdata": "score"
    },
    {
        "logtime": "2019/07/20 09:35:59",
        "logdata": "keys2"
    },
    {
        "logtime": "2019/07/20 09:35:59",
        "logdata": "score"
    },
    {
        "logtime": "2019/07/20 09:35:59",
        "logdata": "keys2"
    },
    {
        "logtime": "2019/07/20 09:35:59",
        "logdata": "bool"
    },
    {
        "logtime": "2019/07/20 09:35:59",
        "logdata": "keys2"
    },
    {
        "logtime": "2019/07/20 09:35:59",
        "logdata": "int"
    },
    {
        "logtime": "2019/07/20 09:35:59",
        "logdata": "keys2"
    },
    {
        "logtime": "2019/07/20 09:35:59",
        "logdata": "score"
    },
    {
        "logtime": "2019/07/20 09:35:59",
        "logdata": "keys2"
    },
    {
        "logtime": "2019/07/20 09:35:59",
        "logdata": "score"
    },
    {
        "logtime": "2019/07/20 09:35:59",
        "logdata": "keys2"
    },
    {
        "logtime": "2019/07/20 09:35:59",
        "logdata": "bool"
    },
    {
        "logtime": "2019/07/20 09:35:59",
        "logdata": "keys2"
    },
    {
        "logtime": "2019/07/20 09:35:59",
        "logdata": "int"
    },
    {
        "logtime": "2019/07/20 09:35:59",
        "logdata": "keys2"
    },
    {
        "logtime": "2019/07/20 09:35:59",
        "logdata": "score"
    },
    {
        "logtime": "2019/07/20 09:35:59",
        "logdata": "keys2"
    },
    {
        "logtime": "2019/07/20 09:35:59",
        "logdata": "score"
    },
    {
        "logtime": "2019/07/20 09:35:59",
        "logdata": "keys2"
    },
    {
        "logtime": "2019/07/20 09:35:59",
        "logdata": "bool"
    },
    {
        "logtime": "2019/07/20 09:35:59",
        "logdata": "keys2"
    },
    {
        "logtime": "2019/07/20 09:35:59",
        "logdata": "int"
    },
    {
        "logtime": "2019/07/20 09:35:59",
        "logdata": "keys2"
    },
    {
        "logtime": "2019/07/20 09:35:59",
        "logdata": "score"
    },
    {
        "logtime": "2019/07/20 09:35:59",
        "logdata": "keys2"
    },
    {
        "logtime": "2019/07/20 09:35:59",
        "logdata": "score"
    },
    {
        "logtime": "2019/07/20 09:35:59",
        "logdata": "keys2"
    },
    {
        "logtime": "2019/07/20 09:35:59",
        "logdata": "bool"
    },
    {
        "logtime": "2019/07/20 09:35:59",
        "logdata": "keys2"
    },
    {
        "logtime": "2019/07/20 09:35:59",
        "logdata": "int"
    },
    {
        "logtime": "2019/07/20 09:35:59",
        "logdata": "keys2"
    },
    {
        "logtime": "2019/07/20 09:35:59",
        "logdata": "score"
    },
    {
        "logtime": "2019/07/20 09:35:59",
        "logdata": "keys2"
    },
    {
        "logtime": "2019/07/20 09:35:59",
        "logdata": "score"
    },
    {
        "logtime": "2019/07/20 09:35:59",
        "logdata": "keys2"
    },
    {
        "logtime": "2019/07/20 09:35:59",
        "logdata": "bool"
    },
    {
        "logtime": "2019/07/20 09:35:59",
        "logdata": "keys2"
    },
    {
        "logtime": "2019/07/20 09:35:59",
        "logdata": "int"
    },
    {
        "logtime": "2019/07/20 09:35:59",
        "logdata": "keys2"
    },
    {
        "logtime": "2019/07/20 09:35:59",
        "logdata": "score"
    },
    {
        "logtime": "2019/07/20 09:35:59",
        "logdata": "keys2"
    },
    {
        "logtime": "2019/07/20 09:35:59",
        "logdata": "score"
    },
    {
        "logtime": "2019/07/20 09:35:59",
        "logdata": "keys2"
    },
    {
        "logtime": "2019/07/20 09:35:59",
        "logdata": "bool"
    },
    {
        "logtime": "2019/07/20 09:35:59",
        "logdata": "keys2"
    },
    {
        "logtime": "2019/07/20 09:35:59",
        "logdata": "int"
    },
    {
        "logtime": "2019/07/20 09:35:59",
        "logdata": "keys2"
    },
    {
        "logtime": "2019/07/20 09:35:59",
        "logdata": "score"
    },
    {
        "logtime": "2019/07/20 09:35:59",
        "logdata": "keys2"
    },
    {
        "logtime": "2019/07/20 09:35:59",
        "logdata": "score"
    }
]