[
    {
        "logtime": "2019/05/16 16:17:04",
        "logdata": "url"
    },
    {
        "logtime": "2019/05/16 16:17:04",
        "logdata": "http://www.fuannabbs.top//WS/MobileInterface.ashx?action=GetMobileRollNotice"
    },
    {
        "logtime": "2019/05/16 16:17:04",
        "logdata": ""
    },
    {
        "logtime": "2019/05/16 16:17:32",
        "logdata": "[string \".\\client/src/view/mediator/BankMediator.lua\"]:199: attempt to call method 'emit' (a nil value)\nstack traceback:\n\t[string \".\\app/models/AppDF.lua\"]:271: in function 'onSocketError'\n\t[string \".\\app/models/AppDF.lua\"]:314: in function <[string \".\\app/models/AppDF.lua\"]:281>"
    },
    {
        "logtime": "2019/05/16 16:17:40",
        "logdata": "url"
    },
    {
        "logtime": "2019/05/16 16:17:40",
        "logdata": "http://www.fuannabbs.top//ws/MobileInterface.ashx"
    },
    {
        "logtime": "2019/05/16 16:17:40",
        "logdata": "action=getpaylist"
    },
    {
        "logtime": "2019/05/16 16:17:40",
        "logdata": "url"
    },
    {
        "logtime": "2019/05/16 16:17:40",
        "logdata": "http://www.fuannabbs.top//WS/MobileInterface.ashx"
    },
    {
        "logtime": "2019/05/16 16:17:40",
        "logdata": "action=getagentpay"
    },
    {
        "logtime": "2019/05/16 16:17:50",
        "logdata": "normal_to_agent_up"
    }
]