[
    {
        "logtime": "2019/05/13 16:51:30",
        "logdata": "LogonScene.onceExcute"
    },
    {
        "logtime": "2019/05/13 16:51:30",
        "logdata": "http://www.fuannainc.top/"
    },
    {
        "logtime": "2019/05/13 16:51:30",
        "logdata": "url"
    },
    {
        "logtime": "2019/05/13 16:51:30",
        "logdata": "http://www.fuannainc.top//ws/MobileInterface.ashx?action=GetMobileLoginNotice"
    },
    {
        "logtime": "2019/05/13 16:51:30",
        "logdata": ""
    },
    {
        "logtime": "2019/05/13 16:51:40",
        "logdata": "onLogonCallBack"
    },
    {
        "logtime": "2019/05/13 16:51:40",
        "logdata": "http://www.fuannainc.top/"
    },
    {
        "logtime": "2019/05/13 16:51:40",
        "logdata": "url"
    },
    {
        "logtime": "2019/05/13 16:51:40",
        "logdata": "http://www.fuannainc.top//WS/MobileInterface.ashx"
    },
    {
        "logtime": "2019/05/13 16:51:40",
        "logdata": "action=GetMobileShareConfig&userid=120780&time=1557737500&signature=62A7C3F4E5FA8EEC114C1EE8CF383110"
    },
    {
        "logtime": "2019/05/13 16:51:43",
        "logdata": "url"
    },
    {
        "logtime": "2019/05/13 16:51:43",
        "logdata": "http://www.fuannainc.top//WS/MobileInterface.ashx?action=GetMobileRollNotice"
    },
    {
        "logtime": "2019/05/13 16:51:43",
        "logdata": ""
    },
    {
        "logtime": "2019/05/13 16:51:43",
        "logdata": "onLogonCallBack"
    },
    {
        "logtime": "2019/05/13 16:51:43",
        "logdata": "http://www.fuannainc.top/"
    },
    {
        "logtime": "2019/05/13 16:51:43",
        "logdata": "url"
    },
    {
        "logtime": "2019/05/13 16:51:43",
        "logdata": "http://www.fuannainc.top//WS/MobileInterface.ashx"
    },
    {
        "logtime": "2019/05/13 16:51:43",
        "logdata": "action=GetMobileShareConfig&userid=120781&time=1557737503&signature=AA77E0065417D9B82D5C6B106481C01E"
    },
    {
        "logtime": "2019/05/13 16:51:43",
        "logdata": "url"
    },
    {
        "logtime": "2019/05/13 16:51:43",
        "logdata": "http://www.fuannainc.top//WS/MobileInterface.ashx?action=GetMobileRollNotice"
    },
    {
        "logtime": "2019/05/13 16:51:43",
        "logdata": ""
    },
    {
        "logtime": "2019/05/13 16:51:48",
        "logdata": "[string \".\\client/src/controller/command/LoadViewComma...\"]:179: [string \".\\client/src/controller/command/LoadViewComma...\"]:252: aready has same context name, please check\nstack traceback:\n\t[string \".\\client/src/controller/command/LoadViewComma...\"]:179: in function 'handler'\n\t[string \".\\framework/notify/event.lua\"]:167: in function 'call_handlers'\n\t[string \".\\framework/notify/event.lua\"]:305: in function 'emit'\n\t[string \".\\view/base/BaseScene.lua\"]:135: in function 'emit'\n\t[string \".\\view/base/BaseScene.lua\"]:97: in function 'exitViewFinished'\n\t[string \".\\client/src/plaza/views/ClientScene.lua\"]:2178: in function 'onWillViewExit'\n\t[string \".\\view/base/BaseScene.lua\"]:82: in function 'willViewExit'\n\t[string \".\\client/src/controller/command/LoadViewComma...\"]:182: in function 'handler'\n\t[string \".\\framework/notify/event.lua\"]:167: in function 'call_handlers'\n\t[string \".\\framework/notify/event.lua\"]:305: in function 'emit'\n\t[string \".\\view/base/BaseScene.lua\"]:135: in function 'emit'\n\t[string \".\\view/base/BaseScene.lua\"]:56: in function 'unLoadFinished'\n\t[string \".\\view/base/BaseScene.lua\"]:50: in function <[string \".\\view/base/BaseScene.lua\"]:49>"
    }
]