[
    {
        "logtime": "2019/07/03 14:15:31",
        "logdata": "[string \".\\game/xiuxian/shuiguolaba/src/views/layer/Ga...\"]:952: attempt to perform arithmetic on field 'time' (a nil value)\nstack traceback:"
    },
    {
        "logtime": "2019/07/03 14:15:32",
        "logdata": "[string \".\\game/xiuxian/shuiguolaba/src/views/layer/Ga...\"]:952: attempt to perform arithmetic on field 'time' (a nil value)\nstack traceback:"
    },
    {
        "logtime": "2019/07/03 14:15:35",
        "logdata": "LogonScene.onceExcute"
    },
    {
        "logtime": "2019/07/03 14:15:35",
        "logdata": "http://www.fuannainc.top/"
    },
    {
        "logtime": "2019/07/03 14:15:35",
        "logdata": "url"
    },
    {
        "logtime": "2019/07/03 14:15:35",
        "logdata": "http://www.fuannainc.top//ws/MobileInterface.ashx?action=GetMobileLoginNotice"
    },
    {
        "logtime": "2019/07/03 14:15:35",
        "logdata": ""
    },
    {
        "logtime": "2019/07/03 14:15:37",
        "logdata": "url"
    },
    {
        "logtime": "2019/07/03 14:15:37",
        "logdata": "http://apis.juhe.cn/ip/ip2addr?ip=58.23.48.188&key=74bb0395667b8d0588df9ebd6fc36a12"
    },
    {
        "logtime": "2019/07/03 14:15:37",
        "logdata": ""
    },
    {
        "logtime": "2019/07/03 14:15:37",
        "logdata": "onLogonCallBack"
    },
    {
        "logtime": "2019/07/03 14:15:37",
        "logdata": "http://www.fuannainc.top/"
    },
    {
        "logtime": "2019/07/03 14:15:37",
        "logdata": "url"
    },
    {
        "logtime": "2019/07/03 14:15:37",
        "logdata": "http://www.fuannainc.top//WS/MobileInterface.ashx"
    },
    {
        "logtime": "2019/07/03 14:15:37",
        "logdata": "action=GetMobileShareConfig&userid=120187&time=1562134537&signature=5A62C96A9EFB2777517EE923C6CD7EBE"
    },
    {
        "logtime": "2019/07/03 14:15:39",
        "logdata": "url"
    },
    {
        "logtime": "2019/07/03 14:15:39",
        "logdata": "http://www.fuannainc.top//WS/MobileInterface.ashx?action=GetMobileRollNotice"
    },
    {
        "logtime": "2019/07/03 14:15:39",
        "logdata": ""
    },
    {
        "logtime": "2019/07/03 14:15:43",
        "logdata": null
    },
    {
        "logtime": "2019/07/03 14:15:43",
        "logdata": "onEnterGame"
    },
    {
        "logtime": "2019/07/03 14:15:43",
        "logdata": {
            "_ServerResVersion": 10,
            "_Active": true,
            "_KindVersion": "101122049",
            "_KindType": 1,
            "_Module": "xiuxian/shuiguolaba/",
            "_KindID": "406",
            "_Type": "xiuxian",
            "_KindName": "xiuxian.shuiguolaba.",
            "_SortId": 0
        }
    },
    {
        "logtime": "2019/07/03 14:15:43",
        "logdata": "GlobalUserItem.getCurGameKind()"
    },
    {
        "logtime": "2019/07/03 14:15:43",
        "logdata": 406
    },
    {
        "logtime": "2019/07/03 14:15:44",
        "logdata": "url"
    },
    {
        "logtime": "2019/07/03 14:15:44",
        "logdata": "http://apis.juhe.cn/ip/ip2addr?ip=58.23.48.188&key=74bb0395667b8d0588df9ebd6fc36a12"
    },
    {
        "logtime": "2019/07/03 14:15:44",
        "logdata": ""
    },
    {
        "logtime": "2019/07/03 14:15:44",
        "logdata": "url"
    },
    {
        "logtime": "2019/07/03 14:15:44",
        "logdata": "http://apis.juhe.cn/ip/ip2addr?ip=58.23.48.188&key=74bb0395667b8d0588df9ebd6fc36a12"
    },
    {
        "logtime": "2019/07/03 14:15:44",
        "logdata": ""
    },
    {
        "logtime": "2019/07/03 14:15:44",
        "logdata": "url"
    },
    {
        "logtime": "2019/07/03 14:15:44",
        "logdata": "http://apis.juhe.cn/ip/ip2addr?ip=58.23.48.188&key=74bb0395667b8d0588df9ebd6fc36a12"
    },
    {
        "logtime": "2019/07/03 14:15:44",
        "logdata": ""
    },
    {
        "logtime": "2019/07/03 14:15:44",
        "logdata": "url"
    },
    {
        "logtime": "2019/07/03 14:15:44",
        "logdata": "http://apis.juhe.cn/ip/ip2addr?ip=58.23.48.188&key=74bb0395667b8d0588df9ebd6fc36a12"
    },
    {
        "logtime": "2019/07/03 14:15:44",
        "logdata": ""
    },
    {
        "logtime": "2019/07/03 14:15:44",
        "logdata": {
            "_ServerResVersion": 10,
            "_Active": true,
            "_KindVersion": "101122049",
            "_KindType": 1,
            "_Module": "xiuxian/shuiguolaba/",
            "_KindID": "406",
            "_Type": "xiuxian",
            "nSitChair": 65535,
            "_KindName": "xiuxian.shuiguolaba.",
            "nEnterRoomIndex": 1,
            "nSitTable": 65535,
            "_SortId": 0
        }
    },
    {
        "logtime": "2019/07/03 14:15:44",
        "logdata": "modulestr"
    },
    {
        "logtime": "2019/07/03 14:15:44",
        "logdata": "xiuxian/shuiguolaba/"
    }
]