[
    {
        "logtime": "2019/07/03 09:45:00",
        "logdata": "url"
    },
    {
        "logtime": "2019/07/03 09:45:00",
        "logdata": "http://apis.juhe.cn/ip/ip2addr?ip=58.23.48.188&key=74bb0395667b8d0588df9ebd6fc36a12"
    },
    {
        "logtime": "2019/07/03 09:45:00",
        "logdata": ""
    },
    {
        "logtime": "2019/07/03 09:45:00",
        "logdata": "onLogonCallBack"
    },
    {
        "logtime": "2019/07/03 09:45:00",
        "logdata": "http://www.fuannainc.top/"
    },
    {
        "logtime": "2019/07/03 09:45:00",
        "logdata": "url"
    },
    {
        "logtime": "2019/07/03 09:45:00",
        "logdata": "http://www.fuannainc.top//WS/MobileInterface.ashx"
    },
    {
        "logtime": "2019/07/03 09:45:00",
        "logdata": "action=GetMobileShareConfig&userid=120187&time=1562118300&signature=2C8C65F42D824BD2B68C12C923085DC0"
    },
    {
        "logtime": "2019/07/03 09:45:01",
        "logdata": "url"
    },
    {
        "logtime": "2019/07/03 09:45:01",
        "logdata": "http://www.fuannainc.top//WS/MobileInterface.ashx?action=GetMobileRollNotice"
    },
    {
        "logtime": "2019/07/03 09:45:01",
        "logdata": ""
    },
    {
        "logtime": "2019/07/03 09:45:03",
        "logdata": "url"
    },
    {
        "logtime": "2019/07/03 09:45:03",
        "logdata": "http://apis.juhe.cn/ip/ip2addr?ip=58.23.48.188&key=74bb0395667b8d0588df9ebd6fc36a12"
    },
    {
        "logtime": "2019/07/03 09:45:03",
        "logdata": ""
    },
    {
        "logtime": "2019/07/03 09:45:03",
        "logdata": "url"
    },
    {
        "logtime": "2019/07/03 09:45:03",
        "logdata": "http://apis.juhe.cn/ip/ip2addr?ip=58.23.48.188&key=74bb0395667b8d0588df9ebd6fc36a12"
    },
    {
        "logtime": "2019/07/03 09:45:03",
        "logdata": ""
    },
    {
        "logtime": "2019/07/03 09:45:03",
        "logdata": "url"
    },
    {
        "logtime": "2019/07/03 09:45:03",
        "logdata": "http://apis.juhe.cn/ip/ip2addr?ip=58.23.48.188&key=74bb0395667b8d0588df9ebd6fc36a12"
    },
    {
        "logtime": "2019/07/03 09:45:03",
        "logdata": ""
    },
    {
        "logtime": "2019/07/03 09:45:03",
        "logdata": "url"
    },
    {
        "logtime": "2019/07/03 09:45:03",
        "logdata": "http://apis.juhe.cn/ip/ip2addr?ip=58.23.48.188&key=74bb0395667b8d0588df9ebd6fc36a12"
    },
    {
        "logtime": "2019/07/03 09:45:03",
        "logdata": ""
    },
    {
        "logtime": "2019/07/03 09:45:03",
        "logdata": {
            "_ServerResVersion": 10,
            "_Active": true,
            "_KindVersion": "101122049",
            "_KindType": 1,
            "_Module": "xiuxian/shuiguolaba/",
            "_KindID": "406",
            "_Type": "xiuxian",
            "_KindName": "xiuxian.shuiguolaba.",
            "nEnterRoomIndex": 1,
            "_SortId": 0
        }
    },
    {
        "logtime": "2019/07/03 09:45:03",
        "logdata": "modulestr"
    },
    {
        "logtime": "2019/07/03 09:45:03",
        "logdata": "xiuxian/shuiguolaba/"
    },
    {
        "logtime": "2019/07/03 09:45:07",
        "logdata": null
    },
    {
        "logtime": "2019/07/03 09:45:07",
        "logdata": "onEnterGame"
    },
    {
        "logtime": "2019/07/03 09:45:07",
        "logdata": {
            "_ServerResVersion": 10,
            "_Active": true,
            "_KindVersion": "101122049",
            "_KindType": 1,
            "_Module": "xiuxian/shuiguolaba/",
            "_KindID": "406",
            "_Type": "xiuxian",
            "_KindName": "xiuxian.shuiguolaba.",
            "nEnterRoomIndex": 1,
            "_SortId": 0
        }
    },
    {
        "logtime": "2019/07/03 09:45:07",
        "logdata": "GlobalUserItem.getCurGameKind()"
    },
    {
        "logtime": "2019/07/03 09:45:07",
        "logdata": 406
    },
    {
        "logtime": "2019/07/03 09:45:09",
        "logdata": "url"
    },
    {
        "logtime": "2019/07/03 09:45:09",
        "logdata": "http://apis.juhe.cn/ip/ip2addr?ip=58.23.48.188&key=74bb0395667b8d0588df9ebd6fc36a12"
    },
    {
        "logtime": "2019/07/03 09:45:09",
        "logdata": ""
    },
    {
        "logtime": "2019/07/03 09:45:09",
        "logdata": "url"
    },
    {
        "logtime": "2019/07/03 09:45:09",
        "logdata": "http://apis.juhe.cn/ip/ip2addr?ip=58.23.48.188&key=74bb0395667b8d0588df9ebd6fc36a12"
    },
    {
        "logtime": "2019/07/03 09:45:09",
        "logdata": ""
    },
    {
        "logtime": "2019/07/03 09:45:09",
        "logdata": "url"
    },
    {
        "logtime": "2019/07/03 09:45:09",
        "logdata": "http://apis.juhe.cn/ip/ip2addr?ip=58.23.48.188&key=74bb0395667b8d0588df9ebd6fc36a12"
    },
    {
        "logtime": "2019/07/03 09:45:09",
        "logdata": ""
    },
    {
        "logtime": "2019/07/03 09:45:09",
        "logdata": "url"
    },
    {
        "logtime": "2019/07/03 09:45:09",
        "logdata": "http://apis.juhe.cn/ip/ip2addr?ip=58.23.48.188&key=74bb0395667b8d0588df9ebd6fc36a12"
    },
    {
        "logtime": "2019/07/03 09:45:09",
        "logdata": ""
    },
    {
        "logtime": "2019/07/03 09:45:09",
        "logdata": {
            "_ServerResVersion": 10,
            "_Active": true,
            "_KindVersion": "101122049",
            "_KindType": 1,
            "_Module": "xiuxian/shuiguolaba/",
            "_KindID": "406",
            "_Type": "xiuxian",
            "nSitChair": 65535,
            "_KindName": "xiuxian.shuiguolaba.",
            "nEnterRoomIndex": 1,
            "nSitTable": 65535,
            "_SortId": 0
        }
    },
    {
        "logtime": "2019/07/03 09:45:09",
        "logdata": "modulestr"
    },
    {
        "logtime": "2019/07/03 09:45:09",
        "logdata": "xiuxian/shuiguolaba/"
    }
]