[
    {
        "logtime": "2019/07/05 10:51:02",
        "logdata": "LogonScene.onceExcute"
    },
    {
        "logtime": "2019/07/05 10:51:02",
        "logdata": "http://www.fuannainc.top/"
    },
    {
        "logtime": "2019/07/05 10:51:02",
        "logdata": "url"
    },
    {
        "logtime": "2019/07/05 10:51:02",
        "logdata": "http://www.fuannainc.top//ws/MobileInterface.ashx?action=GetMobileLoginNotice"
    },
    {
        "logtime": "2019/07/05 10:51:02",
        "logdata": ""
    },
    {
        "logtime": "2019/07/05 10:51:04",
        "logdata": "url"
    },
    {
        "logtime": "2019/07/05 10:51:04",
        "logdata": "http://apis.juhe.cn/ip/ip2addr?ip=58.23.49.18&key=74bb0395667b8d0588df9ebd6fc36a12"
    },
    {
        "logtime": "2019/07/05 10:51:04",
        "logdata": ""
    },
    {
        "logtime": "2019/07/05 10:51:04",
        "logdata": "onLogonCallBack"
    },
    {
        "logtime": "2019/07/05 10:51:04",
        "logdata": "http://www.fuannainc.top/"
    },
    {
        "logtime": "2019/07/05 10:51:04",
        "logdata": "url"
    },
    {
        "logtime": "2019/07/05 10:51:04",
        "logdata": "http://www.fuannainc.top//WS/MobileInterface.ashx"
    },
    {
        "logtime": "2019/07/05 10:51:04",
        "logdata": "action=GetMobileShareConfig&userid=120187&time=1562295064&signature=99B1D0503207F2BE5D9E6DBA45DBBF89"
    },
    {
        "logtime": "2019/07/05 10:51:06",
        "logdata": "url"
    },
    {
        "logtime": "2019/07/05 10:51:06",
        "logdata": "http://www.fuannainc.top//WS/MobileInterface.ashx?action=GetMobileRollNotice"
    },
    {
        "logtime": "2019/07/05 10:51:06",
        "logdata": ""
    },
    {
        "logtime": "2019/07/05 10:51:12",
        "logdata": [
            {
                "main": 3,
                "kindid": 109,
                "len": 70,
                "sub": 220
            }
        ]
    },
    {
        "logtime": "2019/07/05 10:51:21",
        "logdata": {}
    },
    {
        "logtime": "2019/07/05 10:51:23",
        "logdata": null
    },
    {
        "logtime": "2019/07/05 10:51:23",
        "logdata": "onEnterGame"
    },
    {
        "logtime": "2019/07/05 10:51:23",
        "logdata": {
            "_ServerResVersion": 10,
            "_Active": true,
            "_KindVersion": "101122049",
            "_KindType": 1,
            "_Module": "xiuxian/shuiguolaba/",
            "_KindID": "406",
            "_Type": "xiuxian",
            "_KindName": "xiuxian.shuiguolaba.",
            "_SortId": 0
        }
    },
    {
        "logtime": "2019/07/05 10:51:23",
        "logdata": "GlobalUserItem.getCurGameKind()"
    },
    {
        "logtime": "2019/07/05 10:51:23",
        "logdata": 406
    },
    {
        "logtime": "2019/07/05 10:51:25",
        "logdata": "url"
    },
    {
        "logtime": "2019/07/05 10:51:25",
        "logdata": "http://apis.juhe.cn/ip/ip2addr?ip=58.23.49.18&key=74bb0395667b8d0588df9ebd6fc36a12"
    },
    {
        "logtime": "2019/07/05 10:51:25",
        "logdata": ""
    },
    {
        "logtime": "2019/07/05 10:51:29",
        "logdata": "LogonScene.onceExcute"
    },
    {
        "logtime": "2019/07/05 10:51:29",
        "logdata": "http://www.fuannainc.top/"
    },
    {
        "logtime": "2019/07/05 10:51:29",
        "logdata": "url"
    },
    {
        "logtime": "2019/07/05 10:51:29",
        "logdata": "http://www.fuannainc.top//ws/MobileInterface.ashx?action=GetMobileLoginNotice"
    },
    {
        "logtime": "2019/07/05 10:51:29",
        "logdata": ""
    },
    {
        "logtime": "2019/07/05 10:51:31",
        "logdata": "url"
    },
    {
        "logtime": "2019/07/05 10:51:31",
        "logdata": "http://apis.juhe.cn/ip/ip2addr?ip=58.23.49.18&key=74bb0395667b8d0588df9ebd6fc36a12"
    },
    {
        "logtime": "2019/07/05 10:51:31",
        "logdata": ""
    },
    {
        "logtime": "2019/07/05 10:51:31",
        "logdata": "onLogonCallBack"
    },
    {
        "logtime": "2019/07/05 10:51:31",
        "logdata": "http://www.fuannainc.top/"
    },
    {
        "logtime": "2019/07/05 10:51:31",
        "logdata": "url"
    },
    {
        "logtime": "2019/07/05 10:51:31",
        "logdata": "http://www.fuannainc.top//WS/MobileInterface.ashx"
    },
    {
        "logtime": "2019/07/05 10:51:31",
        "logdata": "action=GetMobileShareConfig&userid=120187&time=1562295091&signature=6610FE1F5D2F70828E49798F3C546377"
    },
    {
        "logtime": "2019/07/05 10:51:33",
        "logdata": "url"
    },
    {
        "logtime": "2019/07/05 10:51:33",
        "logdata": "http://www.fuannainc.top//WS/MobileInterface.ashx?action=GetMobileRollNotice"
    },
    {
        "logtime": "2019/07/05 10:51:33",
        "logdata": ""
    },
    {
        "logtime": "2019/07/05 10:51:38",
        "logdata": 6
    },
    {
        "logtime": "2019/07/05 10:51:38",
        "logdata": "onEnterGame"
    },
    {
        "logtime": "2019/07/05 10:51:38",
        "logdata": {
            "_ServerResVersion": 6,
            "_Active": true,
            "_KindVersion": "101122049",
            "_KindType": 2,
            "_Module": "yule/redninebattle/",
            "_KindID": "109",
            "_Type": "yule",
            "_KindName": "yule.redninebattle.",
            "_SortId": 12
        }
    },
    {
        "logtime": "2019/07/05 10:51:38",
        "logdata": "GlobalUserItem.getCurGameKind()"
    },
    {
        "logtime": "2019/07/05 10:51:38",
        "logdata": 109
    },
    {
        "logtime": "2019/07/05 10:51:39",
        "logdata": "url"
    },
    {
        "logtime": "2019/07/05 10:51:39",
        "logdata": "http://apis.juhe.cn/ip/ip2addr?ip=58.23.49.18&key=74bb0395667b8d0588df9ebd6fc36a12"
    },
    {
        "logtime": "2019/07/05 10:51:39",
        "logdata": ""
    },
    {
        "logtime": "2019/07/05 10:51:39",
        "logdata": "url"
    },
    {
        "logtime": "2019/07/05 10:51:39",
        "logdata": "http://apis.juhe.cn/ip/ip2addr?ip=121.77.131.126&key=74bb0395667b8d0588df9ebd6fc36a12"
    },
    {
        "logtime": "2019/07/05 10:51:39",
        "logdata": ""
    },
    {
        "logtime": "2019/07/05 10:51:39",
        "logdata": "url"
    },
    {
        "logtime": "2019/07/05 10:51:39",
        "logdata": "http://apis.juhe.cn/ip/ip2addr?ip=121.76.175.142&key=74bb0395667b8d0588df9ebd6fc36a12"
    },
    {
        "logtime": "2019/07/05 10:51:39",
        "logdata": ""
    },
    {
        "logtime": "2019/07/05 10:51:39",
        "logdata": "url"
    },
    {
        "logtime": "2019/07/05 10:51:39",
        "logdata": "http://apis.juhe.cn/ip/ip2addr?ip=106.82.233.58&key=74bb0395667b8d0588df9ebd6fc36a12"
    },
    {
        "logtime": "2019/07/05 10:51:39",
        "logdata": ""
    },
    {
        "logtime": "2019/07/05 10:51:39",
        "logdata": "url"
    },
    {
        "logtime": "2019/07/05 10:51:39",
        "logdata": "http://apis.juhe.cn/ip/ip2addr?ip=61.237.219.173&key=74bb0395667b8d0588df9ebd6fc36a12"
    },
    {
        "logtime": "2019/07/05 10:51:39",
        "logdata": ""
    },
    {
        "logtime": "2019/07/05 10:51:39",
        "logdata": "url"
    },
    {
        "logtime": "2019/07/05 10:51:39",
        "logdata": "http://apis.juhe.cn/ip/ip2addr?ip=36.61.22.125&key=74bb0395667b8d0588df9ebd6fc36a12"
    },
    {
        "logtime": "2019/07/05 10:51:39",
        "logdata": ""
    },
    {
        "logtime": "2019/07/05 10:51:39",
        "logdata": "url"
    },
    {
        "logtime": "2019/07/05 10:51:39",
        "logdata": "http://apis.juhe.cn/ip/ip2addr?ip=182.89.25.227&key=74bb0395667b8d0588df9ebd6fc36a12"
    },
    {
        "logtime": "2019/07/05 10:51:39",
        "logdata": ""
    },
    {
        "logtime": "2019/07/05 10:51:39",
        "logdata": "url"
    },
    {
        "logtime": "2019/07/05 10:51:39",
        "logdata": "http://apis.juhe.cn/ip/ip2addr?ip=36.62.129.194&key=74bb0395667b8d0588df9ebd6fc36a12"
    },
    {
        "logtime": "2019/07/05 10:51:39",
        "logdata": ""
    },
    {
        "logtime": "2019/07/05 10:51:39",
        "logdata": "url"
    },
    {
        "logtime": "2019/07/05 10:51:39",
        "logdata": "http://apis.juhe.cn/ip/ip2addr?ip=182.85.249.113&key=74bb0395667b8d0588df9ebd6fc36a12"
    },
    {
        "logtime": "2019/07/05 10:51:39",
        "logdata": ""
    },
    {
        "logtime": "2019/07/05 10:51:39",
        "logdata": "url"
    },
    {
        "logtime": "2019/07/05 10:51:39",
        "logdata": "http://apis.juhe.cn/ip/ip2addr?ip=123.233.209.68&key=74bb0395667b8d0588df9ebd6fc36a12"
    },
    {
        "logtime": "2019/07/05 10:51:39",
        "logdata": ""
    },
    {
        "logtime": "2019/07/05 10:51:39",
        "logdata": "url"
    },
    {
        "logtime": "2019/07/05 10:51:39",
        "logdata": "http://apis.juhe.cn/ip/ip2addr?ip=139.200.158.211&key=74bb0395667b8d0588df9ebd6fc36a12"
    },
    {
        "logtime": "2019/07/05 10:51:39",
        "logdata": ""
    },
    {
        "logtime": "2019/07/05 10:51:39",
        "logdata": "url"
    },
    {
        "logtime": "2019/07/05 10:51:39",
        "logdata": "http://apis.juhe.cn/ip/ip2addr?ip=106.94.4.131&key=74bb0395667b8d0588df9ebd6fc36a12"
    },
    {
        "logtime": "2019/07/05 10:51:39",
        "logdata": ""
    },
    {
        "logtime": "2019/07/05 10:51:39",
        "logdata": "url"
    },
    {
        "logtime": "2019/07/05 10:51:39",
        "logdata": "http://apis.juhe.cn/ip/ip2addr?ip=36.56.95.100&key=74bb0395667b8d0588df9ebd6fc36a12"
    },
    {
        "logtime": "2019/07/05 10:51:39",
        "logdata": ""
    },
    {
        "logtime": "2019/07/05 10:51:39",
        "logdata": "url"
    },
    {
        "logtime": "2019/07/05 10:51:39",
        "logdata": "http://apis.juhe.cn/ip/ip2addr?ip=61.234.130.119&key=74bb0395667b8d0588df9ebd6fc36a12"
    },
    {
        "logtime": "2019/07/05 10:51:39",
        "logdata": ""
    },
    {
        "logtime": "2019/07/05 10:51:39",
        "logdata": "url"
    },
    {
        "logtime": "2019/07/05 10:51:39",
        "logdata": "http://apis.juhe.cn/ip/ip2addr?ip=139.198.188.210&key=74bb0395667b8d0588df9ebd6fc36a12"
    },
    {
        "logtime": "2019/07/05 10:51:39",
        "logdata": ""
    },
    {
        "logtime": "2019/07/05 10:51:39",
        "logdata": "url"
    },
    {
        "logtime": "2019/07/05 10:51:39",
        "logdata": "http://apis.juhe.cn/ip/ip2addr?ip=61.233.49.60&key=74bb0395667b8d0588df9ebd6fc36a12"
    },
    {
        "logtime": "2019/07/05 10:51:39",
        "logdata": ""
    },
    {
        "logtime": "2019/07/05 10:51:39",
        "logdata": "url"
    },
    {
        "logtime": "2019/07/05 10:51:39",
        "logdata": "http://apis.juhe.cn/ip/ip2addr?ip=106.92.35.103&key=74bb0395667b8d0588df9ebd6fc36a12"
    },
    {
        "logtime": "2019/07/05 10:51:39",
        "logdata": ""
    },
    {
        "logtime": "2019/07/05 10:51:39",
        "logdata": "url"
    },
    {
        "logtime": "2019/07/05 10:51:39",
        "logdata": "http://apis.juhe.cn/ip/ip2addr?ip=139.210.59.213&key=74bb0395667b8d0588df9ebd6fc36a12"
    },
    {
        "logtime": "2019/07/05 10:51:39",
        "logdata": ""
    },
    {
        "logtime": "2019/07/05 10:51:39",
        "logdata": "url"
    },
    {
        "logtime": "2019/07/05 10:51:39",
        "logdata": "http://apis.juhe.cn/ip/ip2addr?ip=106.95.15.198&key=74bb0395667b8d0588df9ebd6fc36a12"
    },
    {
        "logtime": "2019/07/05 10:51:39",
        "logdata": ""
    },
    {
        "logtime": "2019/07/05 10:51:39",
        "logdata": "url"
    },
    {
        "logtime": "2019/07/05 10:51:39",
        "logdata": "http://apis.juhe.cn/ip/ip2addr?ip=121.76.183.245&key=74bb0395667b8d0588df9ebd6fc36a12"
    },
    {
        "logtime": "2019/07/05 10:51:39",
        "logdata": ""
    },
    {
        "logtime": "2019/07/05 10:51:39",
        "logdata": "url"
    },
    {
        "logtime": "2019/07/05 10:51:39",
        "logdata": "http://apis.juhe.cn/ip/ip2addr?ip=106.85.138.7&key=74bb0395667b8d0588df9ebd6fc36a12"
    },
    {
        "logtime": "2019/07/05 10:51:39",
        "logdata": ""
    },
    {
        "logtime": "2019/07/05 10:51:39",
        "logdata": "url"
    },
    {
        "logtime": "2019/07/05 10:51:39",
        "logdata": "http://apis.juhe.cn/ip/ip2addr?ip=139.211.225.47&key=74bb0395667b8d0588df9ebd6fc36a12"
    },
    {
        "logtime": "2019/07/05 10:51:39",
        "logdata": ""
    },
    {
        "logtime": "2019/07/05 10:51:39",
        "logdata": "url"
    },
    {
        "logtime": "2019/07/05 10:51:39",
        "logdata": "http://apis.juhe.cn/ip/ip2addr?ip=139.202.77.159&key=74bb0395667b8d0588df9ebd6fc36a12"
    },
    {
        "logtime": "2019/07/05 10:51:39",
        "logdata": ""
    },
    {
        "logtime": "2019/07/05 10:51:39",
        "logdata": "url"
    },
    {
        "logtime": "2019/07/05 10:51:39",
        "logdata": "http://apis.juhe.cn/ip/ip2addr?ip=123.235.29.38&key=74bb0395667b8d0588df9ebd6fc36a12"
    },
    {
        "logtime": "2019/07/05 10:51:39",
        "logdata": ""
    },
    {
        "logtime": "2019/07/05 10:51:39",
        "logdata": "url"
    },
    {
        "logtime": "2019/07/05 10:51:39",
        "logdata": "http://apis.juhe.cn/ip/ip2addr?ip=106.92.35.8&key=74bb0395667b8d0588df9ebd6fc36a12"
    },
    {
        "logtime": "2019/07/05 10:51:39",
        "logdata": ""
    },
    {
        "logtime": "2019/07/05 10:51:39",
        "logdata": "url"
    },
    {
        "logtime": "2019/07/05 10:51:39",
        "logdata": "http://apis.juhe.cn/ip/ip2addr?ip=106.86.73.155&key=74bb0395667b8d0588df9ebd6fc36a12"
    },
    {
        "logtime": "2019/07/05 10:51:39",
        "logdata": ""
    },
    {
        "logtime": "2019/07/05 10:51:39",
        "logdata": "url"
    },
    {
        "logtime": "2019/07/05 10:51:39",
        "logdata": "http://apis.juhe.cn/ip/ip2addr?ip=106.87.71.60&key=74bb0395667b8d0588df9ebd6fc36a12"
    },
    {
        "logtime": "2019/07/05 10:51:39",
        "logdata": ""
    },
    {
        "logtime": "2019/07/05 10:51:39",
        "logdata": "url"
    },
    {
        "logtime": "2019/07/05 10:51:39",
        "logdata": "http://apis.juhe.cn/ip/ip2addr?ip=222.55.242.125&key=74bb0395667b8d0588df9ebd6fc36a12"
    },
    {
        "logtime": "2019/07/05 10:51:39",
        "logdata": ""
    },
    {
        "logtime": "2019/07/05 10:51:39",
        "logdata": "url"
    },
    {
        "logtime": "2019/07/05 10:51:39",
        "logdata": "http://apis.juhe.cn/ip/ip2addr?ip=210.39.186.33&key=74bb0395667b8d0588df9ebd6fc36a12"
    },
    {
        "logtime": "2019/07/05 10:51:39",
        "logdata": ""
    },
    {
        "logtime": "2019/07/05 10:51:39",
        "logdata": "url"
    },
    {
        "logtime": "2019/07/05 10:51:39",
        "logdata": "http://apis.juhe.cn/ip/ip2addr?ip=210.40.224.29&key=74bb0395667b8d0588df9ebd6fc36a12"
    },
    {
        "logtime": "2019/07/05 10:51:39",
        "logdata": ""
    },
    {
        "logtime": "2019/07/05 10:51:39",
        "logdata": "url"
    },
    {
        "logtime": "2019/07/05 10:51:39",
        "logdata": "http://apis.juhe.cn/ip/ip2addr?ip=171.14.80.44&key=74bb0395667b8d0588df9ebd6fc36a12"
    },
    {
        "logtime": "2019/07/05 10:51:39",
        "logdata": ""
    },
    {
        "logtime": "2019/07/05 10:51:39",
        "logdata": "url"
    },
    {
        "logtime": "2019/07/05 10:51:40",
        "logdata": "http://apis.juhe.cn/ip/ip2addr?ip=121.77.173.100&key=74bb0395667b8d0588df9ebd6fc36a12"
    },
    {
        "logtime": "2019/07/05 10:51:40",
        "logdata": ""
    },
    {
        "logtime": "2019/07/05 10:51:40",
        "logdata": "url"
    },
    {
        "logtime": "2019/07/05 10:51:40",
        "logdata": "http://apis.juhe.cn/ip/ip2addr?ip=210.46.127.130&key=74bb0395667b8d0588df9ebd6fc36a12"
    },
    {
        "logtime": "2019/07/05 10:51:40",
        "logdata": ""
    },
    {
        "logtime": "2019/07/05 10:51:40",
        "logdata": "url"
    },
    {
        "logtime": "2019/07/05 10:51:40",
        "logdata": "http://apis.juhe.cn/ip/ip2addr?ip=222.84.39.27&key=74bb0395667b8d0588df9ebd6fc36a12"
    },
    {
        "logtime": "2019/07/05 10:51:40",
        "logdata": ""
    },
    {
        "logtime": "2019/07/05 10:51:40",
        "logdata": "url"
    },
    {
        "logtime": "2019/07/05 10:51:40",
        "logdata": "http://apis.juhe.cn/ip/ip2addr?ip=139.214.243.236&key=74bb0395667b8d0588df9ebd6fc36a12"
    },
    {
        "logtime": "2019/07/05 10:51:40",
        "logdata": ""
    },
    {
        "logtime": "2019/07/05 10:51:40",
        "logdata": "url"
    },
    {
        "logtime": "2019/07/05 10:51:40",
        "logdata": "http://apis.juhe.cn/ip/ip2addr?ip=171.14.214.196&key=74bb0395667b8d0588df9ebd6fc36a12"
    },
    {
        "logtime": "2019/07/05 10:51:40",
        "logdata": ""
    },
    {
        "logtime": "2019/07/05 10:51:40",
        "logdata": "url"
    },
    {
        "logtime": "2019/07/05 10:51:40",
        "logdata": "http://apis.juhe.cn/ip/ip2addr?ip=36.63.52.116&key=74bb0395667b8d0588df9ebd6fc36a12"
    },
    {
        "logtime": "2019/07/05 10:51:40",
        "logdata": ""
    },
    {
        "logtime": "2019/07/05 10:51:40",
        "logdata": "url"
    },
    {
        "logtime": "2019/07/05 10:51:40",
        "logdata": "http://apis.juhe.cn/ip/ip2addr?ip=106.84.31.146&key=74bb0395667b8d0588df9ebd6fc36a12"
    },
    {
        "logtime": "2019/07/05 10:51:40",
        "logdata": ""
    },
    {
        "logtime": "2019/07/05 10:51:40",
        "logdata": "url"
    },
    {
        "logtime": "2019/07/05 10:51:40",
        "logdata": "http://apis.juhe.cn/ip/ip2addr?ip=36.62.246.239&key=74bb0395667b8d0588df9ebd6fc36a12"
    },
    {
        "logtime": "2019/07/05 10:51:40",
        "logdata": ""
    },
    {
        "logtime": "2019/07/05 10:51:40",
        "logdata": "url"
    },
    {
        "logtime": "2019/07/05 10:51:40",
        "logdata": "http://apis.juhe.cn/ip/ip2addr?ip=222.18.163.96&key=74bb0395667b8d0588df9ebd6fc36a12"
    },
    {
        "logtime": "2019/07/05 10:51:40",
        "logdata": ""
    },
    {
        "logtime": "2019/07/05 10:51:40",
        "logdata": "url"
    },
    {
        "logtime": "2019/07/05 10:51:40",
        "logdata": "http://apis.juhe.cn/ip/ip2addr?ip=139.213.132.133&key=74bb0395667b8d0588df9ebd6fc36a12"
    },
    {
        "logtime": "2019/07/05 10:51:40",
        "logdata": ""
    },
    {
        "logtime": "2019/07/05 10:51:40",
        "logdata": "url"
    },
    {
        "logtime": "2019/07/05 10:51:40",
        "logdata": "http://apis.juhe.cn/ip/ip2addr?ip=210.39.138.200&key=74bb0395667b8d0588df9ebd6fc36a12"
    },
    {
        "logtime": "2019/07/05 10:51:40",
        "logdata": ""
    },
    {
        "logtime": "2019/07/05 10:51:40",
        "logdata": "url"
    },
    {
        "logtime": "2019/07/05 10:51:40",
        "logdata": "http://apis.juhe.cn/ip/ip2addr?ip=121.77.74.244&key=74bb0395667b8d0588df9ebd6fc36a12"
    },
    {
        "logtime": "2019/07/05 10:51:40",
        "logdata": ""
    },
    {
        "logtime": "2019/07/05 10:51:40",
        "logdata": "url"
    },
    {
        "logtime": "2019/07/05 10:51:40",
        "logdata": "http://apis.juhe.cn/ip/ip2addr?ip=36.58.29.31&key=74bb0395667b8d0588df9ebd6fc36a12"
    },
    {
        "logtime": "2019/07/05 10:51:40",
        "logdata": ""
    },
    {
        "logtime": "2019/07/05 10:51:40",
        "logdata": "url"
    },
    {
        "logtime": "2019/07/05 10:51:40",
        "logdata": "http://apis.juhe.cn/ip/ip2addr?ip=123.235.32.4&key=74bb0395667b8d0588df9ebd6fc36a12"
    },
    {
        "logtime": "2019/07/05 10:51:40",
        "logdata": ""
    },
    {
        "logtime": "2019/07/05 10:51:40",
        "logdata": "url"
    },
    {
        "logtime": "2019/07/05 10:51:40",
        "logdata": "http://apis.juhe.cn/ip/ip2addr?ip=171.10.202.191&key=74bb0395667b8d0588df9ebd6fc36a12"
    },
    {
        "logtime": "2019/07/05 10:51:40",
        "logdata": ""
    },
    {
        "logtime": "2019/07/05 10:51:40",
        "logdata": "url"
    },
    {
        "logtime": "2019/07/05 10:51:40",
        "logdata": "http://apis.juhe.cn/ip/ip2addr?ip=222.56.26.226&key=74bb0395667b8d0588df9ebd6fc36a12"
    },
    {
        "logtime": "2019/07/05 10:51:40",
        "logdata": ""
    },
    {
        "logtime": "2019/07/05 10:51:40",
        "logdata": "url"
    },
    {
        "logtime": "2019/07/05 10:51:40",
        "logdata": "http://apis.juhe.cn/ip/ip2addr?ip=222.33.179.124&key=74bb0395667b8d0588df9ebd6fc36a12"
    },
    {
        "logtime": "2019/07/05 10:51:40",
        "logdata": ""
    },
    {
        "logtime": "2019/07/05 10:51:40",
        "logdata": "url"
    },
    {
        "logtime": "2019/07/05 10:51:40",
        "logdata": "http://apis.juhe.cn/ip/ip2addr?ip=121.76.232.62&key=74bb0395667b8d0588df9ebd6fc36a12"
    },
    {
        "logtime": "2019/07/05 10:51:40",
        "logdata": ""
    },
    {
        "logtime": "2019/07/05 10:51:40",
        "logdata": "url"
    },
    {
        "logtime": "2019/07/05 10:51:40",
        "logdata": "http://apis.juhe.cn/ip/ip2addr?ip=210.35.35.178&key=74bb0395667b8d0588df9ebd6fc36a12"
    },
    {
        "logtime": "2019/07/05 10:51:40",
        "logdata": ""
    },
    {
        "logtime": "2019/07/05 10:51:40",
        "logdata": "url"
    },
    {
        "logtime": "2019/07/05 10:51:40",
        "logdata": "http://apis.juhe.cn/ip/ip2addr?ip=139.196.225.237&key=74bb0395667b8d0588df9ebd6fc36a12"
    },
    {
        "logtime": "2019/07/05 10:51:40",
        "logdata": ""
    },
    {
        "logtime": "2019/07/05 10:51:40",
        "logdata": "url"
    },
    {
        "logtime": "2019/07/05 10:51:40",
        "logdata": "http://apis.juhe.cn/ip/ip2addr?ip=210.27.87.62&key=74bb0395667b8d0588df9ebd6fc36a12"
    },
    {
        "logtime": "2019/07/05 10:51:40",
        "logdata": ""
    },
    {
        "logtime": "2019/07/05 10:51:40",
        "logdata": "url"
    },
    {
        "logtime": "2019/07/05 10:51:40",
        "logdata": "http://apis.juhe.cn/ip/ip2addr?ip=61.232.31.98&key=74bb0395667b8d0588df9ebd6fc36a12"
    },
    {
        "logtime": "2019/07/05 10:51:40",
        "logdata": ""
    },
    {
        "logtime": "2019/07/05 10:51:40",
        "logdata": "url"
    },
    {
        "logtime": "2019/07/05 10:51:40",
        "logdata": "http://apis.juhe.cn/ip/ip2addr?ip=121.77.244.142&key=74bb0395667b8d0588df9ebd6fc36a12"
    },
    {
        "logtime": "2019/07/05 10:51:40",
        "logdata": ""
    },
    {
        "logtime": "2019/07/05 10:51:40",
        "logdata": "url"
    },
    {
        "logtime": "2019/07/05 10:51:40",
        "logdata": "http://apis.juhe.cn/ip/ip2addr?ip=139.214.98.254&key=74bb0395667b8d0588df9ebd6fc36a12"
    },
    {
        "logtime": "2019/07/05 10:51:40",
        "logdata": ""
    },
    {
        "logtime": "2019/07/05 10:51:40",
        "logdata": "url"
    },
    {
        "logtime": "2019/07/05 10:51:40",
        "logdata": "http://apis.juhe.cn/ip/ip2addr?ip=139.198.132.207&key=74bb0395667b8d0588df9ebd6fc36a12"
    },
    {
        "logtime": "2019/07/05 10:51:40",
        "logdata": ""
    },
    {
        "logtime": "2019/07/05 10:51:40",
        "logdata": "url"
    },
    {
        "logtime": "2019/07/05 10:51:40",
        "logdata": "http://apis.juhe.cn/ip/ip2addr?ip=222.74.139.74&key=74bb0395667b8d0588df9ebd6fc36a12"
    },
    {
        "logtime": "2019/07/05 10:51:40",
        "logdata": ""
    },
    {
        "logtime": "2019/07/05 10:51:40",
        "logdata": "url"
    },
    {
        "logtime": "2019/07/05 10:51:40",
        "logdata": "http://apis.juhe.cn/ip/ip2addr?ip=61.235.12.37&key=74bb0395667b8d0588df9ebd6fc36a12"
    },
    {
        "logtime": "2019/07/05 10:51:40",
        "logdata": ""
    },
    {
        "logtime": "2019/07/05 10:51:40",
        "logdata": "url"
    },
    {
        "logtime": "2019/07/05 10:51:40",
        "logdata": "http://apis.juhe.cn/ip/ip2addr?ip=121.77.98.212&key=74bb0395667b8d0588df9ebd6fc36a12"
    },
    {
        "logtime": "2019/07/05 10:51:40",
        "logdata": ""
    },
    {
        "logtime": "2019/07/05 10:51:40",
        "logdata": "url"
    },
    {
        "logtime": "2019/07/05 10:51:40",
        "logdata": "http://apis.juhe.cn/ip/ip2addr?ip=106.86.55.20&key=74bb0395667b8d0588df9ebd6fc36a12"
    },
    {
        "logtime": "2019/07/05 10:51:40",
        "logdata": ""
    },
    {
        "logtime": "2019/07/05 10:51:40",
        "logdata": "url"
    },
    {
        "logtime": "2019/07/05 10:51:40",
        "logdata": "http://apis.juhe.cn/ip/ip2addr?ip=106.93.15.240&key=74bb0395667b8d0588df9ebd6fc36a12"
    },
    {
        "logtime": "2019/07/05 10:51:40",
        "logdata": ""
    },
    {
        "logtime": "2019/07/05 10:51:40",
        "logdata": "url"
    },
    {
        "logtime": "2019/07/05 10:51:40",
        "logdata": "http://apis.juhe.cn/ip/ip2addr?ip=106.91.179.82&key=74bb0395667b8d0588df9ebd6fc36a12"
    },
    {
        "logtime": "2019/07/05 10:51:40",
        "logdata": ""
    },
    {
        "logtime": "2019/07/05 10:51:40",
        "logdata": "url"
    },
    {
        "logtime": "2019/07/05 10:51:40",
        "logdata": "http://apis.juhe.cn/ip/ip2addr?ip=36.62.16.65&key=74bb0395667b8d0588df9ebd6fc36a12"
    },
    {
        "logtime": "2019/07/05 10:51:40",
        "logdata": ""
    },
    {
        "logtime": "2019/07/05 10:51:40",
        "logdata": "url"
    },
    {
        "logtime": "2019/07/05 10:51:40",
        "logdata": "http://apis.juhe.cn/ip/ip2addr?ip=139.199.170.54&key=74bb0395667b8d0588df9ebd6fc36a12"
    },
    {
        "logtime": "2019/07/05 10:51:40",
        "logdata": ""
    },
    {
        "logtime": "2019/07/05 10:51:40",
        "logdata": "url"
    },
    {
        "logtime": "2019/07/05 10:51:40",
        "logdata": "http://apis.juhe.cn/ip/ip2addr?ip=106.93.133.47&key=74bb0395667b8d0588df9ebd6fc36a12"
    },
    {
        "logtime": "2019/07/05 10:51:40",
        "logdata": ""
    },
    {
        "logtime": "2019/07/05 10:51:40",
        "logdata": "url"
    },
    {
        "logtime": "2019/07/05 10:51:40",
        "logdata": "http://apis.juhe.cn/ip/ip2addr?ip=123.233.180.244&key=74bb0395667b8d0588df9ebd6fc36a12"
    },
    {
        "logtime": "2019/07/05 10:51:40",
        "logdata": ""
    },
    {
        "logtime": "2019/07/05 10:51:40",
        "logdata": "url"
    },
    {
        "logtime": "2019/07/05 10:51:40",
        "logdata": "http://apis.juhe.cn/ip/ip2addr?ip=210.41.111.64&key=74bb0395667b8d0588df9ebd6fc36a12"
    },
    {
        "logtime": "2019/07/05 10:51:40",
        "logdata": ""
    },
    {
        "logtime": "2019/07/05 10:51:40",
        "logdata": "url"
    },
    {
        "logtime": "2019/07/05 10:51:40",
        "logdata": "http://apis.juhe.cn/ip/ip2addr?ip=36.59.233.161&key=74bb0395667b8d0588df9ebd6fc36a12"
    },
    {
        "logtime": "2019/07/05 10:51:40",
        "logdata": ""
    },
    {
        "logtime": "2019/07/05 10:51:40",
        "logdata": "url"
    },
    {
        "logtime": "2019/07/05 10:51:40",
        "logdata": "http://apis.juhe.cn/ip/ip2addr?ip=121.77.233.177&key=74bb0395667b8d0588df9ebd6fc36a12"
    },
    {
        "logtime": "2019/07/05 10:51:40",
        "logdata": ""
    },
    {
        "logtime": "2019/07/05 10:51:40",
        "logdata": "url"
    },
    {
        "logtime": "2019/07/05 10:51:40",
        "logdata": "http://apis.juhe.cn/ip/ip2addr?ip=139.213.110.16&key=74bb0395667b8d0588df9ebd6fc36a12"
    },
    {
        "logtime": "2019/07/05 10:51:40",
        "logdata": ""
    },
    {
        "logtime": "2019/07/05 10:51:40",
        "logdata": "url"
    },
    {
        "logtime": "2019/07/05 10:51:40",
        "logdata": "http://apis.juhe.cn/ip/ip2addr?ip=121.77.89.158&key=74bb0395667b8d0588df9ebd6fc36a12"
    },
    {
        "logtime": "2019/07/05 10:51:40",
        "logdata": ""
    },
    {
        "logtime": "2019/07/05 10:51:40",
        "logdata": "url"
    },
    {
        "logtime": "2019/07/05 10:51:40",
        "logdata": "http://apis.juhe.cn/ip/ip2addr?ip=61.237.174.200&key=74bb0395667b8d0588df9ebd6fc36a12"
    },
    {
        "logtime": "2019/07/05 10:51:40",
        "logdata": ""
    },
    {
        "logtime": "2019/07/05 10:51:40",
        "logdata": "url"
    },
    {
        "logtime": "2019/07/05 10:51:40",
        "logdata": "http://apis.juhe.cn/ip/ip2addr?ip=106.84.76.128&key=74bb0395667b8d0588df9ebd6fc36a12"
    },
    {
        "logtime": "2019/07/05 10:51:40",
        "logdata": ""
    },
    {
        "logtime": "2019/07/05 10:51:40",
        "logdata": "url"
    },
    {
        "logtime": "2019/07/05 10:51:40",
        "logdata": "http://apis.juhe.cn/ip/ip2addr?ip=139.213.4.161&key=74bb0395667b8d0588df9ebd6fc36a12"
    },
    {
        "logtime": "2019/07/05 10:51:40",
        "logdata": ""
    },
    {
        "logtime": "2019/07/05 10:51:40",
        "logdata": "url"
    },
    {
        "logtime": "2019/07/05 10:51:40",
        "logdata": "http://apis.juhe.cn/ip/ip2addr?ip=36.61.84.235&key=74bb0395667b8d0588df9ebd6fc36a12"
    },
    {
        "logtime": "2019/07/05 10:51:40",
        "logdata": ""
    },
    {
        "logtime": "2019/07/05 10:51:40",
        "logdata": "url"
    },
    {
        "logtime": "2019/07/05 10:51:40",
        "logdata": "http://apis.juhe.cn/ip/ip2addr?ip=222.60.119.102&key=74bb0395667b8d0588df9ebd6fc36a12"
    },
    {
        "logtime": "2019/07/05 10:51:40",
        "logdata": ""
    },
    {
        "logtime": "2019/07/05 10:51:40",
        "logdata": "url"
    },
    {
        "logtime": "2019/07/05 10:51:41",
        "logdata": "http://apis.juhe.cn/ip/ip2addr?ip=210.32.71.16&key=74bb0395667b8d0588df9ebd6fc36a12"
    },
    {
        "logtime": "2019/07/05 10:51:41",
        "logdata": ""
    },
    {
        "logtime": "2019/07/05 10:51:41",
        "logdata": "url"
    },
    {
        "logtime": "2019/07/05 10:51:41",
        "logdata": "http://apis.juhe.cn/ip/ip2addr?ip=36.63.136.246&key=74bb0395667b8d0588df9ebd6fc36a12"
    },
    {
        "logtime": "2019/07/05 10:51:41",
        "logdata": ""
    },
    {
        "logtime": "2019/07/05 10:51:41",
        "logdata": "url"
    },
    {
        "logtime": "2019/07/05 10:51:41",
        "logdata": "http://apis.juhe.cn/ip/ip2addr?ip=139.199.254.126&key=74bb0395667b8d0588df9ebd6fc36a12"
    },
    {
        "logtime": "2019/07/05 10:51:41",
        "logdata": ""
    },
    {
        "logtime": "2019/07/05 10:51:41",
        "logdata": "url"
    },
    {
        "logtime": "2019/07/05 10:51:41",
        "logdata": "http://apis.juhe.cn/ip/ip2addr?ip=106.88.14.187&key=74bb0395667b8d0588df9ebd6fc36a12"
    },
    {
        "logtime": "2019/07/05 10:51:41",
        "logdata": ""
    },
    {
        "logtime": "2019/07/05 10:51:41",
        "logdata": "url"
    },
    {
        "logtime": "2019/07/05 10:51:41",
        "logdata": "http://apis.juhe.cn/ip/ip2addr?ip=123.233.27.31&key=74bb0395667b8d0588df9ebd6fc36a12"
    },
    {
        "logtime": "2019/07/05 10:51:41",
        "logdata": ""
    },
    {
        "logtime": "2019/07/05 10:51:41",
        "logdata": "url"
    },
    {
        "logtime": "2019/07/05 10:51:41",
        "logdata": "http://apis.juhe.cn/ip/ip2addr?ip=121.77.14.69&key=74bb0395667b8d0588df9ebd6fc36a12"
    },
    {
        "logtime": "2019/07/05 10:51:41",
        "logdata": ""
    },
    {
        "logtime": "2019/07/05 10:51:41",
        "logdata": "url"
    },
    {
        "logtime": "2019/07/05 10:51:41",
        "logdata": "http://apis.juhe.cn/ip/ip2addr?ip=36.57.55.253&key=74bb0395667b8d0588df9ebd6fc36a12"
    },
    {
        "logtime": "2019/07/05 10:51:41",
        "logdata": ""
    },
    {
        "logtime": "2019/07/05 10:51:41",
        "logdata": "url"
    },
    {
        "logtime": "2019/07/05 10:51:41",
        "logdata": "http://apis.juhe.cn/ip/ip2addr?ip=61.236.48.101&key=74bb0395667b8d0588df9ebd6fc36a12"
    },
    {
        "logtime": "2019/07/05 10:51:41",
        "logdata": ""
    },
    {
        "logtime": "2019/07/05 10:51:41",
        "logdata": "url"
    },
    {
        "logtime": "2019/07/05 10:51:41",
        "logdata": "http://apis.juhe.cn/ip/ip2addr?ip=106.87.39.24&key=74bb0395667b8d0588df9ebd6fc36a12"
    },
    {
        "logtime": "2019/07/05 10:51:41",
        "logdata": ""
    },
    {
        "logtime": "2019/07/05 10:51:41",
        "logdata": "url"
    },
    {
        "logtime": "2019/07/05 10:51:41",
        "logdata": "http://apis.juhe.cn/ip/ip2addr?ip=106.81.146.104&key=74bb0395667b8d0588df9ebd6fc36a12"
    },
    {
        "logtime": "2019/07/05 10:51:41",
        "logdata": ""
    },
    {
        "logtime": "2019/07/05 10:51:41",
        "logdata": "url"
    },
    {
        "logtime": "2019/07/05 10:51:41",
        "logdata": "http://apis.juhe.cn/ip/ip2addr?ip=139.196.218.233&key=74bb0395667b8d0588df9ebd6fc36a12"
    },
    {
        "logtime": "2019/07/05 10:51:41",
        "logdata": ""
    },
    {
        "logtime": "2019/07/05 10:51:41",
        "logdata": "url"
    },
    {
        "logtime": "2019/07/05 10:51:41",
        "logdata": "http://apis.juhe.cn/ip/ip2addr?ip=106.82.173.45&key=74bb0395667b8d0588df9ebd6fc36a12"
    },
    {
        "logtime": "2019/07/05 10:51:41",
        "logdata": ""
    },
    {
        "logtime": "2019/07/05 10:51:41",
        "logdata": "url"
    },
    {
        "logtime": "2019/07/05 10:51:41",
        "logdata": "http://apis.juhe.cn/ip/ip2addr?ip=171.14.32.177&key=74bb0395667b8d0588df9ebd6fc36a12"
    },
    {
        "logtime": "2019/07/05 10:51:41",
        "logdata": ""
    },
    {
        "logtime": "2019/07/05 10:51:41",
        "logdata": "url"
    },
    {
        "logtime": "2019/07/05 10:51:41",
        "logdata": "http://apis.juhe.cn/ip/ip2addr?ip=182.90.73.114&key=74bb0395667b8d0588df9ebd6fc36a12"
    },
    {
        "logtime": "2019/07/05 10:51:41",
        "logdata": ""
    },
    {
        "logtime": "2019/07/05 10:51:41",
        "logdata": "url"
    },
    {
        "logtime": "2019/07/05 10:51:41",
        "logdata": "http://apis.juhe.cn/ip/ip2addr?ip=222.31.93.66&key=74bb0395667b8d0588df9ebd6fc36a12"
    },
    {
        "logtime": "2019/07/05 10:51:41",
        "logdata": ""
    },
    {
        "logtime": "2019/07/05 10:51:41",
        "logdata": "url"
    },
    {
        "logtime": "2019/07/05 10:51:41",
        "logdata": "http://apis.juhe.cn/ip/ip2addr?ip=222.71.131.170&key=74bb0395667b8d0588df9ebd6fc36a12"
    },
    {
        "logtime": "2019/07/05 10:51:41",
        "logdata": ""
    },
    {
        "logtime": "2019/07/05 10:51:41",
        "logdata": "url"
    },
    {
        "logtime": "2019/07/05 10:51:41",
        "logdata": "http://apis.juhe.cn/ip/ip2addr?ip=139.215.172.50&key=74bb0395667b8d0588df9ebd6fc36a12"
    },
    {
        "logtime": "2019/07/05 10:51:41",
        "logdata": ""
    },
    {
        "logtime": "2019/07/05 10:51:41",
        "logdata": "url"
    },
    {
        "logtime": "2019/07/05 10:51:41",
        "logdata": "http://apis.juhe.cn/ip/ip2addr?ip=106.85.180.243&key=74bb0395667b8d0588df9ebd6fc36a12"
    },
    {
        "logtime": "2019/07/05 10:51:41",
        "logdata": ""
    },
    {
        "logtime": "2019/07/05 10:51:41",
        "logdata": "url"
    },
    {
        "logtime": "2019/07/05 10:51:41",
        "logdata": "http://apis.juhe.cn/ip/ip2addr?ip=106.85.185.107&key=74bb0395667b8d0588df9ebd6fc36a12"
    },
    {
        "logtime": "2019/07/05 10:51:41",
        "logdata": ""
    },
    {
        "logtime": "2019/07/05 10:51:41",
        "logdata": "url"
    },
    {
        "logtime": "2019/07/05 10:51:41",
        "logdata": "http://apis.juhe.cn/ip/ip2addr?ip=106.81.60.96&key=74bb0395667b8d0588df9ebd6fc36a12"
    },
    {
        "logtime": "2019/07/05 10:51:41",
        "logdata": ""
    },
    {
        "logtime": "2019/07/05 10:51:41",
        "logdata": "url"
    },
    {
        "logtime": "2019/07/05 10:51:41",
        "logdata": "http://apis.juhe.cn/ip/ip2addr?ip=61.237.49.147&key=74bb0395667b8d0588df9ebd6fc36a12"
    },
    {
        "logtime": "2019/07/05 10:51:41",
        "logdata": ""
    },
    {
        "logtime": "2019/07/05 10:51:41",
        "logdata": "url"
    },
    {
        "logtime": "2019/07/05 10:51:41",
        "logdata": "http://apis.juhe.cn/ip/ip2addr?ip=123.235.151.169&key=74bb0395667b8d0588df9ebd6fc36a12"
    },
    {
        "logtime": "2019/07/05 10:51:41",
        "logdata": ""
    },
    {
        "logtime": "2019/07/05 10:51:41",
        "logdata": "url"
    },
    {
        "logtime": "2019/07/05 10:51:41",
        "logdata": "http://apis.juhe.cn/ip/ip2addr?ip=123.234.232.36&key=74bb0395667b8d0588df9ebd6fc36a12"
    },
    {
        "logtime": "2019/07/05 10:51:41",
        "logdata": ""
    },
    {
        "logtime": "2019/07/05 10:51:41",
        "logdata": "url"
    },
    {
        "logtime": "2019/07/05 10:51:41",
        "logdata": "http://apis.juhe.cn/ip/ip2addr?ip=106.90.114.164&key=74bb0395667b8d0588df9ebd6fc36a12"
    },
    {
        "logtime": "2019/07/05 10:51:41",
        "logdata": ""
    },
    {
        "logtime": "2019/07/05 10:51:41",
        "logdata": "url"
    },
    {
        "logtime": "2019/07/05 10:51:41",
        "logdata": "http://apis.juhe.cn/ip/ip2addr?ip=61.236.12.188&key=74bb0395667b8d0588df9ebd6fc36a12"
    },
    {
        "logtime": "2019/07/05 10:51:41",
        "logdata": ""
    },
    {
        "logtime": "2019/07/05 10:51:41",
        "logdata": "url"
    },
    {
        "logtime": "2019/07/05 10:51:41",
        "logdata": "http://apis.juhe.cn/ip/ip2addr?ip=222.23.81.206&key=74bb0395667b8d0588df9ebd6fc36a12"
    },
    {
        "logtime": "2019/07/05 10:51:41",
        "logdata": ""
    },
    {
        "logtime": "2019/07/05 10:51:41",
        "logdata": "url"
    },
    {
        "logtime": "2019/07/05 10:51:41",
        "logdata": "http://apis.juhe.cn/ip/ip2addr?ip=123.233.233.246&key=74bb0395667b8d0588df9ebd6fc36a12"
    },
    {
        "logtime": "2019/07/05 10:51:41",
        "logdata": ""
    },
    {
        "logtime": "2019/07/05 10:51:41",
        "logdata": "url"
    },
    {
        "logtime": "2019/07/05 10:51:41",
        "logdata": "http://apis.juhe.cn/ip/ip2addr?ip=121.77.59.149&key=74bb0395667b8d0588df9ebd6fc36a12"
    },
    {
        "logtime": "2019/07/05 10:51:41",
        "logdata": ""
    },
    {
        "logtime": "2019/07/05 10:51:41",
        "logdata": "url"
    },
    {
        "logtime": "2019/07/05 10:51:41",
        "logdata": "http://apis.juhe.cn/ip/ip2addr?ip=121.77.92.47&key=74bb0395667b8d0588df9ebd6fc36a12"
    },
    {
        "logtime": "2019/07/05 10:51:41",
        "logdata": ""
    },
    {
        "logtime": "2019/07/05 10:51:41",
        "logdata": "url"
    },
    {
        "logtime": "2019/07/05 10:51:41",
        "logdata": "http://apis.juhe.cn/ip/ip2addr?ip=182.86.203.137&key=74bb0395667b8d0588df9ebd6fc36a12"
    },
    {
        "logtime": "2019/07/05 10:51:41",
        "logdata": ""
    },
    {
        "logtime": "2019/07/05 10:51:41",
        "logdata": "url"
    },
    {
        "logtime": "2019/07/05 10:51:41",
        "logdata": "http://apis.juhe.cn/ip/ip2addr?ip=222.16.220.243&key=74bb0395667b8d0588df9ebd6fc36a12"
    },
    {
        "logtime": "2019/07/05 10:51:41",
        "logdata": ""
    },
    {
        "logtime": "2019/07/05 10:51:41",
        "logdata": "url"
    },
    {
        "logtime": "2019/07/05 10:51:41",
        "logdata": "http://apis.juhe.cn/ip/ip2addr?ip=171.11.71.169&key=74bb0395667b8d0588df9ebd6fc36a12"
    },
    {
        "logtime": "2019/07/05 10:51:41",
        "logdata": ""
    },
    {
        "logtime": "2019/07/05 10:51:41",
        "logdata": "url"
    },
    {
        "logtime": "2019/07/05 10:51:41",
        "logdata": "http://apis.juhe.cn/ip/ip2addr?ip=106.86.49.72&key=74bb0395667b8d0588df9ebd6fc36a12"
    },
    {
        "logtime": "2019/07/05 10:51:41",
        "logdata": ""
    },
    {
        "logtime": "2019/07/05 10:51:42",
        "logdata": "url"
    },
    {
        "logtime": "2019/07/05 10:51:42",
        "logdata": "http://apis.juhe.cn/ip/ip2addr?ip=61.234.3.88&key=74bb0395667b8d0588df9ebd6fc36a12"
    },
    {
        "logtime": "2019/07/05 10:51:42",
        "logdata": ""
    },
    {
        "logtime": "2019/07/05 10:51:42",
        "logdata": "url"
    },
    {
        "logtime": "2019/07/05 10:51:42",
        "logdata": "http://apis.juhe.cn/ip/ip2addr?ip=123.235.22.225&key=74bb0395667b8d0588df9ebd6fc36a12"
    },
    {
        "logtime": "2019/07/05 10:51:42",
        "logdata": ""
    },
    {
        "logtime": "2019/07/05 10:51:42",
        "logdata": "url"
    },
    {
        "logtime": "2019/07/05 10:51:42",
        "logdata": "http://apis.juhe.cn/ip/ip2addr?ip=121.76.110.203&key=74bb0395667b8d0588df9ebd6fc36a12"
    },
    {
        "logtime": "2019/07/05 10:51:42",
        "logdata": ""
    },
    {
        "logtime": "2019/07/05 10:51:42",
        "logdata": "url"
    },
    {
        "logtime": "2019/07/05 10:51:42",
        "logdata": "http://apis.juhe.cn/ip/ip2addr?ip=61.235.22.246&key=74bb0395667b8d0588df9ebd6fc36a12"
    },
    {
        "logtime": "2019/07/05 10:51:42",
        "logdata": ""
    },
    {
        "logtime": "2019/07/05 10:51:42",
        "logdata": "url"
    },
    {
        "logtime": "2019/07/05 10:51:42",
        "logdata": "http://apis.juhe.cn/ip/ip2addr?ip=36.58.189.175&key=74bb0395667b8d0588df9ebd6fc36a12"
    },
    {
        "logtime": "2019/07/05 10:51:42",
        "logdata": ""
    },
    {
        "logtime": "2019/07/05 10:51:42",
        "logdata": "url"
    },
    {
        "logtime": "2019/07/05 10:51:42",
        "logdata": "http://apis.juhe.cn/ip/ip2addr?ip=123.233.3.230&key=74bb0395667b8d0588df9ebd6fc36a12"
    },
    {
        "logtime": "2019/07/05 10:51:42",
        "logdata": ""
    },
    {
        "logtime": "2019/07/05 10:51:42",
        "logdata": "url"
    },
    {
        "logtime": "2019/07/05 10:51:42",
        "logdata": "http://apis.juhe.cn/ip/ip2addr?ip=222.78.72.123&key=74bb0395667b8d0588df9ebd6fc36a12"
    },
    {
        "logtime": "2019/07/05 10:51:42",
        "logdata": ""
    },
    {
        "logtime": "2019/07/05 10:51:42",
        "logdata": "url"
    },
    {
        "logtime": "2019/07/05 10:51:42",
        "logdata": "http://apis.juhe.cn/ip/ip2addr?ip=171.13.254.78&key=74bb0395667b8d0588df9ebd6fc36a12"
    },
    {
        "logtime": "2019/07/05 10:51:42",
        "logdata": ""
    },
    {
        "logtime": "2019/07/05 10:51:42",
        "logdata": "url"
    },
    {
        "logtime": "2019/07/05 10:51:42",
        "logdata": "http://apis.juhe.cn/ip/ip2addr?ip=171.9.203.242&key=74bb0395667b8d0588df9ebd6fc36a12"
    },
    {
        "logtime": "2019/07/05 10:51:42",
        "logdata": ""
    },
    {
        "logtime": "2019/07/05 10:51:42",
        "logdata": "url"
    },
    {
        "logtime": "2019/07/05 10:51:42",
        "logdata": "http://apis.juhe.cn/ip/ip2addr?ip=171.11.185.23&key=74bb0395667b8d0588df9ebd6fc36a12"
    },
    {
        "logtime": "2019/07/05 10:51:42",
        "logdata": ""
    },
    {
        "logtime": "2019/07/05 10:51:42",
        "logdata": "url"
    },
    {
        "logtime": "2019/07/05 10:51:42",
        "logdata": "http://apis.juhe.cn/ip/ip2addr?ip=121.76.188.45&key=74bb0395667b8d0588df9ebd6fc36a12"
    },
    {
        "logtime": "2019/07/05 10:51:42",
        "logdata": ""
    },
    {
        "logtime": "2019/07/05 10:51:42",
        "logdata": "url"
    },
    {
        "logtime": "2019/07/05 10:51:42",
        "logdata": "http://apis.juhe.cn/ip/ip2addr?ip=123.233.211.46&key=74bb0395667b8d0588df9ebd6fc36a12"
    },
    {
        "logtime": "2019/07/05 10:51:42",
        "logdata": ""
    },
    {
        "logtime": "2019/07/05 10:51:42",
        "logdata": "url"
    },
    {
        "logtime": "2019/07/05 10:51:42",
        "logdata": "http://apis.juhe.cn/ip/ip2addr?ip=139.198.188.210&key=74bb0395667b8d0588df9ebd6fc36a12"
    },
    {
        "logtime": "2019/07/05 10:51:42",
        "logdata": ""
    },
    {
        "logtime": "2019/07/05 10:51:42",
        "logdata": "url"
    },
    {
        "logtime": "2019/07/05 10:51:42",
        "logdata": "http://apis.juhe.cn/ip/ip2addr?ip=139.211.225.47&key=74bb0395667b8d0588df9ebd6fc36a12"
    },
    {
        "logtime": "2019/07/05 10:51:42",
        "logdata": ""
    },
    {
        "logtime": "2019/07/05 10:51:42",
        "logdata": "url"
    },
    {
        "logtime": "2019/07/05 10:51:42",
        "logdata": "http://apis.juhe.cn/ip/ip2addr?ip=121.76.183.245&key=74bb0395667b8d0588df9ebd6fc36a12"
    },
    {
        "logtime": "2019/07/05 10:51:42",
        "logdata": ""
    },
    {
        "logtime": "2019/07/05 10:51:42",
        "logdata": "url"
    },
    {
        "logtime": "2019/07/05 10:51:42",
        "logdata": "http://apis.juhe.cn/ip/ip2addr?ip=139.210.59.213&key=74bb0395667b8d0588df9ebd6fc36a12"
    },
    {
        "logtime": "2019/07/05 10:51:42",
        "logdata": ""
    },
    {
        "logtime": "2019/07/05 10:51:42",
        "logdata": "url"
    },
    {
        "logtime": "2019/07/05 10:51:42",
        "logdata": "http://apis.juhe.cn/ip/ip2addr?ip=106.94.4.131&key=74bb0395667b8d0588df9ebd6fc36a12"
    },
    {
        "logtime": "2019/07/05 10:51:42",
        "logdata": ""
    },
    {
        "logtime": "2019/07/05 10:51:42",
        "logdata": "url"
    },
    {
        "logtime": "2019/07/05 10:51:42",
        "logdata": "http://apis.juhe.cn/ip/ip2addr?ip=36.56.95.100&key=74bb0395667b8d0588df9ebd6fc36a12"
    },
    {
        "logtime": "2019/07/05 10:51:42",
        "logdata": ""
    },
    {
        "logtime": "2019/07/05 10:51:42",
        "logdata": "url"
    },
    {
        "logtime": "2019/07/05 10:51:42",
        "logdata": "http://apis.juhe.cn/ip/ip2addr?ip=61.233.49.60&key=74bb0395667b8d0588df9ebd6fc36a12"
    },
    {
        "logtime": "2019/07/05 10:51:42",
        "logdata": ""
    },
    {
        "logtime": "2019/07/05 10:51:42",
        "logdata": "url"
    },
    {
        "logtime": "2019/07/05 10:51:42",
        "logdata": "http://apis.juhe.cn/ip/ip2addr?ip=106.87.71.60&key=74bb0395667b8d0588df9ebd6fc36a12"
    },
    {
        "logtime": "2019/07/05 10:51:42",
        "logdata": ""
    },
    {
        "logtime": "2019/07/05 10:51:42",
        "logdata": "url"
    },
    {
        "logtime": "2019/07/05 10:51:42",
        "logdata": "http://apis.juhe.cn/ip/ip2addr?ip=106.85.138.7&key=74bb0395667b8d0588df9ebd6fc36a12"
    },
    {
        "logtime": "2019/07/05 10:51:42",
        "logdata": ""
    },
    {
        "logtime": "2019/07/05 10:51:42",
        "logdata": "url"
    },
    {
        "logtime": "2019/07/05 10:51:42",
        "logdata": "http://apis.juhe.cn/ip/ip2addr?ip=210.39.138.200&key=74bb0395667b8d0588df9ebd6fc36a12"
    },
    {
        "logtime": "2019/07/05 10:51:42",
        "logdata": ""
    },
    {
        "logtime": "2019/07/05 10:51:42",
        "logdata": "url"
    },
    {
        "logtime": "2019/07/05 10:51:42",
        "logdata": "http://apis.juhe.cn/ip/ip2addr?ip=222.18.163.96&key=74bb0395667b8d0588df9ebd6fc36a12"
    },
    {
        "logtime": "2019/07/05 10:51:42",
        "logdata": ""
    },
    {
        "logtime": "2019/07/05 10:51:42",
        "logdata": "url"
    },
    {
        "logtime": "2019/07/05 10:51:42",
        "logdata": "http://apis.juhe.cn/ip/ip2addr?ip=171.14.214.196&key=74bb0395667b8d0588df9ebd6fc36a12"
    },
    {
        "logtime": "2019/07/05 10:51:42",
        "logdata": ""
    },
    {
        "logtime": "2019/07/05 10:51:42",
        "logdata": "url"
    },
    {
        "logtime": "2019/07/05 10:51:42",
        "logdata": "http://apis.juhe.cn/ip/ip2addr?ip=210.46.127.130&key=74bb0395667b8d0588df9ebd6fc36a12"
    },
    {
        "logtime": "2019/07/05 10:51:42",
        "logdata": ""
    },
    {
        "logtime": "2019/07/05 10:51:42",
        "logdata": "url"
    },
    {
        "logtime": "2019/07/05 10:51:42",
        "logdata": "http://apis.juhe.cn/ip/ip2addr?ip=123.235.29.38&key=74bb0395667b8d0588df9ebd6fc36a12"
    },
    {
        "logtime": "2019/07/05 10:51:43",
        "logdata": ""
    },
    {
        "logtime": "2019/07/05 10:51:43",
        "logdata": "url"
    },
    {
        "logtime": "2019/07/05 10:51:43",
        "logdata": "http://apis.juhe.cn/ip/ip2addr?ip=36.63.52.116&key=74bb0395667b8d0588df9ebd6fc36a12"
    },
    {
        "logtime": "2019/07/05 10:51:43",
        "logdata": ""
    },
    {
        "logtime": "2019/07/05 10:51:43",
        "logdata": "url"
    },
    {
        "logtime": "2019/07/05 10:51:43",
        "logdata": "http://apis.juhe.cn/ip/ip2addr?ip=139.214.243.236&key=74bb0395667b8d0588df9ebd6fc36a12"
    },
    {
        "logtime": "2019/07/05 10:51:43",
        "logdata": ""
    },
    {
        "logtime": "2019/07/05 10:51:43",
        "logdata": "url"
    },
    {
        "logtime": "2019/07/05 10:51:43",
        "logdata": "http://apis.juhe.cn/ip/ip2addr?ip=121.77.173.100&key=74bb0395667b8d0588df9ebd6fc36a12"
    },
    {
        "logtime": "2019/07/05 10:51:43",
        "logdata": ""
    },
    {
        "logtime": "2019/07/05 10:51:43",
        "logdata": "url"
    },
    {
        "logtime": "2019/07/05 10:51:43",
        "logdata": "http://apis.juhe.cn/ip/ip2addr?ip=106.92.35.103&key=74bb0395667b8d0588df9ebd6fc36a12"
    },
    {
        "logtime": "2019/07/05 10:51:43",
        "logdata": ""
    },
    {
        "logtime": "2019/07/05 10:51:43",
        "logdata": "url"
    },
    {
        "logtime": "2019/07/05 10:51:43",
        "logdata": "http://apis.juhe.cn/ip/ip2addr?ip=106.95.15.198&key=74bb0395667b8d0588df9ebd6fc36a12"
    },
    {
        "logtime": "2019/07/05 10:51:43",
        "logdata": ""
    },
    {
        "logtime": "2019/07/05 10:51:43",
        "logdata": "url"
    },
    {
        "logtime": "2019/07/05 10:51:43",
        "logdata": "http://apis.juhe.cn/ip/ip2addr?ip=139.213.132.133&key=74bb0395667b8d0588df9ebd6fc36a12"
    },
    {
        "logtime": "2019/07/05 10:51:43",
        "logdata": ""
    },
    {
        "logtime": "2019/07/05 10:51:43",
        "logdata": "url"
    },
    {
        "logtime": "2019/07/05 10:51:43",
        "logdata": "http://apis.juhe.cn/ip/ip2addr?ip=36.62.246.239&key=74bb0395667b8d0588df9ebd6fc36a12"
    },
    {
        "logtime": "2019/07/05 10:51:43",
        "logdata": ""
    },
    {
        "logtime": "2019/07/05 10:51:43",
        "logdata": "url"
    },
    {
        "logtime": "2019/07/05 10:51:43",
        "logdata": "http://apis.juhe.cn/ip/ip2addr?ip=106.86.73.155&key=74bb0395667b8d0588df9ebd6fc36a12"
    },
    {
        "logtime": "2019/07/05 10:51:43",
        "logdata": ""
    },
    {
        "logtime": "2019/07/05 10:51:43",
        "logdata": "url"
    },
    {
        "logtime": "2019/07/05 10:51:43",
        "logdata": "http://apis.juhe.cn/ip/ip2addr?ip=222.55.242.125&key=74bb0395667b8d0588df9ebd6fc36a12"
    },
    {
        "logtime": "2019/07/05 10:51:43",
        "logdata": ""
    },
    {
        "logtime": "2019/07/05 10:51:43",
        "logdata": "url"
    },
    {
        "logtime": "2019/07/05 10:51:43",
        "logdata": "http://apis.juhe.cn/ip/ip2addr?ip=121.77.74.244&key=74bb0395667b8d0588df9ebd6fc36a12"
    },
    {
        "logtime": "2019/07/05 10:51:43",
        "logdata": ""
    },
    {
        "logtime": "2019/07/05 10:51:43",
        "logdata": "url"
    },
    {
        "logtime": "2019/07/05 10:51:43",
        "logdata": "http://apis.juhe.cn/ip/ip2addr?ip=139.202.77.159&key=74bb0395667b8d0588df9ebd6fc36a12"
    },
    {
        "logtime": "2019/07/05 10:51:43",
        "logdata": ""
    },
    {
        "logtime": "2019/07/05 10:51:43",
        "logdata": "url"
    },
    {
        "logtime": "2019/07/05 10:51:43",
        "logdata": "http://apis.juhe.cn/ip/ip2addr?ip=210.39.186.33&key=74bb0395667b8d0588df9ebd6fc36a12"
    },
    {
        "logtime": "2019/07/05 10:51:43",
        "logdata": ""
    },
    {
        "logtime": "2019/07/05 10:51:43",
        "logdata": "url"
    },
    {
        "logtime": "2019/07/05 10:51:43",
        "logdata": "http://apis.juhe.cn/ip/ip2addr?ip=121.77.98.212&key=74bb0395667b8d0588df9ebd6fc36a12"
    },
    {
        "logtime": "2019/07/05 10:51:43",
        "logdata": ""
    },
    {
        "logtime": "2019/07/05 10:51:43",
        "logdata": "url"
    },
    {
        "logtime": "2019/07/05 10:51:43",
        "logdata": "http://apis.juhe.cn/ip/ip2addr?ip=139.198.132.207&key=74bb0395667b8d0588df9ebd6fc36a12"
    },
    {
        "logtime": "2019/07/05 10:51:43",
        "logdata": ""
    },
    {
        "logtime": "2019/07/05 10:51:43",
        "logdata": "url"
    },
    {
        "logtime": "2019/07/05 10:51:43",
        "logdata": "http://apis.juhe.cn/ip/ip2addr?ip=139.196.225.237&key=74bb0395667b8d0588df9ebd6fc36a12"
    },
    {
        "logtime": "2019/07/05 10:51:43",
        "logdata": ""
    },
    {
        "logtime": "2019/07/05 10:51:43",
        "logdata": "url"
    },
    {
        "logtime": "2019/07/05 10:51:43",
        "logdata": "http://apis.juhe.cn/ip/ip2addr?ip=210.27.87.62&key=74bb0395667b8d0588df9ebd6fc36a12"
    },
    {
        "logtime": "2019/07/05 10:51:43",
        "logdata": ""
    },
    {
        "logtime": "2019/07/05 10:51:43",
        "logdata": "url"
    },
    {
        "logtime": "2019/07/05 10:51:43",
        "logdata": "http://apis.juhe.cn/ip/ip2addr?ip=222.56.26.226&key=74bb0395667b8d0588df9ebd6fc36a12"
    },
    {
        "logtime": "2019/07/05 10:51:43",
        "logdata": ""
    },
    {
        "logtime": "2019/07/05 10:51:43",
        "logdata": "url"
    },
    {
        "logtime": "2019/07/05 10:51:43",
        "logdata": "http://apis.juhe.cn/ip/ip2addr?ip=171.14.80.44&key=74bb0395667b8d0588df9ebd6fc36a12"
    },
    {
        "logtime": "2019/07/05 10:51:43",
        "logdata": ""
    },
    {
        "logtime": "2019/07/05 10:51:43",
        "logdata": "url"
    },
    {
        "logtime": "2019/07/05 10:51:43",
        "logdata": "http://apis.juhe.cn/ip/ip2addr?ip=222.74.139.74&key=74bb0395667b8d0588df9ebd6fc36a12"
    },
    {
        "logtime": "2019/07/05 10:51:43",
        "logdata": ""
    },
    {
        "logtime": "2019/07/05 10:51:43",
        "logdata": "url"
    },
    {
        "logtime": "2019/07/05 10:51:43",
        "logdata": "http://apis.juhe.cn/ip/ip2addr?ip=139.214.98.254&key=74bb0395667b8d0588df9ebd6fc36a12"
    },
    {
        "logtime": "2019/07/05 10:51:43",
        "logdata": ""
    },
    {
        "logtime": "2019/07/05 10:51:43",
        "logdata": "url"
    },
    {
        "logtime": "2019/07/05 10:51:43",
        "logdata": "http://apis.juhe.cn/ip/ip2addr?ip=61.232.31.98&key=74bb0395667b8d0588df9ebd6fc36a12"
    },
    {
        "logtime": "2019/07/05 10:51:43",
        "logdata": ""
    },
    {
        "logtime": "2019/07/05 10:51:43",
        "logdata": "url"
    },
    {
        "logtime": "2019/07/05 10:51:43",
        "logdata": "http://apis.juhe.cn/ip/ip2addr?ip=36.58.29.31&key=74bb0395667b8d0588df9ebd6fc36a12"
    },
    {
        "logtime": "2019/07/05 10:51:43",
        "logdata": ""
    },
    {
        "logtime": "2019/07/05 10:51:44",
        "logdata": "url"
    },
    {
        "logtime": "2019/07/05 10:51:44",
        "logdata": "http://apis.juhe.cn/ip/ip2addr?ip=121.77.244.142&key=74bb0395667b8d0588df9ebd6fc36a12"
    },
    {
        "logtime": "2019/07/05 10:51:44",
        "logdata": ""
    },
    {
        "logtime": "2019/07/05 10:51:44",
        "logdata": "url"
    },
    {
        "logtime": "2019/07/05 10:51:44",
        "logdata": "http://apis.juhe.cn/ip/ip2addr?ip=222.84.39.27&key=74bb0395667b8d0588df9ebd6fc36a12"
    },
    {
        "logtime": "2019/07/05 10:51:44",
        "logdata": ""
    },
    {
        "logtime": "2019/07/05 10:51:44",
        "logdata": "url"
    },
    {
        "logtime": "2019/07/05 10:51:44",
        "logdata": "http://apis.juhe.cn/ip/ip2addr?ip=210.35.35.178&key=74bb0395667b8d0588df9ebd6fc36a12"
    },
    {
        "logtime": "2019/07/05 10:51:44",
        "logdata": ""
    },
    {
        "logtime": "2019/07/05 10:51:44",
        "logdata": "url"
    },
    {
        "logtime": "2019/07/05 10:51:44",
        "logdata": "http://apis.juhe.cn/ip/ip2addr?ip=106.84.31.146&key=74bb0395667b8d0588df9ebd6fc36a12"
    },
    {
        "logtime": "2019/07/05 10:51:44",
        "logdata": ""
    },
    {
        "logtime": "2019/07/05 10:51:44",
        "logdata": "url"
    },
    {
        "logtime": "2019/07/05 10:51:44",
        "logdata": "http://apis.juhe.cn/ip/ip2addr?ip=222.33.179.124&key=74bb0395667b8d0588df9ebd6fc36a12"
    },
    {
        "logtime": "2019/07/05 10:51:44",
        "logdata": ""
    },
    {
        "logtime": "2019/07/05 10:51:44",
        "logdata": "url"
    },
    {
        "logtime": "2019/07/05 10:51:44",
        "logdata": "http://apis.juhe.cn/ip/ip2addr?ip=123.235.32.4&key=74bb0395667b8d0588df9ebd6fc36a12"
    },
    {
        "logtime": "2019/07/05 10:51:44",
        "logdata": ""
    },
    {
        "logtime": "2019/07/05 10:51:44",
        "logdata": "url"
    },
    {
        "logtime": "2019/07/05 10:51:44",
        "logdata": "http://apis.juhe.cn/ip/ip2addr?ip=61.237.174.200&key=74bb0395667b8d0588df9ebd6fc36a12"
    },
    {
        "logtime": "2019/07/05 10:51:44",
        "logdata": ""
    },
    {
        "logtime": "2019/07/05 10:51:44",
        "logdata": "url"
    },
    {
        "logtime": "2019/07/05 10:51:44",
        "logdata": "http://apis.juhe.cn/ip/ip2addr?ip=121.77.233.177&key=74bb0395667b8d0588df9ebd6fc36a12"
    },
    {
        "logtime": "2019/07/05 10:51:44",
        "logdata": ""
    },
    {
        "logtime": "2019/07/05 10:51:44",
        "logdata": "url"
    },
    {
        "logtime": "2019/07/05 10:51:44",
        "logdata": "http://apis.juhe.cn/ip/ip2addr?ip=106.86.55.20&key=74bb0395667b8d0588df9ebd6fc36a12"
    },
    {
        "logtime": "2019/07/05 10:51:44",
        "logdata": ""
    },
    {
        "logtime": "2019/07/05 10:51:44",
        "logdata": "url"
    },
    {
        "logtime": "2019/07/05 10:51:44",
        "logdata": "http://apis.juhe.cn/ip/ip2addr?ip=106.91.179.82&key=74bb0395667b8d0588df9ebd6fc36a12"
    },
    {
        "logtime": "2019/07/05 10:51:44",
        "logdata": ""
    },
    {
        "logtime": "2019/07/05 10:51:44",
        "logdata": "url"
    },
    {
        "logtime": "2019/07/05 10:51:44",
        "logdata": "http://apis.juhe.cn/ip/ip2addr?ip=36.61.84.235&key=74bb0395667b8d0588df9ebd6fc36a12"
    },
    {
        "logtime": "2019/07/05 10:51:44",
        "logdata": ""
    },
    {
        "logtime": "2019/07/05 10:51:44",
        "logdata": "url"
    },
    {
        "logtime": "2019/07/05 10:51:44",
        "logdata": "http://apis.juhe.cn/ip/ip2addr?ip=139.213.110.16&key=74bb0395667b8d0588df9ebd6fc36a12"
    },
    {
        "logtime": "2019/07/05 10:51:44",
        "logdata": ""
    },
    {
        "logtime": "2019/07/05 10:51:44",
        "logdata": "url"
    },
    {
        "logtime": "2019/07/05 10:51:44",
        "logdata": "http://apis.juhe.cn/ip/ip2addr?ip=210.32.71.16&key=74bb0395667b8d0588df9ebd6fc36a12"
    },
    {
        "logtime": "2019/07/05 10:51:44",
        "logdata": ""
    },
    {
        "logtime": "2019/07/05 10:51:44",
        "logdata": "url"
    },
    {
        "logtime": "2019/07/05 10:51:44",
        "logdata": "http://apis.juhe.cn/ip/ip2addr?ip=222.60.119.102&key=74bb0395667b8d0588df9ebd6fc36a12"
    },
    {
        "logtime": "2019/07/05 10:51:44",
        "logdata": ""
    },
    {
        "logtime": "2019/07/05 10:51:44",
        "logdata": "url"
    },
    {
        "logtime": "2019/07/05 10:51:44",
        "logdata": "http://apis.juhe.cn/ip/ip2addr?ip=106.88.14.187&key=74bb0395667b8d0588df9ebd6fc36a12"
    },
    {
        "logtime": "2019/07/05 10:51:44",
        "logdata": ""
    },
    {
        "logtime": "2019/07/05 10:51:44",
        "logdata": "url"
    },
    {
        "logtime": "2019/07/05 10:51:44",
        "logdata": "http://apis.juhe.cn/ip/ip2addr?ip=36.63.136.246&key=74bb0395667b8d0588df9ebd6fc36a12"
    },
    {
        "logtime": "2019/07/05 10:51:44",
        "logdata": ""
    },
    {
        "logtime": "2019/07/05 10:51:44",
        "logdata": "url"
    },
    {
        "logtime": "2019/07/05 10:51:44",
        "logdata": "http://apis.juhe.cn/ip/ip2addr?ip=106.84.76.128&key=74bb0395667b8d0588df9ebd6fc36a12"
    },
    {
        "logtime": "2019/07/05 10:51:44",
        "logdata": ""
    },
    {
        "logtime": "2019/07/05 10:51:44",
        "logdata": "url"
    },
    {
        "logtime": "2019/07/05 10:51:44",
        "logdata": "http://apis.juhe.cn/ip/ip2addr?ip=123.233.27.31&key=74bb0395667b8d0588df9ebd6fc36a12"
    },
    {
        "logtime": "2019/07/05 10:51:44",
        "logdata": ""
    },
    {
        "logtime": "2019/07/05 10:51:44",
        "logdata": "url"
    },
    {
        "logtime": "2019/07/05 10:51:44",
        "logdata": "http://apis.juhe.cn/ip/ip2addr?ip=106.87.39.24&key=74bb0395667b8d0588df9ebd6fc36a12"
    },
    {
        "logtime": "2019/07/05 10:51:44",
        "logdata": ""
    },
    {
        "logtime": "2019/07/05 10:51:44",
        "logdata": "url"
    },
    {
        "logtime": "2019/07/05 10:51:45",
        "logdata": "http://apis.juhe.cn/ip/ip2addr?ip=139.199.254.126&key=74bb0395667b8d0588df9ebd6fc36a12"
    },
    {
        "logtime": "2019/07/05 10:51:45",
        "logdata": ""
    },
    {
        "logtime": "2019/07/05 10:51:45",
        "logdata": "url"
    },
    {
        "logtime": "2019/07/05 10:51:45",
        "logdata": "http://apis.juhe.cn/ip/ip2addr?ip=121.77.89.158&key=74bb0395667b8d0588df9ebd6fc36a12"
    },
    {
        "logtime": "2019/07/05 10:51:45",
        "logdata": ""
    },
    {
        "logtime": "2019/07/05 10:51:45",
        "logdata": "url"
    },
    {
        "logtime": "2019/07/05 10:51:45",
        "logdata": "http://apis.juhe.cn/ip/ip2addr?ip=121.77.14.69&key=74bb0395667b8d0588df9ebd6fc36a12"
    },
    {
        "logtime": "2019/07/05 10:51:45",
        "logdata": ""
    },
    {
        "logtime": "2019/07/05 10:51:45",
        "logdata": "url"
    },
    {
        "logtime": "2019/07/05 10:51:45",
        "logdata": "http://apis.juhe.cn/ip/ip2addr?ip=106.81.60.96&key=74bb0395667b8d0588df9ebd6fc36a12"
    },
    {
        "logtime": "2019/07/05 10:51:45",
        "logdata": ""
    },
    {
        "logtime": "2019/07/05 10:51:45",
        "logdata": "url"
    },
    {
        "logtime": "2019/07/05 10:51:45",
        "logdata": "http://apis.juhe.cn/ip/ip2addr?ip=182.90.73.114&key=74bb0395667b8d0588df9ebd6fc36a12"
    },
    {
        "logtime": "2019/07/05 10:51:45",
        "logdata": ""
    },
    {
        "logtime": "2019/07/05 10:51:45",
        "logdata": "url"
    },
    {
        "logtime": "2019/07/05 10:51:45",
        "logdata": "http://apis.juhe.cn/ip/ip2addr?ip=36.59.233.161&key=74bb0395667b8d0588df9ebd6fc36a12"
    },
    {
        "logtime": "2019/07/05 10:51:45",
        "logdata": ""
    },
    {
        "logtime": "2019/07/05 10:51:45",
        "logdata": "url"
    },
    {
        "logtime": "2019/07/05 10:51:45",
        "logdata": "http://apis.juhe.cn/ip/ip2addr?ip=171.14.32.177&key=74bb0395667b8d0588df9ebd6fc36a12"
    },
    {
        "logtime": "2019/07/05 10:51:45",
        "logdata": ""
    },
    {
        "logtime": "2019/07/05 10:51:45",
        "logdata": "url"
    },
    {
        "logtime": "2019/07/05 10:51:45",
        "logdata": "http://apis.juhe.cn/ip/ip2addr?ip=61.236.48.101&key=74bb0395667b8d0588df9ebd6fc36a12"
    },
    {
        "logtime": "2019/07/05 10:51:45",
        "logdata": ""
    },
    {
        "logtime": "2019/07/05 10:51:45",
        "logdata": "url"
    },
    {
        "logtime": "2019/07/05 10:51:45",
        "logdata": "http://apis.juhe.cn/ip/ip2addr?ip=36.57.55.253&key=74bb0395667b8d0588df9ebd6fc36a12"
    },
    {
        "logtime": "2019/07/05 10:51:45",
        "logdata": ""
    },
    {
        "logtime": "2019/07/05 10:51:45",
        "logdata": "url"
    },
    {
        "logtime": "2019/07/05 10:51:45",
        "logdata": "http://apis.juhe.cn/ip/ip2addr?ip=106.82.173.45&key=74bb0395667b8d0588df9ebd6fc36a12"
    },
    {
        "logtime": "2019/07/05 10:51:45",
        "logdata": ""
    },
    {
        "logtime": "2019/07/05 10:51:45",
        "logdata": "url"
    },
    {
        "logtime": "2019/07/05 10:51:45",
        "logdata": "http://apis.juhe.cn/ip/ip2addr?ip=222.71.131.170&key=74bb0395667b8d0588df9ebd6fc36a12"
    },
    {
        "logtime": "2019/07/05 10:51:45",
        "logdata": ""
    },
    {
        "logtime": "2019/07/05 10:51:45",
        "logdata": "url"
    },
    {
        "logtime": "2019/07/05 10:51:45",
        "logdata": "http://apis.juhe.cn/ip/ip2addr?ip=36.62.16.65&key=74bb0395667b8d0588df9ebd6fc36a12"
    },
    {
        "logtime": "2019/07/05 10:51:45",
        "logdata": ""
    },
    {
        "logtime": "2019/07/05 10:51:45",
        "logdata": "url"
    },
    {
        "logtime": "2019/07/05 10:51:45",
        "logdata": "http://apis.juhe.cn/ip/ip2addr?ip=123.233.180.244&key=74bb0395667b8d0588df9ebd6fc36a12"
    },
    {
        "logtime": "2019/07/05 10:51:45",
        "logdata": ""
    },
    {
        "logtime": "2019/07/05 10:51:45",
        "logdata": "url"
    },
    {
        "logtime": "2019/07/05 10:51:45",
        "logdata": "http://apis.juhe.cn/ip/ip2addr?ip=139.215.172.50&key=74bb0395667b8d0588df9ebd6fc36a12"
    },
    {
        "logtime": "2019/07/05 10:51:45",
        "logdata": ""
    },
    {
        "logtime": "2019/07/05 10:51:45",
        "logdata": "url"
    },
    {
        "logtime": "2019/07/05 10:51:45",
        "logdata": "http://apis.juhe.cn/ip/ip2addr?ip=123.235.151.169&key=74bb0395667b8d0588df9ebd6fc36a12"
    },
    {
        "logtime": "2019/07/05 10:51:45",
        "logdata": ""
    },
    {
        "logtime": "2019/07/05 10:51:45",
        "logdata": "url"
    },
    {
        "logtime": "2019/07/05 10:51:45",
        "logdata": "http://apis.juhe.cn/ip/ip2addr?ip=139.213.4.161&key=74bb0395667b8d0588df9ebd6fc36a12"
    },
    {
        "logtime": "2019/07/05 10:51:45",
        "logdata": ""
    },
    {
        "logtime": "2019/07/05 10:51:45",
        "logdata": "url"
    },
    {
        "logtime": "2019/07/05 10:51:45",
        "logdata": "http://apis.juhe.cn/ip/ip2addr?ip=61.237.49.147&key=74bb0395667b8d0588df9ebd6fc36a12"
    },
    {
        "logtime": "2019/07/05 10:51:45",
        "logdata": ""
    },
    {
        "logtime": "2019/07/05 10:51:45",
        "logdata": "url"
    },
    {
        "logtime": "2019/07/05 10:51:45",
        "logdata": "http://apis.juhe.cn/ip/ip2addr?ip=106.81.146.104&key=74bb0395667b8d0588df9ebd6fc36a12"
    },
    {
        "logtime": "2019/07/05 10:51:45",
        "logdata": ""
    },
    {
        "logtime": "2019/07/05 10:51:45",
        "logdata": "url"
    },
    {
        "logtime": "2019/07/05 10:51:45",
        "logdata": "http://apis.juhe.cn/ip/ip2addr?ip=121.77.92.47&key=74bb0395667b8d0588df9ebd6fc36a12"
    },
    {
        "logtime": "2019/07/05 10:51:45",
        "logdata": ""
    },
    {
        "logtime": "2019/07/05 10:51:46",
        "logdata": "url"
    },
    {
        "logtime": "2019/07/05 10:51:46",
        "logdata": "http://apis.juhe.cn/ip/ip2addr?ip=222.16.220.243&key=74bb0395667b8d0588df9ebd6fc36a12"
    },
    {
        "logtime": "2019/07/05 10:51:46",
        "logdata": ""
    },
    {
        "logtime": "2019/07/05 10:51:46",
        "logdata": "url"
    },
    {
        "logtime": "2019/07/05 10:51:46",
        "logdata": "http://apis.juhe.cn/ip/ip2addr?ip=106.93.133.47&key=74bb0395667b8d0588df9ebd6fc36a12"
    },
    {
        "logtime": "2019/07/05 10:51:46",
        "logdata": ""
    },
    {
        "logtime": "2019/07/05 10:51:46",
        "logdata": "url"
    },
    {
        "logtime": "2019/07/05 10:51:46",
        "logdata": "http://apis.juhe.cn/ip/ip2addr?ip=61.236.12.188&key=74bb0395667b8d0588df9ebd6fc36a12"
    },
    {
        "logtime": "2019/07/05 10:51:46",
        "logdata": ""
    },
    {
        "logtime": "2019/07/05 10:51:46",
        "logdata": "url"
    },
    {
        "logtime": "2019/07/05 10:51:46",
        "logdata": "http://apis.juhe.cn/ip/ip2addr?ip=123.234.232.36&key=74bb0395667b8d0588df9ebd6fc36a12"
    },
    {
        "logtime": "2019/07/05 10:51:46",
        "logdata": ""
    },
    {
        "logtime": "2019/07/05 10:51:46",
        "logdata": "url"
    },
    {
        "logtime": "2019/07/05 10:51:46",
        "logdata": "http://apis.juhe.cn/ip/ip2addr?ip=222.23.81.206&key=74bb0395667b8d0588df9ebd6fc36a12"
    },
    {
        "logtime": "2019/07/05 10:51:46",
        "logdata": ""
    },
    {
        "logtime": "2019/07/05 10:51:46",
        "logdata": "url"
    },
    {
        "logtime": "2019/07/05 10:51:46",
        "logdata": "http://apis.juhe.cn/ip/ip2addr?ip=121.77.59.149&key=74bb0395667b8d0588df9ebd6fc36a12"
    },
    {
        "logtime": "2019/07/05 10:51:46",
        "logdata": ""
    },
    {
        "logtime": "2019/07/05 10:51:46",
        "logdata": "url"
    },
    {
        "logtime": "2019/07/05 10:51:46",
        "logdata": "http://apis.juhe.cn/ip/ip2addr?ip=182.86.203.137&key=74bb0395667b8d0588df9ebd6fc36a12"
    },
    {
        "logtime": "2019/07/05 10:51:46",
        "logdata": ""
    },
    {
        "logtime": "2019/07/05 10:51:46",
        "logdata": "url"
    },
    {
        "logtime": "2019/07/05 10:51:46",
        "logdata": "http://apis.juhe.cn/ip/ip2addr?ip=106.90.114.164&key=74bb0395667b8d0588df9ebd6fc36a12"
    },
    {
        "logtime": "2019/07/05 10:51:46",
        "logdata": ""
    },
    {
        "logtime": "2019/07/05 10:51:46",
        "logdata": "url"
    },
    {
        "logtime": "2019/07/05 10:51:46",
        "logdata": "http://apis.juhe.cn/ip/ip2addr?ip=36.58.189.175&key=74bb0395667b8d0588df9ebd6fc36a12"
    },
    {
        "logtime": "2019/07/05 10:51:46",
        "logdata": ""
    },
    {
        "logtime": "2019/07/05 10:51:46",
        "logdata": "url"
    },
    {
        "logtime": "2019/07/05 10:51:46",
        "logdata": "http://apis.juhe.cn/ip/ip2addr?ip=123.233.233.246&key=74bb0395667b8d0588df9ebd6fc36a12"
    },
    {
        "logtime": "2019/07/05 10:51:46",
        "logdata": ""
    },
    {
        "logtime": "2019/07/05 10:51:46",
        "logdata": "url"
    },
    {
        "logtime": "2019/07/05 10:51:46",
        "logdata": "http://apis.juhe.cn/ip/ip2addr?ip=61.235.22.246&key=74bb0395667b8d0588df9ebd6fc36a12"
    },
    {
        "logtime": "2019/07/05 10:51:46",
        "logdata": ""
    },
    {
        "logtime": "2019/07/05 10:51:46",
        "logdata": "url"
    },
    {
        "logtime": "2019/07/05 10:51:46",
        "logdata": "http://apis.juhe.cn/ip/ip2addr?ip=61.234.3.88&key=74bb0395667b8d0588df9ebd6fc36a12"
    },
    {
        "logtime": "2019/07/05 10:51:46",
        "logdata": ""
    },
    {
        "logtime": "2019/07/05 10:51:46",
        "logdata": "url"
    },
    {
        "logtime": "2019/07/05 10:51:46",
        "logdata": "http://apis.juhe.cn/ip/ip2addr?ip=123.233.3.230&key=74bb0395667b8d0588df9ebd6fc36a12"
    },
    {
        "logtime": "2019/07/05 10:51:46",
        "logdata": ""
    },
    {
        "logtime": "2019/07/05 10:51:46",
        "logdata": "url"
    },
    {
        "logtime": "2019/07/05 10:51:46",
        "logdata": "http://apis.juhe.cn/ip/ip2addr?ip=171.11.71.169&key=74bb0395667b8d0588df9ebd6fc36a12"
    },
    {
        "logtime": "2019/07/05 10:51:46",
        "logdata": ""
    },
    {
        "logtime": "2019/07/05 10:51:46",
        "logdata": "url"
    },
    {
        "logtime": "2019/07/05 10:51:46",
        "logdata": "http://apis.juhe.cn/ip/ip2addr?ip=121.76.110.203&key=74bb0395667b8d0588df9ebd6fc36a12"
    },
    {
        "logtime": "2019/07/05 10:51:46",
        "logdata": ""
    },
    {
        "logtime": "2019/07/05 10:51:46",
        "logdata": "url"
    },
    {
        "logtime": "2019/07/05 10:51:46",
        "logdata": "http://apis.juhe.cn/ip/ip2addr?ip=123.235.22.225&key=74bb0395667b8d0588df9ebd6fc36a12"
    },
    {
        "logtime": "2019/07/05 10:51:46",
        "logdata": ""
    },
    {
        "logtime": "2019/07/05 10:51:46",
        "logdata": "url"
    },
    {
        "logtime": "2019/07/05 10:51:46",
        "logdata": "http://apis.juhe.cn/ip/ip2addr?ip=123.233.211.46&key=74bb0395667b8d0588df9ebd6fc36a12"
    },
    {
        "logtime": "2019/07/05 10:51:46",
        "logdata": ""
    },
    {
        "logtime": "2019/07/05 10:51:46",
        "logdata": "url"
    },
    {
        "logtime": "2019/07/05 10:51:47",
        "logdata": "http://apis.juhe.cn/ip/ip2addr?ip=171.9.203.242&key=74bb0395667b8d0588df9ebd6fc36a12"
    },
    {
        "logtime": "2019/07/05 10:51:47",
        "logdata": ""
    },
    {
        "logtime": "2019/07/05 10:51:47",
        "logdata": "url"
    },
    {
        "logtime": "2019/07/05 10:51:47",
        "logdata": "http://apis.juhe.cn/ip/ip2addr?ip=171.13.254.78&key=74bb0395667b8d0588df9ebd6fc36a12"
    },
    {
        "logtime": "2019/07/05 10:51:47",
        "logdata": ""
    },
    {
        "logtime": "2019/07/05 10:51:47",
        "logdata": "url"
    },
    {
        "logtime": "2019/07/05 10:51:47",
        "logdata": "http://apis.juhe.cn/ip/ip2addr?ip=106.86.49.72&key=74bb0395667b8d0588df9ebd6fc36a12"
    },
    {
        "logtime": "2019/07/05 10:51:47",
        "logdata": ""
    },
    {
        "logtime": "2019/07/05 10:51:47",
        "logdata": {
            "_ServerResVersion": 6,
            "_Active": true,
            "_KindVersion": "101122049",
            "_KindType": 2,
            "_Module": "yule/redninebattle/",
            "_KindID": "109",
            "_Type": "yule",
            "nSitChair": 65535,
            "_KindName": "yule.redninebattle.",
            "nEnterRoomIndex": 1,
            "nSitTable": 65535,
            "_SortId": 12
        }
    },
    {
        "logtime": "2019/07/05 10:51:47",
        "logdata": "modulestr"
    },
    {
        "logtime": "2019/07/05 10:51:47",
        "logdata": "yule/redninebattle/"
    },
    {
        "logtime": "2019/07/05 10:51:47",
        "logdata": "url"
    },
    {
        "logtime": "2019/07/05 10:51:47",
        "logdata": "http://apis.juhe.cn/ip/ip2addr?ip=171.14.214.196&key=74bb0395667b8d0588df9ebd6fc36a12"
    },
    {
        "logtime": "2019/07/05 10:51:47",
        "logdata": ""
    },
    {
        "logtime": "2019/07/05 10:51:47",
        "logdata": "url"
    },
    {
        "logtime": "2019/07/05 10:51:47",
        "logdata": "http://apis.juhe.cn/ip/ip2addr?ip=139.213.132.133&key=74bb0395667b8d0588df9ebd6fc36a12"
    },
    {
        "logtime": "2019/07/05 10:51:47",
        "logdata": ""
    },
    {
        "logtime": "2019/07/05 10:51:47",
        "logdata": "url"
    },
    {
        "logtime": "2019/07/05 10:51:47",
        "logdata": "http://apis.juhe.cn/ip/ip2addr?ip=36.62.246.239&key=74bb0395667b8d0588df9ebd6fc36a12"
    },
    {
        "logtime": "2019/07/05 10:51:47",
        "logdata": ""
    },
    {
        "logtime": "2019/07/05 10:51:47",
        "logdata": "url"
    },
    {
        "logtime": "2019/07/05 10:51:47",
        "logdata": "http://apis.juhe.cn/ip/ip2addr?ip=121.77.244.142&key=74bb0395667b8d0588df9ebd6fc36a12"
    },
    {
        "logtime": "2019/07/05 10:51:47",
        "logdata": ""
    },
    {
        "logtime": "2019/07/05 10:51:47",
        "logdata": "url"
    },
    {
        "logtime": "2019/07/05 10:51:47",
        "logdata": "http://apis.juhe.cn/ip/ip2addr?ip=210.46.127.130&key=74bb0395667b8d0588df9ebd6fc36a12"
    },
    {
        "logtime": "2019/07/05 10:51:47",
        "logdata": ""
    },
    {
        "logtime": "2019/07/05 10:51:47",
        "logdata": "url"
    },
    {
        "logtime": "2019/07/05 10:51:47",
        "logdata": "http://apis.juhe.cn/ip/ip2addr?ip=210.32.71.16&key=74bb0395667b8d0588df9ebd6fc36a12"
    },
    {
        "logtime": "2019/07/05 10:51:47",
        "logdata": ""
    },
    {
        "logtime": "2019/07/05 10:51:47",
        "logdata": "url"
    },
    {
        "logtime": "2019/07/05 10:51:47",
        "logdata": "http://apis.juhe.cn/ip/ip2addr?ip=36.58.29.31&key=74bb0395667b8d0588df9ebd6fc36a12"
    },
    {
        "logtime": "2019/07/05 10:51:47",
        "logdata": ""
    },
    {
        "logtime": "2019/07/05 10:51:47",
        "logdata": "url"
    },
    {
        "logtime": "2019/07/05 10:51:47",
        "logdata": "http://apis.juhe.cn/ip/ip2addr?ip=139.199.254.126&key=74bb0395667b8d0588df9ebd6fc36a12"
    },
    {
        "logtime": "2019/07/05 10:51:47",
        "logdata": ""
    },
    {
        "logtime": "2019/07/05 10:51:47",
        "logdata": "url"
    },
    {
        "logtime": "2019/07/05 10:51:47",
        "logdata": "http://apis.juhe.cn/ip/ip2addr?ip=106.87.39.24&key=74bb0395667b8d0588df9ebd6fc36a12"
    },
    {
        "logtime": "2019/07/05 10:51:47",
        "logdata": ""
    },
    {
        "logtime": "2019/07/05 10:51:47",
        "logdata": "url"
    },
    {
        "logtime": "2019/07/05 10:51:47",
        "logdata": "http://apis.juhe.cn/ip/ip2addr?ip=61.236.12.188&key=74bb0395667b8d0588df9ebd6fc36a12"
    },
    {
        "logtime": "2019/07/05 10:51:47",
        "logdata": ""
    },
    {
        "logtime": "2019/07/05 10:51:47",
        "logdata": "url"
    },
    {
        "logtime": "2019/07/05 10:51:47",
        "logdata": "http://apis.juhe.cn/ip/ip2addr?ip=121.77.59.149&key=74bb0395667b8d0588df9ebd6fc36a12"
    },
    {
        "logtime": "2019/07/05 10:51:47",
        "logdata": ""
    },
    {
        "logtime": "2019/07/05 10:51:47",
        "logdata": "url"
    },
    {
        "logtime": "2019/07/05 10:51:47",
        "logdata": "http://apis.juhe.cn/ip/ip2addr?ip=222.16.220.243&key=74bb0395667b8d0588df9ebd6fc36a12"
    },
    {
        "logtime": "2019/07/05 10:51:48",
        "logdata": ""
    },
    {
        "logtime": "2019/07/05 10:51:48",
        "logdata": "url"
    },
    {
        "logtime": "2019/07/05 10:51:48",
        "logdata": "http://apis.juhe.cn/ip/ip2addr?ip=61.234.3.88&key=74bb0395667b8d0588df9ebd6fc36a12"
    },
    {
        "logtime": "2019/07/05 10:51:48",
        "logdata": ""
    },
    {
        "logtime": "2019/07/05 10:51:48",
        "logdata": "url"
    },
    {
        "logtime": "2019/07/05 10:51:48",
        "logdata": "http://apis.juhe.cn/ip/ip2addr?ip=58.23.49.18&key=74bb0395667b8d0588df9ebd6fc36a12"
    },
    {
        "logtime": "2019/07/05 10:51:48",
        "logdata": ""
    },
    {
        "logtime": "2019/07/05 10:51:51",
        "logdata": {}
    },
    {
        "logtime": "2019/07/05 10:51:55",
        "logdata": "LogonScene.onceExcute"
    },
    {
        "logtime": "2019/07/05 10:51:55",
        "logdata": "http://www.fuannainc.top/"
    },
    {
        "logtime": "2019/07/05 10:51:55",
        "logdata": "url"
    },
    {
        "logtime": "2019/07/05 10:51:55",
        "logdata": "http://www.fuannainc.top//ws/MobileInterface.ashx?action=GetMobileLoginNotice"
    },
    {
        "logtime": "2019/07/05 10:51:55",
        "logdata": ""
    },
    {
        "logtime": "2019/07/05 10:51:56",
        "logdata": "url"
    },
    {
        "logtime": "2019/07/05 10:51:56",
        "logdata": "http://apis.juhe.cn/ip/ip2addr?ip=58.23.49.18&key=74bb0395667b8d0588df9ebd6fc36a12"
    },
    {
        "logtime": "2019/07/05 10:51:56",
        "logdata": ""
    },
    {
        "logtime": "2019/07/05 10:51:57",
        "logdata": "onLogonCallBack"
    },
    {
        "logtime": "2019/07/05 10:51:57",
        "logdata": "http://www.fuannainc.top/"
    },
    {
        "logtime": "2019/07/05 10:51:57",
        "logdata": "url"
    },
    {
        "logtime": "2019/07/05 10:51:57",
        "logdata": "http://www.fuannainc.top//WS/MobileInterface.ashx"
    },
    {
        "logtime": "2019/07/05 10:51:57",
        "logdata": "action=GetMobileShareConfig&userid=120187&time=1562295116&signature=5B240E81955B8F185B7F5FF3266FA17D"
    },
    {
        "logtime": "2019/07/05 10:51:58",
        "logdata": "url"
    },
    {
        "logtime": "2019/07/05 10:51:58",
        "logdata": "http://www.fuannainc.top//WS/MobileInterface.ashx?action=GetMobileRollNotice"
    },
    {
        "logtime": "2019/07/05 10:51:58",
        "logdata": ""
    }
]