[
    {
        "logtime": "2019/07/02 09:51:13",
        "logdata": "LogonScene.onceExcute"
    },
    {
        "logtime": "2019/07/02 09:51:13",
        "logdata": "http://www.fuannainc.top/"
    },
    {
        "logtime": "2019/07/02 09:51:14",
        "logdata": "url"
    },
    {
        "logtime": "2019/07/02 09:51:14",
        "logdata": "http://www.fuannainc.top//ws/MobileInterface.ashx?action=GetMobileLoginNotice"
    },
    {
        "logtime": "2019/07/02 09:51:14",
        "logdata": ""
    },
    {
        "logtime": "2019/07/02 09:51:16",
        "logdata": "url"
    },
    {
        "logtime": "2019/07/02 09:51:16",
        "logdata": "http://apis.juhe.cn/ip/ip2addr?ip=58.23.48.188&key=74bb0395667b8d0588df9ebd6fc36a12"
    },
    {
        "logtime": "2019/07/02 09:51:16",
        "logdata": ""
    },
    {
        "logtime": "2019/07/02 09:51:16",
        "logdata": "onLogonCallBack"
    },
    {
        "logtime": "2019/07/02 09:51:16",
        "logdata": "http://www.fuannainc.top/"
    },
    {
        "logtime": "2019/07/02 09:51:16",
        "logdata": "url"
    },
    {
        "logtime": "2019/07/02 09:51:16",
        "logdata": "http://www.fuannainc.top//WS/MobileInterface.ashx"
    },
    {
        "logtime": "2019/07/02 09:51:16",
        "logdata": "action=GetMobileShareConfig&userid=119947&time=1562032276&signature=59BAFE2968E4DD33D243215416A015A8"
    },
    {
        "logtime": "2019/07/02 09:51:17",
        "logdata": "url"
    },
    {
        "logtime": "2019/07/02 09:51:17",
        "logdata": "http://www.fuannainc.top//WS/MobileInterface.ashx?action=GetMobileRollNotice"
    },
    {
        "logtime": "2019/07/02 09:51:17",
        "logdata": ""
    },
    {
        "logtime": "2019/07/02 09:51:19",
        "logdata": "url"
    },
    {
        "logtime": "2019/07/02 09:51:19",
        "logdata": "http://apis.juhe.cn/ip/ip2addr?ip=58.23.48.188&key=74bb0395667b8d0588df9ebd6fc36a12"
    },
    {
        "logtime": "2019/07/02 09:51:19",
        "logdata": ""
    },
    {
        "logtime": "2019/07/02 09:51:19",
        "logdata": {
            "_ServerResVersion": 10,
            "_Active": true,
            "_KindVersion": "101122049",
            "_KindType": 1,
            "_Module": "xiuxian/shuiguolaba/",
            "_KindID": "406",
            "_Type": "xiuxian",
            "_KindName": "xiuxian.shuiguolaba.",
            "nEnterRoomIndex": 1,
            "_SortId": 0
        }
    },
    {
        "logtime": "2019/07/02 09:51:19",
        "logdata": "modulestr"
    },
    {
        "logtime": "2019/07/02 09:51:19",
        "logdata": "xiuxian/shuiguolaba/"
    },
    {
        "logtime": "2019/07/02 09:51:23",
        "logdata": null
    },
    {
        "logtime": "2019/07/02 09:51:23",
        "logdata": "onEnterGame"
    },
    {
        "logtime": "2019/07/02 09:51:23",
        "logdata": {
            "_ServerResVersion": 10,
            "_Active": true,
            "_KindVersion": "101122049",
            "_KindType": 1,
            "_Module": "xiuxian/shuiguolaba/",
            "_KindID": "406",
            "_Type": "xiuxian",
            "_KindName": "xiuxian.shuiguolaba.",
            "nEnterRoomIndex": 1,
            "_SortId": 0
        }
    },
    {
        "logtime": "2019/07/02 09:51:24",
        "logdata": "GlobalUserItem.getCurGameKind()"
    },
    {
        "logtime": "2019/07/02 09:51:24",
        "logdata": 406
    },
    {
        "logtime": "2019/07/02 09:51:25",
        "logdata": "url"
    },
    {
        "logtime": "2019/07/02 09:51:25",
        "logdata": "http://apis.juhe.cn/ip/ip2addr?ip=58.23.48.188&key=74bb0395667b8d0588df9ebd6fc36a12"
    },
    {
        "logtime": "2019/07/02 09:51:25",
        "logdata": ""
    },
    {
        "logtime": "2019/07/02 09:51:25",
        "logdata": {
            "_ServerResVersion": 10,
            "_Active": true,
            "_KindVersion": "101122049",
            "_KindType": 1,
            "_Module": "xiuxian/shuiguolaba/",
            "_KindID": "406",
            "_Type": "xiuxian",
            "nSitChair": 65535,
            "_KindName": "xiuxian.shuiguolaba.",
            "nEnterRoomIndex": 1,
            "nSitTable": 65535,
            "_SortId": 0
        }
    },
    {
        "logtime": "2019/07/02 09:51:25",
        "logdata": "modulestr"
    },
    {
        "logtime": "2019/07/02 09:51:25",
        "logdata": "xiuxian/shuiguolaba/"
    }
]