[
    {
        "logtime": "2019/07/09 14:19:01",
        "logdata": "keys2"
    },
    {
        "logtime": "2019/07/09 14:19:01",
        "logdata": "byte"
    },
    {
        "logtime": "2019/07/09 14:19:01",
        "logdata": "keys2"
    },
    {
        "logtime": "2019/07/09 14:19:01",
        "logdata": "word"
    },
    {
        "logtime": "2019/07/09 14:19:01",
        "logdata": "keys2"
    },
    {
        "logtime": "2019/07/09 14:19:01",
        "logdata": "word"
    },
    {
        "logtime": "2019/07/09 14:19:01",
        "logdata": "keys2"
    },
    {
        "logtime": "2019/07/09 14:19:01",
        "logdata": "word"
    },
    {
        "logtime": "2019/07/09 14:19:01",
        "logdata": "keys2"
    },
    {
        "logtime": "2019/07/09 14:19:01",
        "logdata": "word"
    },
    {
        "logtime": "2019/07/09 14:19:01",
        "logdata": "keys2"
    },
    {
        "logtime": "2019/07/09 14:19:01",
        "logdata": "double"
    },
    {
        "logtime": "2019/07/09 14:19:01",
        "logdata": "keys2"
    },
    {
        "logtime": "2019/07/09 14:19:01",
        "logdata": "double"
    },
    {
        "logtime": "2019/07/09 14:19:01",
        "logdata": "keys2"
    },
    {
        "logtime": "2019/07/09 14:19:01",
        "logdata": "double"
    },
    {
        "logtime": "2019/07/09 14:19:59",
        "logdata": "LogonScene.onceExcute"
    },
    {
        "logtime": "2019/07/09 14:19:59",
        "logdata": "http://www.fuannainc.top/"
    },
    {
        "logtime": "2019/07/09 14:19:59",
        "logdata": "url"
    },
    {
        "logtime": "2019/07/09 14:19:59",
        "logdata": "http://www.fuannainc.top//ws/MobileInterface.ashx?action=GetMobileLoginNotice"
    },
    {
        "logtime": "2019/07/09 14:19:59",
        "logdata": ""
    }
]