[
    {
        "logtime": "2019/07/24 17:14:02",
        "logdata": "LogonScene.onceExcute"
    },
    {
        "logtime": "2019/07/24 17:14:02",
        "logdata": "http://www.fuannabbs.top/"
    },
    {
        "logtime": "2019/07/24 17:14:02",
        "logdata": "url"
    },
    {
        "logtime": "2019/07/24 17:14:02",
        "logdata": "http://www.fuannabbs.top//ws/MobileInterface.ashx?action=GetMobileLoginNotice"
    },
    {
        "logtime": "2019/07/24 17:14:02",
        "logdata": ""
    },
    {
        "logtime": "2019/07/24 17:14:05",
        "logdata": "onLogonCallBack"
    },
    {
        "logtime": "2019/07/24 17:14:05",
        "logdata": "http://www.fuannabbs.top/"
    },
    {
        "logtime": "2019/07/24 17:14:05",
        "logdata": "url"
    },
    {
        "logtime": "2019/07/24 17:14:05",
        "logdata": "http://www.fuannabbs.top//WS/MobileInterface.ashx"
    },
    {
        "logtime": "2019/07/24 17:14:05",
        "logdata": "action=GetMobileShareConfig&userid=119915&time=1563959645&signature=4CCC8E77D15C4C8C0B725F1F3BF1C9AE"
    },
    {
        "logtime": "2019/07/24 17:14:06",
        "logdata": "url"
    },
    {
        "logtime": "2019/07/24 17:14:06",
        "logdata": "http://www.fuannabbs.top//WS/MobileInterface.ashx?action=GetMobileRollNotice"
    },
    {
        "logtime": "2019/07/24 17:14:06",
        "logdata": ""
    },
    {
        "logtime": "2019/07/24 17:14:28",
        "logdata": "LogonScene.onceExcute"
    },
    {
        "logtime": "2019/07/24 17:14:28",
        "logdata": "http://www.fuannabbs.top/"
    },
    {
        "logtime": "2019/07/24 17:14:28",
        "logdata": "url"
    },
    {
        "logtime": "2019/07/24 17:14:28",
        "logdata": "http://www.fuannabbs.top//ws/MobileInterface.ashx?action=GetMobileLoginNotice"
    },
    {
        "logtime": "2019/07/24 17:14:28",
        "logdata": ""
    },
    {
        "logtime": "2019/07/24 17:14:31",
        "logdata": "onLogonCallBack"
    },
    {
        "logtime": "2019/07/24 17:14:31",
        "logdata": "http://www.fuannabbs.top/"
    },
    {
        "logtime": "2019/07/24 17:14:31",
        "logdata": "url"
    },
    {
        "logtime": "2019/07/24 17:14:31",
        "logdata": "http://www.fuannabbs.top//WS/MobileInterface.ashx"
    },
    {
        "logtime": "2019/07/24 17:14:31",
        "logdata": "action=GetMobileShareConfig&userid=119748&time=1563959671&signature=12129B00C8F099373E23F4E63854A55F"
    },
    {
        "logtime": "2019/07/24 17:14:33",
        "logdata": "url"
    },
    {
        "logtime": "2019/07/24 17:14:33",
        "logdata": "http://www.fuannabbs.top//WS/MobileInterface.ashx?action=GetMobileRollNotice"
    },
    {
        "logtime": "2019/07/24 17:14:33",
        "logdata": ""
    },
    {
        "logtime": "2019/07/24 17:14:51",
        "logdata": "LogonScene.onceExcute"
    },
    {
        "logtime": "2019/07/24 17:14:51",
        "logdata": "http://www.fuannabbs.top/"
    },
    {
        "logtime": "2019/07/24 17:14:51",
        "logdata": "url"
    },
    {
        "logtime": "2019/07/24 17:14:51",
        "logdata": "http://www.fuannabbs.top//ws/MobileInterface.ashx?action=GetMobileLoginNotice"
    },
    {
        "logtime": "2019/07/24 17:14:51",
        "logdata": ""
    },
    {
        "logtime": "2019/07/24 17:14:54",
        "logdata": "onLogonCallBack"
    },
    {
        "logtime": "2019/07/24 17:14:54",
        "logdata": "http://www.fuannabbs.top/"
    },
    {
        "logtime": "2019/07/24 17:14:54",
        "logdata": "url"
    },
    {
        "logtime": "2019/07/24 17:14:54",
        "logdata": "http://www.fuannabbs.top//WS/MobileInterface.ashx"
    },
    {
        "logtime": "2019/07/24 17:14:54",
        "logdata": "action=GetMobileShareConfig&userid=119890&time=1563959694&signature=98319C999357135622455C83D65C83E0"
    },
    {
        "logtime": "2019/07/24 17:14:56",
        "logdata": "url"
    },
    {
        "logtime": "2019/07/24 17:14:56",
        "logdata": "http://www.fuannabbs.top//WS/MobileInterface.ashx?action=GetMobileRollNotice"
    },
    {
        "logtime": "2019/07/24 17:14:56",
        "logdata": ""
    }
]