[
    {
        "logtime": "2019/07/04 14:16:53",
        "logdata": "LogonScene.onceExcute"
    },
    {
        "logtime": "2019/07/04 14:16:53",
        "logdata": "http://www.fuannainc.top/"
    },
    {
        "logtime": "2019/07/04 14:16:53",
        "logdata": "url"
    },
    {
        "logtime": "2019/07/04 14:16:53",
        "logdata": "http://www.fuannainc.top//ws/MobileInterface.ashx?action=GetMobileLoginNotice"
    },
    {
        "logtime": "2019/07/04 14:16:53",
        "logdata": ""
    },
    {
        "logtime": "2019/07/04 14:16:55",
        "logdata": "url"
    },
    {
        "logtime": "2019/07/04 14:16:55",
        "logdata": "http://apis.juhe.cn/ip/ip2addr?ip=58.23.49.18&key=74bb0395667b8d0588df9ebd6fc36a12"
    },
    {
        "logtime": "2019/07/04 14:16:55",
        "logdata": ""
    },
    {
        "logtime": "2019/07/04 14:16:55",
        "logdata": "onLogonCallBack"
    },
    {
        "logtime": "2019/07/04 14:16:55",
        "logdata": "http://www.fuannainc.top/"
    },
    {
        "logtime": "2019/07/04 14:16:55",
        "logdata": "url"
    },
    {
        "logtime": "2019/07/04 14:16:55",
        "logdata": "http://www.fuannainc.top//WS/MobileInterface.ashx"
    },
    {
        "logtime": "2019/07/04 14:16:55",
        "logdata": "action=GetMobileShareConfig&userid=120188&time=1562221015&signature=E9C9D2B327EB6EE9707BE4B984D0C655"
    },
    {
        "logtime": "2019/07/04 14:16:56",
        "logdata": "url"
    },
    {
        "logtime": "2019/07/04 14:16:56",
        "logdata": "http://www.fuannainc.top//WS/MobileInterface.ashx?action=GetMobileRollNotice"
    },
    {
        "logtime": "2019/07/04 14:16:56",
        "logdata": ""
    }
]