[
    {
        "logtime": "2019/05/17 16:58:23",
        "logdata": "LogonScene.onceExcute"
    },
    {
        "logtime": "2019/05/17 16:58:23",
        "logdata": "http://www.fuannainc.top/"
    },
    {
        "logtime": "2019/05/17 16:58:23",
        "logdata": "url"
    },
    {
        "logtime": "2019/05/17 16:58:23",
        "logdata": "http://www.fuannainc.top//ws/MobileInterface.ashx?action=GetMobileLoginNotice"
    },
    {
        "logtime": "2019/05/17 16:58:23",
        "logdata": ""
    },
    {
        "logtime": "2019/05/17 16:58:29",
        "logdata": "url"
    },
    {
        "logtime": "2019/05/17 16:58:29",
        "logdata": "http://apis.juhe.cn/ip/ip2addr?ip=113.77.83.165&key=74bb0395667b8d0588df9ebd6fc36a12"
    },
    {
        "logtime": "2019/05/17 16:58:29",
        "logdata": ""
    },
    {
        "logtime": "2019/05/17 16:58:29",
        "logdata": "onLogonCallBack"
    },
    {
        "logtime": "2019/05/17 16:58:29",
        "logdata": "http://www.fuannainc.top/"
    },
    {
        "logtime": "2019/05/17 16:58:29",
        "logdata": "url"
    },
    {
        "logtime": "2019/05/17 16:58:29",
        "logdata": "http://www.fuannainc.top//WS/MobileInterface.ashx"
    },
    {
        "logtime": "2019/05/17 16:58:29",
        "logdata": "action=GetMobileShareConfig&userid=119802&time=1558083509&signature=31023E4EE67555334E76795E190012FB"
    },
    {
        "logtime": "2019/05/17 16:58:32",
        "logdata": "url"
    },
    {
        "logtime": "2019/05/17 16:58:32",
        "logdata": "http://www.fuannainc.top//WS/MobileInterface.ashx?action=GetMobileRollNotice"
    },
    {
        "logtime": "2019/05/17 16:58:32",
        "logdata": ""
    },
    {
        "logtime": "2019/05/17 16:58:35",
        "logdata": "url"
    },
    {
        "logtime": "2019/05/17 16:58:35",
        "logdata": "http://www.fuannainc.top//WS/Lottery.ashx"
    },
    {
        "logtime": "2019/05/17 16:58:35",
        "logdata": "action=LotteryConfig"
    },
    {
        "logtime": "2019/05/17 16:58:35",
        "logdata": "url"
    },
    {
        "logtime": "2019/05/17 16:58:35",
        "logdata": "http://www.fuannainc.top//WS/Lottery.ashx"
    },
    {
        "logtime": "2019/05/17 16:58:35",
        "logdata": "action=LotteryUserInfo&userid=119802&time=1558083515&signature=8F3D5D72AFBF873498EB62A8AA11C1BE"
    },
    {
        "logtime": "2019/05/17 16:58:39",
        "logdata": "url"
    },
    {
        "logtime": "2019/05/17 16:58:39",
        "logdata": "http://www.fuannainc.top//WS/Lottery.ashx"
    },
    {
        "logtime": "2019/05/17 16:58:39",
        "logdata": "action=LotteryConfig"
    },
    {
        "logtime": "2019/05/17 16:58:39",
        "logdata": "url"
    },
    {
        "logtime": "2019/05/17 16:58:39",
        "logdata": "http://www.fuannainc.top//WS/Lottery.ashx"
    },
    {
        "logtime": "2019/05/17 16:58:39",
        "logdata": "action=LotteryUserInfo&userid=119802&time=1558083519&signature=4984C91D34C5088FBFCD6ACC3224CB5B"
    },
    {
        "logtime": "2019/05/17 16:58:41",
        "logdata": "url"
    },
    {
        "logtime": "2019/05/17 16:58:41",
        "logdata": "http://www.fuannainc.top//ws/MobileInterface.ashx"
    },
    {
        "logtime": "2019/05/17 16:58:41",
        "logdata": "action=getpaylist"
    },
    {
        "logtime": "2019/05/17 16:58:41",
        "logdata": "url"
    },
    {
        "logtime": "2019/05/17 16:58:41",
        "logdata": "http://www.fuannainc.top//WS/MobileInterface.ashx"
    },
    {
        "logtime": "2019/05/17 16:58:41",
        "logdata": "action=getagentpay"
    }
]