[
    {
        "logtime": "2019/05/13 17:48:28",
        "logdata": "LogonScene.onceExcute"
    },
    {
        "logtime": "2019/05/13 17:48:28",
        "logdata": "http://www.fuannainc.top/"
    },
    {
        "logtime": "2019/05/13 17:48:28",
        "logdata": "url"
    },
    {
        "logtime": "2019/05/13 17:48:28",
        "logdata": "http://www.fuannainc.top//ws/MobileInterface.ashx?action=GetMobileLoginNotice"
    },
    {
        "logtime": "2019/05/13 17:48:28",
        "logdata": ""
    },
    {
        "logtime": "2019/05/13 17:48:58",
        "logdata": "url"
    },
    {
        "logtime": "2019/05/13 17:48:58",
        "logdata": "http://apis.juhe.cn/ip/ip2addr?ip=113.77.80.214&key=74bb0395667b8d0588df9ebd6fc36a12"
    },
    {
        "logtime": "2019/05/13 17:48:58",
        "logdata": ""
    }
]