[
    {
        "logtime": "2019/07/20 15:08:00",
        "logdata": "[string \".\\client/src/plaza/mediator/ExchangeMediator.lua\"]:199: attempt to call method 'emit' (a nil value)\nstack traceback:\n\t[string \".\\app/models/AppDF.lua\"]:444: in function <[string \".\\app/models/AppDF.lua\"]:441>"
    },
    {
        "logtime": "2019/07/20 15:08:01",
        "logdata": "[string \".\\client/src/plaza/mediator/ExchangeMediator.lua\"]:199: attempt to call method 'emit' (a nil value)\nstack traceback:\n\t[string \".\\app/models/AppDF.lua\"]:444: in function <[string \".\\app/models/AppDF.lua\"]:441>"
    },
    {
        "logtime": "2019/07/20 15:08:02",
        "logdata": "[string \".\\client/src/plaza/mediator/ExchangeMediator.lua\"]:199: attempt to call method 'emit' (a nil value)\nstack traceback:\n\t[string \".\\app/models/AppDF.lua\"]:444: in function <[string \".\\app/models/AppDF.lua\"]:441>"
    },
    {
        "logtime": "2019/07/20 15:08:03",
        "logdata": "[string \".\\client/src/plaza/mediator/ExchangeMediator.lua\"]:199: attempt to call method 'emit' (a nil value)\nstack traceback:\n\t[string \".\\app/models/AppDF.lua\"]:444: in function <[string \".\\app/models/AppDF.lua\"]:441>"
    },
    {
        "logtime": "2019/07/20 15:08:04",
        "logdata": "[string \".\\client/src/plaza/mediator/ExchangeMediator.lua\"]:199: attempt to call method 'emit' (a nil value)\nstack traceback:\n\t[string \".\\app/models/AppDF.lua\"]:444: in function <[string \".\\app/models/AppDF.lua\"]:441>"
    },
    {
        "logtime": "2019/07/20 15:08:05",
        "logdata": "[string \".\\client/src/plaza/mediator/ExchangeMediator.lua\"]:199: attempt to call method 'emit' (a nil value)\nstack traceback:\n\t[string \".\\app/models/AppDF.lua\"]:444: in function <[string \".\\app/models/AppDF.lua\"]:441>"
    },
    {
        "logtime": "2019/07/20 15:08:06",
        "logdata": "[string \".\\client/src/plaza/mediator/ExchangeMediator.lua\"]:199: attempt to call method 'emit' (a nil value)\nstack traceback:\n\t[string \".\\app/models/AppDF.lua\"]:444: in function <[string \".\\app/models/AppDF.lua\"]:441>"
    },
    {
        "logtime": "2019/07/20 15:08:07",
        "logdata": "[string \".\\client/src/plaza/mediator/ExchangeMediator.lua\"]:199: attempt to call method 'emit' (a nil value)\nstack traceback:\n\t[string \".\\app/models/AppDF.lua\"]:444: in function <[string \".\\app/models/AppDF.lua\"]:441>"
    },
    {
        "logtime": "2019/07/20 15:08:08",
        "logdata": "[string \".\\client/src/plaza/mediator/ExchangeMediator.lua\"]:199: attempt to call method 'emit' (a nil value)\nstack traceback:\n\t[string \".\\app/models/AppDF.lua\"]:444: in function <[string \".\\app/models/AppDF.lua\"]:441>"
    },
    {
        "logtime": "2019/07/20 15:08:09",
        "logdata": "[string \".\\client/src/plaza/mediator/ExchangeMediator.lua\"]:199: attempt to call method 'emit' (a nil value)\nstack traceback:\n\t[string \".\\app/models/AppDF.lua\"]:444: in function <[string \".\\app/models/AppDF.lua\"]:441>"
    },
    {
        "logtime": "2019/07/20 15:08:10",
        "logdata": "[string \".\\client/src/plaza/mediator/ExchangeMediator.lua\"]:199: attempt to call method 'emit' (a nil value)\nstack traceback:\n\t[string \".\\app/models/AppDF.lua\"]:444: in function <[string \".\\app/models/AppDF.lua\"]:441>"
    },
    {
        "logtime": "2019/07/20 15:08:11",
        "logdata": "[string \".\\client/src/plaza/mediator/ExchangeMediator.lua\"]:199: attempt to call method 'emit' (a nil value)\nstack traceback:\n\t[string \".\\app/models/AppDF.lua\"]:444: in function <[string \".\\app/models/AppDF.lua\"]:441>"
    },
    {
        "logtime": "2019/07/20 15:08:12",
        "logdata": "[string \".\\client/src/plaza/mediator/ExchangeMediator.lua\"]:199: attempt to call method 'emit' (a nil value)\nstack traceback:\n\t[string \".\\app/models/AppDF.lua\"]:444: in function <[string \".\\app/models/AppDF.lua\"]:441>"
    },
    {
        "logtime": "2019/07/20 15:08:13",
        "logdata": "[string \".\\client/src/plaza/mediator/ExchangeMediator.lua\"]:199: attempt to call method 'emit' (a nil value)\nstack traceback:\n\t[string \".\\app/models/AppDF.lua\"]:444: in function <[string \".\\app/models/AppDF.lua\"]:441>"
    },
    {
        "logtime": "2019/07/20 15:08:14",
        "logdata": "[string \".\\client/src/plaza/mediator/ExchangeMediator.lua\"]:199: attempt to call method 'emit' (a nil value)\nstack traceback:\n\t[string \".\\app/models/AppDF.lua\"]:444: in function <[string \".\\app/models/AppDF.lua\"]:441>"
    },
    {
        "logtime": "2019/07/20 15:08:15",
        "logdata": "[string \".\\client/src/plaza/mediator/ExchangeMediator.lua\"]:199: attempt to call method 'emit' (a nil value)\nstack traceback:\n\t[string \".\\app/models/AppDF.lua\"]:444: in function <[string \".\\app/models/AppDF.lua\"]:441>"
    },
    {
        "logtime": "2019/07/20 15:08:16",
        "logdata": "[string \".\\client/src/plaza/mediator/ExchangeMediator.lua\"]:199: attempt to call method 'emit' (a nil value)\nstack traceback:\n\t[string \".\\app/models/AppDF.lua\"]:444: in function <[string \".\\app/models/AppDF.lua\"]:441>"
    },
    {
        "logtime": "2019/07/20 15:08:17",
        "logdata": "[string \".\\client/src/plaza/mediator/ExchangeMediator.lua\"]:199: attempt to call method 'emit' (a nil value)\nstack traceback:\n\t[string \".\\app/models/AppDF.lua\"]:444: in function <[string \".\\app/models/AppDF.lua\"]:441>"
    },
    {
        "logtime": "2019/07/20 15:08:18",
        "logdata": "[string \".\\client/src/plaza/mediator/ExchangeMediator.lua\"]:199: attempt to call method 'emit' (a nil value)\nstack traceback:\n\t[string \".\\app/models/AppDF.lua\"]:444: in function <[string \".\\app/models/AppDF.lua\"]:441>"
    },
    {
        "logtime": "2019/07/20 15:08:19",
        "logdata": "[string \".\\client/src/plaza/mediator/ExchangeMediator.lua\"]:199: attempt to call method 'emit' (a nil value)\nstack traceback:\n\t[string \".\\app/models/AppDF.lua\"]:444: in function <[string \".\\app/models/AppDF.lua\"]:441>"
    },
    {
        "logtime": "2019/07/20 15:08:20",
        "logdata": "[string \".\\client/src/plaza/mediator/ExchangeMediator.lua\"]:199: attempt to call method 'emit' (a nil value)\nstack traceback:\n\t[string \".\\app/models/AppDF.lua\"]:444: in function <[string \".\\app/models/AppDF.lua\"]:441>"
    },
    {
        "logtime": "2019/07/20 15:08:21",
        "logdata": "[string \".\\client/src/plaza/mediator/ExchangeMediator.lua\"]:199: attempt to call method 'emit' (a nil value)\nstack traceback:\n\t[string \".\\app/models/AppDF.lua\"]:444: in function <[string \".\\app/models/AppDF.lua\"]:441>"
    },
    {
        "logtime": "2019/07/20 15:08:22",
        "logdata": "[string \".\\client/src/plaza/mediator/ExchangeMediator.lua\"]:199: attempt to call method 'emit' (a nil value)\nstack traceback:\n\t[string \".\\app/models/AppDF.lua\"]:444: in function <[string \".\\app/models/AppDF.lua\"]:441>"
    },
    {
        "logtime": "2019/07/20 15:08:23",
        "logdata": "[string \".\\client/src/plaza/mediator/ExchangeMediator.lua\"]:199: attempt to call method 'emit' (a nil value)\nstack traceback:\n\t[string \".\\app/models/AppDF.lua\"]:444: in function <[string \".\\app/models/AppDF.lua\"]:441>"
    },
    {
        "logtime": "2019/07/20 15:08:24",
        "logdata": "[string \".\\client/src/plaza/mediator/ExchangeMediator.lua\"]:199: attempt to call method 'emit' (a nil value)\nstack traceback:\n\t[string \".\\app/models/AppDF.lua\"]:444: in function <[string \".\\app/models/AppDF.lua\"]:441>"
    },
    {
        "logtime": "2019/07/20 15:08:25",
        "logdata": "[string \".\\client/src/plaza/mediator/ExchangeMediator.lua\"]:199: attempt to call method 'emit' (a nil value)\nstack traceback:\n\t[string \".\\app/models/AppDF.lua\"]:444: in function <[string \".\\app/models/AppDF.lua\"]:441>"
    },
    {
        "logtime": "2019/07/20 15:08:26",
        "logdata": "[string \".\\client/src/plaza/mediator/ExchangeMediator.lua\"]:199: attempt to call method 'emit' (a nil value)\nstack traceback:\n\t[string \".\\app/models/AppDF.lua\"]:444: in function <[string \".\\app/models/AppDF.lua\"]:441>"
    },
    {
        "logtime": "2019/07/20 15:08:27",
        "logdata": "[string \".\\client/src/plaza/mediator/ExchangeMediator.lua\"]:199: attempt to call method 'emit' (a nil value)\nstack traceback:\n\t[string \".\\app/models/AppDF.lua\"]:444: in function <[string \".\\app/models/AppDF.lua\"]:441>"
    },
    {
        "logtime": "2019/07/20 15:08:28",
        "logdata": "[string \".\\client/src/plaza/mediator/ExchangeMediator.lua\"]:199: attempt to call method 'emit' (a nil value)\nstack traceback:\n\t[string \".\\app/models/AppDF.lua\"]:444: in function <[string \".\\app/models/AppDF.lua\"]:441>"
    },
    {
        "logtime": "2019/07/20 15:08:29",
        "logdata": "[string \".\\client/src/plaza/mediator/ExchangeMediator.lua\"]:199: attempt to call method 'emit' (a nil value)\nstack traceback:\n\t[string \".\\app/models/AppDF.lua\"]:444: in function <[string \".\\app/models/AppDF.lua\"]:441>"
    },
    {
        "logtime": "2019/07/20 15:08:30",
        "logdata": "[string \".\\client/src/plaza/mediator/ExchangeMediator.lua\"]:199: attempt to call method 'emit' (a nil value)\nstack traceback:\n\t[string \".\\app/models/AppDF.lua\"]:444: in function <[string \".\\app/models/AppDF.lua\"]:441>"
    },
    {
        "logtime": "2019/07/20 15:08:31",
        "logdata": "[string \".\\client/src/plaza/mediator/ExchangeMediator.lua\"]:199: attempt to call method 'emit' (a nil value)\nstack traceback:\n\t[string \".\\app/models/AppDF.lua\"]:444: in function <[string \".\\app/models/AppDF.lua\"]:441>"
    },
    {
        "logtime": "2019/07/20 15:08:32",
        "logdata": "[string \".\\client/src/plaza/mediator/ExchangeMediator.lua\"]:199: attempt to call method 'emit' (a nil value)\nstack traceback:\n\t[string \".\\app/models/AppDF.lua\"]:444: in function <[string \".\\app/models/AppDF.lua\"]:441>"
    },
    {
        "logtime": "2019/07/20 15:08:33",
        "logdata": "[string \".\\client/src/plaza/mediator/ExchangeMediator.lua\"]:199: attempt to call method 'emit' (a nil value)\nstack traceback:\n\t[string \".\\app/models/AppDF.lua\"]:444: in function <[string \".\\app/models/AppDF.lua\"]:441>"
    },
    {
        "logtime": "2019/07/20 15:08:34",
        "logdata": "[string \".\\client/src/plaza/mediator/ExchangeMediator.lua\"]:199: attempt to call method 'emit' (a nil value)\nstack traceback:\n\t[string \".\\app/models/AppDF.lua\"]:444: in function <[string \".\\app/models/AppDF.lua\"]:441>"
    },
    {
        "logtime": "2019/07/20 15:08:35",
        "logdata": "[string \".\\client/src/plaza/mediator/ExchangeMediator.lua\"]:199: attempt to call method 'emit' (a nil value)\nstack traceback:\n\t[string \".\\app/models/AppDF.lua\"]:444: in function <[string \".\\app/models/AppDF.lua\"]:441>"
    },
    {
        "logtime": "2019/07/20 15:08:36",
        "logdata": "[string \".\\client/src/plaza/mediator/ExchangeMediator.lua\"]:199: attempt to call method 'emit' (a nil value)\nstack traceback:\n\t[string \".\\app/models/AppDF.lua\"]:444: in function <[string \".\\app/models/AppDF.lua\"]:441>"
    },
    {
        "logtime": "2019/07/20 15:08:37",
        "logdata": "[string \".\\client/src/plaza/mediator/ExchangeMediator.lua\"]:199: attempt to call method 'emit' (a nil value)\nstack traceback:\n\t[string \".\\app/models/AppDF.lua\"]:444: in function <[string \".\\app/models/AppDF.lua\"]:441>"
    },
    {
        "logtime": "2019/07/20 15:08:38",
        "logdata": "[string \".\\client/src/plaza/mediator/ExchangeMediator.lua\"]:199: attempt to call method 'emit' (a nil value)\nstack traceback:\n\t[string \".\\app/models/AppDF.lua\"]:444: in function <[string \".\\app/models/AppDF.lua\"]:441>"
    },
    {
        "logtime": "2019/07/20 15:08:39",
        "logdata": "[string \".\\client/src/plaza/mediator/ExchangeMediator.lua\"]:199: attempt to call method 'emit' (a nil value)\nstack traceback:\n\t[string \".\\app/models/AppDF.lua\"]:444: in function <[string \".\\app/models/AppDF.lua\"]:441>"
    },
    {
        "logtime": "2019/07/20 15:08:40",
        "logdata": "[string \".\\client/src/plaza/mediator/ExchangeMediator.lua\"]:199: attempt to call method 'emit' (a nil value)\nstack traceback:\n\t[string \".\\app/models/AppDF.lua\"]:444: in function <[string \".\\app/models/AppDF.lua\"]:441>"
    },
    {
        "logtime": "2019/07/20 15:08:41",
        "logdata": "[string \".\\client/src/plaza/mediator/ExchangeMediator.lua\"]:199: attempt to call method 'emit' (a nil value)\nstack traceback:\n\t[string \".\\app/models/AppDF.lua\"]:444: in function <[string \".\\app/models/AppDF.lua\"]:441>"
    },
    {
        "logtime": "2019/07/20 15:08:42",
        "logdata": "[string \".\\client/src/plaza/mediator/ExchangeMediator.lua\"]:199: attempt to call method 'emit' (a nil value)\nstack traceback:\n\t[string \".\\app/models/AppDF.lua\"]:444: in function <[string \".\\app/models/AppDF.lua\"]:441>"
    },
    {
        "logtime": "2019/07/20 15:08:43",
        "logdata": "[string \".\\client/src/plaza/mediator/ExchangeMediator.lua\"]:199: attempt to call method 'emit' (a nil value)\nstack traceback:\n\t[string \".\\app/models/AppDF.lua\"]:444: in function <[string \".\\app/models/AppDF.lua\"]:441>"
    },
    {
        "logtime": "2019/07/20 15:08:44",
        "logdata": "[string \".\\client/src/plaza/mediator/ExchangeMediator.lua\"]:199: attempt to call method 'emit' (a nil value)\nstack traceback:\n\t[string \".\\app/models/AppDF.lua\"]:444: in function <[string \".\\app/models/AppDF.lua\"]:441>"
    },
    {
        "logtime": "2019/07/20 15:08:45",
        "logdata": "[string \".\\client/src/plaza/mediator/ExchangeMediator.lua\"]:199: attempt to call method 'emit' (a nil value)\nstack traceback:\n\t[string \".\\app/models/AppDF.lua\"]:444: in function <[string \".\\app/models/AppDF.lua\"]:441>"
    },
    {
        "logtime": "2019/07/20 15:08:46",
        "logdata": "[string \".\\client/src/plaza/mediator/ExchangeMediator.lua\"]:199: attempt to call method 'emit' (a nil value)\nstack traceback:\n\t[string \".\\app/models/AppDF.lua\"]:444: in function <[string \".\\app/models/AppDF.lua\"]:441>"
    },
    {
        "logtime": "2019/07/20 15:08:47",
        "logdata": "[string \".\\client/src/plaza/mediator/ExchangeMediator.lua\"]:199: attempt to call method 'emit' (a nil value)\nstack traceback:\n\t[string \".\\app/models/AppDF.lua\"]:444: in function <[string \".\\app/models/AppDF.lua\"]:441>"
    },
    {
        "logtime": "2019/07/20 15:08:48",
        "logdata": "[string \".\\client/src/plaza/mediator/ExchangeMediator.lua\"]:199: attempt to call method 'emit' (a nil value)\nstack traceback:\n\t[string \".\\app/models/AppDF.lua\"]:444: in function <[string \".\\app/models/AppDF.lua\"]:441>"
    },
    {
        "logtime": "2019/07/20 15:08:49",
        "logdata": "[string \".\\client/src/plaza/mediator/ExchangeMediator.lua\"]:199: attempt to call method 'emit' (a nil value)\nstack traceback:\n\t[string \".\\app/models/AppDF.lua\"]:444: in function <[string \".\\app/models/AppDF.lua\"]:441>"
    },
    {
        "logtime": "2019/07/20 15:08:50",
        "logdata": "[string \".\\client/src/plaza/mediator/ExchangeMediator.lua\"]:199: attempt to call method 'emit' (a nil value)\nstack traceback:\n\t[string \".\\app/models/AppDF.lua\"]:444: in function <[string \".\\app/models/AppDF.lua\"]:441>"
    },
    {
        "logtime": "2019/07/20 15:08:51",
        "logdata": "[string \".\\client/src/plaza/mediator/ExchangeMediator.lua\"]:199: attempt to call method 'emit' (a nil value)\nstack traceback:\n\t[string \".\\app/models/AppDF.lua\"]:444: in function <[string \".\\app/models/AppDF.lua\"]:441>"
    },
    {
        "logtime": "2019/07/20 15:08:52",
        "logdata": "[string \".\\client/src/plaza/mediator/ExchangeMediator.lua\"]:199: attempt to call method 'emit' (a nil value)\nstack traceback:\n\t[string \".\\app/models/AppDF.lua\"]:444: in function <[string \".\\app/models/AppDF.lua\"]:441>"
    },
    {
        "logtime": "2019/07/20 15:08:53",
        "logdata": "[string \".\\client/src/plaza/mediator/ExchangeMediator.lua\"]:199: attempt to call method 'emit' (a nil value)\nstack traceback:\n\t[string \".\\app/models/AppDF.lua\"]:444: in function <[string \".\\app/models/AppDF.lua\"]:441>"
    },
    {
        "logtime": "2019/07/20 15:08:54",
        "logdata": "[string \".\\client/src/plaza/mediator/ExchangeMediator.lua\"]:199: attempt to call method 'emit' (a nil value)\nstack traceback:\n\t[string \".\\app/models/AppDF.lua\"]:444: in function <[string \".\\app/models/AppDF.lua\"]:441>"
    },
    {
        "logtime": "2019/07/20 15:08:55",
        "logdata": "[string \".\\client/src/plaza/mediator/ExchangeMediator.lua\"]:199: attempt to call method 'emit' (a nil value)\nstack traceback:\n\t[string \".\\app/models/AppDF.lua\"]:444: in function <[string \".\\app/models/AppDF.lua\"]:441>"
    },
    {
        "logtime": "2019/07/20 15:08:56",
        "logdata": "[string \".\\client/src/plaza/mediator/ExchangeMediator.lua\"]:199: attempt to call method 'emit' (a nil value)\nstack traceback:\n\t[string \".\\app/models/AppDF.lua\"]:444: in function <[string \".\\app/models/AppDF.lua\"]:441>"
    },
    {
        "logtime": "2019/07/20 15:08:57",
        "logdata": "[string \".\\client/src/plaza/mediator/ExchangeMediator.lua\"]:199: attempt to call method 'emit' (a nil value)\nstack traceback:\n\t[string \".\\app/models/AppDF.lua\"]:444: in function <[string \".\\app/models/AppDF.lua\"]:441>"
    },
    {
        "logtime": "2019/07/20 15:08:58",
        "logdata": "[string \".\\client/src/plaza/mediator/ExchangeMediator.lua\"]:199: attempt to call method 'emit' (a nil value)\nstack traceback:\n\t[string \".\\app/models/AppDF.lua\"]:444: in function <[string \".\\app/models/AppDF.lua\"]:441>"
    },
    {
        "logtime": "2019/07/20 15:08:59",
        "logdata": "[string \".\\client/src/plaza/mediator/ExchangeMediator.lua\"]:199: attempt to call method 'emit' (a nil value)\nstack traceback:\n\t[string \".\\app/models/AppDF.lua\"]:444: in function <[string \".\\app/models/AppDF.lua\"]:441>"
    }
]