[
    {
        "logtime": "2019/05/16 18:46:49",
        "logdata": "url"
    },
    {
        "logtime": "2019/05/16 18:46:49",
        "logdata": "http://www.fuannabbs.top//ws/MobileInterface.ashx"
    },
    {
        "logtime": "2019/05/16 18:46:49",
        "logdata": "action=getpaylist"
    },
    {
        "logtime": "2019/05/16 18:46:49",
        "logdata": "url"
    },
    {
        "logtime": "2019/05/16 18:46:49",
        "logdata": "http://www.fuannabbs.top//WS/MobileInterface.ashx"
    },
    {
        "logtime": "2019/05/16 18:46:49",
        "logdata": "action=getagentpay"
    }
]