[
    {
        "logtime": "2019/07/24 10:57:00",
        "logdata": "LogonScene.onceExcute"
    },
    {
        "logtime": "2019/07/24 10:57:00",
        "logdata": "http://www.fuannabbs.top/"
    },
    {
        "logtime": "2019/07/24 10:57:00",
        "logdata": "url"
    },
    {
        "logtime": "2019/07/24 10:57:00",
        "logdata": "http://www.fuannabbs.top//ws/MobileInterface.ashx?action=GetMobileLoginNotice"
    },
    {
        "logtime": "2019/07/24 10:57:00",
        "logdata": ""
    },
    {
        "logtime": "2019/07/24 10:57:09",
        "logdata": "onLogonCallBack"
    },
    {
        "logtime": "2019/07/24 10:57:09",
        "logdata": "http://www.fuannabbs.top/"
    },
    {
        "logtime": "2019/07/24 10:57:09",
        "logdata": "url"
    },
    {
        "logtime": "2019/07/24 10:57:09",
        "logdata": "http://www.fuannabbs.top//WS/MobileInterface.ashx"
    },
    {
        "logtime": "2019/07/24 10:57:09",
        "logdata": "action=GetMobileShareConfig&userid=119895&time=1563937029&signature=A33B2E910546B050EE81CD95DF996AC6"
    },
    {
        "logtime": "2019/07/24 10:57:11",
        "logdata": "url"
    },
    {
        "logtime": "2019/07/24 10:57:11",
        "logdata": "http://www.fuannabbs.top//WS/MobileInterface.ashx?action=GetMobileRollNotice"
    },
    {
        "logtime": "2019/07/24 10:57:11",
        "logdata": ""
    }
]