[
    {
        "logtime": "2019/05/18 18:29:43",
        "logdata": "LogonScene.onceExcute"
    },
    {
        "logtime": "2019/05/18 18:29:43",
        "logdata": "http://www.fuannainc.top/"
    },
    {
        "logtime": "2019/05/18 18:29:43",
        "logdata": "url"
    },
    {
        "logtime": "2019/05/18 18:29:43",
        "logdata": "http://www.fuannainc.top//ws/MobileInterface.ashx?action=GetMobileLoginNotice"
    },
    {
        "logtime": "2019/05/18 18:29:43",
        "logdata": ""
    },
    {
        "logtime": "2019/05/18 18:29:45",
        "logdata": "url"
    },
    {
        "logtime": "2019/05/18 18:29:45",
        "logdata": "http://apis.juhe.cn/ip/ip2addr?ip=113.77.83.199&key=74bb0395667b8d0588df9ebd6fc36a12"
    },
    {
        "logtime": "2019/05/18 18:29:45",
        "logdata": ""
    },
    {
        "logtime": "2019/05/18 18:29:45",
        "logdata": "onLogonCallBack"
    },
    {
        "logtime": "2019/05/18 18:29:45",
        "logdata": "http://www.fuannainc.top/"
    },
    {
        "logtime": "2019/05/18 18:29:45",
        "logdata": "url"
    },
    {
        "logtime": "2019/05/18 18:29:45",
        "logdata": "http://www.fuannainc.top//WS/MobileInterface.ashx"
    },
    {
        "logtime": "2019/05/18 18:29:45",
        "logdata": "action=GetMobileShareConfig&userid=119935&time=1558175385&signature=FA47F19CAA2B953E0EACAE54AF99A45F"
    },
    {
        "logtime": "2019/05/18 18:29:48",
        "logdata": "url"
    },
    {
        "logtime": "2019/05/18 18:29:48",
        "logdata": "http://www.fuannainc.top//WS/MobileInterface.ashx?action=GetMobileRollNotice"
    },
    {
        "logtime": "2019/05/18 18:29:48",
        "logdata": ""
    },
    {
        "logtime": "2019/05/18 18:29:48",
        "logdata": "url"
    },
    {
        "logtime": "2019/05/18 18:29:48",
        "logdata": "http://apis.juhe.cn/ip/ip2addr?ip=113.77.83.199&key=74bb0395667b8d0588df9ebd6fc36a12"
    },
    {
        "logtime": "2019/05/18 18:29:48",
        "logdata": ""
    },
    {
        "logtime": "2019/05/18 18:29:52",
        "logdata": "url"
    },
    {
        "logtime": "2019/05/18 18:29:52",
        "logdata": "http://www.fuannainc.top//WS/Lottery.ashx"
    },
    {
        "logtime": "2019/05/18 18:29:52",
        "logdata": "action=LotteryConfig"
    },
    {
        "logtime": "2019/05/18 18:29:52",
        "logdata": "url"
    },
    {
        "logtime": "2019/05/18 18:29:52",
        "logdata": "http://www.fuannainc.top//WS/Lottery.ashx"
    },
    {
        "logtime": "2019/05/18 18:29:52",
        "logdata": "action=LotteryUserInfo&userid=119918&time=1558175392&signature=B173AC004D0DBAA9CC29AF560C0BF6B2"
    }
]