[
    {
        "logtime": "2019/07/03 14:53:00",
        "logdata": "LogonScene.onceExcute"
    },
    {
        "logtime": "2019/07/03 14:53:00",
        "logdata": "http://www.fuannainc.top/"
    },
    {
        "logtime": "2019/07/03 14:53:00",
        "logdata": "url"
    },
    {
        "logtime": "2019/07/03 14:53:00",
        "logdata": "http://www.fuannainc.top//ws/MobileInterface.ashx?action=GetMobileLoginNotice"
    },
    {
        "logtime": "2019/07/03 14:53:00",
        "logdata": ""
    },
    {
        "logtime": "2019/07/03 14:53:02",
        "logdata": "url"
    },
    {
        "logtime": "2019/07/03 14:53:02",
        "logdata": "http://apis.juhe.cn/ip/ip2addr?ip=58.23.49.18&key=74bb0395667b8d0588df9ebd6fc36a12"
    },
    {
        "logtime": "2019/07/03 14:53:02",
        "logdata": ""
    },
    {
        "logtime": "2019/07/03 14:53:02",
        "logdata": "onLogonCallBack"
    },
    {
        "logtime": "2019/07/03 14:53:02",
        "logdata": "http://www.fuannainc.top/"
    },
    {
        "logtime": "2019/07/03 14:53:02",
        "logdata": "url"
    },
    {
        "logtime": "2019/07/03 14:53:02",
        "logdata": "http://www.fuannainc.top//WS/MobileInterface.ashx"
    },
    {
        "logtime": "2019/07/03 14:53:02",
        "logdata": "action=GetMobileShareConfig&userid=120188&time=1562136782&signature=0F6580559C131D23509E0F4C0B0A0EE7"
    },
    {
        "logtime": "2019/07/03 14:53:04",
        "logdata": "url"
    },
    {
        "logtime": "2019/07/03 14:53:04",
        "logdata": "http://www.fuannainc.top//WS/MobileInterface.ashx?action=GetMobileRollNotice"
    },
    {
        "logtime": "2019/07/03 14:53:04",
        "logdata": ""
    },
    {
        "logtime": "2019/07/03 14:53:07",
        "logdata": null
    },
    {
        "logtime": "2019/07/03 14:53:07",
        "logdata": "onEnterGame"
    },
    {
        "logtime": "2019/07/03 14:53:07",
        "logdata": {
            "_ServerResVersion": 10,
            "_Active": true,
            "_KindVersion": "101122049",
            "_KindType": 1,
            "_Module": "xiuxian/shuiguolaba/",
            "_KindID": "406",
            "_Type": "xiuxian",
            "_KindName": "xiuxian.shuiguolaba.",
            "_SortId": 0
        }
    },
    {
        "logtime": "2019/07/03 14:53:07",
        "logdata": "GlobalUserItem.getCurGameKind()"
    },
    {
        "logtime": "2019/07/03 14:53:07",
        "logdata": 406
    },
    {
        "logtime": "2019/07/03 14:53:10",
        "logdata": "url"
    },
    {
        "logtime": "2019/07/03 14:53:10",
        "logdata": "http://apis.juhe.cn/ip/ip2addr?ip=58.23.49.18&key=74bb0395667b8d0588df9ebd6fc36a12"
    },
    {
        "logtime": "2019/07/03 14:53:10",
        "logdata": ""
    },
    {
        "logtime": "2019/07/03 14:53:10",
        "logdata": "url"
    },
    {
        "logtime": "2019/07/03 14:53:10",
        "logdata": "http://apis.juhe.cn/ip/ip2addr?ip=58.23.48.188&key=74bb0395667b8d0588df9ebd6fc36a12"
    },
    {
        "logtime": "2019/07/03 14:53:10",
        "logdata": ""
    },
    {
        "logtime": "2019/07/03 14:53:10",
        "logdata": "url"
    },
    {
        "logtime": "2019/07/03 14:53:10",
        "logdata": "http://apis.juhe.cn/ip/ip2addr?ip=58.23.48.188&key=74bb0395667b8d0588df9ebd6fc36a12"
    },
    {
        "logtime": "2019/07/03 14:53:10",
        "logdata": ""
    },
    {
        "logtime": "2019/07/03 14:53:10",
        "logdata": "url"
    },
    {
        "logtime": "2019/07/03 14:53:10",
        "logdata": "http://apis.juhe.cn/ip/ip2addr?ip=58.23.48.188&key=74bb0395667b8d0588df9ebd6fc36a12"
    },
    {
        "logtime": "2019/07/03 14:53:10",
        "logdata": ""
    },
    {
        "logtime": "2019/07/03 14:53:10",
        "logdata": "url"
    },
    {
        "logtime": "2019/07/03 14:53:10",
        "logdata": "http://apis.juhe.cn/ip/ip2addr?ip=58.23.48.188&key=74bb0395667b8d0588df9ebd6fc36a12"
    },
    {
        "logtime": "2019/07/03 14:53:10",
        "logdata": ""
    },
    {
        "logtime": "2019/07/03 14:53:10",
        "logdata": {
            "_ServerResVersion": 10,
            "_Active": true,
            "_KindVersion": "101122049",
            "_KindType": 1,
            "_Module": "xiuxian/shuiguolaba/",
            "_KindID": "406",
            "_Type": "xiuxian",
            "nSitChair": 65535,
            "_KindName": "xiuxian.shuiguolaba.",
            "nEnterRoomIndex": 1,
            "nSitTable": 65535,
            "_SortId": 0
        }
    },
    {
        "logtime": "2019/07/03 14:53:10",
        "logdata": "modulestr"
    },
    {
        "logtime": "2019/07/03 14:53:10",
        "logdata": "xiuxian/shuiguolaba/"
    },
    {
        "logtime": "2019/07/03 14:53:59",
        "logdata": "LogonScene.onceExcute"
    },
    {
        "logtime": "2019/07/03 14:53:59",
        "logdata": "http://www.fuannainc.top/"
    },
    {
        "logtime": "2019/07/03 14:53:59",
        "logdata": "url"
    },
    {
        "logtime": "2019/07/03 14:53:59",
        "logdata": "http://www.fuannainc.top//ws/MobileInterface.ashx?action=GetMobileLoginNotice"
    },
    {
        "logtime": "2019/07/03 14:53:59",
        "logdata": ""
    }
]