[
    {
        "logtime": "2019/05/18 15:00:01",
        "logdata": "url"
    },
    {
        "logtime": "2019/05/18 15:00:01",
        "logdata": "http://www.fuannainc.top//WS/MobileInterface.ashx?action=GetMobileRollNotice"
    },
    {
        "logtime": "2019/05/18 15:00:01",
        "logdata": ""
    },
    {
        "logtime": "2019/05/18 15:00:05",
        "logdata": "url"
    },
    {
        "logtime": "2019/05/18 15:00:05",
        "logdata": "http://www.fuannainc.top//ws/MobileInterface.ashx"
    },
    {
        "logtime": "2019/05/18 15:00:05",
        "logdata": "action=getpaylist"
    },
    {
        "logtime": "2019/05/18 15:00:05",
        "logdata": "url"
    },
    {
        "logtime": "2019/05/18 15:00:05",
        "logdata": "http://www.fuannainc.top//WS/MobileInterface.ashx"
    },
    {
        "logtime": "2019/05/18 15:00:05",
        "logdata": "action=getagentpay"
    }
]