[
    {
        "logtime": "2019/07/09 10:33:38",
        "logdata": "LogonScene.onceExcute"
    },
    {
        "logtime": "2019/07/09 10:33:38",
        "logdata": "http://www.fuannainc.top/"
    },
    {
        "logtime": "2019/07/09 10:33:39",
        "logdata": "url"
    },
    {
        "logtime": "2019/07/09 10:33:39",
        "logdata": "http://www.fuannainc.top//ws/MobileInterface.ashx?action=GetMobileLoginNotice"
    },
    {
        "logtime": "2019/07/09 10:33:39",
        "logdata": ""
    },
    {
        "logtime": "2019/07/09 10:33:40",
        "logdata": "onLogonCallBack"
    },
    {
        "logtime": "2019/07/09 10:33:40",
        "logdata": "http://www.fuannainc.top/"
    },
    {
        "logtime": "2019/07/09 10:33:40",
        "logdata": "url"
    },
    {
        "logtime": "2019/07/09 10:33:40",
        "logdata": "http://www.fuannainc.top//WS/MobileInterface.ashx"
    },
    {
        "logtime": "2019/07/09 10:33:40",
        "logdata": "action=GetMobileShareConfig&userid=119796&time=1562639620&signature=874186549099CB7C10CD8FD7745859B1"
    },
    {
        "logtime": "2019/07/09 10:33:42",
        "logdata": "url"
    },
    {
        "logtime": "2019/07/09 10:33:42",
        "logdata": "http://www.fuannainc.top//WS/MobileInterface.ashx?action=GetMobileRollNotice"
    },
    {
        "logtime": "2019/07/09 10:33:42",
        "logdata": ""
    },
    {
        "logtime": "2019/07/09 10:33:56",
        "logdata": "keys2"
    },
    {
        "logtime": "2019/07/09 10:33:56",
        "logdata": "byte"
    },
    {
        "logtime": "2019/07/09 10:33:56",
        "logdata": "keys2"
    },
    {
        "logtime": "2019/07/09 10:33:56",
        "logdata": "word"
    },
    {
        "logtime": "2019/07/09 10:33:56",
        "logdata": "keys2"
    },
    {
        "logtime": "2019/07/09 10:33:56",
        "logdata": "word"
    },
    {
        "logtime": "2019/07/09 10:33:56",
        "logdata": "keys2"
    },
    {
        "logtime": "2019/07/09 10:33:56",
        "logdata": "word"
    },
    {
        "logtime": "2019/07/09 10:33:56",
        "logdata": "keys2"
    },
    {
        "logtime": "2019/07/09 10:33:56",
        "logdata": "word"
    },
    {
        "logtime": "2019/07/09 10:33:56",
        "logdata": "keys2"
    },
    {
        "logtime": "2019/07/09 10:33:56",
        "logdata": "double"
    },
    {
        "logtime": "2019/07/09 10:33:56",
        "logdata": "keys2"
    },
    {
        "logtime": "2019/07/09 10:33:56",
        "logdata": "double"
    },
    {
        "logtime": "2019/07/09 10:33:56",
        "logdata": "keys2"
    },
    {
        "logtime": "2019/07/09 10:33:56",
        "logdata": "double"
    },
    {
        "logtime": "2019/07/09 10:33:57",
        "logdata": "keys2"
    },
    {
        "logtime": "2019/07/09 10:33:57",
        "logdata": "byte"
    },
    {
        "logtime": "2019/07/09 10:33:57",
        "logdata": "keys2"
    },
    {
        "logtime": "2019/07/09 10:33:57",
        "logdata": "word"
    },
    {
        "logtime": "2019/07/09 10:33:57",
        "logdata": "keys2"
    },
    {
        "logtime": "2019/07/09 10:33:57",
        "logdata": "word"
    },
    {
        "logtime": "2019/07/09 10:33:57",
        "logdata": "keys2"
    },
    {
        "logtime": "2019/07/09 10:33:57",
        "logdata": "word"
    },
    {
        "logtime": "2019/07/09 10:33:57",
        "logdata": "keys2"
    },
    {
        "logtime": "2019/07/09 10:33:57",
        "logdata": "word"
    },
    {
        "logtime": "2019/07/09 10:33:57",
        "logdata": "keys2"
    },
    {
        "logtime": "2019/07/09 10:33:57",
        "logdata": "double"
    },
    {
        "logtime": "2019/07/09 10:33:57",
        "logdata": "keys2"
    },
    {
        "logtime": "2019/07/09 10:33:57",
        "logdata": "double"
    },
    {
        "logtime": "2019/07/09 10:33:57",
        "logdata": "keys2"
    },
    {
        "logtime": "2019/07/09 10:33:57",
        "logdata": "double"
    },
    {
        "logtime": "2019/07/09 10:33:57",
        "logdata": "keys2"
    },
    {
        "logtime": "2019/07/09 10:33:57",
        "logdata": "string"
    },
    {
        "logtime": "2019/07/09 10:33:57",
        "logdata": "keys2"
    },
    {
        "logtime": "2019/07/09 10:33:57",
        "logdata": "string"
    },
    {
        "logtime": "2019/07/09 10:33:57",
        "logdata": "keys2"
    },
    {
        "logtime": "2019/07/09 10:33:57",
        "logdata": "double"
    },
    {
        "logtime": "2019/07/09 10:33:57",
        "logdata": "keys2"
    },
    {
        "logtime": "2019/07/09 10:33:57",
        "logdata": "string"
    }
]