[
    {
        "logtime": "2019/05/14 16:00:03",
        "logdata": "url"
    },
    {
        "logtime": "2019/05/14 16:00:03",
        "logdata": "http://apis.juhe.cn/ip/ip2addr?ip=183.53.107.103&key=74bb0395667b8d0588df9ebd6fc36a12"
    },
    {
        "logtime": "2019/05/14 16:00:03",
        "logdata": ""
    },
    {
        "logtime": "2019/05/14 16:00:03",
        "logdata": "onLogonCallBack"
    },
    {
        "logtime": "2019/05/14 16:00:03",
        "logdata": "http://www.fuannainc.top/"
    },
    {
        "logtime": "2019/05/14 16:00:03",
        "logdata": "url"
    },
    {
        "logtime": "2019/05/14 16:00:03",
        "logdata": "http://www.fuannainc.top//WS/MobileInterface.ashx"
    },
    {
        "logtime": "2019/05/14 16:00:03",
        "logdata": "action=GetMobileShareConfig&userid=120789&time=1557820803&signature=FE5632A33E6DF9DA63402606D701B65C"
    },
    {
        "logtime": "2019/05/14 16:00:05",
        "logdata": "url"
    },
    {
        "logtime": "2019/05/14 16:00:05",
        "logdata": "http://www.fuannainc.top//WS/MobileInterface.ashx?action=GetMobileRollNotice"
    },
    {
        "logtime": "2019/05/14 16:00:05",
        "logdata": ""
    }
]