[
    {
        "logtime": "2019/07/09 14:24:51",
        "logdata": "LogonScene.onceExcute"
    },
    {
        "logtime": "2019/07/09 14:24:51",
        "logdata": "http://www.fuannainc.top/"
    },
    {
        "logtime": "2019/07/09 14:24:51",
        "logdata": "url"
    },
    {
        "logtime": "2019/07/09 14:24:51",
        "logdata": "http://www.fuannainc.top//ws/MobileInterface.ashx?action=GetMobileLoginNotice"
    },
    {
        "logtime": "2019/07/09 14:24:51",
        "logdata": ""
    },
    {
        "logtime": "2019/07/09 14:24:53",
        "logdata": "onLogonCallBack"
    },
    {
        "logtime": "2019/07/09 14:24:53",
        "logdata": "http://www.fuannainc.top/"
    },
    {
        "logtime": "2019/07/09 14:24:53",
        "logdata": "url"
    },
    {
        "logtime": "2019/07/09 14:24:53",
        "logdata": "http://www.fuannainc.top//WS/MobileInterface.ashx"
    },
    {
        "logtime": "2019/07/09 14:24:53",
        "logdata": "action=GetMobileShareConfig&userid=119905&time=1562653493&signature=AA4467E281242C5B0FB0C253A84F667D"
    },
    {
        "logtime": "2019/07/09 14:24:55",
        "logdata": "url"
    },
    {
        "logtime": "2019/07/09 14:24:55",
        "logdata": "http://www.fuannainc.top//WS/MobileInterface.ashx?action=GetMobileRollNotice"
    },
    {
        "logtime": "2019/07/09 14:24:55",
        "logdata": ""
    },
    {
        "logtime": "2019/07/09 14:24:57",
        "logdata": "keys2"
    },
    {
        "logtime": "2019/07/09 14:24:57",
        "logdata": "byte"
    },
    {
        "logtime": "2019/07/09 14:24:57",
        "logdata": "keys2"
    },
    {
        "logtime": "2019/07/09 14:24:57",
        "logdata": "word"
    },
    {
        "logtime": "2019/07/09 14:24:57",
        "logdata": "keys2"
    },
    {
        "logtime": "2019/07/09 14:24:57",
        "logdata": "word"
    },
    {
        "logtime": "2019/07/09 14:24:57",
        "logdata": "keys2"
    },
    {
        "logtime": "2019/07/09 14:24:57",
        "logdata": "word"
    },
    {
        "logtime": "2019/07/09 14:24:57",
        "logdata": "keys2"
    },
    {
        "logtime": "2019/07/09 14:24:57",
        "logdata": "word"
    },
    {
        "logtime": "2019/07/09 14:24:57",
        "logdata": "keys2"
    },
    {
        "logtime": "2019/07/09 14:24:57",
        "logdata": "double"
    },
    {
        "logtime": "2019/07/09 14:24:57",
        "logdata": "keys2"
    },
    {
        "logtime": "2019/07/09 14:24:57",
        "logdata": "double"
    },
    {
        "logtime": "2019/07/09 14:24:57",
        "logdata": "keys2"
    },
    {
        "logtime": "2019/07/09 14:24:57",
        "logdata": "double"
    },
    {
        "logtime": "2019/07/09 14:24:57",
        "logdata": "keys2"
    },
    {
        "logtime": "2019/07/09 14:24:57",
        "logdata": "string"
    },
    {
        "logtime": "2019/07/09 14:24:57",
        "logdata": "keys2"
    },
    {
        "logtime": "2019/07/09 14:24:57",
        "logdata": "string"
    },
    {
        "logtime": "2019/07/09 14:24:57",
        "logdata": "keys2"
    },
    {
        "logtime": "2019/07/09 14:24:57",
        "logdata": "double"
    },
    {
        "logtime": "2019/07/09 14:24:57",
        "logdata": "keys2"
    },
    {
        "logtime": "2019/07/09 14:24:57",
        "logdata": "string"
    }
]