[
    {
        "logtime": "2019/05/23 17:37:08",
        "logdata": "LogonScene.onceExcute"
    },
    {
        "logtime": "2019/05/23 17:37:08",
        "logdata": "http://www.fuannainc.top/"
    },
    {
        "logtime": "2019/05/23 17:37:08",
        "logdata": "url"
    },
    {
        "logtime": "2019/05/23 17:37:08",
        "logdata": "http://www.fuannainc.top//ws/MobileInterface.ashx?action=GetMobileLoginNotice"
    },
    {
        "logtime": "2019/05/23 17:37:08",
        "logdata": ""
    },
    {
        "logtime": "2019/05/23 17:37:42",
        "logdata": "LogonScene.onceExcute"
    },
    {
        "logtime": "2019/05/23 17:37:42",
        "logdata": "http://www.fuannainc.top/"
    },
    {
        "logtime": "2019/05/23 17:37:42",
        "logdata": "url"
    },
    {
        "logtime": "2019/05/23 17:37:42",
        "logdata": "http://www.fuannainc.top//ws/MobileInterface.ashx?action=GetMobileLoginNotice"
    },
    {
        "logtime": "2019/05/23 17:37:42",
        "logdata": ""
    }
]