[
    {
        "logtime": "2019/07/08 19:54:06",
        "logdata": "keys2"
    },
    {
        "logtime": "2019/07/08 19:54:06",
        "logdata": "byte"
    },
    {
        "logtime": "2019/07/08 19:54:06",
        "logdata": "keys2"
    },
    {
        "logtime": "2019/07/08 19:54:06",
        "logdata": "word"
    },
    {
        "logtime": "2019/07/08 19:54:06",
        "logdata": "keys2"
    },
    {
        "logtime": "2019/07/08 19:54:06",
        "logdata": "word"
    },
    {
        "logtime": "2019/07/08 19:54:06",
        "logdata": "keys2"
    },
    {
        "logtime": "2019/07/08 19:54:06",
        "logdata": "word"
    },
    {
        "logtime": "2019/07/08 19:54:06",
        "logdata": "keys2"
    },
    {
        "logtime": "2019/07/08 19:54:06",
        "logdata": "word"
    },
    {
        "logtime": "2019/07/08 19:54:06",
        "logdata": "keys2"
    },
    {
        "logtime": "2019/07/08 19:54:06",
        "logdata": "double"
    },
    {
        "logtime": "2019/07/08 19:54:06",
        "logdata": "keys2"
    },
    {
        "logtime": "2019/07/08 19:54:06",
        "logdata": "double"
    },
    {
        "logtime": "2019/07/08 19:54:06",
        "logdata": "keys2"
    },
    {
        "logtime": "2019/07/08 19:54:06",
        "logdata": "double"
    },
    {
        "logtime": "2019/07/08 19:54:06",
        "logdata": "keys2"
    },
    {
        "logtime": "2019/07/08 19:54:06",
        "logdata": "byte"
    },
    {
        "logtime": "2019/07/08 19:54:06",
        "logdata": "keys2"
    },
    {
        "logtime": "2019/07/08 19:54:06",
        "logdata": "word"
    },
    {
        "logtime": "2019/07/08 19:54:06",
        "logdata": "keys2"
    },
    {
        "logtime": "2019/07/08 19:54:06",
        "logdata": "word"
    },
    {
        "logtime": "2019/07/08 19:54:06",
        "logdata": "keys2"
    },
    {
        "logtime": "2019/07/08 19:54:06",
        "logdata": "word"
    },
    {
        "logtime": "2019/07/08 19:54:06",
        "logdata": "keys2"
    },
    {
        "logtime": "2019/07/08 19:54:06",
        "logdata": "word"
    },
    {
        "logtime": "2019/07/08 19:54:06",
        "logdata": "keys2"
    },
    {
        "logtime": "2019/07/08 19:54:06",
        "logdata": "double"
    },
    {
        "logtime": "2019/07/08 19:54:06",
        "logdata": "keys2"
    },
    {
        "logtime": "2019/07/08 19:54:06",
        "logdata": "double"
    },
    {
        "logtime": "2019/07/08 19:54:06",
        "logdata": "keys2"
    },
    {
        "logtime": "2019/07/08 19:54:06",
        "logdata": "double"
    },
    {
        "logtime": "2019/07/08 19:54:06",
        "logdata": "keys2"
    },
    {
        "logtime": "2019/07/08 19:54:06",
        "logdata": "string"
    },
    {
        "logtime": "2019/07/08 19:54:06",
        "logdata": "keys2"
    },
    {
        "logtime": "2019/07/08 19:54:06",
        "logdata": "string"
    },
    {
        "logtime": "2019/07/08 19:54:06",
        "logdata": "keys2"
    },
    {
        "logtime": "2019/07/08 19:54:06",
        "logdata": "double"
    },
    {
        "logtime": "2019/07/08 19:54:06",
        "logdata": "keys2"
    },
    {
        "logtime": "2019/07/08 19:54:06",
        "logdata": "string"
    }
]