[
    {
        "logtime": "2019/07/20 15:39:00",
        "logdata": "[string \".\\client/src/plaza/mediator/ExchangeMediator.lua\"]:199: attempt to call method 'emit' (a nil value)\nstack traceback:\n\t[string \".\\app/models/AppDF.lua\"]:444: in function <[string \".\\app/models/AppDF.lua\"]:441>"
    },
    {
        "logtime": "2019/07/20 15:39:01",
        "logdata": "[string \".\\client/src/plaza/mediator/ExchangeMediator.lua\"]:199: attempt to call method 'emit' (a nil value)\nstack traceback:\n\t[string \".\\app/models/AppDF.lua\"]:444: in function <[string \".\\app/models/AppDF.lua\"]:441>"
    },
    {
        "logtime": "2019/07/20 15:39:02",
        "logdata": "[string \".\\client/src/plaza/mediator/ExchangeMediator.lua\"]:199: attempt to call method 'emit' (a nil value)\nstack traceback:\n\t[string \".\\app/models/AppDF.lua\"]:444: in function <[string \".\\app/models/AppDF.lua\"]:441>"
    },
    {
        "logtime": "2019/07/20 15:39:03",
        "logdata": "[string \".\\client/src/plaza/mediator/ExchangeMediator.lua\"]:199: attempt to call method 'emit' (a nil value)\nstack traceback:\n\t[string \".\\app/models/AppDF.lua\"]:444: in function <[string \".\\app/models/AppDF.lua\"]:441>"
    },
    {
        "logtime": "2019/07/20 15:39:04",
        "logdata": "[string \".\\client/src/plaza/mediator/ExchangeMediator.lua\"]:199: attempt to call method 'emit' (a nil value)\nstack traceback:\n\t[string \".\\app/models/AppDF.lua\"]:444: in function <[string \".\\app/models/AppDF.lua\"]:441>"
    },
    {
        "logtime": "2019/07/20 15:39:05",
        "logdata": "[string \".\\client/src/plaza/mediator/ExchangeMediator.lua\"]:199: attempt to call method 'emit' (a nil value)\nstack traceback:\n\t[string \".\\app/models/AppDF.lua\"]:444: in function <[string \".\\app/models/AppDF.lua\"]:441>"
    },
    {
        "logtime": "2019/07/20 15:39:06",
        "logdata": "[string \".\\client/src/plaza/mediator/ExchangeMediator.lua\"]:199: attempt to call method 'emit' (a nil value)\nstack traceback:\n\t[string \".\\app/models/AppDF.lua\"]:444: in function <[string \".\\app/models/AppDF.lua\"]:441>"
    },
    {
        "logtime": "2019/07/20 15:39:07",
        "logdata": "[string \".\\client/src/plaza/mediator/ExchangeMediator.lua\"]:199: attempt to call method 'emit' (a nil value)\nstack traceback:\n\t[string \".\\app/models/AppDF.lua\"]:444: in function <[string \".\\app/models/AppDF.lua\"]:441>"
    },
    {
        "logtime": "2019/07/20 15:39:08",
        "logdata": "[string \".\\client/src/plaza/mediator/ExchangeMediator.lua\"]:199: attempt to call method 'emit' (a nil value)\nstack traceback:\n\t[string \".\\app/models/AppDF.lua\"]:444: in function <[string \".\\app/models/AppDF.lua\"]:441>"
    },
    {
        "logtime": "2019/07/20 15:39:09",
        "logdata": "[string \".\\client/src/plaza/mediator/ExchangeMediator.lua\"]:199: attempt to call method 'emit' (a nil value)\nstack traceback:\n\t[string \".\\app/models/AppDF.lua\"]:444: in function <[string \".\\app/models/AppDF.lua\"]:441>"
    },
    {
        "logtime": "2019/07/20 15:39:10",
        "logdata": "[string \".\\client/src/plaza/mediator/ExchangeMediator.lua\"]:199: attempt to call method 'emit' (a nil value)\nstack traceback:\n\t[string \".\\app/models/AppDF.lua\"]:444: in function <[string \".\\app/models/AppDF.lua\"]:441>"
    },
    {
        "logtime": "2019/07/20 15:39:11",
        "logdata": "[string \".\\client/src/plaza/mediator/ExchangeMediator.lua\"]:199: attempt to call method 'emit' (a nil value)\nstack traceback:\n\t[string \".\\app/models/AppDF.lua\"]:444: in function <[string \".\\app/models/AppDF.lua\"]:441>"
    },
    {
        "logtime": "2019/07/20 15:39:12",
        "logdata": "[string \".\\client/src/plaza/mediator/ExchangeMediator.lua\"]:199: attempt to call method 'emit' (a nil value)\nstack traceback:\n\t[string \".\\app/models/AppDF.lua\"]:444: in function <[string \".\\app/models/AppDF.lua\"]:441>"
    },
    {
        "logtime": "2019/07/20 15:39:13",
        "logdata": "[string \".\\client/src/plaza/mediator/ExchangeMediator.lua\"]:199: attempt to call method 'emit' (a nil value)\nstack traceback:\n\t[string \".\\app/models/AppDF.lua\"]:444: in function <[string \".\\app/models/AppDF.lua\"]:441>"
    },
    {
        "logtime": "2019/07/20 15:39:14",
        "logdata": "[string \".\\client/src/plaza/mediator/ExchangeMediator.lua\"]:199: attempt to call method 'emit' (a nil value)\nstack traceback:\n\t[string \".\\app/models/AppDF.lua\"]:444: in function <[string \".\\app/models/AppDF.lua\"]:441>"
    },
    {
        "logtime": "2019/07/20 15:39:15",
        "logdata": "[string \".\\client/src/plaza/mediator/ExchangeMediator.lua\"]:199: attempt to call method 'emit' (a nil value)\nstack traceback:\n\t[string \".\\app/models/AppDF.lua\"]:444: in function <[string \".\\app/models/AppDF.lua\"]:441>"
    },
    {
        "logtime": "2019/07/20 15:39:16",
        "logdata": "[string \".\\client/src/plaza/mediator/ExchangeMediator.lua\"]:199: attempt to call method 'emit' (a nil value)\nstack traceback:\n\t[string \".\\app/models/AppDF.lua\"]:444: in function <[string \".\\app/models/AppDF.lua\"]:441>"
    },
    {
        "logtime": "2019/07/20 15:39:17",
        "logdata": "[string \".\\client/src/plaza/mediator/ExchangeMediator.lua\"]:199: attempt to call method 'emit' (a nil value)\nstack traceback:\n\t[string \".\\app/models/AppDF.lua\"]:444: in function <[string \".\\app/models/AppDF.lua\"]:441>"
    },
    {
        "logtime": "2019/07/20 15:39:18",
        "logdata": "[string \".\\client/src/plaza/mediator/ExchangeMediator.lua\"]:199: attempt to call method 'emit' (a nil value)\nstack traceback:\n\t[string \".\\app/models/AppDF.lua\"]:444: in function <[string \".\\app/models/AppDF.lua\"]:441>"
    },
    {
        "logtime": "2019/07/20 15:39:19",
        "logdata": "[string \".\\client/src/plaza/mediator/ExchangeMediator.lua\"]:199: attempt to call method 'emit' (a nil value)\nstack traceback:\n\t[string \".\\app/models/AppDF.lua\"]:444: in function <[string \".\\app/models/AppDF.lua\"]:441>"
    },
    {
        "logtime": "2019/07/20 15:39:20",
        "logdata": "[string \".\\client/src/plaza/mediator/ExchangeMediator.lua\"]:199: attempt to call method 'emit' (a nil value)\nstack traceback:\n\t[string \".\\app/models/AppDF.lua\"]:444: in function <[string \".\\app/models/AppDF.lua\"]:441>"
    },
    {
        "logtime": "2019/07/20 15:39:21",
        "logdata": "[string \".\\client/src/plaza/mediator/ExchangeMediator.lua\"]:199: attempt to call method 'emit' (a nil value)\nstack traceback:\n\t[string \".\\app/models/AppDF.lua\"]:444: in function <[string \".\\app/models/AppDF.lua\"]:441>"
    },
    {
        "logtime": "2019/07/20 15:39:22",
        "logdata": "[string \".\\client/src/plaza/mediator/ExchangeMediator.lua\"]:199: attempt to call method 'emit' (a nil value)\nstack traceback:\n\t[string \".\\app/models/AppDF.lua\"]:444: in function <[string \".\\app/models/AppDF.lua\"]:441>"
    },
    {
        "logtime": "2019/07/20 15:39:23",
        "logdata": "[string \".\\client/src/plaza/mediator/ExchangeMediator.lua\"]:199: attempt to call method 'emit' (a nil value)\nstack traceback:\n\t[string \".\\app/models/AppDF.lua\"]:444: in function <[string \".\\app/models/AppDF.lua\"]:441>"
    },
    {
        "logtime": "2019/07/20 15:39:24",
        "logdata": "[string \".\\client/src/plaza/mediator/ExchangeMediator.lua\"]:199: attempt to call method 'emit' (a nil value)\nstack traceback:\n\t[string \".\\app/models/AppDF.lua\"]:444: in function <[string \".\\app/models/AppDF.lua\"]:441>"
    },
    {
        "logtime": "2019/07/20 15:39:25",
        "logdata": "[string \".\\client/src/plaza/mediator/ExchangeMediator.lua\"]:199: attempt to call method 'emit' (a nil value)\nstack traceback:\n\t[string \".\\app/models/AppDF.lua\"]:444: in function <[string \".\\app/models/AppDF.lua\"]:441>"
    },
    {
        "logtime": "2019/07/20 15:39:26",
        "logdata": "[string \".\\client/src/plaza/mediator/ExchangeMediator.lua\"]:199: attempt to call method 'emit' (a nil value)\nstack traceback:\n\t[string \".\\app/models/AppDF.lua\"]:444: in function <[string \".\\app/models/AppDF.lua\"]:441>"
    },
    {
        "logtime": "2019/07/20 15:39:27",
        "logdata": "[string \".\\client/src/plaza/mediator/ExchangeMediator.lua\"]:199: attempt to call method 'emit' (a nil value)\nstack traceback:\n\t[string \".\\app/models/AppDF.lua\"]:444: in function <[string \".\\app/models/AppDF.lua\"]:441>"
    },
    {
        "logtime": "2019/07/20 15:39:28",
        "logdata": "[string \".\\client/src/plaza/mediator/ExchangeMediator.lua\"]:199: attempt to call method 'emit' (a nil value)\nstack traceback:\n\t[string \".\\app/models/AppDF.lua\"]:444: in function <[string \".\\app/models/AppDF.lua\"]:441>"
    },
    {
        "logtime": "2019/07/20 15:39:29",
        "logdata": "[string \".\\client/src/plaza/mediator/ExchangeMediator.lua\"]:199: attempt to call method 'emit' (a nil value)\nstack traceback:\n\t[string \".\\app/models/AppDF.lua\"]:444: in function <[string \".\\app/models/AppDF.lua\"]:441>"
    },
    {
        "logtime": "2019/07/20 15:39:30",
        "logdata": "[string \".\\client/src/plaza/mediator/ExchangeMediator.lua\"]:199: attempt to call method 'emit' (a nil value)\nstack traceback:\n\t[string \".\\app/models/AppDF.lua\"]:444: in function <[string \".\\app/models/AppDF.lua\"]:441>"
    },
    {
        "logtime": "2019/07/20 15:39:31",
        "logdata": "[string \".\\client/src/plaza/mediator/ExchangeMediator.lua\"]:199: attempt to call method 'emit' (a nil value)\nstack traceback:\n\t[string \".\\app/models/AppDF.lua\"]:444: in function <[string \".\\app/models/AppDF.lua\"]:441>"
    },
    {
        "logtime": "2019/07/20 15:39:32",
        "logdata": "[string \".\\client/src/plaza/mediator/ExchangeMediator.lua\"]:199: attempt to call method 'emit' (a nil value)\nstack traceback:\n\t[string \".\\app/models/AppDF.lua\"]:444: in function <[string \".\\app/models/AppDF.lua\"]:441>"
    },
    {
        "logtime": "2019/07/20 15:39:33",
        "logdata": "[string \".\\client/src/plaza/mediator/ExchangeMediator.lua\"]:199: attempt to call method 'emit' (a nil value)\nstack traceback:\n\t[string \".\\app/models/AppDF.lua\"]:444: in function <[string \".\\app/models/AppDF.lua\"]:441>"
    },
    {
        "logtime": "2019/07/20 15:39:34",
        "logdata": "[string \".\\client/src/plaza/mediator/ExchangeMediator.lua\"]:199: attempt to call method 'emit' (a nil value)\nstack traceback:\n\t[string \".\\app/models/AppDF.lua\"]:444: in function <[string \".\\app/models/AppDF.lua\"]:441>"
    },
    {
        "logtime": "2019/07/20 15:39:35",
        "logdata": "[string \".\\client/src/plaza/mediator/ExchangeMediator.lua\"]:199: attempt to call method 'emit' (a nil value)\nstack traceback:\n\t[string \".\\app/models/AppDF.lua\"]:444: in function <[string \".\\app/models/AppDF.lua\"]:441>"
    },
    {
        "logtime": "2019/07/20 15:39:36",
        "logdata": "[string \".\\client/src/plaza/mediator/ExchangeMediator.lua\"]:199: attempt to call method 'emit' (a nil value)\nstack traceback:\n\t[string \".\\app/models/AppDF.lua\"]:444: in function <[string \".\\app/models/AppDF.lua\"]:441>"
    },
    {
        "logtime": "2019/07/20 15:39:37",
        "logdata": "[string \".\\client/src/plaza/mediator/ExchangeMediator.lua\"]:199: attempt to call method 'emit' (a nil value)\nstack traceback:\n\t[string \".\\app/models/AppDF.lua\"]:444: in function <[string \".\\app/models/AppDF.lua\"]:441>"
    },
    {
        "logtime": "2019/07/20 15:39:38",
        "logdata": "[string \".\\client/src/plaza/mediator/ExchangeMediator.lua\"]:199: attempt to call method 'emit' (a nil value)\nstack traceback:\n\t[string \".\\app/models/AppDF.lua\"]:444: in function <[string \".\\app/models/AppDF.lua\"]:441>"
    },
    {
        "logtime": "2019/07/20 15:39:39",
        "logdata": "[string \".\\client/src/plaza/mediator/ExchangeMediator.lua\"]:199: attempt to call method 'emit' (a nil value)\nstack traceback:\n\t[string \".\\app/models/AppDF.lua\"]:444: in function <[string \".\\app/models/AppDF.lua\"]:441>"
    },
    {
        "logtime": "2019/07/20 15:39:40",
        "logdata": "[string \".\\client/src/plaza/mediator/ExchangeMediator.lua\"]:199: attempt to call method 'emit' (a nil value)\nstack traceback:\n\t[string \".\\app/models/AppDF.lua\"]:444: in function <[string \".\\app/models/AppDF.lua\"]:441>"
    },
    {
        "logtime": "2019/07/20 15:39:41",
        "logdata": "[string \".\\client/src/plaza/mediator/ExchangeMediator.lua\"]:199: attempt to call method 'emit' (a nil value)\nstack traceback:\n\t[string \".\\app/models/AppDF.lua\"]:444: in function <[string \".\\app/models/AppDF.lua\"]:441>"
    },
    {
        "logtime": "2019/07/20 15:39:42",
        "logdata": "[string \".\\client/src/plaza/mediator/ExchangeMediator.lua\"]:199: attempt to call method 'emit' (a nil value)\nstack traceback:\n\t[string \".\\app/models/AppDF.lua\"]:444: in function <[string \".\\app/models/AppDF.lua\"]:441>"
    },
    {
        "logtime": "2019/07/20 15:39:43",
        "logdata": "[string \".\\client/src/plaza/mediator/ExchangeMediator.lua\"]:199: attempt to call method 'emit' (a nil value)\nstack traceback:\n\t[string \".\\app/models/AppDF.lua\"]:444: in function <[string \".\\app/models/AppDF.lua\"]:441>"
    },
    {
        "logtime": "2019/07/20 15:39:44",
        "logdata": "[string \".\\client/src/plaza/mediator/ExchangeMediator.lua\"]:199: attempt to call method 'emit' (a nil value)\nstack traceback:\n\t[string \".\\app/models/AppDF.lua\"]:444: in function <[string \".\\app/models/AppDF.lua\"]:441>"
    },
    {
        "logtime": "2019/07/20 15:39:45",
        "logdata": "[string \".\\client/src/plaza/mediator/ExchangeMediator.lua\"]:199: attempt to call method 'emit' (a nil value)\nstack traceback:\n\t[string \".\\app/models/AppDF.lua\"]:444: in function <[string \".\\app/models/AppDF.lua\"]:441>"
    },
    {
        "logtime": "2019/07/20 15:39:46",
        "logdata": "[string \".\\client/src/plaza/mediator/ExchangeMediator.lua\"]:199: attempt to call method 'emit' (a nil value)\nstack traceback:\n\t[string \".\\app/models/AppDF.lua\"]:444: in function <[string \".\\app/models/AppDF.lua\"]:441>"
    },
    {
        "logtime": "2019/07/20 15:39:47",
        "logdata": "[string \".\\client/src/plaza/mediator/ExchangeMediator.lua\"]:199: attempt to call method 'emit' (a nil value)\nstack traceback:\n\t[string \".\\app/models/AppDF.lua\"]:444: in function <[string \".\\app/models/AppDF.lua\"]:441>"
    },
    {
        "logtime": "2019/07/20 15:39:48",
        "logdata": "[string \".\\client/src/plaza/mediator/ExchangeMediator.lua\"]:199: attempt to call method 'emit' (a nil value)\nstack traceback:\n\t[string \".\\app/models/AppDF.lua\"]:444: in function <[string \".\\app/models/AppDF.lua\"]:441>"
    },
    {
        "logtime": "2019/07/20 15:39:49",
        "logdata": "[string \".\\client/src/plaza/mediator/ExchangeMediator.lua\"]:199: attempt to call method 'emit' (a nil value)\nstack traceback:\n\t[string \".\\app/models/AppDF.lua\"]:444: in function <[string \".\\app/models/AppDF.lua\"]:441>"
    },
    {
        "logtime": "2019/07/20 15:39:50",
        "logdata": "[string \".\\client/src/plaza/mediator/ExchangeMediator.lua\"]:199: attempt to call method 'emit' (a nil value)\nstack traceback:\n\t[string \".\\app/models/AppDF.lua\"]:444: in function <[string \".\\app/models/AppDF.lua\"]:441>"
    },
    {
        "logtime": "2019/07/20 15:39:51",
        "logdata": "[string \".\\client/src/plaza/mediator/ExchangeMediator.lua\"]:199: attempt to call method 'emit' (a nil value)\nstack traceback:\n\t[string \".\\app/models/AppDF.lua\"]:444: in function <[string \".\\app/models/AppDF.lua\"]:441>"
    },
    {
        "logtime": "2019/07/20 15:39:52",
        "logdata": "[string \".\\client/src/plaza/mediator/ExchangeMediator.lua\"]:199: attempt to call method 'emit' (a nil value)\nstack traceback:\n\t[string \".\\app/models/AppDF.lua\"]:444: in function <[string \".\\app/models/AppDF.lua\"]:441>"
    },
    {
        "logtime": "2019/07/20 15:39:53",
        "logdata": "[string \".\\client/src/plaza/mediator/ExchangeMediator.lua\"]:199: attempt to call method 'emit' (a nil value)\nstack traceback:\n\t[string \".\\app/models/AppDF.lua\"]:444: in function <[string \".\\app/models/AppDF.lua\"]:441>"
    },
    {
        "logtime": "2019/07/20 15:39:54",
        "logdata": "[string \".\\client/src/plaza/mediator/ExchangeMediator.lua\"]:199: attempt to call method 'emit' (a nil value)\nstack traceback:\n\t[string \".\\app/models/AppDF.lua\"]:444: in function <[string \".\\app/models/AppDF.lua\"]:441>"
    },
    {
        "logtime": "2019/07/20 15:39:55",
        "logdata": "[string \".\\client/src/plaza/mediator/ExchangeMediator.lua\"]:199: attempt to call method 'emit' (a nil value)\nstack traceback:\n\t[string \".\\app/models/AppDF.lua\"]:444: in function <[string \".\\app/models/AppDF.lua\"]:441>"
    },
    {
        "logtime": "2019/07/20 15:39:56",
        "logdata": "[string \".\\client/src/plaza/mediator/ExchangeMediator.lua\"]:199: attempt to call method 'emit' (a nil value)\nstack traceback:\n\t[string \".\\app/models/AppDF.lua\"]:444: in function <[string \".\\app/models/AppDF.lua\"]:441>"
    },
    {
        "logtime": "2019/07/20 15:39:57",
        "logdata": "[string \".\\client/src/plaza/mediator/ExchangeMediator.lua\"]:199: attempt to call method 'emit' (a nil value)\nstack traceback:\n\t[string \".\\app/models/AppDF.lua\"]:444: in function <[string \".\\app/models/AppDF.lua\"]:441>"
    },
    {
        "logtime": "2019/07/20 15:39:58",
        "logdata": "[string \".\\client/src/plaza/mediator/ExchangeMediator.lua\"]:199: attempt to call method 'emit' (a nil value)\nstack traceback:\n\t[string \".\\app/models/AppDF.lua\"]:444: in function <[string \".\\app/models/AppDF.lua\"]:441>"
    },
    {
        "logtime": "2019/07/20 15:39:59",
        "logdata": "[string \".\\client/src/plaza/mediator/ExchangeMediator.lua\"]:199: attempt to call method 'emit' (a nil value)\nstack traceback:\n\t[string \".\\app/models/AppDF.lua\"]:444: in function <[string \".\\app/models/AppDF.lua\"]:441>"
    }
]