[
    {
        "logtime": "2019/07/01 17:46:50",
        "logdata": "LogonScene.onceExcute"
    },
    {
        "logtime": "2019/07/01 17:46:50",
        "logdata": "http://www.fuannainc.top/"
    },
    {
        "logtime": "2019/07/01 17:46:50",
        "logdata": "url"
    },
    {
        "logtime": "2019/07/01 17:46:50",
        "logdata": "http://www.fuannainc.top//ws/MobileInterface.ashx?action=GetMobileLoginNotice"
    },
    {
        "logtime": "2019/07/01 17:46:50",
        "logdata": ""
    },
    {
        "logtime": "2019/07/01 17:46:56",
        "logdata": "url"
    },
    {
        "logtime": "2019/07/01 17:46:56",
        "logdata": "http://apis.juhe.cn/ip/ip2addr?ip=58.23.48.188&key=74bb0395667b8d0588df9ebd6fc36a12"
    },
    {
        "logtime": "2019/07/01 17:46:56",
        "logdata": ""
    },
    {
        "logtime": "2019/07/01 17:46:56",
        "logdata": "onLogonCallBack"
    },
    {
        "logtime": "2019/07/01 17:46:56",
        "logdata": "http://www.fuannainc.top/"
    },
    {
        "logtime": "2019/07/01 17:46:56",
        "logdata": "url"
    },
    {
        "logtime": "2019/07/01 17:46:56",
        "logdata": "http://www.fuannainc.top//WS/MobileInterface.ashx"
    },
    {
        "logtime": "2019/07/01 17:46:56",
        "logdata": "action=GetMobileShareConfig&userid=119947&time=1561974416&signature=487A69FD805D86CA8884B448C7D5969B"
    },
    {
        "logtime": "2019/07/01 17:46:58",
        "logdata": "url"
    },
    {
        "logtime": "2019/07/01 17:46:58",
        "logdata": "http://www.fuannainc.top//WS/MobileInterface.ashx?action=GetMobileRollNotice"
    },
    {
        "logtime": "2019/07/01 17:46:58",
        "logdata": ""
    }
]