[
    {
        "logtime": "2019/07/04 17:37:13",
        "logdata": "LogonScene.onceExcute"
    },
    {
        "logtime": "2019/07/04 17:37:13",
        "logdata": "http://www.fuannainc.top/"
    },
    {
        "logtime": "2019/07/04 17:37:13",
        "logdata": "url"
    },
    {
        "logtime": "2019/07/04 17:37:13",
        "logdata": "http://www.fuannainc.top//ws/MobileInterface.ashx?action=GetMobileLoginNotice"
    },
    {
        "logtime": "2019/07/04 17:37:13",
        "logdata": ""
    },
    {
        "logtime": "2019/07/04 17:37:23",
        "logdata": "LogonScene.onceExcute"
    },
    {
        "logtime": "2019/07/04 17:37:23",
        "logdata": "http://www.fuannainc.top/"
    },
    {
        "logtime": "2019/07/04 17:37:23",
        "logdata": "url"
    },
    {
        "logtime": "2019/07/04 17:37:23",
        "logdata": "http://www.fuannainc.top//ws/MobileInterface.ashx?action=GetMobileLoginNotice"
    },
    {
        "logtime": "2019/07/04 17:37:23",
        "logdata": ""
    },
    {
        "logtime": "2019/07/04 17:37:31",
        "logdata": "url"
    },
    {
        "logtime": "2019/07/04 17:37:31",
        "logdata": "http://apis.juhe.cn/ip/ip2addr?ip=58.23.49.18&key=74bb0395667b8d0588df9ebd6fc36a12"
    },
    {
        "logtime": "2019/07/04 17:37:31",
        "logdata": ""
    },
    {
        "logtime": "2019/07/04 17:37:31",
        "logdata": "onLogonCallBack"
    },
    {
        "logtime": "2019/07/04 17:37:31",
        "logdata": "http://www.fuannainc.top/"
    },
    {
        "logtime": "2019/07/04 17:37:31",
        "logdata": "url"
    },
    {
        "logtime": "2019/07/04 17:37:31",
        "logdata": "http://www.fuannainc.top//WS/MobileInterface.ashx"
    },
    {
        "logtime": "2019/07/04 17:37:31",
        "logdata": "action=GetMobileShareConfig&userid=120188&time=1562233051&signature=6619F407708C82E5DFC613B8A23FE5CD"
    },
    {
        "logtime": "2019/07/04 17:37:33",
        "logdata": "url"
    },
    {
        "logtime": "2019/07/04 17:37:33",
        "logdata": "http://www.fuannainc.top//WS/MobileInterface.ashx?action=GetMobileRollNotice"
    },
    {
        "logtime": "2019/07/04 17:37:33",
        "logdata": ""
    },
    {
        "logtime": "2019/07/04 17:37:37",
        "logdata": "url"
    },
    {
        "logtime": "2019/07/04 17:37:37",
        "logdata": "http://www.fuannainc.top//ws/MobileInterface.ashx"
    },
    {
        "logtime": "2019/07/04 17:37:37",
        "logdata": "action=getpaylist"
    },
    {
        "logtime": "2019/07/04 17:37:54",
        "logdata": "LogonScene.onceExcute"
    },
    {
        "logtime": "2019/07/04 17:37:54",
        "logdata": "http://www.fuannainc.top/"
    },
    {
        "logtime": "2019/07/04 17:37:54",
        "logdata": "url"
    },
    {
        "logtime": "2019/07/04 17:37:54",
        "logdata": "http://www.fuannainc.top//ws/MobileInterface.ashx?action=GetMobileLoginNotice"
    },
    {
        "logtime": "2019/07/04 17:37:54",
        "logdata": ""
    }
]