[
    {
        "logtime": "2019/07/03 11:30:00",
        "logdata": "[string \".\\game/xiuxian/shuiguolaba/src/views/layer/Ga...\"]:943: attempt to perform arithmetic on field 'time' (a nil value)\nstack traceback:"
    },
    {
        "logtime": "2019/07/03 11:30:00",
        "logdata": "[string \".\\game/xiuxian/shuiguolaba/src/views/layer/Ga...\"]:943: attempt to perform arithmetic on field 'time' (a nil value)\nstack traceback:"
    },
    {
        "logtime": "2019/07/03 11:30:00",
        "logdata": "[string \".\\game/xiuxian/shuiguolaba/src/views/layer/Ga...\"]:943: attempt to perform arithmetic on field 'time' (a nil value)\nstack traceback:"
    },
    {
        "logtime": "2019/07/03 11:30:00",
        "logdata": "[string \".\\game/xiuxian/shuiguolaba/src/views/layer/Ga...\"]:943: attempt to perform arithmetic on field 'time' (a nil value)\nstack traceback:"
    },
    {
        "logtime": "2019/07/03 11:30:01",
        "logdata": "[string \".\\game/xiuxian/shuiguolaba/src/views/layer/Ga...\"]:943: attempt to perform arithmetic on field 'time' (a nil value)\nstack traceback:"
    },
    {
        "logtime": "2019/07/03 11:30:01",
        "logdata": "[string \".\\game/xiuxian/shuiguolaba/src/views/layer/Ga...\"]:943: attempt to perform arithmetic on field 'time' (a nil value)\nstack traceback:"
    },
    {
        "logtime": "2019/07/03 11:30:01",
        "logdata": "[string \".\\game/xiuxian/shuiguolaba/src/views/layer/Ga...\"]:943: attempt to perform arithmetic on field 'time' (a nil value)\nstack traceback:"
    },
    {
        "logtime": "2019/07/03 11:30:01",
        "logdata": "[string \".\\game/xiuxian/shuiguolaba/src/views/layer/Ga...\"]:943: attempt to perform arithmetic on field 'time' (a nil value)\nstack traceback:"
    },
    {
        "logtime": "2019/07/03 11:30:02",
        "logdata": "[string \".\\game/xiuxian/shuiguolaba/src/views/layer/Ga...\"]:943: attempt to perform arithmetic on field 'time' (a nil value)\nstack traceback:"
    },
    {
        "logtime": "2019/07/03 11:30:02",
        "logdata": "[string \".\\game/xiuxian/shuiguolaba/src/views/layer/Ga...\"]:943: attempt to perform arithmetic on field 'time' (a nil value)\nstack traceback:"
    },
    {
        "logtime": "2019/07/03 11:30:02",
        "logdata": "[string \".\\game/xiuxian/shuiguolaba/src/views/layer/Ga...\"]:943: attempt to perform arithmetic on field 'time' (a nil value)\nstack traceback:"
    },
    {
        "logtime": "2019/07/03 11:30:02",
        "logdata": "[string \".\\game/xiuxian/shuiguolaba/src/views/layer/Ga...\"]:943: attempt to perform arithmetic on field 'time' (a nil value)\nstack traceback:"
    },
    {
        "logtime": "2019/07/03 11:30:03",
        "logdata": "[string \".\\game/xiuxian/shuiguolaba/src/views/layer/Ga...\"]:943: attempt to perform arithmetic on field 'time' (a nil value)\nstack traceback:"
    },
    {
        "logtime": "2019/07/03 11:30:03",
        "logdata": "[string \".\\game/xiuxian/shuiguolaba/src/views/layer/Ga...\"]:943: attempt to perform arithmetic on field 'time' (a nil value)\nstack traceback:"
    },
    {
        "logtime": "2019/07/03 11:30:03",
        "logdata": "[string \".\\game/xiuxian/shuiguolaba/src/views/layer/Ga...\"]:943: attempt to perform arithmetic on field 'time' (a nil value)\nstack traceback:"
    },
    {
        "logtime": "2019/07/03 11:30:03",
        "logdata": "[string \".\\game/xiuxian/shuiguolaba/src/views/layer/Ga...\"]:943: attempt to perform arithmetic on field 'time' (a nil value)\nstack traceback:"
    },
    {
        "logtime": "2019/07/03 11:30:04",
        "logdata": "[string \".\\game/xiuxian/shuiguolaba/src/views/layer/Ga...\"]:943: attempt to perform arithmetic on field 'time' (a nil value)\nstack traceback:"
    },
    {
        "logtime": "2019/07/03 11:30:04",
        "logdata": "[string \".\\game/xiuxian/shuiguolaba/src/views/layer/Ga...\"]:943: attempt to perform arithmetic on field 'time' (a nil value)\nstack traceback:"
    },
    {
        "logtime": "2019/07/03 11:30:04",
        "logdata": "[string \".\\game/xiuxian/shuiguolaba/src/views/layer/Ga...\"]:943: attempt to perform arithmetic on field 'time' (a nil value)\nstack traceback:"
    },
    {
        "logtime": "2019/07/03 11:30:04",
        "logdata": "[string \".\\game/xiuxian/shuiguolaba/src/views/layer/Ga...\"]:943: attempt to perform arithmetic on field 'time' (a nil value)\nstack traceback:"
    },
    {
        "logtime": "2019/07/03 11:30:05",
        "logdata": "[string \".\\game/xiuxian/shuiguolaba/src/views/layer/Ga...\"]:943: attempt to perform arithmetic on field 'time' (a nil value)\nstack traceback:"
    },
    {
        "logtime": "2019/07/03 11:30:05",
        "logdata": "[string \".\\game/xiuxian/shuiguolaba/src/views/layer/Ga...\"]:943: attempt to perform arithmetic on field 'time' (a nil value)\nstack traceback:"
    },
    {
        "logtime": "2019/07/03 11:30:05",
        "logdata": "[string \".\\game/xiuxian/shuiguolaba/src/views/layer/Ga...\"]:943: attempt to perform arithmetic on field 'time' (a nil value)\nstack traceback:"
    },
    {
        "logtime": "2019/07/03 11:30:05",
        "logdata": "[string \".\\game/xiuxian/shuiguolaba/src/views/layer/Ga...\"]:943: attempt to perform arithmetic on field 'time' (a nil value)\nstack traceback:"
    },
    {
        "logtime": "2019/07/03 11:30:06",
        "logdata": "[string \".\\game/xiuxian/shuiguolaba/src/views/layer/Ga...\"]:943: attempt to perform arithmetic on field 'time' (a nil value)\nstack traceback:"
    },
    {
        "logtime": "2019/07/03 11:30:06",
        "logdata": "[string \".\\game/xiuxian/shuiguolaba/src/views/layer/Ga...\"]:943: attempt to perform arithmetic on field 'time' (a nil value)\nstack traceback:"
    },
    {
        "logtime": "2019/07/03 11:30:06",
        "logdata": "[string \".\\game/xiuxian/shuiguolaba/src/views/layer/Ga...\"]:943: attempt to perform arithmetic on field 'time' (a nil value)\nstack traceback:"
    },
    {
        "logtime": "2019/07/03 11:30:06",
        "logdata": "[string \".\\game/xiuxian/shuiguolaba/src/views/layer/Ga...\"]:943: attempt to perform arithmetic on field 'time' (a nil value)\nstack traceback:"
    },
    {
        "logtime": "2019/07/03 11:30:07",
        "logdata": "[string \".\\game/xiuxian/shuiguolaba/src/views/layer/Ga...\"]:943: attempt to perform arithmetic on field 'time' (a nil value)\nstack traceback:"
    },
    {
        "logtime": "2019/07/03 11:30:07",
        "logdata": "[string \".\\game/xiuxian/shuiguolaba/src/views/layer/Ga...\"]:943: attempt to perform arithmetic on field 'time' (a nil value)\nstack traceback:"
    },
    {
        "logtime": "2019/07/03 11:30:07",
        "logdata": "[string \".\\game/xiuxian/shuiguolaba/src/views/layer/Ga...\"]:943: attempt to perform arithmetic on field 'time' (a nil value)\nstack traceback:"
    },
    {
        "logtime": "2019/07/03 11:30:07",
        "logdata": "[string \".\\game/xiuxian/shuiguolaba/src/views/layer/Ga...\"]:943: attempt to perform arithmetic on field 'time' (a nil value)\nstack traceback:"
    },
    {
        "logtime": "2019/07/03 11:30:08",
        "logdata": "[string \".\\game/xiuxian/shuiguolaba/src/views/layer/Ga...\"]:943: attempt to perform arithmetic on field 'time' (a nil value)\nstack traceback:"
    },
    {
        "logtime": "2019/07/03 11:30:08",
        "logdata": "[string \".\\game/xiuxian/shuiguolaba/src/views/layer/Ga...\"]:943: attempt to perform arithmetic on field 'time' (a nil value)\nstack traceback:"
    },
    {
        "logtime": "2019/07/03 11:30:08",
        "logdata": "[string \".\\game/xiuxian/shuiguolaba/src/views/layer/Ga...\"]:943: attempt to perform arithmetic on field 'time' (a nil value)\nstack traceback:"
    },
    {
        "logtime": "2019/07/03 11:30:08",
        "logdata": "[string \".\\game/xiuxian/shuiguolaba/src/views/layer/Ga...\"]:943: attempt to perform arithmetic on field 'time' (a nil value)\nstack traceback:"
    },
    {
        "logtime": "2019/07/03 11:30:09",
        "logdata": "[string \".\\game/xiuxian/shuiguolaba/src/views/layer/Ga...\"]:943: attempt to perform arithmetic on field 'time' (a nil value)\nstack traceback:"
    },
    {
        "logtime": "2019/07/03 11:30:09",
        "logdata": "[string \".\\game/xiuxian/shuiguolaba/src/views/layer/Ga...\"]:943: attempt to perform arithmetic on field 'time' (a nil value)\nstack traceback:"
    },
    {
        "logtime": "2019/07/03 11:30:09",
        "logdata": "[string \".\\game/xiuxian/shuiguolaba/src/views/layer/Ga...\"]:943: attempt to perform arithmetic on field 'time' (a nil value)\nstack traceback:"
    },
    {
        "logtime": "2019/07/03 11:30:09",
        "logdata": "[string \".\\game/xiuxian/shuiguolaba/src/views/layer/Ga...\"]:943: attempt to perform arithmetic on field 'time' (a nil value)\nstack traceback:"
    },
    {
        "logtime": "2019/07/03 11:30:10",
        "logdata": "[string \".\\game/xiuxian/shuiguolaba/src/views/layer/Ga...\"]:943: attempt to perform arithmetic on field 'time' (a nil value)\nstack traceback:"
    },
    {
        "logtime": "2019/07/03 11:30:10",
        "logdata": "[string \".\\game/xiuxian/shuiguolaba/src/views/layer/Ga...\"]:943: attempt to perform arithmetic on field 'time' (a nil value)\nstack traceback:"
    },
    {
        "logtime": "2019/07/03 11:30:10",
        "logdata": "[string \".\\game/xiuxian/shuiguolaba/src/views/layer/Ga...\"]:943: attempt to perform arithmetic on field 'time' (a nil value)\nstack traceback:"
    },
    {
        "logtime": "2019/07/03 11:30:10",
        "logdata": "[string \".\\game/xiuxian/shuiguolaba/src/views/layer/Ga...\"]:943: attempt to perform arithmetic on field 'time' (a nil value)\nstack traceback:"
    },
    {
        "logtime": "2019/07/03 11:30:11",
        "logdata": "[string \".\\game/xiuxian/shuiguolaba/src/views/layer/Ga...\"]:943: attempt to perform arithmetic on field 'time' (a nil value)\nstack traceback:"
    },
    {
        "logtime": "2019/07/03 11:30:11",
        "logdata": "[string \".\\game/xiuxian/shuiguolaba/src/views/layer/Ga...\"]:943: attempt to perform arithmetic on field 'time' (a nil value)\nstack traceback:"
    },
    {
        "logtime": "2019/07/03 11:30:11",
        "logdata": "[string \".\\game/xiuxian/shuiguolaba/src/views/layer/Ga...\"]:943: attempt to perform arithmetic on field 'time' (a nil value)\nstack traceback:"
    },
    {
        "logtime": "2019/07/03 11:30:11",
        "logdata": "[string \".\\game/xiuxian/shuiguolaba/src/views/layer/Ga...\"]:943: attempt to perform arithmetic on field 'time' (a nil value)\nstack traceback:"
    },
    {
        "logtime": "2019/07/03 11:30:12",
        "logdata": "[string \".\\game/xiuxian/shuiguolaba/src/views/layer/Ga...\"]:943: attempt to perform arithmetic on field 'time' (a nil value)\nstack traceback:"
    },
    {
        "logtime": "2019/07/03 11:30:12",
        "logdata": "[string \".\\game/xiuxian/shuiguolaba/src/views/layer/Ga...\"]:943: attempt to perform arithmetic on field 'time' (a nil value)\nstack traceback:"
    },
    {
        "logtime": "2019/07/03 11:30:12",
        "logdata": "[string \".\\game/xiuxian/shuiguolaba/src/views/layer/Ga...\"]:943: attempt to perform arithmetic on field 'time' (a nil value)\nstack traceback:"
    },
    {
        "logtime": "2019/07/03 11:30:12",
        "logdata": "[string \".\\game/xiuxian/shuiguolaba/src/views/layer/Ga...\"]:943: attempt to perform arithmetic on field 'time' (a nil value)\nstack traceback:"
    },
    {
        "logtime": "2019/07/03 11:30:13",
        "logdata": "[string \".\\game/xiuxian/shuiguolaba/src/views/layer/Ga...\"]:943: attempt to perform arithmetic on field 'time' (a nil value)\nstack traceback:"
    },
    {
        "logtime": "2019/07/03 11:30:13",
        "logdata": "[string \".\\game/xiuxian/shuiguolaba/src/views/layer/Ga...\"]:943: attempt to perform arithmetic on field 'time' (a nil value)\nstack traceback:"
    },
    {
        "logtime": "2019/07/03 11:30:13",
        "logdata": "[string \".\\game/xiuxian/shuiguolaba/src/views/layer/Ga...\"]:943: attempt to perform arithmetic on field 'time' (a nil value)\nstack traceback:"
    },
    {
        "logtime": "2019/07/03 11:30:13",
        "logdata": "[string \".\\game/xiuxian/shuiguolaba/src/views/layer/Ga...\"]:943: attempt to perform arithmetic on field 'time' (a nil value)\nstack traceback:"
    },
    {
        "logtime": "2019/07/03 11:30:14",
        "logdata": "[string \".\\game/xiuxian/shuiguolaba/src/views/layer/Ga...\"]:943: attempt to perform arithmetic on field 'time' (a nil value)\nstack traceback:"
    },
    {
        "logtime": "2019/07/03 11:30:14",
        "logdata": "[string \".\\game/xiuxian/shuiguolaba/src/views/layer/Ga...\"]:943: attempt to perform arithmetic on field 'time' (a nil value)\nstack traceback:"
    },
    {
        "logtime": "2019/07/03 11:30:14",
        "logdata": "[string \".\\game/xiuxian/shuiguolaba/src/views/layer/Ga...\"]:943: attempt to perform arithmetic on field 'time' (a nil value)\nstack traceback:"
    },
    {
        "logtime": "2019/07/03 11:30:14",
        "logdata": "[string \".\\game/xiuxian/shuiguolaba/src/views/layer/Ga...\"]:943: attempt to perform arithmetic on field 'time' (a nil value)\nstack traceback:"
    },
    {
        "logtime": "2019/07/03 11:30:15",
        "logdata": "[string \".\\game/xiuxian/shuiguolaba/src/views/layer/Ga...\"]:943: attempt to perform arithmetic on field 'time' (a nil value)\nstack traceback:"
    },
    {
        "logtime": "2019/07/03 11:30:15",
        "logdata": "[string \".\\game/xiuxian/shuiguolaba/src/views/layer/Ga...\"]:943: attempt to perform arithmetic on field 'time' (a nil value)\nstack traceback:"
    },
    {
        "logtime": "2019/07/03 11:30:15",
        "logdata": "[string \".\\game/xiuxian/shuiguolaba/src/views/layer/Ga...\"]:943: attempt to perform arithmetic on field 'time' (a nil value)\nstack traceback:"
    },
    {
        "logtime": "2019/07/03 11:30:15",
        "logdata": "[string \".\\game/xiuxian/shuiguolaba/src/views/layer/Ga...\"]:943: attempt to perform arithmetic on field 'time' (a nil value)\nstack traceback:"
    },
    {
        "logtime": "2019/07/03 11:30:16",
        "logdata": "[string \".\\game/xiuxian/shuiguolaba/src/views/layer/Ga...\"]:943: attempt to perform arithmetic on field 'time' (a nil value)\nstack traceback:"
    },
    {
        "logtime": "2019/07/03 11:30:16",
        "logdata": "[string \".\\game/xiuxian/shuiguolaba/src/views/layer/Ga...\"]:943: attempt to perform arithmetic on field 'time' (a nil value)\nstack traceback:"
    },
    {
        "logtime": "2019/07/03 11:30:16",
        "logdata": "[string \".\\game/xiuxian/shuiguolaba/src/views/layer/Ga...\"]:943: attempt to perform arithmetic on field 'time' (a nil value)\nstack traceback:"
    },
    {
        "logtime": "2019/07/03 11:30:16",
        "logdata": "[string \".\\game/xiuxian/shuiguolaba/src/views/layer/Ga...\"]:943: attempt to perform arithmetic on field 'time' (a nil value)\nstack traceback:"
    },
    {
        "logtime": "2019/07/03 11:30:17",
        "logdata": "[string \".\\game/xiuxian/shuiguolaba/src/views/layer/Ga...\"]:943: attempt to perform arithmetic on field 'time' (a nil value)\nstack traceback:"
    },
    {
        "logtime": "2019/07/03 11:30:17",
        "logdata": "[string \".\\game/xiuxian/shuiguolaba/src/views/layer/Ga...\"]:943: attempt to perform arithmetic on field 'time' (a nil value)\nstack traceback:"
    },
    {
        "logtime": "2019/07/03 11:30:17",
        "logdata": "[string \".\\game/xiuxian/shuiguolaba/src/views/layer/Ga...\"]:943: attempt to perform arithmetic on field 'time' (a nil value)\nstack traceback:"
    },
    {
        "logtime": "2019/07/03 11:30:17",
        "logdata": "[string \".\\game/xiuxian/shuiguolaba/src/views/layer/Ga...\"]:943: attempt to perform arithmetic on field 'time' (a nil value)\nstack traceback:"
    },
    {
        "logtime": "2019/07/03 11:30:18",
        "logdata": "[string \".\\game/xiuxian/shuiguolaba/src/views/layer/Ga...\"]:943: attempt to perform arithmetic on field 'time' (a nil value)\nstack traceback:"
    },
    {
        "logtime": "2019/07/03 11:30:18",
        "logdata": "[string \".\\game/xiuxian/shuiguolaba/src/views/layer/Ga...\"]:943: attempt to perform arithmetic on field 'time' (a nil value)\nstack traceback:"
    },
    {
        "logtime": "2019/07/03 11:30:18",
        "logdata": "[string \".\\game/xiuxian/shuiguolaba/src/views/layer/Ga...\"]:943: attempt to perform arithmetic on field 'time' (a nil value)\nstack traceback:"
    },
    {
        "logtime": "2019/07/03 11:30:18",
        "logdata": "url"
    },
    {
        "logtime": "2019/07/03 11:30:18",
        "logdata": "http://apis.juhe.cn/ip/ip2addr?ip=58.23.48.188&key=74bb0395667b8d0588df9ebd6fc36a12"
    },
    {
        "logtime": "2019/07/03 11:30:18",
        "logdata": ""
    },
    {
        "logtime": "2019/07/03 11:30:18",
        "logdata": "url"
    },
    {
        "logtime": "2019/07/03 11:30:18",
        "logdata": "http://apis.juhe.cn/ip/ip2addr?ip=58.23.48.188&key=74bb0395667b8d0588df9ebd6fc36a12"
    },
    {
        "logtime": "2019/07/03 11:30:18",
        "logdata": ""
    },
    {
        "logtime": "2019/07/03 11:30:18",
        "logdata": "url"
    },
    {
        "logtime": "2019/07/03 11:30:18",
        "logdata": "http://apis.juhe.cn/ip/ip2addr?ip=58.23.48.188&key=74bb0395667b8d0588df9ebd6fc36a12"
    },
    {
        "logtime": "2019/07/03 11:30:18",
        "logdata": ""
    },
    {
        "logtime": "2019/07/03 11:30:18",
        "logdata": "url"
    },
    {
        "logtime": "2019/07/03 11:30:18",
        "logdata": "http://apis.juhe.cn/ip/ip2addr?ip=58.23.48.188&key=74bb0395667b8d0588df9ebd6fc36a12"
    },
    {
        "logtime": "2019/07/03 11:30:18",
        "logdata": ""
    },
    {
        "logtime": "2019/07/03 11:30:18",
        "logdata": "[string \".\\game/xiuxian/shuiguolaba/src/views/layer/Ga...\"]:943: attempt to perform arithmetic on field 'time' (a nil value)\nstack traceback:"
    },
    {
        "logtime": "2019/07/03 11:30:19",
        "logdata": "[string \".\\game/xiuxian/shuiguolaba/src/views/layer/Ga...\"]:943: attempt to perform arithmetic on field 'time' (a nil value)\nstack traceback:"
    },
    {
        "logtime": "2019/07/03 11:30:19",
        "logdata": {
            "_ServerResVersion": 10,
            "_Active": true,
            "_KindVersion": "101122049",
            "_KindType": 1,
            "_Module": "xiuxian/shuiguolaba/",
            "_KindID": "406",
            "_Type": "xiuxian",
            "nSitChair": 65535,
            "_KindName": "xiuxian.shuiguolaba.",
            "nEnterRoomIndex": 1,
            "nSitTable": 65535,
            "_SortId": 0
        }
    },
    {
        "logtime": "2019/07/03 11:30:19",
        "logdata": "modulestr"
    },
    {
        "logtime": "2019/07/03 11:30:19",
        "logdata": "xiuxian/shuiguolaba/"
    },
    {
        "logtime": "2019/07/03 11:30:19",
        "logdata": "[string \".\\game/xiuxian/shuiguolaba/src/views/layer/Ga...\"]:943: attempt to perform arithmetic on field 'time' (a nil value)\nstack traceback:"
    },
    {
        "logtime": "2019/07/03 11:30:19",
        "logdata": "[string \".\\game/xiuxian/shuiguolaba/src/views/layer/Ga...\"]:943: attempt to perform arithmetic on field 'time' (a nil value)\nstack traceback:"
    },
    {
        "logtime": "2019/07/03 11:30:20",
        "logdata": "[string \".\\game/xiuxian/shuiguolaba/src/views/layer/Ga...\"]:943: attempt to perform arithmetic on field 'time' (a nil value)\nstack traceback:"
    },
    {
        "logtime": "2019/07/03 11:30:20",
        "logdata": "[string \".\\game/xiuxian/shuiguolaba/src/views/layer/Ga...\"]:943: attempt to perform arithmetic on field 'time' (a nil value)\nstack traceback:"
    },
    {
        "logtime": "2019/07/03 11:30:20",
        "logdata": "[string \".\\game/xiuxian/shuiguolaba/src/views/layer/Ga...\"]:943: attempt to perform arithmetic on field 'time' (a nil value)\nstack traceback:"
    },
    {
        "logtime": "2019/07/03 11:30:20",
        "logdata": "[string \".\\game/xiuxian/shuiguolaba/src/views/layer/Ga...\"]:943: attempt to perform arithmetic on field 'time' (a nil value)\nstack traceback:"
    },
    {
        "logtime": "2019/07/03 11:30:21",
        "logdata": "[string \".\\game/xiuxian/shuiguolaba/src/views/layer/Ga...\"]:943: attempt to perform arithmetic on field 'time' (a nil value)\nstack traceback:"
    },
    {
        "logtime": "2019/07/03 11:30:21",
        "logdata": "[string \".\\game/xiuxian/shuiguolaba/src/views/layer/Ga...\"]:943: attempt to perform arithmetic on field 'time' (a nil value)\nstack traceback:"
    },
    {
        "logtime": "2019/07/03 11:30:21",
        "logdata": "[string \".\\game/xiuxian/shuiguolaba/src/views/layer/Ga...\"]:943: attempt to perform arithmetic on field 'time' (a nil value)\nstack traceback:"
    },
    {
        "logtime": "2019/07/03 11:30:21",
        "logdata": "[string \".\\game/xiuxian/shuiguolaba/src/views/layer/Ga...\"]:943: attempt to perform arithmetic on field 'time' (a nil value)\nstack traceback:"
    },
    {
        "logtime": "2019/07/03 11:30:22",
        "logdata": "[string \".\\game/xiuxian/shuiguolaba/src/views/layer/Ga...\"]:943: attempt to perform arithmetic on field 'time' (a nil value)\nstack traceback:"
    },
    {
        "logtime": "2019/07/03 11:30:22",
        "logdata": "[string \".\\game/xiuxian/shuiguolaba/src/views/layer/Ga...\"]:943: attempt to perform arithmetic on field 'time' (a nil value)\nstack traceback:"
    },
    {
        "logtime": "2019/07/03 11:30:22",
        "logdata": "[string \".\\game/xiuxian/shuiguolaba/src/views/layer/Ga...\"]:943: attempt to perform arithmetic on field 'time' (a nil value)\nstack traceback:"
    },
    {
        "logtime": "2019/07/03 11:30:22",
        "logdata": "[string \".\\game/xiuxian/shuiguolaba/src/views/layer/Ga...\"]:943: attempt to perform arithmetic on field 'time' (a nil value)\nstack traceback:"
    },
    {
        "logtime": "2019/07/03 11:30:23",
        "logdata": "[string \".\\game/xiuxian/shuiguolaba/src/views/layer/Ga...\"]:943: attempt to perform arithmetic on field 'time' (a nil value)\nstack traceback:"
    },
    {
        "logtime": "2019/07/03 11:30:23",
        "logdata": "[string \".\\game/xiuxian/shuiguolaba/src/views/layer/Ga...\"]:943: attempt to perform arithmetic on field 'time' (a nil value)\nstack traceback:"
    },
    {
        "logtime": "2019/07/03 11:30:23",
        "logdata": "[string \".\\game/xiuxian/shuiguolaba/src/views/layer/Ga...\"]:943: attempt to perform arithmetic on field 'time' (a nil value)\nstack traceback:"
    },
    {
        "logtime": "2019/07/03 11:30:23",
        "logdata": "[string \".\\game/xiuxian/shuiguolaba/src/views/layer/Ga...\"]:943: attempt to perform arithmetic on field 'time' (a nil value)\nstack traceback:"
    },
    {
        "logtime": "2019/07/03 11:30:24",
        "logdata": "[string \".\\game/xiuxian/shuiguolaba/src/views/layer/Ga...\"]:943: attempt to perform arithmetic on field 'time' (a nil value)\nstack traceback:"
    },
    {
        "logtime": "2019/07/03 11:30:24",
        "logdata": "[string \".\\game/xiuxian/shuiguolaba/src/views/layer/Ga...\"]:943: attempt to perform arithmetic on field 'time' (a nil value)\nstack traceback:"
    },
    {
        "logtime": "2019/07/03 11:30:24",
        "logdata": "[string \".\\game/xiuxian/shuiguolaba/src/views/layer/Ga...\"]:943: attempt to perform arithmetic on field 'time' (a nil value)\nstack traceback:"
    },
    {
        "logtime": "2019/07/03 11:30:24",
        "logdata": "[string \".\\game/xiuxian/shuiguolaba/src/views/layer/Ga...\"]:943: attempt to perform arithmetic on field 'time' (a nil value)\nstack traceback:"
    },
    {
        "logtime": "2019/07/03 11:30:27",
        "logdata": "LogonScene.onceExcute"
    },
    {
        "logtime": "2019/07/03 11:30:27",
        "logdata": "http://www.fuannainc.top/"
    },
    {
        "logtime": "2019/07/03 11:30:27",
        "logdata": "url"
    },
    {
        "logtime": "2019/07/03 11:30:27",
        "logdata": "http://www.fuannainc.top//ws/MobileInterface.ashx?action=GetMobileLoginNotice"
    },
    {
        "logtime": "2019/07/03 11:30:27",
        "logdata": ""
    }
]