[
    {
        "logtime": "2019/07/24 12:09:11",
        "logdata": 6
    },
    {
        "logtime": "2019/07/24 12:09:11",
        "logdata": "onEnterGame"
    },
    {
        "logtime": "2019/07/24 12:09:11",
        "logdata": {
            "_ServerResVersion": 6,
            "_Active": true,
            "_KindVersion": "101122049",
            "_KindType": 2,
            "_Module": "yule/redninebattle/",
            "_KindID": "109",
            "_Type": "yule",
            "_KindName": "yule.redninebattle.",
            "_SortId": 12
        }
    },
    {
        "logtime": "2019/07/24 12:09:11",
        "logdata": "GlobalUserItem.getCurGameKind()"
    },
    {
        "logtime": "2019/07/24 12:09:11",
        "logdata": 109
    }
]