[
    {
        "logtime": "2019/05/23 18:56:02",
        "logdata": "LogonScene.onceExcute"
    },
    {
        "logtime": "2019/05/23 18:56:02",
        "logdata": "http://www.fuannainc.top/"
    },
    {
        "logtime": "2019/05/23 18:56:02",
        "logdata": "url"
    },
    {
        "logtime": "2019/05/23 18:56:02",
        "logdata": "http://www.fuannainc.top//ws/MobileInterface.ashx?action=GetMobileLoginNotice"
    },
    {
        "logtime": "2019/05/23 18:56:02",
        "logdata": ""
    },
    {
        "logtime": "2019/05/23 18:56:54",
        "logdata": "LogonScene.onceExcute"
    },
    {
        "logtime": "2019/05/23 18:56:54",
        "logdata": "http://www.fuannainc.top/"
    },
    {
        "logtime": "2019/05/23 18:56:54",
        "logdata": "url"
    },
    {
        "logtime": "2019/05/23 18:56:54",
        "logdata": "http://www.fuannainc.top//ws/MobileInterface.ashx?action=GetMobileLoginNotice"
    },
    {
        "logtime": "2019/05/23 18:56:54",
        "logdata": ""
    }
]