[
    {
        "logtime": "2019/07/09 09:48:37",
        "logdata": "LogonScene.onceExcute"
    },
    {
        "logtime": "2019/07/09 09:48:37",
        "logdata": "http://www.fuannainc.top/"
    },
    {
        "logtime": "2019/07/09 09:48:37",
        "logdata": "url"
    },
    {
        "logtime": "2019/07/09 09:48:37",
        "logdata": "http://www.fuannainc.top//ws/MobileInterface.ashx?action=GetMobileLoginNotice"
    },
    {
        "logtime": "2019/07/09 09:48:37",
        "logdata": ""
    },
    {
        "logtime": "2019/07/09 09:48:39",
        "logdata": "onLogonCallBack"
    },
    {
        "logtime": "2019/07/09 09:48:39",
        "logdata": "http://www.fuannainc.top/"
    },
    {
        "logtime": "2019/07/09 09:48:39",
        "logdata": "url"
    },
    {
        "logtime": "2019/07/09 09:48:39",
        "logdata": "http://www.fuannainc.top//WS/MobileInterface.ashx"
    },
    {
        "logtime": "2019/07/09 09:48:39",
        "logdata": "action=GetMobileShareConfig&userid=119935&time=1562636919&signature=D1D3830DA916CBFAD482577ECFA5FD58"
    },
    {
        "logtime": "2019/07/09 09:48:41",
        "logdata": "url"
    },
    {
        "logtime": "2019/07/09 09:48:41",
        "logdata": "http://www.fuannainc.top//WS/MobileInterface.ashx?action=GetMobileRollNotice"
    },
    {
        "logtime": "2019/07/09 09:48:41",
        "logdata": ""
    },
    {
        "logtime": "2019/07/09 09:48:50",
        "logdata": "keys2"
    },
    {
        "logtime": "2019/07/09 09:48:50",
        "logdata": "byte"
    },
    {
        "logtime": "2019/07/09 09:48:50",
        "logdata": "keys2"
    },
    {
        "logtime": "2019/07/09 09:48:50",
        "logdata": "word"
    },
    {
        "logtime": "2019/07/09 09:48:50",
        "logdata": "keys2"
    },
    {
        "logtime": "2019/07/09 09:48:50",
        "logdata": "word"
    },
    {
        "logtime": "2019/07/09 09:48:50",
        "logdata": "keys2"
    },
    {
        "logtime": "2019/07/09 09:48:50",
        "logdata": "word"
    },
    {
        "logtime": "2019/07/09 09:48:50",
        "logdata": "keys2"
    },
    {
        "logtime": "2019/07/09 09:48:50",
        "logdata": "word"
    },
    {
        "logtime": "2019/07/09 09:48:50",
        "logdata": "keys2"
    },
    {
        "logtime": "2019/07/09 09:48:50",
        "logdata": "double"
    },
    {
        "logtime": "2019/07/09 09:48:50",
        "logdata": "keys2"
    },
    {
        "logtime": "2019/07/09 09:48:51",
        "logdata": "double"
    },
    {
        "logtime": "2019/07/09 09:48:51",
        "logdata": "keys2"
    },
    {
        "logtime": "2019/07/09 09:48:51",
        "logdata": "double"
    },
    {
        "logtime": "2019/07/09 09:48:51",
        "logdata": "keys2"
    },
    {
        "logtime": "2019/07/09 09:48:51",
        "logdata": "byte"
    },
    {
        "logtime": "2019/07/09 09:48:51",
        "logdata": "keys2"
    },
    {
        "logtime": "2019/07/09 09:48:51",
        "logdata": "word"
    },
    {
        "logtime": "2019/07/09 09:48:51",
        "logdata": "keys2"
    },
    {
        "logtime": "2019/07/09 09:48:51",
        "logdata": "word"
    },
    {
        "logtime": "2019/07/09 09:48:51",
        "logdata": "keys2"
    },
    {
        "logtime": "2019/07/09 09:48:51",
        "logdata": "word"
    },
    {
        "logtime": "2019/07/09 09:48:51",
        "logdata": "keys2"
    },
    {
        "logtime": "2019/07/09 09:48:51",
        "logdata": "word"
    },
    {
        "logtime": "2019/07/09 09:48:51",
        "logdata": "keys2"
    },
    {
        "logtime": "2019/07/09 09:48:51",
        "logdata": "double"
    },
    {
        "logtime": "2019/07/09 09:48:51",
        "logdata": "keys2"
    },
    {
        "logtime": "2019/07/09 09:48:51",
        "logdata": "double"
    },
    {
        "logtime": "2019/07/09 09:48:51",
        "logdata": "keys2"
    },
    {
        "logtime": "2019/07/09 09:48:51",
        "logdata": "double"
    },
    {
        "logtime": "2019/07/09 09:48:51",
        "logdata": "keys2"
    },
    {
        "logtime": "2019/07/09 09:48:51",
        "logdata": "string"
    },
    {
        "logtime": "2019/07/09 09:48:51",
        "logdata": "keys2"
    },
    {
        "logtime": "2019/07/09 09:48:51",
        "logdata": "string"
    },
    {
        "logtime": "2019/07/09 09:48:51",
        "logdata": "keys2"
    },
    {
        "logtime": "2019/07/09 09:48:51",
        "logdata": "double"
    },
    {
        "logtime": "2019/07/09 09:48:51",
        "logdata": "keys2"
    },
    {
        "logtime": "2019/07/09 09:48:51",
        "logdata": "string"
    }
]