[
    {
        "logtime": "2019/07/02 18:55:21",
        "logdata": "LogonScene.onceExcute"
    },
    {
        "logtime": "2019/07/02 18:55:21",
        "logdata": "http://www.fuannainc.top/"
    },
    {
        "logtime": "2019/07/02 18:55:21",
        "logdata": "url"
    },
    {
        "logtime": "2019/07/02 18:55:21",
        "logdata": "http://www.fuannainc.top//ws/MobileInterface.ashx?action=GetMobileLoginNotice"
    },
    {
        "logtime": "2019/07/02 18:55:21",
        "logdata": ""
    },
    {
        "logtime": "2019/07/02 18:55:24",
        "logdata": "url"
    },
    {
        "logtime": "2019/07/02 18:55:24",
        "logdata": "http://apis.juhe.cn/ip/ip2addr?ip=58.23.48.188&key=74bb0395667b8d0588df9ebd6fc36a12"
    },
    {
        "logtime": "2019/07/02 18:55:24",
        "logdata": ""
    },
    {
        "logtime": "2019/07/02 18:55:24",
        "logdata": "onLogonCallBack"
    },
    {
        "logtime": "2019/07/02 18:55:24",
        "logdata": "http://www.fuannainc.top/"
    },
    {
        "logtime": "2019/07/02 18:55:24",
        "logdata": "url"
    },
    {
        "logtime": "2019/07/02 18:55:24",
        "logdata": "http://www.fuannainc.top//WS/MobileInterface.ashx"
    },
    {
        "logtime": "2019/07/02 18:55:24",
        "logdata": "action=GetMobileShareConfig&userid=120187&time=1562064924&signature=666E02D5FF9513631A23FB0EE27011E1"
    },
    {
        "logtime": "2019/07/02 18:55:25",
        "logdata": "url"
    },
    {
        "logtime": "2019/07/02 18:55:25",
        "logdata": "http://www.fuannainc.top//WS/MobileInterface.ashx?action=GetMobileRollNotice"
    },
    {
        "logtime": "2019/07/02 18:55:25",
        "logdata": ""
    },
    {
        "logtime": "2019/07/02 18:55:27",
        "logdata": "url"
    },
    {
        "logtime": "2019/07/02 18:55:27",
        "logdata": "http://apis.juhe.cn/ip/ip2addr?ip=58.23.48.188&key=74bb0395667b8d0588df9ebd6fc36a12"
    },
    {
        "logtime": "2019/07/02 18:55:27",
        "logdata": ""
    },
    {
        "logtime": "2019/07/02 18:55:27",
        "logdata": "url"
    },
    {
        "logtime": "2019/07/02 18:55:27",
        "logdata": "http://apis.juhe.cn/ip/ip2addr?ip=58.23.48.188&key=74bb0395667b8d0588df9ebd6fc36a12"
    },
    {
        "logtime": "2019/07/02 18:55:27",
        "logdata": ""
    },
    {
        "logtime": "2019/07/02 18:55:27",
        "logdata": "url"
    },
    {
        "logtime": "2019/07/02 18:55:27",
        "logdata": "http://apis.juhe.cn/ip/ip2addr?ip=58.23.48.188&key=74bb0395667b8d0588df9ebd6fc36a12"
    },
    {
        "logtime": "2019/07/02 18:55:27",
        "logdata": ""
    },
    {
        "logtime": "2019/07/02 18:55:27",
        "logdata": "url"
    },
    {
        "logtime": "2019/07/02 18:55:27",
        "logdata": "http://apis.juhe.cn/ip/ip2addr?ip=58.23.48.188&key=74bb0395667b8d0588df9ebd6fc36a12"
    },
    {
        "logtime": "2019/07/02 18:55:27",
        "logdata": ""
    },
    {
        "logtime": "2019/07/02 18:55:27",
        "logdata": {
            "_ServerResVersion": 10,
            "_Active": true,
            "_KindVersion": "101122049",
            "_KindType": 1,
            "_Module": "xiuxian/shuiguolaba/",
            "_KindID": "406",
            "_Type": "xiuxian",
            "_KindName": "xiuxian.shuiguolaba.",
            "nEnterRoomIndex": 1,
            "_SortId": 0
        }
    },
    {
        "logtime": "2019/07/02 18:55:27",
        "logdata": "modulestr"
    },
    {
        "logtime": "2019/07/02 18:55:27",
        "logdata": "xiuxian/shuiguolaba/"
    },
    {
        "logtime": "2019/07/02 18:55:38",
        "logdata": "LogonScene.onceExcute"
    },
    {
        "logtime": "2019/07/02 18:55:38",
        "logdata": "http://www.fuannainc.top/"
    },
    {
        "logtime": "2019/07/02 18:55:38",
        "logdata": "url"
    },
    {
        "logtime": "2019/07/02 18:55:38",
        "logdata": "http://www.fuannainc.top//ws/MobileInterface.ashx?action=GetMobileLoginNotice"
    },
    {
        "logtime": "2019/07/02 18:55:38",
        "logdata": ""
    },
    {
        "logtime": "2019/07/02 18:55:41",
        "logdata": "url"
    },
    {
        "logtime": "2019/07/02 18:55:41",
        "logdata": "http://apis.juhe.cn/ip/ip2addr?ip=58.23.48.188&key=74bb0395667b8d0588df9ebd6fc36a12"
    },
    {
        "logtime": "2019/07/02 18:55:41",
        "logdata": ""
    },
    {
        "logtime": "2019/07/02 18:55:41",
        "logdata": "onLogonCallBack"
    },
    {
        "logtime": "2019/07/02 18:55:41",
        "logdata": "http://www.fuannainc.top/"
    },
    {
        "logtime": "2019/07/02 18:55:41",
        "logdata": "url"
    },
    {
        "logtime": "2019/07/02 18:55:41",
        "logdata": "http://www.fuannainc.top//WS/MobileInterface.ashx"
    },
    {
        "logtime": "2019/07/02 18:55:41",
        "logdata": "action=GetMobileShareConfig&userid=120187&time=1562064941&signature=867015F3F9F4386C13F5E5FC01C74603"
    },
    {
        "logtime": "2019/07/02 18:55:43",
        "logdata": "url"
    },
    {
        "logtime": "2019/07/02 18:55:43",
        "logdata": "http://www.fuannainc.top//WS/MobileInterface.ashx?action=GetMobileRollNotice"
    },
    {
        "logtime": "2019/07/02 18:55:43",
        "logdata": ""
    },
    {
        "logtime": "2019/07/02 18:55:44",
        "logdata": "url"
    },
    {
        "logtime": "2019/07/02 18:55:44",
        "logdata": "http://apis.juhe.cn/ip/ip2addr?ip=58.23.48.188&key=74bb0395667b8d0588df9ebd6fc36a12"
    },
    {
        "logtime": "2019/07/02 18:55:44",
        "logdata": ""
    },
    {
        "logtime": "2019/07/02 18:55:44",
        "logdata": "url"
    },
    {
        "logtime": "2019/07/02 18:55:44",
        "logdata": "http://apis.juhe.cn/ip/ip2addr?ip=58.23.48.188&key=74bb0395667b8d0588df9ebd6fc36a12"
    },
    {
        "logtime": "2019/07/02 18:55:44",
        "logdata": ""
    },
    {
        "logtime": "2019/07/02 18:55:44",
        "logdata": "url"
    },
    {
        "logtime": "2019/07/02 18:55:44",
        "logdata": "http://apis.juhe.cn/ip/ip2addr?ip=58.23.48.188&key=74bb0395667b8d0588df9ebd6fc36a12"
    },
    {
        "logtime": "2019/07/02 18:55:44",
        "logdata": ""
    },
    {
        "logtime": "2019/07/02 18:55:44",
        "logdata": "url"
    },
    {
        "logtime": "2019/07/02 18:55:44",
        "logdata": "http://apis.juhe.cn/ip/ip2addr?ip=58.23.48.188&key=74bb0395667b8d0588df9ebd6fc36a12"
    },
    {
        "logtime": "2019/07/02 18:55:44",
        "logdata": ""
    },
    {
        "logtime": "2019/07/02 18:55:44",
        "logdata": {
            "_ServerResVersion": 10,
            "_Active": true,
            "_KindVersion": "101122049",
            "_KindType": 1,
            "_Module": "xiuxian/shuiguolaba/",
            "_KindID": "406",
            "_Type": "xiuxian",
            "_KindName": "xiuxian.shuiguolaba.",
            "nEnterRoomIndex": 1,
            "_SortId": 0
        }
    },
    {
        "logtime": "2019/07/02 18:55:44",
        "logdata": "modulestr"
    },
    {
        "logtime": "2019/07/02 18:55:44",
        "logdata": "xiuxian/shuiguolaba/"
    },
    {
        "logtime": "2019/07/02 18:55:49",
        "logdata": [
            {
                "main": 3,
                "kindid": 406,
                "len": 4,
                "sub": 11
            },
            {
                "main": 100,
                "kindid": 406,
                "len": 0,
                "sub": 2
            },
            {
                "main": 100,
                "kindid": 406,
                "len": 9,
                "sub": 1
            },
            {
                "main": 100,
                "kindid": 406,
                "len": 0,
                "sub": 2
            },
            {
                "main": 200,
                "kindid": 406,
                "len": 16,
                "sub": 6
            }
        ]
    },
    {
        "logtime": "2019/07/02 18:55:54",
        "logdata": "url"
    },
    {
        "logtime": "2019/07/02 18:55:54",
        "logdata": "http://apis.juhe.cn/ip/ip2addr?ip=58.23.48.188&key=74bb0395667b8d0588df9ebd6fc36a12"
    },
    {
        "logtime": "2019/07/02 18:55:54",
        "logdata": ""
    },
    {
        "logtime": "2019/07/02 18:55:54",
        "logdata": "url"
    },
    {
        "logtime": "2019/07/02 18:55:55",
        "logdata": "http://apis.juhe.cn/ip/ip2addr?ip=58.23.48.188&key=74bb0395667b8d0588df9ebd6fc36a12"
    },
    {
        "logtime": "2019/07/02 18:55:55",
        "logdata": ""
    },
    {
        "logtime": "2019/07/02 18:55:55",
        "logdata": "url"
    },
    {
        "logtime": "2019/07/02 18:55:55",
        "logdata": "http://apis.juhe.cn/ip/ip2addr?ip=58.23.48.188&key=74bb0395667b8d0588df9ebd6fc36a12"
    },
    {
        "logtime": "2019/07/02 18:55:55",
        "logdata": ""
    },
    {
        "logtime": "2019/07/02 18:55:55",
        "logdata": "url"
    },
    {
        "logtime": "2019/07/02 18:55:55",
        "logdata": "http://apis.juhe.cn/ip/ip2addr?ip=58.23.48.188&key=74bb0395667b8d0588df9ebd6fc36a12"
    },
    {
        "logtime": "2019/07/02 18:55:55",
        "logdata": ""
    }
]