[
    {
        "logtime": "2019/07/08 19:31:14",
        "logdata": "LogonScene.onceExcute"
    },
    {
        "logtime": "2019/07/08 19:31:14",
        "logdata": "http://www.fuannainc.top/"
    },
    {
        "logtime": "2019/07/08 19:31:14",
        "logdata": "url"
    },
    {
        "logtime": "2019/07/08 19:31:14",
        "logdata": "http://www.fuannainc.top//ws/MobileInterface.ashx?action=GetMobileLoginNotice"
    },
    {
        "logtime": "2019/07/08 19:31:14",
        "logdata": ""
    },
    {
        "logtime": "2019/07/08 19:31:19",
        "logdata": "onLogonCallBack"
    },
    {
        "logtime": "2019/07/08 19:31:19",
        "logdata": "http://www.fuannainc.top/"
    },
    {
        "logtime": "2019/07/08 19:31:19",
        "logdata": "url"
    },
    {
        "logtime": "2019/07/08 19:31:19",
        "logdata": "http://www.fuannainc.top//WS/MobileInterface.ashx"
    },
    {
        "logtime": "2019/07/08 19:31:19",
        "logdata": "action=GetMobileShareConfig&userid=119885&time=1562585479&signature=ADD57C7CFECDE31C94EE7B116691C5BD"
    },
    {
        "logtime": "2019/07/08 19:31:21",
        "logdata": "url"
    },
    {
        "logtime": "2019/07/08 19:31:21",
        "logdata": "http://www.fuannainc.top//WS/MobileInterface.ashx?action=GetMobileRollNotice"
    },
    {
        "logtime": "2019/07/08 19:31:21",
        "logdata": ""
    },
    {
        "logtime": "2019/07/08 19:31:26",
        "logdata": "LogonScene.onceExcute"
    },
    {
        "logtime": "2019/07/08 19:31:26",
        "logdata": "http://www.fuannainc.top/"
    },
    {
        "logtime": "2019/07/08 19:31:26",
        "logdata": "url"
    },
    {
        "logtime": "2019/07/08 19:31:26",
        "logdata": "http://www.fuannainc.top//ws/MobileInterface.ashx?action=GetMobileLoginNotice"
    },
    {
        "logtime": "2019/07/08 19:31:26",
        "logdata": ""
    },
    {
        "logtime": "2019/07/08 19:31:36",
        "logdata": "onLogonCallBack"
    },
    {
        "logtime": "2019/07/08 19:31:36",
        "logdata": "http://www.fuannainc.top/"
    },
    {
        "logtime": "2019/07/08 19:31:36",
        "logdata": "url"
    },
    {
        "logtime": "2019/07/08 19:31:36",
        "logdata": "http://www.fuannainc.top//WS/MobileInterface.ashx"
    },
    {
        "logtime": "2019/07/08 19:31:36",
        "logdata": "action=GetMobileShareConfig&userid=119914&time=1562585496&signature=0CD98079C42FDB762F5EBB201236C43C"
    },
    {
        "logtime": "2019/07/08 19:31:38",
        "logdata": "url"
    },
    {
        "logtime": "2019/07/08 19:31:38",
        "logdata": "http://www.fuannainc.top//WS/MobileInterface.ashx?action=GetMobileRollNotice"
    },
    {
        "logtime": "2019/07/08 19:31:38",
        "logdata": ""
    },
    {
        "logtime": "2019/07/08 19:31:50",
        "logdata": "keys2"
    },
    {
        "logtime": "2019/07/08 19:31:50",
        "logdata": "byte"
    },
    {
        "logtime": "2019/07/08 19:31:50",
        "logdata": "keys2"
    },
    {
        "logtime": "2019/07/08 19:31:50",
        "logdata": "word"
    },
    {
        "logtime": "2019/07/08 19:31:50",
        "logdata": "keys2"
    },
    {
        "logtime": "2019/07/08 19:31:50",
        "logdata": "word"
    },
    {
        "logtime": "2019/07/08 19:31:50",
        "logdata": "keys2"
    },
    {
        "logtime": "2019/07/08 19:31:50",
        "logdata": "word"
    },
    {
        "logtime": "2019/07/08 19:31:50",
        "logdata": "keys2"
    },
    {
        "logtime": "2019/07/08 19:31:50",
        "logdata": "word"
    },
    {
        "logtime": "2019/07/08 19:31:50",
        "logdata": "keys2"
    },
    {
        "logtime": "2019/07/08 19:31:50",
        "logdata": "double"
    },
    {
        "logtime": "2019/07/08 19:31:50",
        "logdata": "keys2"
    },
    {
        "logtime": "2019/07/08 19:31:50",
        "logdata": "double"
    },
    {
        "logtime": "2019/07/08 19:31:50",
        "logdata": "keys2"
    },
    {
        "logtime": "2019/07/08 19:31:50",
        "logdata": "double"
    },
    {
        "logtime": "2019/07/08 19:31:51",
        "logdata": "keys2"
    },
    {
        "logtime": "2019/07/08 19:31:51",
        "logdata": "byte"
    },
    {
        "logtime": "2019/07/08 19:31:51",
        "logdata": "keys2"
    },
    {
        "logtime": "2019/07/08 19:31:51",
        "logdata": "word"
    },
    {
        "logtime": "2019/07/08 19:31:51",
        "logdata": "keys2"
    },
    {
        "logtime": "2019/07/08 19:31:51",
        "logdata": "word"
    },
    {
        "logtime": "2019/07/08 19:31:51",
        "logdata": "keys2"
    },
    {
        "logtime": "2019/07/08 19:31:51",
        "logdata": "word"
    },
    {
        "logtime": "2019/07/08 19:31:51",
        "logdata": "keys2"
    },
    {
        "logtime": "2019/07/08 19:31:51",
        "logdata": "word"
    },
    {
        "logtime": "2019/07/08 19:31:51",
        "logdata": "keys2"
    },
    {
        "logtime": "2019/07/08 19:31:51",
        "logdata": "double"
    },
    {
        "logtime": "2019/07/08 19:31:51",
        "logdata": "keys2"
    },
    {
        "logtime": "2019/07/08 19:31:51",
        "logdata": "double"
    },
    {
        "logtime": "2019/07/08 19:31:51",
        "logdata": "keys2"
    },
    {
        "logtime": "2019/07/08 19:31:51",
        "logdata": "double"
    },
    {
        "logtime": "2019/07/08 19:31:51",
        "logdata": "keys2"
    },
    {
        "logtime": "2019/07/08 19:31:51",
        "logdata": "string"
    },
    {
        "logtime": "2019/07/08 19:31:51",
        "logdata": "keys2"
    },
    {
        "logtime": "2019/07/08 19:31:51",
        "logdata": "string"
    },
    {
        "logtime": "2019/07/08 19:31:51",
        "logdata": "keys2"
    },
    {
        "logtime": "2019/07/08 19:31:51",
        "logdata": "double"
    },
    {
        "logtime": "2019/07/08 19:31:51",
        "logdata": "keys2"
    },
    {
        "logtime": "2019/07/08 19:31:51",
        "logdata": "string"
    }
]