[
    {
        "logtime": "2019/07/01 18:20:08",
        "logdata": "url"
    },
    {
        "logtime": "2019/07/01 18:20:08",
        "logdata": "http://www.fuannainc.top//WS/MobileInterface.ashx"
    },
    {
        "logtime": "2019/07/01 18:20:08",
        "logdata": "action=GetScoreInfo&userid=119947&time=1561976408&signature=06529A976ED1C9CA4942EE4E082B627D"
    },
    {
        "logtime": "2019/07/01 18:20:09",
        "logdata": "url"
    },
    {
        "logtime": "2019/07/01 18:20:09",
        "logdata": "http://apis.juhe.cn/ip/ip2addr?ip=58.23.48.188&key=74bb0395667b8d0588df9ebd6fc36a12"
    },
    {
        "logtime": "2019/07/01 18:20:09",
        "logdata": ""
    },
    {
        "logtime": "2019/07/01 18:20:09",
        "logdata": "url"
    },
    {
        "logtime": "2019/07/01 18:20:09",
        "logdata": "http://apis.juhe.cn/ip/ip2addr?ip=210.26.64.213&key=74bb0395667b8d0588df9ebd6fc36a12"
    },
    {
        "logtime": "2019/07/01 18:20:09",
        "logdata": ""
    },
    {
        "logtime": "2019/07/01 18:20:09",
        "logdata": "url"
    },
    {
        "logtime": "2019/07/01 18:20:09",
        "logdata": "http://apis.juhe.cn/ip/ip2addr?ip=61.234.132.124&key=74bb0395667b8d0588df9ebd6fc36a12"
    },
    {
        "logtime": "2019/07/01 18:20:09",
        "logdata": ""
    },
    {
        "logtime": "2019/07/01 18:20:09",
        "logdata": "url"
    },
    {
        "logtime": "2019/07/01 18:20:09",
        "logdata": "http://apis.juhe.cn/ip/ip2addr?ip=171.9.7.91&key=74bb0395667b8d0588df9ebd6fc36a12"
    },
    {
        "logtime": "2019/07/01 18:20:09",
        "logdata": ""
    },
    {
        "logtime": "2019/07/01 18:20:09",
        "logdata": "url"
    },
    {
        "logtime": "2019/07/01 18:20:09",
        "logdata": "http://apis.juhe.cn/ip/ip2addr?ip=121.76.138.42&key=74bb0395667b8d0588df9ebd6fc36a12"
    },
    {
        "logtime": "2019/07/01 18:20:09",
        "logdata": ""
    },
    {
        "logtime": "2019/07/01 18:20:09",
        "logdata": "url"
    },
    {
        "logtime": "2019/07/01 18:20:09",
        "logdata": "http://apis.juhe.cn/ip/ip2addr?ip=106.89.184.188&key=74bb0395667b8d0588df9ebd6fc36a12"
    },
    {
        "logtime": "2019/07/01 18:20:09",
        "logdata": ""
    },
    {
        "logtime": "2019/07/01 18:20:09",
        "logdata": "url"
    },
    {
        "logtime": "2019/07/01 18:20:09",
        "logdata": "http://apis.juhe.cn/ip/ip2addr?ip=210.45.148.32&key=74bb0395667b8d0588df9ebd6fc36a12"
    },
    {
        "logtime": "2019/07/01 18:20:09",
        "logdata": ""
    },
    {
        "logtime": "2019/07/01 18:20:09",
        "logdata": "url"
    },
    {
        "logtime": "2019/07/01 18:20:09",
        "logdata": "http://apis.juhe.cn/ip/ip2addr?ip=182.91.10.121&key=74bb0395667b8d0588df9ebd6fc36a12"
    },
    {
        "logtime": "2019/07/01 18:20:09",
        "logdata": ""
    },
    {
        "logtime": "2019/07/01 18:20:09",
        "logdata": "url"
    },
    {
        "logtime": "2019/07/01 18:20:09",
        "logdata": "http://apis.juhe.cn/ip/ip2addr?ip=182.88.5.198&key=74bb0395667b8d0588df9ebd6fc36a12"
    },
    {
        "logtime": "2019/07/01 18:20:09",
        "logdata": ""
    },
    {
        "logtime": "2019/07/01 18:20:09",
        "logdata": "url"
    },
    {
        "logtime": "2019/07/01 18:20:09",
        "logdata": "http://apis.juhe.cn/ip/ip2addr?ip=182.92.41.61&key=74bb0395667b8d0588df9ebd6fc36a12"
    },
    {
        "logtime": "2019/07/01 18:20:09",
        "logdata": ""
    },
    {
        "logtime": "2019/07/01 18:20:09",
        "logdata": "url"
    },
    {
        "logtime": "2019/07/01 18:20:09",
        "logdata": "http://apis.juhe.cn/ip/ip2addr?ip=121.76.213.125&key=74bb0395667b8d0588df9ebd6fc36a12"
    },
    {
        "logtime": "2019/07/01 18:20:09",
        "logdata": ""
    },
    {
        "logtime": "2019/07/01 18:20:09",
        "logdata": "url"
    },
    {
        "logtime": "2019/07/01 18:20:09",
        "logdata": "http://apis.juhe.cn/ip/ip2addr?ip=210.40.69.216&key=74bb0395667b8d0588df9ebd6fc36a12"
    },
    {
        "logtime": "2019/07/01 18:20:09",
        "logdata": ""
    },
    {
        "logtime": "2019/07/01 18:20:09",
        "logdata": "url"
    },
    {
        "logtime": "2019/07/01 18:20:09",
        "logdata": "http://apis.juhe.cn/ip/ip2addr?ip=171.14.140.5&key=74bb0395667b8d0588df9ebd6fc36a12"
    },
    {
        "logtime": "2019/07/01 18:20:09",
        "logdata": ""
    },
    {
        "logtime": "2019/07/01 18:20:09",
        "logdata": "url"
    },
    {
        "logtime": "2019/07/01 18:20:09",
        "logdata": "http://apis.juhe.cn/ip/ip2addr?ip=123.232.104.74&key=74bb0395667b8d0588df9ebd6fc36a12"
    },
    {
        "logtime": "2019/07/01 18:20:09",
        "logdata": ""
    },
    {
        "logtime": "2019/07/01 18:20:09",
        "logdata": "url"
    },
    {
        "logtime": "2019/07/01 18:20:09",
        "logdata": "http://apis.juhe.cn/ip/ip2addr?ip=123.232.139.239&key=74bb0395667b8d0588df9ebd6fc36a12"
    },
    {
        "logtime": "2019/07/01 18:20:09",
        "logdata": ""
    },
    {
        "logtime": "2019/07/01 18:20:09",
        "logdata": "url"
    },
    {
        "logtime": "2019/07/01 18:20:09",
        "logdata": "http://apis.juhe.cn/ip/ip2addr?ip=139.211.185.78&key=74bb0395667b8d0588df9ebd6fc36a12"
    },
    {
        "logtime": "2019/07/01 18:20:09",
        "logdata": ""
    },
    {
        "logtime": "2019/07/01 18:20:09",
        "logdata": "url"
    },
    {
        "logtime": "2019/07/01 18:20:09",
        "logdata": "http://apis.juhe.cn/ip/ip2addr?ip=121.76.75.230&key=74bb0395667b8d0588df9ebd6fc36a12"
    },
    {
        "logtime": "2019/07/01 18:20:09",
        "logdata": ""
    },
    {
        "logtime": "2019/07/01 18:20:09",
        "logdata": "url"
    },
    {
        "logtime": "2019/07/01 18:20:09",
        "logdata": "http://apis.juhe.cn/ip/ip2addr?ip=36.59.207.253&key=74bb0395667b8d0588df9ebd6fc36a12"
    },
    {
        "logtime": "2019/07/01 18:20:09",
        "logdata": ""
    },
    {
        "logtime": "2019/07/01 18:20:09",
        "logdata": "url"
    },
    {
        "logtime": "2019/07/01 18:20:09",
        "logdata": "http://apis.juhe.cn/ip/ip2addr?ip=61.234.72.58&key=74bb0395667b8d0588df9ebd6fc36a12"
    },
    {
        "logtime": "2019/07/01 18:20:09",
        "logdata": ""
    },
    {
        "logtime": "2019/07/01 18:20:09",
        "logdata": "url"
    },
    {
        "logtime": "2019/07/01 18:20:09",
        "logdata": "http://apis.juhe.cn/ip/ip2addr?ip=210.27.3.21&key=74bb0395667b8d0588df9ebd6fc36a12"
    },
    {
        "logtime": "2019/07/01 18:20:09",
        "logdata": ""
    },
    {
        "logtime": "2019/07/01 18:20:09",
        "logdata": "url"
    },
    {
        "logtime": "2019/07/01 18:20:09",
        "logdata": "http://apis.juhe.cn/ip/ip2addr?ip=61.232.191.237&key=74bb0395667b8d0588df9ebd6fc36a12"
    },
    {
        "logtime": "2019/07/01 18:20:09",
        "logdata": ""
    },
    {
        "logtime": "2019/07/01 18:20:09",
        "logdata": "url"
    },
    {
        "logtime": "2019/07/01 18:20:09",
        "logdata": "http://apis.juhe.cn/ip/ip2addr?ip=106.86.107.205&key=74bb0395667b8d0588df9ebd6fc36a12"
    },
    {
        "logtime": "2019/07/01 18:20:09",
        "logdata": ""
    },
    {
        "logtime": "2019/07/01 18:20:09",
        "logdata": "url"
    },
    {
        "logtime": "2019/07/01 18:20:09",
        "logdata": "http://apis.juhe.cn/ip/ip2addr?ip=182.85.246.141&key=74bb0395667b8d0588df9ebd6fc36a12"
    },
    {
        "logtime": "2019/07/01 18:20:09",
        "logdata": ""
    },
    {
        "logtime": "2019/07/01 18:20:09",
        "logdata": "url"
    },
    {
        "logtime": "2019/07/01 18:20:09",
        "logdata": "http://apis.juhe.cn/ip/ip2addr?ip=182.88.11.10&key=74bb0395667b8d0588df9ebd6fc36a12"
    },
    {
        "logtime": "2019/07/01 18:20:09",
        "logdata": ""
    },
    {
        "logtime": "2019/07/01 18:20:09",
        "logdata": "url"
    },
    {
        "logtime": "2019/07/01 18:20:09",
        "logdata": "http://apis.juhe.cn/ip/ip2addr?ip=222.94.40.37&key=74bb0395667b8d0588df9ebd6fc36a12"
    },
    {
        "logtime": "2019/07/01 18:20:09",
        "logdata": ""
    },
    {
        "logtime": "2019/07/01 18:20:09",
        "logdata": "url"
    },
    {
        "logtime": "2019/07/01 18:20:09",
        "logdata": "http://apis.juhe.cn/ip/ip2addr?ip=123.233.13.186&key=74bb0395667b8d0588df9ebd6fc36a12"
    },
    {
        "logtime": "2019/07/01 18:20:09",
        "logdata": ""
    },
    {
        "logtime": "2019/07/01 18:20:09",
        "logdata": "url"
    },
    {
        "logtime": "2019/07/01 18:20:09",
        "logdata": "http://apis.juhe.cn/ip/ip2addr?ip=123.233.114.27&key=74bb0395667b8d0588df9ebd6fc36a12"
    },
    {
        "logtime": "2019/07/01 18:20:09",
        "logdata": ""
    },
    {
        "logtime": "2019/07/01 18:20:09",
        "logdata": "url"
    },
    {
        "logtime": "2019/07/01 18:20:09",
        "logdata": "http://apis.juhe.cn/ip/ip2addr?ip=121.76.171.63&key=74bb0395667b8d0588df9ebd6fc36a12"
    },
    {
        "logtime": "2019/07/01 18:20:09",
        "logdata": ""
    },
    {
        "logtime": "2019/07/01 18:20:09",
        "logdata": "url"
    },
    {
        "logtime": "2019/07/01 18:20:09",
        "logdata": "http://apis.juhe.cn/ip/ip2addr?ip=182.85.253.168&key=74bb0395667b8d0588df9ebd6fc36a12"
    },
    {
        "logtime": "2019/07/01 18:20:09",
        "logdata": ""
    },
    {
        "logtime": "2019/07/01 18:20:09",
        "logdata": "url"
    },
    {
        "logtime": "2019/07/01 18:20:09",
        "logdata": "http://apis.juhe.cn/ip/ip2addr?ip=106.83.71.74&key=74bb0395667b8d0588df9ebd6fc36a12"
    },
    {
        "logtime": "2019/07/01 18:20:09",
        "logdata": ""
    },
    {
        "logtime": "2019/07/01 18:20:09",
        "logdata": "url"
    },
    {
        "logtime": "2019/07/01 18:20:09",
        "logdata": "http://apis.juhe.cn/ip/ip2addr?ip=182.92.21.107&key=74bb0395667b8d0588df9ebd6fc36a12"
    },
    {
        "logtime": "2019/07/01 18:20:09",
        "logdata": ""
    },
    {
        "logtime": "2019/07/01 18:20:09",
        "logdata": "url"
    },
    {
        "logtime": "2019/07/01 18:20:09",
        "logdata": "http://apis.juhe.cn/ip/ip2addr?ip=222.54.29.255&key=74bb0395667b8d0588df9ebd6fc36a12"
    },
    {
        "logtime": "2019/07/01 18:20:09",
        "logdata": ""
    },
    {
        "logtime": "2019/07/01 18:20:09",
        "logdata": "url"
    },
    {
        "logtime": "2019/07/01 18:20:09",
        "logdata": "http://apis.juhe.cn/ip/ip2addr?ip=210.46.56.26&key=74bb0395667b8d0588df9ebd6fc36a12"
    },
    {
        "logtime": "2019/07/01 18:20:09",
        "logdata": ""
    },
    {
        "logtime": "2019/07/01 18:20:09",
        "logdata": "url"
    },
    {
        "logtime": "2019/07/01 18:20:09",
        "logdata": "http://apis.juhe.cn/ip/ip2addr?ip=171.15.134.156&key=74bb0395667b8d0588df9ebd6fc36a12"
    },
    {
        "logtime": "2019/07/01 18:20:09",
        "logdata": ""
    },
    {
        "logtime": "2019/07/01 18:20:09",
        "logdata": "url"
    },
    {
        "logtime": "2019/07/01 18:20:09",
        "logdata": "http://apis.juhe.cn/ip/ip2addr?ip=61.235.1.36&key=74bb0395667b8d0588df9ebd6fc36a12"
    },
    {
        "logtime": "2019/07/01 18:20:09",
        "logdata": ""
    },
    {
        "logtime": "2019/07/01 18:20:09",
        "logdata": "url"
    },
    {
        "logtime": "2019/07/01 18:20:09",
        "logdata": "http://apis.juhe.cn/ip/ip2addr?ip=61.235.233.176&key=74bb0395667b8d0588df9ebd6fc36a12"
    },
    {
        "logtime": "2019/07/01 18:20:09",
        "logdata": ""
    },
    {
        "logtime": "2019/07/01 18:20:09",
        "logdata": "url"
    },
    {
        "logtime": "2019/07/01 18:20:09",
        "logdata": "http://apis.juhe.cn/ip/ip2addr?ip=171.14.113.124&key=74bb0395667b8d0588df9ebd6fc36a12"
    },
    {
        "logtime": "2019/07/01 18:20:09",
        "logdata": ""
    },
    {
        "logtime": "2019/07/01 18:20:09",
        "logdata": "url"
    },
    {
        "logtime": "2019/07/01 18:20:09",
        "logdata": "http://apis.juhe.cn/ip/ip2addr?ip=121.77.171.158&key=74bb0395667b8d0588df9ebd6fc36a12"
    },
    {
        "logtime": "2019/07/01 18:20:09",
        "logdata": ""
    },
    {
        "logtime": "2019/07/01 18:20:09",
        "logdata": "url"
    },
    {
        "logtime": "2019/07/01 18:20:09",
        "logdata": "http://apis.juhe.cn/ip/ip2addr?ip=222.34.119.59&key=74bb0395667b8d0588df9ebd6fc36a12"
    },
    {
        "logtime": "2019/07/01 18:20:09",
        "logdata": ""
    },
    {
        "logtime": "2019/07/01 18:20:09",
        "logdata": "url"
    },
    {
        "logtime": "2019/07/01 18:20:09",
        "logdata": "http://apis.juhe.cn/ip/ip2addr?ip=121.76.202.63&key=74bb0395667b8d0588df9ebd6fc36a12"
    },
    {
        "logtime": "2019/07/01 18:20:09",
        "logdata": ""
    },
    {
        "logtime": "2019/07/01 18:20:09",
        "logdata": "url"
    },
    {
        "logtime": "2019/07/01 18:20:09",
        "logdata": "http://apis.juhe.cn/ip/ip2addr?ip=36.59.120.27&key=74bb0395667b8d0588df9ebd6fc36a12"
    },
    {
        "logtime": "2019/07/01 18:20:09",
        "logdata": ""
    },
    {
        "logtime": "2019/07/01 18:20:09",
        "logdata": "url"
    },
    {
        "logtime": "2019/07/01 18:20:09",
        "logdata": "http://apis.juhe.cn/ip/ip2addr?ip=171.8.151.137&key=74bb0395667b8d0588df9ebd6fc36a12"
    },
    {
        "logtime": "2019/07/01 18:20:09",
        "logdata": ""
    },
    {
        "logtime": "2019/07/01 18:20:09",
        "logdata": "url"
    },
    {
        "logtime": "2019/07/01 18:20:09",
        "logdata": "http://apis.juhe.cn/ip/ip2addr?ip=222.87.250.92&key=74bb0395667b8d0588df9ebd6fc36a12"
    },
    {
        "logtime": "2019/07/01 18:20:09",
        "logdata": ""
    },
    {
        "logtime": "2019/07/01 18:20:09",
        "logdata": "url"
    },
    {
        "logtime": "2019/07/01 18:20:09",
        "logdata": "http://apis.juhe.cn/ip/ip2addr?ip=139.215.220.231&key=74bb0395667b8d0588df9ebd6fc36a12"
    },
    {
        "logtime": "2019/07/01 18:20:09",
        "logdata": ""
    },
    {
        "logtime": "2019/07/01 18:20:09",
        "logdata": "url"
    },
    {
        "logtime": "2019/07/01 18:20:09",
        "logdata": "http://apis.juhe.cn/ip/ip2addr?ip=139.206.95.98&key=74bb0395667b8d0588df9ebd6fc36a12"
    },
    {
        "logtime": "2019/07/01 18:20:09",
        "logdata": ""
    },
    {
        "logtime": "2019/07/01 18:20:09",
        "logdata": "url"
    },
    {
        "logtime": "2019/07/01 18:20:09",
        "logdata": "http://apis.juhe.cn/ip/ip2addr?ip=222.39.239.34&key=74bb0395667b8d0588df9ebd6fc36a12"
    },
    {
        "logtime": "2019/07/01 18:20:09",
        "logdata": ""
    },
    {
        "logtime": "2019/07/01 18:20:09",
        "logdata": "url"
    },
    {
        "logtime": "2019/07/01 18:20:09",
        "logdata": "http://apis.juhe.cn/ip/ip2addr?ip=222.19.192.27&key=74bb0395667b8d0588df9ebd6fc36a12"
    },
    {
        "logtime": "2019/07/01 18:20:09",
        "logdata": ""
    },
    {
        "logtime": "2019/07/01 18:20:09",
        "logdata": "url"
    },
    {
        "logtime": "2019/07/01 18:20:09",
        "logdata": "http://apis.juhe.cn/ip/ip2addr?ip=210.32.22.23&key=74bb0395667b8d0588df9ebd6fc36a12"
    },
    {
        "logtime": "2019/07/01 18:20:09",
        "logdata": ""
    },
    {
        "logtime": "2019/07/01 18:20:09",
        "logdata": "url"
    },
    {
        "logtime": "2019/07/01 18:20:09",
        "logdata": "http://apis.juhe.cn/ip/ip2addr?ip=36.62.158.197&key=74bb0395667b8d0588df9ebd6fc36a12"
    },
    {
        "logtime": "2019/07/01 18:20:09",
        "logdata": ""
    },
    {
        "logtime": "2019/07/01 18:20:09",
        "logdata": "url"
    },
    {
        "logtime": "2019/07/01 18:20:09",
        "logdata": "http://apis.juhe.cn/ip/ip2addr?ip=210.39.75.103&key=74bb0395667b8d0588df9ebd6fc36a12"
    },
    {
        "logtime": "2019/07/01 18:20:09",
        "logdata": ""
    },
    {
        "logtime": "2019/07/01 18:20:09",
        "logdata": "url"
    },
    {
        "logtime": "2019/07/01 18:20:09",
        "logdata": "http://apis.juhe.cn/ip/ip2addr?ip=123.233.34.193&key=74bb0395667b8d0588df9ebd6fc36a12"
    },
    {
        "logtime": "2019/07/01 18:20:09",
        "logdata": ""
    },
    {
        "logtime": "2019/07/01 18:20:09",
        "logdata": "url"
    },
    {
        "logtime": "2019/07/01 18:20:09",
        "logdata": "http://apis.juhe.cn/ip/ip2addr?ip=106.87.207.171&key=74bb0395667b8d0588df9ebd6fc36a12"
    },
    {
        "logtime": "2019/07/01 18:20:10",
        "logdata": ""
    },
    {
        "logtime": "2019/07/01 18:20:10",
        "logdata": "url"
    },
    {
        "logtime": "2019/07/01 18:20:10",
        "logdata": "http://apis.juhe.cn/ip/ip2addr?ip=171.8.181.182&key=74bb0395667b8d0588df9ebd6fc36a12"
    },
    {
        "logtime": "2019/07/01 18:20:10",
        "logdata": ""
    },
    {
        "logtime": "2019/07/01 18:20:10",
        "logdata": "url"
    },
    {
        "logtime": "2019/07/01 18:20:10",
        "logdata": "http://apis.juhe.cn/ip/ip2addr?ip=171.10.189.165&key=74bb0395667b8d0588df9ebd6fc36a12"
    },
    {
        "logtime": "2019/07/01 18:20:10",
        "logdata": ""
    },
    {
        "logtime": "2019/07/01 18:20:10",
        "logdata": "url"
    },
    {
        "logtime": "2019/07/01 18:20:10",
        "logdata": "http://apis.juhe.cn/ip/ip2addr?ip=123.235.62.123&key=74bb0395667b8d0588df9ebd6fc36a12"
    },
    {
        "logtime": "2019/07/01 18:20:10",
        "logdata": ""
    },
    {
        "logtime": "2019/07/01 18:20:10",
        "logdata": "url"
    },
    {
        "logtime": "2019/07/01 18:20:10",
        "logdata": "http://apis.juhe.cn/ip/ip2addr?ip=121.76.192.24&key=74bb0395667b8d0588df9ebd6fc36a12"
    },
    {
        "logtime": "2019/07/01 18:20:10",
        "logdata": ""
    },
    {
        "logtime": "2019/07/01 18:20:10",
        "logdata": "url"
    },
    {
        "logtime": "2019/07/01 18:20:10",
        "logdata": "http://apis.juhe.cn/ip/ip2addr?ip=106.83.115.183&key=74bb0395667b8d0588df9ebd6fc36a12"
    },
    {
        "logtime": "2019/07/01 18:20:10",
        "logdata": ""
    },
    {
        "logtime": "2019/07/01 18:20:10",
        "logdata": "url"
    },
    {
        "logtime": "2019/07/01 18:20:10",
        "logdata": "http://apis.juhe.cn/ip/ip2addr?ip=123.232.104.78&key=74bb0395667b8d0588df9ebd6fc36a12"
    },
    {
        "logtime": "2019/07/01 18:20:10",
        "logdata": ""
    },
    {
        "logtime": "2019/07/01 18:20:10",
        "logdata": "url"
    },
    {
        "logtime": "2019/07/01 18:20:10",
        "logdata": "http://apis.juhe.cn/ip/ip2addr?ip=121.77.149.66&key=74bb0395667b8d0588df9ebd6fc36a12"
    },
    {
        "logtime": "2019/07/01 18:20:10",
        "logdata": ""
    },
    {
        "logtime": "2019/07/01 18:20:10",
        "logdata": "url"
    },
    {
        "logtime": "2019/07/01 18:20:10",
        "logdata": "http://apis.juhe.cn/ip/ip2addr?ip=123.235.135.111&key=74bb0395667b8d0588df9ebd6fc36a12"
    },
    {
        "logtime": "2019/07/01 18:20:10",
        "logdata": ""
    },
    {
        "logtime": "2019/07/01 18:20:10",
        "logdata": "url"
    },
    {
        "logtime": "2019/07/01 18:20:10",
        "logdata": "http://apis.juhe.cn/ip/ip2addr?ip=171.10.101.123&key=74bb0395667b8d0588df9ebd6fc36a12"
    },
    {
        "logtime": "2019/07/01 18:20:10",
        "logdata": ""
    },
    {
        "logtime": "2019/07/01 18:20:10",
        "logdata": "url"
    },
    {
        "logtime": "2019/07/01 18:20:10",
        "logdata": "http://apis.juhe.cn/ip/ip2addr?ip=222.26.147.167&key=74bb0395667b8d0588df9ebd6fc36a12"
    },
    {
        "logtime": "2019/07/01 18:20:10",
        "logdata": ""
    },
    {
        "logtime": "2019/07/01 18:20:10",
        "logdata": "url"
    },
    {
        "logtime": "2019/07/01 18:20:10",
        "logdata": "http://apis.juhe.cn/ip/ip2addr?ip=121.77.170.1&key=74bb0395667b8d0588df9ebd6fc36a12"
    },
    {
        "logtime": "2019/07/01 18:20:10",
        "logdata": ""
    },
    {
        "logtime": "2019/07/01 18:20:10",
        "logdata": "url"
    },
    {
        "logtime": "2019/07/01 18:20:10",
        "logdata": "http://apis.juhe.cn/ip/ip2addr?ip=139.204.194.213&key=74bb0395667b8d0588df9ebd6fc36a12"
    },
    {
        "logtime": "2019/07/01 18:20:10",
        "logdata": ""
    },
    {
        "logtime": "2019/07/01 18:20:10",
        "logdata": "url"
    },
    {
        "logtime": "2019/07/01 18:20:10",
        "logdata": "http://apis.juhe.cn/ip/ip2addr?ip=182.82.153.89&key=74bb0395667b8d0588df9ebd6fc36a12"
    },
    {
        "logtime": "2019/07/01 18:20:10",
        "logdata": ""
    },
    {
        "logtime": "2019/07/01 18:20:10",
        "logdata": "url"
    },
    {
        "logtime": "2019/07/01 18:20:10",
        "logdata": "http://apis.juhe.cn/ip/ip2addr?ip=121.77.176.76&key=74bb0395667b8d0588df9ebd6fc36a12"
    },
    {
        "logtime": "2019/07/01 18:20:10",
        "logdata": ""
    },
    {
        "logtime": "2019/07/01 18:20:10",
        "logdata": "url"
    },
    {
        "logtime": "2019/07/01 18:20:10",
        "logdata": "http://apis.juhe.cn/ip/ip2addr?ip=139.205.208.47&key=74bb0395667b8d0588df9ebd6fc36a12"
    },
    {
        "logtime": "2019/07/01 18:20:10",
        "logdata": ""
    },
    {
        "logtime": "2019/07/01 18:20:10",
        "logdata": "url"
    },
    {
        "logtime": "2019/07/01 18:20:10",
        "logdata": "http://apis.juhe.cn/ip/ip2addr?ip=106.82.46.141&key=74bb0395667b8d0588df9ebd6fc36a12"
    },
    {
        "logtime": "2019/07/01 18:20:10",
        "logdata": ""
    },
    {
        "logtime": "2019/07/01 18:20:10",
        "logdata": "url"
    },
    {
        "logtime": "2019/07/01 18:20:10",
        "logdata": "http://apis.juhe.cn/ip/ip2addr?ip=222.47.158.197&key=74bb0395667b8d0588df9ebd6fc36a12"
    },
    {
        "logtime": "2019/07/01 18:20:10",
        "logdata": ""
    },
    {
        "logtime": "2019/07/01 18:20:10",
        "logdata": "url"
    },
    {
        "logtime": "2019/07/01 18:20:10",
        "logdata": "http://apis.juhe.cn/ip/ip2addr?ip=61.236.64.159&key=74bb0395667b8d0588df9ebd6fc36a12"
    },
    {
        "logtime": "2019/07/01 18:20:10",
        "logdata": ""
    },
    {
        "logtime": "2019/07/01 18:20:10",
        "logdata": "url"
    },
    {
        "logtime": "2019/07/01 18:20:10",
        "logdata": "http://apis.juhe.cn/ip/ip2addr?ip=61.234.162.24&key=74bb0395667b8d0588df9ebd6fc36a12"
    },
    {
        "logtime": "2019/07/01 18:20:10",
        "logdata": ""
    },
    {
        "logtime": "2019/07/01 18:20:10",
        "logdata": "url"
    },
    {
        "logtime": "2019/07/01 18:20:10",
        "logdata": "http://apis.juhe.cn/ip/ip2addr?ip=121.77.183.104&key=74bb0395667b8d0588df9ebd6fc36a12"
    },
    {
        "logtime": "2019/07/01 18:20:10",
        "logdata": ""
    },
    {
        "logtime": "2019/07/01 18:20:10",
        "logdata": "url"
    },
    {
        "logtime": "2019/07/01 18:20:10",
        "logdata": "http://apis.juhe.cn/ip/ip2addr?ip=139.213.104.19&key=74bb0395667b8d0588df9ebd6fc36a12"
    },
    {
        "logtime": "2019/07/01 18:20:10",
        "logdata": ""
    },
    {
        "logtime": "2019/07/01 18:20:10",
        "logdata": "url"
    },
    {
        "logtime": "2019/07/01 18:20:10",
        "logdata": "http://apis.juhe.cn/ip/ip2addr?ip=61.232.244.241&key=74bb0395667b8d0588df9ebd6fc36a12"
    },
    {
        "logtime": "2019/07/01 18:20:10",
        "logdata": ""
    },
    {
        "logtime": "2019/07/01 18:20:10",
        "logdata": "url"
    },
    {
        "logtime": "2019/07/01 18:20:10",
        "logdata": "http://apis.juhe.cn/ip/ip2addr?ip=182.84.111.230&key=74bb0395667b8d0588df9ebd6fc36a12"
    },
    {
        "logtime": "2019/07/01 18:20:10",
        "logdata": ""
    },
    {
        "logtime": "2019/07/01 18:20:10",
        "logdata": "url"
    },
    {
        "logtime": "2019/07/01 18:20:10",
        "logdata": "http://apis.juhe.cn/ip/ip2addr?ip=182.88.115.145&key=74bb0395667b8d0588df9ebd6fc36a12"
    },
    {
        "logtime": "2019/07/01 18:20:10",
        "logdata": ""
    },
    {
        "logtime": "2019/07/01 18:20:10",
        "logdata": "url"
    },
    {
        "logtime": "2019/07/01 18:20:10",
        "logdata": "http://apis.juhe.cn/ip/ip2addr?ip=36.56.70.186&key=74bb0395667b8d0588df9ebd6fc36a12"
    },
    {
        "logtime": "2019/07/01 18:20:10",
        "logdata": ""
    },
    {
        "logtime": "2019/07/01 18:20:10",
        "logdata": "url"
    },
    {
        "logtime": "2019/07/01 18:20:10",
        "logdata": "http://apis.juhe.cn/ip/ip2addr?ip=139.208.244.60&key=74bb0395667b8d0588df9ebd6fc36a12"
    },
    {
        "logtime": "2019/07/01 18:20:10",
        "logdata": ""
    },
    {
        "logtime": "2019/07/01 18:20:10",
        "logdata": "url"
    },
    {
        "logtime": "2019/07/01 18:20:10",
        "logdata": "http://apis.juhe.cn/ip/ip2addr?ip=182.85.13.45&key=74bb0395667b8d0588df9ebd6fc36a12"
    },
    {
        "logtime": "2019/07/01 18:20:10",
        "logdata": ""
    },
    {
        "logtime": "2019/07/01 18:20:10",
        "logdata": "url"
    },
    {
        "logtime": "2019/07/01 18:20:10",
        "logdata": "http://apis.juhe.cn/ip/ip2addr?ip=121.77.196.223&key=74bb0395667b8d0588df9ebd6fc36a12"
    },
    {
        "logtime": "2019/07/01 18:20:10",
        "logdata": ""
    },
    {
        "logtime": "2019/07/01 18:20:10",
        "logdata": "url"
    },
    {
        "logtime": "2019/07/01 18:20:10",
        "logdata": "http://apis.juhe.cn/ip/ip2addr?ip=61.236.84.127&key=74bb0395667b8d0588df9ebd6fc36a12"
    },
    {
        "logtime": "2019/07/01 18:20:10",
        "logdata": ""
    },
    {
        "logtime": "2019/07/01 18:20:10",
        "logdata": "url"
    },
    {
        "logtime": "2019/07/01 18:20:10",
        "logdata": "http://apis.juhe.cn/ip/ip2addr?ip=171.8.254.115&key=74bb0395667b8d0588df9ebd6fc36a12"
    },
    {
        "logtime": "2019/07/01 18:20:10",
        "logdata": ""
    },
    {
        "logtime": "2019/07/01 18:20:10",
        "logdata": "url"
    },
    {
        "logtime": "2019/07/01 18:20:10",
        "logdata": "http://apis.juhe.cn/ip/ip2addr?ip=182.83.154.159&key=74bb0395667b8d0588df9ebd6fc36a12"
    },
    {
        "logtime": "2019/07/01 18:20:10",
        "logdata": ""
    },
    {
        "logtime": "2019/07/01 18:20:10",
        "logdata": "url"
    },
    {
        "logtime": "2019/07/01 18:20:10",
        "logdata": "http://apis.juhe.cn/ip/ip2addr?ip=171.13.103.207&key=74bb0395667b8d0588df9ebd6fc36a12"
    },
    {
        "logtime": "2019/07/01 18:20:10",
        "logdata": ""
    },
    {
        "logtime": "2019/07/01 18:20:10",
        "logdata": "url"
    },
    {
        "logtime": "2019/07/01 18:20:10",
        "logdata": "http://apis.juhe.cn/ip/ip2addr?ip=222.36.23.121&key=74bb0395667b8d0588df9ebd6fc36a12"
    },
    {
        "logtime": "2019/07/01 18:20:10",
        "logdata": ""
    },
    {
        "logtime": "2019/07/01 18:20:10",
        "logdata": "url"
    },
    {
        "logtime": "2019/07/01 18:20:10",
        "logdata": "http://apis.juhe.cn/ip/ip2addr?ip=121.76.164.187&key=74bb0395667b8d0588df9ebd6fc36a12"
    },
    {
        "logtime": "2019/07/01 18:20:10",
        "logdata": ""
    },
    {
        "logtime": "2019/07/01 18:20:10",
        "logdata": "url"
    },
    {
        "logtime": "2019/07/01 18:20:10",
        "logdata": "http://apis.juhe.cn/ip/ip2addr?ip=210.43.148.50&key=74bb0395667b8d0588df9ebd6fc36a12"
    },
    {
        "logtime": "2019/07/01 18:20:10",
        "logdata": ""
    },
    {
        "logtime": "2019/07/01 18:20:10",
        "logdata": "url"
    },
    {
        "logtime": "2019/07/01 18:20:10",
        "logdata": "http://apis.juhe.cn/ip/ip2addr?ip=61.236.68.157&key=74bb0395667b8d0588df9ebd6fc36a12"
    },
    {
        "logtime": "2019/07/01 18:20:10",
        "logdata": ""
    },
    {
        "logtime": "2019/07/01 18:20:10",
        "logdata": "url"
    },
    {
        "logtime": "2019/07/01 18:20:10",
        "logdata": "http://apis.juhe.cn/ip/ip2addr?ip=182.86.214.146&key=74bb0395667b8d0588df9ebd6fc36a12"
    },
    {
        "logtime": "2019/07/01 18:20:10",
        "logdata": ""
    },
    {
        "logtime": "2019/07/01 18:20:10",
        "logdata": "url"
    },
    {
        "logtime": "2019/07/01 18:20:10",
        "logdata": "http://apis.juhe.cn/ip/ip2addr?ip=182.84.126.152&key=74bb0395667b8d0588df9ebd6fc36a12"
    },
    {
        "logtime": "2019/07/01 18:20:10",
        "logdata": ""
    },
    {
        "logtime": "2019/07/01 18:20:10",
        "logdata": "url"
    },
    {
        "logtime": "2019/07/01 18:20:10",
        "logdata": "http://apis.juhe.cn/ip/ip2addr?ip=106.87.26.29&key=74bb0395667b8d0588df9ebd6fc36a12"
    },
    {
        "logtime": "2019/07/01 18:20:10",
        "logdata": ""
    },
    {
        "logtime": "2019/07/01 18:20:10",
        "logdata": "url"
    },
    {
        "logtime": "2019/07/01 18:20:10",
        "logdata": "http://apis.juhe.cn/ip/ip2addr?ip=58.23.48.188&key=74bb0395667b8d0588df9ebd6fc36a12"
    },
    {
        "logtime": "2019/07/01 18:20:10",
        "logdata": ""
    },
    {
        "logtime": "2019/07/01 18:20:10",
        "logdata": "url"
    },
    {
        "logtime": "2019/07/01 18:20:10",
        "logdata": "http://apis.juhe.cn/ip/ip2addr?ip=210.39.75.103&key=74bb0395667b8d0588df9ebd6fc36a12"
    },
    {
        "logtime": "2019/07/01 18:20:11",
        "logdata": ""
    },
    {
        "logtime": "2019/07/01 18:20:11",
        "logdata": "url"
    },
    {
        "logtime": "2019/07/01 18:20:11",
        "logdata": "http://apis.juhe.cn/ip/ip2addr?ip=171.10.101.123&key=74bb0395667b8d0588df9ebd6fc36a12"
    },
    {
        "logtime": "2019/07/01 18:20:11",
        "logdata": ""
    },
    {
        "logtime": "2019/07/01 18:20:11",
        "logdata": "url"
    },
    {
        "logtime": "2019/07/01 18:20:11",
        "logdata": "http://apis.juhe.cn/ip/ip2addr?ip=121.77.149.66&key=74bb0395667b8d0588df9ebd6fc36a12"
    },
    {
        "logtime": "2019/07/01 18:20:11",
        "logdata": ""
    },
    {
        "logtime": "2019/07/01 18:20:11",
        "logdata": "url"
    },
    {
        "logtime": "2019/07/01 18:20:11",
        "logdata": "http://apis.juhe.cn/ip/ip2addr?ip=171.8.181.182&key=74bb0395667b8d0588df9ebd6fc36a12"
    },
    {
        "logtime": "2019/07/01 18:20:11",
        "logdata": ""
    },
    {
        "logtime": "2019/07/01 18:20:11",
        "logdata": "url"
    },
    {
        "logtime": "2019/07/01 18:20:11",
        "logdata": "http://apis.juhe.cn/ip/ip2addr?ip=121.77.176.76&key=74bb0395667b8d0588df9ebd6fc36a12"
    },
    {
        "logtime": "2019/07/01 18:20:11",
        "logdata": ""
    },
    {
        "logtime": "2019/07/01 18:20:11",
        "logdata": "url"
    },
    {
        "logtime": "2019/07/01 18:20:11",
        "logdata": "http://apis.juhe.cn/ip/ip2addr?ip=123.235.62.123&key=74bb0395667b8d0588df9ebd6fc36a12"
    },
    {
        "logtime": "2019/07/01 18:20:11",
        "logdata": ""
    },
    {
        "logtime": "2019/07/01 18:20:11",
        "logdata": "url"
    },
    {
        "logtime": "2019/07/01 18:20:11",
        "logdata": "http://apis.juhe.cn/ip/ip2addr?ip=123.233.34.193&key=74bb0395667b8d0588df9ebd6fc36a12"
    },
    {
        "logtime": "2019/07/01 18:20:11",
        "logdata": ""
    },
    {
        "logtime": "2019/07/01 18:20:11",
        "logdata": "url"
    },
    {
        "logtime": "2019/07/01 18:20:11",
        "logdata": "http://apis.juhe.cn/ip/ip2addr?ip=123.235.135.111&key=74bb0395667b8d0588df9ebd6fc36a12"
    },
    {
        "logtime": "2019/07/01 18:20:11",
        "logdata": ""
    },
    {
        "logtime": "2019/07/01 18:20:11",
        "logdata": "url"
    },
    {
        "logtime": "2019/07/01 18:20:11",
        "logdata": "http://apis.juhe.cn/ip/ip2addr?ip=139.204.194.213&key=74bb0395667b8d0588df9ebd6fc36a12"
    },
    {
        "logtime": "2019/07/01 18:20:11",
        "logdata": ""
    },
    {
        "logtime": "2019/07/01 18:20:11",
        "logdata": "url"
    },
    {
        "logtime": "2019/07/01 18:20:11",
        "logdata": "http://apis.juhe.cn/ip/ip2addr?ip=121.77.183.104&key=74bb0395667b8d0588df9ebd6fc36a12"
    },
    {
        "logtime": "2019/07/01 18:20:11",
        "logdata": ""
    },
    {
        "logtime": "2019/07/01 18:20:11",
        "logdata": "url"
    },
    {
        "logtime": "2019/07/01 18:20:11",
        "logdata": "http://apis.juhe.cn/ip/ip2addr?ip=61.234.162.24&key=74bb0395667b8d0588df9ebd6fc36a12"
    },
    {
        "logtime": "2019/07/01 18:20:11",
        "logdata": ""
    },
    {
        "logtime": "2019/07/01 18:20:11",
        "logdata": "url"
    },
    {
        "logtime": "2019/07/01 18:20:11",
        "logdata": "http://apis.juhe.cn/ip/ip2addr?ip=123.232.104.78&key=74bb0395667b8d0588df9ebd6fc36a12"
    },
    {
        "logtime": "2019/07/01 18:20:11",
        "logdata": ""
    },
    {
        "logtime": "2019/07/01 18:20:11",
        "logdata": "url"
    },
    {
        "logtime": "2019/07/01 18:20:11",
        "logdata": "http://apis.juhe.cn/ip/ip2addr?ip=182.84.111.230&key=74bb0395667b8d0588df9ebd6fc36a12"
    },
    {
        "logtime": "2019/07/01 18:20:11",
        "logdata": ""
    },
    {
        "logtime": "2019/07/01 18:20:11",
        "logdata": "url"
    },
    {
        "logtime": "2019/07/01 18:20:11",
        "logdata": "http://apis.juhe.cn/ip/ip2addr?ip=139.208.244.60&key=74bb0395667b8d0588df9ebd6fc36a12"
    },
    {
        "logtime": "2019/07/01 18:20:11",
        "logdata": ""
    },
    {
        "logtime": "2019/07/01 18:20:11",
        "logdata": "url"
    },
    {
        "logtime": "2019/07/01 18:20:11",
        "logdata": "http://apis.juhe.cn/ip/ip2addr?ip=171.8.254.115&key=74bb0395667b8d0588df9ebd6fc36a12"
    },
    {
        "logtime": "2019/07/01 18:20:11",
        "logdata": ""
    },
    {
        "logtime": "2019/07/01 18:20:11",
        "logdata": "url"
    },
    {
        "logtime": "2019/07/01 18:20:11",
        "logdata": "http://apis.juhe.cn/ip/ip2addr?ip=121.77.170.1&key=74bb0395667b8d0588df9ebd6fc36a12"
    },
    {
        "logtime": "2019/07/01 18:20:11",
        "logdata": ""
    },
    {
        "logtime": "2019/07/01 18:20:11",
        "logdata": "url"
    },
    {
        "logtime": "2019/07/01 18:20:11",
        "logdata": "http://apis.juhe.cn/ip/ip2addr?ip=106.83.115.183&key=74bb0395667b8d0588df9ebd6fc36a12"
    },
    {
        "logtime": "2019/07/01 18:20:11",
        "logdata": ""
    },
    {
        "logtime": "2019/07/01 18:20:11",
        "logdata": "url"
    },
    {
        "logtime": "2019/07/01 18:20:11",
        "logdata": "http://apis.juhe.cn/ip/ip2addr?ip=61.232.244.241&key=74bb0395667b8d0588df9ebd6fc36a12"
    },
    {
        "logtime": "2019/07/01 18:20:11",
        "logdata": ""
    },
    {
        "logtime": "2019/07/01 18:20:11",
        "logdata": "url"
    },
    {
        "logtime": "2019/07/01 18:20:11",
        "logdata": "http://apis.juhe.cn/ip/ip2addr?ip=61.236.68.157&key=74bb0395667b8d0588df9ebd6fc36a12"
    },
    {
        "logtime": "2019/07/01 18:20:11",
        "logdata": ""
    },
    {
        "logtime": "2019/07/01 18:20:11",
        "logdata": "url"
    },
    {
        "logtime": "2019/07/01 18:20:11",
        "logdata": "http://apis.juhe.cn/ip/ip2addr?ip=58.23.48.188&key=74bb0395667b8d0588df9ebd6fc36a12"
    },
    {
        "logtime": "2019/07/01 18:20:11",
        "logdata": ""
    },
    {
        "logtime": "2019/07/01 18:20:11",
        "logdata": "url"
    },
    {
        "logtime": "2019/07/01 18:20:11",
        "logdata": "http://apis.juhe.cn/ip/ip2addr?ip=182.88.115.145&key=74bb0395667b8d0588df9ebd6fc36a12"
    },
    {
        "logtime": "2019/07/01 18:20:11",
        "logdata": ""
    },
    {
        "logtime": "2019/07/01 18:20:11",
        "logdata": "url"
    },
    {
        "logtime": "2019/07/01 18:20:11",
        "logdata": "http://apis.juhe.cn/ip/ip2addr?ip=222.47.158.197&key=74bb0395667b8d0588df9ebd6fc36a12"
    },
    {
        "logtime": "2019/07/01 18:20:11",
        "logdata": ""
    },
    {
        "logtime": "2019/07/01 18:20:11",
        "logdata": "url"
    },
    {
        "logtime": "2019/07/01 18:20:11",
        "logdata": "http://apis.juhe.cn/ip/ip2addr?ip=106.82.46.141&key=74bb0395667b8d0588df9ebd6fc36a12"
    },
    {
        "logtime": "2019/07/01 18:20:11",
        "logdata": ""
    },
    {
        "logtime": "2019/07/01 18:20:11",
        "logdata": "url"
    },
    {
        "logtime": "2019/07/01 18:20:11",
        "logdata": "http://apis.juhe.cn/ip/ip2addr?ip=182.83.154.159&key=74bb0395667b8d0588df9ebd6fc36a12"
    },
    {
        "logtime": "2019/07/01 18:20:11",
        "logdata": ""
    },
    {
        "logtime": "2019/07/01 18:20:11",
        "logdata": "url"
    },
    {
        "logtime": "2019/07/01 18:20:11",
        "logdata": "http://apis.juhe.cn/ip/ip2addr?ip=222.36.23.121&key=74bb0395667b8d0588df9ebd6fc36a12"
    },
    {
        "logtime": "2019/07/01 18:20:11",
        "logdata": ""
    },
    {
        "logtime": "2019/07/01 18:20:11",
        "logdata": "url"
    },
    {
        "logtime": "2019/07/01 18:20:11",
        "logdata": "http://apis.juhe.cn/ip/ip2addr?ip=61.236.84.127&key=74bb0395667b8d0588df9ebd6fc36a12"
    },
    {
        "logtime": "2019/07/01 18:20:11",
        "logdata": ""
    },
    {
        "logtime": "2019/07/01 18:20:11",
        "logdata": "url"
    },
    {
        "logtime": "2019/07/01 18:20:11",
        "logdata": "http://apis.juhe.cn/ip/ip2addr?ip=139.213.104.19&key=74bb0395667b8d0588df9ebd6fc36a12"
    },
    {
        "logtime": "2019/07/01 18:20:11",
        "logdata": ""
    },
    {
        "logtime": "2019/07/01 18:20:11",
        "logdata": "url"
    },
    {
        "logtime": "2019/07/01 18:20:11",
        "logdata": "http://apis.juhe.cn/ip/ip2addr?ip=121.77.196.223&key=74bb0395667b8d0588df9ebd6fc36a12"
    },
    {
        "logtime": "2019/07/01 18:20:11",
        "logdata": ""
    },
    {
        "logtime": "2019/07/01 18:20:11",
        "logdata": "url"
    },
    {
        "logtime": "2019/07/01 18:20:11",
        "logdata": "http://apis.juhe.cn/ip/ip2addr?ip=182.82.153.89&key=74bb0395667b8d0588df9ebd6fc36a12"
    },
    {
        "logtime": "2019/07/01 18:20:11",
        "logdata": ""
    },
    {
        "logtime": "2019/07/01 18:20:12",
        "logdata": "url"
    },
    {
        "logtime": "2019/07/01 18:20:12",
        "logdata": "http://apis.juhe.cn/ip/ip2addr?ip=61.236.64.159&key=74bb0395667b8d0588df9ebd6fc36a12"
    },
    {
        "logtime": "2019/07/01 18:20:12",
        "logdata": ""
    },
    {
        "logtime": "2019/07/01 18:20:12",
        "logdata": "url"
    },
    {
        "logtime": "2019/07/01 18:20:12",
        "logdata": "http://apis.juhe.cn/ip/ip2addr?ip=182.84.126.152&key=74bb0395667b8d0588df9ebd6fc36a12"
    },
    {
        "logtime": "2019/07/01 18:20:12",
        "logdata": ""
    },
    {
        "logtime": "2019/07/01 18:20:12",
        "logdata": "url"
    },
    {
        "logtime": "2019/07/01 18:20:12",
        "logdata": "http://apis.juhe.cn/ip/ip2addr?ip=121.76.164.187&key=74bb0395667b8d0588df9ebd6fc36a12"
    },
    {
        "logtime": "2019/07/01 18:20:12",
        "logdata": ""
    },
    {
        "logtime": "2019/07/01 18:20:12",
        "logdata": "url"
    },
    {
        "logtime": "2019/07/01 18:20:12",
        "logdata": "http://apis.juhe.cn/ip/ip2addr?ip=36.56.70.186&key=74bb0395667b8d0588df9ebd6fc36a12"
    },
    {
        "logtime": "2019/07/01 18:20:12",
        "logdata": ""
    },
    {
        "logtime": "2019/07/01 18:20:12",
        "logdata": "url"
    },
    {
        "logtime": "2019/07/01 18:20:12",
        "logdata": "http://apis.juhe.cn/ip/ip2addr?ip=182.85.13.45&key=74bb0395667b8d0588df9ebd6fc36a12"
    },
    {
        "logtime": "2019/07/01 18:20:12",
        "logdata": ""
    },
    {
        "logtime": "2019/07/01 18:20:12",
        "logdata": "url"
    },
    {
        "logtime": "2019/07/01 18:20:12",
        "logdata": "http://apis.juhe.cn/ip/ip2addr?ip=210.43.148.50&key=74bb0395667b8d0588df9ebd6fc36a12"
    },
    {
        "logtime": "2019/07/01 18:20:12",
        "logdata": ""
    },
    {
        "logtime": "2019/07/01 18:20:12",
        "logdata": "url"
    },
    {
        "logtime": "2019/07/01 18:20:12",
        "logdata": "http://apis.juhe.cn/ip/ip2addr?ip=171.13.103.207&key=74bb0395667b8d0588df9ebd6fc36a12"
    },
    {
        "logtime": "2019/07/01 18:20:12",
        "logdata": ""
    },
    {
        "logtime": "2019/07/01 18:20:12",
        "logdata": {
            "_ServerResVersion": 6,
            "_Active": true,
            "_KindVersion": "101122049",
            "_KindType": 2,
            "_Module": "yule/redninebattle/",
            "_KindID": "109",
            "_Type": "yule",
            "nSitChair": 65535,
            "_KindName": "yule.redninebattle.",
            "nEnterRoomIndex": 1,
            "nSitTable": 65535,
            "_SortId": 12
        }
    },
    {
        "logtime": "2019/07/01 18:20:12",
        "logdata": "modulestr"
    },
    {
        "logtime": "2019/07/01 18:20:12",
        "logdata": "yule/redninebattle/"
    },
    {
        "logtime": "2019/07/01 18:20:12",
        "logdata": "url"
    },
    {
        "logtime": "2019/07/01 18:20:12",
        "logdata": "http://apis.juhe.cn/ip/ip2addr?ip=210.39.75.103&key=74bb0395667b8d0588df9ebd6fc36a12"
    },
    {
        "logtime": "2019/07/01 18:20:12",
        "logdata": ""
    },
    {
        "logtime": "2019/07/01 18:20:12",
        "logdata": "url"
    },
    {
        "logtime": "2019/07/01 18:20:12",
        "logdata": "http://apis.juhe.cn/ip/ip2addr?ip=121.77.176.76&key=74bb0395667b8d0588df9ebd6fc36a12"
    },
    {
        "logtime": "2019/07/01 18:20:12",
        "logdata": ""
    },
    {
        "logtime": "2019/07/01 18:20:12",
        "logdata": "url"
    },
    {
        "logtime": "2019/07/01 18:20:12",
        "logdata": "http://apis.juhe.cn/ip/ip2addr?ip=121.77.149.66&key=74bb0395667b8d0588df9ebd6fc36a12"
    },
    {
        "logtime": "2019/07/01 18:20:12",
        "logdata": ""
    },
    {
        "logtime": "2019/07/01 18:20:12",
        "logdata": "url"
    },
    {
        "logtime": "2019/07/01 18:20:12",
        "logdata": "http://apis.juhe.cn/ip/ip2addr?ip=121.77.183.104&key=74bb0395667b8d0588df9ebd6fc36a12"
    },
    {
        "logtime": "2019/07/01 18:20:12",
        "logdata": ""
    },
    {
        "logtime": "2019/07/01 18:20:12",
        "logdata": "url"
    },
    {
        "logtime": "2019/07/01 18:20:12",
        "logdata": "http://apis.juhe.cn/ip/ip2addr?ip=123.235.62.123&key=74bb0395667b8d0588df9ebd6fc36a12"
    },
    {
        "logtime": "2019/07/01 18:20:12",
        "logdata": ""
    },
    {
        "logtime": "2019/07/01 18:20:12",
        "logdata": "url"
    },
    {
        "logtime": "2019/07/01 18:20:12",
        "logdata": "http://apis.juhe.cn/ip/ip2addr?ip=171.8.254.115&key=74bb0395667b8d0588df9ebd6fc36a12"
    },
    {
        "logtime": "2019/07/01 18:20:12",
        "logdata": ""
    },
    {
        "logtime": "2019/07/01 18:20:12",
        "logdata": "url"
    },
    {
        "logtime": "2019/07/01 18:20:12",
        "logdata": "http://apis.juhe.cn/ip/ip2addr?ip=139.208.244.60&key=74bb0395667b8d0588df9ebd6fc36a12"
    },
    {
        "logtime": "2019/07/01 18:20:12",
        "logdata": ""
    },
    {
        "logtime": "2019/07/01 18:20:12",
        "logdata": "url"
    },
    {
        "logtime": "2019/07/01 18:20:12",
        "logdata": "http://apis.juhe.cn/ip/ip2addr?ip=182.84.126.152&key=74bb0395667b8d0588df9ebd6fc36a12"
    },
    {
        "logtime": "2019/07/01 18:20:12",
        "logdata": ""
    },
    {
        "logtime": "2019/07/01 18:20:12",
        "logdata": "url"
    },
    {
        "logtime": "2019/07/01 18:20:12",
        "logdata": "http://apis.juhe.cn/ip/ip2addr?ip=121.76.164.187&key=74bb0395667b8d0588df9ebd6fc36a12"
    },
    {
        "logtime": "2019/07/01 18:20:12",
        "logdata": ""
    },
    {
        "logtime": "2019/07/01 18:20:12",
        "logdata": "url"
    },
    {
        "logtime": "2019/07/01 18:20:12",
        "logdata": "http://apis.juhe.cn/ip/ip2addr?ip=182.82.153.89&key=74bb0395667b8d0588df9ebd6fc36a12"
    },
    {
        "logtime": "2019/07/01 18:20:12",
        "logdata": ""
    },
    {
        "logtime": "2019/07/01 18:20:12",
        "logdata": "url"
    },
    {
        "logtime": "2019/07/01 18:20:12",
        "logdata": "http://apis.juhe.cn/ip/ip2addr?ip=222.47.158.197&key=74bb0395667b8d0588df9ebd6fc36a12"
    },
    {
        "logtime": "2019/07/01 18:20:12",
        "logdata": ""
    },
    {
        "logtime": "2019/07/01 18:20:12",
        "logdata": "url"
    },
    {
        "logtime": "2019/07/01 18:20:12",
        "logdata": "http://apis.juhe.cn/ip/ip2addr?ip=210.27.3.21&key=74bb0395667b8d0588df9ebd6fc36a12"
    },
    {
        "logtime": "2019/07/01 18:20:12",
        "logdata": ""
    },
    {
        "logtime": "2019/07/01 18:20:12",
        "logdata": "url"
    },
    {
        "logtime": "2019/07/01 18:20:12",
        "logdata": "http://apis.juhe.cn/ip/ip2addr?ip=182.85.253.168&key=74bb0395667b8d0588df9ebd6fc36a12"
    },
    {
        "logtime": "2019/07/01 18:20:12",
        "logdata": ""
    },
    {
        "logtime": "2019/07/01 18:20:12",
        "logdata": "url"
    },
    {
        "logtime": "2019/07/01 18:20:12",
        "logdata": "http://apis.juhe.cn/ip/ip2addr?ip=123.232.139.239&key=74bb0395667b8d0588df9ebd6fc36a12"
    },
    {
        "logtime": "2019/07/01 18:20:12",
        "logdata": ""
    },
    {
        "logtime": "2019/07/01 18:20:12",
        "logdata": "url"
    },
    {
        "logtime": "2019/07/01 18:20:12",
        "logdata": "http://apis.juhe.cn/ip/ip2addr?ip=106.89.184.188&key=74bb0395667b8d0588df9ebd6fc36a12"
    },
    {
        "logtime": "2019/07/01 18:20:12",
        "logdata": ""
    },
    {
        "logtime": "2019/07/01 18:20:12",
        "logdata": "url"
    },
    {
        "logtime": "2019/07/01 18:20:12",
        "logdata": "http://apis.juhe.cn/ip/ip2addr?ip=182.92.21.107&key=74bb0395667b8d0588df9ebd6fc36a12"
    },
    {
        "logtime": "2019/07/01 18:20:12",
        "logdata": ""
    },
    {
        "logtime": "2019/07/01 18:20:12",
        "logdata": "url"
    },
    {
        "logtime": "2019/07/01 18:20:12",
        "logdata": "http://apis.juhe.cn/ip/ip2addr?ip=36.59.207.253&key=74bb0395667b8d0588df9ebd6fc36a12"
    },
    {
        "logtime": "2019/07/01 18:20:13",
        "logdata": ""
    },
    {
        "logtime": "2019/07/01 18:20:13",
        "logdata": "url"
    },
    {
        "logtime": "2019/07/01 18:20:13",
        "logdata": "http://apis.juhe.cn/ip/ip2addr?ip=123.233.114.27&key=74bb0395667b8d0588df9ebd6fc36a12"
    },
    {
        "logtime": "2019/07/01 18:20:13",
        "logdata": ""
    },
    {
        "logtime": "2019/07/01 18:20:13",
        "logdata": "url"
    },
    {
        "logtime": "2019/07/01 18:20:13",
        "logdata": "http://apis.juhe.cn/ip/ip2addr?ip=121.76.171.63&key=74bb0395667b8d0588df9ebd6fc36a12"
    },
    {
        "logtime": "2019/07/01 18:20:13",
        "logdata": ""
    },
    {
        "logtime": "2019/07/01 18:20:13",
        "logdata": "url"
    },
    {
        "logtime": "2019/07/01 18:20:13",
        "logdata": "http://apis.juhe.cn/ip/ip2addr?ip=182.85.246.141&key=74bb0395667b8d0588df9ebd6fc36a12"
    },
    {
        "logtime": "2019/07/01 18:20:13",
        "logdata": ""
    },
    {
        "logtime": "2019/07/01 18:20:13",
        "logdata": "url"
    },
    {
        "logtime": "2019/07/01 18:20:13",
        "logdata": "http://apis.juhe.cn/ip/ip2addr?ip=61.235.1.36&key=74bb0395667b8d0588df9ebd6fc36a12"
    },
    {
        "logtime": "2019/07/01 18:20:13",
        "logdata": ""
    },
    {
        "logtime": "2019/07/01 18:20:13",
        "logdata": "url"
    },
    {
        "logtime": "2019/07/01 18:20:13",
        "logdata": "http://apis.juhe.cn/ip/ip2addr?ip=61.232.191.237&key=74bb0395667b8d0588df9ebd6fc36a12"
    },
    {
        "logtime": "2019/07/01 18:20:13",
        "logdata": ""
    },
    {
        "logtime": "2019/07/01 18:20:13",
        "logdata": "url"
    },
    {
        "logtime": "2019/07/01 18:20:13",
        "logdata": "http://apis.juhe.cn/ip/ip2addr?ip=106.83.71.74&key=74bb0395667b8d0588df9ebd6fc36a12"
    },
    {
        "logtime": "2019/07/01 18:20:13",
        "logdata": ""
    },
    {
        "logtime": "2019/07/01 18:20:13",
        "logdata": "url"
    },
    {
        "logtime": "2019/07/01 18:20:13",
        "logdata": "http://apis.juhe.cn/ip/ip2addr?ip=123.232.104.74&key=74bb0395667b8d0588df9ebd6fc36a12"
    },
    {
        "logtime": "2019/07/01 18:20:13",
        "logdata": ""
    },
    {
        "logtime": "2019/07/01 18:20:13",
        "logdata": "url"
    },
    {
        "logtime": "2019/07/01 18:20:13",
        "logdata": "http://apis.juhe.cn/ip/ip2addr?ip=61.235.233.176&key=74bb0395667b8d0588df9ebd6fc36a12"
    },
    {
        "logtime": "2019/07/01 18:20:13",
        "logdata": ""
    },
    {
        "logtime": "2019/07/01 18:20:13",
        "logdata": "url"
    },
    {
        "logtime": "2019/07/01 18:20:13",
        "logdata": "http://apis.juhe.cn/ip/ip2addr?ip=139.211.185.78&key=74bb0395667b8d0588df9ebd6fc36a12"
    },
    {
        "logtime": "2019/07/01 18:20:13",
        "logdata": ""
    },
    {
        "logtime": "2019/07/01 18:20:13",
        "logdata": "url"
    },
    {
        "logtime": "2019/07/01 18:20:13",
        "logdata": "http://apis.juhe.cn/ip/ip2addr?ip=106.86.107.205&key=74bb0395667b8d0588df9ebd6fc36a12"
    },
    {
        "logtime": "2019/07/01 18:20:13",
        "logdata": ""
    },
    {
        "logtime": "2019/07/01 18:20:13",
        "logdata": "url"
    },
    {
        "logtime": "2019/07/01 18:20:13",
        "logdata": "http://apis.juhe.cn/ip/ip2addr?ip=61.234.72.58&key=74bb0395667b8d0588df9ebd6fc36a12"
    },
    {
        "logtime": "2019/07/01 18:20:13",
        "logdata": ""
    },
    {
        "logtime": "2019/07/01 18:20:13",
        "logdata": "url"
    },
    {
        "logtime": "2019/07/01 18:20:13",
        "logdata": "http://apis.juhe.cn/ip/ip2addr?ip=222.94.40.37&key=74bb0395667b8d0588df9ebd6fc36a12"
    },
    {
        "logtime": "2019/07/01 18:20:13",
        "logdata": ""
    },
    {
        "logtime": "2019/07/01 18:20:13",
        "logdata": "url"
    },
    {
        "logtime": "2019/07/01 18:20:13",
        "logdata": "http://apis.juhe.cn/ip/ip2addr?ip=210.46.56.26&key=74bb0395667b8d0588df9ebd6fc36a12"
    },
    {
        "logtime": "2019/07/01 18:20:13",
        "logdata": ""
    },
    {
        "logtime": "2019/07/01 18:20:13",
        "logdata": "url"
    },
    {
        "logtime": "2019/07/01 18:20:13",
        "logdata": "http://apis.juhe.cn/ip/ip2addr?ip=171.14.113.124&key=74bb0395667b8d0588df9ebd6fc36a12"
    },
    {
        "logtime": "2019/07/01 18:20:13",
        "logdata": ""
    },
    {
        "logtime": "2019/07/01 18:20:13",
        "logdata": "url"
    },
    {
        "logtime": "2019/07/01 18:20:13",
        "logdata": "http://apis.juhe.cn/ip/ip2addr?ip=171.15.134.156&key=74bb0395667b8d0588df9ebd6fc36a12"
    },
    {
        "logtime": "2019/07/01 18:20:13",
        "logdata": ""
    },
    {
        "logtime": "2019/07/01 18:20:13",
        "logdata": "url"
    },
    {
        "logtime": "2019/07/01 18:20:13",
        "logdata": "http://apis.juhe.cn/ip/ip2addr?ip=210.27.3.21&key=74bb0395667b8d0588df9ebd6fc36a12"
    },
    {
        "logtime": "2019/07/01 18:20:13",
        "logdata": ""
    },
    {
        "logtime": "2019/07/01 18:20:13",
        "logdata": "url"
    },
    {
        "logtime": "2019/07/01 18:20:13",
        "logdata": "http://apis.juhe.cn/ip/ip2addr?ip=123.232.139.239&key=74bb0395667b8d0588df9ebd6fc36a12"
    },
    {
        "logtime": "2019/07/01 18:20:13",
        "logdata": ""
    },
    {
        "logtime": "2019/07/01 18:20:13",
        "logdata": "url"
    },
    {
        "logtime": "2019/07/01 18:20:13",
        "logdata": "http://apis.juhe.cn/ip/ip2addr?ip=182.85.253.168&key=74bb0395667b8d0588df9ebd6fc36a12"
    },
    {
        "logtime": "2019/07/01 18:20:13",
        "logdata": ""
    },
    {
        "logtime": "2019/07/01 18:20:13",
        "logdata": "url"
    },
    {
        "logtime": "2019/07/01 18:20:13",
        "logdata": "http://apis.juhe.cn/ip/ip2addr?ip=123.233.114.27&key=74bb0395667b8d0588df9ebd6fc36a12"
    },
    {
        "logtime": "2019/07/01 18:20:13",
        "logdata": ""
    },
    {
        "logtime": "2019/07/01 18:20:13",
        "logdata": "url"
    },
    {
        "logtime": "2019/07/01 18:20:13",
        "logdata": "http://apis.juhe.cn/ip/ip2addr?ip=182.92.21.107&key=74bb0395667b8d0588df9ebd6fc36a12"
    },
    {
        "logtime": "2019/07/01 18:20:13",
        "logdata": ""
    },
    {
        "logtime": "2019/07/01 18:20:13",
        "logdata": "url"
    },
    {
        "logtime": "2019/07/01 18:20:13",
        "logdata": "http://apis.juhe.cn/ip/ip2addr?ip=182.85.246.141&key=74bb0395667b8d0588df9ebd6fc36a12"
    },
    {
        "logtime": "2019/07/01 18:20:13",
        "logdata": ""
    },
    {
        "logtime": "2019/07/01 18:20:14",
        "logdata": "url"
    },
    {
        "logtime": "2019/07/01 18:20:14",
        "logdata": "http://apis.juhe.cn/ip/ip2addr?ip=61.234.72.58&key=74bb0395667b8d0588df9ebd6fc36a12"
    },
    {
        "logtime": "2019/07/01 18:20:14",
        "logdata": ""
    },
    {
        "logtime": "2019/07/01 18:20:14",
        "logdata": "url"
    },
    {
        "logtime": "2019/07/01 18:20:14",
        "logdata": "http://apis.juhe.cn/ip/ip2addr?ip=210.46.56.26&key=74bb0395667b8d0588df9ebd6fc36a12"
    },
    {
        "logtime": "2019/07/01 18:20:14",
        "logdata": ""
    },
    {
        "logtime": "2019/07/01 18:20:14",
        "logdata": "url"
    },
    {
        "logtime": "2019/07/01 18:20:14",
        "logdata": "http://apis.juhe.cn/ip/ip2addr?ip=222.94.40.37&key=74bb0395667b8d0588df9ebd6fc36a12"
    },
    {
        "logtime": "2019/07/01 18:20:14",
        "logdata": ""
    },
    {
        "logtime": "2019/07/01 18:20:14",
        "logdata": "url"
    },
    {
        "logtime": "2019/07/01 18:20:14",
        "logdata": "http://apis.juhe.cn/ip/ip2addr?ip=106.83.71.74&key=74bb0395667b8d0588df9ebd6fc36a12"
    },
    {
        "logtime": "2019/07/01 18:20:14",
        "logdata": ""
    },
    {
        "logtime": "2019/07/01 18:20:16",
        "logdata": null
    },
    {
        "logtime": "2019/07/01 18:20:16",
        "logdata": "onEnterGame"
    },
    {
        "logtime": "2019/07/01 18:20:16",
        "logdata": {
            "_ServerResVersion": 10,
            "_Active": true,
            "_KindVersion": "101122049",
            "_KindType": 1,
            "_Module": "xiuxian/shuiguolaba/",
            "_KindID": "406",
            "_Type": "xiuxian",
            "_KindName": "xiuxian.shuiguolaba.",
            "_SortId": 0
        }
    },
    {
        "logtime": "2019/07/01 18:20:16",
        "logdata": "GlobalUserItem.getCurGameKind()"
    },
    {
        "logtime": "2019/07/01 18:20:16",
        "logdata": 406
    },
    {
        "logtime": "2019/07/01 18:20:18",
        "logdata": "url"
    },
    {
        "logtime": "2019/07/01 18:20:18",
        "logdata": "http://apis.juhe.cn/ip/ip2addr?ip=58.23.48.188&key=74bb0395667b8d0588df9ebd6fc36a12"
    },
    {
        "logtime": "2019/07/01 18:20:18",
        "logdata": ""
    },
    {
        "logtime": "2019/07/01 18:20:18",
        "logdata": "url"
    },
    {
        "logtime": "2019/07/01 18:20:18",
        "logdata": "http://apis.juhe.cn/ip/ip2addr?ip=58.23.48.188&key=74bb0395667b8d0588df9ebd6fc36a12"
    },
    {
        "logtime": "2019/07/01 18:20:18",
        "logdata": ""
    },
    {
        "logtime": "2019/07/01 18:20:18",
        "logdata": "url"
    },
    {
        "logtime": "2019/07/01 18:20:18",
        "logdata": "http://apis.juhe.cn/ip/ip2addr?ip=58.23.48.188&key=74bb0395667b8d0588df9ebd6fc36a12"
    },
    {
        "logtime": "2019/07/01 18:20:18",
        "logdata": ""
    },
    {
        "logtime": "2019/07/01 18:20:18",
        "logdata": "url"
    },
    {
        "logtime": "2019/07/01 18:20:18",
        "logdata": "http://apis.juhe.cn/ip/ip2addr?ip=58.23.48.188&key=74bb0395667b8d0588df9ebd6fc36a12"
    },
    {
        "logtime": "2019/07/01 18:20:18",
        "logdata": ""
    },
    {
        "logtime": "2019/07/01 18:20:18",
        "logdata": "url"
    },
    {
        "logtime": "2019/07/01 18:20:18",
        "logdata": "http://apis.juhe.cn/ip/ip2addr?ip=58.23.48.188&key=74bb0395667b8d0588df9ebd6fc36a12"
    },
    {
        "logtime": "2019/07/01 18:20:18",
        "logdata": ""
    },
    {
        "logtime": "2019/07/01 18:20:18",
        "logdata": "url"
    },
    {
        "logtime": "2019/07/01 18:20:18",
        "logdata": "http://apis.juhe.cn/ip/ip2addr?ip=58.23.48.188&key=74bb0395667b8d0588df9ebd6fc36a12"
    },
    {
        "logtime": "2019/07/01 18:20:18",
        "logdata": ""
    },
    {
        "logtime": "2019/07/01 18:20:18",
        "logdata": {
            "_ServerResVersion": 10,
            "_Active": true,
            "_KindVersion": "101122049",
            "_KindType": 1,
            "_Module": "xiuxian/shuiguolaba/",
            "_KindID": "406",
            "_Type": "xiuxian",
            "nSitChair": 65535,
            "_KindName": "xiuxian.shuiguolaba.",
            "nEnterRoomIndex": 1,
            "nSitTable": 65535,
            "_SortId": 0
        }
    },
    {
        "logtime": "2019/07/01 18:20:18",
        "logdata": "modulestr"
    },
    {
        "logtime": "2019/07/01 18:20:18",
        "logdata": "xiuxian/shuiguolaba/"
    }
]