[
    {
        "logtime": "2019/05/17 14:26:00",
        "logdata": "url"
    },
    {
        "logtime": "2019/05/17 14:26:00",
        "logdata": "http://www.fuannainc.top//WS/MobileInterface.ashx?action=GetMobileRollNotice"
    },
    {
        "logtime": "2019/05/17 14:26:00",
        "logdata": ""
    },
    {
        "logtime": "2019/05/17 14:26:03",
        "logdata": "url"
    },
    {
        "logtime": "2019/05/17 14:26:03",
        "logdata": "http://www.fuannainc.top//ws/MobileInterface.ashx"
    },
    {
        "logtime": "2019/05/17 14:26:03",
        "logdata": "action=getpaylist"
    },
    {
        "logtime": "2019/05/17 14:26:03",
        "logdata": "url"
    },
    {
        "logtime": "2019/05/17 14:26:03",
        "logdata": "http://www.fuannainc.top//WS/MobileInterface.ashx"
    },
    {
        "logtime": "2019/05/17 14:26:03",
        "logdata": "action=getagentpay"
    }
]