[
    {
        "logtime": "2019/08/08 17:27:44",
        "logdata": {
            "_ServerResVersion": 5,
            "_Active": true,
            "_KindVersion": "101122049",
            "_KindType": 1,
            "_Module": "yule/kpnew/",
            "_KindID": "28",
            "_Type": "yule",
            "nSitChair": 65535,
            "_KindName": "yule.kpnew.",
            "nEnterRoomIndex": 2,
            "nSitTable": 65535,
            "_SortId": 6
        }
    },
    {
        "logtime": "2019/08/08 17:27:44",
        "logdata": "modulestr"
    },
    {
        "logtime": "2019/08/08 17:27:44",
        "logdata": "yule/kpnew/"
    },
    {
        "logtime": "2019/08/08 17:27:44",
        "logdata": "keys2"
    },
    {
        "logtime": "2019/08/08 17:27:44",
        "logdata": "dword"
    },
    {
        "logtime": "2019/08/08 17:27:44",
        "logdata": "keys2"
    },
    {
        "logtime": "2019/08/08 17:27:44",
        "logdata": "dword"
    },
    {
        "logtime": "2019/08/08 17:27:44",
        "logdata": "keys2"
    },
    {
        "logtime": "2019/08/08 17:27:44",
        "logdata": "dword"
    },
    {
        "logtime": "2019/08/08 17:27:44",
        "logdata": "keys2"
    },
    {
        "logtime": "2019/08/08 17:27:44",
        "logdata": "dword"
    },
    {
        "logtime": "2019/08/08 17:27:44",
        "logdata": "keys2"
    },
    {
        "logtime": "2019/08/08 17:27:44",
        "logdata": "dword"
    },
    {
        "logtime": "2019/08/08 17:27:44",
        "logdata": "keys2"
    },
    {
        "logtime": "2019/08/08 17:27:44",
        "logdata": "score"
    },
    {
        "logtime": "2019/08/08 17:27:44",
        "logdata": "keys2"
    },
    {
        "logtime": "2019/08/08 17:27:44",
        "logdata": "score"
    },
    {
        "logtime": "2019/08/08 17:27:44",
        "logdata": "keys2"
    },
    {
        "logtime": "2019/08/08 17:27:44",
        "logdata": "string"
    },
    {
        "logtime": "2019/08/08 17:27:44",
        "logdata": "keys2"
    },
    {
        "logtime": "2019/08/08 17:27:44",
        "logdata": "byte"
    },
    {
        "logtime": "2019/08/08 17:27:44",
        "logdata": "keys2"
    },
    {
        "logtime": "2019/08/08 17:27:44",
        "logdata": "byte"
    }
]