[
    {
        "logtime": "2019/08/01 11:48:01",
        "logdata": 11
    },
    {
        "logtime": "2019/08/01 11:48:46",
        "logdata": "LogonScene.onceExcute"
    },
    {
        "logtime": "2019/08/01 11:48:46",
        "logdata": "http://www.fuannabbs.top/"
    },
    {
        "logtime": "2019/08/01 11:48:46",
        "logdata": "url"
    },
    {
        "logtime": "2019/08/01 11:48:46",
        "logdata": "http://www.fuannabbs.top//ws/MobileInterface.ashx?action=GetMobileLoginNotice"
    },
    {
        "logtime": "2019/08/01 11:48:46",
        "logdata": ""
    },
    {
        "logtime": "2019/08/01 11:48:49",
        "logdata": "onLogonCallBack"
    },
    {
        "logtime": "2019/08/01 11:48:49",
        "logdata": "http://www.fuannabbs.top/"
    },
    {
        "logtime": "2019/08/01 11:48:49",
        "logdata": "url"
    },
    {
        "logtime": "2019/08/01 11:48:49",
        "logdata": "http://www.fuannabbs.top//WS/MobileInterface.ashx"
    },
    {
        "logtime": "2019/08/01 11:48:49",
        "logdata": "action=GetMobileShareConfig&userid=119897&time=1564631329&signature=DA0D090CAE140CC7D7ED1386BD3E3628"
    },
    {
        "logtime": "2019/08/01 11:48:56",
        "logdata": "onLogonCallBack"
    },
    {
        "logtime": "2019/08/01 11:48:56",
        "logdata": "http://www.fuannabbs.top/"
    },
    {
        "logtime": "2019/08/01 11:48:56",
        "logdata": "url"
    },
    {
        "logtime": "2019/08/01 11:48:56",
        "logdata": "http://www.fuannabbs.top//WS/MobileInterface.ashx"
    },
    {
        "logtime": "2019/08/01 11:48:56",
        "logdata": "action=GetMobileShareConfig&userid=119901&time=1564631336&signature=6DEA4B91373A7B14460FDB3C815E5494"
    }
]