[
    {
        "logtime": "2019/05/22 19:09:51",
        "logdata": "LogonScene.onceExcute"
    },
    {
        "logtime": "2019/05/22 19:09:51",
        "logdata": "http://www.fuannainc.top/"
    },
    {
        "logtime": "2019/05/22 19:09:51",
        "logdata": "url"
    },
    {
        "logtime": "2019/05/22 19:09:51",
        "logdata": "http://www.fuannainc.top//ws/MobileInterface.ashx?action=GetMobileLoginNotice"
    },
    {
        "logtime": "2019/05/22 19:09:51",
        "logdata": ""
    },
    {
        "logtime": "2019/05/22 19:09:53",
        "logdata": "url"
    },
    {
        "logtime": "2019/05/22 19:09:53",
        "logdata": "http://apis.juhe.cn/ip/ip2addr?ip=183.53.106.122&key=74bb0395667b8d0588df9ebd6fc36a12"
    },
    {
        "logtime": "2019/05/22 19:09:53",
        "logdata": ""
    },
    {
        "logtime": "2019/05/22 19:09:53",
        "logdata": "onLogonCallBack"
    },
    {
        "logtime": "2019/05/22 19:09:53",
        "logdata": "http://www.fuannainc.top/"
    },
    {
        "logtime": "2019/05/22 19:09:53",
        "logdata": "url"
    },
    {
        "logtime": "2019/05/22 19:09:53",
        "logdata": "http://www.fuannainc.top//WS/MobileInterface.ashx"
    },
    {
        "logtime": "2019/05/22 19:09:53",
        "logdata": "action=GetMobileShareConfig&userid=119918&time=1558523393&signature=13D803BB9DAC230E87E62DBB1D527C22"
    },
    {
        "logtime": "2019/05/22 19:09:56",
        "logdata": "url"
    },
    {
        "logtime": "2019/05/22 19:09:56",
        "logdata": "http://www.fuannainc.top//WS/MobileInterface.ashx?action=GetMobileRollNotice"
    },
    {
        "logtime": "2019/05/22 19:09:56",
        "logdata": ""
    },
    {
        "logtime": "2019/05/22 19:09:56",
        "logdata": "url"
    },
    {
        "logtime": "2019/05/22 19:09:56",
        "logdata": "http://apis.juhe.cn/ip/ip2addr?ip=183.53.106.122&key=74bb0395667b8d0588df9ebd6fc36a12"
    },
    {
        "logtime": "2019/05/22 19:09:56",
        "logdata": ""
    },
    {
        "logtime": "2019/05/22 19:09:56",
        "logdata": "onLogonCallBack"
    },
    {
        "logtime": "2019/05/22 19:09:56",
        "logdata": "http://www.fuannainc.top/"
    },
    {
        "logtime": "2019/05/22 19:09:56",
        "logdata": "url"
    },
    {
        "logtime": "2019/05/22 19:09:56",
        "logdata": "http://www.fuannainc.top//WS/MobileInterface.ashx"
    },
    {
        "logtime": "2019/05/22 19:09:56",
        "logdata": "action=GetMobileShareConfig&userid=119921&time=1558523396&signature=D0B275B07E8D1DF81DB25CA64D664DC0"
    },
    {
        "logtime": "2019/05/22 19:09:57",
        "logdata": "url"
    },
    {
        "logtime": "2019/05/22 19:09:57",
        "logdata": "http://www.fuannainc.top//WS/MobileInterface.ashx?action=GetMobileRollNotice"
    },
    {
        "logtime": "2019/05/22 19:09:57",
        "logdata": ""
    }
]