[
    {
        "logtime": "2019/07/09 14:27:05",
        "logdata": "url"
    },
    {
        "logtime": "2019/07/09 14:27:05",
        "logdata": "http://www.fuannainc.top//WS/MobileInterface.ashx"
    },
    {
        "logtime": "2019/07/09 14:27:05",
        "logdata": "action=GetScoreInfo&userid=119891&time=1562653625&signature=0004C33EBAEB984F6FB9E4BD0D902F63"
    },
    {
        "logtime": "2019/07/09 14:27:06",
        "logdata": "keys2"
    },
    {
        "logtime": "2019/07/09 14:27:06",
        "logdata": "byte"
    },
    {
        "logtime": "2019/07/09 14:27:06",
        "logdata": "keys2"
    },
    {
        "logtime": "2019/07/09 14:27:06",
        "logdata": "word"
    },
    {
        "logtime": "2019/07/09 14:27:06",
        "logdata": "keys2"
    },
    {
        "logtime": "2019/07/09 14:27:06",
        "logdata": "word"
    },
    {
        "logtime": "2019/07/09 14:27:06",
        "logdata": "keys2"
    },
    {
        "logtime": "2019/07/09 14:27:06",
        "logdata": "word"
    },
    {
        "logtime": "2019/07/09 14:27:06",
        "logdata": "keys2"
    },
    {
        "logtime": "2019/07/09 14:27:06",
        "logdata": "word"
    },
    {
        "logtime": "2019/07/09 14:27:06",
        "logdata": "keys2"
    },
    {
        "logtime": "2019/07/09 14:27:06",
        "logdata": "double"
    },
    {
        "logtime": "2019/07/09 14:27:06",
        "logdata": "keys2"
    },
    {
        "logtime": "2019/07/09 14:27:06",
        "logdata": "double"
    },
    {
        "logtime": "2019/07/09 14:27:06",
        "logdata": "keys2"
    },
    {
        "logtime": "2019/07/09 14:27:06",
        "logdata": "double"
    },
    {
        "logtime": "2019/07/09 14:27:07",
        "logdata": "keys2"
    },
    {
        "logtime": "2019/07/09 14:27:07",
        "logdata": "string"
    },
    {
        "logtime": "2019/07/09 14:27:07",
        "logdata": "keys2"
    },
    {
        "logtime": "2019/07/09 14:27:07",
        "logdata": "string"
    },
    {
        "logtime": "2019/07/09 14:27:07",
        "logdata": "keys2"
    },
    {
        "logtime": "2019/07/09 14:27:07",
        "logdata": "double"
    },
    {
        "logtime": "2019/07/09 14:27:07",
        "logdata": "keys2"
    },
    {
        "logtime": "2019/07/09 14:27:07",
        "logdata": "string"
    },
    {
        "logtime": "2019/07/09 14:27:52",
        "logdata": "keys2"
    },
    {
        "logtime": "2019/07/09 14:27:52",
        "logdata": "byte"
    },
    {
        "logtime": "2019/07/09 14:27:52",
        "logdata": "keys2"
    },
    {
        "logtime": "2019/07/09 14:27:52",
        "logdata": "word"
    },
    {
        "logtime": "2019/07/09 14:27:52",
        "logdata": "keys2"
    },
    {
        "logtime": "2019/07/09 14:27:52",
        "logdata": "word"
    },
    {
        "logtime": "2019/07/09 14:27:52",
        "logdata": "keys2"
    },
    {
        "logtime": "2019/07/09 14:27:52",
        "logdata": "word"
    },
    {
        "logtime": "2019/07/09 14:27:52",
        "logdata": "keys2"
    },
    {
        "logtime": "2019/07/09 14:27:52",
        "logdata": "word"
    },
    {
        "logtime": "2019/07/09 14:27:52",
        "logdata": "keys2"
    },
    {
        "logtime": "2019/07/09 14:27:52",
        "logdata": "double"
    },
    {
        "logtime": "2019/07/09 14:27:52",
        "logdata": "keys2"
    },
    {
        "logtime": "2019/07/09 14:27:52",
        "logdata": "double"
    },
    {
        "logtime": "2019/07/09 14:27:52",
        "logdata": "keys2"
    },
    {
        "logtime": "2019/07/09 14:27:52",
        "logdata": "double"
    }
]