[
    {
        "logtime": "2019/05/13 16:31:16",
        "logdata": {}
    },
    {
        "logtime": "2019/05/13 16:31:28",
        "logdata": {}
    },
    {
        "logtime": "2019/05/13 16:31:36",
        "logdata": "url"
    },
    {
        "logtime": "2019/05/13 16:31:36",
        "logdata": "http://apis.juhe.cn/ip/ip2addr?ip=113.77.80.214&key=74bb0395667b8d0588df9ebd6fc36a12"
    },
    {
        "logtime": "2019/05/13 16:31:36",
        "logdata": ""
    },
    {
        "logtime": "2019/05/13 16:31:36",
        "logdata": "onLogonCallBack"
    },
    {
        "logtime": "2019/05/13 16:31:36",
        "logdata": "http://www.fuannainc.top/"
    },
    {
        "logtime": "2019/05/13 16:31:36",
        "logdata": "url"
    },
    {
        "logtime": "2019/05/13 16:31:36",
        "logdata": "http://www.fuannainc.top//WS/MobileInterface.ashx"
    },
    {
        "logtime": "2019/05/13 16:31:36",
        "logdata": "action=GetMobileShareConfig&userid=120779&time=1557736296&signature=234196AB47443B8A18771AC2869F1F1C"
    },
    {
        "logtime": "2019/05/13 16:31:39",
        "logdata": "url"
    },
    {
        "logtime": "2019/05/13 16:31:39",
        "logdata": "http://www.fuannainc.top//WS/MobileInterface.ashx?action=GetMobileRollNotice"
    },
    {
        "logtime": "2019/05/13 16:31:39",
        "logdata": ""
    }
]