[
    {
        "logtime": "2019/07/24 16:35:01",
        "logdata": "rto_earn_3url"
    },
    {
        "logtime": "2019/07/24 16:35:01",
        "logdata": "http://www.fuannabbs.top//Mobile/Spread/Describe.html"
    },
    "url=http://www.fuannabbs.top//Mobile/Spread/Describe.html",
    {
        "logtime": "2019/07/24 16:35:02",
        "logdata": "rto_earn_2url"
    },
    {
        "logtime": "2019/07/24 16:35:02",
        "logdata": "http://www.fuannabbs.top//Mobile/Spread/Info.html?userid=119939&signature=91AA8AA18E42C8710C94E830EA0F08F0&time=1563957302"
    },
    "url=http://www.fuannabbs.top//Mobile/Spread/Info.html?userid=119939&signature=91AA8AA18E42C8710C94E830EA0F08F0&time=1563957302",
    {
        "logtime": "2019/07/24 16:35:04",
        "logdata": "rto_earn_2url"
    },
    {
        "logtime": "2019/07/24 16:35:04",
        "logdata": "http://www.fuannabbs.top//Mobile/Spread/Info.html?userid=119939&signature=2C9B33FAE7A0632E8EBFC728F24FC13F&time=1563957304"
    },
    "url=http://www.fuannabbs.top//Mobile/Spread/Info.html?userid=119939&signature=2C9B33FAE7A0632E8EBFC728F24FC13F&time=1563957304"
]