[
    {
        "logtime": "2019/07/02 14:59:07",
        "logdata": "url"
    },
    {
        "logtime": "2019/07/02 14:59:07",
        "logdata": "http://apis.juhe.cn/ip/ip2addr?ip=58.23.48.188&key=74bb0395667b8d0588df9ebd6fc36a12"
    },
    {
        "logtime": "2019/07/02 14:59:07",
        "logdata": ""
    },
    {
        "logtime": "2019/07/02 14:59:21",
        "logdata": "LogonScene.onceExcute"
    },
    {
        "logtime": "2019/07/02 14:59:21",
        "logdata": "http://www.fuannainc.top/"
    },
    {
        "logtime": "2019/07/02 14:59:21",
        "logdata": "url"
    },
    {
        "logtime": "2019/07/02 14:59:21",
        "logdata": "http://www.fuannainc.top//ws/MobileInterface.ashx?action=GetMobileLoginNotice"
    },
    {
        "logtime": "2019/07/02 14:59:21",
        "logdata": ""
    }
]