[
    {
        "logtime": "2019/05/16 18:49:20",
        "logdata": "normal_to_agent_up"
    },
    {
        "logtime": "2019/05/16 18:49:23",
        "logdata": "url"
    },
    {
        "logtime": "2019/05/16 18:49:23",
        "logdata": "http://www.fuannabbs.top//ws/MobileInterface.ashx"
    },
    {
        "logtime": "2019/05/16 18:49:23",
        "logdata": "action=getpaylist"
    },
    {
        "logtime": "2019/05/16 18:49:23",
        "logdata": "url"
    },
    {
        "logtime": "2019/05/16 18:49:23",
        "logdata": "http://www.fuannabbs.top//WS/MobileInterface.ashx"
    },
    {
        "logtime": "2019/05/16 18:49:23",
        "logdata": "action=getagentpay"
    }
]