[
    {
        "logtime": "2019/07/04 18:53:11",
        "logdata": "LogonScene.onceExcute"
    },
    {
        "logtime": "2019/07/04 18:53:11",
        "logdata": "http://www.fuannainc.top/"
    },
    {
        "logtime": "2019/07/04 18:53:11",
        "logdata": "url"
    },
    {
        "logtime": "2019/07/04 18:53:11",
        "logdata": "http://www.fuannainc.top//ws/MobileInterface.ashx?action=GetMobileLoginNotice"
    },
    {
        "logtime": "2019/07/04 18:53:11",
        "logdata": ""
    },
    {
        "logtime": "2019/07/04 18:53:13",
        "logdata": "url"
    },
    {
        "logtime": "2019/07/04 18:53:13",
        "logdata": "http://apis.juhe.cn/ip/ip2addr?ip=58.23.49.18&key=74bb0395667b8d0588df9ebd6fc36a12"
    },
    {
        "logtime": "2019/07/04 18:53:13",
        "logdata": ""
    },
    {
        "logtime": "2019/07/04 18:53:13",
        "logdata": "onLogonCallBack"
    },
    {
        "logtime": "2019/07/04 18:53:13",
        "logdata": "http://www.fuannainc.top/"
    },
    {
        "logtime": "2019/07/04 18:53:13",
        "logdata": "url"
    },
    {
        "logtime": "2019/07/04 18:53:13",
        "logdata": "http://www.fuannainc.top//WS/MobileInterface.ashx"
    },
    {
        "logtime": "2019/07/04 18:53:13",
        "logdata": "action=GetMobileShareConfig&userid=120188&time=1562237593&signature=6A2D11BA2034F26036060FEE282EF393"
    },
    {
        "logtime": "2019/07/04 18:53:15",
        "logdata": "url"
    },
    {
        "logtime": "2019/07/04 18:53:15",
        "logdata": "http://www.fuannainc.top//WS/MobileInterface.ashx?action=GetMobileRollNotice"
    },
    {
        "logtime": "2019/07/04 18:53:15",
        "logdata": ""
    },
    {
        "logtime": "2019/07/04 18:53:19",
        "logdata": "url"
    },
    {
        "logtime": "2019/07/04 18:53:19",
        "logdata": "http://www.fuannainc.top//WS/Account.ashx"
    },
    {
        "logtime": "2019/07/04 18:53:19",
        "logdata": "action=getchild&gameid=335538"
    },
    {
        "logtime": "2019/07/04 18:53:26",
        "logdata": "url"
    },
    {
        "logtime": "2019/07/04 18:53:26",
        "logdata": "http://www.fuannainc.top//WS/MobileInterface.ashx"
    },
    {
        "logtime": "2019/07/04 18:53:26",
        "logdata": "action=gettixianrecord&userid=120188&signature=ACC8F3EE800113A237DF573FE9A7B63A&time=1562237606&number=20&page=1"
    }
]