[
    {
        "logtime": "2019/07/08 19:13:00",
        "logdata": "onLogonCallBack"
    },
    {
        "logtime": "2019/07/08 19:13:00",
        "logdata": "http://www.fuannainc.top/"
    },
    {
        "logtime": "2019/07/08 19:13:00",
        "logdata": "url"
    },
    {
        "logtime": "2019/07/08 19:13:00",
        "logdata": "http://www.fuannainc.top//WS/MobileInterface.ashx"
    },
    {
        "logtime": "2019/07/08 19:13:00",
        "logdata": "action=GetMobileShareConfig&userid=119907&time=1562584380&signature=32F7E27D9B976590C8838D0CD833D205"
    },
    {
        "logtime": "2019/07/08 19:13:02",
        "logdata": "url"
    },
    {
        "logtime": "2019/07/08 19:13:02",
        "logdata": "http://www.fuannainc.top//WS/MobileInterface.ashx?action=GetMobileRollNotice"
    },
    {
        "logtime": "2019/07/08 19:13:02",
        "logdata": ""
    },
    {
        "logtime": "2019/07/08 19:13:05",
        "logdata": "keys2"
    },
    {
        "logtime": "2019/07/08 19:13:05",
        "logdata": "byte"
    },
    {
        "logtime": "2019/07/08 19:13:05",
        "logdata": "keys2"
    },
    {
        "logtime": "2019/07/08 19:13:05",
        "logdata": "word"
    },
    {
        "logtime": "2019/07/08 19:13:05",
        "logdata": "keys2"
    },
    {
        "logtime": "2019/07/08 19:13:05",
        "logdata": "word"
    },
    {
        "logtime": "2019/07/08 19:13:05",
        "logdata": "keys2"
    },
    {
        "logtime": "2019/07/08 19:13:05",
        "logdata": "word"
    },
    {
        "logtime": "2019/07/08 19:13:05",
        "logdata": "keys2"
    },
    {
        "logtime": "2019/07/08 19:13:05",
        "logdata": "word"
    },
    {
        "logtime": "2019/07/08 19:13:05",
        "logdata": "keys2"
    },
    {
        "logtime": "2019/07/08 19:13:05",
        "logdata": "double"
    },
    {
        "logtime": "2019/07/08 19:13:05",
        "logdata": "keys2"
    },
    {
        "logtime": "2019/07/08 19:13:05",
        "logdata": "double"
    },
    {
        "logtime": "2019/07/08 19:13:05",
        "logdata": "keys2"
    },
    {
        "logtime": "2019/07/08 19:13:05",
        "logdata": "double"
    },
    {
        "logtime": "2019/07/08 19:13:05",
        "logdata": "keys2"
    },
    {
        "logtime": "2019/07/08 19:13:05",
        "logdata": "string"
    },
    {
        "logtime": "2019/07/08 19:13:05",
        "logdata": "keys2"
    },
    {
        "logtime": "2019/07/08 19:13:05",
        "logdata": "string"
    },
    {
        "logtime": "2019/07/08 19:13:05",
        "logdata": "keys2"
    },
    {
        "logtime": "2019/07/08 19:13:05",
        "logdata": "double"
    },
    {
        "logtime": "2019/07/08 19:13:05",
        "logdata": "keys2"
    },
    {
        "logtime": "2019/07/08 19:13:05",
        "logdata": "string"
    }
]