[
    {
        "logtime": "2019/07/09 11:33:19",
        "logdata": "LogonScene.onceExcute"
    },
    {
        "logtime": "2019/07/09 11:33:19",
        "logdata": "http://www.fuannainc.top/"
    },
    {
        "logtime": "2019/07/09 11:33:19",
        "logdata": "url"
    },
    {
        "logtime": "2019/07/09 11:33:19",
        "logdata": "http://www.fuannainc.top//ws/MobileInterface.ashx?action=GetMobileLoginNotice"
    },
    {
        "logtime": "2019/07/09 11:33:19",
        "logdata": ""
    },
    {
        "logtime": "2019/07/09 11:33:21",
        "logdata": "onLogonCallBack"
    },
    {
        "logtime": "2019/07/09 11:33:21",
        "logdata": "http://www.fuannainc.top/"
    },
    {
        "logtime": "2019/07/09 11:33:21",
        "logdata": "url"
    },
    {
        "logtime": "2019/07/09 11:33:21",
        "logdata": "http://www.fuannainc.top//WS/MobileInterface.ashx"
    },
    {
        "logtime": "2019/07/09 11:33:21",
        "logdata": "action=GetMobileShareConfig&userid=119922&time=1562643201&signature=5AC4CCB9C2EC7C0E37ED327BB65854CE"
    },
    {
        "logtime": "2019/07/09 11:33:22",
        "logdata": "url"
    },
    {
        "logtime": "2019/07/09 11:33:22",
        "logdata": "http://www.fuannainc.top//WS/MobileInterface.ashx?action=GetMobileRollNotice"
    },
    {
        "logtime": "2019/07/09 11:33:22",
        "logdata": ""
    },
    {
        "logtime": "2019/07/09 11:33:26",
        "logdata": "keys2"
    },
    {
        "logtime": "2019/07/09 11:33:26",
        "logdata": "string"
    },
    {
        "logtime": "2019/07/09 11:33:26",
        "logdata": "keys2"
    },
    {
        "logtime": "2019/07/09 11:33:26",
        "logdata": "string"
    },
    {
        "logtime": "2019/07/09 11:33:26",
        "logdata": "keys2"
    },
    {
        "logtime": "2019/07/09 11:33:26",
        "logdata": "double"
    },
    {
        "logtime": "2019/07/09 11:33:26",
        "logdata": "keys2"
    },
    {
        "logtime": "2019/07/09 11:33:26",
        "logdata": "string"
    },
    {
        "logtime": "2019/07/09 11:33:26",
        "logdata": "keys2"
    },
    {
        "logtime": "2019/07/09 11:33:26",
        "logdata": "byte"
    },
    {
        "logtime": "2019/07/09 11:33:26",
        "logdata": "keys2"
    },
    {
        "logtime": "2019/07/09 11:33:26",
        "logdata": "word"
    },
    {
        "logtime": "2019/07/09 11:33:26",
        "logdata": "keys2"
    },
    {
        "logtime": "2019/07/09 11:33:26",
        "logdata": "word"
    },
    {
        "logtime": "2019/07/09 11:33:26",
        "logdata": "keys2"
    },
    {
        "logtime": "2019/07/09 11:33:26",
        "logdata": "word"
    },
    {
        "logtime": "2019/07/09 11:33:26",
        "logdata": "keys2"
    },
    {
        "logtime": "2019/07/09 11:33:26",
        "logdata": "word"
    },
    {
        "logtime": "2019/07/09 11:33:26",
        "logdata": "keys2"
    },
    {
        "logtime": "2019/07/09 11:33:26",
        "logdata": "double"
    },
    {
        "logtime": "2019/07/09 11:33:26",
        "logdata": "keys2"
    },
    {
        "logtime": "2019/07/09 11:33:26",
        "logdata": "double"
    },
    {
        "logtime": "2019/07/09 11:33:26",
        "logdata": "keys2"
    },
    {
        "logtime": "2019/07/09 11:33:26",
        "logdata": "double"
    }
]