[
    {
        "logtime": "2019/07/16 14:52:01",
        "logdata": "LogonScene.onceExcute"
    },
    {
        "logtime": "2019/07/16 14:52:01",
        "logdata": "http://www.fuannainc.top/"
    },
    {
        "logtime": "2019/07/16 14:52:01",
        "logdata": "url"
    },
    {
        "logtime": "2019/07/16 14:52:01",
        "logdata": "http://www.fuannainc.top//ws/MobileInterface.ashx?action=GetMobileLoginNotice"
    },
    {
        "logtime": "2019/07/16 14:52:01",
        "logdata": ""
    },
    {
        "logtime": "2019/07/16 14:52:04",
        "logdata": "onLogonCallBack"
    },
    {
        "logtime": "2019/07/16 14:52:04",
        "logdata": "http://www.fuannainc.top/"
    },
    {
        "logtime": "2019/07/16 14:52:04",
        "logdata": "url"
    },
    {
        "logtime": "2019/07/16 14:52:04",
        "logdata": "http://www.fuannainc.top//WS/MobileInterface.ashx"
    },
    {
        "logtime": "2019/07/16 14:52:04",
        "logdata": "action=GetMobileShareConfig&userid=119906&time=1563259924&signature=9912FBD3A801D5EB99DC5287A539BFF6"
    },
    {
        "logtime": "2019/07/16 14:52:05",
        "logdata": "url"
    },
    {
        "logtime": "2019/07/16 14:52:05",
        "logdata": "http://www.fuannainc.top//WS/MobileInterface.ashx?action=GetMobileRollNotice"
    },
    {
        "logtime": "2019/07/16 14:52:05",
        "logdata": ""
    },
    {
        "logtime": "2019/07/16 14:52:08",
        "logdata": null
    },
    {
        "logtime": "2019/07/16 14:52:08",
        "logdata": "onEnterGame"
    },
    {
        "logtime": "2019/07/16 14:52:08",
        "logdata": {
            "_ServerResVersion": 5,
            "_Active": true,
            "_KindVersion": "101122049",
            "_KindType": 1,
            "_Module": "yule/oxsixex/",
            "_KindID": "36",
            "_Type": "yule",
            "_KindName": "yule.oxsixex.",
            "_SortId": 8
        }
    },
    {
        "logtime": "2019/07/16 14:52:08",
        "logdata": "GlobalUserItem.getCurGameKind()"
    },
    {
        "logtime": "2019/07/16 14:52:08",
        "logdata": 36
    },
    {
        "logtime": "2019/07/16 14:52:10",
        "logdata": 11
    },
    {
        "logtime": "2019/07/16 14:52:10",
        "logdata": "onEnterGame"
    },
    {
        "logtime": "2019/07/16 14:52:10",
        "logdata": {
            "_ServerResVersion": 11,
            "_Active": true,
            "_KindVersion": "101122049",
            "_KindType": 2,
            "_Module": "qipai/landnoshuffle/",
            "_KindID": "202",
            "_Type": "qipai",
            "_KindName": "qipai.landnoshuffle.",
            "_SortId": 7
        }
    },
    {
        "logtime": "2019/07/16 14:52:10",
        "logdata": "GlobalUserItem.getCurGameKind()"
    },
    {
        "logtime": "2019/07/16 14:52:10",
        "logdata": 202
    },
    {
        "logtime": "2019/07/16 14:52:12",
        "logdata": {
            "_ServerResVersion": 11,
            "_Active": true,
            "_KindVersion": "101122049",
            "_KindType": 2,
            "_Module": "qipai/landnoshuffle/",
            "_KindID": "202",
            "_Type": "qipai",
            "nSitChair": 65535,
            "_KindName": "qipai.landnoshuffle.",
            "nEnterRoomIndex": 4,
            "nSitTable": 65535,
            "_SortId": 7
        }
    },
    {
        "logtime": "2019/07/16 14:52:12",
        "logdata": "modulestr"
    },
    {
        "logtime": "2019/07/16 14:52:12",
        "logdata": "qipai/landnoshuffle/"
    },
    {
        "logtime": "2019/07/16 14:52:23",
        "logdata": "LogonScene.onceExcute"
    },
    {
        "logtime": "2019/07/16 14:52:23",
        "logdata": "http://www.fuannainc.top/"
    },
    {
        "logtime": "2019/07/16 14:52:23",
        "logdata": "url"
    },
    {
        "logtime": "2019/07/16 14:52:23",
        "logdata": "http://www.fuannainc.top//ws/MobileInterface.ashx?action=GetMobileLoginNotice"
    },
    {
        "logtime": "2019/07/16 14:52:23",
        "logdata": ""
    },
    {
        "logtime": "2019/07/16 14:52:27",
        "logdata": "onLogonCallBack"
    },
    {
        "logtime": "2019/07/16 14:52:27",
        "logdata": "http://www.fuannainc.top/"
    },
    {
        "logtime": "2019/07/16 14:52:27",
        "logdata": "url"
    },
    {
        "logtime": "2019/07/16 14:52:27",
        "logdata": "http://www.fuannainc.top//WS/MobileInterface.ashx"
    },
    {
        "logtime": "2019/07/16 14:52:27",
        "logdata": "action=GetMobileShareConfig&userid=119938&time=1563259947&signature=C9DB8617EDA77940E76C58CA7364D97E"
    },
    {
        "logtime": "2019/07/16 14:52:29",
        "logdata": "url"
    },
    {
        "logtime": "2019/07/16 14:52:29",
        "logdata": "http://www.fuannainc.top//WS/MobileInterface.ashx?action=GetMobileRollNotice"
    },
    {
        "logtime": "2019/07/16 14:52:29",
        "logdata": ""
    },
    {
        "logtime": "2019/07/16 14:52:36",
        "logdata": 11
    },
    {
        "logtime": "2019/07/16 14:52:36",
        "logdata": "onEnterGame"
    },
    {
        "logtime": "2019/07/16 14:52:36",
        "logdata": {
            "_ServerResVersion": 11,
            "_Active": true,
            "_KindVersion": "101122049",
            "_KindType": 2,
            "_Module": "qipai/landnoshuffle/",
            "_KindID": "202",
            "_Type": "qipai",
            "_KindName": "qipai.landnoshuffle.",
            "_SortId": 7
        }
    },
    {
        "logtime": "2019/07/16 14:52:36",
        "logdata": "GlobalUserItem.getCurGameKind()"
    },
    {
        "logtime": "2019/07/16 14:52:36",
        "logdata": 202
    },
    {
        "logtime": "2019/07/16 14:52:38",
        "logdata": {
            "_ServerResVersion": 11,
            "_Active": true,
            "_KindVersion": "101122049",
            "_KindType": 2,
            "_Module": "qipai/landnoshuffle/",
            "_KindID": "202",
            "_Type": "qipai",
            "nSitChair": 65535,
            "_KindName": "qipai.landnoshuffle.",
            "nEnterRoomIndex": 3,
            "nSitTable": 65535,
            "_SortId": 7
        }
    },
    {
        "logtime": "2019/07/16 14:52:38",
        "logdata": "modulestr"
    },
    {
        "logtime": "2019/07/16 14:52:38",
        "logdata": "qipai/landnoshuffle/"
    }
]