[
    {
        "logtime": "2019/05/13 14:01:30",
        "logdata": "LogonScene.onceExcute"
    },
    {
        "logtime": "2019/05/13 14:01:30",
        "logdata": "http://www.fuannainc.top/"
    },
    {
        "logtime": "2019/05/13 14:01:31",
        "logdata": "url"
    },
    {
        "logtime": "2019/05/13 14:01:31",
        "logdata": "http://www.fuannainc.top//ws/MobileInterface.ashx?action=GetMobileLoginNotice"
    },
    {
        "logtime": "2019/05/13 14:01:31",
        "logdata": ""
    }
]