[
    {
        "logtime": "2019/07/09 11:17:02",
        "logdata": "LogonScene.onceExcute"
    },
    {
        "logtime": "2019/07/09 11:17:02",
        "logdata": "http://www.fuannainc.top/"
    },
    {
        "logtime": "2019/07/09 11:17:02",
        "logdata": "url"
    },
    {
        "logtime": "2019/07/09 11:17:02",
        "logdata": "http://www.fuannainc.top//ws/MobileInterface.ashx?action=GetMobileLoginNotice"
    },
    {
        "logtime": "2019/07/09 11:17:02",
        "logdata": ""
    },
    {
        "logtime": "2019/07/09 11:17:04",
        "logdata": "onLogonCallBack"
    },
    {
        "logtime": "2019/07/09 11:17:04",
        "logdata": "http://www.fuannainc.top/"
    },
    {
        "logtime": "2019/07/09 11:17:04",
        "logdata": "url"
    },
    {
        "logtime": "2019/07/09 11:17:04",
        "logdata": "http://www.fuannainc.top//WS/MobileInterface.ashx"
    },
    {
        "logtime": "2019/07/09 11:17:04",
        "logdata": "action=GetMobileShareConfig&userid=119944&time=1562642224&signature=738B0D44B7E9C3B8276839F9A48255F1"
    },
    {
        "logtime": "2019/07/09 11:17:06",
        "logdata": "url"
    },
    {
        "logtime": "2019/07/09 11:17:06",
        "logdata": "http://www.fuannainc.top//WS/MobileInterface.ashx?action=GetMobileRollNotice"
    },
    {
        "logtime": "2019/07/09 11:17:06",
        "logdata": ""
    },
    {
        "logtime": "2019/07/09 11:17:08",
        "logdata": "keys2"
    },
    {
        "logtime": "2019/07/09 11:17:08",
        "logdata": "byte"
    },
    {
        "logtime": "2019/07/09 11:17:08",
        "logdata": "keys2"
    },
    {
        "logtime": "2019/07/09 11:17:08",
        "logdata": "word"
    },
    {
        "logtime": "2019/07/09 11:17:08",
        "logdata": "keys2"
    },
    {
        "logtime": "2019/07/09 11:17:08",
        "logdata": "word"
    },
    {
        "logtime": "2019/07/09 11:17:08",
        "logdata": "keys2"
    },
    {
        "logtime": "2019/07/09 11:17:08",
        "logdata": "word"
    },
    {
        "logtime": "2019/07/09 11:17:08",
        "logdata": "keys2"
    },
    {
        "logtime": "2019/07/09 11:17:08",
        "logdata": "word"
    },
    {
        "logtime": "2019/07/09 11:17:08",
        "logdata": "keys2"
    },
    {
        "logtime": "2019/07/09 11:17:08",
        "logdata": "double"
    },
    {
        "logtime": "2019/07/09 11:17:08",
        "logdata": "keys2"
    },
    {
        "logtime": "2019/07/09 11:17:08",
        "logdata": "double"
    },
    {
        "logtime": "2019/07/09 11:17:08",
        "logdata": "keys2"
    },
    {
        "logtime": "2019/07/09 11:17:08",
        "logdata": "double"
    },
    {
        "logtime": "2019/07/09 11:17:08",
        "logdata": "keys2"
    },
    {
        "logtime": "2019/07/09 11:17:08",
        "logdata": "string"
    },
    {
        "logtime": "2019/07/09 11:17:08",
        "logdata": "keys2"
    },
    {
        "logtime": "2019/07/09 11:17:08",
        "logdata": "string"
    },
    {
        "logtime": "2019/07/09 11:17:08",
        "logdata": "keys2"
    },
    {
        "logtime": "2019/07/09 11:17:08",
        "logdata": "double"
    },
    {
        "logtime": "2019/07/09 11:17:08",
        "logdata": "keys2"
    },
    {
        "logtime": "2019/07/09 11:17:08",
        "logdata": "string"
    },
    {
        "logtime": "2019/07/09 11:17:49",
        "logdata": "LogonScene.onceExcute"
    },
    {
        "logtime": "2019/07/09 11:17:49",
        "logdata": "http://www.fuannainc.top/"
    },
    {
        "logtime": "2019/07/09 11:17:49",
        "logdata": "url"
    },
    {
        "logtime": "2019/07/09 11:17:49",
        "logdata": "http://www.fuannainc.top//ws/MobileInterface.ashx?action=GetMobileLoginNotice"
    },
    {
        "logtime": "2019/07/09 11:17:49",
        "logdata": ""
    },
    {
        "logtime": "2019/07/09 11:17:51",
        "logdata": "onLogonCallBack"
    },
    {
        "logtime": "2019/07/09 11:17:51",
        "logdata": "http://www.fuannainc.top/"
    },
    {
        "logtime": "2019/07/09 11:17:51",
        "logdata": "url"
    },
    {
        "logtime": "2019/07/09 11:17:51",
        "logdata": "http://www.fuannainc.top//WS/MobileInterface.ashx"
    },
    {
        "logtime": "2019/07/09 11:17:51",
        "logdata": "action=GetMobileShareConfig&userid=119936&time=1562642271&signature=3EADC4A64B020398E0418FAFEC618ABF"
    },
    {
        "logtime": "2019/07/09 11:17:53",
        "logdata": "url"
    },
    {
        "logtime": "2019/07/09 11:17:53",
        "logdata": "http://www.fuannainc.top//WS/MobileInterface.ashx?action=GetMobileRollNotice"
    },
    {
        "logtime": "2019/07/09 11:17:53",
        "logdata": ""
    },
    {
        "logtime": "2019/07/09 11:17:55",
        "logdata": "keys2"
    },
    {
        "logtime": "2019/07/09 11:17:55",
        "logdata": "byte"
    },
    {
        "logtime": "2019/07/09 11:17:55",
        "logdata": "keys2"
    },
    {
        "logtime": "2019/07/09 11:17:55",
        "logdata": "word"
    },
    {
        "logtime": "2019/07/09 11:17:55",
        "logdata": "keys2"
    },
    {
        "logtime": "2019/07/09 11:17:55",
        "logdata": "word"
    },
    {
        "logtime": "2019/07/09 11:17:55",
        "logdata": "keys2"
    },
    {
        "logtime": "2019/07/09 11:17:55",
        "logdata": "word"
    },
    {
        "logtime": "2019/07/09 11:17:55",
        "logdata": "keys2"
    },
    {
        "logtime": "2019/07/09 11:17:55",
        "logdata": "word"
    },
    {
        "logtime": "2019/07/09 11:17:55",
        "logdata": "keys2"
    },
    {
        "logtime": "2019/07/09 11:17:55",
        "logdata": "double"
    },
    {
        "logtime": "2019/07/09 11:17:55",
        "logdata": "keys2"
    },
    {
        "logtime": "2019/07/09 11:17:55",
        "logdata": "double"
    },
    {
        "logtime": "2019/07/09 11:17:55",
        "logdata": "keys2"
    },
    {
        "logtime": "2019/07/09 11:17:55",
        "logdata": "double"
    },
    {
        "logtime": "2019/07/09 11:17:55",
        "logdata": "keys2"
    },
    {
        "logtime": "2019/07/09 11:17:55",
        "logdata": "string"
    },
    {
        "logtime": "2019/07/09 11:17:55",
        "logdata": "keys2"
    },
    {
        "logtime": "2019/07/09 11:17:55",
        "logdata": "string"
    },
    {
        "logtime": "2019/07/09 11:17:55",
        "logdata": "keys2"
    },
    {
        "logtime": "2019/07/09 11:17:55",
        "logdata": "double"
    },
    {
        "logtime": "2019/07/09 11:17:55",
        "logdata": "keys2"
    },
    {
        "logtime": "2019/07/09 11:17:55",
        "logdata": "string"
    }
]