[
    {
        "logtime": "2009/01/01 06:13:23",
        "logdata": "LogonScene.onceExcute"
    },
    {
        "logtime": "2009/01/01 06:13:23",
        "logdata": "http://www.fuannainc.top/"
    },
    {
        "logtime": "2009/01/01 06:13:24",
        "logdata": "url"
    },
    {
        "logtime": "2009/01/01 06:13:24",
        "logdata": "http://www.fuannainc.top//ws/MobileInterface.ashx?action=GetMobileLoginNotice"
    },
    {
        "logtime": "2009/01/01 06:13:24",
        "logdata": ""
    },
    {
        "logtime": "2009/01/01 06:13:25",
        "logdata": "url"
    },
    {
        "logtime": "2009/01/01 06:13:25",
        "logdata": "http://apis.juhe.cn/ip/ip2addr?ip=113.77.80.95&key=74bb0395667b8d0588df9ebd6fc36a12"
    },
    {
        "logtime": "2009/01/01 06:13:25",
        "logdata": ""
    },
    {
        "logtime": "2009/01/01 06:13:25",
        "logdata": "onLogonCallBack"
    },
    {
        "logtime": "2009/01/01 06:13:25",
        "logdata": "http://www.fuannainc.top/"
    },
    {
        "logtime": "2009/01/01 06:13:25",
        "logdata": "url"
    },
    {
        "logtime": "2009/01/01 06:13:25",
        "logdata": "http://www.fuannainc.top//WS/MobileInterface.ashx"
    },
    {
        "logtime": "2009/01/01 06:13:25",
        "logdata": "action=GetMobileShareConfig&userid=119935&time=1230761605&signature=B4552EA9E040D92FD3F1AEA0A27E845D"
    },
    {
        "logtime": "2009/01/01 06:13:28",
        "logdata": "url"
    },
    {
        "logtime": "2009/01/01 06:13:28",
        "logdata": "http://www.fuannainc.top//WS/MobileInterface.ashx?action=GetMobileRollNotice"
    },
    {
        "logtime": "2009/01/01 06:13:28",
        "logdata": ""
    }
]