[
    {
        "logtime": "2019/07/03 11:25:09",
        "logdata": "url"
    },
    {
        "logtime": "2019/07/03 11:25:09",
        "logdata": "http://www.fuannainc.top//WS/MobileInterface.ashx"
    },
    {
        "logtime": "2019/07/03 11:25:09",
        "logdata": "action=GetScoreInfo&userid=120187&time=1562124309&signature=406DF598E806021B2C1DC7B59CC3170F"
    },
    {
        "logtime": "2019/07/03 11:25:14",
        "logdata": "LogonScene.onceExcute"
    },
    {
        "logtime": "2019/07/03 11:25:14",
        "logdata": "http://www.fuannainc.top/"
    },
    {
        "logtime": "2019/07/03 11:25:14",
        "logdata": "url"
    },
    {
        "logtime": "2019/07/03 11:25:14",
        "logdata": "http://www.fuannainc.top//ws/MobileInterface.ashx?action=GetMobileLoginNotice"
    },
    {
        "logtime": "2019/07/03 11:25:14",
        "logdata": ""
    },
    {
        "logtime": "2019/07/03 11:25:16",
        "logdata": "url"
    },
    {
        "logtime": "2019/07/03 11:25:16",
        "logdata": "http://apis.juhe.cn/ip/ip2addr?ip=58.23.48.188&key=74bb0395667b8d0588df9ebd6fc36a12"
    },
    {
        "logtime": "2019/07/03 11:25:16",
        "logdata": ""
    },
    {
        "logtime": "2019/07/03 11:25:16",
        "logdata": "onLogonCallBack"
    },
    {
        "logtime": "2019/07/03 11:25:16",
        "logdata": "http://www.fuannainc.top/"
    },
    {
        "logtime": "2019/07/03 11:25:16",
        "logdata": "url"
    },
    {
        "logtime": "2019/07/03 11:25:16",
        "logdata": "http://www.fuannainc.top//WS/MobileInterface.ashx"
    },
    {
        "logtime": "2019/07/03 11:25:16",
        "logdata": "action=GetMobileShareConfig&userid=120187&time=1562124316&signature=52AD7FD2E0EFC3694DAAECC395AFB546"
    },
    {
        "logtime": "2019/07/03 11:25:18",
        "logdata": "url"
    },
    {
        "logtime": "2019/07/03 11:25:18",
        "logdata": "http://www.fuannainc.top//WS/MobileInterface.ashx?action=GetMobileRollNotice"
    },
    {
        "logtime": "2019/07/03 11:25:18",
        "logdata": ""
    },
    {
        "logtime": "2019/07/03 11:25:21",
        "logdata": null
    },
    {
        "logtime": "2019/07/03 11:25:21",
        "logdata": "onEnterGame"
    },
    {
        "logtime": "2019/07/03 11:25:21",
        "logdata": {
            "_ServerResVersion": 10,
            "_Active": true,
            "_KindVersion": "101122049",
            "_KindType": 1,
            "_Module": "xiuxian/shuiguolaba/",
            "_KindID": "406",
            "_Type": "xiuxian",
            "_KindName": "xiuxian.shuiguolaba.",
            "_SortId": 0
        }
    },
    {
        "logtime": "2019/07/03 11:25:21",
        "logdata": "GlobalUserItem.getCurGameKind()"
    },
    {
        "logtime": "2019/07/03 11:25:21",
        "logdata": 406
    },
    {
        "logtime": "2019/07/03 11:25:22",
        "logdata": "url"
    },
    {
        "logtime": "2019/07/03 11:25:22",
        "logdata": "http://apis.juhe.cn/ip/ip2addr?ip=58.23.48.188&key=74bb0395667b8d0588df9ebd6fc36a12"
    },
    {
        "logtime": "2019/07/03 11:25:22",
        "logdata": ""
    },
    {
        "logtime": "2019/07/03 11:25:22",
        "logdata": "url"
    },
    {
        "logtime": "2019/07/03 11:25:22",
        "logdata": "http://apis.juhe.cn/ip/ip2addr?ip=58.23.48.188&key=74bb0395667b8d0588df9ebd6fc36a12"
    },
    {
        "logtime": "2019/07/03 11:25:22",
        "logdata": ""
    },
    {
        "logtime": "2019/07/03 11:25:22",
        "logdata": "url"
    },
    {
        "logtime": "2019/07/03 11:25:22",
        "logdata": "http://apis.juhe.cn/ip/ip2addr?ip=58.23.48.188&key=74bb0395667b8d0588df9ebd6fc36a12"
    },
    {
        "logtime": "2019/07/03 11:25:22",
        "logdata": ""
    },
    {
        "logtime": "2019/07/03 11:25:22",
        "logdata": "url"
    },
    {
        "logtime": "2019/07/03 11:25:22",
        "logdata": "http://apis.juhe.cn/ip/ip2addr?ip=58.23.48.188&key=74bb0395667b8d0588df9ebd6fc36a12"
    },
    {
        "logtime": "2019/07/03 11:25:22",
        "logdata": ""
    },
    {
        "logtime": "2019/07/03 11:25:22",
        "logdata": {
            "_ServerResVersion": 10,
            "_Active": true,
            "_KindVersion": "101122049",
            "_KindType": 1,
            "_Module": "xiuxian/shuiguolaba/",
            "_KindID": "406",
            "_Type": "xiuxian",
            "nSitChair": 65535,
            "_KindName": "xiuxian.shuiguolaba.",
            "nEnterRoomIndex": 1,
            "nSitTable": 65535,
            "_SortId": 0
        }
    },
    {
        "logtime": "2019/07/03 11:25:22",
        "logdata": "modulestr"
    },
    {
        "logtime": "2019/07/03 11:25:22",
        "logdata": "xiuxian/shuiguolaba/"
    },
    {
        "logtime": "2019/07/03 11:25:34",
        "logdata": "[string \".\\game/xiuxian/shuiguolaba/src/views/layer/Ga...\"]:964: attempt to compare number with nil\nstack traceback:\n\t[string \".\\game/xiuxian/shuiguolaba/src/views/layer/Ga...\"]:176: in function <[string \".\\game/xiuxian/shuiguolaba/src/views/layer/Ga...\"]:167>"
    },
    {
        "logtime": "2019/07/03 11:25:39",
        "logdata": "LogonScene.onceExcute"
    },
    {
        "logtime": "2019/07/03 11:25:39",
        "logdata": "http://www.fuannainc.top/"
    },
    {
        "logtime": "2019/07/03 11:25:39",
        "logdata": "url"
    },
    {
        "logtime": "2019/07/03 11:25:39",
        "logdata": "http://www.fuannainc.top//ws/MobileInterface.ashx?action=GetMobileLoginNotice"
    },
    {
        "logtime": "2019/07/03 11:25:39",
        "logdata": ""
    },
    {
        "logtime": "2019/07/03 11:25:41",
        "logdata": "url"
    },
    {
        "logtime": "2019/07/03 11:25:41",
        "logdata": "http://apis.juhe.cn/ip/ip2addr?ip=58.23.48.188&key=74bb0395667b8d0588df9ebd6fc36a12"
    },
    {
        "logtime": "2019/07/03 11:25:41",
        "logdata": ""
    },
    {
        "logtime": "2019/07/03 11:25:41",
        "logdata": "onLogonCallBack"
    },
    {
        "logtime": "2019/07/03 11:25:41",
        "logdata": "http://www.fuannainc.top/"
    },
    {
        "logtime": "2019/07/03 11:25:41",
        "logdata": "url"
    },
    {
        "logtime": "2019/07/03 11:25:41",
        "logdata": "http://www.fuannainc.top//WS/MobileInterface.ashx"
    },
    {
        "logtime": "2019/07/03 11:25:41",
        "logdata": "action=GetMobileShareConfig&userid=120187&time=1562124341&signature=1A9A12BDA0A875C04BD1840B5086A476"
    },
    {
        "logtime": "2019/07/03 11:25:43",
        "logdata": "url"
    },
    {
        "logtime": "2019/07/03 11:25:43",
        "logdata": "http://www.fuannainc.top//WS/MobileInterface.ashx?action=GetMobileRollNotice"
    },
    {
        "logtime": "2019/07/03 11:25:43",
        "logdata": ""
    },
    {
        "logtime": "2019/07/03 11:25:44",
        "logdata": "url"
    },
    {
        "logtime": "2019/07/03 11:25:44",
        "logdata": "http://apis.juhe.cn/ip/ip2addr?ip=58.23.48.188&key=74bb0395667b8d0588df9ebd6fc36a12"
    },
    {
        "logtime": "2019/07/03 11:25:44",
        "logdata": ""
    },
    {
        "logtime": "2019/07/03 11:25:44",
        "logdata": "url"
    },
    {
        "logtime": "2019/07/03 11:25:44",
        "logdata": "http://apis.juhe.cn/ip/ip2addr?ip=58.23.48.188&key=74bb0395667b8d0588df9ebd6fc36a12"
    },
    {
        "logtime": "2019/07/03 11:25:44",
        "logdata": ""
    },
    {
        "logtime": "2019/07/03 11:25:44",
        "logdata": "url"
    },
    {
        "logtime": "2019/07/03 11:25:44",
        "logdata": "http://apis.juhe.cn/ip/ip2addr?ip=58.23.48.188&key=74bb0395667b8d0588df9ebd6fc36a12"
    },
    {
        "logtime": "2019/07/03 11:25:44",
        "logdata": ""
    },
    {
        "logtime": "2019/07/03 11:25:44",
        "logdata": "url"
    },
    {
        "logtime": "2019/07/03 11:25:44",
        "logdata": "http://apis.juhe.cn/ip/ip2addr?ip=58.23.48.188&key=74bb0395667b8d0588df9ebd6fc36a12"
    },
    {
        "logtime": "2019/07/03 11:25:44",
        "logdata": ""
    },
    {
        "logtime": "2019/07/03 11:25:45",
        "logdata": {
            "_ServerResVersion": 10,
            "_Active": true,
            "_KindVersion": "101122049",
            "_KindType": 1,
            "_Module": "xiuxian/shuiguolaba/",
            "_KindID": "406",
            "_Type": "xiuxian",
            "_KindName": "xiuxian.shuiguolaba.",
            "nEnterRoomIndex": 1,
            "_SortId": 0
        }
    },
    {
        "logtime": "2019/07/03 11:25:45",
        "logdata": "modulestr"
    },
    {
        "logtime": "2019/07/03 11:25:45",
        "logdata": "xiuxian/shuiguolaba/"
    },
    {
        "logtime": "2019/07/03 11:25:52",
        "logdata": null
    },
    {
        "logtime": "2019/07/03 11:25:52",
        "logdata": "onEnterGame"
    },
    {
        "logtime": "2019/07/03 11:25:52",
        "logdata": {
            "_ServerResVersion": 10,
            "_Active": true,
            "_KindVersion": "101122049",
            "_KindType": 1,
            "_Module": "xiuxian/shuiguolaba/",
            "_KindID": "406",
            "_Type": "xiuxian",
            "_KindName": "xiuxian.shuiguolaba.",
            "nEnterRoomIndex": 1,
            "_SortId": 0
        }
    },
    {
        "logtime": "2019/07/03 11:25:52",
        "logdata": "GlobalUserItem.getCurGameKind()"
    },
    {
        "logtime": "2019/07/03 11:25:52",
        "logdata": 406
    },
    {
        "logtime": "2019/07/03 11:25:53",
        "logdata": "url"
    },
    {
        "logtime": "2019/07/03 11:25:53",
        "logdata": "http://apis.juhe.cn/ip/ip2addr?ip=58.23.48.188&key=74bb0395667b8d0588df9ebd6fc36a12"
    },
    {
        "logtime": "2019/07/03 11:25:53",
        "logdata": ""
    },
    {
        "logtime": "2019/07/03 11:25:53",
        "logdata": "url"
    },
    {
        "logtime": "2019/07/03 11:25:53",
        "logdata": "http://apis.juhe.cn/ip/ip2addr?ip=58.23.48.188&key=74bb0395667b8d0588df9ebd6fc36a12"
    },
    {
        "logtime": "2019/07/03 11:25:53",
        "logdata": ""
    },
    {
        "logtime": "2019/07/03 11:25:53",
        "logdata": "url"
    },
    {
        "logtime": "2019/07/03 11:25:53",
        "logdata": "http://apis.juhe.cn/ip/ip2addr?ip=58.23.48.188&key=74bb0395667b8d0588df9ebd6fc36a12"
    },
    {
        "logtime": "2019/07/03 11:25:53",
        "logdata": ""
    },
    {
        "logtime": "2019/07/03 11:25:53",
        "logdata": "url"
    },
    {
        "logtime": "2019/07/03 11:25:53",
        "logdata": "http://apis.juhe.cn/ip/ip2addr?ip=58.23.48.188&key=74bb0395667b8d0588df9ebd6fc36a12"
    },
    {
        "logtime": "2019/07/03 11:25:53",
        "logdata": ""
    },
    {
        "logtime": "2019/07/03 11:25:53",
        "logdata": {
            "_ServerResVersion": 10,
            "_Active": true,
            "_KindVersion": "101122049",
            "_KindType": 1,
            "_Module": "xiuxian/shuiguolaba/",
            "_KindID": "406",
            "_Type": "xiuxian",
            "nSitChair": 65535,
            "_KindName": "xiuxian.shuiguolaba.",
            "nEnterRoomIndex": 1,
            "nSitTable": 65535,
            "_SortId": 0
        }
    },
    {
        "logtime": "2019/07/03 11:25:53",
        "logdata": "modulestr"
    },
    {
        "logtime": "2019/07/03 11:25:53",
        "logdata": "xiuxian/shuiguolaba/"
    }
]