[
    {
        "logtime": "2019/05/22 17:51:26",
        "logdata": "LogonScene.onceExcute"
    },
    {
        "logtime": "2019/05/22 17:51:26",
        "logdata": "http://www.fuannainc.top/"
    },
    {
        "logtime": "2019/05/22 17:51:27",
        "logdata": "url"
    },
    {
        "logtime": "2019/05/22 17:51:27",
        "logdata": "http://www.fuannainc.top//ws/MobileInterface.ashx?action=GetMobileLoginNotice"
    },
    {
        "logtime": "2019/05/22 17:51:27",
        "logdata": ""
    },
    {
        "logtime": "2019/05/22 17:51:28",
        "logdata": "url"
    },
    {
        "logtime": "2019/05/22 17:51:28",
        "logdata": "http://apis.juhe.cn/ip/ip2addr?ip=183.53.106.122&key=74bb0395667b8d0588df9ebd6fc36a12"
    },
    {
        "logtime": "2019/05/22 17:51:28",
        "logdata": ""
    },
    {
        "logtime": "2019/05/22 17:51:28",
        "logdata": "onLogonCallBack"
    },
    {
        "logtime": "2019/05/22 17:51:28",
        "logdata": "http://www.fuannainc.top/"
    },
    {
        "logtime": "2019/05/22 17:51:28",
        "logdata": "url"
    },
    {
        "logtime": "2019/05/22 17:51:28",
        "logdata": "http://www.fuannainc.top//WS/MobileInterface.ashx"
    },
    {
        "logtime": "2019/05/22 17:51:28",
        "logdata": "action=GetMobileShareConfig&userid=119910&time=1558518688&signature=3EB370403CBE5E5AAA731E4053EDB4A3"
    },
    {
        "logtime": "2019/05/22 17:51:31",
        "logdata": "url"
    },
    {
        "logtime": "2019/05/22 17:51:31",
        "logdata": "http://www.fuannainc.top//WS/MobileInterface.ashx?action=GetMobileRollNotice"
    },
    {
        "logtime": "2019/05/22 17:51:31",
        "logdata": ""
    },
    {
        "logtime": "2019/05/22 17:51:39",
        "logdata": null
    },
    {
        "logtime": "2019/05/22 17:51:39",
        "logdata": "onEnterGame"
    },
    {
        "logtime": "2019/05/22 17:51:39",
        "logdata": {
            "_ServerResVersion": 8,
            "_Active": true,
            "_KindVersion": "101122049",
            "_KindType": 2,
            "_Module": "yule/zhajinhua/",
            "_KindID": "6",
            "_Type": "yule",
            "_KindName": "yule.zhajinhua.",
            "_SortId": 1
        }
    },
    {
        "logtime": "2019/05/22 17:51:39",
        "logdata": "GlobalUserItem.getCurGameKind()"
    },
    {
        "logtime": "2019/05/22 17:51:39",
        "logdata": 6
    },
    {
        "logtime": "2019/05/22 17:51:43",
        "logdata": null
    },
    {
        "logtime": "2019/05/22 17:51:43",
        "logdata": "onEnterGame"
    },
    {
        "logtime": "2019/05/22 17:51:43",
        "logdata": {
            "_ServerResVersion": 10,
            "_Active": true,
            "_KindVersion": "101122049",
            "_KindType": 1,
            "_Module": "xiuxian/shuiguolaba/",
            "_KindID": "406",
            "_Type": "xiuxian",
            "_KindName": "xiuxian.shuiguolaba.",
            "_SortId": 0
        }
    },
    {
        "logtime": "2019/05/22 17:51:43",
        "logdata": "GlobalUserItem.getCurGameKind()"
    },
    {
        "logtime": "2019/05/22 17:51:43",
        "logdata": 406
    },
    {
        "logtime": "2019/05/22 17:51:47",
        "logdata": null
    },
    {
        "logtime": "2019/05/22 17:51:47",
        "logdata": "onEnterGame"
    },
    {
        "logtime": "2019/05/22 17:51:47",
        "logdata": {
            "_ServerResVersion": 1,
            "_Active": false,
            "_KindVersion": "101122049",
            "_KindType": 2,
            "_Module": "yule/sparrowxz/",
            "_KindID": "302",
            "_Type": "yule",
            "_KindName": "yule.sparrowxz.",
            "_SortId": 1
        }
    },
    {
        "logtime": "2019/05/22 17:51:47",
        "logdata": "GlobalUserItem.getCurGameKind()"
    },
    {
        "logtime": "2019/05/22 17:51:47",
        "logdata": 302
    }
]