[
    {
        "logtime": "2019/07/03 10:32:17",
        "logdata": [
            {
                "main": 200,
                "kindid": 406,
                "len": 16,
                "sub": 6
            },
            {
                "main": 200,
                "kindid": 406,
                "len": 1,
                "sub": 7
            },
            {
                "main": 100,
                "kindid": 406,
                "len": 0,
                "sub": 2
            },
            {
                "main": 200,
                "kindid": 406,
                "len": 16,
                "sub": 6
            },
            {
                "main": 200,
                "kindid": 406,
                "len": 1,
                "sub": 7
            }
        ]
    },
    {
        "logtime": "2019/07/03 10:32:22",
        "logdata": "url"
    },
    {
        "logtime": "2019/07/03 10:32:22",
        "logdata": "http://apis.juhe.cn/ip/ip2addr?ip=58.23.48.188&key=74bb0395667b8d0588df9ebd6fc36a12"
    },
    {
        "logtime": "2019/07/03 10:32:22",
        "logdata": ""
    },
    {
        "logtime": "2019/07/03 10:32:22",
        "logdata": "url"
    },
    {
        "logtime": "2019/07/03 10:32:22",
        "logdata": "http://apis.juhe.cn/ip/ip2addr?ip=58.23.48.188&key=74bb0395667b8d0588df9ebd6fc36a12"
    },
    {
        "logtime": "2019/07/03 10:32:22",
        "logdata": ""
    },
    {
        "logtime": "2019/07/03 10:32:22",
        "logdata": "url"
    },
    {
        "logtime": "2019/07/03 10:32:22",
        "logdata": "http://apis.juhe.cn/ip/ip2addr?ip=58.23.48.188&key=74bb0395667b8d0588df9ebd6fc36a12"
    },
    {
        "logtime": "2019/07/03 10:32:22",
        "logdata": ""
    },
    {
        "logtime": "2019/07/03 10:32:22",
        "logdata": "url"
    },
    {
        "logtime": "2019/07/03 10:32:22",
        "logdata": "http://apis.juhe.cn/ip/ip2addr?ip=58.23.48.188&key=74bb0395667b8d0588df9ebd6fc36a12"
    },
    {
        "logtime": "2019/07/03 10:32:22",
        "logdata": ""
    }
]