[
    {
        "logtime": "2019/06/19 10:13:05",
        "logdata": "LogonScene.onceExcute"
    },
    {
        "logtime": "2019/06/19 10:13:05",
        "logdata": "http://www.fuannainc.top/"
    },
    {
        "logtime": "2019/06/19 10:13:05",
        "logdata": "url"
    },
    {
        "logtime": "2019/06/19 10:13:05",
        "logdata": "http://www.fuannainc.top//ws/MobileInterface.ashx?action=GetMobileLoginNotice"
    },
    {
        "logtime": "2019/06/19 10:13:05",
        "logdata": ""
    },
    {
        "logtime": "2019/06/19 10:13:11",
        "logdata": "url"
    },
    {
        "logtime": "2019/06/19 10:13:11",
        "logdata": "http://apis.juhe.cn/ip/ip2addr?ip=36.249.132.170&key=74bb0395667b8d0588df9ebd6fc36a12"
    },
    {
        "logtime": "2019/06/19 10:13:11",
        "logdata": ""
    },
    {
        "logtime": "2019/06/19 10:13:11",
        "logdata": "onLogonCallBack"
    },
    {
        "logtime": "2019/06/19 10:13:11",
        "logdata": "http://www.fuannainc.top/"
    },
    {
        "logtime": "2019/06/19 10:13:11",
        "logdata": "url"
    },
    {
        "logtime": "2019/06/19 10:13:11",
        "logdata": "http://www.fuannainc.top//WS/MobileInterface.ashx"
    },
    {
        "logtime": "2019/06/19 10:13:11",
        "logdata": "action=GetMobileShareConfig&userid=119934&time=1560910391&signature=4ED84EBEB46CD0188519A416D09DE3BE"
    },
    {
        "logtime": "2019/06/19 10:13:13",
        "logdata": "url"
    },
    {
        "logtime": "2019/06/19 10:13:13",
        "logdata": "http://www.fuannainc.top//WS/MobileInterface.ashx?action=GetMobileRollNotice"
    },
    {
        "logtime": "2019/06/19 10:13:13",
        "logdata": ""
    }
]