[
    {
        "logtime": "2019/05/17 15:15:04",
        "logdata": "url"
    },
    {
        "logtime": "2019/05/17 15:15:04",
        "logdata": "http://apis.juhe.cn/ip/ip2addr?ip=113.77.83.165&key=74bb0395667b8d0588df9ebd6fc36a12"
    },
    {
        "logtime": "2019/05/17 15:15:04",
        "logdata": ""
    },
    {
        "logtime": "2019/05/17 15:15:04",
        "logdata": "onLogonCallBack"
    },
    {
        "logtime": "2019/05/17 15:15:04",
        "logdata": "http://www.fuannainc.top/"
    },
    {
        "logtime": "2019/05/17 15:15:04",
        "logdata": "url"
    },
    {
        "logtime": "2019/05/17 15:15:04",
        "logdata": "http://www.fuannainc.top//WS/MobileInterface.ashx"
    },
    {
        "logtime": "2019/05/17 15:15:04",
        "logdata": "action=GetMobileShareConfig&userid=119909&time=1558077304&signature=6227A6DF2074AAC1D86A872C091923F8"
    },
    {
        "logtime": "2019/05/17 15:15:07",
        "logdata": "url"
    },
    {
        "logtime": "2019/05/17 15:15:07",
        "logdata": "http://www.fuannainc.top//WS/MobileInterface.ashx?action=GetMobileRollNotice"
    },
    {
        "logtime": "2019/05/17 15:15:07",
        "logdata": ""
    },
    {
        "logtime": "2019/05/17 15:15:09",
        "logdata": "url"
    },
    {
        "logtime": "2019/05/17 15:15:09",
        "logdata": "http://www.fuannainc.top//ws/MobileInterface.ashx"
    },
    {
        "logtime": "2019/05/17 15:15:09",
        "logdata": "action=getpaylist"
    },
    {
        "logtime": "2019/05/17 15:15:09",
        "logdata": "url"
    },
    {
        "logtime": "2019/05/17 15:15:09",
        "logdata": "http://www.fuannainc.top//WS/MobileInterface.ashx"
    },
    {
        "logtime": "2019/05/17 15:15:09",
        "logdata": "action=getagentpay"
    }
]