[
    {
        "logtime": "2019/07/19 10:47:08",
        "logdata": "LogonScene.onceExcute"
    },
    {
        "logtime": "2019/07/19 10:47:08",
        "logdata": "http://www.fuannabbs.top/"
    },
    {
        "logtime": "2019/07/19 10:47:08",
        "logdata": "url"
    },
    {
        "logtime": "2019/07/19 10:47:08",
        "logdata": "http://www.fuannabbs.top//ws/MobileInterface.ashx?action=GetMobileLoginNotice"
    },
    {
        "logtime": "2019/07/19 10:47:08",
        "logdata": ""
    },
    {
        "logtime": "2019/07/19 10:47:10",
        "logdata": "LogonScene.onceExcute"
    },
    {
        "logtime": "2019/07/19 10:47:10",
        "logdata": "http://www.fuannabbs.top/"
    },
    {
        "logtime": "2019/07/19 10:47:11",
        "logdata": "url"
    },
    {
        "logtime": "2019/07/19 10:47:11",
        "logdata": "http://www.fuannabbs.top//ws/MobileInterface.ashx?action=GetMobileLoginNotice"
    },
    {
        "logtime": "2019/07/19 10:47:11",
        "logdata": ""
    },
    {
        "logtime": "2019/07/19 10:47:15",
        "logdata": "onLogonCallBack"
    },
    {
        "logtime": "2019/07/19 10:47:15",
        "logdata": "http://www.fuannabbs.top/"
    },
    {
        "logtime": "2019/07/19 10:47:15",
        "logdata": "url"
    },
    {
        "logtime": "2019/07/19 10:47:15",
        "logdata": "http://www.fuannabbs.top//WS/MobileInterface.ashx"
    },
    {
        "logtime": "2019/07/19 10:47:15",
        "logdata": "action=GetMobileShareConfig&userid=119927&time=1563504435&signature=9B466254566957590E348CA75247945C"
    },
    {
        "logtime": "2019/07/19 10:47:17",
        "logdata": "url"
    },
    {
        "logtime": "2019/07/19 10:47:17",
        "logdata": "http://www.fuannabbs.top//WS/MobileInterface.ashx?action=GetMobileRollNotice"
    },
    {
        "logtime": "2019/07/19 10:47:17",
        "logdata": ""
    }
]