[
    {
        "logtime": "2019/07/03 12:30:38",
        "logdata": "LogonScene.onceExcute"
    },
    {
        "logtime": "2019/07/03 12:30:38",
        "logdata": "http://www.fuannainc.top/"
    },
    {
        "logtime": "2019/07/03 12:30:38",
        "logdata": "url"
    },
    {
        "logtime": "2019/07/03 12:30:38",
        "logdata": "http://www.fuannainc.top//ws/MobileInterface.ashx?action=GetMobileLoginNotice"
    },
    {
        "logtime": "2019/07/03 12:30:38",
        "logdata": ""
    },
    {
        "logtime": "2019/07/03 12:30:42",
        "logdata": "url"
    },
    {
        "logtime": "2019/07/03 12:30:42",
        "logdata": "http://apis.juhe.cn/ip/ip2addr?ip=58.23.48.188&key=74bb0395667b8d0588df9ebd6fc36a12"
    },
    {
        "logtime": "2019/07/03 12:30:42",
        "logdata": ""
    },
    {
        "logtime": "2019/07/03 12:30:42",
        "logdata": "onLogonCallBack"
    },
    {
        "logtime": "2019/07/03 12:30:42",
        "logdata": "http://www.fuannainc.top/"
    },
    {
        "logtime": "2019/07/03 12:30:42",
        "logdata": "url"
    },
    {
        "logtime": "2019/07/03 12:30:42",
        "logdata": "http://www.fuannainc.top//WS/MobileInterface.ashx"
    },
    {
        "logtime": "2019/07/03 12:30:42",
        "logdata": "action=GetMobileShareConfig&userid=120187&time=1562128242&signature=A4A0A392798F33D9672616B9CAAF993D"
    },
    {
        "logtime": "2019/07/03 12:30:43",
        "logdata": "url"
    },
    {
        "logtime": "2019/07/03 12:30:43",
        "logdata": "http://www.fuannainc.top//WS/MobileInterface.ashx?action=GetMobileRollNotice"
    },
    {
        "logtime": "2019/07/03 12:30:43",
        "logdata": ""
    },
    {
        "logtime": "2019/07/03 12:30:48",
        "logdata": null
    },
    {
        "logtime": "2019/07/03 12:30:48",
        "logdata": "onEnterGame"
    },
    {
        "logtime": "2019/07/03 12:30:48",
        "logdata": {
            "_ServerResVersion": 10,
            "_Active": true,
            "_KindVersion": "101122049",
            "_KindType": 1,
            "_Module": "xiuxian/shuiguolaba/",
            "_KindID": "406",
            "_Type": "xiuxian",
            "_KindName": "xiuxian.shuiguolaba.",
            "_SortId": 0
        }
    },
    {
        "logtime": "2019/07/03 12:30:48",
        "logdata": "GlobalUserItem.getCurGameKind()"
    },
    {
        "logtime": "2019/07/03 12:30:48",
        "logdata": 406
    },
    {
        "logtime": "2019/07/03 12:30:49",
        "logdata": "url"
    },
    {
        "logtime": "2019/07/03 12:30:49",
        "logdata": "http://apis.juhe.cn/ip/ip2addr?ip=58.23.48.188&key=74bb0395667b8d0588df9ebd6fc36a12"
    },
    {
        "logtime": "2019/07/03 12:30:49",
        "logdata": ""
    },
    {
        "logtime": "2019/07/03 12:30:49",
        "logdata": "url"
    },
    {
        "logtime": "2019/07/03 12:30:49",
        "logdata": "http://apis.juhe.cn/ip/ip2addr?ip=58.23.48.188&key=74bb0395667b8d0588df9ebd6fc36a12"
    },
    {
        "logtime": "2019/07/03 12:30:49",
        "logdata": ""
    },
    {
        "logtime": "2019/07/03 12:30:49",
        "logdata": "url"
    },
    {
        "logtime": "2019/07/03 12:30:49",
        "logdata": "http://apis.juhe.cn/ip/ip2addr?ip=58.23.48.188&key=74bb0395667b8d0588df9ebd6fc36a12"
    },
    {
        "logtime": "2019/07/03 12:30:49",
        "logdata": ""
    },
    {
        "logtime": "2019/07/03 12:30:49",
        "logdata": "url"
    },
    {
        "logtime": "2019/07/03 12:30:49",
        "logdata": "http://apis.juhe.cn/ip/ip2addr?ip=58.23.48.188&key=74bb0395667b8d0588df9ebd6fc36a12"
    },
    {
        "logtime": "2019/07/03 12:30:49",
        "logdata": ""
    },
    {
        "logtime": "2019/07/03 12:30:49",
        "logdata": {
            "_ServerResVersion": 10,
            "_Active": true,
            "_KindVersion": "101122049",
            "_KindType": 1,
            "_Module": "xiuxian/shuiguolaba/",
            "_KindID": "406",
            "_Type": "xiuxian",
            "nSitChair": 65535,
            "_KindName": "xiuxian.shuiguolaba.",
            "nEnterRoomIndex": 1,
            "nSitTable": 65535,
            "_SortId": 0
        }
    },
    {
        "logtime": "2019/07/03 12:30:49",
        "logdata": "modulestr"
    },
    {
        "logtime": "2019/07/03 12:30:49",
        "logdata": "xiuxian/shuiguolaba/"
    }
]