[
    {
        "logtime": "2019/07/02 19:56:00",
        "logdata": "[string \".\\game/xiuxian/shuiguolaba/src/views/layer/Ga...\"]:966: attempt to index global 'GAME_STATE' (a nil value)\nstack traceback:\n\t[string \".\\game/xiuxian/shuiguolaba/src/views/layer/Ga...\"]:176: in function <[string \".\\game/xiuxian/shuiguolaba/src/views/layer/Ga...\"]:167>"
    },
    {
        "logtime": "2019/07/02 19:56:03",
        "logdata": "LogonScene.onceExcute"
    },
    {
        "logtime": "2019/07/02 19:56:03",
        "logdata": "http://www.fuannainc.top/"
    },
    {
        "logtime": "2019/07/02 19:56:04",
        "logdata": "url"
    },
    {
        "logtime": "2019/07/02 19:56:04",
        "logdata": "http://www.fuannainc.top//ws/MobileInterface.ashx?action=GetMobileLoginNotice"
    },
    {
        "logtime": "2019/07/02 19:56:04",
        "logdata": ""
    },
    {
        "logtime": "2019/07/02 19:56:05",
        "logdata": "url"
    },
    {
        "logtime": "2019/07/02 19:56:05",
        "logdata": "http://apis.juhe.cn/ip/ip2addr?ip=58.23.48.188&key=74bb0395667b8d0588df9ebd6fc36a12"
    },
    {
        "logtime": "2019/07/02 19:56:05",
        "logdata": ""
    },
    {
        "logtime": "2019/07/02 19:56:05",
        "logdata": "onLogonCallBack"
    },
    {
        "logtime": "2019/07/02 19:56:05",
        "logdata": "http://www.fuannainc.top/"
    },
    {
        "logtime": "2019/07/02 19:56:05",
        "logdata": "url"
    },
    {
        "logtime": "2019/07/02 19:56:05",
        "logdata": "http://www.fuannainc.top//WS/MobileInterface.ashx"
    },
    {
        "logtime": "2019/07/02 19:56:05",
        "logdata": "action=GetMobileShareConfig&userid=120187&time=1562068565&signature=A89C44F45E1E3EF6CFA8F81FB69E2EFB"
    },
    {
        "logtime": "2019/07/02 19:56:07",
        "logdata": "url"
    },
    {
        "logtime": "2019/07/02 19:56:07",
        "logdata": "http://www.fuannainc.top//WS/MobileInterface.ashx?action=GetMobileRollNotice"
    },
    {
        "logtime": "2019/07/02 19:56:07",
        "logdata": ""
    },
    {
        "logtime": "2019/07/02 19:56:09",
        "logdata": "url"
    },
    {
        "logtime": "2019/07/02 19:56:09",
        "logdata": "http://apis.juhe.cn/ip/ip2addr?ip=58.23.48.188&key=74bb0395667b8d0588df9ebd6fc36a12"
    },
    {
        "logtime": "2019/07/02 19:56:09",
        "logdata": ""
    },
    {
        "logtime": "2019/07/02 19:56:09",
        "logdata": "url"
    },
    {
        "logtime": "2019/07/02 19:56:09",
        "logdata": "http://apis.juhe.cn/ip/ip2addr?ip=58.23.48.188&key=74bb0395667b8d0588df9ebd6fc36a12"
    },
    {
        "logtime": "2019/07/02 19:56:09",
        "logdata": ""
    },
    {
        "logtime": "2019/07/02 19:56:09",
        "logdata": "url"
    },
    {
        "logtime": "2019/07/02 19:56:09",
        "logdata": "http://apis.juhe.cn/ip/ip2addr?ip=58.23.48.188&key=74bb0395667b8d0588df9ebd6fc36a12"
    },
    {
        "logtime": "2019/07/02 19:56:09",
        "logdata": ""
    },
    {
        "logtime": "2019/07/02 19:56:09",
        "logdata": "url"
    },
    {
        "logtime": "2019/07/02 19:56:09",
        "logdata": "http://apis.juhe.cn/ip/ip2addr?ip=58.23.48.188&key=74bb0395667b8d0588df9ebd6fc36a12"
    },
    {
        "logtime": "2019/07/02 19:56:09",
        "logdata": ""
    },
    {
        "logtime": "2019/07/02 19:56:09",
        "logdata": {
            "_ServerResVersion": 10,
            "_Active": true,
            "_KindVersion": "101122049",
            "_KindType": 1,
            "_Module": "xiuxian/shuiguolaba/",
            "_KindID": "406",
            "_Type": "xiuxian",
            "_KindName": "xiuxian.shuiguolaba.",
            "nEnterRoomIndex": 1,
            "_SortId": 0
        }
    },
    {
        "logtime": "2019/07/02 19:56:09",
        "logdata": "modulestr"
    },
    {
        "logtime": "2019/07/02 19:56:09",
        "logdata": "xiuxian/shuiguolaba/"
    },
    {
        "logtime": "2019/07/02 19:56:14",
        "logdata": null
    },
    {
        "logtime": "2019/07/02 19:56:14",
        "logdata": "onEnterGame"
    },
    {
        "logtime": "2019/07/02 19:56:14",
        "logdata": {
            "_ServerResVersion": 10,
            "_Active": true,
            "_KindVersion": "101122049",
            "_KindType": 1,
            "_Module": "xiuxian/shuiguolaba/",
            "_KindID": "406",
            "_Type": "xiuxian",
            "_KindName": "xiuxian.shuiguolaba.",
            "nEnterRoomIndex": 1,
            "_SortId": 0
        }
    },
    {
        "logtime": "2019/07/02 19:56:14",
        "logdata": "GlobalUserItem.getCurGameKind()"
    },
    {
        "logtime": "2019/07/02 19:56:14",
        "logdata": 406
    },
    {
        "logtime": "2019/07/02 19:56:15",
        "logdata": "url"
    },
    {
        "logtime": "2019/07/02 19:56:15",
        "logdata": "http://apis.juhe.cn/ip/ip2addr?ip=58.23.48.188&key=74bb0395667b8d0588df9ebd6fc36a12"
    },
    {
        "logtime": "2019/07/02 19:56:15",
        "logdata": ""
    },
    {
        "logtime": "2019/07/02 19:56:15",
        "logdata": "url"
    },
    {
        "logtime": "2019/07/02 19:56:15",
        "logdata": "http://apis.juhe.cn/ip/ip2addr?ip=58.23.48.188&key=74bb0395667b8d0588df9ebd6fc36a12"
    },
    {
        "logtime": "2019/07/02 19:56:15",
        "logdata": ""
    },
    {
        "logtime": "2019/07/02 19:56:15",
        "logdata": "url"
    },
    {
        "logtime": "2019/07/02 19:56:15",
        "logdata": "http://apis.juhe.cn/ip/ip2addr?ip=58.23.48.188&key=74bb0395667b8d0588df9ebd6fc36a12"
    },
    {
        "logtime": "2019/07/02 19:56:15",
        "logdata": ""
    },
    {
        "logtime": "2019/07/02 19:56:15",
        "logdata": "url"
    },
    {
        "logtime": "2019/07/02 19:56:15",
        "logdata": "http://apis.juhe.cn/ip/ip2addr?ip=58.23.48.188&key=74bb0395667b8d0588df9ebd6fc36a12"
    },
    {
        "logtime": "2019/07/02 19:56:15",
        "logdata": ""
    },
    {
        "logtime": "2019/07/02 19:56:16",
        "logdata": {
            "_ServerResVersion": 10,
            "_Active": true,
            "_KindVersion": "101122049",
            "_KindType": 1,
            "_Module": "xiuxian/shuiguolaba/",
            "_KindID": "406",
            "_Type": "xiuxian",
            "nSitChair": 65535,
            "_KindName": "xiuxian.shuiguolaba.",
            "nEnterRoomIndex": 1,
            "nSitTable": 65535,
            "_SortId": 0
        }
    },
    {
        "logtime": "2019/07/02 19:56:16",
        "logdata": "modulestr"
    },
    {
        "logtime": "2019/07/02 19:56:16",
        "logdata": "xiuxian/shuiguolaba/"
    }
]