[
    {
        "logtime": "2019/05/24 14:50:34",
        "logdata": "LogonScene.onceExcute"
    },
    {
        "logtime": "2019/05/24 14:50:34",
        "logdata": "http://www.fuannainc.top/"
    },
    {
        "logtime": "2019/05/24 14:50:34",
        "logdata": "url"
    },
    {
        "logtime": "2019/05/24 14:50:34",
        "logdata": "http://www.fuannainc.top//ws/MobileInterface.ashx?action=GetMobileLoginNotice"
    },
    {
        "logtime": "2019/05/24 14:50:34",
        "logdata": ""
    }
]