[
    {
        "logtime": "2019/07/09 12:17:42",
        "logdata": "LogonScene.onceExcute"
    },
    {
        "logtime": "2019/07/09 12:17:42",
        "logdata": "http://www.fuannainc.top/"
    },
    {
        "logtime": "2019/07/09 12:17:42",
        "logdata": "url"
    },
    {
        "logtime": "2019/07/09 12:17:42",
        "logdata": "http://www.fuannainc.top//ws/MobileInterface.ashx?action=GetMobileLoginNotice"
    },
    {
        "logtime": "2019/07/09 12:17:42",
        "logdata": ""
    },
    {
        "logtime": "2019/07/09 12:17:44",
        "logdata": "onLogonCallBack"
    },
    {
        "logtime": "2019/07/09 12:17:44",
        "logdata": "http://www.fuannainc.top/"
    },
    {
        "logtime": "2019/07/09 12:17:44",
        "logdata": "url"
    },
    {
        "logtime": "2019/07/09 12:17:44",
        "logdata": "http://www.fuannainc.top//WS/MobileInterface.ashx"
    },
    {
        "logtime": "2019/07/09 12:17:44",
        "logdata": "action=GetMobileShareConfig&userid=119897&time=1562645864&signature=A8FD69EAECC8444B4D36495B60285932"
    },
    {
        "logtime": "2019/07/09 12:17:46",
        "logdata": "url"
    },
    {
        "logtime": "2019/07/09 12:17:46",
        "logdata": "http://www.fuannainc.top//WS/MobileInterface.ashx?action=GetMobileRollNotice"
    },
    {
        "logtime": "2019/07/09 12:17:46",
        "logdata": ""
    },
    {
        "logtime": "2019/07/09 12:17:49",
        "logdata": "keys2"
    },
    {
        "logtime": "2019/07/09 12:17:49",
        "logdata": "byte"
    },
    {
        "logtime": "2019/07/09 12:17:49",
        "logdata": "keys2"
    },
    {
        "logtime": "2019/07/09 12:17:49",
        "logdata": "word"
    },
    {
        "logtime": "2019/07/09 12:17:49",
        "logdata": "keys2"
    },
    {
        "logtime": "2019/07/09 12:17:49",
        "logdata": "word"
    },
    {
        "logtime": "2019/07/09 12:17:49",
        "logdata": "keys2"
    },
    {
        "logtime": "2019/07/09 12:17:49",
        "logdata": "word"
    },
    {
        "logtime": "2019/07/09 12:17:49",
        "logdata": "keys2"
    },
    {
        "logtime": "2019/07/09 12:17:49",
        "logdata": "word"
    },
    {
        "logtime": "2019/07/09 12:17:49",
        "logdata": "keys2"
    },
    {
        "logtime": "2019/07/09 12:17:49",
        "logdata": "double"
    },
    {
        "logtime": "2019/07/09 12:17:49",
        "logdata": "keys2"
    },
    {
        "logtime": "2019/07/09 12:17:49",
        "logdata": "double"
    },
    {
        "logtime": "2019/07/09 12:17:49",
        "logdata": "keys2"
    },
    {
        "logtime": "2019/07/09 12:17:49",
        "logdata": "double"
    },
    {
        "logtime": "2019/07/09 12:17:49",
        "logdata": "keys2"
    },
    {
        "logtime": "2019/07/09 12:17:49",
        "logdata": "string"
    },
    {
        "logtime": "2019/07/09 12:17:49",
        "logdata": "keys2"
    },
    {
        "logtime": "2019/07/09 12:17:49",
        "logdata": "string"
    },
    {
        "logtime": "2019/07/09 12:17:49",
        "logdata": "keys2"
    },
    {
        "logtime": "2019/07/09 12:17:49",
        "logdata": "double"
    },
    {
        "logtime": "2019/07/09 12:17:49",
        "logdata": "keys2"
    },
    {
        "logtime": "2019/07/09 12:17:49",
        "logdata": "string"
    }
]