[
    {
        "logtime": "2019/05/18 11:38:07",
        "logdata": "LogonScene.onceExcute"
    },
    {
        "logtime": "2019/05/18 11:38:07",
        "logdata": "http://www.fuannainc.top/"
    },
    {
        "logtime": "2019/05/18 11:38:08",
        "logdata": "url"
    },
    {
        "logtime": "2019/05/18 11:38:08",
        "logdata": "http://www.fuannainc.top//ws/MobileInterface.ashx?action=GetMobileLoginNotice"
    },
    {
        "logtime": "2019/05/18 11:38:08",
        "logdata": ""
    },
    {
        "logtime": "2019/05/18 11:38:10",
        "logdata": "url"
    },
    {
        "logtime": "2019/05/18 11:38:10",
        "logdata": "http://apis.juhe.cn/ip/ip2addr?ip=113.77.83.199&key=74bb0395667b8d0588df9ebd6fc36a12"
    },
    {
        "logtime": "2019/05/18 11:38:10",
        "logdata": ""
    },
    {
        "logtime": "2019/05/18 11:38:10",
        "logdata": "onLogonCallBack"
    },
    {
        "logtime": "2019/05/18 11:38:10",
        "logdata": "http://www.fuannainc.top/"
    },
    {
        "logtime": "2019/05/18 11:38:10",
        "logdata": "url"
    },
    {
        "logtime": "2019/05/18 11:38:10",
        "logdata": "http://www.fuannainc.top//WS/MobileInterface.ashx"
    },
    {
        "logtime": "2019/05/18 11:38:10",
        "logdata": "action=GetMobileShareConfig&userid=119923&time=1558150690&signature=2D0C5C5DA52AD833989CCC5FE004FBF4"
    },
    {
        "logtime": "2019/05/18 11:38:12",
        "logdata": "url"
    },
    {
        "logtime": "2019/05/18 11:38:12",
        "logdata": "http://www.fuannainc.top//WS/MobileInterface.ashx?action=GetMobileRollNotice"
    },
    {
        "logtime": "2019/05/18 11:38:12",
        "logdata": ""
    }
]