[
    {
        "logtime": "2019/05/13 16:13:13",
        "logdata": "LogonScene.onceExcute"
    },
    {
        "logtime": "2019/05/13 16:13:13",
        "logdata": "http://www.fuannainc.top/"
    },
    {
        "logtime": "2019/05/13 16:13:14",
        "logdata": "url"
    },
    {
        "logtime": "2019/05/13 16:13:14",
        "logdata": "http://www.fuannainc.top//ws/MobileInterface.ashx?action=GetMobileLoginNotice"
    },
    {
        "logtime": "2019/05/13 16:13:14",
        "logdata": ""
    },
    {
        "logtime": "2019/05/13 16:13:35",
        "logdata": {}
    },
    {
        "logtime": "2019/05/13 16:13:41",
        "logdata": "url"
    },
    {
        "logtime": "2019/05/13 16:13:41",
        "logdata": "http://apis.juhe.cn/ip/ip2addr?ip=113.77.80.214&key=74bb0395667b8d0588df9ebd6fc36a12"
    },
    {
        "logtime": "2019/05/13 16:13:41",
        "logdata": ""
    },
    {
        "logtime": "2019/05/13 16:13:41",
        "logdata": "onLogonCallBack"
    },
    {
        "logtime": "2019/05/13 16:13:41",
        "logdata": "http://www.fuannainc.top/"
    },
    {
        "logtime": "2019/05/13 16:13:41",
        "logdata": "url"
    },
    {
        "logtime": "2019/05/13 16:13:41",
        "logdata": "http://www.fuannainc.top//WS/MobileInterface.ashx"
    },
    {
        "logtime": "2019/05/13 16:13:41",
        "logdata": "action=GetMobileShareConfig&userid=120775&time=1557735221&signature=5DF5FE60DDFB1CF2B130037B6F130187"
    },
    {
        "logtime": "2019/05/13 16:13:44",
        "logdata": "url"
    },
    {
        "logtime": "2019/05/13 16:13:44",
        "logdata": "http://www.fuannainc.top//WS/MobileInterface.ashx?action=GetMobileRollNotice"
    },
    {
        "logtime": "2019/05/13 16:13:44",
        "logdata": ""
    }
]