[
    {
        "logtime": "2019/07/09 09:53:43",
        "logdata": "LogonScene.onceExcute"
    },
    {
        "logtime": "2019/07/09 09:53:43",
        "logdata": "http://www.fuannainc.top/"
    },
    {
        "logtime": "2019/07/09 09:53:43",
        "logdata": "url"
    },
    {
        "logtime": "2019/07/09 09:53:43",
        "logdata": "http://www.fuannainc.top//ws/MobileInterface.ashx?action=GetMobileLoginNotice"
    },
    {
        "logtime": "2019/07/09 09:53:43",
        "logdata": ""
    },
    {
        "logtime": "2019/07/09 09:53:45",
        "logdata": "onLogonCallBack"
    },
    {
        "logtime": "2019/07/09 09:53:45",
        "logdata": "http://www.fuannainc.top/"
    },
    {
        "logtime": "2019/07/09 09:53:45",
        "logdata": "url"
    },
    {
        "logtime": "2019/07/09 09:53:45",
        "logdata": "http://www.fuannainc.top//WS/MobileInterface.ashx"
    },
    {
        "logtime": "2019/07/09 09:53:45",
        "logdata": "action=GetMobileShareConfig&userid=119918&time=1562637225&signature=47048837D70493BC23017B3B08116D15"
    },
    {
        "logtime": "2019/07/09 09:53:47",
        "logdata": "url"
    },
    {
        "logtime": "2019/07/09 09:53:47",
        "logdata": "http://www.fuannainc.top//WS/MobileInterface.ashx?action=GetMobileRollNotice"
    },
    {
        "logtime": "2019/07/09 09:53:47",
        "logdata": ""
    },
    {
        "logtime": "2019/07/09 09:53:58",
        "logdata": "keys2"
    },
    {
        "logtime": "2019/07/09 09:53:58",
        "logdata": "byte"
    },
    {
        "logtime": "2019/07/09 09:53:58",
        "logdata": "keys2"
    },
    {
        "logtime": "2019/07/09 09:53:58",
        "logdata": "word"
    },
    {
        "logtime": "2019/07/09 09:53:58",
        "logdata": "keys2"
    },
    {
        "logtime": "2019/07/09 09:53:58",
        "logdata": "word"
    },
    {
        "logtime": "2019/07/09 09:53:58",
        "logdata": "keys2"
    },
    {
        "logtime": "2019/07/09 09:53:58",
        "logdata": "word"
    },
    {
        "logtime": "2019/07/09 09:53:58",
        "logdata": "keys2"
    },
    {
        "logtime": "2019/07/09 09:53:58",
        "logdata": "word"
    },
    {
        "logtime": "2019/07/09 09:53:58",
        "logdata": "keys2"
    },
    {
        "logtime": "2019/07/09 09:53:58",
        "logdata": "double"
    },
    {
        "logtime": "2019/07/09 09:53:58",
        "logdata": "keys2"
    },
    {
        "logtime": "2019/07/09 09:53:58",
        "logdata": "double"
    },
    {
        "logtime": "2019/07/09 09:53:58",
        "logdata": "keys2"
    },
    {
        "logtime": "2019/07/09 09:53:58",
        "logdata": "double"
    },
    {
        "logtime": "2019/07/09 09:53:58",
        "logdata": "keys2"
    },
    {
        "logtime": "2019/07/09 09:53:58",
        "logdata": "byte"
    },
    {
        "logtime": "2019/07/09 09:53:58",
        "logdata": "keys2"
    },
    {
        "logtime": "2019/07/09 09:53:58",
        "logdata": "word"
    },
    {
        "logtime": "2019/07/09 09:53:58",
        "logdata": "keys2"
    },
    {
        "logtime": "2019/07/09 09:53:58",
        "logdata": "word"
    },
    {
        "logtime": "2019/07/09 09:53:58",
        "logdata": "keys2"
    },
    {
        "logtime": "2019/07/09 09:53:58",
        "logdata": "word"
    },
    {
        "logtime": "2019/07/09 09:53:58",
        "logdata": "keys2"
    },
    {
        "logtime": "2019/07/09 09:53:58",
        "logdata": "word"
    },
    {
        "logtime": "2019/07/09 09:53:58",
        "logdata": "keys2"
    },
    {
        "logtime": "2019/07/09 09:53:58",
        "logdata": "double"
    },
    {
        "logtime": "2019/07/09 09:53:58",
        "logdata": "keys2"
    },
    {
        "logtime": "2019/07/09 09:53:58",
        "logdata": "double"
    },
    {
        "logtime": "2019/07/09 09:53:58",
        "logdata": "keys2"
    },
    {
        "logtime": "2019/07/09 09:53:58",
        "logdata": "double"
    },
    {
        "logtime": "2019/07/09 09:53:58",
        "logdata": "keys2"
    },
    {
        "logtime": "2019/07/09 09:53:58",
        "logdata": "string"
    },
    {
        "logtime": "2019/07/09 09:53:58",
        "logdata": "keys2"
    },
    {
        "logtime": "2019/07/09 09:53:58",
        "logdata": "string"
    },
    {
        "logtime": "2019/07/09 09:53:58",
        "logdata": "keys2"
    },
    {
        "logtime": "2019/07/09 09:53:58",
        "logdata": "double"
    },
    {
        "logtime": "2019/07/09 09:53:58",
        "logdata": "keys2"
    },
    {
        "logtime": "2019/07/09 09:53:58",
        "logdata": "string"
    }
]