[
    {
        "logtime": "2019/07/02 14:57:34",
        "logdata": "LogonScene.onceExcute"
    },
    {
        "logtime": "2019/07/02 14:57:34",
        "logdata": "http://www.fuannainc.top/"
    },
    {
        "logtime": "2019/07/02 14:57:34",
        "logdata": "url"
    },
    {
        "logtime": "2019/07/02 14:57:34",
        "logdata": "http://www.fuannainc.top//ws/MobileInterface.ashx?action=GetMobileLoginNotice"
    },
    {
        "logtime": "2019/07/02 14:57:34",
        "logdata": ""
    },
    {
        "logtime": "2019/07/02 14:57:36",
        "logdata": "url"
    },
    {
        "logtime": "2019/07/02 14:57:36",
        "logdata": "http://apis.juhe.cn/ip/ip2addr?ip=58.23.48.188&key=74bb0395667b8d0588df9ebd6fc36a12"
    },
    {
        "logtime": "2019/07/02 14:57:36",
        "logdata": ""
    },
    {
        "logtime": "2019/07/02 14:57:36",
        "logdata": "onLogonCallBack"
    },
    {
        "logtime": "2019/07/02 14:57:36",
        "logdata": "http://www.fuannainc.top/"
    },
    {
        "logtime": "2019/07/02 14:57:36",
        "logdata": "url"
    },
    {
        "logtime": "2019/07/02 14:57:36",
        "logdata": "http://www.fuannainc.top//WS/MobileInterface.ashx"
    },
    {
        "logtime": "2019/07/02 14:57:36",
        "logdata": "action=GetMobileShareConfig&userid=119947&time=1562050656&signature=EEAA526C7EC3524F938D56CD29DFD584"
    },
    {
        "logtime": "2019/07/02 14:57:37",
        "logdata": "url"
    },
    {
        "logtime": "2019/07/02 14:57:37",
        "logdata": "http://www.fuannainc.top//WS/MobileInterface.ashx?action=GetMobileRollNotice"
    },
    {
        "logtime": "2019/07/02 14:57:37",
        "logdata": ""
    },
    {
        "logtime": "2019/07/02 14:57:39",
        "logdata": "url"
    },
    {
        "logtime": "2019/07/02 14:57:39",
        "logdata": "http://apis.juhe.cn/ip/ip2addr?ip=58.23.48.188&key=74bb0395667b8d0588df9ebd6fc36a12"
    },
    {
        "logtime": "2019/07/02 14:57:39",
        "logdata": ""
    },
    {
        "logtime": "2019/07/02 14:57:39",
        "logdata": {
            "_ServerResVersion": 10,
            "_Active": true,
            "_KindVersion": "101122049",
            "_KindType": 1,
            "_Module": "xiuxian/shuiguolaba/",
            "_KindID": "406",
            "_Type": "xiuxian",
            "_KindName": "xiuxian.shuiguolaba.",
            "nEnterRoomIndex": 1,
            "_SortId": 0
        }
    },
    {
        "logtime": "2019/07/02 14:57:39",
        "logdata": "modulestr"
    },
    {
        "logtime": "2019/07/02 14:57:39",
        "logdata": "xiuxian/shuiguolaba/"
    },
    {
        "logtime": "2019/07/02 14:57:46",
        "logdata": null
    },
    {
        "logtime": "2019/07/02 14:57:46",
        "logdata": "onEnterGame"
    },
    {
        "logtime": "2019/07/02 14:57:46",
        "logdata": {
            "_ServerResVersion": 10,
            "_Active": true,
            "_KindVersion": "101122049",
            "_KindType": 1,
            "_Module": "xiuxian/shuiguolaba/",
            "_KindID": "406",
            "_Type": "xiuxian",
            "_KindName": "xiuxian.shuiguolaba.",
            "nEnterRoomIndex": 1,
            "_SortId": 0
        }
    },
    {
        "logtime": "2019/07/02 14:57:47",
        "logdata": "GlobalUserItem.getCurGameKind()"
    },
    {
        "logtime": "2019/07/02 14:57:47",
        "logdata": 406
    },
    {
        "logtime": "2019/07/02 14:57:48",
        "logdata": "url"
    },
    {
        "logtime": "2019/07/02 14:57:48",
        "logdata": "http://apis.juhe.cn/ip/ip2addr?ip=58.23.48.188&key=74bb0395667b8d0588df9ebd6fc36a12"
    },
    {
        "logtime": "2019/07/02 14:57:48",
        "logdata": ""
    },
    {
        "logtime": "2019/07/02 14:57:48",
        "logdata": {
            "_ServerResVersion": 10,
            "_Active": true,
            "_KindVersion": "101122049",
            "_KindType": 1,
            "_Module": "xiuxian/shuiguolaba/",
            "_KindID": "406",
            "_Type": "xiuxian",
            "nSitChair": 65535,
            "_KindName": "xiuxian.shuiguolaba.",
            "nEnterRoomIndex": 1,
            "nSitTable": 65535,
            "_SortId": 0
        }
    },
    {
        "logtime": "2019/07/02 14:57:48",
        "logdata": "modulestr"
    },
    {
        "logtime": "2019/07/02 14:57:48",
        "logdata": "xiuxian/shuiguolaba/"
    }
]