[
    {
        "logtime": "2019/05/17 16:42:08",
        "logdata": "LogonScene.onceExcute"
    },
    {
        "logtime": "2019/05/17 16:42:08",
        "logdata": "http://www.fuannainc.top/"
    },
    {
        "logtime": "2019/05/17 16:42:09",
        "logdata": "url"
    },
    {
        "logtime": "2019/05/17 16:42:09",
        "logdata": "http://www.fuannainc.top//ws/MobileInterface.ashx?action=GetMobileLoginNotice"
    },
    {
        "logtime": "2019/05/17 16:42:09",
        "logdata": ""
    },
    {
        "logtime": "2019/05/17 16:42:18",
        "logdata": "url"
    },
    {
        "logtime": "2019/05/17 16:42:18",
        "logdata": "http://apis.juhe.cn/ip/ip2addr?ip=113.77.83.165&key=74bb0395667b8d0588df9ebd6fc36a12"
    },
    {
        "logtime": "2019/05/17 16:42:18",
        "logdata": ""
    },
    {
        "logtime": "2019/05/17 16:42:18",
        "logdata": "onLogonCallBack"
    },
    {
        "logtime": "2019/05/17 16:42:18",
        "logdata": "http://www.fuannainc.top/"
    },
    {
        "logtime": "2019/05/17 16:42:18",
        "logdata": "url"
    },
    {
        "logtime": "2019/05/17 16:42:18",
        "logdata": "http://www.fuannainc.top//WS/MobileInterface.ashx"
    },
    {
        "logtime": "2019/05/17 16:42:18",
        "logdata": "action=GetMobileShareConfig&userid=119814&time=1558082538&signature=D056785405F5B0E8FB29618874441F69"
    },
    {
        "logtime": "2019/05/17 16:42:21",
        "logdata": "url"
    },
    {
        "logtime": "2019/05/17 16:42:21",
        "logdata": "http://www.fuannainc.top//WS/MobileInterface.ashx?action=GetMobileRollNotice"
    },
    {
        "logtime": "2019/05/17 16:42:21",
        "logdata": ""
    },
    {
        "logtime": "2019/05/17 16:42:23",
        "logdata": "url"
    },
    {
        "logtime": "2019/05/17 16:42:23",
        "logdata": "http://www.fuannainc.top//WS/Lottery.ashx"
    },
    {
        "logtime": "2019/05/17 16:42:23",
        "logdata": "action=LotteryConfig"
    },
    {
        "logtime": "2019/05/17 16:42:23",
        "logdata": "url"
    },
    {
        "logtime": "2019/05/17 16:42:23",
        "logdata": "http://www.fuannainc.top//WS/Lottery.ashx"
    },
    {
        "logtime": "2019/05/17 16:42:23",
        "logdata": "action=LotteryUserInfo&userid=119814&time=1558082543&signature=740B82669F5966619937C7FE2A51A5B5"
    }
]