[
    {
        "logtime": "2019/07/03 10:37:01",
        "logdata": "url"
    },
    {
        "logtime": "2019/07/03 10:37:01",
        "logdata": "http://apis.juhe.cn/ip/ip2addr?ip=58.23.48.188&key=74bb0395667b8d0588df9ebd6fc36a12"
    },
    {
        "logtime": "2019/07/03 10:37:01",
        "logdata": ""
    },
    {
        "logtime": "2019/07/03 10:37:01",
        "logdata": "onLogonCallBack"
    },
    {
        "logtime": "2019/07/03 10:37:01",
        "logdata": "http://www.fuannainc.top/"
    },
    {
        "logtime": "2019/07/03 10:37:01",
        "logdata": "url"
    },
    {
        "logtime": "2019/07/03 10:37:01",
        "logdata": "http://www.fuannainc.top//WS/MobileInterface.ashx"
    },
    {
        "logtime": "2019/07/03 10:37:01",
        "logdata": "action=GetMobileShareConfig&userid=120187&time=1562121421&signature=0F13BFEAD7DFF6CEC212D27EAAAF44B9"
    },
    {
        "logtime": "2019/07/03 10:37:03",
        "logdata": "url"
    },
    {
        "logtime": "2019/07/03 10:37:03",
        "logdata": "http://www.fuannainc.top//WS/MobileInterface.ashx?action=GetMobileRollNotice"
    },
    {
        "logtime": "2019/07/03 10:37:03",
        "logdata": ""
    },
    {
        "logtime": "2019/07/03 10:37:07",
        "logdata": null
    },
    {
        "logtime": "2019/07/03 10:37:07",
        "logdata": "onEnterGame"
    },
    {
        "logtime": "2019/07/03 10:37:07",
        "logdata": {
            "_ServerResVersion": 10,
            "_Active": true,
            "_KindVersion": "101122049",
            "_KindType": 1,
            "_Module": "xiuxian/shuiguolaba/",
            "_KindID": "406",
            "_Type": "xiuxian",
            "_KindName": "xiuxian.shuiguolaba.",
            "_SortId": 0
        }
    },
    {
        "logtime": "2019/07/03 10:37:07",
        "logdata": "GlobalUserItem.getCurGameKind()"
    },
    {
        "logtime": "2019/07/03 10:37:07",
        "logdata": 406
    },
    {
        "logtime": "2019/07/03 10:37:08",
        "logdata": "url"
    },
    {
        "logtime": "2019/07/03 10:37:08",
        "logdata": "http://apis.juhe.cn/ip/ip2addr?ip=58.23.48.188&key=74bb0395667b8d0588df9ebd6fc36a12"
    },
    {
        "logtime": "2019/07/03 10:37:08",
        "logdata": ""
    },
    {
        "logtime": "2019/07/03 10:37:08",
        "logdata": "url"
    },
    {
        "logtime": "2019/07/03 10:37:08",
        "logdata": "http://apis.juhe.cn/ip/ip2addr?ip=58.23.48.188&key=74bb0395667b8d0588df9ebd6fc36a12"
    },
    {
        "logtime": "2019/07/03 10:37:08",
        "logdata": ""
    },
    {
        "logtime": "2019/07/03 10:37:08",
        "logdata": "url"
    },
    {
        "logtime": "2019/07/03 10:37:08",
        "logdata": "http://apis.juhe.cn/ip/ip2addr?ip=58.23.48.188&key=74bb0395667b8d0588df9ebd6fc36a12"
    },
    {
        "logtime": "2019/07/03 10:37:08",
        "logdata": ""
    },
    {
        "logtime": "2019/07/03 10:37:08",
        "logdata": "url"
    },
    {
        "logtime": "2019/07/03 10:37:08",
        "logdata": "http://apis.juhe.cn/ip/ip2addr?ip=58.23.48.188&key=74bb0395667b8d0588df9ebd6fc36a12"
    },
    {
        "logtime": "2019/07/03 10:37:08",
        "logdata": ""
    },
    {
        "logtime": "2019/07/03 10:37:08",
        "logdata": {
            "_ServerResVersion": 10,
            "_Active": true,
            "_KindVersion": "101122049",
            "_KindType": 1,
            "_Module": "xiuxian/shuiguolaba/",
            "_KindID": "406",
            "_Type": "xiuxian",
            "nSitChair": 65535,
            "_KindName": "xiuxian.shuiguolaba.",
            "nEnterRoomIndex": 1,
            "nSitTable": 65535,
            "_SortId": 0
        }
    },
    {
        "logtime": "2019/07/03 10:37:08",
        "logdata": "modulestr"
    },
    {
        "logtime": "2019/07/03 10:37:08",
        "logdata": "xiuxian/shuiguolaba/"
    },
    {
        "logtime": "2019/07/03 10:37:58",
        "logdata": "[string \".\\game/xiuxian/shuiguolaba/src/views/layer/Ga...\"]:362: attempt to index local 'Button_Stop' (a nil value)\nstack traceback:\n\t[string \".\\game/xiuxian/shuiguolaba/src/views/GameLaye...\"]:535: in function 'onSubGame1End'\n\t[string \".\\game/xiuxian/shuiguolaba/src/views/GameLaye...\"]:406: in function 'onEventGameMessage'\n\t[string \".\\client/src/plaza/models/GameFrameEngine.lua\"]:123: in function 'onSocketEvent'\n\t[string \".\\client/src/plaza/models/BaseFrame.lua\"]:141: in function 'onSocketCallBack'\n\t[string \".\\client/src/plaza/models/BaseFrame.lua\"]:97: in function <[string \".\\client/src/plaza/models/BaseFrame.lua\"]:96>"
    }
]