[
    {
        "logtime": "2019/07/30 14:34:31",
        "logdata": "url"
    },
    {
        "logtime": "2019/07/30 14:34:31",
        "logdata": "http://www.fuannabbs.top//WS/MobileInterface.ashx"
    },
    {
        "logtime": "2019/07/30 14:34:31",
        "logdata": "action=GetScoreInfo&userid=119932&time=1564468471&signature=177027942FCC55978AD04E2AC4D4715E"
    },
    {
        "logtime": "2019/07/30 14:34:32",
        "logdata": 6
    },
    {
        "logtime": "2019/07/30 14:34:32",
        "logdata": "url"
    },
    {
        "logtime": "2019/07/30 14:34:32",
        "logdata": "http://154.48.228.19/download/test//game/yule/redninebattle/res/filemd5List.json"
    },
    {
        "logtime": "2019/07/30 14:34:32",
        "logdata": ""
    },
    {
        "logtime": "2019/07/30 14:34:34",
        "logdata": "[string \".\\client/src/app/controllers/ClientUpdate.lua\"]:71: attempt to concatenate local 'oldpath' (a userdata value)\nstack traceback:\n\t[string \".\\app/models/AppDF.lua\"]:344: in function <[string \".\\app/models/AppDF.lua\"]:324>"
    }
]