[
    {
        "logtime": "2019/05/26 15:14:16",
        "logdata": "url"
    },
    {
        "logtime": "2019/05/26 15:14:17",
        "logdata": "http://www.fuannainc.top//WS/MobileInterface.ashx"
    },
    {
        "logtime": "2019/05/26 15:14:17",
        "logdata": "action=GetScoreInfo&userid=119926&time=1558854856&signature=385289EC38FECB3D600283438CA0E03D"
    },
    {
        "logtime": "2019/05/26 15:14:23",
        "logdata": null
    },
    {
        "logtime": "2019/05/26 15:14:23",
        "logdata": "onEnterGame"
    },
    {
        "logtime": "2019/05/26 15:14:23",
        "logdata": {
            "_ServerResVersion": 1,
            "_Active": true,
            "_KindVersion": "101122049",
            "_KindType": 2,
            "_Module": "qipai/thirteenx/",
            "_KindID": "49",
            "_Type": "qipai",
            "_KindName": "qipai.thirteenx.",
            "_SortId": 1
        }
    },
    {
        "logtime": "2019/05/26 15:14:24",
        "logdata": "GlobalUserItem.getCurGameKind()"
    },
    {
        "logtime": "2019/05/26 15:14:24",
        "logdata": 49
    },
    {
        "logtime": "2019/05/26 15:14:26",
        "logdata": "url"
    },
    {
        "logtime": "2019/05/26 15:14:26",
        "logdata": "http://apis.juhe.cn/ip/ip2addr?ip=113.77.81.126&key=74bb0395667b8d0588df9ebd6fc36a12"
    },
    {
        "logtime": "2019/05/26 15:14:26",
        "logdata": ""
    },
    {
        "logtime": "2019/05/26 15:14:26",
        "logdata": "url"
    },
    {
        "logtime": "2019/05/26 15:14:26",
        "logdata": "http://apis.juhe.cn/ip/ip2addr?ip=210.29.4.25&key=74bb0395667b8d0588df9ebd6fc36a12"
    },
    {
        "logtime": "2019/05/26 15:14:26",
        "logdata": ""
    },
    {
        "logtime": "2019/05/26 15:14:26",
        "logdata": "url"
    },
    {
        "logtime": "2019/05/26 15:14:26",
        "logdata": "http://apis.juhe.cn/ip/ip2addr?ip=182.85.22.218&key=74bb0395667b8d0588df9ebd6fc36a12"
    },
    {
        "logtime": "2019/05/26 15:14:26",
        "logdata": ""
    },
    {
        "logtime": "2019/05/26 15:14:26",
        "logdata": "url"
    },
    {
        "logtime": "2019/05/26 15:14:26",
        "logdata": "http://apis.juhe.cn/ip/ip2addr?ip=222.63.233.123&key=74bb0395667b8d0588df9ebd6fc36a12"
    },
    {
        "logtime": "2019/05/26 15:14:26",
        "logdata": ""
    },
    {
        "logtime": "2019/05/26 15:14:26",
        "logdata": "url"
    },
    {
        "logtime": "2019/05/26 15:14:26",
        "logdata": "http://apis.juhe.cn/ip/ip2addr?ip=210.28.218.21&key=74bb0395667b8d0588df9ebd6fc36a12"
    },
    {
        "logtime": "2019/05/26 15:14:26",
        "logdata": ""
    },
    {
        "logtime": "2019/05/26 15:14:26",
        "logdata": "url"
    },
    {
        "logtime": "2019/05/26 15:14:26",
        "logdata": "http://apis.juhe.cn/ip/ip2addr?ip=121.77.33.130&key=74bb0395667b8d0588df9ebd6fc36a12"
    },
    {
        "logtime": "2019/05/26 15:14:26",
        "logdata": ""
    },
    {
        "logtime": "2019/05/26 15:14:26",
        "logdata": "url"
    },
    {
        "logtime": "2019/05/26 15:14:26",
        "logdata": "http://apis.juhe.cn/ip/ip2addr?ip=171.10.239.6&key=74bb0395667b8d0588df9ebd6fc36a12"
    },
    {
        "logtime": "2019/05/26 15:14:26",
        "logdata": ""
    },
    {
        "logtime": "2019/05/26 15:14:26",
        "logdata": "url"
    },
    {
        "logtime": "2019/05/26 15:14:26",
        "logdata": "http://apis.juhe.cn/ip/ip2addr?ip=123.234.154.194&key=74bb0395667b8d0588df9ebd6fc36a12"
    },
    {
        "logtime": "2019/05/26 15:14:26",
        "logdata": ""
    },
    {
        "logtime": "2019/05/26 15:14:26",
        "logdata": "url"
    },
    {
        "logtime": "2019/05/26 15:14:26",
        "logdata": "http://apis.juhe.cn/ip/ip2addr?ip=171.12.111.121&key=74bb0395667b8d0588df9ebd6fc36a12"
    },
    {
        "logtime": "2019/05/26 15:14:26",
        "logdata": ""
    },
    {
        "logtime": "2019/05/26 15:14:26",
        "logdata": "url"
    },
    {
        "logtime": "2019/05/26 15:14:26",
        "logdata": "http://apis.juhe.cn/ip/ip2addr?ip=222.61.220.45&key=74bb0395667b8d0588df9ebd6fc36a12"
    },
    {
        "logtime": "2019/05/26 15:14:26",
        "logdata": ""
    },
    {
        "logtime": "2019/05/26 15:14:26",
        "logdata": "url"
    },
    {
        "logtime": "2019/05/26 15:14:26",
        "logdata": "http://apis.juhe.cn/ip/ip2addr?ip=123.235.184.145&key=74bb0395667b8d0588df9ebd6fc36a12"
    },
    {
        "logtime": "2019/05/26 15:14:26",
        "logdata": ""
    },
    {
        "logtime": "2019/05/26 15:14:26",
        "logdata": "url"
    },
    {
        "logtime": "2019/05/26 15:14:26",
        "logdata": "http://apis.juhe.cn/ip/ip2addr?ip=210.45.77.184&key=74bb0395667b8d0588df9ebd6fc36a12"
    },
    {
        "logtime": "2019/05/26 15:14:26",
        "logdata": ""
    },
    {
        "logtime": "2019/05/26 15:14:26",
        "logdata": "url"
    },
    {
        "logtime": "2019/05/26 15:14:26",
        "logdata": "http://apis.juhe.cn/ip/ip2addr?ip=182.84.164.46&key=74bb0395667b8d0588df9ebd6fc36a12"
    },
    {
        "logtime": "2019/05/26 15:14:26",
        "logdata": ""
    },
    {
        "logtime": "2019/05/26 15:14:26",
        "logdata": "url"
    },
    {
        "logtime": "2019/05/26 15:14:26",
        "logdata": "http://apis.juhe.cn/ip/ip2addr?ip=210.32.113.30&key=74bb0395667b8d0588df9ebd6fc36a12"
    },
    {
        "logtime": "2019/05/26 15:14:26",
        "logdata": ""
    },
    {
        "logtime": "2019/05/26 15:14:26",
        "logdata": "url"
    },
    {
        "logtime": "2019/05/26 15:14:26",
        "logdata": "http://apis.juhe.cn/ip/ip2addr?ip=222.48.60.236&key=74bb0395667b8d0588df9ebd6fc36a12"
    },
    {
        "logtime": "2019/05/26 15:14:26",
        "logdata": ""
    },
    {
        "logtime": "2019/05/26 15:14:26",
        "logdata": "url"
    },
    {
        "logtime": "2019/05/26 15:14:26",
        "logdata": "http://apis.juhe.cn/ip/ip2addr?ip=123.234.192.123&key=74bb0395667b8d0588df9ebd6fc36a12"
    },
    {
        "logtime": "2019/05/26 15:14:27",
        "logdata": ""
    },
    {
        "logtime": "2019/05/26 15:14:27",
        "logdata": "url"
    },
    {
        "logtime": "2019/05/26 15:14:27",
        "logdata": "http://apis.juhe.cn/ip/ip2addr?ip=121.77.248.253&key=74bb0395667b8d0588df9ebd6fc36a12"
    },
    {
        "logtime": "2019/05/26 15:14:27",
        "logdata": ""
    },
    {
        "logtime": "2019/05/26 15:14:27",
        "logdata": "url"
    },
    {
        "logtime": "2019/05/26 15:14:27",
        "logdata": "http://apis.juhe.cn/ip/ip2addr?ip=123.234.86.202&key=74bb0395667b8d0588df9ebd6fc36a12"
    },
    {
        "logtime": "2019/05/26 15:14:27",
        "logdata": ""
    },
    {
        "logtime": "2019/05/26 15:14:27",
        "logdata": "url"
    },
    {
        "logtime": "2019/05/26 15:14:27",
        "logdata": "http://apis.juhe.cn/ip/ip2addr?ip=171.12.73.136&key=74bb0395667b8d0588df9ebd6fc36a12"
    },
    {
        "logtime": "2019/05/26 15:14:27",
        "logdata": ""
    },
    {
        "logtime": "2019/05/26 15:14:27",
        "logdata": "url"
    },
    {
        "logtime": "2019/05/26 15:14:27",
        "logdata": "http://apis.juhe.cn/ip/ip2addr?ip=106.85.16.103&key=74bb0395667b8d0588df9ebd6fc36a12"
    },
    {
        "logtime": "2019/05/26 15:14:27",
        "logdata": ""
    },
    {
        "logtime": "2019/05/26 15:14:27",
        "logdata": "url"
    },
    {
        "logtime": "2019/05/26 15:14:27",
        "logdata": "http://apis.juhe.cn/ip/ip2addr?ip=222.57.65.170&key=74bb0395667b8d0588df9ebd6fc36a12"
    },
    {
        "logtime": "2019/05/26 15:14:27",
        "logdata": ""
    },
    {
        "logtime": "2019/05/26 15:14:27",
        "logdata": "url"
    },
    {
        "logtime": "2019/05/26 15:14:27",
        "logdata": "http://apis.juhe.cn/ip/ip2addr?ip=106.83.16.177&key=74bb0395667b8d0588df9ebd6fc36a12"
    },
    {
        "logtime": "2019/05/26 15:14:27",
        "logdata": ""
    },
    {
        "logtime": "2019/05/26 15:14:27",
        "logdata": "url"
    },
    {
        "logtime": "2019/05/26 15:14:27",
        "logdata": "http://apis.juhe.cn/ip/ip2addr?ip=106.90.85.240&key=74bb0395667b8d0588df9ebd6fc36a12"
    },
    {
        "logtime": "2019/05/26 15:14:27",
        "logdata": ""
    },
    {
        "logtime": "2019/05/26 15:14:27",
        "logdata": "url"
    },
    {
        "logtime": "2019/05/26 15:14:27",
        "logdata": "http://apis.juhe.cn/ip/ip2addr?ip=139.208.189.20&key=74bb0395667b8d0588df9ebd6fc36a12"
    },
    {
        "logtime": "2019/05/26 15:14:27",
        "logdata": ""
    },
    {
        "logtime": "2019/05/26 15:14:27",
        "logdata": "url"
    },
    {
        "logtime": "2019/05/26 15:14:27",
        "logdata": "http://apis.juhe.cn/ip/ip2addr?ip=121.76.120.183&key=74bb0395667b8d0588df9ebd6fc36a12"
    },
    {
        "logtime": "2019/05/26 15:14:27",
        "logdata": ""
    },
    {
        "logtime": "2019/05/26 15:14:27",
        "logdata": "url"
    },
    {
        "logtime": "2019/05/26 15:14:27",
        "logdata": "http://apis.juhe.cn/ip/ip2addr?ip=139.197.59.100&key=74bb0395667b8d0588df9ebd6fc36a12"
    },
    {
        "logtime": "2019/05/26 15:14:27",
        "logdata": ""
    },
    {
        "logtime": "2019/05/26 15:14:27",
        "logdata": "url"
    },
    {
        "logtime": "2019/05/26 15:14:27",
        "logdata": "http://apis.juhe.cn/ip/ip2addr?ip=106.88.112.118&key=74bb0395667b8d0588df9ebd6fc36a12"
    },
    {
        "logtime": "2019/05/26 15:14:27",
        "logdata": ""
    },
    {
        "logtime": "2019/05/26 15:14:27",
        "logdata": "url"
    },
    {
        "logtime": "2019/05/26 15:14:27",
        "logdata": "http://apis.juhe.cn/ip/ip2addr?ip=123.233.7.108&key=74bb0395667b8d0588df9ebd6fc36a12"
    },
    {
        "logtime": "2019/05/26 15:14:27",
        "logdata": ""
    },
    {
        "logtime": "2019/05/26 15:14:27",
        "logdata": "url"
    },
    {
        "logtime": "2019/05/26 15:14:27",
        "logdata": "http://apis.juhe.cn/ip/ip2addr?ip=123.232.206.56&key=74bb0395667b8d0588df9ebd6fc36a12"
    },
    {
        "logtime": "2019/05/26 15:14:27",
        "logdata": ""
    },
    {
        "logtime": "2019/05/26 15:14:27",
        "logdata": "url"
    },
    {
        "logtime": "2019/05/26 15:14:27",
        "logdata": "http://apis.juhe.cn/ip/ip2addr?ip=106.85.74.239&key=74bb0395667b8d0588df9ebd6fc36a12"
    },
    {
        "logtime": "2019/05/26 15:14:27",
        "logdata": ""
    },
    {
        "logtime": "2019/05/26 15:14:27",
        "logdata": "url"
    },
    {
        "logtime": "2019/05/26 15:14:27",
        "logdata": "http://apis.juhe.cn/ip/ip2addr?ip=106.92.68.21&key=74bb0395667b8d0588df9ebd6fc36a12"
    },
    {
        "logtime": "2019/05/26 15:14:27",
        "logdata": ""
    },
    {
        "logtime": "2019/05/26 15:14:27",
        "logdata": {
            "_ServerResVersion": 1,
            "_Active": true,
            "_KindVersion": "101122049",
            "_KindType": 2,
            "_Module": "qipai/thirteenx/",
            "_KindID": "49",
            "_Type": "qipai",
            "nSitChair": 65535,
            "_KindName": "qipai.thirteenx.",
            "nEnterRoomIndex": 1,
            "nSitTable": 65535,
            "_SortId": 1
        }
    },
    {
        "logtime": "2019/05/26 15:14:27",
        "logdata": "modulestr"
    },
    {
        "logtime": "2019/05/26 15:14:27",
        "logdata": "qipai/thirteenx/"
    },
    {
        "logtime": "2019/05/26 15:14:28",
        "logdata": "url"
    },
    {
        "logtime": "2019/05/26 15:14:28",
        "logdata": "http://apis.juhe.cn/ip/ip2addr?ip=123.234.192.123&key=74bb0395667b8d0588df9ebd6fc36a12"
    },
    {
        "logtime": "2019/05/26 15:14:28",
        "logdata": ""
    },
    {
        "logtime": "2019/05/26 15:14:28",
        "logdata": "url"
    },
    {
        "logtime": "2019/05/26 15:14:28",
        "logdata": "http://apis.juhe.cn/ip/ip2addr?ip=222.48.60.236&key=74bb0395667b8d0588df9ebd6fc36a12"
    },
    {
        "logtime": "2019/05/26 15:14:28",
        "logdata": ""
    },
    {
        "logtime": "2019/05/26 15:14:28",
        "logdata": "url"
    },
    {
        "logtime": "2019/05/26 15:14:28",
        "logdata": "http://apis.juhe.cn/ip/ip2addr?ip=123.234.86.202&key=74bb0395667b8d0588df9ebd6fc36a12"
    },
    {
        "logtime": "2019/05/26 15:14:28",
        "logdata": ""
    },
    {
        "logtime": "2019/05/26 15:14:28",
        "logdata": "url"
    },
    {
        "logtime": "2019/05/26 15:14:28",
        "logdata": "http://apis.juhe.cn/ip/ip2addr?ip=106.83.16.177&key=74bb0395667b8d0588df9ebd6fc36a12"
    },
    {
        "logtime": "2019/05/26 15:14:28",
        "logdata": ""
    },
    {
        "logtime": "2019/05/26 15:14:28",
        "logdata": "url"
    },
    {
        "logtime": "2019/05/26 15:14:28",
        "logdata": "http://apis.juhe.cn/ip/ip2addr?ip=139.208.189.20&key=74bb0395667b8d0588df9ebd6fc36a12"
    },
    {
        "logtime": "2019/05/26 15:14:28",
        "logdata": ""
    },
    {
        "logtime": "2019/05/26 15:14:28",
        "logdata": "url"
    },
    {
        "logtime": "2019/05/26 15:14:28",
        "logdata": "http://apis.juhe.cn/ip/ip2addr?ip=171.12.73.136&key=74bb0395667b8d0588df9ebd6fc36a12"
    },
    {
        "logtime": "2019/05/26 15:14:28",
        "logdata": ""
    },
    {
        "logtime": "2019/05/26 15:14:28",
        "logdata": "url"
    },
    {
        "logtime": "2019/05/26 15:14:28",
        "logdata": "http://apis.juhe.cn/ip/ip2addr?ip=106.90.85.240&key=74bb0395667b8d0588df9ebd6fc36a12"
    },
    {
        "logtime": "2019/05/26 15:14:28",
        "logdata": ""
    },
    {
        "logtime": "2019/05/26 15:14:28",
        "logdata": "url"
    },
    {
        "logtime": "2019/05/26 15:14:28",
        "logdata": "http://apis.juhe.cn/ip/ip2addr?ip=106.88.112.118&key=74bb0395667b8d0588df9ebd6fc36a12"
    },
    {
        "logtime": "2019/05/26 15:14:28",
        "logdata": ""
    },
    {
        "logtime": "2019/05/26 15:14:28",
        "logdata": "url"
    },
    {
        "logtime": "2019/05/26 15:14:28",
        "logdata": "http://apis.juhe.cn/ip/ip2addr?ip=121.76.120.183&key=74bb0395667b8d0588df9ebd6fc36a12"
    },
    {
        "logtime": "2019/05/26 15:14:28",
        "logdata": ""
    },
    {
        "logtime": "2019/05/26 15:14:28",
        "logdata": "url"
    },
    {
        "logtime": "2019/05/26 15:14:28",
        "logdata": "http://apis.juhe.cn/ip/ip2addr?ip=139.197.59.100&key=74bb0395667b8d0588df9ebd6fc36a12"
    },
    {
        "logtime": "2019/05/26 15:14:28",
        "logdata": ""
    },
    {
        "logtime": "2019/05/26 15:14:28",
        "logdata": "url"
    },
    {
        "logtime": "2019/05/26 15:14:28",
        "logdata": "http://apis.juhe.cn/ip/ip2addr?ip=222.57.65.170&key=74bb0395667b8d0588df9ebd6fc36a12"
    },
    {
        "logtime": "2019/05/26 15:14:28",
        "logdata": ""
    },
    {
        "logtime": "2019/05/26 15:14:28",
        "logdata": "url"
    },
    {
        "logtime": "2019/05/26 15:14:28",
        "logdata": "http://apis.juhe.cn/ip/ip2addr?ip=123.233.7.108&key=74bb0395667b8d0588df9ebd6fc36a12"
    },
    {
        "logtime": "2019/05/26 15:14:28",
        "logdata": ""
    },
    {
        "logtime": "2019/05/26 15:14:28",
        "logdata": "url"
    },
    {
        "logtime": "2019/05/26 15:14:28",
        "logdata": "http://apis.juhe.cn/ip/ip2addr?ip=106.92.68.21&key=74bb0395667b8d0588df9ebd6fc36a12"
    },
    {
        "logtime": "2019/05/26 15:14:28",
        "logdata": ""
    },
    {
        "logtime": "2019/05/26 15:14:28",
        "logdata": "url"
    },
    {
        "logtime": "2019/05/26 15:14:28",
        "logdata": "http://apis.juhe.cn/ip/ip2addr?ip=123.234.192.123&key=74bb0395667b8d0588df9ebd6fc36a12"
    },
    {
        "logtime": "2019/05/26 15:14:28",
        "logdata": ""
    },
    {
        "logtime": "2019/05/26 15:14:28",
        "logdata": "url"
    },
    {
        "logtime": "2019/05/26 15:14:28",
        "logdata": "http://apis.juhe.cn/ip/ip2addr?ip=106.83.16.177&key=74bb0395667b8d0588df9ebd6fc36a12"
    },
    {
        "logtime": "2019/05/26 15:14:28",
        "logdata": ""
    },
    {
        "logtime": "2019/05/26 15:14:28",
        "logdata": "url"
    },
    {
        "logtime": "2019/05/26 15:14:28",
        "logdata": "http://apis.juhe.cn/ip/ip2addr?ip=123.234.86.202&key=74bb0395667b8d0588df9ebd6fc36a12"
    },
    {
        "logtime": "2019/05/26 15:14:28",
        "logdata": ""
    },
    {
        "logtime": "2019/05/26 15:14:28",
        "logdata": "url"
    },
    {
        "logtime": "2019/05/26 15:14:28",
        "logdata": "http://apis.juhe.cn/ip/ip2addr?ip=222.48.60.236&key=74bb0395667b8d0588df9ebd6fc36a12"
    },
    {
        "logtime": "2019/05/26 15:14:28",
        "logdata": ""
    },
    {
        "logtime": "2019/05/26 15:14:28",
        "logdata": "url"
    },
    {
        "logtime": "2019/05/26 15:14:29",
        "logdata": "http://apis.juhe.cn/ip/ip2addr?ip=139.208.189.20&key=74bb0395667b8d0588df9ebd6fc36a12"
    },
    {
        "logtime": "2019/05/26 15:14:29",
        "logdata": ""
    },
    {
        "logtime": "2019/05/26 15:14:29",
        "logdata": "url"
    },
    {
        "logtime": "2019/05/26 15:14:29",
        "logdata": "http://apis.juhe.cn/ip/ip2addr?ip=106.92.68.21&key=74bb0395667b8d0588df9ebd6fc36a12"
    },
    {
        "logtime": "2019/05/26 15:14:29",
        "logdata": ""
    },
    {
        "logtime": "2019/05/26 15:14:29",
        "logdata": "url"
    },
    {
        "logtime": "2019/05/26 15:14:29",
        "logdata": "http://apis.juhe.cn/ip/ip2addr?ip=106.90.85.240&key=74bb0395667b8d0588df9ebd6fc36a12"
    },
    {
        "logtime": "2019/05/26 15:14:29",
        "logdata": ""
    },
    {
        "logtime": "2019/05/26 15:14:29",
        "logdata": "url"
    },
    {
        "logtime": "2019/05/26 15:14:29",
        "logdata": "http://apis.juhe.cn/ip/ip2addr?ip=171.12.73.136&key=74bb0395667b8d0588df9ebd6fc36a12"
    },
    {
        "logtime": "2019/05/26 15:14:29",
        "logdata": ""
    },
    {
        "logtime": "2019/05/26 15:14:29",
        "logdata": "url"
    },
    {
        "logtime": "2019/05/26 15:14:29",
        "logdata": "http://apis.juhe.cn/ip/ip2addr?ip=139.197.59.100&key=74bb0395667b8d0588df9ebd6fc36a12"
    },
    {
        "logtime": "2019/05/26 15:14:29",
        "logdata": ""
    },
    {
        "logtime": "2019/05/26 15:14:29",
        "logdata": "url"
    },
    {
        "logtime": "2019/05/26 15:14:29",
        "logdata": "http://apis.juhe.cn/ip/ip2addr?ip=106.88.112.118&key=74bb0395667b8d0588df9ebd6fc36a12"
    },
    {
        "logtime": "2019/05/26 15:14:29",
        "logdata": ""
    },
    {
        "logtime": "2019/05/26 15:14:29",
        "logdata": "url"
    },
    {
        "logtime": "2019/05/26 15:14:29",
        "logdata": "http://apis.juhe.cn/ip/ip2addr?ip=222.57.65.170&key=74bb0395667b8d0588df9ebd6fc36a12"
    },
    {
        "logtime": "2019/05/26 15:14:29",
        "logdata": ""
    },
    {
        "logtime": "2019/05/26 15:14:29",
        "logdata": "url"
    },
    {
        "logtime": "2019/05/26 15:14:29",
        "logdata": "http://apis.juhe.cn/ip/ip2addr?ip=123.233.7.108&key=74bb0395667b8d0588df9ebd6fc36a12"
    },
    {
        "logtime": "2019/05/26 15:14:29",
        "logdata": ""
    },
    {
        "logtime": "2019/05/26 15:14:44",
        "logdata": null
    },
    {
        "logtime": "2019/05/26 15:14:44",
        "logdata": "onEnterGame"
    },
    {
        "logtime": "2019/05/26 15:14:44",
        "logdata": {
            "_ServerResVersion": 1,
            "_Active": false,
            "_KindVersion": "101122049",
            "_KindType": 2,
            "_Module": "yule/sparrowxz/",
            "_KindID": "302",
            "_Type": "yule",
            "_KindName": "yule.sparrowxz.",
            "_SortId": 1
        }
    },
    {
        "logtime": "2019/05/26 15:14:44",
        "logdata": "GlobalUserItem.getCurGameKind()"
    },
    {
        "logtime": "2019/05/26 15:14:44",
        "logdata": 302
    },
    {
        "logtime": "2019/05/26 15:14:47",
        "logdata": 4
    },
    {
        "logtime": "2019/05/26 15:14:47",
        "logdata": "onEnterGame"
    },
    {
        "logtime": "2019/05/26 15:14:47",
        "logdata": {
            "_ServerResVersion": 4,
            "_Active": true,
            "_KindVersion": "101122049",
            "_KindType": 2,
            "_Module": "xiuxian/zhongfabai/",
            "_KindID": "105",
            "_Type": "xiuxian",
            "nSitChair": 65535,
            "_KindName": "xiuxian.zhongfabai.",
            "nEnterRoomIndex": 1,
            "nSitTable": 65535,
            "_SortId": 8
        }
    },
    {
        "logtime": "2019/05/26 15:14:48",
        "logdata": "url"
    },
    {
        "logtime": "2019/05/26 15:14:48",
        "logdata": "http://apis.juhe.cn/ip/ip2addr?ip=113.77.81.126&key=74bb0395667b8d0588df9ebd6fc36a12"
    },
    {
        "logtime": "2019/05/26 15:14:48",
        "logdata": ""
    },
    {
        "logtime": "2019/05/26 15:14:48",
        "logdata": "url"
    },
    {
        "logtime": "2019/05/26 15:14:48",
        "logdata": "http://apis.juhe.cn/ip/ip2addr?ip=61.235.6.154&key=74bb0395667b8d0588df9ebd6fc36a12"
    },
    {
        "logtime": "2019/05/26 15:14:48",
        "logdata": ""
    },
    {
        "logtime": "2019/05/26 15:14:48",
        "logdata": "url"
    },
    {
        "logtime": "2019/05/26 15:14:48",
        "logdata": "http://apis.juhe.cn/ip/ip2addr?ip=171.14.43.127&key=74bb0395667b8d0588df9ebd6fc36a12"
    },
    {
        "logtime": "2019/05/26 15:14:48",
        "logdata": ""
    },
    {
        "logtime": "2019/05/26 15:14:48",
        "logdata": "url"
    },
    {
        "logtime": "2019/05/26 15:14:48",
        "logdata": "http://apis.juhe.cn/ip/ip2addr?ip=222.39.223.186&key=74bb0395667b8d0588df9ebd6fc36a12"
    },
    {
        "logtime": "2019/05/26 15:14:48",
        "logdata": ""
    },
    {
        "logtime": "2019/05/26 15:14:48",
        "logdata": "url"
    },
    {
        "logtime": "2019/05/26 15:14:48",
        "logdata": "http://apis.juhe.cn/ip/ip2addr?ip=106.93.115.193&key=74bb0395667b8d0588df9ebd6fc36a12"
    },
    {
        "logtime": "2019/05/26 15:14:48",
        "logdata": ""
    },
    {
        "logtime": "2019/05/26 15:14:48",
        "logdata": "url"
    },
    {
        "logtime": "2019/05/26 15:14:48",
        "logdata": "http://apis.juhe.cn/ip/ip2addr?ip=106.90.35.207&key=74bb0395667b8d0588df9ebd6fc36a12"
    },
    {
        "logtime": "2019/05/26 15:14:48",
        "logdata": ""
    },
    {
        "logtime": "2019/05/26 15:14:48",
        "logdata": "url"
    },
    {
        "logtime": "2019/05/26 15:14:48",
        "logdata": "http://apis.juhe.cn/ip/ip2addr?ip=210.32.149.32&key=74bb0395667b8d0588df9ebd6fc36a12"
    },
    {
        "logtime": "2019/05/26 15:14:48",
        "logdata": ""
    },
    {
        "logtime": "2019/05/26 15:14:48",
        "logdata": "url"
    },
    {
        "logtime": "2019/05/26 15:14:48",
        "logdata": "http://apis.juhe.cn/ip/ip2addr?ip=61.234.219.118&key=74bb0395667b8d0588df9ebd6fc36a12"
    },
    {
        "logtime": "2019/05/26 15:14:48",
        "logdata": ""
    },
    {
        "logtime": "2019/05/26 15:14:48",
        "logdata": "url"
    },
    {
        "logtime": "2019/05/26 15:14:48",
        "logdata": "http://apis.juhe.cn/ip/ip2addr?ip=121.76.209.246&key=74bb0395667b8d0588df9ebd6fc36a12"
    },
    {
        "logtime": "2019/05/26 15:14:48",
        "logdata": ""
    },
    {
        "logtime": "2019/05/26 15:14:48",
        "logdata": "url"
    },
    {
        "logtime": "2019/05/26 15:14:48",
        "logdata": "http://apis.juhe.cn/ip/ip2addr?ip=210.44.54.175&key=74bb0395667b8d0588df9ebd6fc36a12"
    },
    {
        "logtime": "2019/05/26 15:14:48",
        "logdata": ""
    },
    {
        "logtime": "2019/05/26 15:14:48",
        "logdata": "url"
    },
    {
        "logtime": "2019/05/26 15:14:48",
        "logdata": "http://apis.juhe.cn/ip/ip2addr?ip=139.204.113.65&key=74bb0395667b8d0588df9ebd6fc36a12"
    },
    {
        "logtime": "2019/05/26 15:14:48",
        "logdata": ""
    },
    {
        "logtime": "2019/05/26 15:14:48",
        "logdata": "url"
    },
    {
        "logtime": "2019/05/26 15:14:48",
        "logdata": "http://apis.juhe.cn/ip/ip2addr?ip=121.77.188.93&key=74bb0395667b8d0588df9ebd6fc36a12"
    },
    {
        "logtime": "2019/05/26 15:14:48",
        "logdata": ""
    },
    {
        "logtime": "2019/05/26 15:14:48",
        "logdata": "url"
    },
    {
        "logtime": "2019/05/26 15:14:48",
        "logdata": "http://apis.juhe.cn/ip/ip2addr?ip=61.234.219.80&key=74bb0395667b8d0588df9ebd6fc36a12"
    },
    {
        "logtime": "2019/05/26 15:14:48",
        "logdata": ""
    },
    {
        "logtime": "2019/05/26 15:14:48",
        "logdata": "url"
    },
    {
        "logtime": "2019/05/26 15:14:48",
        "logdata": "http://apis.juhe.cn/ip/ip2addr?ip=139.215.89.147&key=74bb0395667b8d0588df9ebd6fc36a12"
    },
    {
        "logtime": "2019/05/26 15:14:48",
        "logdata": ""
    },
    {
        "logtime": "2019/05/26 15:14:48",
        "logdata": "url"
    },
    {
        "logtime": "2019/05/26 15:14:48",
        "logdata": "http://apis.juhe.cn/ip/ip2addr?ip=123.234.244.217&key=74bb0395667b8d0588df9ebd6fc36a12"
    },
    {
        "logtime": "2019/05/26 15:14:48",
        "logdata": ""
    },
    {
        "logtime": "2019/05/26 15:14:48",
        "logdata": "url"
    },
    {
        "logtime": "2019/05/26 15:14:48",
        "logdata": "http://apis.juhe.cn/ip/ip2addr?ip=121.76.217.185&key=74bb0395667b8d0588df9ebd6fc36a12"
    },
    {
        "logtime": "2019/05/26 15:14:48",
        "logdata": ""
    },
    {
        "logtime": "2019/05/26 15:14:48",
        "logdata": "url"
    },
    {
        "logtime": "2019/05/26 15:14:48",
        "logdata": "http://apis.juhe.cn/ip/ip2addr?ip=171.11.166.80&key=74bb0395667b8d0588df9ebd6fc36a12"
    },
    {
        "logtime": "2019/05/26 15:14:48",
        "logdata": ""
    },
    {
        "logtime": "2019/05/26 15:14:48",
        "logdata": "url"
    },
    {
        "logtime": "2019/05/26 15:14:48",
        "logdata": "http://apis.juhe.cn/ip/ip2addr?ip=210.47.238.246&key=74bb0395667b8d0588df9ebd6fc36a12"
    },
    {
        "logtime": "2019/05/26 15:14:48",
        "logdata": ""
    },
    {
        "logtime": "2019/05/26 15:14:48",
        "logdata": "url"
    },
    {
        "logtime": "2019/05/26 15:14:48",
        "logdata": "http://apis.juhe.cn/ip/ip2addr?ip=182.84.51.3&key=74bb0395667b8d0588df9ebd6fc36a12"
    },
    {
        "logtime": "2019/05/26 15:14:48",
        "logdata": ""
    },
    {
        "logtime": "2019/05/26 15:14:48",
        "logdata": "url"
    },
    {
        "logtime": "2019/05/26 15:14:48",
        "logdata": "http://apis.juhe.cn/ip/ip2addr?ip=182.92.43.199&key=74bb0395667b8d0588df9ebd6fc36a12"
    },
    {
        "logtime": "2019/05/26 15:14:48",
        "logdata": ""
    },
    {
        "logtime": "2019/05/26 15:14:49",
        "logdata": "url"
    },
    {
        "logtime": "2019/05/26 15:14:49",
        "logdata": "http://apis.juhe.cn/ip/ip2addr?ip=139.204.178.1&key=74bb0395667b8d0588df9ebd6fc36a12"
    },
    {
        "logtime": "2019/05/26 15:14:49",
        "logdata": ""
    },
    {
        "logtime": "2019/05/26 15:14:49",
        "logdata": "url"
    },
    {
        "logtime": "2019/05/26 15:14:49",
        "logdata": "http://apis.juhe.cn/ip/ip2addr?ip=121.77.176.142&key=74bb0395667b8d0588df9ebd6fc36a12"
    },
    {
        "logtime": "2019/05/26 15:14:49",
        "logdata": ""
    },
    {
        "logtime": "2019/05/26 15:14:49",
        "logdata": "url"
    },
    {
        "logtime": "2019/05/26 15:14:49",
        "logdata": "http://apis.juhe.cn/ip/ip2addr?ip=123.235.103.228&key=74bb0395667b8d0588df9ebd6fc36a12"
    },
    {
        "logtime": "2019/05/26 15:14:49",
        "logdata": ""
    },
    {
        "logtime": "2019/05/26 15:14:49",
        "logdata": "url"
    },
    {
        "logtime": "2019/05/26 15:14:49",
        "logdata": "http://apis.juhe.cn/ip/ip2addr?ip=182.81.225.254&key=74bb0395667b8d0588df9ebd6fc36a12"
    },
    {
        "logtime": "2019/05/26 15:14:49",
        "logdata": ""
    },
    {
        "logtime": "2019/05/26 15:14:49",
        "logdata": "url"
    },
    {
        "logtime": "2019/05/26 15:14:49",
        "logdata": "http://apis.juhe.cn/ip/ip2addr?ip=36.63.175.63&key=74bb0395667b8d0588df9ebd6fc36a12"
    },
    {
        "logtime": "2019/05/26 15:14:49",
        "logdata": ""
    },
    {
        "logtime": "2019/05/26 15:14:49",
        "logdata": "url"
    },
    {
        "logtime": "2019/05/26 15:14:49",
        "logdata": "http://apis.juhe.cn/ip/ip2addr?ip=139.200.54.92&key=74bb0395667b8d0588df9ebd6fc36a12"
    },
    {
        "logtime": "2019/05/26 15:14:49",
        "logdata": ""
    },
    {
        "logtime": "2019/05/26 15:14:49",
        "logdata": "url"
    },
    {
        "logtime": "2019/05/26 15:14:49",
        "logdata": "http://apis.juhe.cn/ip/ip2addr?ip=106.83.132.171&key=74bb0395667b8d0588df9ebd6fc36a12"
    },
    {
        "logtime": "2019/05/26 15:14:49",
        "logdata": ""
    },
    {
        "logtime": "2019/05/26 15:14:49",
        "logdata": "url"
    },
    {
        "logtime": "2019/05/26 15:14:49",
        "logdata": "http://apis.juhe.cn/ip/ip2addr?ip=210.45.105.234&key=74bb0395667b8d0588df9ebd6fc36a12"
    },
    {
        "logtime": "2019/05/26 15:14:49",
        "logdata": ""
    },
    {
        "logtime": "2019/05/26 15:14:49",
        "logdata": "url"
    },
    {
        "logtime": "2019/05/26 15:14:49",
        "logdata": "http://apis.juhe.cn/ip/ip2addr?ip=36.62.255.94&key=74bb0395667b8d0588df9ebd6fc36a12"
    },
    {
        "logtime": "2019/05/26 15:14:49",
        "logdata": ""
    },
    {
        "logtime": "2019/05/26 15:14:49",
        "logdata": "url"
    },
    {
        "logtime": "2019/05/26 15:14:49",
        "logdata": "http://apis.juhe.cn/ip/ip2addr?ip=121.77.195.128&key=74bb0395667b8d0588df9ebd6fc36a12"
    },
    {
        "logtime": "2019/05/26 15:14:49",
        "logdata": ""
    },
    {
        "logtime": "2019/05/26 15:14:49",
        "logdata": "url"
    },
    {
        "logtime": "2019/05/26 15:14:49",
        "logdata": "http://apis.juhe.cn/ip/ip2addr?ip=139.204.66.55&key=74bb0395667b8d0588df9ebd6fc36a12"
    },
    {
        "logtime": "2019/05/26 15:14:49",
        "logdata": ""
    },
    {
        "logtime": "2019/05/26 15:14:49",
        "logdata": "url"
    },
    {
        "logtime": "2019/05/26 15:14:49",
        "logdata": "http://apis.juhe.cn/ip/ip2addr?ip=121.77.188.93&key=74bb0395667b8d0588df9ebd6fc36a12"
    },
    {
        "logtime": "2019/05/26 15:14:49",
        "logdata": ""
    },
    {
        "logtime": "2019/05/26 15:14:49",
        "logdata": {
            "_ServerResVersion": 4,
            "_Active": true,
            "_KindVersion": "101122049",
            "_KindType": 2,
            "_Module": "xiuxian/zhongfabai/",
            "_KindID": "105",
            "_Type": "xiuxian",
            "nSitChair": 65535,
            "_KindName": "xiuxian.zhongfabai.",
            "nEnterRoomIndex": 1,
            "nSitTable": 65535,
            "_SortId": 8
        }
    },
    {
        "logtime": "2019/05/26 15:14:49",
        "logdata": "modulestr"
    },
    {
        "logtime": "2019/05/26 15:14:49",
        "logdata": "xiuxian/zhongfabai/"
    },
    {
        "logtime": "2019/05/26 15:14:49",
        "logdata": "url"
    },
    {
        "logtime": "2019/05/26 15:14:49",
        "logdata": "http://apis.juhe.cn/ip/ip2addr?ip=210.47.238.246&key=74bb0395667b8d0588df9ebd6fc36a12"
    },
    {
        "logtime": "2019/05/26 15:14:49",
        "logdata": ""
    },
    {
        "logtime": "2019/05/26 15:14:49",
        "logdata": "url"
    },
    {
        "logtime": "2019/05/26 15:14:49",
        "logdata": "http://apis.juhe.cn/ip/ip2addr?ip=123.234.244.217&key=74bb0395667b8d0588df9ebd6fc36a12"
    },
    {
        "logtime": "2019/05/26 15:14:49",
        "logdata": ""
    },
    {
        "logtime": "2019/05/26 15:14:49",
        "logdata": "url"
    },
    {
        "logtime": "2019/05/26 15:14:49",
        "logdata": "http://apis.juhe.cn/ip/ip2addr?ip=139.204.178.1&key=74bb0395667b8d0588df9ebd6fc36a12"
    },
    {
        "logtime": "2019/05/26 15:14:49",
        "logdata": ""
    },
    {
        "logtime": "2019/05/26 15:14:49",
        "logdata": "url"
    },
    {
        "logtime": "2019/05/26 15:14:49",
        "logdata": "http://apis.juhe.cn/ip/ip2addr?ip=139.215.89.147&key=74bb0395667b8d0588df9ebd6fc36a12"
    },
    {
        "logtime": "2019/05/26 15:14:49",
        "logdata": ""
    },
    {
        "logtime": "2019/05/26 15:14:49",
        "logdata": "url"
    },
    {
        "logtime": "2019/05/26 15:14:50",
        "logdata": "http://apis.juhe.cn/ip/ip2addr?ip=182.92.43.199&key=74bb0395667b8d0588df9ebd6fc36a12"
    },
    {
        "logtime": "2019/05/26 15:14:50",
        "logdata": ""
    },
    {
        "logtime": "2019/05/26 15:14:50",
        "logdata": "url"
    },
    {
        "logtime": "2019/05/26 15:14:50",
        "logdata": "http://apis.juhe.cn/ip/ip2addr?ip=182.84.51.3&key=74bb0395667b8d0588df9ebd6fc36a12"
    },
    {
        "logtime": "2019/05/26 15:14:50",
        "logdata": ""
    },
    {
        "logtime": "2019/05/26 15:14:50",
        "logdata": "url"
    },
    {
        "logtime": "2019/05/26 15:14:50",
        "logdata": "http://apis.juhe.cn/ip/ip2addr?ip=121.77.176.142&key=74bb0395667b8d0588df9ebd6fc36a12"
    },
    {
        "logtime": "2019/05/26 15:14:50",
        "logdata": ""
    },
    {
        "logtime": "2019/05/26 15:14:50",
        "logdata": "url"
    },
    {
        "logtime": "2019/05/26 15:14:50",
        "logdata": "http://apis.juhe.cn/ip/ip2addr?ip=123.235.103.228&key=74bb0395667b8d0588df9ebd6fc36a12"
    },
    {
        "logtime": "2019/05/26 15:14:50",
        "logdata": ""
    },
    {
        "logtime": "2019/05/26 15:14:50",
        "logdata": "url"
    },
    {
        "logtime": "2019/05/26 15:14:50",
        "logdata": "http://apis.juhe.cn/ip/ip2addr?ip=36.63.175.63&key=74bb0395667b8d0588df9ebd6fc36a12"
    },
    {
        "logtime": "2019/05/26 15:14:50",
        "logdata": ""
    },
    {
        "logtime": "2019/05/26 15:14:50",
        "logdata": "url"
    },
    {
        "logtime": "2019/05/26 15:14:50",
        "logdata": "http://apis.juhe.cn/ip/ip2addr?ip=182.81.225.254&key=74bb0395667b8d0588df9ebd6fc36a12"
    },
    {
        "logtime": "2019/05/26 15:14:50",
        "logdata": ""
    },
    {
        "logtime": "2019/05/26 15:14:50",
        "logdata": "url"
    },
    {
        "logtime": "2019/05/26 15:14:50",
        "logdata": "http://apis.juhe.cn/ip/ip2addr?ip=210.45.105.234&key=74bb0395667b8d0588df9ebd6fc36a12"
    },
    {
        "logtime": "2019/05/26 15:14:50",
        "logdata": ""
    },
    {
        "logtime": "2019/05/26 15:14:50",
        "logdata": "url"
    },
    {
        "logtime": "2019/05/26 15:14:50",
        "logdata": "http://apis.juhe.cn/ip/ip2addr?ip=121.77.195.128&key=74bb0395667b8d0588df9ebd6fc36a12"
    },
    {
        "logtime": "2019/05/26 15:14:50",
        "logdata": ""
    },
    {
        "logtime": "2019/05/26 15:14:50",
        "logdata": "url"
    },
    {
        "logtime": "2019/05/26 15:14:50",
        "logdata": "http://apis.juhe.cn/ip/ip2addr?ip=121.77.188.93&key=74bb0395667b8d0588df9ebd6fc36a12"
    },
    {
        "logtime": "2019/05/26 15:14:50",
        "logdata": ""
    },
    {
        "logtime": "2019/05/26 15:14:50",
        "logdata": "url"
    },
    {
        "logtime": "2019/05/26 15:14:50",
        "logdata": "http://apis.juhe.cn/ip/ip2addr?ip=210.47.238.246&key=74bb0395667b8d0588df9ebd6fc36a12"
    },
    {
        "logtime": "2019/05/26 15:14:50",
        "logdata": ""
    },
    {
        "logtime": "2019/05/26 15:14:50",
        "logdata": "url"
    },
    {
        "logtime": "2019/05/26 15:14:50",
        "logdata": "http://apis.juhe.cn/ip/ip2addr?ip=123.234.244.217&key=74bb0395667b8d0588df9ebd6fc36a12"
    },
    {
        "logtime": "2019/05/26 15:14:50",
        "logdata": ""
    },
    {
        "logtime": "2019/05/26 15:14:50",
        "logdata": "url"
    },
    {
        "logtime": "2019/05/26 15:14:50",
        "logdata": "http://apis.juhe.cn/ip/ip2addr?ip=139.215.89.147&key=74bb0395667b8d0588df9ebd6fc36a12"
    },
    {
        "logtime": "2019/05/26 15:14:50",
        "logdata": ""
    },
    {
        "logtime": "2019/05/26 15:14:50",
        "logdata": "url"
    },
    {
        "logtime": "2019/05/26 15:14:50",
        "logdata": "http://apis.juhe.cn/ip/ip2addr?ip=139.204.178.1&key=74bb0395667b8d0588df9ebd6fc36a12"
    },
    {
        "logtime": "2019/05/26 15:14:50",
        "logdata": ""
    },
    {
        "logtime": "2019/05/26 15:14:50",
        "logdata": "url"
    },
    {
        "logtime": "2019/05/26 15:14:50",
        "logdata": "http://apis.juhe.cn/ip/ip2addr?ip=182.84.51.3&key=74bb0395667b8d0588df9ebd6fc36a12"
    },
    {
        "logtime": "2019/05/26 15:14:50",
        "logdata": ""
    },
    {
        "logtime": "2019/05/26 15:14:50",
        "logdata": "url"
    },
    {
        "logtime": "2019/05/26 15:14:50",
        "logdata": "http://apis.juhe.cn/ip/ip2addr?ip=182.92.43.199&key=74bb0395667b8d0588df9ebd6fc36a12"
    },
    {
        "logtime": "2019/05/26 15:14:50",
        "logdata": ""
    },
    {
        "logtime": "2019/05/26 15:14:50",
        "logdata": "url"
    },
    {
        "logtime": "2019/05/26 15:14:50",
        "logdata": "http://apis.juhe.cn/ip/ip2addr?ip=121.77.176.142&key=74bb0395667b8d0588df9ebd6fc36a12"
    },
    {
        "logtime": "2019/05/26 15:14:51",
        "logdata": ""
    },
    {
        "logtime": "2019/05/26 15:14:51",
        "logdata": "url"
    },
    {
        "logtime": "2019/05/26 15:14:51",
        "logdata": "http://apis.juhe.cn/ip/ip2addr?ip=36.63.175.63&key=74bb0395667b8d0588df9ebd6fc36a12"
    },
    {
        "logtime": "2019/05/26 15:14:51",
        "logdata": ""
    },
    {
        "logtime": "2019/05/26 15:14:51",
        "logdata": "url"
    },
    {
        "logtime": "2019/05/26 15:14:51",
        "logdata": "http://apis.juhe.cn/ip/ip2addr?ip=123.235.103.228&key=74bb0395667b8d0588df9ebd6fc36a12"
    },
    {
        "logtime": "2019/05/26 15:14:51",
        "logdata": ""
    },
    {
        "logtime": "2019/05/26 15:14:51",
        "logdata": "url"
    },
    {
        "logtime": "2019/05/26 15:14:51",
        "logdata": "http://apis.juhe.cn/ip/ip2addr?ip=182.81.225.254&key=74bb0395667b8d0588df9ebd6fc36a12"
    },
    {
        "logtime": "2019/05/26 15:14:51",
        "logdata": ""
    },
    {
        "logtime": "2019/05/26 15:14:51",
        "logdata": "url"
    },
    {
        "logtime": "2019/05/26 15:14:51",
        "logdata": "http://apis.juhe.cn/ip/ip2addr?ip=121.77.195.128&key=74bb0395667b8d0588df9ebd6fc36a12"
    },
    {
        "logtime": "2019/05/26 15:14:51",
        "logdata": ""
    },
    {
        "logtime": "2019/05/26 15:14:51",
        "logdata": "url"
    },
    {
        "logtime": "2019/05/26 15:14:51",
        "logdata": "http://apis.juhe.cn/ip/ip2addr?ip=210.45.105.234&key=74bb0395667b8d0588df9ebd6fc36a12"
    },
    {
        "logtime": "2019/05/26 15:14:51",
        "logdata": ""
    }
]