[
    {
        "logtime": "2019/05/17 18:49:00",
        "logdata": "url"
    },
    {
        "logtime": "2019/05/17 18:49:00",
        "logdata": "http://apis.juhe.cn/ip/ip2addr?ip=113.77.83.165&key=74bb0395667b8d0588df9ebd6fc36a12"
    },
    {
        "logtime": "2019/05/17 18:49:00",
        "logdata": ""
    },
    {
        "logtime": "2019/05/17 18:49:00",
        "logdata": "onLogonCallBack"
    },
    {
        "logtime": "2019/05/17 18:49:00",
        "logdata": "http://www.fuannainc.top/"
    },
    {
        "logtime": "2019/05/17 18:49:00",
        "logdata": "url"
    },
    {
        "logtime": "2019/05/17 18:49:00",
        "logdata": "http://www.fuannainc.top//WS/MobileInterface.ashx"
    },
    {
        "logtime": "2019/05/17 18:49:00",
        "logdata": "action=GetMobileShareConfig&userid=119938&time=1558090140&signature=04BBD303564184A2B153A10F36B66215"
    }
]