[
    {
        "logtime": "2019/07/09 15:01:45",
        "logdata": "LogonScene.onceExcute"
    },
    {
        "logtime": "2019/07/09 15:01:45",
        "logdata": "http://www.fuannainc.top/"
    },
    {
        "logtime": "2019/07/09 15:01:45",
        "logdata": "url"
    },
    {
        "logtime": "2019/07/09 15:01:45",
        "logdata": "http://www.fuannainc.top//ws/MobileInterface.ashx?action=GetMobileLoginNotice"
    },
    {
        "logtime": "2019/07/09 15:01:45",
        "logdata": ""
    },
    {
        "logtime": "2019/07/09 15:01:47",
        "logdata": "onLogonCallBack"
    },
    {
        "logtime": "2019/07/09 15:01:47",
        "logdata": "http://www.fuannainc.top/"
    },
    {
        "logtime": "2019/07/09 15:01:47",
        "logdata": "url"
    },
    {
        "logtime": "2019/07/09 15:01:47",
        "logdata": "http://www.fuannainc.top//WS/MobileInterface.ashx"
    },
    {
        "logtime": "2019/07/09 15:01:47",
        "logdata": "action=GetMobileShareConfig&userid=119942&time=1562655707&signature=E604C4116A86A7F95161C7FD89F77470"
    },
    {
        "logtime": "2019/07/09 15:01:48",
        "logdata": "url"
    },
    {
        "logtime": "2019/07/09 15:01:48",
        "logdata": "http://www.fuannainc.top//WS/MobileInterface.ashx?action=GetMobileRollNotice"
    },
    {
        "logtime": "2019/07/09 15:01:48",
        "logdata": ""
    },
    {
        "logtime": "2019/07/09 15:01:51",
        "logdata": "keys2"
    },
    {
        "logtime": "2019/07/09 15:01:51",
        "logdata": "byte"
    },
    {
        "logtime": "2019/07/09 15:01:51",
        "logdata": "keys2"
    },
    {
        "logtime": "2019/07/09 15:01:51",
        "logdata": "word"
    },
    {
        "logtime": "2019/07/09 15:01:51",
        "logdata": "keys2"
    },
    {
        "logtime": "2019/07/09 15:01:51",
        "logdata": "word"
    },
    {
        "logtime": "2019/07/09 15:01:51",
        "logdata": "keys2"
    },
    {
        "logtime": "2019/07/09 15:01:51",
        "logdata": "word"
    },
    {
        "logtime": "2019/07/09 15:01:51",
        "logdata": "keys2"
    },
    {
        "logtime": "2019/07/09 15:01:51",
        "logdata": "word"
    },
    {
        "logtime": "2019/07/09 15:01:51",
        "logdata": "keys2"
    },
    {
        "logtime": "2019/07/09 15:01:51",
        "logdata": "double"
    },
    {
        "logtime": "2019/07/09 15:01:51",
        "logdata": "keys2"
    },
    {
        "logtime": "2019/07/09 15:01:51",
        "logdata": "double"
    },
    {
        "logtime": "2019/07/09 15:01:51",
        "logdata": "keys2"
    },
    {
        "logtime": "2019/07/09 15:01:51",
        "logdata": "double"
    },
    {
        "logtime": "2019/07/09 15:01:51",
        "logdata": "keys2"
    },
    {
        "logtime": "2019/07/09 15:01:51",
        "logdata": "string"
    },
    {
        "logtime": "2019/07/09 15:01:51",
        "logdata": "keys2"
    },
    {
        "logtime": "2019/07/09 15:01:51",
        "logdata": "string"
    },
    {
        "logtime": "2019/07/09 15:01:51",
        "logdata": "keys2"
    },
    {
        "logtime": "2019/07/09 15:01:51",
        "logdata": "double"
    },
    {
        "logtime": "2019/07/09 15:01:51",
        "logdata": "keys2"
    },
    {
        "logtime": "2019/07/09 15:01:51",
        "logdata": "string"
    }
]