[
    {
        "logtime": "2019/07/02 16:37:00",
        "logdata": "url"
    },
    {
        "logtime": "2019/07/02 16:37:00",
        "logdata": "http://www.fuannainc.top//WS/MobileInterface.ashx"
    },
    {
        "logtime": "2019/07/02 16:37:00",
        "logdata": "action=GetScoreInfo&userid=120187&time=1562056620&signature=2A17C1975AA12863FA34F21E77224BAA"
    },
    {
        "logtime": "2019/07/02 16:37:04",
        "logdata": "LogonScene.onceExcute"
    },
    {
        "logtime": "2019/07/02 16:37:04",
        "logdata": "http://www.fuannainc.top/"
    },
    {
        "logtime": "2019/07/02 16:37:04",
        "logdata": "url"
    },
    {
        "logtime": "2019/07/02 16:37:04",
        "logdata": "http://www.fuannainc.top//ws/MobileInterface.ashx?action=GetMobileLoginNotice"
    },
    {
        "logtime": "2019/07/02 16:37:04",
        "logdata": ""
    },
    {
        "logtime": "2019/07/02 16:37:06",
        "logdata": "url"
    },
    {
        "logtime": "2019/07/02 16:37:06",
        "logdata": "http://apis.juhe.cn/ip/ip2addr?ip=58.23.48.188&key=74bb0395667b8d0588df9ebd6fc36a12"
    },
    {
        "logtime": "2019/07/02 16:37:06",
        "logdata": ""
    },
    {
        "logtime": "2019/07/02 16:37:06",
        "logdata": "onLogonCallBack"
    },
    {
        "logtime": "2019/07/02 16:37:06",
        "logdata": "http://www.fuannainc.top/"
    },
    {
        "logtime": "2019/07/02 16:37:06",
        "logdata": "url"
    },
    {
        "logtime": "2019/07/02 16:37:06",
        "logdata": "http://www.fuannainc.top//WS/MobileInterface.ashx"
    },
    {
        "logtime": "2019/07/02 16:37:06",
        "logdata": "action=GetMobileShareConfig&userid=120187&time=1562056626&signature=15CD332740944DC91934846A5629E062"
    },
    {
        "logtime": "2019/07/02 16:37:08",
        "logdata": "url"
    },
    {
        "logtime": "2019/07/02 16:37:08",
        "logdata": "http://www.fuannainc.top//WS/MobileInterface.ashx?action=GetMobileRollNotice"
    },
    {
        "logtime": "2019/07/02 16:37:08",
        "logdata": ""
    },
    {
        "logtime": "2019/07/02 16:37:11",
        "logdata": null
    },
    {
        "logtime": "2019/07/02 16:37:11",
        "logdata": "onEnterGame"
    },
    {
        "logtime": "2019/07/02 16:37:11",
        "logdata": {
            "_ServerResVersion": 10,
            "_Active": true,
            "_KindVersion": "101122049",
            "_KindType": 1,
            "_Module": "xiuxian/shuiguolaba/",
            "_KindID": "406",
            "_Type": "xiuxian",
            "_KindName": "xiuxian.shuiguolaba.",
            "_SortId": 0
        }
    },
    {
        "logtime": "2019/07/02 16:37:11",
        "logdata": "GlobalUserItem.getCurGameKind()"
    },
    {
        "logtime": "2019/07/02 16:37:11",
        "logdata": 406
    },
    {
        "logtime": "2019/07/02 16:37:13",
        "logdata": "url"
    },
    {
        "logtime": "2019/07/02 16:37:13",
        "logdata": "http://apis.juhe.cn/ip/ip2addr?ip=58.23.48.188&key=74bb0395667b8d0588df9ebd6fc36a12"
    },
    {
        "logtime": "2019/07/02 16:37:13",
        "logdata": ""
    },
    {
        "logtime": "2019/07/02 16:37:13",
        "logdata": "url"
    },
    {
        "logtime": "2019/07/02 16:37:13",
        "logdata": "http://apis.juhe.cn/ip/ip2addr?ip=58.23.48.188&key=74bb0395667b8d0588df9ebd6fc36a12"
    },
    {
        "logtime": "2019/07/02 16:37:13",
        "logdata": ""
    },
    {
        "logtime": "2019/07/02 16:37:13",
        "logdata": {
            "_ServerResVersion": 10,
            "_Active": true,
            "_KindVersion": "101122049",
            "_KindType": 1,
            "_Module": "xiuxian/shuiguolaba/",
            "_KindID": "406",
            "_Type": "xiuxian",
            "nSitChair": 65535,
            "_KindName": "xiuxian.shuiguolaba.",
            "nEnterRoomIndex": 1,
            "nSitTable": 65535,
            "_SortId": 0
        }
    },
    {
        "logtime": "2019/07/02 16:37:13",
        "logdata": "modulestr"
    },
    {
        "logtime": "2019/07/02 16:37:13",
        "logdata": "xiuxian/shuiguolaba/"
    }
]