[
    {
        "logtime": "2019/05/23 18:55:09",
        "logdata": "LogonScene.onceExcute"
    },
    {
        "logtime": "2019/05/23 18:55:09",
        "logdata": "http://www.fuannainc.top/"
    },
    {
        "logtime": "2019/05/23 18:55:10",
        "logdata": "url"
    },
    {
        "logtime": "2019/05/23 18:55:10",
        "logdata": "http://www.fuannainc.top//ws/MobileInterface.ashx?action=GetMobileLoginNotice"
    },
    {
        "logtime": "2019/05/23 18:55:10",
        "logdata": ""
    }
]