[
    {
        "logtime": "2019/07/02 18:54:03",
        "logdata": "[string \".\\game/xiuxian/shuiguolaba/src/views/layer/Ga...\"]:719: attempt to perform arithmetic on local 'a' (a table value)\nstack traceback:\n\t[string \".\\game/xiuxian/shuiguolaba/src/views/layer/Ga...\"]:561: in function <[string \".\\game/xiuxian/shuiguolaba/src/views/layer/Ga...\"]:557>"
    },
    {
        "logtime": "2019/07/02 18:54:15",
        "logdata": "LogonScene.onceExcute"
    },
    {
        "logtime": "2019/07/02 18:54:15",
        "logdata": "http://www.fuannainc.top/"
    },
    {
        "logtime": "2019/07/02 18:54:15",
        "logdata": "url"
    },
    {
        "logtime": "2019/07/02 18:54:15",
        "logdata": "http://www.fuannainc.top//ws/MobileInterface.ashx?action=GetMobileLoginNotice"
    },
    {
        "logtime": "2019/07/02 18:54:15",
        "logdata": ""
    },
    {
        "logtime": "2019/07/02 18:54:17",
        "logdata": "url"
    },
    {
        "logtime": "2019/07/02 18:54:17",
        "logdata": "http://apis.juhe.cn/ip/ip2addr?ip=58.23.48.188&key=74bb0395667b8d0588df9ebd6fc36a12"
    },
    {
        "logtime": "2019/07/02 18:54:17",
        "logdata": ""
    },
    {
        "logtime": "2019/07/02 18:54:17",
        "logdata": "onLogonCallBack"
    },
    {
        "logtime": "2019/07/02 18:54:17",
        "logdata": "http://www.fuannainc.top/"
    },
    {
        "logtime": "2019/07/02 18:54:17",
        "logdata": "url"
    },
    {
        "logtime": "2019/07/02 18:54:17",
        "logdata": "http://www.fuannainc.top//WS/MobileInterface.ashx"
    },
    {
        "logtime": "2019/07/02 18:54:17",
        "logdata": "action=GetMobileShareConfig&userid=120187&time=1562064857&signature=3CBD3D2B0FE6A32BCC3239750EFBFB63"
    },
    {
        "logtime": "2019/07/02 18:54:19",
        "logdata": "url"
    },
    {
        "logtime": "2019/07/02 18:54:19",
        "logdata": "http://www.fuannainc.top//WS/MobileInterface.ashx?action=GetMobileRollNotice"
    },
    {
        "logtime": "2019/07/02 18:54:19",
        "logdata": ""
    },
    {
        "logtime": "2019/07/02 18:54:21",
        "logdata": "url"
    },
    {
        "logtime": "2019/07/02 18:54:21",
        "logdata": "http://apis.juhe.cn/ip/ip2addr?ip=58.23.48.188&key=74bb0395667b8d0588df9ebd6fc36a12"
    },
    {
        "logtime": "2019/07/02 18:54:21",
        "logdata": ""
    },
    {
        "logtime": "2019/07/02 18:54:21",
        "logdata": "url"
    },
    {
        "logtime": "2019/07/02 18:54:21",
        "logdata": "http://apis.juhe.cn/ip/ip2addr?ip=58.23.48.188&key=74bb0395667b8d0588df9ebd6fc36a12"
    },
    {
        "logtime": "2019/07/02 18:54:21",
        "logdata": ""
    },
    {
        "logtime": "2019/07/02 18:54:21",
        "logdata": "url"
    },
    {
        "logtime": "2019/07/02 18:54:21",
        "logdata": "http://apis.juhe.cn/ip/ip2addr?ip=58.23.48.188&key=74bb0395667b8d0588df9ebd6fc36a12"
    },
    {
        "logtime": "2019/07/02 18:54:21",
        "logdata": ""
    },
    {
        "logtime": "2019/07/02 18:54:21",
        "logdata": "url"
    },
    {
        "logtime": "2019/07/02 18:54:21",
        "logdata": "http://apis.juhe.cn/ip/ip2addr?ip=58.23.48.188&key=74bb0395667b8d0588df9ebd6fc36a12"
    },
    {
        "logtime": "2019/07/02 18:54:21",
        "logdata": ""
    },
    {
        "logtime": "2019/07/02 18:54:21",
        "logdata": {
            "_ServerResVersion": 10,
            "_Active": true,
            "_KindVersion": "101122049",
            "_KindType": 1,
            "_Module": "xiuxian/shuiguolaba/",
            "_KindID": "406",
            "_Type": "xiuxian",
            "_KindName": "xiuxian.shuiguolaba.",
            "nEnterRoomIndex": 1,
            "_SortId": 0
        }
    },
    {
        "logtime": "2019/07/02 18:54:21",
        "logdata": "modulestr"
    },
    {
        "logtime": "2019/07/02 18:54:21",
        "logdata": "xiuxian/shuiguolaba/"
    },
    {
        "logtime": "2019/07/02 18:54:26",
        "logdata": [
            {
                "main": 3,
                "kindid": 406,
                "len": 4,
                "sub": 11
            },
            {
                "main": 100,
                "kindid": 406,
                "len": 0,
                "sub": 2
            },
            {
                "main": 100,
                "kindid": 406,
                "len": 9,
                "sub": 1
            },
            {
                "main": 100,
                "kindid": 406,
                "len": 0,
                "sub": 2
            },
            {
                "main": 200,
                "kindid": 406,
                "len": 16,
                "sub": 6
            }
        ]
    },
    {
        "logtime": "2019/07/02 18:54:31",
        "logdata": "url"
    },
    {
        "logtime": "2019/07/02 18:54:31",
        "logdata": "http://apis.juhe.cn/ip/ip2addr?ip=58.23.48.188&key=74bb0395667b8d0588df9ebd6fc36a12"
    },
    {
        "logtime": "2019/07/02 18:54:31",
        "logdata": ""
    },
    {
        "logtime": "2019/07/02 18:54:31",
        "logdata": "url"
    },
    {
        "logtime": "2019/07/02 18:54:31",
        "logdata": "http://apis.juhe.cn/ip/ip2addr?ip=58.23.48.188&key=74bb0395667b8d0588df9ebd6fc36a12"
    },
    {
        "logtime": "2019/07/02 18:54:31",
        "logdata": ""
    },
    {
        "logtime": "2019/07/02 18:54:31",
        "logdata": "url"
    },
    {
        "logtime": "2019/07/02 18:54:31",
        "logdata": "http://apis.juhe.cn/ip/ip2addr?ip=58.23.48.188&key=74bb0395667b8d0588df9ebd6fc36a12"
    },
    {
        "logtime": "2019/07/02 18:54:31",
        "logdata": ""
    },
    {
        "logtime": "2019/07/02 18:54:31",
        "logdata": "url"
    },
    {
        "logtime": "2019/07/02 18:54:31",
        "logdata": "http://apis.juhe.cn/ip/ip2addr?ip=58.23.48.188&key=74bb0395667b8d0588df9ebd6fc36a12"
    },
    {
        "logtime": "2019/07/02 18:54:31",
        "logdata": ""
    }
]