[
    {
        "logtime": "2019/07/02 19:44:19",
        "logdata": "LogonScene.onceExcute"
    },
    {
        "logtime": "2019/07/02 19:44:19",
        "logdata": "http://www.fuannainc.top/"
    },
    {
        "logtime": "2019/07/02 19:44:19",
        "logdata": "url"
    },
    {
        "logtime": "2019/07/02 19:44:19",
        "logdata": "http://www.fuannainc.top//ws/MobileInterface.ashx?action=GetMobileLoginNotice"
    },
    {
        "logtime": "2019/07/02 19:44:19",
        "logdata": ""
    },
    {
        "logtime": "2019/07/02 19:44:22",
        "logdata": "url"
    },
    {
        "logtime": "2019/07/02 19:44:22",
        "logdata": "http://apis.juhe.cn/ip/ip2addr?ip=58.23.48.188&key=74bb0395667b8d0588df9ebd6fc36a12"
    },
    {
        "logtime": "2019/07/02 19:44:22",
        "logdata": ""
    },
    {
        "logtime": "2019/07/02 19:44:22",
        "logdata": "onLogonCallBack"
    },
    {
        "logtime": "2019/07/02 19:44:22",
        "logdata": "http://www.fuannainc.top/"
    },
    {
        "logtime": "2019/07/02 19:44:22",
        "logdata": "url"
    },
    {
        "logtime": "2019/07/02 19:44:22",
        "logdata": "http://www.fuannainc.top//WS/MobileInterface.ashx"
    },
    {
        "logtime": "2019/07/02 19:44:22",
        "logdata": "action=GetMobileShareConfig&userid=120187&time=1562067862&signature=DE335547B16BE985DF55B264A5695414"
    },
    {
        "logtime": "2019/07/02 19:44:23",
        "logdata": "url"
    },
    {
        "logtime": "2019/07/02 19:44:23",
        "logdata": "http://www.fuannainc.top//WS/MobileInterface.ashx?action=GetMobileRollNotice"
    },
    {
        "logtime": "2019/07/02 19:44:23",
        "logdata": ""
    },
    {
        "logtime": "2019/07/02 19:44:28",
        "logdata": null
    },
    {
        "logtime": "2019/07/02 19:44:28",
        "logdata": "onEnterGame"
    },
    {
        "logtime": "2019/07/02 19:44:28",
        "logdata": {
            "_ServerResVersion": 8,
            "_Active": true,
            "_KindVersion": "101122049",
            "_KindType": 2,
            "_Module": "yule/zhajinhua/",
            "_KindID": "6",
            "_Type": "yule",
            "_KindName": "yule.zhajinhua.",
            "_SortId": 1
        }
    },
    {
        "logtime": "2019/07/02 19:44:28",
        "logdata": "GlobalUserItem.getCurGameKind()"
    },
    {
        "logtime": "2019/07/02 19:44:28",
        "logdata": 6
    },
    {
        "logtime": "2019/07/02 19:44:30",
        "logdata": null
    },
    {
        "logtime": "2019/07/02 19:44:30",
        "logdata": "onEnterGame"
    },
    {
        "logtime": "2019/07/02 19:44:30",
        "logdata": {
            "_ServerResVersion": 10,
            "_Active": true,
            "_KindVersion": "101122049",
            "_KindType": 1,
            "_Module": "xiuxian/shuiguolaba/",
            "_KindID": "406",
            "_Type": "xiuxian",
            "_KindName": "xiuxian.shuiguolaba.",
            "_SortId": 0
        }
    },
    {
        "logtime": "2019/07/02 19:44:30",
        "logdata": "GlobalUserItem.getCurGameKind()"
    },
    {
        "logtime": "2019/07/02 19:44:30",
        "logdata": 406
    },
    {
        "logtime": "2019/07/02 19:44:31",
        "logdata": "url"
    },
    {
        "logtime": "2019/07/02 19:44:31",
        "logdata": "http://apis.juhe.cn/ip/ip2addr?ip=58.23.48.188&key=74bb0395667b8d0588df9ebd6fc36a12"
    },
    {
        "logtime": "2019/07/02 19:44:31",
        "logdata": ""
    },
    {
        "logtime": "2019/07/02 19:44:31",
        "logdata": "url"
    },
    {
        "logtime": "2019/07/02 19:44:31",
        "logdata": "http://apis.juhe.cn/ip/ip2addr?ip=58.23.48.188&key=74bb0395667b8d0588df9ebd6fc36a12"
    },
    {
        "logtime": "2019/07/02 19:44:31",
        "logdata": ""
    },
    {
        "logtime": "2019/07/02 19:44:31",
        "logdata": "url"
    },
    {
        "logtime": "2019/07/02 19:44:31",
        "logdata": "http://apis.juhe.cn/ip/ip2addr?ip=58.23.48.188&key=74bb0395667b8d0588df9ebd6fc36a12"
    },
    {
        "logtime": "2019/07/02 19:44:31",
        "logdata": ""
    },
    {
        "logtime": "2019/07/02 19:44:31",
        "logdata": "url"
    },
    {
        "logtime": "2019/07/02 19:44:31",
        "logdata": "http://apis.juhe.cn/ip/ip2addr?ip=58.23.48.188&key=74bb0395667b8d0588df9ebd6fc36a12"
    },
    {
        "logtime": "2019/07/02 19:44:31",
        "logdata": ""
    },
    {
        "logtime": "2019/07/02 19:44:32",
        "logdata": {
            "_ServerResVersion": 10,
            "_Active": true,
            "_KindVersion": "101122049",
            "_KindType": 1,
            "_Module": "xiuxian/shuiguolaba/",
            "_KindID": "406",
            "_Type": "xiuxian",
            "nSitChair": 65535,
            "_KindName": "xiuxian.shuiguolaba.",
            "nEnterRoomIndex": 1,
            "nSitTable": 65535,
            "_SortId": 0
        }
    },
    {
        "logtime": "2019/07/02 19:44:32",
        "logdata": "modulestr"
    },
    {
        "logtime": "2019/07/02 19:44:32",
        "logdata": "xiuxian/shuiguolaba/"
    }
]