[
    {
        "logtime": "2019/05/14 16:26:13",
        "logdata": {}
    },
    {
        "logtime": "2019/05/14 16:26:29",
        "logdata": "LogonScene.onceExcute"
    },
    {
        "logtime": "2019/05/14 16:26:29",
        "logdata": "http://www.fuannainc.top/"
    },
    {
        "logtime": "2019/05/14 16:26:29",
        "logdata": "url"
    },
    {
        "logtime": "2019/05/14 16:26:29",
        "logdata": "http://www.fuannainc.top//ws/MobileInterface.ashx?action=GetMobileLoginNotice"
    },
    {
        "logtime": "2019/05/14 16:26:29",
        "logdata": ""
    },
    {
        "logtime": "2019/05/14 16:26:41",
        "logdata": {}
    },
    {
        "logtime": "2019/05/14 16:26:51",
        "logdata": {}
    }
]