[
    {
        "logtime": "2019/07/09 11:53:01",
        "logdata": "keys2"
    },
    {
        "logtime": "2019/07/09 11:53:01",
        "logdata": "byte"
    },
    {
        "logtime": "2019/07/09 11:53:01",
        "logdata": "keys2"
    },
    {
        "logtime": "2019/07/09 11:53:01",
        "logdata": "word"
    },
    {
        "logtime": "2019/07/09 11:53:01",
        "logdata": "keys2"
    },
    {
        "logtime": "2019/07/09 11:53:01",
        "logdata": "word"
    },
    {
        "logtime": "2019/07/09 11:53:01",
        "logdata": "keys2"
    },
    {
        "logtime": "2019/07/09 11:53:01",
        "logdata": "word"
    },
    {
        "logtime": "2019/07/09 11:53:01",
        "logdata": "keys2"
    },
    {
        "logtime": "2019/07/09 11:53:01",
        "logdata": "word"
    },
    {
        "logtime": "2019/07/09 11:53:01",
        "logdata": "keys2"
    },
    {
        "logtime": "2019/07/09 11:53:01",
        "logdata": "double"
    },
    {
        "logtime": "2019/07/09 11:53:01",
        "logdata": "keys2"
    },
    {
        "logtime": "2019/07/09 11:53:01",
        "logdata": "double"
    },
    {
        "logtime": "2019/07/09 11:53:01",
        "logdata": "keys2"
    },
    {
        "logtime": "2019/07/09 11:53:01",
        "logdata": "double"
    },
    {
        "logtime": "2019/07/09 11:53:02",
        "logdata": "keys2"
    },
    {
        "logtime": "2019/07/09 11:53:02",
        "logdata": "string"
    },
    {
        "logtime": "2019/07/09 11:53:02",
        "logdata": "keys2"
    },
    {
        "logtime": "2019/07/09 11:53:02",
        "logdata": "string"
    },
    {
        "logtime": "2019/07/09 11:53:02",
        "logdata": "keys2"
    },
    {
        "logtime": "2019/07/09 11:53:02",
        "logdata": "double"
    },
    {
        "logtime": "2019/07/09 11:53:02",
        "logdata": "keys2"
    },
    {
        "logtime": "2019/07/09 11:53:02",
        "logdata": "string"
    }
]