[
    {
        "logtime": "2019/07/03 12:11:00",
        "logdata": "url"
    },
    {
        "logtime": "2019/07/03 12:11:00",
        "logdata": "http://apis.juhe.cn/ip/ip2addr?ip=58.23.48.188&key=74bb0395667b8d0588df9ebd6fc36a12"
    },
    {
        "logtime": "2019/07/03 12:11:00",
        "logdata": ""
    },
    {
        "logtime": "2019/07/03 12:11:00",
        "logdata": "url"
    },
    {
        "logtime": "2019/07/03 12:11:00",
        "logdata": "http://apis.juhe.cn/ip/ip2addr?ip=58.23.48.188&key=74bb0395667b8d0588df9ebd6fc36a12"
    },
    {
        "logtime": "2019/07/03 12:11:00",
        "logdata": ""
    },
    {
        "logtime": "2019/07/03 12:11:00",
        "logdata": "url"
    },
    {
        "logtime": "2019/07/03 12:11:00",
        "logdata": "http://apis.juhe.cn/ip/ip2addr?ip=58.23.48.188&key=74bb0395667b8d0588df9ebd6fc36a12"
    },
    {
        "logtime": "2019/07/03 12:11:00",
        "logdata": ""
    },
    {
        "logtime": "2019/07/03 12:11:00",
        "logdata": "url"
    },
    {
        "logtime": "2019/07/03 12:11:00",
        "logdata": "http://apis.juhe.cn/ip/ip2addr?ip=58.23.48.188&key=74bb0395667b8d0588df9ebd6fc36a12"
    },
    {
        "logtime": "2019/07/03 12:11:00",
        "logdata": ""
    },
    {
        "logtime": "2019/07/03 12:11:00",
        "logdata": "url"
    },
    {
        "logtime": "2019/07/03 12:11:00",
        "logdata": "http://apis.juhe.cn/ip/ip2addr?ip=58.23.48.188&key=74bb0395667b8d0588df9ebd6fc36a12"
    },
    {
        "logtime": "2019/07/03 12:11:00",
        "logdata": ""
    },
    {
        "logtime": "2019/07/03 12:11:00",
        "logdata": "url"
    },
    {
        "logtime": "2019/07/03 12:11:00",
        "logdata": "http://apis.juhe.cn/ip/ip2addr?ip=58.23.48.188&key=74bb0395667b8d0588df9ebd6fc36a12"
    },
    {
        "logtime": "2019/07/03 12:11:00",
        "logdata": ""
    },
    {
        "logtime": "2019/07/03 12:11:00",
        "logdata": "url"
    },
    {
        "logtime": "2019/07/03 12:11:00",
        "logdata": "http://apis.juhe.cn/ip/ip2addr?ip=58.23.48.188&key=74bb0395667b8d0588df9ebd6fc36a12"
    },
    {
        "logtime": "2019/07/03 12:11:00",
        "logdata": ""
    },
    {
        "logtime": "2019/07/03 12:11:00",
        "logdata": "url"
    },
    {
        "logtime": "2019/07/03 12:11:00",
        "logdata": "http://apis.juhe.cn/ip/ip2addr?ip=58.23.48.188&key=74bb0395667b8d0588df9ebd6fc36a12"
    },
    {
        "logtime": "2019/07/03 12:11:00",
        "logdata": ""
    },
    {
        "logtime": "2019/07/03 12:11:04",
        "logdata": "url"
    },
    {
        "logtime": "2019/07/03 12:11:04",
        "logdata": "http://apis.juhe.cn/ip/ip2addr?ip=58.23.48.188&key=74bb0395667b8d0588df9ebd6fc36a12"
    },
    {
        "logtime": "2019/07/03 12:11:04",
        "logdata": ""
    },
    {
        "logtime": "2019/07/03 12:11:04",
        "logdata": "url"
    },
    {
        "logtime": "2019/07/03 12:11:04",
        "logdata": "http://apis.juhe.cn/ip/ip2addr?ip=58.23.48.188&key=74bb0395667b8d0588df9ebd6fc36a12"
    },
    {
        "logtime": "2019/07/03 12:11:04",
        "logdata": ""
    },
    {
        "logtime": "2019/07/03 12:11:04",
        "logdata": "url"
    },
    {
        "logtime": "2019/07/03 12:11:04",
        "logdata": "http://apis.juhe.cn/ip/ip2addr?ip=58.23.48.188&key=74bb0395667b8d0588df9ebd6fc36a12"
    },
    {
        "logtime": "2019/07/03 12:11:04",
        "logdata": ""
    },
    {
        "logtime": "2019/07/03 12:11:04",
        "logdata": "url"
    },
    {
        "logtime": "2019/07/03 12:11:04",
        "logdata": "http://apis.juhe.cn/ip/ip2addr?ip=58.23.48.188&key=74bb0395667b8d0588df9ebd6fc36a12"
    },
    {
        "logtime": "2019/07/03 12:11:04",
        "logdata": ""
    },
    {
        "logtime": "2019/07/03 12:11:05",
        "logdata": "url"
    },
    {
        "logtime": "2019/07/03 12:11:05",
        "logdata": "http://apis.juhe.cn/ip/ip2addr?ip=58.23.48.188&key=74bb0395667b8d0588df9ebd6fc36a12"
    },
    {
        "logtime": "2019/07/03 12:11:05",
        "logdata": ""
    },
    {
        "logtime": "2019/07/03 12:11:05",
        "logdata": "url"
    },
    {
        "logtime": "2019/07/03 12:11:05",
        "logdata": "http://apis.juhe.cn/ip/ip2addr?ip=58.23.48.188&key=74bb0395667b8d0588df9ebd6fc36a12"
    },
    {
        "logtime": "2019/07/03 12:11:05",
        "logdata": ""
    },
    {
        "logtime": "2019/07/03 12:11:05",
        "logdata": "url"
    },
    {
        "logtime": "2019/07/03 12:11:05",
        "logdata": "http://apis.juhe.cn/ip/ip2addr?ip=58.23.48.188&key=74bb0395667b8d0588df9ebd6fc36a12"
    },
    {
        "logtime": "2019/07/03 12:11:05",
        "logdata": ""
    },
    {
        "logtime": "2019/07/03 12:11:05",
        "logdata": "url"
    },
    {
        "logtime": "2019/07/03 12:11:05",
        "logdata": "http://apis.juhe.cn/ip/ip2addr?ip=58.23.48.188&key=74bb0395667b8d0588df9ebd6fc36a12"
    },
    {
        "logtime": "2019/07/03 12:11:05",
        "logdata": ""
    },
    {
        "logtime": "2019/07/03 12:11:06",
        "logdata": "url"
    },
    {
        "logtime": "2019/07/03 12:11:06",
        "logdata": "http://apis.juhe.cn/ip/ip2addr?ip=58.23.48.188&key=74bb0395667b8d0588df9ebd6fc36a12"
    },
    {
        "logtime": "2019/07/03 12:11:06",
        "logdata": ""
    },
    {
        "logtime": "2019/07/03 12:11:06",
        "logdata": "url"
    },
    {
        "logtime": "2019/07/03 12:11:06",
        "logdata": "http://apis.juhe.cn/ip/ip2addr?ip=58.23.48.188&key=74bb0395667b8d0588df9ebd6fc36a12"
    },
    {
        "logtime": "2019/07/03 12:11:06",
        "logdata": ""
    },
    {
        "logtime": "2019/07/03 12:11:06",
        "logdata": "url"
    },
    {
        "logtime": "2019/07/03 12:11:06",
        "logdata": "http://apis.juhe.cn/ip/ip2addr?ip=58.23.48.188&key=74bb0395667b8d0588df9ebd6fc36a12"
    },
    {
        "logtime": "2019/07/03 12:11:06",
        "logdata": ""
    },
    {
        "logtime": "2019/07/03 12:11:06",
        "logdata": "url"
    },
    {
        "logtime": "2019/07/03 12:11:06",
        "logdata": "http://apis.juhe.cn/ip/ip2addr?ip=58.23.48.188&key=74bb0395667b8d0588df9ebd6fc36a12"
    },
    {
        "logtime": "2019/07/03 12:11:06",
        "logdata": ""
    },
    {
        "logtime": "2019/07/03 12:11:07",
        "logdata": "url"
    },
    {
        "logtime": "2019/07/03 12:11:07",
        "logdata": "http://apis.juhe.cn/ip/ip2addr?ip=58.23.48.188&key=74bb0395667b8d0588df9ebd6fc36a12"
    },
    {
        "logtime": "2019/07/03 12:11:07",
        "logdata": ""
    },
    {
        "logtime": "2019/07/03 12:11:07",
        "logdata": "url"
    },
    {
        "logtime": "2019/07/03 12:11:07",
        "logdata": "http://apis.juhe.cn/ip/ip2addr?ip=58.23.48.188&key=74bb0395667b8d0588df9ebd6fc36a12"
    },
    {
        "logtime": "2019/07/03 12:11:07",
        "logdata": ""
    },
    {
        "logtime": "2019/07/03 12:11:07",
        "logdata": "url"
    },
    {
        "logtime": "2019/07/03 12:11:07",
        "logdata": "http://apis.juhe.cn/ip/ip2addr?ip=58.23.48.188&key=74bb0395667b8d0588df9ebd6fc36a12"
    },
    {
        "logtime": "2019/07/03 12:11:07",
        "logdata": ""
    },
    {
        "logtime": "2019/07/03 12:11:07",
        "logdata": "url"
    },
    {
        "logtime": "2019/07/03 12:11:07",
        "logdata": "http://apis.juhe.cn/ip/ip2addr?ip=58.23.48.188&key=74bb0395667b8d0588df9ebd6fc36a12"
    },
    {
        "logtime": "2019/07/03 12:11:07",
        "logdata": ""
    },
    {
        "logtime": "2019/07/03 12:11:07",
        "logdata": "url"
    },
    {
        "logtime": "2019/07/03 12:11:07",
        "logdata": "http://apis.juhe.cn/ip/ip2addr?ip=58.23.48.188&key=74bb0395667b8d0588df9ebd6fc36a12"
    },
    {
        "logtime": "2019/07/03 12:11:07",
        "logdata": ""
    },
    {
        "logtime": "2019/07/03 12:11:07",
        "logdata": "url"
    },
    {
        "logtime": "2019/07/03 12:11:07",
        "logdata": "http://apis.juhe.cn/ip/ip2addr?ip=58.23.48.188&key=74bb0395667b8d0588df9ebd6fc36a12"
    },
    {
        "logtime": "2019/07/03 12:11:07",
        "logdata": ""
    },
    {
        "logtime": "2019/07/03 12:11:07",
        "logdata": "url"
    },
    {
        "logtime": "2019/07/03 12:11:07",
        "logdata": "http://apis.juhe.cn/ip/ip2addr?ip=58.23.48.188&key=74bb0395667b8d0588df9ebd6fc36a12"
    },
    {
        "logtime": "2019/07/03 12:11:07",
        "logdata": ""
    },
    {
        "logtime": "2019/07/03 12:11:07",
        "logdata": "url"
    },
    {
        "logtime": "2019/07/03 12:11:07",
        "logdata": "http://apis.juhe.cn/ip/ip2addr?ip=58.23.48.188&key=74bb0395667b8d0588df9ebd6fc36a12"
    },
    {
        "logtime": "2019/07/03 12:11:07",
        "logdata": ""
    },
    {
        "logtime": "2019/07/03 12:11:09",
        "logdata": "url"
    },
    {
        "logtime": "2019/07/03 12:11:09",
        "logdata": "http://apis.juhe.cn/ip/ip2addr?ip=58.23.48.188&key=74bb0395667b8d0588df9ebd6fc36a12"
    },
    {
        "logtime": "2019/07/03 12:11:09",
        "logdata": ""
    },
    {
        "logtime": "2019/07/03 12:11:09",
        "logdata": "url"
    },
    {
        "logtime": "2019/07/03 12:11:09",
        "logdata": "http://apis.juhe.cn/ip/ip2addr?ip=58.23.48.188&key=74bb0395667b8d0588df9ebd6fc36a12"
    },
    {
        "logtime": "2019/07/03 12:11:09",
        "logdata": ""
    },
    {
        "logtime": "2019/07/03 12:11:09",
        "logdata": "url"
    },
    {
        "logtime": "2019/07/03 12:11:09",
        "logdata": "http://apis.juhe.cn/ip/ip2addr?ip=58.23.48.188&key=74bb0395667b8d0588df9ebd6fc36a12"
    },
    {
        "logtime": "2019/07/03 12:11:09",
        "logdata": ""
    },
    {
        "logtime": "2019/07/03 12:11:09",
        "logdata": "url"
    },
    {
        "logtime": "2019/07/03 12:11:09",
        "logdata": "http://apis.juhe.cn/ip/ip2addr?ip=58.23.48.188&key=74bb0395667b8d0588df9ebd6fc36a12"
    },
    {
        "logtime": "2019/07/03 12:11:09",
        "logdata": ""
    },
    {
        "logtime": "2019/07/03 12:11:09",
        "logdata": "url"
    },
    {
        "logtime": "2019/07/03 12:11:09",
        "logdata": "http://apis.juhe.cn/ip/ip2addr?ip=58.23.48.188&key=74bb0395667b8d0588df9ebd6fc36a12"
    },
    {
        "logtime": "2019/07/03 12:11:09",
        "logdata": ""
    },
    {
        "logtime": "2019/07/03 12:11:09",
        "logdata": "url"
    },
    {
        "logtime": "2019/07/03 12:11:09",
        "logdata": "http://apis.juhe.cn/ip/ip2addr?ip=58.23.48.188&key=74bb0395667b8d0588df9ebd6fc36a12"
    },
    {
        "logtime": "2019/07/03 12:11:09",
        "logdata": ""
    },
    {
        "logtime": "2019/07/03 12:11:09",
        "logdata": "url"
    },
    {
        "logtime": "2019/07/03 12:11:09",
        "logdata": "http://apis.juhe.cn/ip/ip2addr?ip=58.23.48.188&key=74bb0395667b8d0588df9ebd6fc36a12"
    },
    {
        "logtime": "2019/07/03 12:11:09",
        "logdata": ""
    },
    {
        "logtime": "2019/07/03 12:11:09",
        "logdata": "url"
    },
    {
        "logtime": "2019/07/03 12:11:09",
        "logdata": "http://apis.juhe.cn/ip/ip2addr?ip=58.23.48.188&key=74bb0395667b8d0588df9ebd6fc36a12"
    },
    {
        "logtime": "2019/07/03 12:11:09",
        "logdata": ""
    },
    {
        "logtime": "2019/07/03 12:11:11",
        "logdata": "url"
    },
    {
        "logtime": "2019/07/03 12:11:11",
        "logdata": "http://apis.juhe.cn/ip/ip2addr?ip=58.23.48.188&key=74bb0395667b8d0588df9ebd6fc36a12"
    },
    {
        "logtime": "2019/07/03 12:11:11",
        "logdata": ""
    },
    {
        "logtime": "2019/07/03 12:11:11",
        "logdata": "url"
    },
    {
        "logtime": "2019/07/03 12:11:11",
        "logdata": "http://apis.juhe.cn/ip/ip2addr?ip=58.23.48.188&key=74bb0395667b8d0588df9ebd6fc36a12"
    },
    {
        "logtime": "2019/07/03 12:11:11",
        "logdata": ""
    },
    {
        "logtime": "2019/07/03 12:11:11",
        "logdata": "url"
    },
    {
        "logtime": "2019/07/03 12:11:11",
        "logdata": "http://apis.juhe.cn/ip/ip2addr?ip=58.23.48.188&key=74bb0395667b8d0588df9ebd6fc36a12"
    },
    {
        "logtime": "2019/07/03 12:11:11",
        "logdata": ""
    },
    {
        "logtime": "2019/07/03 12:11:11",
        "logdata": "url"
    },
    {
        "logtime": "2019/07/03 12:11:11",
        "logdata": "http://apis.juhe.cn/ip/ip2addr?ip=58.23.48.188&key=74bb0395667b8d0588df9ebd6fc36a12"
    },
    {
        "logtime": "2019/07/03 12:11:11",
        "logdata": ""
    },
    {
        "logtime": "2019/07/03 12:11:17",
        "logdata": "url"
    },
    {
        "logtime": "2019/07/03 12:11:17",
        "logdata": "http://apis.juhe.cn/ip/ip2addr?ip=58.23.48.188&key=74bb0395667b8d0588df9ebd6fc36a12"
    },
    {
        "logtime": "2019/07/03 12:11:17",
        "logdata": ""
    },
    {
        "logtime": "2019/07/03 12:11:17",
        "logdata": "url"
    },
    {
        "logtime": "2019/07/03 12:11:17",
        "logdata": "http://apis.juhe.cn/ip/ip2addr?ip=58.23.48.188&key=74bb0395667b8d0588df9ebd6fc36a12"
    },
    {
        "logtime": "2019/07/03 12:11:17",
        "logdata": ""
    },
    {
        "logtime": "2019/07/03 12:11:17",
        "logdata": "url"
    },
    {
        "logtime": "2019/07/03 12:11:17",
        "logdata": "http://apis.juhe.cn/ip/ip2addr?ip=58.23.48.188&key=74bb0395667b8d0588df9ebd6fc36a12"
    },
    {
        "logtime": "2019/07/03 12:11:17",
        "logdata": ""
    },
    {
        "logtime": "2019/07/03 12:11:17",
        "logdata": "url"
    },
    {
        "logtime": "2019/07/03 12:11:17",
        "logdata": "http://apis.juhe.cn/ip/ip2addr?ip=58.23.48.188&key=74bb0395667b8d0588df9ebd6fc36a12"
    },
    {
        "logtime": "2019/07/03 12:11:17",
        "logdata": ""
    },
    {
        "logtime": "2019/07/03 12:11:17",
        "logdata": "url"
    },
    {
        "logtime": "2019/07/03 12:11:17",
        "logdata": "http://apis.juhe.cn/ip/ip2addr?ip=58.23.48.188&key=74bb0395667b8d0588df9ebd6fc36a12"
    },
    {
        "logtime": "2019/07/03 12:11:17",
        "logdata": ""
    },
    {
        "logtime": "2019/07/03 12:11:17",
        "logdata": "url"
    },
    {
        "logtime": "2019/07/03 12:11:17",
        "logdata": "http://apis.juhe.cn/ip/ip2addr?ip=58.23.48.188&key=74bb0395667b8d0588df9ebd6fc36a12"
    },
    {
        "logtime": "2019/07/03 12:11:17",
        "logdata": ""
    },
    {
        "logtime": "2019/07/03 12:11:17",
        "logdata": "url"
    },
    {
        "logtime": "2019/07/03 12:11:17",
        "logdata": "http://apis.juhe.cn/ip/ip2addr?ip=58.23.48.188&key=74bb0395667b8d0588df9ebd6fc36a12"
    },
    {
        "logtime": "2019/07/03 12:11:17",
        "logdata": ""
    },
    {
        "logtime": "2019/07/03 12:11:17",
        "logdata": "url"
    },
    {
        "logtime": "2019/07/03 12:11:17",
        "logdata": "http://apis.juhe.cn/ip/ip2addr?ip=58.23.48.188&key=74bb0395667b8d0588df9ebd6fc36a12"
    },
    {
        "logtime": "2019/07/03 12:11:17",
        "logdata": ""
    },
    {
        "logtime": "2019/07/03 12:11:19",
        "logdata": "url"
    },
    {
        "logtime": "2019/07/03 12:11:19",
        "logdata": "http://apis.juhe.cn/ip/ip2addr?ip=58.23.48.188&key=74bb0395667b8d0588df9ebd6fc36a12"
    },
    {
        "logtime": "2019/07/03 12:11:19",
        "logdata": ""
    },
    {
        "logtime": "2019/07/03 12:11:19",
        "logdata": "url"
    },
    {
        "logtime": "2019/07/03 12:11:19",
        "logdata": "http://apis.juhe.cn/ip/ip2addr?ip=58.23.48.188&key=74bb0395667b8d0588df9ebd6fc36a12"
    },
    {
        "logtime": "2019/07/03 12:11:19",
        "logdata": ""
    },
    {
        "logtime": "2019/07/03 12:11:19",
        "logdata": "url"
    },
    {
        "logtime": "2019/07/03 12:11:19",
        "logdata": "http://apis.juhe.cn/ip/ip2addr?ip=58.23.48.188&key=74bb0395667b8d0588df9ebd6fc36a12"
    },
    {
        "logtime": "2019/07/03 12:11:19",
        "logdata": ""
    },
    {
        "logtime": "2019/07/03 12:11:19",
        "logdata": "url"
    },
    {
        "logtime": "2019/07/03 12:11:19",
        "logdata": "http://apis.juhe.cn/ip/ip2addr?ip=58.23.48.188&key=74bb0395667b8d0588df9ebd6fc36a12"
    },
    {
        "logtime": "2019/07/03 12:11:19",
        "logdata": ""
    },
    {
        "logtime": "2019/07/03 12:11:19",
        "logdata": "url"
    },
    {
        "logtime": "2019/07/03 12:11:19",
        "logdata": "http://apis.juhe.cn/ip/ip2addr?ip=58.23.48.188&key=74bb0395667b8d0588df9ebd6fc36a12"
    },
    {
        "logtime": "2019/07/03 12:11:19",
        "logdata": ""
    },
    {
        "logtime": "2019/07/03 12:11:19",
        "logdata": "url"
    },
    {
        "logtime": "2019/07/03 12:11:19",
        "logdata": "http://apis.juhe.cn/ip/ip2addr?ip=58.23.48.188&key=74bb0395667b8d0588df9ebd6fc36a12"
    },
    {
        "logtime": "2019/07/03 12:11:19",
        "logdata": ""
    },
    {
        "logtime": "2019/07/03 12:11:19",
        "logdata": "url"
    },
    {
        "logtime": "2019/07/03 12:11:19",
        "logdata": "http://apis.juhe.cn/ip/ip2addr?ip=58.23.48.188&key=74bb0395667b8d0588df9ebd6fc36a12"
    },
    {
        "logtime": "2019/07/03 12:11:19",
        "logdata": ""
    },
    {
        "logtime": "2019/07/03 12:11:19",
        "logdata": "url"
    },
    {
        "logtime": "2019/07/03 12:11:19",
        "logdata": "http://apis.juhe.cn/ip/ip2addr?ip=58.23.48.188&key=74bb0395667b8d0588df9ebd6fc36a12"
    },
    {
        "logtime": "2019/07/03 12:11:19",
        "logdata": ""
    },
    {
        "logtime": "2019/07/03 12:11:25",
        "logdata": "LogonScene.onceExcute"
    },
    {
        "logtime": "2019/07/03 12:11:25",
        "logdata": "http://www.fuannainc.top/"
    },
    {
        "logtime": "2019/07/03 12:11:25",
        "logdata": "url"
    },
    {
        "logtime": "2019/07/03 12:11:25",
        "logdata": "http://www.fuannainc.top//ws/MobileInterface.ashx?action=GetMobileLoginNotice"
    },
    {
        "logtime": "2019/07/03 12:11:25",
        "logdata": ""
    },
    {
        "logtime": "2019/07/03 12:11:27",
        "logdata": "url"
    },
    {
        "logtime": "2019/07/03 12:11:27",
        "logdata": "http://apis.juhe.cn/ip/ip2addr?ip=58.23.48.188&key=74bb0395667b8d0588df9ebd6fc36a12"
    },
    {
        "logtime": "2019/07/03 12:11:27",
        "logdata": ""
    },
    {
        "logtime": "2019/07/03 12:11:27",
        "logdata": "onLogonCallBack"
    },
    {
        "logtime": "2019/07/03 12:11:27",
        "logdata": "http://www.fuannainc.top/"
    },
    {
        "logtime": "2019/07/03 12:11:27",
        "logdata": "url"
    },
    {
        "logtime": "2019/07/03 12:11:27",
        "logdata": "http://www.fuannainc.top//WS/MobileInterface.ashx"
    },
    {
        "logtime": "2019/07/03 12:11:27",
        "logdata": "action=GetMobileShareConfig&userid=120187&time=1562127087&signature=7E9DBC067A5F25149464584E8D58029A"
    },
    {
        "logtime": "2019/07/03 12:11:29",
        "logdata": "url"
    },
    {
        "logtime": "2019/07/03 12:11:29",
        "logdata": "http://www.fuannainc.top//WS/MobileInterface.ashx?action=GetMobileRollNotice"
    },
    {
        "logtime": "2019/07/03 12:11:29",
        "logdata": ""
    }
]