[
    {
        "logtime": "2019/07/03 14:17:00",
        "logdata": "url"
    },
    {
        "logtime": "2019/07/03 14:17:00",
        "logdata": "http://apis.juhe.cn/ip/ip2addr?ip=58.23.48.188&key=74bb0395667b8d0588df9ebd6fc36a12"
    },
    {
        "logtime": "2019/07/03 14:17:00",
        "logdata": ""
    },
    {
        "logtime": "2019/07/03 14:17:00",
        "logdata": "onLogonCallBack"
    },
    {
        "logtime": "2019/07/03 14:17:00",
        "logdata": "http://www.fuannainc.top/"
    },
    {
        "logtime": "2019/07/03 14:17:00",
        "logdata": "url"
    },
    {
        "logtime": "2019/07/03 14:17:00",
        "logdata": "http://www.fuannainc.top//WS/MobileInterface.ashx"
    },
    {
        "logtime": "2019/07/03 14:17:00",
        "logdata": "action=GetMobileShareConfig&userid=120187&time=1562134620&signature=2EB534FC3B1ADA6A6F1AD0C487F734FE"
    },
    {
        "logtime": "2019/07/03 14:17:02",
        "logdata": "url"
    },
    {
        "logtime": "2019/07/03 14:17:02",
        "logdata": "http://www.fuannainc.top//WS/MobileInterface.ashx?action=GetMobileRollNotice"
    },
    {
        "logtime": "2019/07/03 14:17:02",
        "logdata": ""
    },
    {
        "logtime": "2019/07/03 14:17:03",
        "logdata": "url"
    },
    {
        "logtime": "2019/07/03 14:17:03",
        "logdata": "http://apis.juhe.cn/ip/ip2addr?ip=58.23.48.188&key=74bb0395667b8d0588df9ebd6fc36a12"
    },
    {
        "logtime": "2019/07/03 14:17:03",
        "logdata": ""
    },
    {
        "logtime": "2019/07/03 14:17:03",
        "logdata": "url"
    },
    {
        "logtime": "2019/07/03 14:17:03",
        "logdata": "http://apis.juhe.cn/ip/ip2addr?ip=58.23.48.188&key=74bb0395667b8d0588df9ebd6fc36a12"
    },
    {
        "logtime": "2019/07/03 14:17:03",
        "logdata": ""
    },
    {
        "logtime": "2019/07/03 14:17:03",
        "logdata": "url"
    },
    {
        "logtime": "2019/07/03 14:17:03",
        "logdata": "http://apis.juhe.cn/ip/ip2addr?ip=58.23.48.188&key=74bb0395667b8d0588df9ebd6fc36a12"
    },
    {
        "logtime": "2019/07/03 14:17:03",
        "logdata": ""
    },
    {
        "logtime": "2019/07/03 14:17:03",
        "logdata": "url"
    },
    {
        "logtime": "2019/07/03 14:17:03",
        "logdata": "http://apis.juhe.cn/ip/ip2addr?ip=58.23.48.188&key=74bb0395667b8d0588df9ebd6fc36a12"
    },
    {
        "logtime": "2019/07/03 14:17:03",
        "logdata": ""
    },
    {
        "logtime": "2019/07/03 14:17:03",
        "logdata": {
            "_ServerResVersion": 10,
            "_Active": true,
            "_KindVersion": "101122049",
            "_KindType": 1,
            "_Module": "xiuxian/shuiguolaba/",
            "_KindID": "406",
            "_Type": "xiuxian",
            "_KindName": "xiuxian.shuiguolaba.",
            "nEnterRoomIndex": 1,
            "_SortId": 0
        }
    },
    {
        "logtime": "2019/07/03 14:17:03",
        "logdata": "modulestr"
    },
    {
        "logtime": "2019/07/03 14:17:04",
        "logdata": "xiuxian/shuiguolaba/"
    }
]