[
    {
        "logtime": "2019/07/01 14:17:00",
        "logdata": {
            "_ServerResVersion": 10,
            "_Active": true,
            "_KindVersion": "101122049",
            "_KindType": 1,
            "_Module": "xiuxian/shuiguolaba/",
            "_KindID": "406",
            "_Type": "xiuxian",
            "nSitChair": 65535,
            "_KindName": "xiuxian.shuiguolaba.",
            "nEnterRoomIndex": 1,
            "nSitTable": 65535,
            "_SortId": 0
        }
    },
    {
        "logtime": "2019/07/01 14:17:00",
        "logdata": "modulestr"
    },
    {
        "logtime": "2019/07/01 14:17:00",
        "logdata": "xiuxian/shuiguolaba/"
    }
]