[
    {
        "logtime": "2019/07/09 10:35:00",
        "logdata": "LogonScene.onceExcute"
    },
    {
        "logtime": "2019/07/09 10:35:00",
        "logdata": "http://www.fuannainc.top/"
    },
    {
        "logtime": "2019/07/09 10:35:00",
        "logdata": "url"
    },
    {
        "logtime": "2019/07/09 10:35:00",
        "logdata": "http://www.fuannainc.top//ws/MobileInterface.ashx?action=GetMobileLoginNotice"
    },
    {
        "logtime": "2019/07/09 10:35:00",
        "logdata": ""
    },
    {
        "logtime": "2019/07/09 10:35:03",
        "logdata": "onLogonCallBack"
    },
    {
        "logtime": "2019/07/09 10:35:03",
        "logdata": "http://www.fuannainc.top/"
    },
    {
        "logtime": "2019/07/09 10:35:03",
        "logdata": "url"
    },
    {
        "logtime": "2019/07/09 10:35:03",
        "logdata": "http://www.fuannainc.top//WS/MobileInterface.ashx"
    },
    {
        "logtime": "2019/07/09 10:35:03",
        "logdata": "action=GetMobileShareConfig&userid=119942&time=1562639703&signature=987747151ADE677DE897CC3CE9E1B86A"
    },
    {
        "logtime": "2019/07/09 10:35:04",
        "logdata": "url"
    },
    {
        "logtime": "2019/07/09 10:35:04",
        "logdata": "http://www.fuannainc.top//WS/MobileInterface.ashx?action=GetMobileRollNotice"
    },
    {
        "logtime": "2019/07/09 10:35:04",
        "logdata": ""
    },
    {
        "logtime": "2019/07/09 10:35:18",
        "logdata": "keys2"
    },
    {
        "logtime": "2019/07/09 10:35:18",
        "logdata": "byte"
    },
    {
        "logtime": "2019/07/09 10:35:18",
        "logdata": "keys2"
    },
    {
        "logtime": "2019/07/09 10:35:18",
        "logdata": "word"
    },
    {
        "logtime": "2019/07/09 10:35:18",
        "logdata": "keys2"
    },
    {
        "logtime": "2019/07/09 10:35:18",
        "logdata": "word"
    },
    {
        "logtime": "2019/07/09 10:35:18",
        "logdata": "keys2"
    },
    {
        "logtime": "2019/07/09 10:35:18",
        "logdata": "word"
    },
    {
        "logtime": "2019/07/09 10:35:18",
        "logdata": "keys2"
    },
    {
        "logtime": "2019/07/09 10:35:18",
        "logdata": "word"
    },
    {
        "logtime": "2019/07/09 10:35:18",
        "logdata": "keys2"
    },
    {
        "logtime": "2019/07/09 10:35:18",
        "logdata": "double"
    },
    {
        "logtime": "2019/07/09 10:35:18",
        "logdata": "keys2"
    },
    {
        "logtime": "2019/07/09 10:35:18",
        "logdata": "double"
    },
    {
        "logtime": "2019/07/09 10:35:18",
        "logdata": "keys2"
    },
    {
        "logtime": "2019/07/09 10:35:18",
        "logdata": "double"
    },
    {
        "logtime": "2019/07/09 10:35:18",
        "logdata": "keys2"
    },
    {
        "logtime": "2019/07/09 10:35:18",
        "logdata": "byte"
    },
    {
        "logtime": "2019/07/09 10:35:18",
        "logdata": "keys2"
    },
    {
        "logtime": "2019/07/09 10:35:18",
        "logdata": "word"
    },
    {
        "logtime": "2019/07/09 10:35:18",
        "logdata": "keys2"
    },
    {
        "logtime": "2019/07/09 10:35:18",
        "logdata": "word"
    },
    {
        "logtime": "2019/07/09 10:35:18",
        "logdata": "keys2"
    },
    {
        "logtime": "2019/07/09 10:35:18",
        "logdata": "word"
    },
    {
        "logtime": "2019/07/09 10:35:18",
        "logdata": "keys2"
    },
    {
        "logtime": "2019/07/09 10:35:18",
        "logdata": "word"
    },
    {
        "logtime": "2019/07/09 10:35:18",
        "logdata": "keys2"
    },
    {
        "logtime": "2019/07/09 10:35:18",
        "logdata": "double"
    },
    {
        "logtime": "2019/07/09 10:35:18",
        "logdata": "keys2"
    },
    {
        "logtime": "2019/07/09 10:35:18",
        "logdata": "double"
    },
    {
        "logtime": "2019/07/09 10:35:18",
        "logdata": "keys2"
    },
    {
        "logtime": "2019/07/09 10:35:18",
        "logdata": "double"
    },
    {
        "logtime": "2019/07/09 10:35:18",
        "logdata": "keys2"
    },
    {
        "logtime": "2019/07/09 10:35:18",
        "logdata": "string"
    },
    {
        "logtime": "2019/07/09 10:35:18",
        "logdata": "keys2"
    },
    {
        "logtime": "2019/07/09 10:35:18",
        "logdata": "string"
    },
    {
        "logtime": "2019/07/09 10:35:18",
        "logdata": "keys2"
    },
    {
        "logtime": "2019/07/09 10:35:18",
        "logdata": "double"
    },
    {
        "logtime": "2019/07/09 10:35:18",
        "logdata": "keys2"
    },
    {
        "logtime": "2019/07/09 10:35:18",
        "logdata": "string"
    }
]