[
    {
        "logtime": "2009/01/01 08:41:55",
        "logdata": "url"
    },
    {
        "logtime": "2009/01/01 08:41:55",
        "logdata": "http://apis.juhe.cn/ip/ip2addr?ip=183.53.107.223&key=74bb0395667b8d0588df9ebd6fc36a12"
    },
    {
        "logtime": "2009/01/01 08:41:55",
        "logdata": ""
    },
    {
        "logtime": "2009/01/01 08:41:55",
        "logdata": "onLogonCallBack"
    },
    {
        "logtime": "2009/01/01 08:41:55",
        "logdata": "http://www.fuannainc.top/"
    },
    {
        "logtime": "2009/01/01 08:41:55",
        "logdata": "url"
    },
    {
        "logtime": "2009/01/01 08:41:55",
        "logdata": "http://www.fuannainc.top//WS/MobileInterface.ashx"
    },
    {
        "logtime": "2009/01/01 08:41:55",
        "logdata": "action=GetMobileShareConfig&userid=119903&time=1230770515&signature=F62F8C4EBD174C8B0F04AA0BFD1A3452"
    },
    {
        "logtime": "2009/01/01 08:41:59",
        "logdata": "url"
    },
    {
        "logtime": "2009/01/01 08:41:59",
        "logdata": "http://www.fuannainc.top//WS/MobileInterface.ashx?action=GetMobileRollNotice"
    },
    {
        "logtime": "2009/01/01 08:41:59",
        "logdata": ""
    }
]