[
    {
        "logtime": "2019/07/09 11:07:48",
        "logdata": "LogonScene.onceExcute"
    },
    {
        "logtime": "2019/07/09 11:07:48",
        "logdata": "http://www.fuannainc.top/"
    },
    {
        "logtime": "2019/07/09 11:07:48",
        "logdata": "url"
    },
    {
        "logtime": "2019/07/09 11:07:48",
        "logdata": "http://www.fuannainc.top//ws/MobileInterface.ashx?action=GetMobileLoginNotice"
    },
    {
        "logtime": "2019/07/09 11:07:48",
        "logdata": ""
    },
    {
        "logtime": "2019/07/09 11:07:50",
        "logdata": "onLogonCallBack"
    },
    {
        "logtime": "2019/07/09 11:07:50",
        "logdata": "http://www.fuannainc.top/"
    },
    {
        "logtime": "2019/07/09 11:07:50",
        "logdata": "url"
    },
    {
        "logtime": "2019/07/09 11:07:50",
        "logdata": "http://www.fuannainc.top//WS/MobileInterface.ashx"
    },
    {
        "logtime": "2019/07/09 11:07:50",
        "logdata": "action=GetMobileShareConfig&userid=119940&time=1562641670&signature=45CF835D1365D1F2D7B5B70314E82DE7"
    },
    {
        "logtime": "2019/07/09 11:07:52",
        "logdata": "url"
    },
    {
        "logtime": "2019/07/09 11:07:52",
        "logdata": "http://www.fuannainc.top//WS/MobileInterface.ashx?action=GetMobileRollNotice"
    },
    {
        "logtime": "2019/07/09 11:07:52",
        "logdata": ""
    },
    {
        "logtime": "2019/07/09 11:07:55",
        "logdata": "keys2"
    },
    {
        "logtime": "2019/07/09 11:07:55",
        "logdata": "byte"
    },
    {
        "logtime": "2019/07/09 11:07:55",
        "logdata": "keys2"
    },
    {
        "logtime": "2019/07/09 11:07:55",
        "logdata": "word"
    },
    {
        "logtime": "2019/07/09 11:07:55",
        "logdata": "keys2"
    },
    {
        "logtime": "2019/07/09 11:07:55",
        "logdata": "word"
    },
    {
        "logtime": "2019/07/09 11:07:55",
        "logdata": "keys2"
    },
    {
        "logtime": "2019/07/09 11:07:55",
        "logdata": "word"
    },
    {
        "logtime": "2019/07/09 11:07:55",
        "logdata": "keys2"
    },
    {
        "logtime": "2019/07/09 11:07:55",
        "logdata": "word"
    },
    {
        "logtime": "2019/07/09 11:07:55",
        "logdata": "keys2"
    },
    {
        "logtime": "2019/07/09 11:07:55",
        "logdata": "double"
    },
    {
        "logtime": "2019/07/09 11:07:55",
        "logdata": "keys2"
    },
    {
        "logtime": "2019/07/09 11:07:55",
        "logdata": "double"
    },
    {
        "logtime": "2019/07/09 11:07:55",
        "logdata": "keys2"
    },
    {
        "logtime": "2019/07/09 11:07:55",
        "logdata": "double"
    },
    {
        "logtime": "2019/07/09 11:07:55",
        "logdata": "keys2"
    },
    {
        "logtime": "2019/07/09 11:07:55",
        "logdata": "string"
    },
    {
        "logtime": "2019/07/09 11:07:55",
        "logdata": "keys2"
    },
    {
        "logtime": "2019/07/09 11:07:55",
        "logdata": "string"
    },
    {
        "logtime": "2019/07/09 11:07:55",
        "logdata": "keys2"
    },
    {
        "logtime": "2019/07/09 11:07:55",
        "logdata": "double"
    },
    {
        "logtime": "2019/07/09 11:07:55",
        "logdata": "keys2"
    },
    {
        "logtime": "2019/07/09 11:07:55",
        "logdata": "string"
    }
]