[
    {
        "logtime": "2019/07/02 16:14:06",
        "logdata": "LogonScene.onceExcute"
    },
    {
        "logtime": "2019/07/02 16:14:06",
        "logdata": "http://www.fuannainc.top/"
    },
    {
        "logtime": "2019/07/02 16:14:06",
        "logdata": "url"
    },
    {
        "logtime": "2019/07/02 16:14:06",
        "logdata": "http://www.fuannainc.top//ws/MobileInterface.ashx?action=GetMobileLoginNotice"
    },
    {
        "logtime": "2019/07/02 16:14:06",
        "logdata": ""
    },
    {
        "logtime": "2019/07/02 16:14:10",
        "logdata": "url"
    },
    {
        "logtime": "2019/07/02 16:14:10",
        "logdata": "http://apis.juhe.cn/ip/ip2addr?ip=58.23.48.188&key=74bb0395667b8d0588df9ebd6fc36a12"
    },
    {
        "logtime": "2019/07/02 16:14:10",
        "logdata": ""
    },
    {
        "logtime": "2019/07/02 16:14:10",
        "logdata": "onLogonCallBack"
    },
    {
        "logtime": "2019/07/02 16:14:10",
        "logdata": "http://www.fuannainc.top/"
    },
    {
        "logtime": "2019/07/02 16:14:10",
        "logdata": "url"
    },
    {
        "logtime": "2019/07/02 16:14:10",
        "logdata": "http://www.fuannainc.top//WS/MobileInterface.ashx"
    },
    {
        "logtime": "2019/07/02 16:14:10",
        "logdata": "action=GetMobileShareConfig&userid=120187&time=1562055250&signature=68C2AC42C6A1C0F9DF177C90EA5E1F9D"
    },
    {
        "logtime": "2019/07/02 16:14:12",
        "logdata": "url"
    },
    {
        "logtime": "2019/07/02 16:14:12",
        "logdata": "http://www.fuannainc.top//WS/MobileInterface.ashx?action=GetMobileRollNotice"
    },
    {
        "logtime": "2019/07/02 16:14:12",
        "logdata": ""
    },
    {
        "logtime": "2019/07/02 16:14:15",
        "logdata": null
    },
    {
        "logtime": "2019/07/02 16:14:15",
        "logdata": "onEnterGame"
    },
    {
        "logtime": "2019/07/02 16:14:15",
        "logdata": {
            "_ServerResVersion": 10,
            "_Active": true,
            "_KindVersion": "101122049",
            "_KindType": 1,
            "_Module": "xiuxian/shuiguolaba/",
            "_KindID": "406",
            "_Type": "xiuxian",
            "_KindName": "xiuxian.shuiguolaba.",
            "_SortId": 0
        }
    },
    {
        "logtime": "2019/07/02 16:14:15",
        "logdata": "GlobalUserItem.getCurGameKind()"
    },
    {
        "logtime": "2019/07/02 16:14:15",
        "logdata": 406
    },
    {
        "logtime": "2019/07/02 16:14:16",
        "logdata": "url"
    },
    {
        "logtime": "2019/07/02 16:14:16",
        "logdata": "http://apis.juhe.cn/ip/ip2addr?ip=58.23.48.188&key=74bb0395667b8d0588df9ebd6fc36a12"
    },
    {
        "logtime": "2019/07/02 16:14:16",
        "logdata": ""
    },
    {
        "logtime": "2019/07/02 16:14:16",
        "logdata": "url"
    },
    {
        "logtime": "2019/07/02 16:14:16",
        "logdata": "http://apis.juhe.cn/ip/ip2addr?ip=58.23.48.188&key=74bb0395667b8d0588df9ebd6fc36a12"
    },
    {
        "logtime": "2019/07/02 16:14:16",
        "logdata": ""
    },
    {
        "logtime": "2019/07/02 16:14:17",
        "logdata": {
            "_ServerResVersion": 10,
            "_Active": true,
            "_KindVersion": "101122049",
            "_KindType": 1,
            "_Module": "xiuxian/shuiguolaba/",
            "_KindID": "406",
            "_Type": "xiuxian",
            "nSitChair": 65535,
            "_KindName": "xiuxian.shuiguolaba.",
            "nEnterRoomIndex": 1,
            "nSitTable": 65535,
            "_SortId": 0
        }
    },
    {
        "logtime": "2019/07/02 16:14:17",
        "logdata": "modulestr"
    },
    {
        "logtime": "2019/07/02 16:14:17",
        "logdata": "xiuxian/shuiguolaba/"
    },
    {
        "logtime": "2019/07/02 16:14:49",
        "logdata": "LogonScene.onceExcute"
    },
    {
        "logtime": "2019/07/02 16:14:49",
        "logdata": "http://www.fuannainc.top/"
    },
    {
        "logtime": "2019/07/02 16:14:49",
        "logdata": "url"
    },
    {
        "logtime": "2019/07/02 16:14:49",
        "logdata": "http://www.fuannainc.top//ws/MobileInterface.ashx?action=GetMobileLoginNotice"
    },
    {
        "logtime": "2019/07/02 16:14:49",
        "logdata": ""
    },
    {
        "logtime": "2019/07/02 16:14:51",
        "logdata": "url"
    },
    {
        "logtime": "2019/07/02 16:14:51",
        "logdata": "http://apis.juhe.cn/ip/ip2addr?ip=58.23.48.188&key=74bb0395667b8d0588df9ebd6fc36a12"
    },
    {
        "logtime": "2019/07/02 16:14:51",
        "logdata": ""
    },
    {
        "logtime": "2019/07/02 16:14:51",
        "logdata": "onLogonCallBack"
    },
    {
        "logtime": "2019/07/02 16:14:51",
        "logdata": "http://www.fuannainc.top/"
    },
    {
        "logtime": "2019/07/02 16:14:51",
        "logdata": "url"
    },
    {
        "logtime": "2019/07/02 16:14:51",
        "logdata": "http://www.fuannainc.top//WS/MobileInterface.ashx"
    },
    {
        "logtime": "2019/07/02 16:14:51",
        "logdata": "action=GetMobileShareConfig&userid=120187&time=1562055291&signature=92EFF976C68C351C0568CAB895DC9971"
    },
    {
        "logtime": "2019/07/02 16:14:53",
        "logdata": "url"
    },
    {
        "logtime": "2019/07/02 16:14:53",
        "logdata": "http://www.fuannainc.top//WS/MobileInterface.ashx?action=GetMobileRollNotice"
    },
    {
        "logtime": "2019/07/02 16:14:53",
        "logdata": ""
    },
    {
        "logtime": "2019/07/02 16:14:56",
        "logdata": null
    },
    {
        "logtime": "2019/07/02 16:14:56",
        "logdata": "onEnterGame"
    },
    {
        "logtime": "2019/07/02 16:14:56",
        "logdata": {
            "_ServerResVersion": 10,
            "_Active": true,
            "_KindVersion": "101122049",
            "_KindType": 1,
            "_Module": "xiuxian/shuiguolaba/",
            "_KindID": "406",
            "_Type": "xiuxian",
            "_KindName": "xiuxian.shuiguolaba.",
            "_SortId": 0
        }
    },
    {
        "logtime": "2019/07/02 16:14:57",
        "logdata": "GlobalUserItem.getCurGameKind()"
    },
    {
        "logtime": "2019/07/02 16:14:57",
        "logdata": 406
    },
    {
        "logtime": "2019/07/02 16:14:58",
        "logdata": "url"
    },
    {
        "logtime": "2019/07/02 16:14:58",
        "logdata": "http://apis.juhe.cn/ip/ip2addr?ip=58.23.48.188&key=74bb0395667b8d0588df9ebd6fc36a12"
    },
    {
        "logtime": "2019/07/02 16:14:58",
        "logdata": ""
    },
    {
        "logtime": "2019/07/02 16:14:58",
        "logdata": "url"
    },
    {
        "logtime": "2019/07/02 16:14:58",
        "logdata": "http://apis.juhe.cn/ip/ip2addr?ip=58.23.48.188&key=74bb0395667b8d0588df9ebd6fc36a12"
    },
    {
        "logtime": "2019/07/02 16:14:58",
        "logdata": ""
    },
    {
        "logtime": "2019/07/02 16:14:58",
        "logdata": {
            "_ServerResVersion": 10,
            "_Active": true,
            "_KindVersion": "101122049",
            "_KindType": 1,
            "_Module": "xiuxian/shuiguolaba/",
            "_KindID": "406",
            "_Type": "xiuxian",
            "nSitChair": 65535,
            "_KindName": "xiuxian.shuiguolaba.",
            "nEnterRoomIndex": 1,
            "nSitTable": 65535,
            "_SortId": 0
        }
    },
    {
        "logtime": "2019/07/02 16:14:58",
        "logdata": "modulestr"
    },
    {
        "logtime": "2019/07/02 16:14:58",
        "logdata": "xiuxian/shuiguolaba/"
    }
]