[
    {
        "logtime": "2019/05/13 16:08:14",
        "logdata": "LogonScene.onceExcute"
    },
    {
        "logtime": "2019/05/13 16:08:14",
        "logdata": "http://www.fuannainc.top/"
    },
    {
        "logtime": "2019/05/13 16:08:14",
        "logdata": "url"
    },
    {
        "logtime": "2019/05/13 16:08:14",
        "logdata": "http://www.fuannainc.top//ws/MobileInterface.ashx?action=GetMobileLoginNotice"
    },
    {
        "logtime": "2019/05/13 16:08:14",
        "logdata": ""
    },
    {
        "logtime": "2019/05/13 16:08:53",
        "logdata": "LogonScene.onceExcute"
    },
    {
        "logtime": "2019/05/13 16:08:53",
        "logdata": "http://www.fuannainc.top/"
    },
    {
        "logtime": "2019/05/13 16:08:53",
        "logdata": "url"
    },
    {
        "logtime": "2019/05/13 16:08:53",
        "logdata": "http://www.fuannainc.top//ws/MobileInterface.ashx?action=GetMobileLoginNotice"
    },
    {
        "logtime": "2019/05/13 16:08:53",
        "logdata": ""
    },
    {
        "logtime": "2019/05/13 16:08:58",
        "logdata": "url"
    },
    {
        "logtime": "2019/05/13 16:08:58",
        "logdata": "http://apis.juhe.cn/ip/ip2addr?ip=113.77.80.214&key=74bb0395667b8d0588df9ebd6fc36a12"
    },
    {
        "logtime": "2019/05/13 16:08:58",
        "logdata": ""
    },
    {
        "logtime": "2019/05/13 16:08:58",
        "logdata": "onLogonCallBack"
    },
    {
        "logtime": "2019/05/13 16:08:58",
        "logdata": "http://www.fuannainc.top/"
    },
    {
        "logtime": "2019/05/13 16:08:58",
        "logdata": "url"
    },
    {
        "logtime": "2019/05/13 16:08:58",
        "logdata": "http://www.fuannainc.top//WS/MobileInterface.ashx"
    },
    {
        "logtime": "2019/05/13 16:08:58",
        "logdata": "action=GetMobileShareConfig&userid=120773&time=1557734938&signature=8C5D9E7BD2136617577FC7F13B19CAA2"
    }
]