[
    {
        "logtime": "2019/07/05 10:52:00",
        "logdata": "url"
    },
    {
        "logtime": "2019/07/05 10:52:00",
        "logdata": "http://apis.juhe.cn/ip/ip2addr?ip=58.23.49.18&key=74bb0395667b8d0588df9ebd6fc36a12"
    },
    {
        "logtime": "2019/07/05 10:52:00",
        "logdata": ""
    },
    {
        "logtime": "2019/07/05 10:52:00",
        "logdata": "url"
    },
    {
        "logtime": "2019/07/05 10:52:00",
        "logdata": "http://apis.juhe.cn/ip/ip2addr?ip=106.83.62.198&key=74bb0395667b8d0588df9ebd6fc36a12"
    },
    {
        "logtime": "2019/07/05 10:52:00",
        "logdata": ""
    },
    {
        "logtime": "2019/07/05 10:52:00",
        "logdata": "url"
    },
    {
        "logtime": "2019/07/05 10:52:00",
        "logdata": "http://apis.juhe.cn/ip/ip2addr?ip=36.58.108.29&key=74bb0395667b8d0588df9ebd6fc36a12"
    },
    {
        "logtime": "2019/07/05 10:52:00",
        "logdata": ""
    },
    {
        "logtime": "2019/07/05 10:52:00",
        "logdata": "url"
    },
    {
        "logtime": "2019/07/05 10:52:00",
        "logdata": "http://apis.juhe.cn/ip/ip2addr?ip=121.77.149.12&key=74bb0395667b8d0588df9ebd6fc36a12"
    },
    {
        "logtime": "2019/07/05 10:52:00",
        "logdata": ""
    },
    {
        "logtime": "2019/07/05 10:52:00",
        "logdata": "url"
    },
    {
        "logtime": "2019/07/05 10:52:00",
        "logdata": "http://apis.juhe.cn/ip/ip2addr?ip=210.29.40.159&key=74bb0395667b8d0588df9ebd6fc36a12"
    },
    {
        "logtime": "2019/07/05 10:52:00",
        "logdata": ""
    },
    {
        "logtime": "2019/07/05 10:52:00",
        "logdata": "url"
    },
    {
        "logtime": "2019/07/05 10:52:00",
        "logdata": "http://apis.juhe.cn/ip/ip2addr?ip=106.87.17.92&key=74bb0395667b8d0588df9ebd6fc36a12"
    },
    {
        "logtime": "2019/07/05 10:52:00",
        "logdata": ""
    },
    {
        "logtime": "2019/07/05 10:52:00",
        "logdata": "url"
    },
    {
        "logtime": "2019/07/05 10:52:00",
        "logdata": "http://apis.juhe.cn/ip/ip2addr?ip=171.10.148.228&key=74bb0395667b8d0588df9ebd6fc36a12"
    },
    {
        "logtime": "2019/07/05 10:52:00",
        "logdata": ""
    },
    {
        "logtime": "2019/07/05 10:52:00",
        "logdata": "url"
    },
    {
        "logtime": "2019/07/05 10:52:00",
        "logdata": "http://apis.juhe.cn/ip/ip2addr?ip=106.90.204.154&key=74bb0395667b8d0588df9ebd6fc36a12"
    },
    {
        "logtime": "2019/07/05 10:52:00",
        "logdata": ""
    },
    {
        "logtime": "2019/07/05 10:52:00",
        "logdata": "url"
    },
    {
        "logtime": "2019/07/05 10:52:00",
        "logdata": "http://apis.juhe.cn/ip/ip2addr?ip=61.235.157.58&key=74bb0395667b8d0588df9ebd6fc36a12"
    },
    {
        "logtime": "2019/07/05 10:52:00",
        "logdata": ""
    },
    {
        "logtime": "2019/07/05 10:52:00",
        "logdata": "url"
    },
    {
        "logtime": "2019/07/05 10:52:00",
        "logdata": "http://apis.juhe.cn/ip/ip2addr?ip=121.77.193.81&key=74bb0395667b8d0588df9ebd6fc36a12"
    },
    {
        "logtime": "2019/07/05 10:52:00",
        "logdata": ""
    },
    {
        "logtime": "2019/07/05 10:52:00",
        "logdata": "url"
    },
    {
        "logtime": "2019/07/05 10:52:00",
        "logdata": "http://apis.juhe.cn/ip/ip2addr?ip=139.209.124.50&key=74bb0395667b8d0588df9ebd6fc36a12"
    },
    {
        "logtime": "2019/07/05 10:52:00",
        "logdata": ""
    },
    {
        "logtime": "2019/07/05 10:52:00",
        "logdata": "url"
    },
    {
        "logtime": "2019/07/05 10:52:00",
        "logdata": "http://apis.juhe.cn/ip/ip2addr?ip=121.77.162.91&key=74bb0395667b8d0588df9ebd6fc36a12"
    },
    {
        "logtime": "2019/07/05 10:52:00",
        "logdata": ""
    },
    {
        "logtime": "2019/07/05 10:52:00",
        "logdata": "url"
    },
    {
        "logtime": "2019/07/05 10:52:00",
        "logdata": "http://apis.juhe.cn/ip/ip2addr?ip=121.76.195.147&key=74bb0395667b8d0588df9ebd6fc36a12"
    },
    {
        "logtime": "2019/07/05 10:52:00",
        "logdata": ""
    },
    {
        "logtime": "2019/07/05 10:52:00",
        "logdata": "url"
    },
    {
        "logtime": "2019/07/05 10:52:00",
        "logdata": "http://apis.juhe.cn/ip/ip2addr?ip=210.45.99.211&key=74bb0395667b8d0588df9ebd6fc36a12"
    },
    {
        "logtime": "2019/07/05 10:52:00",
        "logdata": ""
    },
    {
        "logtime": "2019/07/05 10:52:00",
        "logdata": "url"
    },
    {
        "logtime": "2019/07/05 10:52:00",
        "logdata": "http://apis.juhe.cn/ip/ip2addr?ip=182.88.54.229&key=74bb0395667b8d0588df9ebd6fc36a12"
    },
    {
        "logtime": "2019/07/05 10:52:00",
        "logdata": ""
    },
    {
        "logtime": "2019/07/05 10:52:00",
        "logdata": "url"
    },
    {
        "logtime": "2019/07/05 10:52:00",
        "logdata": "http://apis.juhe.cn/ip/ip2addr?ip=139.204.64.166&key=74bb0395667b8d0588df9ebd6fc36a12"
    },
    {
        "logtime": "2019/07/05 10:52:00",
        "logdata": ""
    },
    {
        "logtime": "2019/07/05 10:52:00",
        "logdata": "url"
    },
    {
        "logtime": "2019/07/05 10:52:00",
        "logdata": "http://apis.juhe.cn/ip/ip2addr?ip=121.76.65.81&key=74bb0395667b8d0588df9ebd6fc36a12"
    },
    {
        "logtime": "2019/07/05 10:52:00",
        "logdata": ""
    },
    {
        "logtime": "2019/07/05 10:52:00",
        "logdata": "url"
    },
    {
        "logtime": "2019/07/05 10:52:00",
        "logdata": "http://apis.juhe.cn/ip/ip2addr?ip=171.14.192.226&key=74bb0395667b8d0588df9ebd6fc36a12"
    },
    {
        "logtime": "2019/07/05 10:52:00",
        "logdata": ""
    },
    {
        "logtime": "2019/07/05 10:52:00",
        "logdata": "url"
    },
    {
        "logtime": "2019/07/05 10:52:00",
        "logdata": "http://apis.juhe.cn/ip/ip2addr?ip=123.234.164.202&key=74bb0395667b8d0588df9ebd6fc36a12"
    },
    {
        "logtime": "2019/07/05 10:52:00",
        "logdata": ""
    },
    {
        "logtime": "2019/07/05 10:52:00",
        "logdata": "url"
    },
    {
        "logtime": "2019/07/05 10:52:00",
        "logdata": "http://apis.juhe.cn/ip/ip2addr?ip=182.89.26.193&key=74bb0395667b8d0588df9ebd6fc36a12"
    },
    {
        "logtime": "2019/07/05 10:52:00",
        "logdata": ""
    },
    {
        "logtime": "2019/07/05 10:52:00",
        "logdata": "url"
    },
    {
        "logtime": "2019/07/05 10:52:00",
        "logdata": "http://apis.juhe.cn/ip/ip2addr?ip=171.8.221.34&key=74bb0395667b8d0588df9ebd6fc36a12"
    },
    {
        "logtime": "2019/07/05 10:52:00",
        "logdata": ""
    },
    {
        "logtime": "2019/07/05 10:52:00",
        "logdata": "url"
    },
    {
        "logtime": "2019/07/05 10:52:00",
        "logdata": "http://apis.juhe.cn/ip/ip2addr?ip=123.235.134.4&key=74bb0395667b8d0588df9ebd6fc36a12"
    },
    {
        "logtime": "2019/07/05 10:52:00",
        "logdata": ""
    },
    {
        "logtime": "2019/07/05 10:52:00",
        "logdata": "url"
    },
    {
        "logtime": "2019/07/05 10:52:00",
        "logdata": "http://apis.juhe.cn/ip/ip2addr?ip=139.201.52.198&key=74bb0395667b8d0588df9ebd6fc36a12"
    },
    {
        "logtime": "2019/07/05 10:52:00",
        "logdata": ""
    },
    {
        "logtime": "2019/07/05 10:52:00",
        "logdata": "url"
    },
    {
        "logtime": "2019/07/05 10:52:00",
        "logdata": "http://apis.juhe.cn/ip/ip2addr?ip=121.76.0.195&key=74bb0395667b8d0588df9ebd6fc36a12"
    },
    {
        "logtime": "2019/07/05 10:52:00",
        "logdata": ""
    },
    {
        "logtime": "2019/07/05 10:52:00",
        "logdata": "url"
    },
    {
        "logtime": "2019/07/05 10:52:00",
        "logdata": "http://apis.juhe.cn/ip/ip2addr?ip=123.235.191.22&key=74bb0395667b8d0588df9ebd6fc36a12"
    },
    {
        "logtime": "2019/07/05 10:52:00",
        "logdata": ""
    },
    {
        "logtime": "2019/07/05 10:52:00",
        "logdata": "url"
    },
    {
        "logtime": "2019/07/05 10:52:00",
        "logdata": "http://apis.juhe.cn/ip/ip2addr?ip=222.43.155.73&key=74bb0395667b8d0588df9ebd6fc36a12"
    },
    {
        "logtime": "2019/07/05 10:52:00",
        "logdata": ""
    },
    {
        "logtime": "2019/07/05 10:52:00",
        "logdata": "url"
    },
    {
        "logtime": "2019/07/05 10:52:00",
        "logdata": "http://apis.juhe.cn/ip/ip2addr?ip=210.41.8.61&key=74bb0395667b8d0588df9ebd6fc36a12"
    },
    {
        "logtime": "2019/07/05 10:52:00",
        "logdata": ""
    },
    {
        "logtime": "2019/07/05 10:52:00",
        "logdata": "url"
    },
    {
        "logtime": "2019/07/05 10:52:00",
        "logdata": "http://apis.juhe.cn/ip/ip2addr?ip=182.82.17.165&key=74bb0395667b8d0588df9ebd6fc36a12"
    },
    {
        "logtime": "2019/07/05 10:52:00",
        "logdata": ""
    },
    {
        "logtime": "2019/07/05 10:52:00",
        "logdata": "url"
    },
    {
        "logtime": "2019/07/05 10:52:00",
        "logdata": "http://apis.juhe.cn/ip/ip2addr?ip=36.57.217.78&key=74bb0395667b8d0588df9ebd6fc36a12"
    },
    {
        "logtime": "2019/07/05 10:52:00",
        "logdata": ""
    },
    {
        "logtime": "2019/07/05 10:52:00",
        "logdata": "url"
    },
    {
        "logtime": "2019/07/05 10:52:00",
        "logdata": "http://apis.juhe.cn/ip/ip2addr?ip=106.87.65.219&key=74bb0395667b8d0588df9ebd6fc36a12"
    },
    {
        "logtime": "2019/07/05 10:52:00",
        "logdata": ""
    },
    {
        "logtime": "2019/07/05 10:52:00",
        "logdata": "url"
    },
    {
        "logtime": "2019/07/05 10:52:00",
        "logdata": "http://apis.juhe.cn/ip/ip2addr?ip=210.40.98.148&key=74bb0395667b8d0588df9ebd6fc36a12"
    },
    {
        "logtime": "2019/07/05 10:52:00",
        "logdata": ""
    },
    {
        "logtime": "2019/07/05 10:52:00",
        "logdata": "url"
    },
    {
        "logtime": "2019/07/05 10:52:00",
        "logdata": "http://apis.juhe.cn/ip/ip2addr?ip=222.69.210.31&key=74bb0395667b8d0588df9ebd6fc36a12"
    },
    {
        "logtime": "2019/07/05 10:52:00",
        "logdata": ""
    },
    {
        "logtime": "2019/07/05 10:52:00",
        "logdata": "url"
    },
    {
        "logtime": "2019/07/05 10:52:00",
        "logdata": "http://apis.juhe.cn/ip/ip2addr?ip=61.234.209.74&key=74bb0395667b8d0588df9ebd6fc36a12"
    },
    {
        "logtime": "2019/07/05 10:52:00",
        "logdata": ""
    },
    {
        "logtime": "2019/07/05 10:52:00",
        "logdata": "url"
    },
    {
        "logtime": "2019/07/05 10:52:00",
        "logdata": "http://apis.juhe.cn/ip/ip2addr?ip=106.88.94.125&key=74bb0395667b8d0588df9ebd6fc36a12"
    },
    {
        "logtime": "2019/07/05 10:52:00",
        "logdata": ""
    },
    {
        "logtime": "2019/07/05 10:52:00",
        "logdata": "url"
    },
    {
        "logtime": "2019/07/05 10:52:00",
        "logdata": "http://apis.juhe.cn/ip/ip2addr?ip=106.93.3.11&key=74bb0395667b8d0588df9ebd6fc36a12"
    },
    {
        "logtime": "2019/07/05 10:52:00",
        "logdata": ""
    },
    {
        "logtime": "2019/07/05 10:52:00",
        "logdata": "url"
    },
    {
        "logtime": "2019/07/05 10:52:00",
        "logdata": "http://apis.juhe.cn/ip/ip2addr?ip=61.235.8.22&key=74bb0395667b8d0588df9ebd6fc36a12"
    },
    {
        "logtime": "2019/07/05 10:52:00",
        "logdata": ""
    },
    {
        "logtime": "2019/07/05 10:52:00",
        "logdata": "url"
    },
    {
        "logtime": "2019/07/05 10:52:00",
        "logdata": "http://apis.juhe.cn/ip/ip2addr?ip=139.202.107.71&key=74bb0395667b8d0588df9ebd6fc36a12"
    },
    {
        "logtime": "2019/07/05 10:52:00",
        "logdata": ""
    },
    {
        "logtime": "2019/07/05 10:52:00",
        "logdata": "url"
    },
    {
        "logtime": "2019/07/05 10:52:00",
        "logdata": "http://apis.juhe.cn/ip/ip2addr?ip=182.86.65.239&key=74bb0395667b8d0588df9ebd6fc36a12"
    },
    {
        "logtime": "2019/07/05 10:52:00",
        "logdata": ""
    },
    {
        "logtime": "2019/07/05 10:52:00",
        "logdata": "url"
    },
    {
        "logtime": "2019/07/05 10:52:00",
        "logdata": "http://apis.juhe.cn/ip/ip2addr?ip=182.87.17.48&key=74bb0395667b8d0588df9ebd6fc36a12"
    },
    {
        "logtime": "2019/07/05 10:52:00",
        "logdata": ""
    },
    {
        "logtime": "2019/07/05 10:52:00",
        "logdata": "url"
    },
    {
        "logtime": "2019/07/05 10:52:00",
        "logdata": "http://apis.juhe.cn/ip/ip2addr?ip=123.232.8.141&key=74bb0395667b8d0588df9ebd6fc36a12"
    },
    {
        "logtime": "2019/07/05 10:52:00",
        "logdata": ""
    },
    {
        "logtime": "2019/07/05 10:52:00",
        "logdata": "url"
    },
    {
        "logtime": "2019/07/05 10:52:00",
        "logdata": "http://apis.juhe.cn/ip/ip2addr?ip=171.14.11.118&key=74bb0395667b8d0588df9ebd6fc36a12"
    },
    {
        "logtime": "2019/07/05 10:52:00",
        "logdata": ""
    },
    {
        "logtime": "2019/07/05 10:52:00",
        "logdata": "url"
    },
    {
        "logtime": "2019/07/05 10:52:00",
        "logdata": "http://apis.juhe.cn/ip/ip2addr?ip=139.212.123.104&key=74bb0395667b8d0588df9ebd6fc36a12"
    },
    {
        "logtime": "2019/07/05 10:52:00",
        "logdata": ""
    },
    {
        "logtime": "2019/07/05 10:52:00",
        "logdata": "url"
    },
    {
        "logtime": "2019/07/05 10:52:00",
        "logdata": "http://apis.juhe.cn/ip/ip2addr?ip=106.83.217.52&key=74bb0395667b8d0588df9ebd6fc36a12"
    },
    {
        "logtime": "2019/07/05 10:52:00",
        "logdata": ""
    },
    {
        "logtime": "2019/07/05 10:52:00",
        "logdata": "url"
    },
    {
        "logtime": "2019/07/05 10:52:00",
        "logdata": "http://apis.juhe.cn/ip/ip2addr?ip=61.235.151.208&key=74bb0395667b8d0588df9ebd6fc36a12"
    },
    {
        "logtime": "2019/07/05 10:52:00",
        "logdata": ""
    },
    {
        "logtime": "2019/07/05 10:52:00",
        "logdata": "url"
    },
    {
        "logtime": "2019/07/05 10:52:00",
        "logdata": "http://apis.juhe.cn/ip/ip2addr?ip=171.11.119.148&key=74bb0395667b8d0588df9ebd6fc36a12"
    },
    {
        "logtime": "2019/07/05 10:52:00",
        "logdata": ""
    },
    {
        "logtime": "2019/07/05 10:52:00",
        "logdata": "url"
    },
    {
        "logtime": "2019/07/05 10:52:00",
        "logdata": "http://apis.juhe.cn/ip/ip2addr?ip=171.12.56.6&key=74bb0395667b8d0588df9ebd6fc36a12"
    },
    {
        "logtime": "2019/07/05 10:52:00",
        "logdata": ""
    },
    {
        "logtime": "2019/07/05 10:52:00",
        "logdata": "url"
    },
    {
        "logtime": "2019/07/05 10:52:00",
        "logdata": "http://apis.juhe.cn/ip/ip2addr?ip=182.91.156.238&key=74bb0395667b8d0588df9ebd6fc36a12"
    },
    {
        "logtime": "2019/07/05 10:52:00",
        "logdata": ""
    },
    {
        "logtime": "2019/07/05 10:52:00",
        "logdata": "url"
    },
    {
        "logtime": "2019/07/05 10:52:00",
        "logdata": "http://apis.juhe.cn/ip/ip2addr?ip=210.42.10.97&key=74bb0395667b8d0588df9ebd6fc36a12"
    },
    {
        "logtime": "2019/07/05 10:52:00",
        "logdata": ""
    },
    {
        "logtime": "2019/07/05 10:52:00",
        "logdata": "url"
    },
    {
        "logtime": "2019/07/05 10:52:00",
        "logdata": "http://apis.juhe.cn/ip/ip2addr?ip=106.94.32.128&key=74bb0395667b8d0588df9ebd6fc36a12"
    },
    {
        "logtime": "2019/07/05 10:52:00",
        "logdata": ""
    },
    {
        "logtime": "2019/07/05 10:52:00",
        "logdata": "url"
    },
    {
        "logtime": "2019/07/05 10:52:00",
        "logdata": "http://apis.juhe.cn/ip/ip2addr?ip=61.235.38.207&key=74bb0395667b8d0588df9ebd6fc36a12"
    },
    {
        "logtime": "2019/07/05 10:52:00",
        "logdata": ""
    },
    {
        "logtime": "2019/07/05 10:52:00",
        "logdata": "url"
    },
    {
        "logtime": "2019/07/05 10:52:00",
        "logdata": "http://apis.juhe.cn/ip/ip2addr?ip=171.15.129.144&key=74bb0395667b8d0588df9ebd6fc36a12"
    },
    {
        "logtime": "2019/07/05 10:52:00",
        "logdata": ""
    },
    {
        "logtime": "2019/07/05 10:52:00",
        "logdata": "url"
    },
    {
        "logtime": "2019/07/05 10:52:00",
        "logdata": "http://apis.juhe.cn/ip/ip2addr?ip=123.234.99.216&key=74bb0395667b8d0588df9ebd6fc36a12"
    },
    {
        "logtime": "2019/07/05 10:52:00",
        "logdata": ""
    },
    {
        "logtime": "2019/07/05 10:52:00",
        "logdata": "url"
    },
    {
        "logtime": "2019/07/05 10:52:00",
        "logdata": "http://apis.juhe.cn/ip/ip2addr?ip=222.27.95.133&key=74bb0395667b8d0588df9ebd6fc36a12"
    },
    {
        "logtime": "2019/07/05 10:52:00",
        "logdata": ""
    },
    {
        "logtime": "2019/07/05 10:52:00",
        "logdata": "url"
    },
    {
        "logtime": "2019/07/05 10:52:00",
        "logdata": "http://apis.juhe.cn/ip/ip2addr?ip=36.60.81.188&key=74bb0395667b8d0588df9ebd6fc36a12"
    },
    {
        "logtime": "2019/07/05 10:52:00",
        "logdata": ""
    },
    {
        "logtime": "2019/07/05 10:52:00",
        "logdata": "url"
    },
    {
        "logtime": "2019/07/05 10:52:00",
        "logdata": "http://apis.juhe.cn/ip/ip2addr?ip=123.234.117.233&key=74bb0395667b8d0588df9ebd6fc36a12"
    },
    {
        "logtime": "2019/07/05 10:52:00",
        "logdata": ""
    },
    {
        "logtime": "2019/07/05 10:52:00",
        "logdata": "url"
    },
    {
        "logtime": "2019/07/05 10:52:00",
        "logdata": "http://apis.juhe.cn/ip/ip2addr?ip=139.212.51.225&key=74bb0395667b8d0588df9ebd6fc36a12"
    },
    {
        "logtime": "2019/07/05 10:52:00",
        "logdata": ""
    },
    {
        "logtime": "2019/07/05 10:52:00",
        "logdata": "url"
    },
    {
        "logtime": "2019/07/05 10:52:00",
        "logdata": "http://apis.juhe.cn/ip/ip2addr?ip=182.88.224.137&key=74bb0395667b8d0588df9ebd6fc36a12"
    },
    {
        "logtime": "2019/07/05 10:52:00",
        "logdata": ""
    },
    {
        "logtime": "2019/07/05 10:52:00",
        "logdata": "url"
    },
    {
        "logtime": "2019/07/05 10:52:00",
        "logdata": "http://apis.juhe.cn/ip/ip2addr?ip=171.12.202.102&key=74bb0395667b8d0588df9ebd6fc36a12"
    },
    {
        "logtime": "2019/07/05 10:52:00",
        "logdata": ""
    },
    {
        "logtime": "2019/07/05 10:52:00",
        "logdata": "url"
    },
    {
        "logtime": "2019/07/05 10:52:00",
        "logdata": "http://apis.juhe.cn/ip/ip2addr?ip=182.82.39.41&key=74bb0395667b8d0588df9ebd6fc36a12"
    },
    {
        "logtime": "2019/07/05 10:52:00",
        "logdata": ""
    },
    {
        "logtime": "2019/07/05 10:52:00",
        "logdata": "url"
    },
    {
        "logtime": "2019/07/05 10:52:01",
        "logdata": "http://apis.juhe.cn/ip/ip2addr?ip=182.83.35.187&key=74bb0395667b8d0588df9ebd6fc36a12"
    },
    {
        "logtime": "2019/07/05 10:52:01",
        "logdata": ""
    },
    {
        "logtime": "2019/07/05 10:52:01",
        "logdata": "url"
    },
    {
        "logtime": "2019/07/05 10:52:01",
        "logdata": "http://apis.juhe.cn/ip/ip2addr?ip=36.57.133.173&key=74bb0395667b8d0588df9ebd6fc36a12"
    },
    {
        "logtime": "2019/07/05 10:52:01",
        "logdata": ""
    },
    {
        "logtime": "2019/07/05 10:52:01",
        "logdata": "url"
    },
    {
        "logtime": "2019/07/05 10:52:01",
        "logdata": "http://apis.juhe.cn/ip/ip2addr?ip=61.233.170.170&key=74bb0395667b8d0588df9ebd6fc36a12"
    },
    {
        "logtime": "2019/07/05 10:52:01",
        "logdata": ""
    },
    {
        "logtime": "2019/07/05 10:52:01",
        "logdata": "url"
    },
    {
        "logtime": "2019/07/05 10:52:01",
        "logdata": "http://apis.juhe.cn/ip/ip2addr?ip=106.88.67.29&key=74bb0395667b8d0588df9ebd6fc36a12"
    },
    {
        "logtime": "2019/07/05 10:52:01",
        "logdata": ""
    },
    {
        "logtime": "2019/07/05 10:52:01",
        "logdata": "url"
    },
    {
        "logtime": "2019/07/05 10:52:01",
        "logdata": "http://apis.juhe.cn/ip/ip2addr?ip=61.237.61.84&key=74bb0395667b8d0588df9ebd6fc36a12"
    },
    {
        "logtime": "2019/07/05 10:52:01",
        "logdata": ""
    },
    {
        "logtime": "2019/07/05 10:52:01",
        "logdata": "url"
    },
    {
        "logtime": "2019/07/05 10:52:01",
        "logdata": "http://apis.juhe.cn/ip/ip2addr?ip=171.10.150.37&key=74bb0395667b8d0588df9ebd6fc36a12"
    },
    {
        "logtime": "2019/07/05 10:52:01",
        "logdata": ""
    },
    {
        "logtime": "2019/07/05 10:52:01",
        "logdata": "url"
    },
    {
        "logtime": "2019/07/05 10:52:01",
        "logdata": "http://apis.juhe.cn/ip/ip2addr?ip=106.81.135.1&key=74bb0395667b8d0588df9ebd6fc36a12"
    },
    {
        "logtime": "2019/07/05 10:52:01",
        "logdata": ""
    },
    {
        "logtime": "2019/07/05 10:52:01",
        "logdata": "url"
    },
    {
        "logtime": "2019/07/05 10:52:01",
        "logdata": "http://apis.juhe.cn/ip/ip2addr?ip=139.203.143.59&key=74bb0395667b8d0588df9ebd6fc36a12"
    },
    {
        "logtime": "2019/07/05 10:52:01",
        "logdata": ""
    },
    {
        "logtime": "2019/07/05 10:52:01",
        "logdata": "url"
    },
    {
        "logtime": "2019/07/05 10:52:01",
        "logdata": "http://apis.juhe.cn/ip/ip2addr?ip=123.235.108.202&key=74bb0395667b8d0588df9ebd6fc36a12"
    },
    {
        "logtime": "2019/07/05 10:52:01",
        "logdata": ""
    },
    {
        "logtime": "2019/07/05 10:52:01",
        "logdata": "url"
    },
    {
        "logtime": "2019/07/05 10:52:01",
        "logdata": "http://apis.juhe.cn/ip/ip2addr?ip=123.234.98.122&key=74bb0395667b8d0588df9ebd6fc36a12"
    },
    {
        "logtime": "2019/07/05 10:52:01",
        "logdata": ""
    },
    {
        "logtime": "2019/07/05 10:52:01",
        "logdata": "url"
    },
    {
        "logtime": "2019/07/05 10:52:01",
        "logdata": "http://apis.juhe.cn/ip/ip2addr?ip=36.61.143.190&key=74bb0395667b8d0588df9ebd6fc36a12"
    },
    {
        "logtime": "2019/07/05 10:52:01",
        "logdata": ""
    },
    {
        "logtime": "2019/07/05 10:52:01",
        "logdata": "url"
    },
    {
        "logtime": "2019/07/05 10:52:01",
        "logdata": "http://apis.juhe.cn/ip/ip2addr?ip=121.76.124.255&key=74bb0395667b8d0588df9ebd6fc36a12"
    },
    {
        "logtime": "2019/07/05 10:52:01",
        "logdata": ""
    },
    {
        "logtime": "2019/07/05 10:52:01",
        "logdata": "url"
    },
    {
        "logtime": "2019/07/05 10:52:01",
        "logdata": "http://apis.juhe.cn/ip/ip2addr?ip=182.90.210.106&key=74bb0395667b8d0588df9ebd6fc36a12"
    },
    {
        "logtime": "2019/07/05 10:52:01",
        "logdata": ""
    },
    {
        "logtime": "2019/07/05 10:52:01",
        "logdata": "url"
    },
    {
        "logtime": "2019/07/05 10:52:01",
        "logdata": "http://apis.juhe.cn/ip/ip2addr?ip=210.44.18.222&key=74bb0395667b8d0588df9ebd6fc36a12"
    },
    {
        "logtime": "2019/07/05 10:52:01",
        "logdata": ""
    },
    {
        "logtime": "2019/07/05 10:52:01",
        "logdata": "url"
    },
    {
        "logtime": "2019/07/05 10:52:01",
        "logdata": "http://apis.juhe.cn/ip/ip2addr?ip=139.208.136.35&key=74bb0395667b8d0588df9ebd6fc36a12"
    },
    {
        "logtime": "2019/07/05 10:52:01",
        "logdata": ""
    },
    {
        "logtime": "2019/07/05 10:52:01",
        "logdata": "url"
    },
    {
        "logtime": "2019/07/05 10:52:01",
        "logdata": "http://apis.juhe.cn/ip/ip2addr?ip=210.34.213.71&key=74bb0395667b8d0588df9ebd6fc36a12"
    },
    {
        "logtime": "2019/07/05 10:52:01",
        "logdata": ""
    },
    {
        "logtime": "2019/07/05 10:52:01",
        "logdata": "url"
    },
    {
        "logtime": "2019/07/05 10:52:01",
        "logdata": "http://apis.juhe.cn/ip/ip2addr?ip=123.234.188.112&key=74bb0395667b8d0588df9ebd6fc36a12"
    },
    {
        "logtime": "2019/07/05 10:52:01",
        "logdata": ""
    },
    {
        "logtime": "2019/07/05 10:52:01",
        "logdata": "url"
    },
    {
        "logtime": "2019/07/05 10:52:01",
        "logdata": "http://apis.juhe.cn/ip/ip2addr?ip=222.58.79.210&key=74bb0395667b8d0588df9ebd6fc36a12"
    },
    {
        "logtime": "2019/07/05 10:52:01",
        "logdata": ""
    },
    {
        "logtime": "2019/07/05 10:52:01",
        "logdata": "url"
    },
    {
        "logtime": "2019/07/05 10:52:01",
        "logdata": "http://apis.juhe.cn/ip/ip2addr?ip=36.61.169.145&key=74bb0395667b8d0588df9ebd6fc36a12"
    },
    {
        "logtime": "2019/07/05 10:52:01",
        "logdata": ""
    },
    {
        "logtime": "2019/07/05 10:52:01",
        "logdata": "url"
    },
    {
        "logtime": "2019/07/05 10:52:01",
        "logdata": "http://apis.juhe.cn/ip/ip2addr?ip=123.232.90.210&key=74bb0395667b8d0588df9ebd6fc36a12"
    },
    {
        "logtime": "2019/07/05 10:52:01",
        "logdata": ""
    },
    {
        "logtime": "2019/07/05 10:52:01",
        "logdata": "url"
    },
    {
        "logtime": "2019/07/05 10:52:01",
        "logdata": "http://apis.juhe.cn/ip/ip2addr?ip=171.14.81.131&key=74bb0395667b8d0588df9ebd6fc36a12"
    },
    {
        "logtime": "2019/07/05 10:52:01",
        "logdata": ""
    },
    {
        "logtime": "2019/07/05 10:52:01",
        "logdata": "url"
    },
    {
        "logtime": "2019/07/05 10:52:01",
        "logdata": "http://apis.juhe.cn/ip/ip2addr?ip=121.77.216.183&key=74bb0395667b8d0588df9ebd6fc36a12"
    },
    {
        "logtime": "2019/07/05 10:52:01",
        "logdata": ""
    },
    {
        "logtime": "2019/07/05 10:52:01",
        "logdata": "url"
    },
    {
        "logtime": "2019/07/05 10:52:01",
        "logdata": "http://apis.juhe.cn/ip/ip2addr?ip=61.233.252.242&key=74bb0395667b8d0588df9ebd6fc36a12"
    },
    {
        "logtime": "2019/07/05 10:52:01",
        "logdata": ""
    },
    {
        "logtime": "2019/07/05 10:52:01",
        "logdata": "url"
    },
    {
        "logtime": "2019/07/05 10:52:01",
        "logdata": "http://apis.juhe.cn/ip/ip2addr?ip=106.91.149.217&key=74bb0395667b8d0588df9ebd6fc36a12"
    },
    {
        "logtime": "2019/07/05 10:52:01",
        "logdata": ""
    },
    {
        "logtime": "2019/07/05 10:52:01",
        "logdata": "url"
    },
    {
        "logtime": "2019/07/05 10:52:01",
        "logdata": "http://apis.juhe.cn/ip/ip2addr?ip=182.92.212.44&key=74bb0395667b8d0588df9ebd6fc36a12"
    },
    {
        "logtime": "2019/07/05 10:52:01",
        "logdata": ""
    },
    {
        "logtime": "2019/07/05 10:52:01",
        "logdata": "url"
    },
    {
        "logtime": "2019/07/05 10:52:02",
        "logdata": "http://apis.juhe.cn/ip/ip2addr?ip=106.90.198.45&key=74bb0395667b8d0588df9ebd6fc36a12"
    },
    {
        "logtime": "2019/07/05 10:52:02",
        "logdata": ""
    },
    {
        "logtime": "2019/07/05 10:52:02",
        "logdata": "url"
    },
    {
        "logtime": "2019/07/05 10:52:02",
        "logdata": "http://apis.juhe.cn/ip/ip2addr?ip=182.82.101.116&key=74bb0395667b8d0588df9ebd6fc36a12"
    },
    {
        "logtime": "2019/07/05 10:52:02",
        "logdata": ""
    },
    {
        "logtime": "2019/07/05 10:52:02",
        "logdata": "url"
    },
    {
        "logtime": "2019/07/05 10:52:02",
        "logdata": "http://apis.juhe.cn/ip/ip2addr?ip=222.48.12.179&key=74bb0395667b8d0588df9ebd6fc36a12"
    },
    {
        "logtime": "2019/07/05 10:52:02",
        "logdata": ""
    },
    {
        "logtime": "2019/07/05 10:52:02",
        "logdata": "url"
    },
    {
        "logtime": "2019/07/05 10:52:02",
        "logdata": "http://apis.juhe.cn/ip/ip2addr?ip=210.46.90.24&key=74bb0395667b8d0588df9ebd6fc36a12"
    },
    {
        "logtime": "2019/07/05 10:52:02",
        "logdata": ""
    },
    {
        "logtime": "2019/07/05 10:52:02",
        "logdata": "url"
    },
    {
        "logtime": "2019/07/05 10:52:02",
        "logdata": "http://apis.juhe.cn/ip/ip2addr?ip=171.9.66.132&key=74bb0395667b8d0588df9ebd6fc36a12"
    },
    {
        "logtime": "2019/07/05 10:52:02",
        "logdata": ""
    },
    {
        "logtime": "2019/07/05 10:52:02",
        "logdata": "url"
    },
    {
        "logtime": "2019/07/05 10:52:02",
        "logdata": "http://apis.juhe.cn/ip/ip2addr?ip=106.82.5.169&key=74bb0395667b8d0588df9ebd6fc36a12"
    },
    {
        "logtime": "2019/07/05 10:52:02",
        "logdata": ""
    },
    {
        "logtime": "2019/07/05 10:52:02",
        "logdata": "url"
    },
    {
        "logtime": "2019/07/05 10:52:02",
        "logdata": "http://apis.juhe.cn/ip/ip2addr?ip=171.15.216.137&key=74bb0395667b8d0588df9ebd6fc36a12"
    },
    {
        "logtime": "2019/07/05 10:52:02",
        "logdata": ""
    },
    {
        "logtime": "2019/07/05 10:52:02",
        "logdata": "url"
    },
    {
        "logtime": "2019/07/05 10:52:02",
        "logdata": "http://apis.juhe.cn/ip/ip2addr?ip=61.233.19.66&key=74bb0395667b8d0588df9ebd6fc36a12"
    },
    {
        "logtime": "2019/07/05 10:52:02",
        "logdata": ""
    },
    {
        "logtime": "2019/07/05 10:52:02",
        "logdata": "url"
    },
    {
        "logtime": "2019/07/05 10:52:02",
        "logdata": "http://apis.juhe.cn/ip/ip2addr?ip=171.8.194.45&key=74bb0395667b8d0588df9ebd6fc36a12"
    },
    {
        "logtime": "2019/07/05 10:52:02",
        "logdata": ""
    },
    {
        "logtime": "2019/07/05 10:52:02",
        "logdata": "url"
    },
    {
        "logtime": "2019/07/05 10:52:02",
        "logdata": "http://apis.juhe.cn/ip/ip2addr?ip=106.82.50.188&key=74bb0395667b8d0588df9ebd6fc36a12"
    },
    {
        "logtime": "2019/07/05 10:52:02",
        "logdata": ""
    },
    {
        "logtime": "2019/07/05 10:52:02",
        "logdata": "url"
    },
    {
        "logtime": "2019/07/05 10:52:02",
        "logdata": "http://apis.juhe.cn/ip/ip2addr?ip=210.38.205.46&key=74bb0395667b8d0588df9ebd6fc36a12"
    },
    {
        "logtime": "2019/07/05 10:52:02",
        "logdata": ""
    },
    {
        "logtime": "2019/07/05 10:52:02",
        "logdata": "url"
    },
    {
        "logtime": "2019/07/05 10:52:02",
        "logdata": "http://apis.juhe.cn/ip/ip2addr?ip=139.209.169.129&key=74bb0395667b8d0588df9ebd6fc36a12"
    },
    {
        "logtime": "2019/07/05 10:52:02",
        "logdata": ""
    },
    {
        "logtime": "2019/07/05 10:52:02",
        "logdata": "url"
    },
    {
        "logtime": "2019/07/05 10:52:02",
        "logdata": "http://apis.juhe.cn/ip/ip2addr?ip=123.232.25.252&key=74bb0395667b8d0588df9ebd6fc36a12"
    },
    {
        "logtime": "2019/07/05 10:52:02",
        "logdata": ""
    },
    {
        "logtime": "2019/07/05 10:52:02",
        "logdata": "url"
    },
    {
        "logtime": "2019/07/05 10:52:02",
        "logdata": "http://apis.juhe.cn/ip/ip2addr?ip=210.36.233.94&key=74bb0395667b8d0588df9ebd6fc36a12"
    },
    {
        "logtime": "2019/07/05 10:52:02",
        "logdata": ""
    },
    {
        "logtime": "2019/07/05 10:52:02",
        "logdata": "url"
    },
    {
        "logtime": "2019/07/05 10:52:02",
        "logdata": "http://apis.juhe.cn/ip/ip2addr?ip=171.13.193.151&key=74bb0395667b8d0588df9ebd6fc36a12"
    },
    {
        "logtime": "2019/07/05 10:52:02",
        "logdata": ""
    },
    {
        "logtime": "2019/07/05 10:52:02",
        "logdata": "url"
    },
    {
        "logtime": "2019/07/05 10:52:02",
        "logdata": "http://apis.juhe.cn/ip/ip2addr?ip=210.37.63.161&key=74bb0395667b8d0588df9ebd6fc36a12"
    },
    {
        "logtime": "2019/07/05 10:52:02",
        "logdata": ""
    },
    {
        "logtime": "2019/07/05 10:52:02",
        "logdata": "url"
    },
    {
        "logtime": "2019/07/05 10:52:02",
        "logdata": "http://apis.juhe.cn/ip/ip2addr?ip=139.203.135.116&key=74bb0395667b8d0588df9ebd6fc36a12"
    },
    {
        "logtime": "2019/07/05 10:52:02",
        "logdata": ""
    },
    {
        "logtime": "2019/07/05 10:52:02",
        "logdata": "url"
    },
    {
        "logtime": "2019/07/05 10:52:02",
        "logdata": "http://apis.juhe.cn/ip/ip2addr?ip=182.88.150.58&key=74bb0395667b8d0588df9ebd6fc36a12"
    },
    {
        "logtime": "2019/07/05 10:52:02",
        "logdata": ""
    },
    {
        "logtime": "2019/07/05 10:52:03",
        "logdata": "url"
    },
    {
        "logtime": "2019/07/05 10:52:03",
        "logdata": "http://apis.juhe.cn/ip/ip2addr?ip=61.233.86.217&key=74bb0395667b8d0588df9ebd6fc36a12"
    },
    {
        "logtime": "2019/07/05 10:52:03",
        "logdata": ""
    },
    {
        "logtime": "2019/07/05 10:52:03",
        "logdata": "url"
    },
    {
        "logtime": "2019/07/05 10:52:03",
        "logdata": "http://apis.juhe.cn/ip/ip2addr?ip=182.82.170.112&key=74bb0395667b8d0588df9ebd6fc36a12"
    },
    {
        "logtime": "2019/07/05 10:52:03",
        "logdata": ""
    },
    {
        "logtime": "2019/07/05 10:52:03",
        "logdata": "url"
    },
    {
        "logtime": "2019/07/05 10:52:03",
        "logdata": "http://apis.juhe.cn/ip/ip2addr?ip=121.76.54.97&key=74bb0395667b8d0588df9ebd6fc36a12"
    },
    {
        "logtime": "2019/07/05 10:52:03",
        "logdata": ""
    },
    {
        "logtime": "2019/07/05 10:52:03",
        "logdata": "url"
    },
    {
        "logtime": "2019/07/05 10:52:03",
        "logdata": "http://apis.juhe.cn/ip/ip2addr?ip=182.88.99.99&key=74bb0395667b8d0588df9ebd6fc36a12"
    },
    {
        "logtime": "2019/07/05 10:52:03",
        "logdata": ""
    },
    {
        "logtime": "2019/07/05 10:52:03",
        "logdata": "url"
    },
    {
        "logtime": "2019/07/05 10:52:03",
        "logdata": "http://apis.juhe.cn/ip/ip2addr?ip=222.65.118.76&key=74bb0395667b8d0588df9ebd6fc36a12"
    },
    {
        "logtime": "2019/07/05 10:52:03",
        "logdata": ""
    },
    {
        "logtime": "2019/07/05 10:52:03",
        "logdata": "url"
    },
    {
        "logtime": "2019/07/05 10:52:03",
        "logdata": "http://apis.juhe.cn/ip/ip2addr?ip=222.18.156.38&key=74bb0395667b8d0588df9ebd6fc36a12"
    },
    {
        "logtime": "2019/07/05 10:52:03",
        "logdata": ""
    },
    {
        "logtime": "2019/07/05 10:52:03",
        "logdata": "url"
    },
    {
        "logtime": "2019/07/05 10:52:03",
        "logdata": "http://apis.juhe.cn/ip/ip2addr?ip=123.233.163.86&key=74bb0395667b8d0588df9ebd6fc36a12"
    },
    {
        "logtime": "2019/07/05 10:52:03",
        "logdata": ""
    },
    {
        "logtime": "2019/07/05 10:52:03",
        "logdata": "url"
    },
    {
        "logtime": "2019/07/05 10:52:03",
        "logdata": "http://apis.juhe.cn/ip/ip2addr?ip=210.44.37.94&key=74bb0395667b8d0588df9ebd6fc36a12"
    },
    {
        "logtime": "2019/07/05 10:52:03",
        "logdata": ""
    },
    {
        "logtime": "2019/07/05 10:52:03",
        "logdata": "url"
    },
    {
        "logtime": "2019/07/05 10:52:03",
        "logdata": "http://apis.juhe.cn/ip/ip2addr?ip=106.89.101.216&key=74bb0395667b8d0588df9ebd6fc36a12"
    },
    {
        "logtime": "2019/07/05 10:52:03",
        "logdata": ""
    },
    {
        "logtime": "2019/07/05 10:52:03",
        "logdata": "url"
    },
    {
        "logtime": "2019/07/05 10:52:03",
        "logdata": "http://apis.juhe.cn/ip/ip2addr?ip=139.214.103.99&key=74bb0395667b8d0588df9ebd6fc36a12"
    },
    {
        "logtime": "2019/07/05 10:52:03",
        "logdata": ""
    },
    {
        "logtime": "2019/07/05 10:52:03",
        "logdata": "url"
    },
    {
        "logtime": "2019/07/05 10:52:03",
        "logdata": "http://apis.juhe.cn/ip/ip2addr?ip=121.77.21.103&key=74bb0395667b8d0588df9ebd6fc36a12"
    },
    {
        "logtime": "2019/07/05 10:52:03",
        "logdata": ""
    },
    {
        "logtime": "2019/07/05 10:52:03",
        "logdata": "url"
    },
    {
        "logtime": "2019/07/05 10:52:03",
        "logdata": "http://apis.juhe.cn/ip/ip2addr?ip=61.235.178.64&key=74bb0395667b8d0588df9ebd6fc36a12"
    },
    {
        "logtime": "2019/07/05 10:52:03",
        "logdata": ""
    },
    {
        "logtime": "2019/07/05 10:52:03",
        "logdata": "url"
    },
    {
        "logtime": "2019/07/05 10:52:03",
        "logdata": "http://apis.juhe.cn/ip/ip2addr?ip=36.56.249.237&key=74bb0395667b8d0588df9ebd6fc36a12"
    },
    {
        "logtime": "2019/07/05 10:52:03",
        "logdata": ""
    },
    {
        "logtime": "2019/07/05 10:52:03",
        "logdata": "url"
    },
    {
        "logtime": "2019/07/05 10:52:03",
        "logdata": "http://apis.juhe.cn/ip/ip2addr?ip=222.22.109.209&key=74bb0395667b8d0588df9ebd6fc36a12"
    },
    {
        "logtime": "2019/07/05 10:52:03",
        "logdata": ""
    },
    {
        "logtime": "2019/07/05 10:52:03",
        "logdata": "url"
    },
    {
        "logtime": "2019/07/05 10:52:03",
        "logdata": "http://apis.juhe.cn/ip/ip2addr?ip=121.76.141.181&key=74bb0395667b8d0588df9ebd6fc36a12"
    },
    {
        "logtime": "2019/07/05 10:52:03",
        "logdata": ""
    },
    {
        "logtime": "2019/07/05 10:52:03",
        "logdata": "url"
    },
    {
        "logtime": "2019/07/05 10:52:03",
        "logdata": "http://apis.juhe.cn/ip/ip2addr?ip=222.64.190.229&key=74bb0395667b8d0588df9ebd6fc36a12"
    },
    {
        "logtime": "2019/07/05 10:52:03",
        "logdata": ""
    },
    {
        "logtime": "2019/07/05 10:52:03",
        "logdata": "url"
    },
    {
        "logtime": "2019/07/05 10:52:03",
        "logdata": "http://apis.juhe.cn/ip/ip2addr?ip=182.85.36.196&key=74bb0395667b8d0588df9ebd6fc36a12"
    },
    {
        "logtime": "2019/07/05 10:52:03",
        "logdata": ""
    },
    {
        "logtime": "2019/07/05 10:52:03",
        "logdata": "url"
    },
    {
        "logtime": "2019/07/05 10:52:03",
        "logdata": "http://apis.juhe.cn/ip/ip2addr?ip=139.204.231.244&key=74bb0395667b8d0588df9ebd6fc36a12"
    },
    {
        "logtime": "2019/07/05 10:52:03",
        "logdata": ""
    },
    {
        "logtime": "2019/07/05 10:52:03",
        "logdata": "url"
    },
    {
        "logtime": "2019/07/05 10:52:03",
        "logdata": "http://apis.juhe.cn/ip/ip2addr?ip=61.233.90.101&key=74bb0395667b8d0588df9ebd6fc36a12"
    },
    {
        "logtime": "2019/07/05 10:52:03",
        "logdata": ""
    },
    {
        "logtime": "2019/07/05 10:52:03",
        "logdata": "url"
    },
    {
        "logtime": "2019/07/05 10:52:03",
        "logdata": "http://apis.juhe.cn/ip/ip2addr?ip=58.23.49.18&key=74bb0395667b8d0588df9ebd6fc36a12"
    },
    {
        "logtime": "2019/07/05 10:52:03",
        "logdata": ""
    },
    {
        "logtime": "2019/07/05 10:52:03",
        "logdata": "url"
    },
    {
        "logtime": "2019/07/05 10:52:03",
        "logdata": "http://apis.juhe.cn/ip/ip2addr?ip=106.87.65.219&key=74bb0395667b8d0588df9ebd6fc36a12"
    },
    {
        "logtime": "2019/07/05 10:52:04",
        "logdata": ""
    },
    {
        "logtime": "2019/07/05 10:52:04",
        "logdata": "url"
    },
    {
        "logtime": "2019/07/05 10:52:04",
        "logdata": "http://apis.juhe.cn/ip/ip2addr?ip=58.23.49.18&key=74bb0395667b8d0588df9ebd6fc36a12"
    },
    {
        "logtime": "2019/07/05 10:52:04",
        "logdata": ""
    },
    {
        "logtime": "2019/07/05 10:52:04",
        "logdata": "url"
    },
    {
        "logtime": "2019/07/05 10:52:04",
        "logdata": "http://apis.juhe.cn/ip/ip2addr?ip=222.43.155.73&key=74bb0395667b8d0588df9ebd6fc36a12"
    },
    {
        "logtime": "2019/07/05 10:52:04",
        "logdata": ""
    },
    {
        "logtime": "2019/07/05 10:52:04",
        "logdata": "url"
    },
    {
        "logtime": "2019/07/05 10:52:04",
        "logdata": "http://apis.juhe.cn/ip/ip2addr?ip=106.90.204.154&key=74bb0395667b8d0588df9ebd6fc36a12"
    },
    {
        "logtime": "2019/07/05 10:52:04",
        "logdata": ""
    },
    {
        "logtime": "2019/07/05 10:52:04",
        "logdata": "url"
    },
    {
        "logtime": "2019/07/05 10:52:04",
        "logdata": "http://apis.juhe.cn/ip/ip2addr?ip=106.88.94.125&key=74bb0395667b8d0588df9ebd6fc36a12"
    },
    {
        "logtime": "2019/07/05 10:52:04",
        "logdata": ""
    },
    {
        "logtime": "2019/07/05 10:52:04",
        "logdata": "url"
    },
    {
        "logtime": "2019/07/05 10:52:04",
        "logdata": "http://apis.juhe.cn/ip/ip2addr?ip=106.83.62.198&key=74bb0395667b8d0588df9ebd6fc36a12"
    },
    {
        "logtime": "2019/07/05 10:52:04",
        "logdata": ""
    },
    {
        "logtime": "2019/07/05 10:52:04",
        "logdata": "url"
    },
    {
        "logtime": "2019/07/05 10:52:04",
        "logdata": "http://apis.juhe.cn/ip/ip2addr?ip=123.232.8.141&key=74bb0395667b8d0588df9ebd6fc36a12"
    },
    {
        "logtime": "2019/07/05 10:52:04",
        "logdata": ""
    },
    {
        "logtime": "2019/07/05 10:52:04",
        "logdata": "url"
    },
    {
        "logtime": "2019/07/05 10:52:04",
        "logdata": "http://apis.juhe.cn/ip/ip2addr?ip=182.86.65.239&key=74bb0395667b8d0588df9ebd6fc36a12"
    },
    {
        "logtime": "2019/07/05 10:52:04",
        "logdata": ""
    },
    {
        "logtime": "2019/07/05 10:52:04",
        "logdata": "url"
    },
    {
        "logtime": "2019/07/05 10:52:04",
        "logdata": "http://apis.juhe.cn/ip/ip2addr?ip=106.81.135.1&key=74bb0395667b8d0588df9ebd6fc36a12"
    },
    {
        "logtime": "2019/07/05 10:52:04",
        "logdata": ""
    },
    {
        "logtime": "2019/07/05 10:52:04",
        "logdata": "url"
    },
    {
        "logtime": "2019/07/05 10:52:04",
        "logdata": "http://apis.juhe.cn/ip/ip2addr?ip=171.10.150.37&key=74bb0395667b8d0588df9ebd6fc36a12"
    },
    {
        "logtime": "2019/07/05 10:52:04",
        "logdata": ""
    },
    {
        "logtime": "2019/07/05 10:52:04",
        "logdata": "url"
    },
    {
        "logtime": "2019/07/05 10:52:04",
        "logdata": "http://apis.juhe.cn/ip/ip2addr?ip=139.203.143.59&key=74bb0395667b8d0588df9ebd6fc36a12"
    },
    {
        "logtime": "2019/07/05 10:52:04",
        "logdata": ""
    },
    {
        "logtime": "2019/07/05 10:52:04",
        "logdata": "url"
    },
    {
        "logtime": "2019/07/05 10:52:04",
        "logdata": "http://apis.juhe.cn/ip/ip2addr?ip=210.44.18.222&key=74bb0395667b8d0588df9ebd6fc36a12"
    },
    {
        "logtime": "2019/07/05 10:52:04",
        "logdata": ""
    },
    {
        "logtime": "2019/07/05 10:52:04",
        "logdata": "url"
    },
    {
        "logtime": "2019/07/05 10:52:04",
        "logdata": "http://apis.juhe.cn/ip/ip2addr?ip=61.237.61.84&key=74bb0395667b8d0588df9ebd6fc36a12"
    },
    {
        "logtime": "2019/07/05 10:52:04",
        "logdata": ""
    },
    {
        "logtime": "2019/07/05 10:52:04",
        "logdata": "url"
    },
    {
        "logtime": "2019/07/05 10:52:04",
        "logdata": "http://apis.juhe.cn/ip/ip2addr?ip=171.15.129.144&key=74bb0395667b8d0588df9ebd6fc36a12"
    },
    {
        "logtime": "2019/07/05 10:52:04",
        "logdata": ""
    },
    {
        "logtime": "2019/07/05 10:52:04",
        "logdata": "url"
    },
    {
        "logtime": "2019/07/05 10:52:04",
        "logdata": "http://apis.juhe.cn/ip/ip2addr?ip=123.235.108.202&key=74bb0395667b8d0588df9ebd6fc36a12"
    },
    {
        "logtime": "2019/07/05 10:52:04",
        "logdata": ""
    },
    {
        "logtime": "2019/07/05 10:52:04",
        "logdata": "url"
    },
    {
        "logtime": "2019/07/05 10:52:04",
        "logdata": "http://apis.juhe.cn/ip/ip2addr?ip=139.208.136.35&key=74bb0395667b8d0588df9ebd6fc36a12"
    },
    {
        "logtime": "2019/07/05 10:52:04",
        "logdata": ""
    },
    {
        "logtime": "2019/07/05 10:52:04",
        "logdata": "url"
    },
    {
        "logtime": "2019/07/05 10:52:04",
        "logdata": "http://apis.juhe.cn/ip/ip2addr?ip=182.82.39.41&key=74bb0395667b8d0588df9ebd6fc36a12"
    },
    {
        "logtime": "2019/07/05 10:52:04",
        "logdata": ""
    },
    {
        "logtime": "2019/07/05 10:52:04",
        "logdata": "url"
    },
    {
        "logtime": "2019/07/05 10:52:04",
        "logdata": "http://apis.juhe.cn/ip/ip2addr?ip=222.27.95.133&key=74bb0395667b8d0588df9ebd6fc36a12"
    },
    {
        "logtime": "2019/07/05 10:52:04",
        "logdata": ""
    },
    {
        "logtime": "2019/07/05 10:52:04",
        "logdata": "url"
    },
    {
        "logtime": "2019/07/05 10:52:04",
        "logdata": "http://apis.juhe.cn/ip/ip2addr?ip=210.34.213.71&key=74bb0395667b8d0588df9ebd6fc36a12"
    },
    {
        "logtime": "2019/07/05 10:52:04",
        "logdata": ""
    },
    {
        "logtime": "2019/07/05 10:52:04",
        "logdata": "url"
    },
    {
        "logtime": "2019/07/05 10:52:04",
        "logdata": "http://apis.juhe.cn/ip/ip2addr?ip=36.61.143.190&key=74bb0395667b8d0588df9ebd6fc36a12"
    },
    {
        "logtime": "2019/07/05 10:52:04",
        "logdata": ""
    },
    {
        "logtime": "2019/07/05 10:52:04",
        "logdata": "url"
    },
    {
        "logtime": "2019/07/05 10:52:04",
        "logdata": "http://apis.juhe.cn/ip/ip2addr?ip=123.234.164.202&key=74bb0395667b8d0588df9ebd6fc36a12"
    },
    {
        "logtime": "2019/07/05 10:52:04",
        "logdata": ""
    },
    {
        "logtime": "2019/07/05 10:52:04",
        "logdata": "url"
    },
    {
        "logtime": "2019/07/05 10:52:04",
        "logdata": "http://apis.juhe.cn/ip/ip2addr?ip=121.76.65.81&key=74bb0395667b8d0588df9ebd6fc36a12"
    },
    {
        "logtime": "2019/07/05 10:52:04",
        "logdata": ""
    },
    {
        "logtime": "2019/07/05 10:52:04",
        "logdata": "url"
    },
    {
        "logtime": "2019/07/05 10:52:04",
        "logdata": "http://apis.juhe.cn/ip/ip2addr?ip=36.61.169.145&key=74bb0395667b8d0588df9ebd6fc36a12"
    },
    {
        "logtime": "2019/07/05 10:52:04",
        "logdata": ""
    },
    {
        "logtime": "2019/07/05 10:52:04",
        "logdata": "url"
    },
    {
        "logtime": "2019/07/05 10:52:05",
        "logdata": "http://apis.juhe.cn/ip/ip2addr?ip=61.235.157.58&key=74bb0395667b8d0588df9ebd6fc36a12"
    },
    {
        "logtime": "2019/07/05 10:52:05",
        "logdata": ""
    },
    {
        "logtime": "2019/07/05 10:52:05",
        "logdata": "url"
    },
    {
        "logtime": "2019/07/05 10:52:05",
        "logdata": "http://apis.juhe.cn/ip/ip2addr?ip=182.90.210.106&key=74bb0395667b8d0588df9ebd6fc36a12"
    },
    {
        "logtime": "2019/07/05 10:52:05",
        "logdata": ""
    },
    {
        "logtime": "2019/07/05 10:52:05",
        "logdata": "url"
    },
    {
        "logtime": "2019/07/05 10:52:05",
        "logdata": "http://apis.juhe.cn/ip/ip2addr?ip=210.29.40.159&key=74bb0395667b8d0588df9ebd6fc36a12"
    },
    {
        "logtime": "2019/07/05 10:52:05",
        "logdata": ""
    },
    {
        "logtime": "2019/07/05 10:52:05",
        "logdata": "url"
    },
    {
        "logtime": "2019/07/05 10:52:05",
        "logdata": "http://apis.juhe.cn/ip/ip2addr?ip=123.234.188.112&key=74bb0395667b8d0588df9ebd6fc36a12"
    },
    {
        "logtime": "2019/07/05 10:52:05",
        "logdata": ""
    },
    {
        "logtime": "2019/07/05 10:52:05",
        "logdata": "url"
    },
    {
        "logtime": "2019/07/05 10:52:05",
        "logdata": "http://apis.juhe.cn/ip/ip2addr?ip=210.40.98.148&key=74bb0395667b8d0588df9ebd6fc36a12"
    },
    {
        "logtime": "2019/07/05 10:52:05",
        "logdata": ""
    },
    {
        "logtime": "2019/07/05 10:52:05",
        "logdata": "url"
    },
    {
        "logtime": "2019/07/05 10:52:05",
        "logdata": "http://apis.juhe.cn/ip/ip2addr?ip=171.10.148.228&key=74bb0395667b8d0588df9ebd6fc36a12"
    },
    {
        "logtime": "2019/07/05 10:52:05",
        "logdata": ""
    },
    {
        "logtime": "2019/07/05 10:52:05",
        "logdata": "url"
    },
    {
        "logtime": "2019/07/05 10:52:05",
        "logdata": "http://apis.juhe.cn/ip/ip2addr?ip=121.76.124.255&key=74bb0395667b8d0588df9ebd6fc36a12"
    },
    {
        "logtime": "2019/07/05 10:52:05",
        "logdata": ""
    },
    {
        "logtime": "2019/07/05 10:52:05",
        "logdata": "url"
    },
    {
        "logtime": "2019/07/05 10:52:05",
        "logdata": "http://apis.juhe.cn/ip/ip2addr?ip=222.58.79.210&key=74bb0395667b8d0588df9ebd6fc36a12"
    },
    {
        "logtime": "2019/07/05 10:52:05",
        "logdata": ""
    },
    {
        "logtime": "2019/07/05 10:52:05",
        "logdata": "url"
    },
    {
        "logtime": "2019/07/05 10:52:05",
        "logdata": "http://apis.juhe.cn/ip/ip2addr?ip=210.41.8.61&key=74bb0395667b8d0588df9ebd6fc36a12"
    },
    {
        "logtime": "2019/07/05 10:52:05",
        "logdata": ""
    },
    {
        "logtime": "2019/07/05 10:52:05",
        "logdata": "url"
    },
    {
        "logtime": "2019/07/05 10:52:05",
        "logdata": "http://apis.juhe.cn/ip/ip2addr?ip=121.76.195.147&key=74bb0395667b8d0588df9ebd6fc36a12"
    },
    {
        "logtime": "2019/07/05 10:52:05",
        "logdata": ""
    },
    {
        "logtime": "2019/07/05 10:52:05",
        "logdata": "url"
    },
    {
        "logtime": "2019/07/05 10:52:05",
        "logdata": "http://apis.juhe.cn/ip/ip2addr?ip=139.201.52.198&key=74bb0395667b8d0588df9ebd6fc36a12"
    },
    {
        "logtime": "2019/07/05 10:52:05",
        "logdata": ""
    },
    {
        "logtime": "2019/07/05 10:52:05",
        "logdata": "url"
    },
    {
        "logtime": "2019/07/05 10:52:05",
        "logdata": "http://apis.juhe.cn/ip/ip2addr?ip=171.12.56.6&key=74bb0395667b8d0588df9ebd6fc36a12"
    },
    {
        "logtime": "2019/07/05 10:52:05",
        "logdata": ""
    },
    {
        "logtime": "2019/07/05 10:52:05",
        "logdata": "url"
    },
    {
        "logtime": "2019/07/05 10:52:05",
        "logdata": "http://apis.juhe.cn/ip/ip2addr?ip=106.93.3.11&key=74bb0395667b8d0588df9ebd6fc36a12"
    },
    {
        "logtime": "2019/07/05 10:52:05",
        "logdata": ""
    },
    {
        "logtime": "2019/07/05 10:52:05",
        "logdata": "url"
    },
    {
        "logtime": "2019/07/05 10:52:05",
        "logdata": "http://apis.juhe.cn/ip/ip2addr?ip=123.235.191.22&key=74bb0395667b8d0588df9ebd6fc36a12"
    },
    {
        "logtime": "2019/07/05 10:52:05",
        "logdata": ""
    },
    {
        "logtime": "2019/07/05 10:52:05",
        "logdata": "url"
    },
    {
        "logtime": "2019/07/05 10:52:05",
        "logdata": "http://apis.juhe.cn/ip/ip2addr?ip=182.87.17.48&key=74bb0395667b8d0588df9ebd6fc36a12"
    },
    {
        "logtime": "2019/07/05 10:52:05",
        "logdata": ""
    },
    {
        "logtime": "2019/07/05 10:52:05",
        "logdata": "url"
    },
    {
        "logtime": "2019/07/05 10:52:05",
        "logdata": "http://apis.juhe.cn/ip/ip2addr?ip=171.8.221.34&key=74bb0395667b8d0588df9ebd6fc36a12"
    },
    {
        "logtime": "2019/07/05 10:52:05",
        "logdata": ""
    },
    {
        "logtime": "2019/07/05 10:52:05",
        "logdata": "url"
    },
    {
        "logtime": "2019/07/05 10:52:05",
        "logdata": "http://apis.juhe.cn/ip/ip2addr?ip=139.202.107.71&key=74bb0395667b8d0588df9ebd6fc36a12"
    },
    {
        "logtime": "2019/07/05 10:52:05",
        "logdata": ""
    },
    {
        "logtime": "2019/07/05 10:52:05",
        "logdata": "url"
    },
    {
        "logtime": "2019/07/05 10:52:05",
        "logdata": "http://apis.juhe.cn/ip/ip2addr?ip=210.42.10.97&key=74bb0395667b8d0588df9ebd6fc36a12"
    },
    {
        "logtime": "2019/07/05 10:52:05",
        "logdata": ""
    },
    {
        "logtime": "2019/07/05 10:52:05",
        "logdata": "url"
    },
    {
        "logtime": "2019/07/05 10:52:05",
        "logdata": "http://apis.juhe.cn/ip/ip2addr?ip=106.83.217.52&key=74bb0395667b8d0588df9ebd6fc36a12"
    },
    {
        "logtime": "2019/07/05 10:52:05",
        "logdata": ""
    },
    {
        "logtime": "2019/07/05 10:52:05",
        "logdata": "url"
    },
    {
        "logtime": "2019/07/05 10:52:05",
        "logdata": "http://apis.juhe.cn/ip/ip2addr?ip=171.14.11.118&key=74bb0395667b8d0588df9ebd6fc36a12"
    },
    {
        "logtime": "2019/07/05 10:52:05",
        "logdata": ""
    },
    {
        "logtime": "2019/07/05 10:52:05",
        "logdata": "url"
    },
    {
        "logtime": "2019/07/05 10:52:05",
        "logdata": "http://apis.juhe.cn/ip/ip2addr?ip=36.57.217.78&key=74bb0395667b8d0588df9ebd6fc36a12"
    },
    {
        "logtime": "2019/07/05 10:52:05",
        "logdata": ""
    },
    {
        "logtime": "2019/07/05 10:52:05",
        "logdata": "url"
    },
    {
        "logtime": "2019/07/05 10:52:05",
        "logdata": "http://apis.juhe.cn/ip/ip2addr?ip=61.234.209.74&key=74bb0395667b8d0588df9ebd6fc36a12"
    },
    {
        "logtime": "2019/07/05 10:52:05",
        "logdata": ""
    },
    {
        "logtime": "2019/07/05 10:52:05",
        "logdata": {
            "_ServerResVersion": 6,
            "_Active": true,
            "_KindVersion": "101122049",
            "_KindType": 2,
            "_Module": "yule/redninebattle/",
            "_KindID": "109",
            "_Type": "yule",
            "nSitChair": 65535,
            "_KindName": "yule.redninebattle.",
            "nEnterRoomIndex": 1,
            "nSitTable": 65535,
            "_SortId": 12
        }
    },
    {
        "logtime": "2019/07/05 10:52:05",
        "logdata": "modulestr"
    },
    {
        "logtime": "2019/07/05 10:52:05",
        "logdata": "yule/redninebattle/"
    },
    {
        "logtime": "2019/07/05 10:52:05",
        "logdata": "url"
    },
    {
        "logtime": "2019/07/05 10:52:06",
        "logdata": "http://apis.juhe.cn/ip/ip2addr?ip=222.64.190.229&key=74bb0395667b8d0588df9ebd6fc36a12"
    },
    {
        "logtime": "2019/07/05 10:52:06",
        "logdata": ""
    },
    {
        "logtime": "2019/07/05 10:52:06",
        "logdata": "url"
    },
    {
        "logtime": "2019/07/05 10:52:06",
        "logdata": "http://apis.juhe.cn/ip/ip2addr?ip=139.202.107.71&key=74bb0395667b8d0588df9ebd6fc36a12"
    },
    {
        "logtime": "2019/07/05 10:52:06",
        "logdata": ""
    },
    {
        "logtime": "2019/07/05 10:52:06",
        "logdata": "url"
    },
    {
        "logtime": "2019/07/05 10:52:06",
        "logdata": "http://apis.juhe.cn/ip/ip2addr?ip=182.87.17.48&key=74bb0395667b8d0588df9ebd6fc36a12"
    },
    {
        "logtime": "2019/07/05 10:52:06",
        "logdata": ""
    },
    {
        "logtime": "2019/07/05 10:52:06",
        "logdata": "url"
    },
    {
        "logtime": "2019/07/05 10:52:06",
        "logdata": "http://apis.juhe.cn/ip/ip2addr?ip=139.201.52.198&key=74bb0395667b8d0588df9ebd6fc36a12"
    },
    {
        "logtime": "2019/07/05 10:52:06",
        "logdata": ""
    },
    {
        "logtime": "2019/07/05 10:52:06",
        "logdata": "url"
    },
    {
        "logtime": "2019/07/05 10:52:06",
        "logdata": "http://apis.juhe.cn/ip/ip2addr?ip=106.93.3.11&key=74bb0395667b8d0588df9ebd6fc36a12"
    },
    {
        "logtime": "2019/07/05 10:52:06",
        "logdata": ""
    },
    {
        "logtime": "2019/07/05 10:52:06",
        "logdata": "url"
    },
    {
        "logtime": "2019/07/05 10:52:06",
        "logdata": "http://apis.juhe.cn/ip/ip2addr?ip=36.61.169.145&key=74bb0395667b8d0588df9ebd6fc36a12"
    },
    {
        "logtime": "2019/07/05 10:52:06",
        "logdata": ""
    },
    {
        "logtime": "2019/07/05 10:52:06",
        "logdata": "url"
    },
    {
        "logtime": "2019/07/05 10:52:06",
        "logdata": "http://apis.juhe.cn/ip/ip2addr?ip=123.234.188.112&key=74bb0395667b8d0588df9ebd6fc36a12"
    },
    {
        "logtime": "2019/07/05 10:52:06",
        "logdata": ""
    },
    {
        "logtime": "2019/07/05 10:52:06",
        "logdata": "url"
    },
    {
        "logtime": "2019/07/05 10:52:06",
        "logdata": "http://apis.juhe.cn/ip/ip2addr?ip=171.12.56.6&key=74bb0395667b8d0588df9ebd6fc36a12"
    },
    {
        "logtime": "2019/07/05 10:52:06",
        "logdata": ""
    },
    {
        "logtime": "2019/07/05 10:52:06",
        "logdata": "url"
    },
    {
        "logtime": "2019/07/05 10:52:06",
        "logdata": "http://apis.juhe.cn/ip/ip2addr?ip=210.42.10.97&key=74bb0395667b8d0588df9ebd6fc36a12"
    },
    {
        "logtime": "2019/07/05 10:52:06",
        "logdata": ""
    },
    {
        "logtime": "2019/07/05 10:52:06",
        "logdata": "url"
    },
    {
        "logtime": "2019/07/05 10:52:06",
        "logdata": "http://apis.juhe.cn/ip/ip2addr?ip=106.88.94.125&key=74bb0395667b8d0588df9ebd6fc36a12"
    },
    {
        "logtime": "2019/07/05 10:52:06",
        "logdata": ""
    },
    {
        "logtime": "2019/07/05 10:52:06",
        "logdata": "url"
    },
    {
        "logtime": "2019/07/05 10:52:06",
        "logdata": "http://apis.juhe.cn/ip/ip2addr?ip=58.23.49.18&key=74bb0395667b8d0588df9ebd6fc36a12"
    },
    {
        "logtime": "2019/07/05 10:52:06",
        "logdata": ""
    },
    {
        "logtime": "2019/07/05 10:52:06",
        "logdata": "url"
    },
    {
        "logtime": "2019/07/05 10:52:06",
        "logdata": "http://apis.juhe.cn/ip/ip2addr?ip=139.203.143.59&key=74bb0395667b8d0588df9ebd6fc36a12"
    },
    {
        "logtime": "2019/07/05 10:52:06",
        "logdata": ""
    },
    {
        "logtime": "2019/07/05 10:52:06",
        "logdata": "url"
    },
    {
        "logtime": "2019/07/05 10:52:06",
        "logdata": "http://apis.juhe.cn/ip/ip2addr?ip=222.43.155.73&key=74bb0395667b8d0588df9ebd6fc36a12"
    },
    {
        "logtime": "2019/07/05 10:52:06",
        "logdata": ""
    },
    {
        "logtime": "2019/07/05 10:52:06",
        "logdata": "url"
    },
    {
        "logtime": "2019/07/05 10:52:06",
        "logdata": "http://apis.juhe.cn/ip/ip2addr?ip=171.15.216.137&key=74bb0395667b8d0588df9ebd6fc36a12"
    },
    {
        "logtime": "2019/07/05 10:52:06",
        "logdata": ""
    },
    {
        "logtime": "2019/07/05 10:52:06",
        "logdata": "url"
    },
    {
        "logtime": "2019/07/05 10:52:06",
        "logdata": "http://apis.juhe.cn/ip/ip2addr?ip=222.48.12.179&key=74bb0395667b8d0588df9ebd6fc36a12"
    },
    {
        "logtime": "2019/07/05 10:52:06",
        "logdata": ""
    },
    {
        "logtime": "2019/07/05 10:52:06",
        "logdata": "url"
    },
    {
        "logtime": "2019/07/05 10:52:06",
        "logdata": "http://apis.juhe.cn/ip/ip2addr?ip=121.77.216.183&key=74bb0395667b8d0588df9ebd6fc36a12"
    },
    {
        "logtime": "2019/07/05 10:52:06",
        "logdata": ""
    },
    {
        "logtime": "2019/07/05 10:52:06",
        "logdata": "url"
    },
    {
        "logtime": "2019/07/05 10:52:06",
        "logdata": "http://apis.juhe.cn/ip/ip2addr?ip=106.82.50.188&key=74bb0395667b8d0588df9ebd6fc36a12"
    },
    {
        "logtime": "2019/07/05 10:52:06",
        "logdata": ""
    },
    {
        "logtime": "2019/07/05 10:52:06",
        "logdata": "url"
    },
    {
        "logtime": "2019/07/05 10:52:06",
        "logdata": "http://apis.juhe.cn/ip/ip2addr?ip=123.232.25.252&key=74bb0395667b8d0588df9ebd6fc36a12"
    },
    {
        "logtime": "2019/07/05 10:52:06",
        "logdata": ""
    },
    {
        "logtime": "2019/07/05 10:52:06",
        "logdata": "url"
    },
    {
        "logtime": "2019/07/05 10:52:06",
        "logdata": "http://apis.juhe.cn/ip/ip2addr?ip=139.203.135.116&key=74bb0395667b8d0588df9ebd6fc36a12"
    },
    {
        "logtime": "2019/07/05 10:52:06",
        "logdata": ""
    },
    {
        "logtime": "2019/07/05 10:52:06",
        "logdata": "url"
    },
    {
        "logtime": "2019/07/05 10:52:06",
        "logdata": "http://apis.juhe.cn/ip/ip2addr?ip=171.8.194.45&key=74bb0395667b8d0588df9ebd6fc36a12"
    },
    {
        "logtime": "2019/07/05 10:52:06",
        "logdata": ""
    },
    {
        "logtime": "2019/07/05 10:52:06",
        "logdata": "url"
    },
    {
        "logtime": "2019/07/05 10:52:06",
        "logdata": "http://apis.juhe.cn/ip/ip2addr?ip=171.13.193.151&key=74bb0395667b8d0588df9ebd6fc36a12"
    },
    {
        "logtime": "2019/07/05 10:52:06",
        "logdata": ""
    },
    {
        "logtime": "2019/07/05 10:52:07",
        "logdata": "url"
    },
    {
        "logtime": "2019/07/05 10:52:07",
        "logdata": "http://apis.juhe.cn/ip/ip2addr?ip=171.9.66.132&key=74bb0395667b8d0588df9ebd6fc36a12"
    },
    {
        "logtime": "2019/07/05 10:52:07",
        "logdata": ""
    },
    {
        "logtime": "2019/07/05 10:52:07",
        "logdata": "url"
    },
    {
        "logtime": "2019/07/05 10:52:07",
        "logdata": "http://apis.juhe.cn/ip/ip2addr?ip=61.233.86.217&key=74bb0395667b8d0588df9ebd6fc36a12"
    },
    {
        "logtime": "2019/07/05 10:52:07",
        "logdata": ""
    },
    {
        "logtime": "2019/07/05 10:52:07",
        "logdata": "url"
    },
    {
        "logtime": "2019/07/05 10:52:07",
        "logdata": "http://apis.juhe.cn/ip/ip2addr?ip=210.38.205.46&key=74bb0395667b8d0588df9ebd6fc36a12"
    },
    {
        "logtime": "2019/07/05 10:52:07",
        "logdata": ""
    },
    {
        "logtime": "2019/07/05 10:52:07",
        "logdata": "url"
    },
    {
        "logtime": "2019/07/05 10:52:07",
        "logdata": "http://apis.juhe.cn/ip/ip2addr?ip=121.76.54.97&key=74bb0395667b8d0588df9ebd6fc36a12"
    },
    {
        "logtime": "2019/07/05 10:52:07",
        "logdata": ""
    },
    {
        "logtime": "2019/07/05 10:52:07",
        "logdata": "url"
    },
    {
        "logtime": "2019/07/05 10:52:07",
        "logdata": "http://apis.juhe.cn/ip/ip2addr?ip=106.89.101.216&key=74bb0395667b8d0588df9ebd6fc36a12"
    },
    {
        "logtime": "2019/07/05 10:52:07",
        "logdata": ""
    },
    {
        "logtime": "2019/07/05 10:52:07",
        "logdata": "url"
    },
    {
        "logtime": "2019/07/05 10:52:07",
        "logdata": "http://apis.juhe.cn/ip/ip2addr?ip=222.65.118.76&key=74bb0395667b8d0588df9ebd6fc36a12"
    },
    {
        "logtime": "2019/07/05 10:52:07",
        "logdata": ""
    },
    {
        "logtime": "2019/07/05 10:52:07",
        "logdata": "url"
    },
    {
        "logtime": "2019/07/05 10:52:07",
        "logdata": "http://apis.juhe.cn/ip/ip2addr?ip=123.233.163.86&key=74bb0395667b8d0588df9ebd6fc36a12"
    },
    {
        "logtime": "2019/07/05 10:52:07",
        "logdata": ""
    },
    {
        "logtime": "2019/07/05 10:52:07",
        "logdata": "url"
    },
    {
        "logtime": "2019/07/05 10:52:07",
        "logdata": "http://apis.juhe.cn/ip/ip2addr?ip=36.56.249.237&key=74bb0395667b8d0588df9ebd6fc36a12"
    },
    {
        "logtime": "2019/07/05 10:52:07",
        "logdata": ""
    },
    {
        "logtime": "2019/07/05 10:52:07",
        "logdata": "url"
    },
    {
        "logtime": "2019/07/05 10:52:07",
        "logdata": "http://apis.juhe.cn/ip/ip2addr?ip=121.77.21.103&key=74bb0395667b8d0588df9ebd6fc36a12"
    },
    {
        "logtime": "2019/07/05 10:52:07",
        "logdata": ""
    },
    {
        "logtime": "2019/07/05 10:52:07",
        "logdata": "url"
    },
    {
        "logtime": "2019/07/05 10:52:07",
        "logdata": "http://apis.juhe.cn/ip/ip2addr?ip=106.90.198.45&key=74bb0395667b8d0588df9ebd6fc36a12"
    },
    {
        "logtime": "2019/07/05 10:52:07",
        "logdata": ""
    },
    {
        "logtime": "2019/07/05 10:52:07",
        "logdata": "url"
    },
    {
        "logtime": "2019/07/05 10:52:07",
        "logdata": "http://apis.juhe.cn/ip/ip2addr?ip=210.36.233.94&key=74bb0395667b8d0588df9ebd6fc36a12"
    },
    {
        "logtime": "2019/07/05 10:52:07",
        "logdata": ""
    },
    {
        "logtime": "2019/07/05 10:52:07",
        "logdata": "url"
    },
    {
        "logtime": "2019/07/05 10:52:07",
        "logdata": "http://apis.juhe.cn/ip/ip2addr?ip=182.92.212.44&key=74bb0395667b8d0588df9ebd6fc36a12"
    },
    {
        "logtime": "2019/07/05 10:52:07",
        "logdata": ""
    },
    {
        "logtime": "2019/07/05 10:52:07",
        "logdata": "url"
    },
    {
        "logtime": "2019/07/05 10:52:07",
        "logdata": "http://apis.juhe.cn/ip/ip2addr?ip=139.209.169.129&key=74bb0395667b8d0588df9ebd6fc36a12"
    },
    {
        "logtime": "2019/07/05 10:52:07",
        "logdata": ""
    },
    {
        "logtime": "2019/07/05 10:52:07",
        "logdata": "url"
    },
    {
        "logtime": "2019/07/05 10:52:07",
        "logdata": "http://apis.juhe.cn/ip/ip2addr?ip=182.88.150.58&key=74bb0395667b8d0588df9ebd6fc36a12"
    },
    {
        "logtime": "2019/07/05 10:52:07",
        "logdata": ""
    },
    {
        "logtime": "2019/07/05 10:52:07",
        "logdata": "url"
    },
    {
        "logtime": "2019/07/05 10:52:07",
        "logdata": "http://apis.juhe.cn/ip/ip2addr?ip=222.18.156.38&key=74bb0395667b8d0588df9ebd6fc36a12"
    },
    {
        "logtime": "2019/07/05 10:52:07",
        "logdata": ""
    },
    {
        "logtime": "2019/07/05 10:52:07",
        "logdata": "url"
    },
    {
        "logtime": "2019/07/05 10:52:07",
        "logdata": "http://apis.juhe.cn/ip/ip2addr?ip=210.37.63.161&key=74bb0395667b8d0588df9ebd6fc36a12"
    },
    {
        "logtime": "2019/07/05 10:52:07",
        "logdata": ""
    },
    {
        "logtime": "2019/07/05 10:52:07",
        "logdata": "url"
    },
    {
        "logtime": "2019/07/05 10:52:07",
        "logdata": "http://apis.juhe.cn/ip/ip2addr?ip=139.214.103.99&key=74bb0395667b8d0588df9ebd6fc36a12"
    },
    {
        "logtime": "2019/07/05 10:52:07",
        "logdata": ""
    },
    {
        "logtime": "2019/07/05 10:52:07",
        "logdata": "url"
    },
    {
        "logtime": "2019/07/05 10:52:07",
        "logdata": "http://apis.juhe.cn/ip/ip2addr?ip=106.82.5.169&key=74bb0395667b8d0588df9ebd6fc36a12"
    },
    {
        "logtime": "2019/07/05 10:52:07",
        "logdata": ""
    },
    {
        "logtime": "2019/07/05 10:52:07",
        "logdata": "url"
    },
    {
        "logtime": "2019/07/05 10:52:07",
        "logdata": "http://apis.juhe.cn/ip/ip2addr?ip=61.233.19.66&key=74bb0395667b8d0588df9ebd6fc36a12"
    },
    {
        "logtime": "2019/07/05 10:52:08",
        "logdata": ""
    },
    {
        "logtime": "2019/07/05 10:52:08",
        "logdata": "url"
    },
    {
        "logtime": "2019/07/05 10:52:08",
        "logdata": "http://apis.juhe.cn/ip/ip2addr?ip=210.44.37.94&key=74bb0395667b8d0588df9ebd6fc36a12"
    },
    {
        "logtime": "2019/07/05 10:52:08",
        "logdata": ""
    },
    {
        "logtime": "2019/07/05 10:52:08",
        "logdata": "url"
    },
    {
        "logtime": "2019/07/05 10:52:08",
        "logdata": "http://apis.juhe.cn/ip/ip2addr?ip=61.233.90.101&key=74bb0395667b8d0588df9ebd6fc36a12"
    },
    {
        "logtime": "2019/07/05 10:52:08",
        "logdata": ""
    },
    {
        "logtime": "2019/07/05 10:52:08",
        "logdata": "url"
    },
    {
        "logtime": "2019/07/05 10:52:08",
        "logdata": "http://apis.juhe.cn/ip/ip2addr?ip=123.232.90.210&key=74bb0395667b8d0588df9ebd6fc36a12"
    },
    {
        "logtime": "2019/07/05 10:52:08",
        "logdata": ""
    },
    {
        "logtime": "2019/07/05 10:52:08",
        "logdata": "url"
    },
    {
        "logtime": "2019/07/05 10:52:08",
        "logdata": "http://apis.juhe.cn/ip/ip2addr?ip=182.92.212.44&key=74bb0395667b8d0588df9ebd6fc36a12"
    },
    {
        "logtime": "2019/07/05 10:52:08",
        "logdata": ""
    },
    {
        "logtime": "2019/07/05 10:52:08",
        "logdata": "url"
    },
    {
        "logtime": "2019/07/05 10:52:08",
        "logdata": "http://apis.juhe.cn/ip/ip2addr?ip=106.82.5.169&key=74bb0395667b8d0588df9ebd6fc36a12"
    },
    {
        "logtime": "2019/07/05 10:52:08",
        "logdata": ""
    },
    {
        "logtime": "2019/07/05 10:52:08",
        "logdata": "url"
    },
    {
        "logtime": "2019/07/05 10:52:08",
        "logdata": "http://apis.juhe.cn/ip/ip2addr?ip=210.37.63.161&key=74bb0395667b8d0588df9ebd6fc36a12"
    },
    {
        "logtime": "2019/07/05 10:52:08",
        "logdata": ""
    },
    {
        "logtime": "2019/07/05 10:52:08",
        "logdata": "url"
    },
    {
        "logtime": "2019/07/05 10:52:08",
        "logdata": "http://apis.juhe.cn/ip/ip2addr?ip=106.90.198.45&key=74bb0395667b8d0588df9ebd6fc36a12"
    },
    {
        "logtime": "2019/07/05 10:52:08",
        "logdata": ""
    },
    {
        "logtime": "2019/07/05 10:52:08",
        "logdata": "url"
    },
    {
        "logtime": "2019/07/05 10:52:08",
        "logdata": "http://apis.juhe.cn/ip/ip2addr?ip=210.44.37.94&key=74bb0395667b8d0588df9ebd6fc36a12"
    },
    {
        "logtime": "2019/07/05 10:52:08",
        "logdata": ""
    },
    {
        "logtime": "2019/07/05 10:52:08",
        "logdata": "url"
    },
    {
        "logtime": "2019/07/05 10:52:08",
        "logdata": "http://apis.juhe.cn/ip/ip2addr?ip=182.88.150.58&key=74bb0395667b8d0588df9ebd6fc36a12"
    },
    {
        "logtime": "2019/07/05 10:52:08",
        "logdata": ""
    },
    {
        "logtime": "2019/07/05 10:52:08",
        "logdata": "url"
    },
    {
        "logtime": "2019/07/05 10:52:08",
        "logdata": "http://apis.juhe.cn/ip/ip2addr?ip=123.232.90.210&key=74bb0395667b8d0588df9ebd6fc36a12"
    },
    {
        "logtime": "2019/07/05 10:52:08",
        "logdata": ""
    },
    {
        "logtime": "2019/07/05 10:52:08",
        "logdata": "url"
    },
    {
        "logtime": "2019/07/05 10:52:08",
        "logdata": "http://apis.juhe.cn/ip/ip2addr?ip=222.64.190.229&key=74bb0395667b8d0588df9ebd6fc36a12"
    },
    {
        "logtime": "2019/07/05 10:52:08",
        "logdata": ""
    },
    {
        "logtime": "2019/07/05 10:52:08",
        "logdata": "url"
    },
    {
        "logtime": "2019/07/05 10:52:08",
        "logdata": "http://apis.juhe.cn/ip/ip2addr?ip=61.233.86.217&key=74bb0395667b8d0588df9ebd6fc36a12"
    },
    {
        "logtime": "2019/07/05 10:52:08",
        "logdata": ""
    },
    {
        "logtime": "2019/07/05 10:52:08",
        "logdata": "url"
    },
    {
        "logtime": "2019/07/05 10:52:08",
        "logdata": "http://apis.juhe.cn/ip/ip2addr?ip=121.76.54.97&key=74bb0395667b8d0588df9ebd6fc36a12"
    },
    {
        "logtime": "2019/07/05 10:52:08",
        "logdata": ""
    },
    {
        "logtime": "2019/07/05 10:52:08",
        "logdata": "url"
    },
    {
        "logtime": "2019/07/05 10:52:08",
        "logdata": "http://apis.juhe.cn/ip/ip2addr?ip=106.82.50.188&key=74bb0395667b8d0588df9ebd6fc36a12"
    },
    {
        "logtime": "2019/07/05 10:52:08",
        "logdata": ""
    },
    {
        "logtime": "2019/07/05 10:52:08",
        "logdata": "url"
    },
    {
        "logtime": "2019/07/05 10:52:08",
        "logdata": "http://apis.juhe.cn/ip/ip2addr?ip=36.56.249.237&key=74bb0395667b8d0588df9ebd6fc36a12"
    },
    {
        "logtime": "2019/07/05 10:52:08",
        "logdata": ""
    },
    {
        "logtime": "2019/07/05 10:52:08",
        "logdata": "url"
    },
    {
        "logtime": "2019/07/05 10:52:08",
        "logdata": "http://apis.juhe.cn/ip/ip2addr?ip=171.13.193.151&key=74bb0395667b8d0588df9ebd6fc36a12"
    },
    {
        "logtime": "2019/07/05 10:52:08",
        "logdata": ""
    },
    {
        "logtime": "2019/07/05 10:52:08",
        "logdata": "url"
    },
    {
        "logtime": "2019/07/05 10:52:08",
        "logdata": "http://apis.juhe.cn/ip/ip2addr?ip=210.38.205.46&key=74bb0395667b8d0588df9ebd6fc36a12"
    },
    {
        "logtime": "2019/07/05 10:52:08",
        "logdata": ""
    },
    {
        "logtime": "2019/07/05 10:52:09",
        "logdata": "url"
    },
    {
        "logtime": "2019/07/05 10:52:09",
        "logdata": "http://apis.juhe.cn/ip/ip2addr?ip=123.233.163.86&key=74bb0395667b8d0588df9ebd6fc36a12"
    },
    {
        "logtime": "2019/07/05 10:52:09",
        "logdata": ""
    },
    {
        "logtime": "2019/07/05 10:52:09",
        "logdata": "url"
    },
    {
        "logtime": "2019/07/05 10:52:09",
        "logdata": "http://apis.juhe.cn/ip/ip2addr?ip=106.89.101.216&key=74bb0395667b8d0588df9ebd6fc36a12"
    },
    {
        "logtime": "2019/07/05 10:52:09",
        "logdata": ""
    },
    {
        "logtime": "2019/07/05 10:52:09",
        "logdata": "url"
    },
    {
        "logtime": "2019/07/05 10:52:09",
        "logdata": "http://apis.juhe.cn/ip/ip2addr?ip=171.15.216.137&key=74bb0395667b8d0588df9ebd6fc36a12"
    },
    {
        "logtime": "2019/07/05 10:52:09",
        "logdata": ""
    },
    {
        "logtime": "2019/07/05 10:52:09",
        "logdata": "url"
    },
    {
        "logtime": "2019/07/05 10:52:09",
        "logdata": "http://apis.juhe.cn/ip/ip2addr?ip=222.18.156.38&key=74bb0395667b8d0588df9ebd6fc36a12"
    },
    {
        "logtime": "2019/07/05 10:52:09",
        "logdata": ""
    },
    {
        "logtime": "2019/07/05 10:52:09",
        "logdata": "url"
    },
    {
        "logtime": "2019/07/05 10:52:09",
        "logdata": "http://apis.juhe.cn/ip/ip2addr?ip=61.233.90.101&key=74bb0395667b8d0588df9ebd6fc36a12"
    },
    {
        "logtime": "2019/07/05 10:52:09",
        "logdata": ""
    },
    {
        "logtime": "2019/07/05 10:52:09",
        "logdata": "url"
    },
    {
        "logtime": "2019/07/05 10:52:09",
        "logdata": "http://apis.juhe.cn/ip/ip2addr?ip=123.232.25.252&key=74bb0395667b8d0588df9ebd6fc36a12"
    },
    {
        "logtime": "2019/07/05 10:52:09",
        "logdata": ""
    },
    {
        "logtime": "2019/07/05 10:52:09",
        "logdata": "url"
    },
    {
        "logtime": "2019/07/05 10:52:09",
        "logdata": "http://apis.juhe.cn/ip/ip2addr?ip=139.214.103.99&key=74bb0395667b8d0588df9ebd6fc36a12"
    },
    {
        "logtime": "2019/07/05 10:52:09",
        "logdata": ""
    },
    {
        "logtime": "2019/07/05 10:52:09",
        "logdata": "url"
    },
    {
        "logtime": "2019/07/05 10:52:09",
        "logdata": "http://apis.juhe.cn/ip/ip2addr?ip=121.77.21.103&key=74bb0395667b8d0588df9ebd6fc36a12"
    },
    {
        "logtime": "2019/07/05 10:52:09",
        "logdata": ""
    },
    {
        "logtime": "2019/07/05 10:52:09",
        "logdata": "url"
    },
    {
        "logtime": "2019/07/05 10:52:09",
        "logdata": "http://apis.juhe.cn/ip/ip2addr?ip=139.209.169.129&key=74bb0395667b8d0588df9ebd6fc36a12"
    },
    {
        "logtime": "2019/07/05 10:52:09",
        "logdata": ""
    },
    {
        "logtime": "2019/07/05 10:52:09",
        "logdata": "url"
    },
    {
        "logtime": "2019/07/05 10:52:09",
        "logdata": "http://apis.juhe.cn/ip/ip2addr?ip=210.36.233.94&key=74bb0395667b8d0588df9ebd6fc36a12"
    },
    {
        "logtime": "2019/07/05 10:52:09",
        "logdata": ""
    },
    {
        "logtime": "2019/07/05 10:52:09",
        "logdata": "url"
    },
    {
        "logtime": "2019/07/05 10:52:09",
        "logdata": "http://apis.juhe.cn/ip/ip2addr?ip=121.77.216.183&key=74bb0395667b8d0588df9ebd6fc36a12"
    },
    {
        "logtime": "2019/07/05 10:52:09",
        "logdata": ""
    },
    {
        "logtime": "2019/07/05 10:52:09",
        "logdata": null
    },
    {
        "logtime": "2019/07/05 10:52:09",
        "logdata": "onEnterGame"
    },
    {
        "logtime": "2019/07/05 10:52:09",
        "logdata": {
            "_ServerResVersion": 4,
            "_Active": true,
            "_KindVersion": "101122049",
            "_KindType": 3,
            "_Module": "yule/oxbattle/",
            "_KindID": "104",
            "_Type": "yule",
            "_KindName": "yule.oxbattle.",
            "_SortId": 7
        }
    },
    {
        "logtime": "2019/07/05 10:52:09",
        "logdata": 4
    },
    {
        "logtime": "2019/07/05 10:52:09",
        "logdata": "onEnterGame"
    },
    {
        "logtime": "2019/07/05 10:52:09",
        "logdata": {
            "_ServerResVersion": 4,
            "_Active": true,
            "_KindVersion": "101122049",
            "_KindType": 2,
            "_Module": "xiuxian/zhongfabai/",
            "_KindID": "105",
            "_Type": "xiuxian",
            "_KindName": "xiuxian.zhongfabai.",
            "_SortId": 8
        }
    },
    {
        "logtime": "2019/07/05 10:52:13",
        "logdata": {}
    },
    {
        "logtime": "2019/07/05 10:52:45",
        "logdata": null
    },
    {
        "logtime": "2019/07/05 10:52:45",
        "logdata": "onEnterGame"
    },
    {
        "logtime": "2019/07/05 10:52:45",
        "logdata": {
            "_ServerResVersion": 5,
            "_Active": true,
            "_KindVersion": "101122049",
            "_KindType": 1,
            "_Module": "yule/oxsixex/",
            "_KindID": "36",
            "_Type": "yule",
            "_KindName": "yule.oxsixex.",
            "_SortId": 8
        }
    },
    {
        "logtime": "2019/07/05 10:52:46",
        "logdata": "GlobalUserItem.getCurGameKind()"
    },
    {
        "logtime": "2019/07/05 10:52:46",
        "logdata": 36
    }
]