[
    {
        "logtime": "2019/05/18 17:35:35",
        "logdata": "LogonScene.onceExcute"
    },
    {
        "logtime": "2019/05/18 17:35:35",
        "logdata": "http://www.fuannainc.top/"
    },
    {
        "logtime": "2019/05/18 17:35:36",
        "logdata": "url"
    },
    {
        "logtime": "2019/05/18 17:35:36",
        "logdata": "http://www.fuannainc.top//ws/MobileInterface.ashx?action=GetMobileLoginNotice"
    },
    {
        "logtime": "2019/05/18 17:35:36",
        "logdata": ""
    },
    {
        "logtime": "2019/05/18 17:35:38",
        "logdata": "url"
    },
    {
        "logtime": "2019/05/18 17:35:38",
        "logdata": "http://apis.juhe.cn/ip/ip2addr?ip=113.77.83.199&key=74bb0395667b8d0588df9ebd6fc36a12"
    },
    {
        "logtime": "2019/05/18 17:35:38",
        "logdata": ""
    },
    {
        "logtime": "2019/05/18 17:35:38",
        "logdata": "onLogonCallBack"
    },
    {
        "logtime": "2019/05/18 17:35:38",
        "logdata": "http://www.fuannainc.top/"
    },
    {
        "logtime": "2019/05/18 17:35:38",
        "logdata": "url"
    },
    {
        "logtime": "2019/05/18 17:35:38",
        "logdata": "http://www.fuannainc.top//WS/MobileInterface.ashx"
    },
    {
        "logtime": "2019/05/18 17:35:38",
        "logdata": "action=GetMobileShareConfig&userid=119897&time=1558172138&signature=DE96CE2C39910FA6F8A8EF482DAB71E7"
    },
    {
        "logtime": "2019/05/18 17:35:41",
        "logdata": "url"
    },
    {
        "logtime": "2019/05/18 17:35:41",
        "logdata": "http://www.fuannainc.top//WS/MobileInterface.ashx?action=GetMobileRollNotice"
    },
    {
        "logtime": "2019/05/18 17:35:41",
        "logdata": ""
    },
    {
        "logtime": "2019/05/18 17:35:44",
        "logdata": "onWillViewEnter"
    }
]