[
    {
        "logtime": "2019/05/18 16:16:00",
        "logdata": "url"
    },
    {
        "logtime": "2019/05/18 16:16:00",
        "logdata": "http://www.fuannainc.top//ws/MobileInterface.ashx?action=GetMobileLoginNotice"
    },
    {
        "logtime": "2019/05/18 16:16:00",
        "logdata": ""
    },
    {
        "logtime": "2019/05/18 16:16:01",
        "logdata": "url"
    },
    {
        "logtime": "2019/05/18 16:16:01",
        "logdata": "http://apis.juhe.cn/ip/ip2addr?ip=113.77.83.199&key=74bb0395667b8d0588df9ebd6fc36a12"
    },
    {
        "logtime": "2019/05/18 16:16:01",
        "logdata": ""
    },
    {
        "logtime": "2019/05/18 16:16:01",
        "logdata": "onLogonCallBack"
    },
    {
        "logtime": "2019/05/18 16:16:01",
        "logdata": "http://www.fuannainc.top/"
    },
    {
        "logtime": "2019/05/18 16:16:01",
        "logdata": "url"
    },
    {
        "logtime": "2019/05/18 16:16:01",
        "logdata": "http://www.fuannainc.top//WS/MobileInterface.ashx"
    },
    {
        "logtime": "2019/05/18 16:16:01",
        "logdata": "action=GetMobileShareConfig&userid=119901&time=1558167361&signature=E374F53A888CD9BF510B660C133D7234"
    },
    {
        "logtime": "2019/05/18 16:16:04",
        "logdata": "url"
    },
    {
        "logtime": "2019/05/18 16:16:04",
        "logdata": "http://www.fuannainc.top//WS/MobileInterface.ashx?action=GetMobileRollNotice"
    },
    {
        "logtime": "2019/05/18 16:16:04",
        "logdata": ""
    },
    {
        "logtime": "2019/05/18 16:16:18",
        "logdata": "LogonScene.onceExcute"
    },
    {
        "logtime": "2019/05/18 16:16:18",
        "logdata": "http://www.fuannainc.top/"
    },
    {
        "logtime": "2019/05/18 16:16:19",
        "logdata": "url"
    },
    {
        "logtime": "2019/05/18 16:16:19",
        "logdata": "http://www.fuannainc.top//ws/MobileInterface.ashx?action=GetMobileLoginNotice"
    },
    {
        "logtime": "2019/05/18 16:16:19",
        "logdata": ""
    },
    {
        "logtime": "2019/05/18 16:16:20",
        "logdata": "url"
    },
    {
        "logtime": "2019/05/18 16:16:21",
        "logdata": "http://apis.juhe.cn/ip/ip2addr?ip=113.77.83.199&key=74bb0395667b8d0588df9ebd6fc36a12"
    },
    {
        "logtime": "2019/05/18 16:16:21",
        "logdata": ""
    },
    {
        "logtime": "2019/05/18 16:16:21",
        "logdata": "onLogonCallBack"
    },
    {
        "logtime": "2019/05/18 16:16:21",
        "logdata": "http://www.fuannainc.top/"
    },
    {
        "logtime": "2019/05/18 16:16:21",
        "logdata": "url"
    },
    {
        "logtime": "2019/05/18 16:16:21",
        "logdata": "http://www.fuannainc.top//WS/MobileInterface.ashx"
    },
    {
        "logtime": "2019/05/18 16:16:21",
        "logdata": "action=GetMobileShareConfig&userid=119895&time=1558167381&signature=7D73AE35E3A612F3E5FE4459D5876DA8"
    },
    {
        "logtime": "2019/05/18 16:16:24",
        "logdata": "url"
    },
    {
        "logtime": "2019/05/18 16:16:24",
        "logdata": "http://www.fuannainc.top//WS/MobileInterface.ashx?action=GetMobileRollNotice"
    },
    {
        "logtime": "2019/05/18 16:16:24",
        "logdata": ""
    }
]