[
    {
        "logtime": "2019/06/17 16:19:07",
        "logdata": null
    },
    {
        "logtime": "2019/06/17 16:19:07",
        "logdata": "onEnterGame"
    },
    {
        "logtime": "2019/06/17 16:19:07",
        "logdata": {
            "_ServerResVersion": 4,
            "_Active": true,
            "_KindVersion": "101122049",
            "_KindType": 3,
            "_Module": "yule/oxbattle/",
            "_KindID": "104",
            "_Type": "yule",
            "_KindName": "yule.oxbattle.",
            "_SortId": 7
        }
    },
    {
        "logtime": "2019/06/17 16:19:07",
        "logdata": "url"
    },
    {
        "logtime": "2019/06/17 16:19:07",
        "logdata": "http://apis.juhe.cn/ip/ip2addr?ip=36.249.132.170&key=74bb0395667b8d0588df9ebd6fc36a12"
    },
    {
        "logtime": "2019/06/17 16:19:07",
        "logdata": ""
    },
    {
        "logtime": "2019/06/17 16:19:07",
        "logdata": "url"
    },
    {
        "logtime": "2019/06/17 16:19:07",
        "logdata": "http://apis.juhe.cn/ip/ip2addr?ip=171.11.223.158&key=74bb0395667b8d0588df9ebd6fc36a12"
    },
    {
        "logtime": "2019/06/17 16:19:07",
        "logdata": ""
    },
    {
        "logtime": "2019/06/17 16:19:07",
        "logdata": "url"
    },
    {
        "logtime": "2019/06/17 16:19:07",
        "logdata": "http://apis.juhe.cn/ip/ip2addr?ip=61.233.141.142&key=74bb0395667b8d0588df9ebd6fc36a12"
    },
    {
        "logtime": "2019/06/17 16:19:07",
        "logdata": ""
    },
    {
        "logtime": "2019/06/17 16:19:07",
        "logdata": "url"
    },
    {
        "logtime": "2019/06/17 16:19:07",
        "logdata": "http://apis.juhe.cn/ip/ip2addr?ip=182.91.249.213&key=74bb0395667b8d0588df9ebd6fc36a12"
    },
    {
        "logtime": "2019/06/17 16:19:07",
        "logdata": ""
    },
    {
        "logtime": "2019/06/17 16:19:07",
        "logdata": "url"
    },
    {
        "logtime": "2019/06/17 16:19:07",
        "logdata": "http://apis.juhe.cn/ip/ip2addr?ip=121.76.169.106&key=74bb0395667b8d0588df9ebd6fc36a12"
    },
    {
        "logtime": "2019/06/17 16:19:07",
        "logdata": ""
    },
    {
        "logtime": "2019/06/17 16:19:07",
        "logdata": "url"
    },
    {
        "logtime": "2019/06/17 16:19:07",
        "logdata": "http://apis.juhe.cn/ip/ip2addr?ip=61.232.98.29&key=74bb0395667b8d0588df9ebd6fc36a12"
    },
    {
        "logtime": "2019/06/17 16:19:07",
        "logdata": ""
    },
    {
        "logtime": "2019/06/17 16:19:07",
        "logdata": "url"
    },
    {
        "logtime": "2019/06/17 16:19:07",
        "logdata": "http://apis.juhe.cn/ip/ip2addr?ip=222.89.60.230&key=74bb0395667b8d0588df9ebd6fc36a12"
    },
    {
        "logtime": "2019/06/17 16:19:07",
        "logdata": ""
    },
    {
        "logtime": "2019/06/17 16:19:07",
        "logdata": "url"
    },
    {
        "logtime": "2019/06/17 16:19:07",
        "logdata": "http://apis.juhe.cn/ip/ip2addr?ip=106.81.252.189&key=74bb0395667b8d0588df9ebd6fc36a12"
    },
    {
        "logtime": "2019/06/17 16:19:07",
        "logdata": ""
    },
    {
        "logtime": "2019/06/17 16:19:07",
        "logdata": "url"
    },
    {
        "logtime": "2019/06/17 16:19:07",
        "logdata": "http://apis.juhe.cn/ip/ip2addr?ip=139.207.76.231&key=74bb0395667b8d0588df9ebd6fc36a12"
    },
    {
        "logtime": "2019/06/17 16:19:07",
        "logdata": ""
    },
    {
        "logtime": "2019/06/17 16:19:07",
        "logdata": "url"
    },
    {
        "logtime": "2019/06/17 16:19:07",
        "logdata": "http://apis.juhe.cn/ip/ip2addr?ip=139.203.234.146&key=74bb0395667b8d0588df9ebd6fc36a12"
    },
    {
        "logtime": "2019/06/17 16:19:07",
        "logdata": ""
    },
    {
        "logtime": "2019/06/17 16:19:07",
        "logdata": "url"
    },
    {
        "logtime": "2019/06/17 16:19:07",
        "logdata": "http://apis.juhe.cn/ip/ip2addr?ip=210.27.96.92&key=74bb0395667b8d0588df9ebd6fc36a12"
    },
    {
        "logtime": "2019/06/17 16:19:07",
        "logdata": ""
    },
    {
        "logtime": "2019/06/17 16:19:07",
        "logdata": "url"
    },
    {
        "logtime": "2019/06/17 16:19:07",
        "logdata": "http://apis.juhe.cn/ip/ip2addr?ip=123.235.114.74&key=74bb0395667b8d0588df9ebd6fc36a12"
    },
    {
        "logtime": "2019/06/17 16:19:07",
        "logdata": ""
    },
    {
        "logtime": "2019/06/17 16:19:07",
        "logdata": "url"
    },
    {
        "logtime": "2019/06/17 16:19:07",
        "logdata": "http://apis.juhe.cn/ip/ip2addr?ip=222.27.121.14&key=74bb0395667b8d0588df9ebd6fc36a12"
    },
    {
        "logtime": "2019/06/17 16:19:07",
        "logdata": ""
    },
    {
        "logtime": "2019/06/17 16:19:07",
        "logdata": "url"
    },
    {
        "logtime": "2019/06/17 16:19:07",
        "logdata": "http://apis.juhe.cn/ip/ip2addr?ip=139.202.206.16&key=74bb0395667b8d0588df9ebd6fc36a12"
    },
    {
        "logtime": "2019/06/17 16:19:07",
        "logdata": ""
    },
    {
        "logtime": "2019/06/17 16:19:07",
        "logdata": "url"
    },
    {
        "logtime": "2019/06/17 16:19:07",
        "logdata": "http://apis.juhe.cn/ip/ip2addr?ip=139.213.140.169&key=74bb0395667b8d0588df9ebd6fc36a12"
    },
    {
        "logtime": "2019/06/17 16:19:07",
        "logdata": ""
    },
    {
        "logtime": "2019/06/17 16:19:07",
        "logdata": "url"
    },
    {
        "logtime": "2019/06/17 16:19:07",
        "logdata": "http://apis.juhe.cn/ip/ip2addr?ip=61.236.222.5&key=74bb0395667b8d0588df9ebd6fc36a12"
    },
    {
        "logtime": "2019/06/17 16:19:07",
        "logdata": ""
    },
    {
        "logtime": "2019/06/17 16:19:07",
        "logdata": "url"
    },
    {
        "logtime": "2019/06/17 16:19:07",
        "logdata": "http://apis.juhe.cn/ip/ip2addr?ip=106.89.193.210&key=74bb0395667b8d0588df9ebd6fc36a12"
    },
    {
        "logtime": "2019/06/17 16:19:07",
        "logdata": ""
    },
    {
        "logtime": "2019/06/17 16:19:07",
        "logdata": "url"
    },
    {
        "logtime": "2019/06/17 16:19:07",
        "logdata": "http://apis.juhe.cn/ip/ip2addr?ip=121.76.120.239&key=74bb0395667b8d0588df9ebd6fc36a12"
    },
    {
        "logtime": "2019/06/17 16:19:07",
        "logdata": ""
    },
    {
        "logtime": "2019/06/17 16:19:07",
        "logdata": "url"
    },
    {
        "logtime": "2019/06/17 16:19:07",
        "logdata": "http://apis.juhe.cn/ip/ip2addr?ip=123.234.247.6&key=74bb0395667b8d0588df9ebd6fc36a12"
    },
    {
        "logtime": "2019/06/17 16:19:07",
        "logdata": ""
    },
    {
        "logtime": "2019/06/17 16:19:07",
        "logdata": "url"
    },
    {
        "logtime": "2019/06/17 16:19:07",
        "logdata": "http://apis.juhe.cn/ip/ip2addr?ip=139.200.251.175&key=74bb0395667b8d0588df9ebd6fc36a12"
    },
    {
        "logtime": "2019/06/17 16:19:07",
        "logdata": ""
    },
    {
        "logtime": "2019/06/17 16:19:07",
        "logdata": "url"
    },
    {
        "logtime": "2019/06/17 16:19:07",
        "logdata": "http://apis.juhe.cn/ip/ip2addr?ip=123.235.71.246&key=74bb0395667b8d0588df9ebd6fc36a12"
    },
    {
        "logtime": "2019/06/17 16:19:07",
        "logdata": ""
    },
    {
        "logtime": "2019/06/17 16:19:07",
        "logdata": "url"
    },
    {
        "logtime": "2019/06/17 16:19:07",
        "logdata": "http://apis.juhe.cn/ip/ip2addr?ip=210.37.196.5&key=74bb0395667b8d0588df9ebd6fc36a12"
    },
    {
        "logtime": "2019/06/17 16:19:07",
        "logdata": ""
    },
    {
        "logtime": "2019/06/17 16:19:07",
        "logdata": "url"
    },
    {
        "logtime": "2019/06/17 16:19:07",
        "logdata": "http://apis.juhe.cn/ip/ip2addr?ip=222.66.161.88&key=74bb0395667b8d0588df9ebd6fc36a12"
    },
    {
        "logtime": "2019/06/17 16:19:07",
        "logdata": ""
    },
    {
        "logtime": "2019/06/17 16:19:07",
        "logdata": "url"
    },
    {
        "logtime": "2019/06/17 16:19:07",
        "logdata": "http://apis.juhe.cn/ip/ip2addr?ip=61.236.3.206&key=74bb0395667b8d0588df9ebd6fc36a12"
    },
    {
        "logtime": "2019/06/17 16:19:07",
        "logdata": ""
    },
    {
        "logtime": "2019/06/17 16:19:07",
        "logdata": "url"
    },
    {
        "logtime": "2019/06/17 16:19:07",
        "logdata": "http://apis.juhe.cn/ip/ip2addr?ip=139.200.17.59&key=74bb0395667b8d0588df9ebd6fc36a12"
    },
    {
        "logtime": "2019/06/17 16:19:07",
        "logdata": ""
    },
    {
        "logtime": "2019/06/17 16:19:07",
        "logdata": "url"
    },
    {
        "logtime": "2019/06/17 16:19:07",
        "logdata": "http://apis.juhe.cn/ip/ip2addr?ip=123.235.254.156&key=74bb0395667b8d0588df9ebd6fc36a12"
    },
    {
        "logtime": "2019/06/17 16:19:07",
        "logdata": ""
    },
    {
        "logtime": "2019/06/17 16:19:07",
        "logdata": "url"
    },
    {
        "logtime": "2019/06/17 16:19:07",
        "logdata": "http://apis.juhe.cn/ip/ip2addr?ip=123.232.183.187&key=74bb0395667b8d0588df9ebd6fc36a12"
    },
    {
        "logtime": "2019/06/17 16:19:07",
        "logdata": ""
    },
    {
        "logtime": "2019/06/17 16:19:07",
        "logdata": "url"
    },
    {
        "logtime": "2019/06/17 16:19:07",
        "logdata": "http://apis.juhe.cn/ip/ip2addr?ip=106.86.166.88&key=74bb0395667b8d0588df9ebd6fc36a12"
    },
    {
        "logtime": "2019/06/17 16:19:07",
        "logdata": ""
    },
    {
        "logtime": "2019/06/17 16:19:07",
        "logdata": "url"
    },
    {
        "logtime": "2019/06/17 16:19:07",
        "logdata": "http://apis.juhe.cn/ip/ip2addr?ip=61.237.1.227&key=74bb0395667b8d0588df9ebd6fc36a12"
    },
    {
        "logtime": "2019/06/17 16:19:07",
        "logdata": ""
    },
    {
        "logtime": "2019/06/17 16:19:07",
        "logdata": "url"
    },
    {
        "logtime": "2019/06/17 16:19:07",
        "logdata": "http://apis.juhe.cn/ip/ip2addr?ip=36.59.242.149&key=74bb0395667b8d0588df9ebd6fc36a12"
    },
    {
        "logtime": "2019/06/17 16:19:07",
        "logdata": ""
    },
    {
        "logtime": "2019/06/17 16:19:07",
        "logdata": "url"
    },
    {
        "logtime": "2019/06/17 16:19:07",
        "logdata": "http://apis.juhe.cn/ip/ip2addr?ip=171.11.134.170&key=74bb0395667b8d0588df9ebd6fc36a12"
    },
    {
        "logtime": "2019/06/17 16:19:07",
        "logdata": ""
    },
    {
        "logtime": "2019/06/17 16:19:07",
        "logdata": "url"
    },
    {
        "logtime": "2019/06/17 16:19:07",
        "logdata": "http://apis.juhe.cn/ip/ip2addr?ip=123.234.167.220&key=74bb0395667b8d0588df9ebd6fc36a12"
    },
    {
        "logtime": "2019/06/17 16:19:07",
        "logdata": ""
    },
    {
        "logtime": "2019/06/17 16:19:07",
        "logdata": "url"
    },
    {
        "logtime": "2019/06/17 16:19:07",
        "logdata": "http://apis.juhe.cn/ip/ip2addr?ip=36.59.247.123&key=74bb0395667b8d0588df9ebd6fc36a12"
    },
    {
        "logtime": "2019/06/17 16:19:07",
        "logdata": ""
    },
    {
        "logtime": "2019/06/17 16:19:07",
        "logdata": "url"
    },
    {
        "logtime": "2019/06/17 16:19:07",
        "logdata": "http://apis.juhe.cn/ip/ip2addr?ip=222.21.131.69&key=74bb0395667b8d0588df9ebd6fc36a12"
    },
    {
        "logtime": "2019/06/17 16:19:07",
        "logdata": ""
    },
    {
        "logtime": "2019/06/17 16:19:07",
        "logdata": "url"
    },
    {
        "logtime": "2019/06/17 16:19:07",
        "logdata": "http://apis.juhe.cn/ip/ip2addr?ip=106.94.131.164&key=74bb0395667b8d0588df9ebd6fc36a12"
    },
    {
        "logtime": "2019/06/17 16:19:07",
        "logdata": ""
    },
    {
        "logtime": "2019/06/17 16:19:07",
        "logdata": "url"
    },
    {
        "logtime": "2019/06/17 16:19:07",
        "logdata": "http://apis.juhe.cn/ip/ip2addr?ip=222.22.135.22&key=74bb0395667b8d0588df9ebd6fc36a12"
    },
    {
        "logtime": "2019/06/17 16:19:07",
        "logdata": ""
    },
    {
        "logtime": "2019/06/17 16:19:07",
        "logdata": "url"
    },
    {
        "logtime": "2019/06/17 16:19:07",
        "logdata": "http://apis.juhe.cn/ip/ip2addr?ip=106.92.160.6&key=74bb0395667b8d0588df9ebd6fc36a12"
    },
    {
        "logtime": "2019/06/17 16:19:08",
        "logdata": ""
    },
    {
        "logtime": "2019/06/17 16:19:08",
        "logdata": "url"
    },
    {
        "logtime": "2019/06/17 16:19:08",
        "logdata": "http://apis.juhe.cn/ip/ip2addr?ip=123.233.107.134&key=74bb0395667b8d0588df9ebd6fc36a12"
    },
    {
        "logtime": "2019/06/17 16:19:08",
        "logdata": ""
    },
    {
        "logtime": "2019/06/17 16:19:08",
        "logdata": "url"
    },
    {
        "logtime": "2019/06/17 16:19:08",
        "logdata": "http://apis.juhe.cn/ip/ip2addr?ip=121.76.124.143&key=74bb0395667b8d0588df9ebd6fc36a12"
    },
    {
        "logtime": "2019/06/17 16:19:08",
        "logdata": ""
    },
    {
        "logtime": "2019/06/17 16:19:08",
        "logdata": "url"
    },
    {
        "logtime": "2019/06/17 16:19:08",
        "logdata": "http://apis.juhe.cn/ip/ip2addr?ip=182.85.239.8&key=74bb0395667b8d0588df9ebd6fc36a12"
    },
    {
        "logtime": "2019/06/17 16:19:08",
        "logdata": ""
    },
    {
        "logtime": "2019/06/17 16:19:08",
        "logdata": "url"
    },
    {
        "logtime": "2019/06/17 16:19:08",
        "logdata": "http://apis.juhe.cn/ip/ip2addr?ip=106.94.242.81&key=74bb0395667b8d0588df9ebd6fc36a12"
    },
    {
        "logtime": "2019/06/17 16:19:08",
        "logdata": ""
    },
    {
        "logtime": "2019/06/17 16:19:08",
        "logdata": "url"
    },
    {
        "logtime": "2019/06/17 16:19:08",
        "logdata": "http://apis.juhe.cn/ip/ip2addr?ip=171.12.139.5&key=74bb0395667b8d0588df9ebd6fc36a12"
    },
    {
        "logtime": "2019/06/17 16:19:08",
        "logdata": ""
    },
    {
        "logtime": "2019/06/17 16:19:08",
        "logdata": "url"
    },
    {
        "logtime": "2019/06/17 16:19:08",
        "logdata": "http://apis.juhe.cn/ip/ip2addr?ip=210.33.125.250&key=74bb0395667b8d0588df9ebd6fc36a12"
    },
    {
        "logtime": "2019/06/17 16:19:08",
        "logdata": ""
    },
    {
        "logtime": "2019/06/17 16:19:08",
        "logdata": "url"
    },
    {
        "logtime": "2019/06/17 16:19:08",
        "logdata": "http://apis.juhe.cn/ip/ip2addr?ip=121.76.63.173&key=74bb0395667b8d0588df9ebd6fc36a12"
    },
    {
        "logtime": "2019/06/17 16:19:08",
        "logdata": ""
    },
    {
        "logtime": "2019/06/17 16:19:08",
        "logdata": "url"
    },
    {
        "logtime": "2019/06/17 16:19:08",
        "logdata": "http://apis.juhe.cn/ip/ip2addr?ip=61.234.40.245&key=74bb0395667b8d0588df9ebd6fc36a12"
    },
    {
        "logtime": "2019/06/17 16:19:08",
        "logdata": ""
    },
    {
        "logtime": "2019/06/17 16:19:08",
        "logdata": "url"
    },
    {
        "logtime": "2019/06/17 16:19:08",
        "logdata": "http://apis.juhe.cn/ip/ip2addr?ip=171.10.173.64&key=74bb0395667b8d0588df9ebd6fc36a12"
    },
    {
        "logtime": "2019/06/17 16:19:08",
        "logdata": ""
    },
    {
        "logtime": "2019/06/17 16:19:08",
        "logdata": "url"
    },
    {
        "logtime": "2019/06/17 16:19:08",
        "logdata": "http://apis.juhe.cn/ip/ip2addr?ip=139.206.227.152&key=74bb0395667b8d0588df9ebd6fc36a12"
    },
    {
        "logtime": "2019/06/17 16:19:08",
        "logdata": ""
    },
    {
        "logtime": "2019/06/17 16:19:08",
        "logdata": "url"
    },
    {
        "logtime": "2019/06/17 16:19:08",
        "logdata": "http://apis.juhe.cn/ip/ip2addr?ip=61.232.227.39&key=74bb0395667b8d0588df9ebd6fc36a12"
    },
    {
        "logtime": "2019/06/17 16:19:08",
        "logdata": ""
    },
    {
        "logtime": "2019/06/17 16:19:08",
        "logdata": "url"
    },
    {
        "logtime": "2019/06/17 16:19:08",
        "logdata": "http://apis.juhe.cn/ip/ip2addr?ip=210.30.127.211&key=74bb0395667b8d0588df9ebd6fc36a12"
    },
    {
        "logtime": "2019/06/17 16:19:08",
        "logdata": ""
    },
    {
        "logtime": "2019/06/17 16:19:08",
        "logdata": "url"
    },
    {
        "logtime": "2019/06/17 16:19:08",
        "logdata": "http://apis.juhe.cn/ip/ip2addr?ip=121.77.225.149&key=74bb0395667b8d0588df9ebd6fc36a12"
    },
    {
        "logtime": "2019/06/17 16:19:08",
        "logdata": ""
    },
    {
        "logtime": "2019/06/17 16:19:08",
        "logdata": "url"
    },
    {
        "logtime": "2019/06/17 16:19:08",
        "logdata": "http://apis.juhe.cn/ip/ip2addr?ip=61.232.156.203&key=74bb0395667b8d0588df9ebd6fc36a12"
    },
    {
        "logtime": "2019/06/17 16:19:08",
        "logdata": ""
    },
    {
        "logtime": "2019/06/17 16:19:08",
        "logdata": "url"
    },
    {
        "logtime": "2019/06/17 16:19:08",
        "logdata": "http://apis.juhe.cn/ip/ip2addr?ip=222.93.205.229&key=74bb0395667b8d0588df9ebd6fc36a12"
    },
    {
        "logtime": "2019/06/17 16:19:08",
        "logdata": ""
    },
    {
        "logtime": "2019/06/17 16:19:08",
        "logdata": "url"
    },
    {
        "logtime": "2019/06/17 16:19:08",
        "logdata": "http://apis.juhe.cn/ip/ip2addr?ip=210.45.97.111&key=74bb0395667b8d0588df9ebd6fc36a12"
    },
    {
        "logtime": "2019/06/17 16:19:08",
        "logdata": ""
    },
    {
        "logtime": "2019/06/17 16:19:08",
        "logdata": "url"
    },
    {
        "logtime": "2019/06/17 16:19:08",
        "logdata": "http://apis.juhe.cn/ip/ip2addr?ip=123.234.147.168&key=74bb0395667b8d0588df9ebd6fc36a12"
    },
    {
        "logtime": "2019/06/17 16:19:08",
        "logdata": ""
    },
    {
        "logtime": "2019/06/17 16:19:08",
        "logdata": "url"
    },
    {
        "logtime": "2019/06/17 16:19:08",
        "logdata": "http://apis.juhe.cn/ip/ip2addr?ip=210.32.83.215&key=74bb0395667b8d0588df9ebd6fc36a12"
    },
    {
        "logtime": "2019/06/17 16:19:08",
        "logdata": ""
    },
    {
        "logtime": "2019/06/17 16:19:08",
        "logdata": "url"
    },
    {
        "logtime": "2019/06/17 16:19:08",
        "logdata": "http://apis.juhe.cn/ip/ip2addr?ip=139.214.149.164&key=74bb0395667b8d0588df9ebd6fc36a12"
    },
    {
        "logtime": "2019/06/17 16:19:08",
        "logdata": ""
    },
    {
        "logtime": "2019/06/17 16:19:08",
        "logdata": "url"
    },
    {
        "logtime": "2019/06/17 16:19:08",
        "logdata": "http://apis.juhe.cn/ip/ip2addr?ip=210.32.153.144&key=74bb0395667b8d0588df9ebd6fc36a12"
    },
    {
        "logtime": "2019/06/17 16:19:08",
        "logdata": ""
    },
    {
        "logtime": "2019/06/17 16:19:08",
        "logdata": "url"
    },
    {
        "logtime": "2019/06/17 16:19:08",
        "logdata": "http://apis.juhe.cn/ip/ip2addr?ip=36.56.191.67&key=74bb0395667b8d0588df9ebd6fc36a12"
    },
    {
        "logtime": "2019/06/17 16:19:08",
        "logdata": ""
    },
    {
        "logtime": "2019/06/17 16:19:08",
        "logdata": "url"
    },
    {
        "logtime": "2019/06/17 16:19:08",
        "logdata": "http://apis.juhe.cn/ip/ip2addr?ip=106.83.126.164&key=74bb0395667b8d0588df9ebd6fc36a12"
    },
    {
        "logtime": "2019/06/17 16:19:08",
        "logdata": ""
    },
    {
        "logtime": "2019/06/17 16:19:08",
        "logdata": "url"
    },
    {
        "logtime": "2019/06/17 16:19:08",
        "logdata": "http://apis.juhe.cn/ip/ip2addr?ip=36.61.32.141&key=74bb0395667b8d0588df9ebd6fc36a12"
    },
    {
        "logtime": "2019/06/17 16:19:08",
        "logdata": ""
    },
    {
        "logtime": "2019/06/17 16:19:08",
        "logdata": "url"
    },
    {
        "logtime": "2019/06/17 16:19:08",
        "logdata": "http://apis.juhe.cn/ip/ip2addr?ip=36.60.252.12&key=74bb0395667b8d0588df9ebd6fc36a12"
    },
    {
        "logtime": "2019/06/17 16:19:08",
        "logdata": ""
    },
    {
        "logtime": "2019/06/17 16:19:08",
        "logdata": "url"
    },
    {
        "logtime": "2019/06/17 16:19:08",
        "logdata": "http://apis.juhe.cn/ip/ip2addr?ip=210.30.163.215&key=74bb0395667b8d0588df9ebd6fc36a12"
    },
    {
        "logtime": "2019/06/17 16:19:08",
        "logdata": ""
    },
    {
        "logtime": "2019/06/17 16:19:08",
        "logdata": "url"
    },
    {
        "logtime": "2019/06/17 16:19:08",
        "logdata": "http://apis.juhe.cn/ip/ip2addr?ip=210.46.112.32&key=74bb0395667b8d0588df9ebd6fc36a12"
    },
    {
        "logtime": "2019/06/17 16:19:08",
        "logdata": ""
    },
    {
        "logtime": "2019/06/17 16:19:08",
        "logdata": "url"
    },
    {
        "logtime": "2019/06/17 16:19:08",
        "logdata": "http://apis.juhe.cn/ip/ip2addr?ip=61.232.72.249&key=74bb0395667b8d0588df9ebd6fc36a12"
    },
    {
        "logtime": "2019/06/17 16:19:08",
        "logdata": ""
    },
    {
        "logtime": "2019/06/17 16:19:08",
        "logdata": "url"
    },
    {
        "logtime": "2019/06/17 16:19:08",
        "logdata": "http://apis.juhe.cn/ip/ip2addr?ip=123.232.140.212&key=74bb0395667b8d0588df9ebd6fc36a12"
    },
    {
        "logtime": "2019/06/17 16:19:08",
        "logdata": ""
    },
    {
        "logtime": "2019/06/17 16:19:08",
        "logdata": "url"
    },
    {
        "logtime": "2019/06/17 16:19:08",
        "logdata": "http://apis.juhe.cn/ip/ip2addr?ip=121.76.218.119&key=74bb0395667b8d0588df9ebd6fc36a12"
    },
    {
        "logtime": "2019/06/17 16:19:08",
        "logdata": ""
    },
    {
        "logtime": "2019/06/17 16:19:08",
        "logdata": "url"
    },
    {
        "logtime": "2019/06/17 16:19:08",
        "logdata": "http://apis.juhe.cn/ip/ip2addr?ip=210.39.93.96&key=74bb0395667b8d0588df9ebd6fc36a12"
    },
    {
        "logtime": "2019/06/17 16:19:08",
        "logdata": ""
    },
    {
        "logtime": "2019/06/17 16:19:08",
        "logdata": "url"
    },
    {
        "logtime": "2019/06/17 16:19:08",
        "logdata": "http://apis.juhe.cn/ip/ip2addr?ip=121.76.35.142&key=74bb0395667b8d0588df9ebd6fc36a12"
    },
    {
        "logtime": "2019/06/17 16:19:08",
        "logdata": ""
    },
    {
        "logtime": "2019/06/17 16:19:08",
        "logdata": "url"
    },
    {
        "logtime": "2019/06/17 16:19:08",
        "logdata": "http://apis.juhe.cn/ip/ip2addr?ip=210.47.234.83&key=74bb0395667b8d0588df9ebd6fc36a12"
    },
    {
        "logtime": "2019/06/17 16:19:08",
        "logdata": ""
    },
    {
        "logtime": "2019/06/17 16:19:08",
        "logdata": "url"
    },
    {
        "logtime": "2019/06/17 16:19:08",
        "logdata": "http://apis.juhe.cn/ip/ip2addr?ip=171.15.18.160&key=74bb0395667b8d0588df9ebd6fc36a12"
    },
    {
        "logtime": "2019/06/17 16:19:08",
        "logdata": ""
    },
    {
        "logtime": "2019/06/17 16:19:08",
        "logdata": "url"
    },
    {
        "logtime": "2019/06/17 16:19:08",
        "logdata": "http://apis.juhe.cn/ip/ip2addr?ip=210.41.37.225&key=74bb0395667b8d0588df9ebd6fc36a12"
    },
    {
        "logtime": "2019/06/17 16:19:08",
        "logdata": ""
    },
    {
        "logtime": "2019/06/17 16:19:08",
        "logdata": "url"
    },
    {
        "logtime": "2019/06/17 16:19:08",
        "logdata": "http://apis.juhe.cn/ip/ip2addr?ip=36.56.145.229&key=74bb0395667b8d0588df9ebd6fc36a12"
    },
    {
        "logtime": "2019/06/17 16:19:08",
        "logdata": ""
    },
    {
        "logtime": "2019/06/17 16:19:08",
        "logdata": "url"
    },
    {
        "logtime": "2019/06/17 16:19:08",
        "logdata": "http://apis.juhe.cn/ip/ip2addr?ip=139.211.249.216&key=74bb0395667b8d0588df9ebd6fc36a12"
    },
    {
        "logtime": "2019/06/17 16:19:08",
        "logdata": ""
    },
    {
        "logtime": "2019/06/17 16:19:08",
        "logdata": "url"
    },
    {
        "logtime": "2019/06/17 16:19:08",
        "logdata": "http://apis.juhe.cn/ip/ip2addr?ip=139.215.98.184&key=74bb0395667b8d0588df9ebd6fc36a12"
    },
    {
        "logtime": "2019/06/17 16:19:08",
        "logdata": ""
    },
    {
        "logtime": "2019/06/17 16:19:08",
        "logdata": "url"
    },
    {
        "logtime": "2019/06/17 16:19:08",
        "logdata": "http://apis.juhe.cn/ip/ip2addr?ip=171.12.17.164&key=74bb0395667b8d0588df9ebd6fc36a12"
    },
    {
        "logtime": "2019/06/17 16:19:08",
        "logdata": ""
    },
    {
        "logtime": "2019/06/17 16:19:08",
        "logdata": "url"
    },
    {
        "logtime": "2019/06/17 16:19:08",
        "logdata": "http://apis.juhe.cn/ip/ip2addr?ip=121.76.81.112&key=74bb0395667b8d0588df9ebd6fc36a12"
    },
    {
        "logtime": "2019/06/17 16:19:08",
        "logdata": ""
    },
    {
        "logtime": "2019/06/17 16:19:08",
        "logdata": "url"
    },
    {
        "logtime": "2019/06/17 16:19:08",
        "logdata": "http://apis.juhe.cn/ip/ip2addr?ip=121.77.188.13&key=74bb0395667b8d0588df9ebd6fc36a12"
    },
    {
        "logtime": "2019/06/17 16:19:08",
        "logdata": ""
    },
    {
        "logtime": "2019/06/17 16:19:08",
        "logdata": "url"
    },
    {
        "logtime": "2019/06/17 16:19:08",
        "logdata": "http://apis.juhe.cn/ip/ip2addr?ip=36.56.118.253&key=74bb0395667b8d0588df9ebd6fc36a12"
    },
    {
        "logtime": "2019/06/17 16:19:08",
        "logdata": ""
    },
    {
        "logtime": "2019/06/17 16:19:08",
        "logdata": "url"
    },
    {
        "logtime": "2019/06/17 16:19:08",
        "logdata": "http://apis.juhe.cn/ip/ip2addr?ip=123.233.153.92&key=74bb0395667b8d0588df9ebd6fc36a12"
    },
    {
        "logtime": "2019/06/17 16:19:08",
        "logdata": ""
    },
    {
        "logtime": "2019/06/17 16:19:08",
        "logdata": "url"
    },
    {
        "logtime": "2019/06/17 16:19:08",
        "logdata": "http://apis.juhe.cn/ip/ip2addr?ip=210.39.205.213&key=74bb0395667b8d0588df9ebd6fc36a12"
    },
    {
        "logtime": "2019/06/17 16:19:08",
        "logdata": ""
    },
    {
        "logtime": "2019/06/17 16:19:08",
        "logdata": "url"
    },
    {
        "logtime": "2019/06/17 16:19:08",
        "logdata": "http://apis.juhe.cn/ip/ip2addr?ip=106.85.32.115&key=74bb0395667b8d0588df9ebd6fc36a12"
    },
    {
        "logtime": "2019/06/17 16:19:08",
        "logdata": ""
    },
    {
        "logtime": "2019/06/17 16:19:08",
        "logdata": "url"
    },
    {
        "logtime": "2019/06/17 16:19:08",
        "logdata": "http://apis.juhe.cn/ip/ip2addr?ip=121.77.175.208&key=74bb0395667b8d0588df9ebd6fc36a12"
    },
    {
        "logtime": "2019/06/17 16:19:08",
        "logdata": ""
    },
    {
        "logtime": "2019/06/17 16:19:08",
        "logdata": "url"
    },
    {
        "logtime": "2019/06/17 16:19:08",
        "logdata": "http://apis.juhe.cn/ip/ip2addr?ip=61.232.91.125&key=74bb0395667b8d0588df9ebd6fc36a12"
    },
    {
        "logtime": "2019/06/17 16:19:08",
        "logdata": ""
    },
    {
        "logtime": "2019/06/17 16:19:08",
        "logdata": "url"
    },
    {
        "logtime": "2019/06/17 16:19:08",
        "logdata": "http://apis.juhe.cn/ip/ip2addr?ip=139.213.130.22&key=74bb0395667b8d0588df9ebd6fc36a12"
    },
    {
        "logtime": "2019/06/17 16:19:08",
        "logdata": ""
    },
    {
        "logtime": "2019/06/17 16:19:08",
        "logdata": "url"
    },
    {
        "logtime": "2019/06/17 16:19:08",
        "logdata": "http://apis.juhe.cn/ip/ip2addr?ip=210.32.71.122&key=74bb0395667b8d0588df9ebd6fc36a12"
    },
    {
        "logtime": "2019/06/17 16:19:08",
        "logdata": ""
    },
    {
        "logtime": "2019/06/17 16:19:08",
        "logdata": "url"
    },
    {
        "logtime": "2019/06/17 16:19:08",
        "logdata": "http://apis.juhe.cn/ip/ip2addr?ip=182.86.223.224&key=74bb0395667b8d0588df9ebd6fc36a12"
    },
    {
        "logtime": "2019/06/17 16:19:08",
        "logdata": ""
    },
    {
        "logtime": "2019/06/17 16:19:08",
        "logdata": "url"
    },
    {
        "logtime": "2019/06/17 16:19:08",
        "logdata": "http://apis.juhe.cn/ip/ip2addr?ip=139.202.206.16&key=74bb0395667b8d0588df9ebd6fc36a12"
    },
    {
        "logtime": "2019/06/17 16:19:08",
        "logdata": ""
    },
    {
        "logtime": "2019/06/17 16:19:08",
        "logdata": "url"
    },
    {
        "logtime": "2019/06/17 16:19:08",
        "logdata": "http://apis.juhe.cn/ip/ip2addr?ip=139.213.140.169&key=74bb0395667b8d0588df9ebd6fc36a12"
    },
    {
        "logtime": "2019/06/17 16:19:08",
        "logdata": ""
    },
    {
        "logtime": "2019/06/17 16:19:08",
        "logdata": "url"
    },
    {
        "logtime": "2019/06/17 16:19:08",
        "logdata": "http://apis.juhe.cn/ip/ip2addr?ip=123.235.114.74&key=74bb0395667b8d0588df9ebd6fc36a12"
    },
    {
        "logtime": "2019/06/17 16:19:08",
        "logdata": ""
    },
    {
        "logtime": "2019/06/17 16:19:09",
        "logdata": "url"
    },
    {
        "logtime": "2019/06/17 16:19:09",
        "logdata": "http://apis.juhe.cn/ip/ip2addr?ip=61.236.222.5&key=74bb0395667b8d0588df9ebd6fc36a12"
    },
    {
        "logtime": "2019/06/17 16:19:09",
        "logdata": ""
    },
    {
        "logtime": "2019/06/17 16:19:09",
        "logdata": "url"
    },
    {
        "logtime": "2019/06/17 16:19:09",
        "logdata": "http://apis.juhe.cn/ip/ip2addr?ip=123.235.71.246&key=74bb0395667b8d0588df9ebd6fc36a12"
    },
    {
        "logtime": "2019/06/17 16:19:09",
        "logdata": ""
    },
    {
        "logtime": "2019/06/17 16:19:09",
        "logdata": "url"
    },
    {
        "logtime": "2019/06/17 16:19:09",
        "logdata": "http://apis.juhe.cn/ip/ip2addr?ip=222.66.161.88&key=74bb0395667b8d0588df9ebd6fc36a12"
    },
    {
        "logtime": "2019/06/17 16:19:09",
        "logdata": ""
    },
    {
        "logtime": "2019/06/17 16:19:09",
        "logdata": "url"
    },
    {
        "logtime": "2019/06/17 16:19:09",
        "logdata": "http://apis.juhe.cn/ip/ip2addr?ip=106.89.193.210&key=74bb0395667b8d0588df9ebd6fc36a12"
    },
    {
        "logtime": "2019/06/17 16:19:09",
        "logdata": ""
    },
    {
        "logtime": "2019/06/17 16:19:09",
        "logdata": "url"
    },
    {
        "logtime": "2019/06/17 16:19:09",
        "logdata": "http://apis.juhe.cn/ip/ip2addr?ip=222.27.121.14&key=74bb0395667b8d0588df9ebd6fc36a12"
    },
    {
        "logtime": "2019/06/17 16:19:09",
        "logdata": ""
    },
    {
        "logtime": "2019/06/17 16:19:09",
        "logdata": "url"
    },
    {
        "logtime": "2019/06/17 16:19:09",
        "logdata": "http://apis.juhe.cn/ip/ip2addr?ip=123.234.247.6&key=74bb0395667b8d0588df9ebd6fc36a12"
    },
    {
        "logtime": "2019/06/17 16:19:09",
        "logdata": ""
    },
    {
        "logtime": "2019/06/17 16:19:09",
        "logdata": "url"
    },
    {
        "logtime": "2019/06/17 16:19:09",
        "logdata": "http://apis.juhe.cn/ip/ip2addr?ip=139.203.234.146&key=74bb0395667b8d0588df9ebd6fc36a12"
    },
    {
        "logtime": "2019/06/17 16:19:09",
        "logdata": ""
    },
    {
        "logtime": "2019/06/17 16:19:09",
        "logdata": "url"
    },
    {
        "logtime": "2019/06/17 16:19:09",
        "logdata": "http://apis.juhe.cn/ip/ip2addr?ip=210.37.196.5&key=74bb0395667b8d0588df9ebd6fc36a12"
    },
    {
        "logtime": "2019/06/17 16:19:09",
        "logdata": ""
    },
    {
        "logtime": "2019/06/17 16:19:09",
        "logdata": "url"
    },
    {
        "logtime": "2019/06/17 16:19:09",
        "logdata": "http://apis.juhe.cn/ip/ip2addr?ip=139.200.17.59&key=74bb0395667b8d0588df9ebd6fc36a12"
    },
    {
        "logtime": "2019/06/17 16:19:09",
        "logdata": ""
    },
    {
        "logtime": "2019/06/17 16:19:09",
        "logdata": "url"
    },
    {
        "logtime": "2019/06/17 16:19:09",
        "logdata": "http://apis.juhe.cn/ip/ip2addr?ip=123.235.254.156&key=74bb0395667b8d0588df9ebd6fc36a12"
    },
    {
        "logtime": "2019/06/17 16:19:09",
        "logdata": ""
    },
    {
        "logtime": "2019/06/17 16:19:09",
        "logdata": "url"
    },
    {
        "logtime": "2019/06/17 16:19:09",
        "logdata": "http://apis.juhe.cn/ip/ip2addr?ip=123.232.183.187&key=74bb0395667b8d0588df9ebd6fc36a12"
    },
    {
        "logtime": "2019/06/17 16:19:09",
        "logdata": ""
    },
    {
        "logtime": "2019/06/17 16:19:09",
        "logdata": "url"
    },
    {
        "logtime": "2019/06/17 16:19:09",
        "logdata": "http://apis.juhe.cn/ip/ip2addr?ip=171.11.134.170&key=74bb0395667b8d0588df9ebd6fc36a12"
    },
    {
        "logtime": "2019/06/17 16:19:09",
        "logdata": ""
    },
    {
        "logtime": "2019/06/17 16:19:09",
        "logdata": "url"
    },
    {
        "logtime": "2019/06/17 16:19:09",
        "logdata": "http://apis.juhe.cn/ip/ip2addr?ip=36.59.242.149&key=74bb0395667b8d0588df9ebd6fc36a12"
    },
    {
        "logtime": "2019/06/17 16:19:09",
        "logdata": ""
    },
    {
        "logtime": "2019/06/17 16:19:09",
        "logdata": "url"
    },
    {
        "logtime": "2019/06/17 16:19:09",
        "logdata": "http://apis.juhe.cn/ip/ip2addr?ip=106.94.242.81&key=74bb0395667b8d0588df9ebd6fc36a12"
    },
    {
        "logtime": "2019/06/17 16:19:09",
        "logdata": ""
    },
    {
        "logtime": "2019/06/17 16:19:09",
        "logdata": "url"
    },
    {
        "logtime": "2019/06/17 16:19:09",
        "logdata": "http://apis.juhe.cn/ip/ip2addr?ip=222.22.135.22&key=74bb0395667b8d0588df9ebd6fc36a12"
    },
    {
        "logtime": "2019/06/17 16:19:09",
        "logdata": ""
    },
    {
        "logtime": "2019/06/17 16:19:09",
        "logdata": "url"
    },
    {
        "logtime": "2019/06/17 16:19:09",
        "logdata": "http://apis.juhe.cn/ip/ip2addr?ip=210.33.125.250&key=74bb0395667b8d0588df9ebd6fc36a12"
    },
    {
        "logtime": "2019/06/17 16:19:09",
        "logdata": ""
    },
    {
        "logtime": "2019/06/17 16:19:09",
        "logdata": "url"
    },
    {
        "logtime": "2019/06/17 16:19:09",
        "logdata": "http://apis.juhe.cn/ip/ip2addr?ip=210.30.127.211&key=74bb0395667b8d0588df9ebd6fc36a12"
    },
    {
        "logtime": "2019/06/17 16:19:09",
        "logdata": ""
    },
    {
        "logtime": "2019/06/17 16:19:09",
        "logdata": "url"
    },
    {
        "logtime": "2019/06/17 16:19:09",
        "logdata": "http://apis.juhe.cn/ip/ip2addr?ip=222.21.131.69&key=74bb0395667b8d0588df9ebd6fc36a12"
    },
    {
        "logtime": "2019/06/17 16:19:09",
        "logdata": ""
    },
    {
        "logtime": "2019/06/17 16:19:09",
        "logdata": "url"
    },
    {
        "logtime": "2019/06/17 16:19:09",
        "logdata": "http://apis.juhe.cn/ip/ip2addr?ip=61.237.1.227&key=74bb0395667b8d0588df9ebd6fc36a12"
    },
    {
        "logtime": "2019/06/17 16:19:09",
        "logdata": ""
    },
    {
        "logtime": "2019/06/17 16:19:09",
        "logdata": "url"
    },
    {
        "logtime": "2019/06/17 16:19:09",
        "logdata": "http://apis.juhe.cn/ip/ip2addr?ip=123.233.107.134&key=74bb0395667b8d0588df9ebd6fc36a12"
    },
    {
        "logtime": "2019/06/17 16:19:09",
        "logdata": ""
    },
    {
        "logtime": "2019/06/17 16:19:09",
        "logdata": "url"
    },
    {
        "logtime": "2019/06/17 16:19:09",
        "logdata": "http://apis.juhe.cn/ip/ip2addr?ip=121.76.124.143&key=74bb0395667b8d0588df9ebd6fc36a12"
    },
    {
        "logtime": "2019/06/17 16:19:09",
        "logdata": ""
    },
    {
        "logtime": "2019/06/17 16:19:09",
        "logdata": "url"
    },
    {
        "logtime": "2019/06/17 16:19:09",
        "logdata": "http://apis.juhe.cn/ip/ip2addr?ip=36.59.247.123&key=74bb0395667b8d0588df9ebd6fc36a12"
    },
    {
        "logtime": "2019/06/17 16:19:09",
        "logdata": ""
    },
    {
        "logtime": "2019/06/17 16:19:09",
        "logdata": "url"
    },
    {
        "logtime": "2019/06/17 16:19:09",
        "logdata": "http://apis.juhe.cn/ip/ip2addr?ip=106.94.131.164&key=74bb0395667b8d0588df9ebd6fc36a12"
    },
    {
        "logtime": "2019/06/17 16:19:09",
        "logdata": ""
    },
    {
        "logtime": "2019/06/17 16:19:09",
        "logdata": "url"
    },
    {
        "logtime": "2019/06/17 16:19:09",
        "logdata": "http://apis.juhe.cn/ip/ip2addr?ip=123.234.167.220&key=74bb0395667b8d0588df9ebd6fc36a12"
    },
    {
        "logtime": "2019/06/17 16:19:09",
        "logdata": ""
    },
    {
        "logtime": "2019/06/17 16:19:09",
        "logdata": "url"
    },
    {
        "logtime": "2019/06/17 16:19:09",
        "logdata": "http://apis.juhe.cn/ip/ip2addr?ip=171.10.173.64&key=74bb0395667b8d0588df9ebd6fc36a12"
    },
    {
        "logtime": "2019/06/17 16:19:09",
        "logdata": ""
    },
    {
        "logtime": "2019/06/17 16:19:09",
        "logdata": "url"
    },
    {
        "logtime": "2019/06/17 16:19:09",
        "logdata": "http://apis.juhe.cn/ip/ip2addr?ip=61.232.156.203&key=74bb0395667b8d0588df9ebd6fc36a12"
    },
    {
        "logtime": "2019/06/17 16:19:09",
        "logdata": ""
    },
    {
        "logtime": "2019/06/17 16:19:09",
        "logdata": "url"
    },
    {
        "logtime": "2019/06/17 16:19:09",
        "logdata": "http://apis.juhe.cn/ip/ip2addr?ip=139.206.227.152&key=74bb0395667b8d0588df9ebd6fc36a12"
    },
    {
        "logtime": "2019/06/17 16:19:09",
        "logdata": ""
    },
    {
        "logtime": "2019/06/17 16:19:09",
        "logdata": "url"
    },
    {
        "logtime": "2019/06/17 16:19:09",
        "logdata": "http://apis.juhe.cn/ip/ip2addr?ip=61.234.40.245&key=74bb0395667b8d0588df9ebd6fc36a12"
    },
    {
        "logtime": "2019/06/17 16:19:09",
        "logdata": ""
    },
    {
        "logtime": "2019/06/17 16:19:09",
        "logdata": "url"
    },
    {
        "logtime": "2019/06/17 16:19:09",
        "logdata": "http://apis.juhe.cn/ip/ip2addr?ip=182.85.239.8&key=74bb0395667b8d0588df9ebd6fc36a12"
    },
    {
        "logtime": "2019/06/17 16:19:09",
        "logdata": ""
    },
    {
        "logtime": "2019/06/17 16:19:09",
        "logdata": "url"
    },
    {
        "logtime": "2019/06/17 16:19:09",
        "logdata": "http://apis.juhe.cn/ip/ip2addr?ip=210.32.83.215&key=74bb0395667b8d0588df9ebd6fc36a12"
    },
    {
        "logtime": "2019/06/17 16:19:09",
        "logdata": ""
    },
    {
        "logtime": "2019/06/17 16:19:09",
        "logdata": "url"
    },
    {
        "logtime": "2019/06/17 16:19:09",
        "logdata": "http://apis.juhe.cn/ip/ip2addr?ip=123.234.147.168&key=74bb0395667b8d0588df9ebd6fc36a12"
    },
    {
        "logtime": "2019/06/17 16:19:09",
        "logdata": ""
    },
    {
        "logtime": "2019/06/17 16:19:09",
        "logdata": "url"
    },
    {
        "logtime": "2019/06/17 16:19:09",
        "logdata": "http://apis.juhe.cn/ip/ip2addr?ip=121.77.225.149&key=74bb0395667b8d0588df9ebd6fc36a12"
    },
    {
        "logtime": "2019/06/17 16:19:09",
        "logdata": ""
    },
    {
        "logtime": "2019/06/17 16:19:09",
        "logdata": "url"
    },
    {
        "logtime": "2019/06/17 16:19:09",
        "logdata": "http://apis.juhe.cn/ip/ip2addr?ip=139.214.149.164&key=74bb0395667b8d0588df9ebd6fc36a12"
    },
    {
        "logtime": "2019/06/17 16:19:09",
        "logdata": ""
    },
    {
        "logtime": "2019/06/17 16:19:09",
        "logdata": "url"
    },
    {
        "logtime": "2019/06/17 16:19:09",
        "logdata": "http://apis.juhe.cn/ip/ip2addr?ip=210.45.97.111&key=74bb0395667b8d0588df9ebd6fc36a12"
    },
    {
        "logtime": "2019/06/17 16:19:09",
        "logdata": ""
    },
    {
        "logtime": "2019/06/17 16:19:09",
        "logdata": "url"
    },
    {
        "logtime": "2019/06/17 16:19:09",
        "logdata": "http://apis.juhe.cn/ip/ip2addr?ip=36.56.191.67&key=74bb0395667b8d0588df9ebd6fc36a12"
    },
    {
        "logtime": "2019/06/17 16:19:10",
        "logdata": ""
    },
    {
        "logtime": "2019/06/17 16:19:10",
        "logdata": "url"
    },
    {
        "logtime": "2019/06/17 16:19:10",
        "logdata": "http://apis.juhe.cn/ip/ip2addr?ip=36.61.32.141&key=74bb0395667b8d0588df9ebd6fc36a12"
    },
    {
        "logtime": "2019/06/17 16:19:10",
        "logdata": ""
    },
    {
        "logtime": "2019/06/17 16:19:10",
        "logdata": "url"
    },
    {
        "logtime": "2019/06/17 16:19:10",
        "logdata": "http://apis.juhe.cn/ip/ip2addr?ip=222.93.205.229&key=74bb0395667b8d0588df9ebd6fc36a12"
    },
    {
        "logtime": "2019/06/17 16:19:10",
        "logdata": ""
    },
    {
        "logtime": "2019/06/17 16:19:10",
        "logdata": "url"
    },
    {
        "logtime": "2019/06/17 16:19:10",
        "logdata": "http://apis.juhe.cn/ip/ip2addr?ip=210.32.153.144&key=74bb0395667b8d0588df9ebd6fc36a12"
    },
    {
        "logtime": "2019/06/17 16:19:10",
        "logdata": ""
    },
    {
        "logtime": "2019/06/17 16:19:10",
        "logdata": "url"
    },
    {
        "logtime": "2019/06/17 16:19:10",
        "logdata": "http://apis.juhe.cn/ip/ip2addr?ip=210.47.234.83&key=74bb0395667b8d0588df9ebd6fc36a12"
    },
    {
        "logtime": "2019/06/17 16:19:10",
        "logdata": ""
    },
    {
        "logtime": "2019/06/17 16:19:10",
        "logdata": "url"
    },
    {
        "logtime": "2019/06/17 16:19:10",
        "logdata": "http://apis.juhe.cn/ip/ip2addr?ip=123.232.140.212&key=74bb0395667b8d0588df9ebd6fc36a12"
    },
    {
        "logtime": "2019/06/17 16:19:10",
        "logdata": ""
    },
    {
        "logtime": "2019/06/17 16:19:10",
        "logdata": "url"
    },
    {
        "logtime": "2019/06/17 16:19:10",
        "logdata": "http://apis.juhe.cn/ip/ip2addr?ip=121.76.35.142&key=74bb0395667b8d0588df9ebd6fc36a12"
    },
    {
        "logtime": "2019/06/17 16:19:10",
        "logdata": ""
    },
    {
        "logtime": "2019/06/17 16:19:10",
        "logdata": "url"
    },
    {
        "logtime": "2019/06/17 16:19:10",
        "logdata": "http://apis.juhe.cn/ip/ip2addr?ip=61.232.72.249&key=74bb0395667b8d0588df9ebd6fc36a12"
    },
    {
        "logtime": "2019/06/17 16:19:10",
        "logdata": ""
    },
    {
        "logtime": "2019/06/17 16:19:10",
        "logdata": "url"
    },
    {
        "logtime": "2019/06/17 16:19:10",
        "logdata": "http://apis.juhe.cn/ip/ip2addr?ip=171.15.18.160&key=74bb0395667b8d0588df9ebd6fc36a12"
    },
    {
        "logtime": "2019/06/17 16:19:10",
        "logdata": ""
    },
    {
        "logtime": "2019/06/17 16:19:10",
        "logdata": "url"
    },
    {
        "logtime": "2019/06/17 16:19:10",
        "logdata": "http://apis.juhe.cn/ip/ip2addr?ip=106.92.160.6&key=74bb0395667b8d0588df9ebd6fc36a12"
    },
    {
        "logtime": "2019/06/17 16:19:10",
        "logdata": ""
    },
    {
        "logtime": "2019/06/17 16:19:10",
        "logdata": "url"
    },
    {
        "logtime": "2019/06/17 16:19:10",
        "logdata": "http://apis.juhe.cn/ip/ip2addr?ip=210.46.112.32&key=74bb0395667b8d0588df9ebd6fc36a12"
    },
    {
        "logtime": "2019/06/17 16:19:10",
        "logdata": ""
    },
    {
        "logtime": "2019/06/17 16:19:10",
        "logdata": "url"
    },
    {
        "logtime": "2019/06/17 16:19:10",
        "logdata": "http://apis.juhe.cn/ip/ip2addr?ip=36.60.252.12&key=74bb0395667b8d0588df9ebd6fc36a12"
    },
    {
        "logtime": "2019/06/17 16:19:10",
        "logdata": ""
    },
    {
        "logtime": "2019/06/17 16:19:10",
        "logdata": "url"
    },
    {
        "logtime": "2019/06/17 16:19:10",
        "logdata": "http://apis.juhe.cn/ip/ip2addr?ip=210.30.163.215&key=74bb0395667b8d0588df9ebd6fc36a12"
    },
    {
        "logtime": "2019/06/17 16:19:10",
        "logdata": ""
    },
    {
        "logtime": "2019/06/17 16:19:10",
        "logdata": "url"
    },
    {
        "logtime": "2019/06/17 16:19:10",
        "logdata": "http://apis.juhe.cn/ip/ip2addr?ip=210.39.93.96&key=74bb0395667b8d0588df9ebd6fc36a12"
    },
    {
        "logtime": "2019/06/17 16:19:10",
        "logdata": ""
    },
    {
        "logtime": "2019/06/17 16:19:10",
        "logdata": "url"
    },
    {
        "logtime": "2019/06/17 16:19:10",
        "logdata": "http://apis.juhe.cn/ip/ip2addr?ip=36.56.145.229&key=74bb0395667b8d0588df9ebd6fc36a12"
    },
    {
        "logtime": "2019/06/17 16:19:10",
        "logdata": ""
    },
    {
        "logtime": "2019/06/17 16:19:10",
        "logdata": "url"
    },
    {
        "logtime": "2019/06/17 16:19:10",
        "logdata": "http://apis.juhe.cn/ip/ip2addr?ip=171.12.17.164&key=74bb0395667b8d0588df9ebd6fc36a12"
    },
    {
        "logtime": "2019/06/17 16:19:10",
        "logdata": ""
    },
    {
        "logtime": "2019/06/17 16:19:10",
        "logdata": "url"
    },
    {
        "logtime": "2019/06/17 16:19:10",
        "logdata": "http://apis.juhe.cn/ip/ip2addr?ip=123.233.153.92&key=74bb0395667b8d0588df9ebd6fc36a12"
    },
    {
        "logtime": "2019/06/17 16:19:10",
        "logdata": ""
    },
    {
        "logtime": "2019/06/17 16:19:10",
        "logdata": "url"
    },
    {
        "logtime": "2019/06/17 16:19:10",
        "logdata": "http://apis.juhe.cn/ip/ip2addr?ip=106.83.126.164&key=74bb0395667b8d0588df9ebd6fc36a12"
    },
    {
        "logtime": "2019/06/17 16:19:10",
        "logdata": ""
    },
    {
        "logtime": "2019/06/17 16:19:10",
        "logdata": "url"
    },
    {
        "logtime": "2019/06/17 16:19:10",
        "logdata": "http://apis.juhe.cn/ip/ip2addr?ip=121.76.218.119&key=74bb0395667b8d0588df9ebd6fc36a12"
    },
    {
        "logtime": "2019/06/17 16:19:10",
        "logdata": ""
    },
    {
        "logtime": "2019/06/17 16:19:10",
        "logdata": "url"
    },
    {
        "logtime": "2019/06/17 16:19:10",
        "logdata": "http://apis.juhe.cn/ip/ip2addr?ip=139.213.130.22&key=74bb0395667b8d0588df9ebd6fc36a12"
    },
    {
        "logtime": "2019/06/17 16:19:10",
        "logdata": ""
    },
    {
        "logtime": "2019/06/17 16:19:10",
        "logdata": "url"
    },
    {
        "logtime": "2019/06/17 16:19:10",
        "logdata": "http://apis.juhe.cn/ip/ip2addr?ip=121.76.81.112&key=74bb0395667b8d0588df9ebd6fc36a12"
    },
    {
        "logtime": "2019/06/17 16:19:10",
        "logdata": ""
    },
    {
        "logtime": "2019/06/17 16:19:10",
        "logdata": "url"
    },
    {
        "logtime": "2019/06/17 16:19:10",
        "logdata": "http://apis.juhe.cn/ip/ip2addr?ip=121.77.175.208&key=74bb0395667b8d0588df9ebd6fc36a12"
    },
    {
        "logtime": "2019/06/17 16:19:10",
        "logdata": ""
    },
    {
        "logtime": "2019/06/17 16:19:10",
        "logdata": "url"
    },
    {
        "logtime": "2019/06/17 16:19:10",
        "logdata": "http://apis.juhe.cn/ip/ip2addr?ip=121.77.188.13&key=74bb0395667b8d0588df9ebd6fc36a12"
    },
    {
        "logtime": "2019/06/17 16:19:10",
        "logdata": ""
    },
    {
        "logtime": "2019/06/17 16:19:10",
        "logdata": "url"
    },
    {
        "logtime": "2019/06/17 16:19:10",
        "logdata": "http://apis.juhe.cn/ip/ip2addr?ip=139.215.98.184&key=74bb0395667b8d0588df9ebd6fc36a12"
    },
    {
        "logtime": "2019/06/17 16:19:10",
        "logdata": ""
    },
    {
        "logtime": "2019/06/17 16:19:10",
        "logdata": "url"
    },
    {
        "logtime": "2019/06/17 16:19:10",
        "logdata": "http://apis.juhe.cn/ip/ip2addr?ip=36.56.118.253&key=74bb0395667b8d0588df9ebd6fc36a12"
    },
    {
        "logtime": "2019/06/17 16:19:10",
        "logdata": ""
    },
    {
        "logtime": "2019/06/17 16:19:10",
        "logdata": "url"
    },
    {
        "logtime": "2019/06/17 16:19:10",
        "logdata": "http://apis.juhe.cn/ip/ip2addr?ip=61.232.91.125&key=74bb0395667b8d0588df9ebd6fc36a12"
    },
    {
        "logtime": "2019/06/17 16:19:10",
        "logdata": ""
    },
    {
        "logtime": "2019/06/17 16:19:10",
        "logdata": "url"
    },
    {
        "logtime": "2019/06/17 16:19:10",
        "logdata": "http://apis.juhe.cn/ip/ip2addr?ip=182.86.223.224&key=74bb0395667b8d0588df9ebd6fc36a12"
    },
    {
        "logtime": "2019/06/17 16:19:10",
        "logdata": ""
    },
    {
        "logtime": "2019/06/17 16:19:10",
        "logdata": "url"
    },
    {
        "logtime": "2019/06/17 16:19:10",
        "logdata": "http://apis.juhe.cn/ip/ip2addr?ip=210.39.205.213&key=74bb0395667b8d0588df9ebd6fc36a12"
    },
    {
        "logtime": "2019/06/17 16:19:11",
        "logdata": ""
    },
    {
        "logtime": "2019/06/17 16:19:11",
        "logdata": "url"
    },
    {
        "logtime": "2019/06/17 16:19:11",
        "logdata": "http://apis.juhe.cn/ip/ip2addr?ip=106.85.32.115&key=74bb0395667b8d0588df9ebd6fc36a12"
    },
    {
        "logtime": "2019/06/17 16:19:11",
        "logdata": ""
    },
    {
        "logtime": "2019/06/17 16:19:11",
        "logdata": "url"
    },
    {
        "logtime": "2019/06/17 16:19:11",
        "logdata": "http://apis.juhe.cn/ip/ip2addr?ip=210.41.37.225&key=74bb0395667b8d0588df9ebd6fc36a12"
    },
    {
        "logtime": "2019/06/17 16:19:11",
        "logdata": ""
    },
    {
        "logtime": "2019/06/17 16:19:11",
        "logdata": "url"
    },
    {
        "logtime": "2019/06/17 16:19:11",
        "logdata": "http://apis.juhe.cn/ip/ip2addr?ip=210.32.71.122&key=74bb0395667b8d0588df9ebd6fc36a12"
    },
    {
        "logtime": "2019/06/17 16:19:11",
        "logdata": ""
    },
    {
        "logtime": "2019/06/17 16:19:11",
        "logdata": {
            "_ServerResVersion": 4,
            "_Active": true,
            "_KindVersion": "101122049",
            "_KindType": 3,
            "_Module": "yule/oxbattle/",
            "_KindID": "104",
            "_Type": "yule",
            "nSitChair": 65535,
            "_KindName": "yule.oxbattle.",
            "nEnterRoomIndex": 1,
            "nSitTable": 65535,
            "_SortId": 7
        }
    },
    {
        "logtime": "2019/06/17 16:19:11",
        "logdata": "modulestr"
    },
    {
        "logtime": "2019/06/17 16:19:11",
        "logdata": "yule/oxbattle/"
    },
    {
        "logtime": "2019/06/17 16:19:11",
        "logdata": "url"
    },
    {
        "logtime": "2019/06/17 16:19:11",
        "logdata": "http://apis.juhe.cn/ip/ip2addr?ip=139.213.140.169&key=74bb0395667b8d0588df9ebd6fc36a12"
    },
    {
        "logtime": "2019/06/17 16:19:11",
        "logdata": ""
    },
    {
        "logtime": "2019/06/17 16:19:11",
        "logdata": "url"
    },
    {
        "logtime": "2019/06/17 16:19:11",
        "logdata": "http://apis.juhe.cn/ip/ip2addr?ip=61.236.222.5&key=74bb0395667b8d0588df9ebd6fc36a12"
    },
    {
        "logtime": "2019/06/17 16:19:11",
        "logdata": ""
    },
    {
        "logtime": "2019/06/17 16:19:11",
        "logdata": "url"
    },
    {
        "logtime": "2019/06/17 16:19:11",
        "logdata": "http://apis.juhe.cn/ip/ip2addr?ip=123.235.71.246&key=74bb0395667b8d0588df9ebd6fc36a12"
    },
    {
        "logtime": "2019/06/17 16:19:11",
        "logdata": ""
    },
    {
        "logtime": "2019/06/17 16:19:11",
        "logdata": "url"
    },
    {
        "logtime": "2019/06/17 16:19:11",
        "logdata": "http://apis.juhe.cn/ip/ip2addr?ip=222.66.161.88&key=74bb0395667b8d0588df9ebd6fc36a12"
    },
    {
        "logtime": "2019/06/17 16:19:11",
        "logdata": ""
    },
    {
        "logtime": "2019/06/17 16:19:11",
        "logdata": "url"
    },
    {
        "logtime": "2019/06/17 16:19:11",
        "logdata": "http://apis.juhe.cn/ip/ip2addr?ip=123.235.254.156&key=74bb0395667b8d0588df9ebd6fc36a12"
    },
    {
        "logtime": "2019/06/17 16:19:11",
        "logdata": ""
    },
    {
        "logtime": "2019/06/17 16:19:11",
        "logdata": "url"
    },
    {
        "logtime": "2019/06/17 16:19:11",
        "logdata": "http://apis.juhe.cn/ip/ip2addr?ip=123.232.183.187&key=74bb0395667b8d0588df9ebd6fc36a12"
    },
    {
        "logtime": "2019/06/17 16:19:11",
        "logdata": ""
    },
    {
        "logtime": "2019/06/17 16:19:11",
        "logdata": "url"
    },
    {
        "logtime": "2019/06/17 16:19:11",
        "logdata": "http://apis.juhe.cn/ip/ip2addr?ip=171.10.173.64&key=74bb0395667b8d0588df9ebd6fc36a12"
    },
    {
        "logtime": "2019/06/17 16:19:11",
        "logdata": ""
    },
    {
        "logtime": "2019/06/17 16:19:11",
        "logdata": "url"
    },
    {
        "logtime": "2019/06/17 16:19:11",
        "logdata": "http://apis.juhe.cn/ip/ip2addr?ip=36.59.247.123&key=74bb0395667b8d0588df9ebd6fc36a12"
    },
    {
        "logtime": "2019/06/17 16:19:11",
        "logdata": ""
    },
    {
        "logtime": "2019/06/17 16:19:11",
        "logdata": "url"
    },
    {
        "logtime": "2019/06/17 16:19:11",
        "logdata": "http://apis.juhe.cn/ip/ip2addr?ip=210.46.112.32&key=74bb0395667b8d0588df9ebd6fc36a12"
    },
    {
        "logtime": "2019/06/17 16:19:11",
        "logdata": ""
    },
    {
        "logtime": "2019/06/17 16:19:11",
        "logdata": "url"
    },
    {
        "logtime": "2019/06/17 16:19:11",
        "logdata": "http://apis.juhe.cn/ip/ip2addr?ip=36.60.252.12&key=74bb0395667b8d0588df9ebd6fc36a12"
    },
    {
        "logtime": "2019/06/17 16:19:11",
        "logdata": ""
    },
    {
        "logtime": "2019/06/17 16:19:16",
        "logdata": "url"
    },
    {
        "logtime": "2019/06/17 16:19:16",
        "logdata": "http://apis.juhe.cn/ip/ip2addr?ip=210.28.236.178&key=74bb0395667b8d0588df9ebd6fc36a12"
    },
    {
        "logtime": "2019/06/17 16:19:16",
        "logdata": ""
    },
    {
        "logtime": "2019/06/17 16:19:32",
        "logdata": "url"
    },
    {
        "logtime": "2019/06/17 16:19:32",
        "logdata": "http://apis.juhe.cn/ip/ip2addr?ip=36.58.240.99&key=74bb0395667b8d0588df9ebd6fc36a12"
    },
    {
        "logtime": "2019/06/17 16:19:32",
        "logdata": ""
    },
    {
        "logtime": "2019/06/17 16:19:48",
        "logdata": "url"
    },
    {
        "logtime": "2019/06/17 16:19:48",
        "logdata": "http://apis.juhe.cn/ip/ip2addr?ip=210.28.87.69&key=74bb0395667b8d0588df9ebd6fc36a12"
    },
    {
        "logtime": "2019/06/17 16:19:48",
        "logdata": ""
    }
]