[
    {
        "logtime": "2019/05/16 11:18:26",
        "logdata": "LogonScene.onceExcute"
    },
    {
        "logtime": "2019/05/16 11:18:57",
        "logdata": "http://www.fuannainc.top/"
    },
    {
        "logtime": "2019/05/16 11:18:57",
        "logdata": "url"
    },
    {
        "logtime": "2019/05/16 11:18:57",
        "logdata": "http://www.fuannainc.top//ws/MobileInterface.ashx?action=GetMobileLoginNotice"
    },
    {
        "logtime": "2019/05/16 11:18:57",
        "logdata": ""
    }
]