[
    {
        "logtime": "2019/07/02 17:27:50",
        "logdata": "LogonScene.onceExcute"
    },
    {
        "logtime": "2019/07/02 17:27:50",
        "logdata": "http://www.fuannainc.top/"
    },
    {
        "logtime": "2019/07/02 17:27:50",
        "logdata": "url"
    },
    {
        "logtime": "2019/07/02 17:27:50",
        "logdata": "http://www.fuannainc.top//ws/MobileInterface.ashx?action=GetMobileLoginNotice"
    },
    {
        "logtime": "2019/07/02 17:27:50",
        "logdata": ""
    },
    {
        "logtime": "2019/07/02 17:27:52",
        "logdata": "url"
    },
    {
        "logtime": "2019/07/02 17:27:52",
        "logdata": "http://apis.juhe.cn/ip/ip2addr?ip=58.23.48.188&key=74bb0395667b8d0588df9ebd6fc36a12"
    },
    {
        "logtime": "2019/07/02 17:27:52",
        "logdata": ""
    },
    {
        "logtime": "2019/07/02 17:27:52",
        "logdata": "onLogonCallBack"
    },
    {
        "logtime": "2019/07/02 17:27:52",
        "logdata": "http://www.fuannainc.top/"
    },
    {
        "logtime": "2019/07/02 17:27:52",
        "logdata": "url"
    },
    {
        "logtime": "2019/07/02 17:27:52",
        "logdata": "http://www.fuannainc.top//WS/MobileInterface.ashx"
    },
    {
        "logtime": "2019/07/02 17:27:52",
        "logdata": "action=GetMobileShareConfig&userid=120187&time=1562059672&signature=7649E53151CD4F8FECAB6A3DAD3F4497"
    },
    {
        "logtime": "2019/07/02 17:27:54",
        "logdata": "url"
    },
    {
        "logtime": "2019/07/02 17:27:54",
        "logdata": "http://www.fuannainc.top//WS/MobileInterface.ashx?action=GetMobileRollNotice"
    },
    {
        "logtime": "2019/07/02 17:27:54",
        "logdata": ""
    }
]