[
    {
        "logtime": "2019/05/17 16:23:16",
        "logdata": "LogonScene.onceExcute"
    },
    {
        "logtime": "2019/05/17 16:23:16",
        "logdata": "http://www.fuannainc.top/"
    },
    {
        "logtime": "2019/05/17 16:23:17",
        "logdata": "url"
    },
    {
        "logtime": "2019/05/17 16:23:17",
        "logdata": "http://www.fuannainc.top//ws/MobileInterface.ashx?action=GetMobileLoginNotice"
    },
    {
        "logtime": "2019/05/17 16:23:17",
        "logdata": ""
    },
    {
        "logtime": "2019/05/17 16:23:19",
        "logdata": "url"
    },
    {
        "logtime": "2019/05/17 16:23:19",
        "logdata": "http://apis.juhe.cn/ip/ip2addr?ip=113.77.83.165&key=74bb0395667b8d0588df9ebd6fc36a12"
    },
    {
        "logtime": "2019/05/17 16:23:19",
        "logdata": ""
    },
    {
        "logtime": "2019/05/17 16:23:19",
        "logdata": "onLogonCallBack"
    },
    {
        "logtime": "2019/05/17 16:23:19",
        "logdata": "http://www.fuannainc.top/"
    },
    {
        "logtime": "2019/05/17 16:23:19",
        "logdata": "url"
    },
    {
        "logtime": "2019/05/17 16:23:19",
        "logdata": "http://www.fuannainc.top//WS/MobileInterface.ashx"
    },
    {
        "logtime": "2019/05/17 16:23:19",
        "logdata": "action=GetMobileShareConfig&userid=119914&time=1558081399&signature=237CE02247CA95FBD25D70E8009A83FE"
    },
    {
        "logtime": "2019/05/17 16:23:22",
        "logdata": "url"
    },
    {
        "logtime": "2019/05/17 16:23:22",
        "logdata": "http://www.fuannainc.top//WS/MobileInterface.ashx?action=GetMobileRollNotice"
    },
    {
        "logtime": "2019/05/17 16:23:22",
        "logdata": ""
    }
]