[
    {
        "logtime": "2019/07/03 15:33:45",
        "logdata": "LogonScene.onceExcute"
    },
    {
        "logtime": "2019/07/03 15:33:45",
        "logdata": "http://www.fuannainc.top/"
    },
    {
        "logtime": "2019/07/03 15:33:45",
        "logdata": "url"
    },
    {
        "logtime": "2019/07/03 15:33:45",
        "logdata": "http://www.fuannainc.top//ws/MobileInterface.ashx?action=GetMobileLoginNotice"
    },
    {
        "logtime": "2019/07/03 15:33:45",
        "logdata": ""
    },
    {
        "logtime": "2019/07/03 15:33:48",
        "logdata": "url"
    },
    {
        "logtime": "2019/07/03 15:33:48",
        "logdata": "http://apis.juhe.cn/ip/ip2addr?ip=58.23.49.18&key=74bb0395667b8d0588df9ebd6fc36a12"
    },
    {
        "logtime": "2019/07/03 15:33:48",
        "logdata": ""
    },
    {
        "logtime": "2019/07/03 15:33:48",
        "logdata": "onLogonCallBack"
    },
    {
        "logtime": "2019/07/03 15:33:48",
        "logdata": "http://www.fuannainc.top/"
    },
    {
        "logtime": "2019/07/03 15:33:48",
        "logdata": "url"
    },
    {
        "logtime": "2019/07/03 15:33:48",
        "logdata": "http://www.fuannainc.top//WS/MobileInterface.ashx"
    },
    {
        "logtime": "2019/07/03 15:33:48",
        "logdata": "action=GetMobileShareConfig&userid=120188&time=1562139228&signature=7FB5701EA96C52493E07D2C5F905317D"
    },
    {
        "logtime": "2019/07/03 15:33:50",
        "logdata": "url"
    },
    {
        "logtime": "2019/07/03 15:33:50",
        "logdata": "http://www.fuannainc.top//WS/MobileInterface.ashx?action=GetMobileRollNotice"
    },
    {
        "logtime": "2019/07/03 15:33:50",
        "logdata": ""
    },
    {
        "logtime": "2019/07/03 15:33:52",
        "logdata": "url"
    },
    {
        "logtime": "2019/07/03 15:33:52",
        "logdata": "http://apis.juhe.cn/ip/ip2addr?ip=58.23.49.18&key=74bb0395667b8d0588df9ebd6fc36a12"
    },
    {
        "logtime": "2019/07/03 15:33:52",
        "logdata": ""
    },
    {
        "logtime": "2019/07/03 15:33:52",
        "logdata": "url"
    },
    {
        "logtime": "2019/07/03 15:33:52",
        "logdata": "http://apis.juhe.cn/ip/ip2addr?ip=58.23.48.188&key=74bb0395667b8d0588df9ebd6fc36a12"
    },
    {
        "logtime": "2019/07/03 15:33:52",
        "logdata": ""
    },
    {
        "logtime": "2019/07/03 15:33:52",
        "logdata": "url"
    },
    {
        "logtime": "2019/07/03 15:33:52",
        "logdata": "http://apis.juhe.cn/ip/ip2addr?ip=58.23.48.188&key=74bb0395667b8d0588df9ebd6fc36a12"
    },
    {
        "logtime": "2019/07/03 15:33:52",
        "logdata": ""
    },
    {
        "logtime": "2019/07/03 15:33:52",
        "logdata": "url"
    },
    {
        "logtime": "2019/07/03 15:33:52",
        "logdata": "http://apis.juhe.cn/ip/ip2addr?ip=58.23.48.188&key=74bb0395667b8d0588df9ebd6fc36a12"
    },
    {
        "logtime": "2019/07/03 15:33:52",
        "logdata": ""
    },
    {
        "logtime": "2019/07/03 15:33:52",
        "logdata": "url"
    },
    {
        "logtime": "2019/07/03 15:33:52",
        "logdata": "http://apis.juhe.cn/ip/ip2addr?ip=58.23.48.188&key=74bb0395667b8d0588df9ebd6fc36a12"
    },
    {
        "logtime": "2019/07/03 15:33:52",
        "logdata": ""
    },
    {
        "logtime": "2019/07/03 15:33:52",
        "logdata": {
            "_ServerResVersion": 10,
            "_Active": true,
            "_KindVersion": "101122049",
            "_KindType": 1,
            "_Module": "xiuxian/shuiguolaba/",
            "_KindID": "406",
            "_Type": "xiuxian",
            "_KindName": "xiuxian.shuiguolaba.",
            "nEnterRoomIndex": 1,
            "_SortId": 0
        }
    },
    {
        "logtime": "2019/07/03 15:33:52",
        "logdata": "modulestr"
    },
    {
        "logtime": "2019/07/03 15:33:52",
        "logdata": "xiuxian/shuiguolaba/"
    },
    {
        "logtime": "2019/07/03 15:33:57",
        "logdata": null
    },
    {
        "logtime": "2019/07/03 15:33:57",
        "logdata": "onEnterGame"
    },
    {
        "logtime": "2019/07/03 15:33:57",
        "logdata": {
            "_ServerResVersion": 10,
            "_Active": true,
            "_KindVersion": "101122049",
            "_KindType": 1,
            "_Module": "xiuxian/shuiguolaba/",
            "_KindID": "406",
            "_Type": "xiuxian",
            "_KindName": "xiuxian.shuiguolaba.",
            "nEnterRoomIndex": 1,
            "_SortId": 0
        }
    },
    {
        "logtime": "2019/07/03 15:33:57",
        "logdata": "GlobalUserItem.getCurGameKind()"
    },
    {
        "logtime": "2019/07/03 15:33:57",
        "logdata": 406
    }
]