[
    {
        "logtime": "2019/05/17 16:38:50",
        "logdata": "url"
    },
    {
        "logtime": "2019/05/17 16:38:50",
        "logdata": "http://apis.juhe.cn/ip/ip2addr?ip=113.77.83.165&key=74bb0395667b8d0588df9ebd6fc36a12"
    },
    {
        "logtime": "2019/05/17 16:38:50",
        "logdata": ""
    },
    {
        "logtime": "2019/05/17 16:38:50",
        "logdata": "onLogonCallBack"
    },
    {
        "logtime": "2019/05/17 16:38:50",
        "logdata": "http://www.fuannainc.top/"
    },
    {
        "logtime": "2019/05/17 16:38:50",
        "logdata": "url"
    },
    {
        "logtime": "2019/05/17 16:38:50",
        "logdata": "http://www.fuannainc.top//WS/MobileInterface.ashx"
    },
    {
        "logtime": "2019/05/17 16:38:50",
        "logdata": "action=GetMobileShareConfig&userid=119837&time=1558082330&signature=4B7E2ECB1906ABED2EA6BA1E3D60E712"
    },
    {
        "logtime": "2019/05/17 16:38:53",
        "logdata": "url"
    },
    {
        "logtime": "2019/05/17 16:38:53",
        "logdata": "http://www.fuannainc.top//WS/MobileInterface.ashx?action=GetMobileRollNotice"
    },
    {
        "logtime": "2019/05/17 16:38:53",
        "logdata": ""
    },
    {
        "logtime": "2019/05/17 16:38:55",
        "logdata": "url"
    },
    {
        "logtime": "2019/05/17 16:38:55",
        "logdata": "http://www.fuannainc.top//WS/Lottery.ashx"
    },
    {
        "logtime": "2019/05/17 16:38:55",
        "logdata": "action=LotteryConfig"
    },
    {
        "logtime": "2019/05/17 16:38:55",
        "logdata": "url"
    },
    {
        "logtime": "2019/05/17 16:38:55",
        "logdata": "http://www.fuannainc.top//WS/Lottery.ashx"
    },
    {
        "logtime": "2019/05/17 16:38:55",
        "logdata": "action=LotteryUserInfo&userid=119837&time=1558082335&signature=598B8DBD90AC3824EC8562E976B3B9E9"
    },
    {
        "logtime": "2019/05/17 16:38:57",
        "logdata": "url"
    },
    {
        "logtime": "2019/05/17 16:38:57",
        "logdata": "http://www.fuannainc.top//WS/Lottery.ashx"
    },
    {
        "logtime": "2019/05/17 16:38:57",
        "logdata": "action=LotteryStart&userid=119837&time=1558082337&signature=FE51D406AD35A67D26C18A1149DF43F9"
    }
]