[
    {
        "logtime": "2019/07/09 14:57:17",
        "logdata": "url"
    },
    {
        "logtime": "2019/07/09 14:57:17",
        "logdata": "http://www.fuannainc.top//WS/MobileInterface.ashx"
    },
    {
        "logtime": "2019/07/09 14:57:17",
        "logdata": "action=GetScoreInfo&userid=119802&time=1562655437&signature=74A18C06AE96AA678A393BCD2EE7BFF4"
    },
    {
        "logtime": "2019/07/09 14:57:20",
        "logdata": "LogonScene.onceExcute"
    },
    {
        "logtime": "2019/07/09 14:57:20",
        "logdata": "http://www.fuannainc.top/"
    },
    {
        "logtime": "2019/07/09 14:57:20",
        "logdata": "url"
    },
    {
        "logtime": "2019/07/09 14:57:20",
        "logdata": "http://www.fuannainc.top//ws/MobileInterface.ashx?action=GetMobileLoginNotice"
    },
    {
        "logtime": "2019/07/09 14:57:20",
        "logdata": ""
    },
    {
        "logtime": "2019/07/09 14:57:22",
        "logdata": "onLogonCallBack"
    },
    {
        "logtime": "2019/07/09 14:57:22",
        "logdata": "http://www.fuannainc.top/"
    },
    {
        "logtime": "2019/07/09 14:57:22",
        "logdata": "url"
    },
    {
        "logtime": "2019/07/09 14:57:22",
        "logdata": "http://www.fuannainc.top//WS/MobileInterface.ashx"
    },
    {
        "logtime": "2019/07/09 14:57:22",
        "logdata": "action=GetMobileShareConfig&userid=119891&time=1562655442&signature=8F2379B6095FC5E2C3B4CC8CDDAAD956"
    },
    {
        "logtime": "2019/07/09 14:57:24",
        "logdata": "url"
    },
    {
        "logtime": "2019/07/09 14:57:24",
        "logdata": "http://www.fuannainc.top//WS/MobileInterface.ashx?action=GetMobileRollNotice"
    },
    {
        "logtime": "2019/07/09 14:57:24",
        "logdata": ""
    },
    {
        "logtime": "2019/07/09 14:57:27",
        "logdata": "keys2"
    },
    {
        "logtime": "2019/07/09 14:57:27",
        "logdata": "byte"
    },
    {
        "logtime": "2019/07/09 14:57:27",
        "logdata": "keys2"
    },
    {
        "logtime": "2019/07/09 14:57:27",
        "logdata": "word"
    },
    {
        "logtime": "2019/07/09 14:57:27",
        "logdata": "keys2"
    },
    {
        "logtime": "2019/07/09 14:57:27",
        "logdata": "word"
    },
    {
        "logtime": "2019/07/09 14:57:27",
        "logdata": "keys2"
    },
    {
        "logtime": "2019/07/09 14:57:27",
        "logdata": "word"
    },
    {
        "logtime": "2019/07/09 14:57:27",
        "logdata": "keys2"
    },
    {
        "logtime": "2019/07/09 14:57:27",
        "logdata": "word"
    },
    {
        "logtime": "2019/07/09 14:57:27",
        "logdata": "keys2"
    },
    {
        "logtime": "2019/07/09 14:57:27",
        "logdata": "double"
    },
    {
        "logtime": "2019/07/09 14:57:27",
        "logdata": "keys2"
    },
    {
        "logtime": "2019/07/09 14:57:27",
        "logdata": "double"
    },
    {
        "logtime": "2019/07/09 14:57:27",
        "logdata": "keys2"
    },
    {
        "logtime": "2019/07/09 14:57:27",
        "logdata": "double"
    },
    {
        "logtime": "2019/07/09 14:57:27",
        "logdata": "keys2"
    },
    {
        "logtime": "2019/07/09 14:57:27",
        "logdata": "string"
    },
    {
        "logtime": "2019/07/09 14:57:27",
        "logdata": "keys2"
    },
    {
        "logtime": "2019/07/09 14:57:27",
        "logdata": "string"
    },
    {
        "logtime": "2019/07/09 14:57:27",
        "logdata": "keys2"
    },
    {
        "logtime": "2019/07/09 14:57:27",
        "logdata": "double"
    },
    {
        "logtime": "2019/07/09 14:57:27",
        "logdata": "keys2"
    },
    {
        "logtime": "2019/07/09 14:57:27",
        "logdata": "string"
    }
]