[
    {
        "logtime": "2019/07/05 10:33:56",
        "logdata": "LogonScene.onceExcute"
    },
    {
        "logtime": "2019/07/05 10:33:56",
        "logdata": "http://www.fuannainc.top/"
    },
    {
        "logtime": "2019/07/05 10:33:56",
        "logdata": "url"
    },
    {
        "logtime": "2019/07/05 10:33:56",
        "logdata": "http://www.fuannainc.top//ws/MobileInterface.ashx?action=GetMobileLoginNotice"
    },
    {
        "logtime": "2019/07/05 10:33:56",
        "logdata": ""
    },
    {
        "logtime": "2019/07/05 10:33:58",
        "logdata": "url"
    },
    {
        "logtime": "2019/07/05 10:33:58",
        "logdata": "http://apis.juhe.cn/ip/ip2addr?ip=58.23.49.18&key=74bb0395667b8d0588df9ebd6fc36a12"
    },
    {
        "logtime": "2019/07/05 10:33:58",
        "logdata": ""
    },
    {
        "logtime": "2019/07/05 10:33:58",
        "logdata": "onLogonCallBack"
    },
    {
        "logtime": "2019/07/05 10:33:58",
        "logdata": "http://www.fuannainc.top/"
    },
    {
        "logtime": "2019/07/05 10:33:58",
        "logdata": "url"
    },
    {
        "logtime": "2019/07/05 10:33:58",
        "logdata": "http://www.fuannainc.top//WS/MobileInterface.ashx"
    },
    {
        "logtime": "2019/07/05 10:33:58",
        "logdata": "action=GetMobileShareConfig&userid=120188&time=1562294038&signature=17FE3EB7305714EE0F631F5ECFC16D1C"
    }
]