[
    {
        "logtime": "2019/07/03 14:50:42",
        "logdata": "LogonScene.onceExcute"
    },
    {
        "logtime": "2019/07/03 14:50:42",
        "logdata": "http://www.fuannainc.top/"
    },
    {
        "logtime": "2019/07/03 14:50:42",
        "logdata": "url"
    },
    {
        "logtime": "2019/07/03 14:50:42",
        "logdata": "http://www.fuannainc.top//ws/MobileInterface.ashx?action=GetMobileLoginNotice"
    },
    {
        "logtime": "2019/07/03 14:50:42",
        "logdata": ""
    },
    {
        "logtime": "2019/07/03 14:50:43",
        "logdata": "url"
    },
    {
        "logtime": "2019/07/03 14:50:43",
        "logdata": "http://apis.juhe.cn/ip/ip2addr?ip=58.23.49.18&key=74bb0395667b8d0588df9ebd6fc36a12"
    },
    {
        "logtime": "2019/07/03 14:50:43",
        "logdata": ""
    },
    {
        "logtime": "2019/07/03 14:50:44",
        "logdata": "onLogonCallBack"
    },
    {
        "logtime": "2019/07/03 14:50:44",
        "logdata": "http://www.fuannainc.top/"
    },
    {
        "logtime": "2019/07/03 14:50:44",
        "logdata": "url"
    },
    {
        "logtime": "2019/07/03 14:50:44",
        "logdata": "http://www.fuannainc.top//WS/MobileInterface.ashx"
    },
    {
        "logtime": "2019/07/03 14:50:44",
        "logdata": "action=GetMobileShareConfig&userid=120188&time=1562136644&signature=6E14EFA17683959D606BA9C596E602CE"
    },
    {
        "logtime": "2019/07/03 14:50:45",
        "logdata": "url"
    },
    {
        "logtime": "2019/07/03 14:50:45",
        "logdata": "http://www.fuannainc.top//WS/MobileInterface.ashx?action=GetMobileRollNotice"
    },
    {
        "logtime": "2019/07/03 14:50:45",
        "logdata": ""
    },
    {
        "logtime": "2019/07/03 14:50:49",
        "logdata": null
    },
    {
        "logtime": "2019/07/03 14:50:49",
        "logdata": "onEnterGame"
    },
    {
        "logtime": "2019/07/03 14:50:49",
        "logdata": {
            "_ServerResVersion": 10,
            "_Active": true,
            "_KindVersion": "101122049",
            "_KindType": 1,
            "_Module": "xiuxian/shuiguolaba/",
            "_KindID": "406",
            "_Type": "xiuxian",
            "_KindName": "xiuxian.shuiguolaba.",
            "_SortId": 0
        }
    },
    {
        "logtime": "2019/07/03 14:50:49",
        "logdata": "GlobalUserItem.getCurGameKind()"
    },
    {
        "logtime": "2019/07/03 14:50:49",
        "logdata": 406
    },
    {
        "logtime": "2019/07/03 14:50:50",
        "logdata": "url"
    },
    {
        "logtime": "2019/07/03 14:50:50",
        "logdata": "http://apis.juhe.cn/ip/ip2addr?ip=58.23.49.18&key=74bb0395667b8d0588df9ebd6fc36a12"
    },
    {
        "logtime": "2019/07/03 14:50:50",
        "logdata": ""
    },
    {
        "logtime": "2019/07/03 14:50:50",
        "logdata": "url"
    },
    {
        "logtime": "2019/07/03 14:50:50",
        "logdata": "http://apis.juhe.cn/ip/ip2addr?ip=58.23.48.188&key=74bb0395667b8d0588df9ebd6fc36a12"
    },
    {
        "logtime": "2019/07/03 14:50:50",
        "logdata": ""
    },
    {
        "logtime": "2019/07/03 14:50:50",
        "logdata": "url"
    },
    {
        "logtime": "2019/07/03 14:50:50",
        "logdata": "http://apis.juhe.cn/ip/ip2addr?ip=58.23.48.188&key=74bb0395667b8d0588df9ebd6fc36a12"
    },
    {
        "logtime": "2019/07/03 14:50:50",
        "logdata": ""
    },
    {
        "logtime": "2019/07/03 14:50:50",
        "logdata": "url"
    },
    {
        "logtime": "2019/07/03 14:50:50",
        "logdata": "http://apis.juhe.cn/ip/ip2addr?ip=58.23.48.188&key=74bb0395667b8d0588df9ebd6fc36a12"
    },
    {
        "logtime": "2019/07/03 14:50:50",
        "logdata": ""
    },
    {
        "logtime": "2019/07/03 14:50:50",
        "logdata": "url"
    },
    {
        "logtime": "2019/07/03 14:50:50",
        "logdata": "http://apis.juhe.cn/ip/ip2addr?ip=58.23.48.188&key=74bb0395667b8d0588df9ebd6fc36a12"
    },
    {
        "logtime": "2019/07/03 14:50:50",
        "logdata": ""
    },
    {
        "logtime": "2019/07/03 14:50:50",
        "logdata": {
            "_ServerResVersion": 10,
            "_Active": true,
            "_KindVersion": "101122049",
            "_KindType": 1,
            "_Module": "xiuxian/shuiguolaba/",
            "_KindID": "406",
            "_Type": "xiuxian",
            "nSitChair": 65535,
            "_KindName": "xiuxian.shuiguolaba.",
            "nEnterRoomIndex": 1,
            "nSitTable": 65535,
            "_SortId": 0
        }
    },
    {
        "logtime": "2019/07/03 14:50:50",
        "logdata": "modulestr"
    },
    {
        "logtime": "2019/07/03 14:50:50",
        "logdata": "xiuxian/shuiguolaba/"
    }
]