[
    {
        "logtime": "2019/07/02 16:40:26",
        "logdata": "LogonScene.onceExcute"
    },
    {
        "logtime": "2019/07/02 16:40:26",
        "logdata": "http://www.fuannainc.top/"
    },
    {
        "logtime": "2019/07/02 16:40:26",
        "logdata": "url"
    },
    {
        "logtime": "2019/07/02 16:40:26",
        "logdata": "http://www.fuannainc.top//ws/MobileInterface.ashx?action=GetMobileLoginNotice"
    },
    {
        "logtime": "2019/07/02 16:40:26",
        "logdata": ""
    },
    {
        "logtime": "2019/07/02 16:40:30",
        "logdata": "url"
    },
    {
        "logtime": "2019/07/02 16:40:30",
        "logdata": "http://apis.juhe.cn/ip/ip2addr?ip=58.23.48.188&key=74bb0395667b8d0588df9ebd6fc36a12"
    },
    {
        "logtime": "2019/07/02 16:40:30",
        "logdata": ""
    },
    {
        "logtime": "2019/07/02 16:40:30",
        "logdata": "onLogonCallBack"
    },
    {
        "logtime": "2019/07/02 16:40:30",
        "logdata": "http://www.fuannainc.top/"
    },
    {
        "logtime": "2019/07/02 16:40:30",
        "logdata": "url"
    },
    {
        "logtime": "2019/07/02 16:40:30",
        "logdata": "http://www.fuannainc.top//WS/MobileInterface.ashx"
    },
    {
        "logtime": "2019/07/02 16:40:30",
        "logdata": "action=GetMobileShareConfig&userid=120187&time=1562056830&signature=A74ECAFF223344377AF0B55064186EA6"
    },
    {
        "logtime": "2019/07/02 16:40:32",
        "logdata": "url"
    },
    {
        "logtime": "2019/07/02 16:40:32",
        "logdata": "http://www.fuannainc.top//WS/MobileInterface.ashx?action=GetMobileRollNotice"
    },
    {
        "logtime": "2019/07/02 16:40:32",
        "logdata": ""
    },
    {
        "logtime": "2019/07/02 16:40:34",
        "logdata": "url"
    },
    {
        "logtime": "2019/07/02 16:40:34",
        "logdata": "http://apis.juhe.cn/ip/ip2addr?ip=58.23.48.188&key=74bb0395667b8d0588df9ebd6fc36a12"
    },
    {
        "logtime": "2019/07/02 16:40:34",
        "logdata": ""
    },
    {
        "logtime": "2019/07/02 16:40:34",
        "logdata": "url"
    },
    {
        "logtime": "2019/07/02 16:40:34",
        "logdata": "http://apis.juhe.cn/ip/ip2addr?ip=58.23.48.188&key=74bb0395667b8d0588df9ebd6fc36a12"
    },
    {
        "logtime": "2019/07/02 16:40:34",
        "logdata": ""
    },
    {
        "logtime": "2019/07/02 16:40:34",
        "logdata": {
            "_ServerResVersion": 10,
            "_Active": true,
            "_KindVersion": "101122049",
            "_KindType": 1,
            "_Module": "xiuxian/shuiguolaba/",
            "_KindID": "406",
            "_Type": "xiuxian",
            "_KindName": "xiuxian.shuiguolaba.",
            "nEnterRoomIndex": 1,
            "_SortId": 0
        }
    },
    {
        "logtime": "2019/07/02 16:40:34",
        "logdata": "modulestr"
    },
    {
        "logtime": "2019/07/02 16:40:34",
        "logdata": "xiuxian/shuiguolaba/"
    },
    {
        "logtime": "2019/07/02 16:40:38",
        "logdata": null
    },
    {
        "logtime": "2019/07/02 16:40:38",
        "logdata": "onEnterGame"
    },
    {
        "logtime": "2019/07/02 16:40:38",
        "logdata": {
            "_ServerResVersion": 10,
            "_Active": true,
            "_KindVersion": "101122049",
            "_KindType": 1,
            "_Module": "xiuxian/shuiguolaba/",
            "_KindID": "406",
            "_Type": "xiuxian",
            "_KindName": "xiuxian.shuiguolaba.",
            "nEnterRoomIndex": 1,
            "_SortId": 0
        }
    },
    {
        "logtime": "2019/07/02 16:40:39",
        "logdata": "GlobalUserItem.getCurGameKind()"
    },
    {
        "logtime": "2019/07/02 16:40:39",
        "logdata": 406
    },
    {
        "logtime": "2019/07/02 16:40:40",
        "logdata": "url"
    },
    {
        "logtime": "2019/07/02 16:40:40",
        "logdata": "http://apis.juhe.cn/ip/ip2addr?ip=58.23.48.188&key=74bb0395667b8d0588df9ebd6fc36a12"
    },
    {
        "logtime": "2019/07/02 16:40:40",
        "logdata": ""
    },
    {
        "logtime": "2019/07/02 16:40:40",
        "logdata": "url"
    },
    {
        "logtime": "2019/07/02 16:40:40",
        "logdata": "http://apis.juhe.cn/ip/ip2addr?ip=58.23.48.188&key=74bb0395667b8d0588df9ebd6fc36a12"
    },
    {
        "logtime": "2019/07/02 16:40:40",
        "logdata": ""
    },
    {
        "logtime": "2019/07/02 16:40:40",
        "logdata": {
            "_ServerResVersion": 10,
            "_Active": true,
            "_KindVersion": "101122049",
            "_KindType": 1,
            "_Module": "xiuxian/shuiguolaba/",
            "_KindID": "406",
            "_Type": "xiuxian",
            "nSitChair": 65535,
            "_KindName": "xiuxian.shuiguolaba.",
            "nEnterRoomIndex": 1,
            "nSitTable": 65535,
            "_SortId": 0
        }
    },
    {
        "logtime": "2019/07/02 16:40:40",
        "logdata": "modulestr"
    },
    {
        "logtime": "2019/07/02 16:40:40",
        "logdata": "xiuxian/shuiguolaba/"
    }
]