[
    {
        "logtime": "2019/05/17 17:24:40",
        "logdata": "LogonScene.onceExcute"
    },
    {
        "logtime": "2019/05/17 17:24:40",
        "logdata": "http://www.fuannainc.top/"
    },
    {
        "logtime": "2019/05/17 17:24:40",
        "logdata": "url"
    },
    {
        "logtime": "2019/05/17 17:24:40",
        "logdata": "http://www.fuannainc.top//ws/MobileInterface.ashx?action=GetMobileLoginNotice"
    },
    {
        "logtime": "2019/05/17 17:24:40",
        "logdata": ""
    },
    {
        "logtime": "2019/05/17 17:24:42",
        "logdata": "url"
    },
    {
        "logtime": "2019/05/17 17:24:42",
        "logdata": "http://apis.juhe.cn/ip/ip2addr?ip=113.77.83.165&key=74bb0395667b8d0588df9ebd6fc36a12"
    },
    {
        "logtime": "2019/05/17 17:24:42",
        "logdata": ""
    },
    {
        "logtime": "2019/05/17 17:24:42",
        "logdata": "onLogonCallBack"
    },
    {
        "logtime": "2019/05/17 17:24:42",
        "logdata": "http://www.fuannainc.top/"
    },
    {
        "logtime": "2019/05/17 17:24:42",
        "logdata": "url"
    },
    {
        "logtime": "2019/05/17 17:24:42",
        "logdata": "http://www.fuannainc.top//WS/MobileInterface.ashx"
    },
    {
        "logtime": "2019/05/17 17:24:42",
        "logdata": "action=GetMobileShareConfig&userid=119932&time=1558085082&signature=853F72850FCFB7BCFCA8CF0C98E47A15"
    },
    {
        "logtime": "2019/05/17 17:24:44",
        "logdata": "url"
    },
    {
        "logtime": "2019/05/17 17:24:44",
        "logdata": "http://www.fuannainc.top//WS/MobileInterface.ashx?action=GetMobileRollNotice"
    },
    {
        "logtime": "2019/05/17 17:24:44",
        "logdata": ""
    },
    {
        "logtime": "2019/05/17 17:24:45",
        "logdata": "url"
    },
    {
        "logtime": "2019/05/17 17:24:45",
        "logdata": "http://apis.juhe.cn/ip/ip2addr?ip=113.77.83.165&key=74bb0395667b8d0588df9ebd6fc36a12"
    },
    {
        "logtime": "2019/05/17 17:24:45",
        "logdata": ""
    }
]