[
    {
        "logtime": "2019/06/17 16:18:46",
        "logdata": "LogonScene.onceExcute"
    },
    {
        "logtime": "2019/06/17 16:18:46",
        "logdata": "http://www.fuannainc.top/"
    },
    {
        "logtime": "2019/06/17 16:18:46",
        "logdata": "url"
    },
    {
        "logtime": "2019/06/17 16:18:46",
        "logdata": "http://www.fuannainc.top//ws/MobileInterface.ashx?action=GetMobileLoginNotice"
    },
    {
        "logtime": "2019/06/17 16:18:46",
        "logdata": ""
    },
    {
        "logtime": "2019/06/17 16:18:50",
        "logdata": "url"
    },
    {
        "logtime": "2019/06/17 16:18:50",
        "logdata": "http://apis.juhe.cn/ip/ip2addr?ip=36.249.132.170&key=74bb0395667b8d0588df9ebd6fc36a12"
    },
    {
        "logtime": "2019/06/17 16:18:50",
        "logdata": ""
    },
    {
        "logtime": "2019/06/17 16:18:50",
        "logdata": "onLogonCallBack"
    },
    {
        "logtime": "2019/06/17 16:18:50",
        "logdata": "http://www.fuannainc.top/"
    },
    {
        "logtime": "2019/06/17 16:18:50",
        "logdata": "url"
    },
    {
        "logtime": "2019/06/17 16:18:50",
        "logdata": "http://www.fuannainc.top//WS/MobileInterface.ashx"
    },
    {
        "logtime": "2019/06/17 16:18:50",
        "logdata": "action=GetMobileShareConfig&userid=119913&time=1560759530&signature=4317DDB8A6971E0C23FDF8E077E40A6C"
    },
    {
        "logtime": "2019/06/17 16:18:51",
        "logdata": "url"
    },
    {
        "logtime": "2019/06/17 16:18:51",
        "logdata": "http://www.fuannainc.top//WS/MobileInterface.ashx?action=GetMobileRollNotice"
    },
    {
        "logtime": "2019/06/17 16:18:51",
        "logdata": ""
    }
]