[
    {
        "logtime": "2009/01/01 05:51:24",
        "logdata": "url"
    },
    {
        "logtime": "2009/01/01 05:51:24",
        "logdata": "http://apis.juhe.cn/ip/ip2addr?ip=113.77.80.95&key=74bb0395667b8d0588df9ebd6fc36a12"
    },
    {
        "logtime": "2009/01/01 05:51:24",
        "logdata": ""
    },
    {
        "logtime": "2009/01/01 05:51:24",
        "logdata": "onLogonCallBack"
    },
    {
        "logtime": "2009/01/01 05:51:24",
        "logdata": "http://www.fuannainc.top/"
    },
    {
        "logtime": "2009/01/01 05:51:24",
        "logdata": "url"
    },
    {
        "logtime": "2009/01/01 05:51:24",
        "logdata": "http://www.fuannainc.top//WS/MobileInterface.ashx"
    },
    {
        "logtime": "2009/01/01 05:51:24",
        "logdata": "action=GetMobileShareConfig&userid=119947&time=1230760284&signature=FD29A3250EDAD26ABE102839638E9E79"
    },
    {
        "logtime": "2009/01/01 05:51:27",
        "logdata": "url"
    },
    {
        "logtime": "2009/01/01 05:51:27",
        "logdata": "http://www.fuannainc.top//WS/MobileInterface.ashx?action=GetMobileRollNotice"
    },
    {
        "logtime": "2009/01/01 05:51:27",
        "logdata": ""
    }
]