[
    {
        "logtime": "2019/07/08 19:10:33",
        "logdata": "LogonScene.onceExcute"
    },
    {
        "logtime": "2019/07/08 19:10:33",
        "logdata": "http://www.fuannainc.top/"
    },
    {
        "logtime": "2019/07/08 19:10:33",
        "logdata": "url"
    },
    {
        "logtime": "2019/07/08 19:10:33",
        "logdata": "http://www.fuannainc.top//ws/MobileInterface.ashx?action=GetMobileLoginNotice"
    },
    {
        "logtime": "2019/07/08 19:10:33",
        "logdata": ""
    },
    {
        "logtime": "2019/07/08 19:10:35",
        "logdata": "onLogonCallBack"
    },
    {
        "logtime": "2019/07/08 19:10:35",
        "logdata": "http://www.fuannainc.top/"
    },
    {
        "logtime": "2019/07/08 19:10:35",
        "logdata": "url"
    },
    {
        "logtime": "2019/07/08 19:10:35",
        "logdata": "http://www.fuannainc.top//WS/MobileInterface.ashx"
    },
    {
        "logtime": "2019/07/08 19:10:35",
        "logdata": "action=GetMobileShareConfig&userid=119940&time=1562584235&signature=570F73849DF78B25F61782F04D29D5DF"
    },
    {
        "logtime": "2019/07/08 19:10:36",
        "logdata": "url"
    },
    {
        "logtime": "2019/07/08 19:10:36",
        "logdata": "http://www.fuannainc.top//WS/MobileInterface.ashx?action=GetMobileRollNotice"
    },
    {
        "logtime": "2019/07/08 19:10:36",
        "logdata": ""
    },
    {
        "logtime": "2019/07/08 19:10:40",
        "logdata": "keys2"
    },
    {
        "logtime": "2019/07/08 19:10:40",
        "logdata": "byte"
    },
    {
        "logtime": "2019/07/08 19:10:40",
        "logdata": "keys2"
    },
    {
        "logtime": "2019/07/08 19:10:40",
        "logdata": "word"
    },
    {
        "logtime": "2019/07/08 19:10:40",
        "logdata": "keys2"
    },
    {
        "logtime": "2019/07/08 19:10:40",
        "logdata": "word"
    },
    {
        "logtime": "2019/07/08 19:10:40",
        "logdata": "keys2"
    },
    {
        "logtime": "2019/07/08 19:10:40",
        "logdata": "word"
    },
    {
        "logtime": "2019/07/08 19:10:40",
        "logdata": "keys2"
    },
    {
        "logtime": "2019/07/08 19:10:40",
        "logdata": "word"
    },
    {
        "logtime": "2019/07/08 19:10:40",
        "logdata": "keys2"
    },
    {
        "logtime": "2019/07/08 19:10:40",
        "logdata": "double"
    },
    {
        "logtime": "2019/07/08 19:10:40",
        "logdata": "keys2"
    },
    {
        "logtime": "2019/07/08 19:10:40",
        "logdata": "double"
    },
    {
        "logtime": "2019/07/08 19:10:40",
        "logdata": "keys2"
    },
    {
        "logtime": "2019/07/08 19:10:40",
        "logdata": "double"
    },
    {
        "logtime": "2019/07/08 19:10:40",
        "logdata": "keys2"
    },
    {
        "logtime": "2019/07/08 19:10:40",
        "logdata": "string"
    },
    {
        "logtime": "2019/07/08 19:10:40",
        "logdata": "keys2"
    },
    {
        "logtime": "2019/07/08 19:10:40",
        "logdata": "string"
    },
    {
        "logtime": "2019/07/08 19:10:40",
        "logdata": "keys2"
    },
    {
        "logtime": "2019/07/08 19:10:40",
        "logdata": "double"
    },
    {
        "logtime": "2019/07/08 19:10:40",
        "logdata": "keys2"
    },
    {
        "logtime": "2019/07/08 19:10:40",
        "logdata": "string"
    }
]