[
    {
        "logtime": "2019/07/24 15:05:53",
        "logdata": "LogonScene.onceExcute"
    },
    {
        "logtime": "2019/07/24 15:05:53",
        "logdata": "http://www.fuannabbs.top/"
    },
    {
        "logtime": "2019/07/24 15:05:53",
        "logdata": "url"
    },
    {
        "logtime": "2019/07/24 15:05:53",
        "logdata": "http://www.fuannabbs.top//ws/MobileInterface.ashx?action=GetMobileLoginNotice"
    },
    {
        "logtime": "2019/07/24 15:05:53",
        "logdata": ""
    },
    {
        "logtime": "2019/07/24 15:05:55",
        "logdata": "onLogonCallBack"
    },
    {
        "logtime": "2019/07/24 15:05:55",
        "logdata": "http://www.fuannabbs.top/"
    },
    {
        "logtime": "2019/07/24 15:05:55",
        "logdata": "url"
    },
    {
        "logtime": "2019/07/24 15:05:55",
        "logdata": "http://www.fuannabbs.top//WS/MobileInterface.ashx"
    },
    {
        "logtime": "2019/07/24 15:05:55",
        "logdata": "action=GetMobileShareConfig&userid=119938&time=1563951955&signature=A171857411559E79DE316C64B343B767"
    }
]