[
    {
        "logtime": "2019/07/30 17:31:00",
        "logdata": "word"
    },
    {
        "logtime": "2019/07/30 17:31:03",
        "logdata": "keys2"
    },
    {
        "logtime": "2019/07/30 17:31:03",
        "logdata": "byte"
    },
    {
        "logtime": "2019/07/30 17:31:03",
        "logdata": "keys2"
    },
    {
        "logtime": "2019/07/30 17:31:03",
        "logdata": "word"
    },
    {
        "logtime": "2019/07/30 17:31:03",
        "logdata": "keys2"
    },
    {
        "logtime": "2019/07/30 17:31:03",
        "logdata": "word"
    },
    {
        "logtime": "2019/07/30 17:31:03",
        "logdata": "keys2"
    },
    {
        "logtime": "2019/07/30 17:31:03",
        "logdata": "bool"
    },
    {
        "logtime": "2019/07/30 17:31:03",
        "logdata": "keys2"
    },
    {
        "logtime": "2019/07/30 17:31:03",
        "logdata": "byte"
    },
    {
        "logtime": "2019/07/30 17:31:06",
        "logdata": "keys2"
    },
    {
        "logtime": "2019/07/30 17:31:06",
        "logdata": "byte"
    },
    {
        "logtime": "2019/07/30 17:31:06",
        "logdata": "keys2"
    },
    {
        "logtime": "2019/07/30 17:31:06",
        "logdata": "word"
    },
    {
        "logtime": "2019/07/30 17:31:06",
        "logdata": "keys2"
    },
    {
        "logtime": "2019/07/30 17:31:06",
        "logdata": "word"
    },
    {
        "logtime": "2019/07/30 17:31:06",
        "logdata": "keys2"
    },
    {
        "logtime": "2019/07/30 17:31:06",
        "logdata": "bool"
    },
    {
        "logtime": "2019/07/30 17:31:06",
        "logdata": "keys2"
    },
    {
        "logtime": "2019/07/30 17:31:06",
        "logdata": "byte"
    },
    {
        "logtime": "2019/07/30 17:31:07",
        "logdata": "keys2"
    },
    {
        "logtime": "2019/07/30 17:31:07",
        "logdata": "byte"
    },
    {
        "logtime": "2019/07/30 17:31:07",
        "logdata": "keys2"
    },
    {
        "logtime": "2019/07/30 17:31:07",
        "logdata": "word"
    },
    {
        "logtime": "2019/07/30 17:31:07",
        "logdata": "keys2"
    },
    {
        "logtime": "2019/07/30 17:31:07",
        "logdata": "word"
    },
    {
        "logtime": "2019/07/30 17:31:07",
        "logdata": "keys2"
    },
    {
        "logtime": "2019/07/30 17:31:07",
        "logdata": "int"
    },
    {
        "logtime": "2019/07/30 17:31:07",
        "logdata": "keys2"
    },
    {
        "logtime": "2019/07/30 17:31:07",
        "logdata": "bool"
    },
    {
        "logtime": "2019/07/30 17:31:07",
        "logdata": "keys2"
    },
    {
        "logtime": "2019/07/30 17:31:07",
        "logdata": "byte"
    },
    {
        "logtime": "2019/07/30 17:31:07",
        "logdata": "keys2"
    },
    {
        "logtime": "2019/07/30 17:31:07",
        "logdata": "byte"
    },
    {
        "logtime": "2019/07/30 17:31:07",
        "logdata": "keys2"
    },
    {
        "logtime": "2019/07/30 17:31:07",
        "logdata": "bool"
    },
    {
        "logtime": "2019/07/30 17:31:07",
        "logdata": "keys2"
    },
    {
        "logtime": "2019/07/30 17:31:07",
        "logdata": "word"
    },
    {
        "logtime": "2019/07/30 17:31:15",
        "logdata": "keys2"
    },
    {
        "logtime": "2019/07/30 17:31:15",
        "logdata": "byte"
    },
    {
        "logtime": "2019/07/30 17:31:15",
        "logdata": "keys2"
    },
    {
        "logtime": "2019/07/30 17:31:15",
        "logdata": "word"
    },
    {
        "logtime": "2019/07/30 17:31:15",
        "logdata": "keys2"
    },
    {
        "logtime": "2019/07/30 17:31:15",
        "logdata": "word"
    },
    {
        "logtime": "2019/07/30 17:31:15",
        "logdata": "keys2"
    },
    {
        "logtime": "2019/07/30 17:31:15",
        "logdata": "int"
    },
    {
        "logtime": "2019/07/30 17:31:15",
        "logdata": "keys2"
    },
    {
        "logtime": "2019/07/30 17:31:15",
        "logdata": "bool"
    },
    {
        "logtime": "2019/07/30 17:31:15",
        "logdata": "keys2"
    },
    {
        "logtime": "2019/07/30 17:31:15",
        "logdata": "byte"
    },
    {
        "logtime": "2019/07/30 17:31:15",
        "logdata": "keys2"
    },
    {
        "logtime": "2019/07/30 17:31:15",
        "logdata": "byte"
    },
    {
        "logtime": "2019/07/30 17:31:15",
        "logdata": "keys2"
    },
    {
        "logtime": "2019/07/30 17:31:15",
        "logdata": "bool"
    },
    {
        "logtime": "2019/07/30 17:31:15",
        "logdata": "keys2"
    },
    {
        "logtime": "2019/07/30 17:31:15",
        "logdata": "word"
    },
    {
        "logtime": "2019/07/30 17:31:17",
        "logdata": "keys2"
    },
    {
        "logtime": "2019/07/30 17:31:17",
        "logdata": "byte"
    },
    {
        "logtime": "2019/07/30 17:31:17",
        "logdata": "keys2"
    },
    {
        "logtime": "2019/07/30 17:31:17",
        "logdata": "word"
    },
    {
        "logtime": "2019/07/30 17:31:17",
        "logdata": "keys2"
    },
    {
        "logtime": "2019/07/30 17:31:17",
        "logdata": "word"
    },
    {
        "logtime": "2019/07/30 17:31:17",
        "logdata": "keys2"
    },
    {
        "logtime": "2019/07/30 17:31:17",
        "logdata": "int"
    },
    {
        "logtime": "2019/07/30 17:31:17",
        "logdata": "keys2"
    },
    {
        "logtime": "2019/07/30 17:31:17",
        "logdata": "bool"
    },
    {
        "logtime": "2019/07/30 17:31:17",
        "logdata": "keys2"
    },
    {
        "logtime": "2019/07/30 17:31:17",
        "logdata": "byte"
    },
    {
        "logtime": "2019/07/30 17:31:17",
        "logdata": "keys2"
    },
    {
        "logtime": "2019/07/30 17:31:17",
        "logdata": "byte"
    },
    {
        "logtime": "2019/07/30 17:31:17",
        "logdata": "keys2"
    },
    {
        "logtime": "2019/07/30 17:31:17",
        "logdata": "bool"
    },
    {
        "logtime": "2019/07/30 17:31:17",
        "logdata": "keys2"
    },
    {
        "logtime": "2019/07/30 17:31:17",
        "logdata": "word"
    },
    {
        "logtime": "2019/07/30 17:31:20",
        "logdata": "keys2"
    },
    {
        "logtime": "2019/07/30 17:31:20",
        "logdata": "byte"
    },
    {
        "logtime": "2019/07/30 17:31:20",
        "logdata": "keys2"
    },
    {
        "logtime": "2019/07/30 17:31:20",
        "logdata": "word"
    },
    {
        "logtime": "2019/07/30 17:31:20",
        "logdata": "keys2"
    },
    {
        "logtime": "2019/07/30 17:31:20",
        "logdata": "word"
    },
    {
        "logtime": "2019/07/30 17:31:20",
        "logdata": "keys2"
    },
    {
        "logtime": "2019/07/30 17:31:20",
        "logdata": "int"
    },
    {
        "logtime": "2019/07/30 17:31:20",
        "logdata": "keys2"
    },
    {
        "logtime": "2019/07/30 17:31:20",
        "logdata": "bool"
    },
    {
        "logtime": "2019/07/30 17:31:20",
        "logdata": "keys2"
    },
    {
        "logtime": "2019/07/30 17:31:20",
        "logdata": "byte"
    },
    {
        "logtime": "2019/07/30 17:31:20",
        "logdata": "keys2"
    },
    {
        "logtime": "2019/07/30 17:31:20",
        "logdata": "byte"
    },
    {
        "logtime": "2019/07/30 17:31:20",
        "logdata": "keys2"
    },
    {
        "logtime": "2019/07/30 17:31:20",
        "logdata": "bool"
    },
    {
        "logtime": "2019/07/30 17:31:20",
        "logdata": "keys2"
    },
    {
        "logtime": "2019/07/30 17:31:20",
        "logdata": "word"
    },
    {
        "logtime": "2019/07/30 17:31:23",
        "logdata": "keys2"
    },
    {
        "logtime": "2019/07/30 17:31:23",
        "logdata": "byte"
    },
    {
        "logtime": "2019/07/30 17:31:23",
        "logdata": "keys2"
    },
    {
        "logtime": "2019/07/30 17:31:23",
        "logdata": "word"
    },
    {
        "logtime": "2019/07/30 17:31:23",
        "logdata": "keys2"
    },
    {
        "logtime": "2019/07/30 17:31:23",
        "logdata": "word"
    },
    {
        "logtime": "2019/07/30 17:31:23",
        "logdata": "keys2"
    },
    {
        "logtime": "2019/07/30 17:31:23",
        "logdata": "bool"
    },
    {
        "logtime": "2019/07/30 17:31:23",
        "logdata": "keys2"
    },
    {
        "logtime": "2019/07/30 17:31:23",
        "logdata": "byte"
    },
    {
        "logtime": "2019/07/30 17:31:25",
        "logdata": "keys2"
    },
    {
        "logtime": "2019/07/30 17:31:25",
        "logdata": "byte"
    },
    {
        "logtime": "2019/07/30 17:31:25",
        "logdata": "keys2"
    },
    {
        "logtime": "2019/07/30 17:31:25",
        "logdata": "word"
    },
    {
        "logtime": "2019/07/30 17:31:25",
        "logdata": "keys2"
    },
    {
        "logtime": "2019/07/30 17:31:25",
        "logdata": "word"
    },
    {
        "logtime": "2019/07/30 17:31:25",
        "logdata": "keys2"
    },
    {
        "logtime": "2019/07/30 17:31:25",
        "logdata": "bool"
    },
    {
        "logtime": "2019/07/30 17:31:25",
        "logdata": "keys2"
    },
    {
        "logtime": "2019/07/30 17:31:25",
        "logdata": "byte"
    },
    {
        "logtime": "2019/07/30 17:31:27",
        "logdata": "keys2"
    },
    {
        "logtime": "2019/07/30 17:31:27",
        "logdata": "byte"
    },
    {
        "logtime": "2019/07/30 17:31:27",
        "logdata": "keys2"
    },
    {
        "logtime": "2019/07/30 17:31:27",
        "logdata": "word"
    },
    {
        "logtime": "2019/07/30 17:31:27",
        "logdata": "keys2"
    },
    {
        "logtime": "2019/07/30 17:31:27",
        "logdata": "word"
    },
    {
        "logtime": "2019/07/30 17:31:27",
        "logdata": "keys2"
    },
    {
        "logtime": "2019/07/30 17:31:27",
        "logdata": "int"
    },
    {
        "logtime": "2019/07/30 17:31:27",
        "logdata": "keys2"
    },
    {
        "logtime": "2019/07/30 17:31:27",
        "logdata": "bool"
    },
    {
        "logtime": "2019/07/30 17:31:27",
        "logdata": "keys2"
    },
    {
        "logtime": "2019/07/30 17:31:27",
        "logdata": "byte"
    },
    {
        "logtime": "2019/07/30 17:31:27",
        "logdata": "keys2"
    },
    {
        "logtime": "2019/07/30 17:31:27",
        "logdata": "byte"
    },
    {
        "logtime": "2019/07/30 17:31:27",
        "logdata": "keys2"
    },
    {
        "logtime": "2019/07/30 17:31:27",
        "logdata": "bool"
    },
    {
        "logtime": "2019/07/30 17:31:27",
        "logdata": "keys2"
    },
    {
        "logtime": "2019/07/30 17:31:27",
        "logdata": "word"
    },
    {
        "logtime": "2019/07/30 17:31:29",
        "logdata": "keys2"
    },
    {
        "logtime": "2019/07/30 17:31:29",
        "logdata": "bool"
    },
    {
        "logtime": "2019/07/30 17:31:29",
        "logdata": "keys2"
    },
    {
        "logtime": "2019/07/30 17:31:29",
        "logdata": "word"
    },
    {
        "logtime": "2019/07/30 17:31:36",
        "logdata": "keys2"
    },
    {
        "logtime": "2019/07/30 17:31:36",
        "logdata": "byte"
    },
    {
        "logtime": "2019/07/30 17:31:36",
        "logdata": "keys2"
    },
    {
        "logtime": "2019/07/30 17:31:36",
        "logdata": "word"
    },
    {
        "logtime": "2019/07/30 17:31:36",
        "logdata": "keys2"
    },
    {
        "logtime": "2019/07/30 17:31:36",
        "logdata": "word"
    },
    {
        "logtime": "2019/07/30 17:31:36",
        "logdata": "keys2"
    },
    {
        "logtime": "2019/07/30 17:31:36",
        "logdata": "int"
    },
    {
        "logtime": "2019/07/30 17:31:36",
        "logdata": "keys2"
    },
    {
        "logtime": "2019/07/30 17:31:36",
        "logdata": "bool"
    },
    {
        "logtime": "2019/07/30 17:31:36",
        "logdata": "keys2"
    },
    {
        "logtime": "2019/07/30 17:31:36",
        "logdata": "byte"
    },
    {
        "logtime": "2019/07/30 17:31:36",
        "logdata": "keys2"
    },
    {
        "logtime": "2019/07/30 17:31:36",
        "logdata": "byte"
    },
    {
        "logtime": "2019/07/30 17:31:36",
        "logdata": "keys2"
    },
    {
        "logtime": "2019/07/30 17:31:36",
        "logdata": "bool"
    },
    {
        "logtime": "2019/07/30 17:31:36",
        "logdata": "keys2"
    },
    {
        "logtime": "2019/07/30 17:31:36",
        "logdata": "word"
    },
    {
        "logtime": "2019/07/30 17:31:39",
        "logdata": "keys2"
    },
    {
        "logtime": "2019/07/30 17:31:39",
        "logdata": "byte"
    },
    {
        "logtime": "2019/07/30 17:31:39",
        "logdata": "keys2"
    },
    {
        "logtime": "2019/07/30 17:31:39",
        "logdata": "word"
    },
    {
        "logtime": "2019/07/30 17:31:39",
        "logdata": "keys2"
    },
    {
        "logtime": "2019/07/30 17:31:39",
        "logdata": "word"
    },
    {
        "logtime": "2019/07/30 17:31:39",
        "logdata": "keys2"
    },
    {
        "logtime": "2019/07/30 17:31:39",
        "logdata": "int"
    },
    {
        "logtime": "2019/07/30 17:31:39",
        "logdata": "keys2"
    },
    {
        "logtime": "2019/07/30 17:31:39",
        "logdata": "bool"
    },
    {
        "logtime": "2019/07/30 17:31:39",
        "logdata": "keys2"
    },
    {
        "logtime": "2019/07/30 17:31:39",
        "logdata": "byte"
    },
    {
        "logtime": "2019/07/30 17:31:39",
        "logdata": "keys2"
    },
    {
        "logtime": "2019/07/30 17:31:39",
        "logdata": "byte"
    },
    {
        "logtime": "2019/07/30 17:31:39",
        "logdata": "keys2"
    },
    {
        "logtime": "2019/07/30 17:31:39",
        "logdata": "bool"
    },
    {
        "logtime": "2019/07/30 17:31:39",
        "logdata": "keys2"
    },
    {
        "logtime": "2019/07/30 17:31:39",
        "logdata": "word"
    },
    {
        "logtime": "2019/07/30 17:31:42",
        "logdata": "keys2"
    },
    {
        "logtime": "2019/07/30 17:31:42",
        "logdata": "byte"
    },
    {
        "logtime": "2019/07/30 17:31:42",
        "logdata": "keys2"
    },
    {
        "logtime": "2019/07/30 17:31:42",
        "logdata": "word"
    },
    {
        "logtime": "2019/07/30 17:31:42",
        "logdata": "keys2"
    },
    {
        "logtime": "2019/07/30 17:31:42",
        "logdata": "word"
    },
    {
        "logtime": "2019/07/30 17:31:42",
        "logdata": "keys2"
    },
    {
        "logtime": "2019/07/30 17:31:42",
        "logdata": "bool"
    },
    {
        "logtime": "2019/07/30 17:31:42",
        "logdata": "keys2"
    },
    {
        "logtime": "2019/07/30 17:31:42",
        "logdata": "byte"
    },
    {
        "logtime": "2019/07/30 17:31:45",
        "logdata": "keys2"
    },
    {
        "logtime": "2019/07/30 17:31:45",
        "logdata": "bool"
    },
    {
        "logtime": "2019/07/30 17:31:45",
        "logdata": "keys2"
    },
    {
        "logtime": "2019/07/30 17:31:45",
        "logdata": "word"
    },
    {
        "logtime": "2019/07/30 17:31:46",
        "logdata": "keys2"
    },
    {
        "logtime": "2019/07/30 17:31:46",
        "logdata": "bool"
    },
    {
        "logtime": "2019/07/30 17:31:46",
        "logdata": "keys2"
    },
    {
        "logtime": "2019/07/30 17:31:46",
        "logdata": "word"
    },
    {
        "logtime": "2019/07/30 17:31:47",
        "logdata": "keys2"
    },
    {
        "logtime": "2019/07/30 17:31:47",
        "logdata": "byte"
    },
    {
        "logtime": "2019/07/30 17:31:47",
        "logdata": "keys2"
    },
    {
        "logtime": "2019/07/30 17:31:47",
        "logdata": "word"
    },
    {
        "logtime": "2019/07/30 17:31:47",
        "logdata": "keys2"
    },
    {
        "logtime": "2019/07/30 17:31:47",
        "logdata": "word"
    },
    {
        "logtime": "2019/07/30 17:31:47",
        "logdata": "keys2"
    },
    {
        "logtime": "2019/07/30 17:31:47",
        "logdata": "bool"
    },
    {
        "logtime": "2019/07/30 17:31:47",
        "logdata": "keys2"
    },
    {
        "logtime": "2019/07/30 17:31:47",
        "logdata": "byte"
    },
    {
        "logtime": "2019/07/30 17:31:47",
        "logdata": "keys2"
    },
    {
        "logtime": "2019/07/30 17:31:47",
        "logdata": "bool"
    },
    {
        "logtime": "2019/07/30 17:31:47",
        "logdata": "keys2"
    },
    {
        "logtime": "2019/07/30 17:31:47",
        "logdata": "word"
    },
    {
        "logtime": "2019/07/30 17:31:47",
        "logdata": "keys2"
    },
    {
        "logtime": "2019/07/30 17:31:47",
        "logdata": "bool"
    },
    {
        "logtime": "2019/07/30 17:31:47",
        "logdata": "keys2"
    },
    {
        "logtime": "2019/07/30 17:31:47",
        "logdata": "word"
    },
    {
        "logtime": "2019/07/30 17:31:48",
        "logdata": "keys2"
    },
    {
        "logtime": "2019/07/30 17:31:48",
        "logdata": "bool"
    },
    {
        "logtime": "2019/07/30 17:31:48",
        "logdata": "keys2"
    },
    {
        "logtime": "2019/07/30 17:31:48",
        "logdata": "word"
    },
    {
        "logtime": "2019/07/30 17:31:48",
        "logdata": "keys2"
    },
    {
        "logtime": "2019/07/30 17:31:48",
        "logdata": "byte"
    },
    {
        "logtime": "2019/07/30 17:31:48",
        "logdata": "keys2"
    },
    {
        "logtime": "2019/07/30 17:31:48",
        "logdata": "word"
    },
    {
        "logtime": "2019/07/30 17:31:48",
        "logdata": "keys2"
    },
    {
        "logtime": "2019/07/30 17:31:48",
        "logdata": "word"
    },
    {
        "logtime": "2019/07/30 17:31:48",
        "logdata": "keys2"
    },
    {
        "logtime": "2019/07/30 17:31:48",
        "logdata": "int"
    },
    {
        "logtime": "2019/07/30 17:31:48",
        "logdata": "keys2"
    },
    {
        "logtime": "2019/07/30 17:31:48",
        "logdata": "bool"
    },
    {
        "logtime": "2019/07/30 17:31:48",
        "logdata": "keys2"
    },
    {
        "logtime": "2019/07/30 17:31:48",
        "logdata": "byte"
    },
    {
        "logtime": "2019/07/30 17:31:48",
        "logdata": "keys2"
    },
    {
        "logtime": "2019/07/30 17:31:48",
        "logdata": "byte"
    },
    {
        "logtime": "2019/07/30 17:31:48",
        "logdata": "keys2"
    },
    {
        "logtime": "2019/07/30 17:31:48",
        "logdata": "bool"
    },
    {
        "logtime": "2019/07/30 17:31:48",
        "logdata": "keys2"
    },
    {
        "logtime": "2019/07/30 17:31:48",
        "logdata": "word"
    },
    {
        "logtime": "2019/07/30 17:31:49",
        "logdata": "keys2"
    },
    {
        "logtime": "2019/07/30 17:31:49",
        "logdata": "byte"
    },
    {
        "logtime": "2019/07/30 17:31:49",
        "logdata": "keys2"
    },
    {
        "logtime": "2019/07/30 17:31:49",
        "logdata": "word"
    },
    {
        "logtime": "2019/07/30 17:31:49",
        "logdata": "keys2"
    },
    {
        "logtime": "2019/07/30 17:31:49",
        "logdata": "word"
    },
    {
        "logtime": "2019/07/30 17:31:49",
        "logdata": "keys2"
    },
    {
        "logtime": "2019/07/30 17:31:49",
        "logdata": "int"
    },
    {
        "logtime": "2019/07/30 17:31:49",
        "logdata": "keys2"
    },
    {
        "logtime": "2019/07/30 17:31:49",
        "logdata": "bool"
    },
    {
        "logtime": "2019/07/30 17:31:49",
        "logdata": "keys2"
    },
    {
        "logtime": "2019/07/30 17:31:49",
        "logdata": "byte"
    },
    {
        "logtime": "2019/07/30 17:31:49",
        "logdata": "keys2"
    },
    {
        "logtime": "2019/07/30 17:31:49",
        "logdata": "byte"
    },
    {
        "logtime": "2019/07/30 17:31:49",
        "logdata": "keys2"
    },
    {
        "logtime": "2019/07/30 17:31:49",
        "logdata": "bool"
    },
    {
        "logtime": "2019/07/30 17:31:49",
        "logdata": "keys2"
    },
    {
        "logtime": "2019/07/30 17:31:49",
        "logdata": "word"
    },
    {
        "logtime": "2019/07/30 17:31:49",
        "logdata": "keys2"
    },
    {
        "logtime": "2019/07/30 17:31:49",
        "logdata": "double"
    },
    {
        "logtime": "2019/07/30 17:31:49",
        "logdata": "keys2"
    },
    {
        "logtime": "2019/07/30 17:31:49",
        "logdata": "double"
    },
    {
        "logtime": "2019/07/30 17:31:49",
        "logdata": "keys2"
    },
    {
        "logtime": "2019/07/30 17:31:49",
        "logdata": "byte"
    },
    {
        "logtime": "2019/07/30 17:31:49",
        "logdata": "keys2"
    },
    {
        "logtime": "2019/07/30 17:31:49",
        "logdata": "byte"
    },
    {
        "logtime": "2019/07/30 17:31:49",
        "logdata": "keys2"
    },
    {
        "logtime": "2019/07/30 17:31:49",
        "logdata": "byte"
    },
    {
        "logtime": "2019/07/30 17:31:49",
        "logdata": "keys2"
    },
    {
        "logtime": "2019/07/30 17:31:49",
        "logdata": "byte"
    },
    {
        "logtime": "2019/07/30 17:31:49",
        "logdata": "keys2"
    },
    {
        "logtime": "2019/07/30 17:31:49",
        "logdata": "byte"
    },
    {
        "logtime": "2019/07/30 17:31:49",
        "logdata": "keys2"
    },
    {
        "logtime": "2019/07/30 17:31:49",
        "logdata": "byte"
    },
    {
        "logtime": "2019/07/30 17:31:49",
        "logdata": "keys2"
    },
    {
        "logtime": "2019/07/30 17:31:49",
        "logdata": "byte"
    },
    {
        "logtime": "2019/07/30 17:31:49",
        "logdata": "keys2"
    },
    {
        "logtime": "2019/07/30 17:31:49",
        "logdata": "int"
    },
    {
        "logtime": "2019/07/30 17:31:49",
        "logdata": "keys2"
    },
    {
        "logtime": "2019/07/30 17:31:49",
        "logdata": "int"
    },
    {
        "logtime": "2019/07/30 17:31:49",
        "logdata": "keys2"
    },
    {
        "logtime": "2019/07/30 17:31:49",
        "logdata": "int"
    },
    {
        "logtime": "2019/07/30 17:31:49",
        "logdata": "keys2"
    },
    {
        "logtime": "2019/07/30 17:31:49",
        "logdata": "int"
    },
    {
        "logtime": "2019/07/30 17:31:49",
        "logdata": "keys2"
    },
    {
        "logtime": "2019/07/30 17:31:49",
        "logdata": "int"
    },
    {
        "logtime": "2019/07/30 17:31:49",
        "logdata": "keys2"
    },
    {
        "logtime": "2019/07/30 17:31:49",
        "logdata": "byte"
    },
    {
        "logtime": "2019/07/30 17:31:49",
        "logdata": "keys2"
    },
    {
        "logtime": "2019/07/30 17:31:49",
        "logdata": "bool"
    },
    {
        "logtime": "2019/07/30 17:31:49",
        "logdata": "keys2"
    },
    {
        "logtime": "2019/07/30 17:31:49",
        "logdata": "byte"
    }
]