[
    {
        "logtime": "2019/05/17 16:36:10",
        "logdata": "url"
    },
    {
        "logtime": "2019/05/17 16:36:10",
        "logdata": "http://www.fuannainc.top//WS/Lottery.ashx"
    },
    {
        "logtime": "2019/05/17 16:36:10",
        "logdata": "action=LotteryStart&userid=119752&time=1558082170&signature=7757D57DE266D9B567D4F2AEF5863ED2"
    },
    {
        "logtime": "2019/05/17 16:36:41",
        "logdata": "LogonScene.onceExcute"
    },
    {
        "logtime": "2019/05/17 16:36:41",
        "logdata": "http://www.fuannainc.top/"
    },
    {
        "logtime": "2019/05/17 16:36:42",
        "logdata": "url"
    },
    {
        "logtime": "2019/05/17 16:36:42",
        "logdata": "http://www.fuannainc.top//ws/MobileInterface.ashx?action=GetMobileLoginNotice"
    },
    {
        "logtime": "2019/05/17 16:36:42",
        "logdata": ""
    },
    {
        "logtime": "2019/05/17 16:36:44",
        "logdata": "url"
    },
    {
        "logtime": "2019/05/17 16:36:44",
        "logdata": "http://apis.juhe.cn/ip/ip2addr?ip=113.77.83.165&key=74bb0395667b8d0588df9ebd6fc36a12"
    },
    {
        "logtime": "2019/05/17 16:36:44",
        "logdata": ""
    },
    {
        "logtime": "2019/05/17 16:36:44",
        "logdata": "onLogonCallBack"
    },
    {
        "logtime": "2019/05/17 16:36:44",
        "logdata": "http://www.fuannainc.top/"
    },
    {
        "logtime": "2019/05/17 16:36:44",
        "logdata": "url"
    },
    {
        "logtime": "2019/05/17 16:36:44",
        "logdata": "http://www.fuannainc.top//WS/MobileInterface.ashx"
    },
    {
        "logtime": "2019/05/17 16:36:44",
        "logdata": "action=GetMobileShareConfig&userid=119912&time=1558082204&signature=D1385DDC307827321BF926F279EC2B43"
    },
    {
        "logtime": "2019/05/17 16:36:46",
        "logdata": "url"
    },
    {
        "logtime": "2019/05/17 16:36:46",
        "logdata": "http://www.fuannainc.top//WS/MobileInterface.ashx?action=GetMobileRollNotice"
    },
    {
        "logtime": "2019/05/17 16:36:46",
        "logdata": ""
    },
    {
        "logtime": "2019/05/17 16:36:47",
        "logdata": "url"
    },
    {
        "logtime": "2019/05/17 16:36:47",
        "logdata": "http://apis.juhe.cn/ip/ip2addr?ip=113.77.83.165&key=74bb0395667b8d0588df9ebd6fc36a12"
    },
    {
        "logtime": "2019/05/17 16:36:47",
        "logdata": ""
    },
    {
        "logtime": "2019/05/17 16:36:47",
        "logdata": "onLogonCallBack"
    },
    {
        "logtime": "2019/05/17 16:36:47",
        "logdata": "http://www.fuannainc.top/"
    },
    {
        "logtime": "2019/05/17 16:36:47",
        "logdata": "url"
    },
    {
        "logtime": "2019/05/17 16:36:47",
        "logdata": "http://www.fuannainc.top//WS/MobileInterface.ashx"
    },
    {
        "logtime": "2019/05/17 16:36:47",
        "logdata": "action=GetMobileShareConfig&userid=119938&time=1558082207&signature=8649458F2A2BD61D5773EDBED373B38C"
    },
    {
        "logtime": "2019/05/17 16:36:49",
        "logdata": "url"
    },
    {
        "logtime": "2019/05/17 16:36:49",
        "logdata": "http://www.fuannainc.top//WS/MobileInterface.ashx?action=GetMobileRollNotice"
    },
    {
        "logtime": "2019/05/17 16:36:49",
        "logdata": ""
    },
    {
        "logtime": "2019/05/17 16:36:53",
        "logdata": "url"
    },
    {
        "logtime": "2019/05/17 16:36:53",
        "logdata": "http://www.fuannainc.top//WS/Lottery.ashx"
    },
    {
        "logtime": "2019/05/17 16:36:53",
        "logdata": "action=LotteryConfig"
    },
    {
        "logtime": "2019/05/17 16:36:55",
        "logdata": "[string \".\\client/src/controller/command/LoadViewComma...\"]:267: attempt to index local 'curRootView' (a nil value)\nstack traceback:\n\t[string \".\\framework/notify/event.lua\"]:167: in function 'call_handlers'\n\t[string \".\\framework/notify/event.lua\"]:305: in function 'emit'\n\t[string \".\\view/base/BaseLayer.lua\"]:135: in function 'emit'\n\t[string \".\\view/base/BaseLayer.lua\"]:37: in function 'loadFinished'\n\t[string \".\\view/base/BaseLayer.lua\"]:31: in function <[string \".\\view/base/BaseLayer.lua\"]:30>"
    },
    {
        "logtime": "2019/05/17 16:36:55",
        "logdata": "url"
    },
    {
        "logtime": "2019/05/17 16:36:55",
        "logdata": "http://www.fuannainc.top//WS/Lottery.ashx"
    },
    {
        "logtime": "2019/05/17 16:36:55",
        "logdata": "action=LotteryUserInfo&userid=0&time=1558082215&signature=8E131618A7D4D41D454B4CF176235E73"
    },
    {
        "logtime": "2019/05/17 16:36:55",
        "logdata": "[string \".\\client/src/controller/command/LoadViewComma...\"]:267: attempt to index local 'curRootView' (a nil value)\nstack traceback:\n\t[string \".\\framework/notify/event.lua\"]:167: in function 'call_handlers'\n\t[string \".\\framework/notify/event.lua\"]:305: in function 'emit'\n\t[string \".\\view/base/BaseLayer.lua\"]:135: in function 'emit'\n\t[string \".\\view/base/BaseLayer.lua\"]:37: in function 'loadFinished'\n\t[string \".\\view/base/BaseLayer.lua\"]:31: in function <[string \".\\view/base/BaseLayer.lua\"]:30>"
    },
    {
        "logtime": "2019/05/17 16:36:55",
        "logdata": "[string \".\\client/src/controller/command/LoadViewComma...\"]:267: attempt to index local 'curRootView' (a nil value)\nstack traceback:\n\t[string \".\\framework/notify/event.lua\"]:167: in function 'call_handlers'\n\t[string \".\\framework/notify/event.lua\"]:305: in function 'emit'\n\t[string \".\\view/base/BaseLayer.lua\"]:135: in function 'emit'\n\t[string \".\\view/base/BaseLayer.lua\"]:37: in function 'loadFinished'\n\t[string \".\\view/base/BaseLayer.lua\"]:31: in function <[string \".\\view/base/BaseLayer.lua\"]:30>"
    },
    {
        "logtime": "2019/05/17 16:36:55",
        "logdata": "[string \".\\client/src/controller/command/LoadViewComma...\"]:267: attempt to index local 'curRootView' (a nil value)\nstack traceback:\n\t[string \".\\framework/notify/event.lua\"]:167: in function 'call_handlers'\n\t[string \".\\framework/notify/event.lua\"]:305: in function 'emit'\n\t[string \".\\view/base/BaseLayer.lua\"]:135: in function 'emit'\n\t[string \".\\view/base/BaseLayer.lua\"]:37: in function 'loadFinished'\n\t[string \".\\view/base/BaseLayer.lua\"]:31: in function <[string \".\\view/base/BaseLayer.lua\"]:30>"
    },
    {
        "logtime": "2019/05/17 16:36:55",
        "logdata": "[string \".\\client/src/controller/command/LoadViewComma...\"]:267: attempt to index local 'curRootView' (a nil value)\nstack traceback:\n\t[string \".\\framework/notify/event.lua\"]:167: in function 'call_handlers'\n\t[string \".\\framework/notify/event.lua\"]:305: in function 'emit'\n\t[string \".\\view/base/BaseLayer.lua\"]:135: in function 'emit'\n\t[string \".\\view/base/BaseLayer.lua\"]:37: in function 'loadFinished'\n\t[string \".\\view/base/BaseLayer.lua\"]:31: in function <[string \".\\view/base/BaseLayer.lua\"]:30>"
    },
    {
        "logtime": "2019/05/17 16:36:55",
        "logdata": "[string \".\\client/src/controller/command/LoadViewComma...\"]:267: attempt to index local 'curRootView' (a nil value)\nstack traceback:\n\t[string \".\\framework/notify/event.lua\"]:167: in function 'call_handlers'\n\t[string \".\\framework/notify/event.lua\"]:305: in function 'emit'\n\t[string \".\\view/base/BaseLayer.lua\"]:135: in function 'emit'\n\t[string \".\\view/base/BaseLayer.lua\"]:37: in function 'loadFinished'\n\t[string \".\\view/base/BaseLayer.lua\"]:31: in function <[string \".\\view/base/BaseLayer.lua\"]:30>"
    },
    {
        "logtime": "2019/05/17 16:36:55",
        "logdata": "[string \".\\client/src/controller/command/LoadViewComma...\"]:267: attempt to index local 'curRootView' (a nil value)\nstack traceback:\n\t[string \".\\framework/notify/event.lua\"]:167: in function 'call_handlers'\n\t[string \".\\framework/notify/event.lua\"]:305: in function 'emit'\n\t[string \".\\view/base/BaseLayer.lua\"]:135: in function 'emit'\n\t[string \".\\view/base/BaseLayer.lua\"]:37: in function 'loadFinished'\n\t[string \".\\view/base/BaseLayer.lua\"]:31: in function <[string \".\\view/base/BaseLayer.lua\"]:30>"
    },
    {
        "logtime": "2019/05/17 16:36:55",
        "logdata": "[string \".\\client/src/controller/command/LoadViewComma...\"]:267: attempt to index local 'curRootView' (a nil value)\nstack traceback:\n\t[string \".\\framework/notify/event.lua\"]:167: in function 'call_handlers'\n\t[string \".\\framework/notify/event.lua\"]:305: in function 'emit'\n\t[string \".\\view/base/BaseLayer.lua\"]:135: in function 'emit'\n\t[string \".\\view/base/BaseLayer.lua\"]:37: in function 'loadFinished'\n\t[string \".\\view/base/BaseLayer.lua\"]:31: in function <[string \".\\view/base/BaseLayer.lua\"]:30>"
    },
    {
        "logtime": "2019/05/17 16:36:55",
        "logdata": "[string \".\\client/src/controller/command/LoadViewComma...\"]:267: attempt to index local 'curRootView' (a nil value)\nstack traceback:\n\t[string \".\\framework/notify/event.lua\"]:167: in function 'call_handlers'\n\t[string \".\\framework/notify/event.lua\"]:305: in function 'emit'\n\t[string \".\\view/base/BaseLayer.lua\"]:135: in function 'emit'\n\t[string \".\\view/base/BaseLayer.lua\"]:37: in function 'loadFinished'\n\t[string \".\\view/base/BaseLayer.lua\"]:31: in function <[string \".\\view/base/BaseLayer.lua\"]:30>"
    },
    {
        "logtime": "2019/05/17 16:36:55",
        "logdata": "[string \".\\client/src/controller/command/LoadViewComma...\"]:267: attempt to index local 'curRootView' (a nil value)\nstack traceback:\n\t[string \".\\framework/notify/event.lua\"]:167: in function 'call_handlers'\n\t[string \".\\framework/notify/event.lua\"]:305: in function 'emit'\n\t[string \".\\view/base/BaseLayer.lua\"]:135: in function 'emit'\n\t[string \".\\view/base/BaseLayer.lua\"]:37: in function 'loadFinished'\n\t[string \".\\view/base/BaseLayer.lua\"]:31: in function <[string \".\\view/base/BaseLayer.lua\"]:30>"
    },
    {
        "logtime": "2019/05/17 16:36:55",
        "logdata": "[string \".\\client/src/controller/command/LoadViewComma...\"]:267: attempt to index local 'curRootView' (a nil value)\nstack traceback:\n\t[string \".\\framework/notify/event.lua\"]:167: in function 'call_handlers'\n\t[string \".\\framework/notify/event.lua\"]:305: in function 'emit'\n\t[string \".\\view/base/BaseLayer.lua\"]:135: in function 'emit'\n\t[string \".\\view/base/BaseLayer.lua\"]:37: in function 'loadFinished'\n\t[string \".\\view/base/BaseLayer.lua\"]:31: in function <[string \".\\view/base/BaseLayer.lua\"]:30>"
    },
    {
        "logtime": "2019/05/17 16:36:55",
        "logdata": "[string \".\\client/src/controller/command/LoadViewComma...\"]:267: attempt to index local 'curRootView' (a nil value)\nstack traceback:\n\t[string \".\\framework/notify/event.lua\"]:167: in function 'call_handlers'\n\t[string \".\\framework/notify/event.lua\"]:305: in function 'emit'\n\t[string \".\\view/base/BaseLayer.lua\"]:135: in function 'emit'\n\t[string \".\\view/base/BaseLayer.lua\"]:37: in function 'loadFinished'\n\t[string \".\\view/base/BaseLayer.lua\"]:31: in function <[string \".\\view/base/BaseLayer.lua\"]:30>"
    },
    {
        "logtime": "2019/05/17 16:36:55",
        "logdata": "[string \".\\client/src/controller/command/LoadViewComma...\"]:267: attempt to index local 'curRootView' (a nil value)\nstack traceback:\n\t[string \".\\framework/notify/event.lua\"]:167: in function 'call_handlers'\n\t[string \".\\framework/notify/event.lua\"]:305: in function 'emit'\n\t[string \".\\view/base/BaseLayer.lua\"]:135: in function 'emit'\n\t[string \".\\view/base/BaseLayer.lua\"]:37: in function 'loadFinished'\n\t[string \".\\view/base/BaseLayer.lua\"]:31: in function <[string \".\\view/base/BaseLayer.lua\"]:30>"
    },
    {
        "logtime": "2019/05/17 16:36:55",
        "logdata": "[string \".\\client/src/controller/command/LoadViewComma...\"]:267: attempt to index local 'curRootView' (a nil value)\nstack traceback:\n\t[string \".\\framework/notify/event.lua\"]:167: in function 'call_handlers'\n\t[string \".\\framework/notify/event.lua\"]:305: in function 'emit'\n\t[string \".\\view/base/BaseLayer.lua\"]:135: in function 'emit'\n\t[string \".\\view/base/BaseLayer.lua\"]:37: in function 'loadFinished'\n\t[string \".\\view/base/BaseLayer.lua\"]:31: in function <[string \".\\view/base/BaseLayer.lua\"]:30>"
    },
    {
        "logtime": "2019/05/17 16:36:55",
        "logdata": "[string \".\\client/src/controller/command/LoadViewComma...\"]:267: attempt to index local 'curRootView' (a nil value)\nstack traceback:\n\t[string \".\\framework/notify/event.lua\"]:167: in function 'call_handlers'\n\t[string \".\\framework/notify/event.lua\"]:305: in function 'emit'\n\t[string \".\\view/base/BaseLayer.lua\"]:135: in function 'emit'\n\t[string \".\\view/base/BaseLayer.lua\"]:37: in function 'loadFinished'\n\t[string \".\\view/base/BaseLayer.lua\"]:31: in function <[string \".\\view/base/BaseLayer.lua\"]:30>"
    },
    {
        "logtime": "2019/05/17 16:36:55",
        "logdata": "[string \".\\client/src/controller/command/LoadViewComma...\"]:267: attempt to index local 'curRootView' (a nil value)\nstack traceback:\n\t[string \".\\framework/notify/event.lua\"]:167: in function 'call_handlers'\n\t[string \".\\framework/notify/event.lua\"]:305: in function 'emit'\n\t[string \".\\view/base/BaseLayer.lua\"]:135: in function 'emit'\n\t[string \".\\view/base/BaseLayer.lua\"]:37: in function 'loadFinished'\n\t[string \".\\view/base/BaseLayer.lua\"]:31: in function <[string \".\\view/base/BaseLayer.lua\"]:30>"
    },
    {
        "logtime": "2019/05/17 16:36:55",
        "logdata": "[string \".\\client/src/controller/command/LoadViewComma...\"]:267: attempt to index local 'curRootView' (a nil value)\nstack traceback:\n\t[string \".\\framework/notify/event.lua\"]:167: in function 'call_handlers'\n\t[string \".\\framework/notify/event.lua\"]:305: in function 'emit'\n\t[string \".\\view/base/BaseLayer.lua\"]:135: in function 'emit'\n\t[string \".\\view/base/BaseLayer.lua\"]:37: in function 'loadFinished'\n\t[string \".\\view/base/BaseLayer.lua\"]:31: in function <[string \".\\view/base/BaseLayer.lua\"]:30>"
    },
    {
        "logtime": "2019/05/17 16:36:55",
        "logdata": "[string \".\\client/src/controller/command/LoadViewComma...\"]:267: attempt to index local 'curRootView' (a nil value)\nstack traceback:\n\t[string \".\\framework/notify/event.lua\"]:167: in function 'call_handlers'\n\t[string \".\\framework/notify/event.lua\"]:305: in function 'emit'\n\t[string \".\\view/base/BaseLayer.lua\"]:135: in function 'emit'\n\t[string \".\\view/base/BaseLayer.lua\"]:37: in function 'loadFinished'\n\t[string \".\\view/base/BaseLayer.lua\"]:31: in function <[string \".\\view/base/BaseLayer.lua\"]:30>"
    },
    {
        "logtime": "2019/05/17 16:36:55",
        "logdata": "[string \".\\client/src/controller/command/LoadViewComma...\"]:267: attempt to index local 'curRootView' (a nil value)\nstack traceback:\n\t[string \".\\framework/notify/event.lua\"]:167: in function 'call_handlers'\n\t[string \".\\framework/notify/event.lua\"]:305: in function 'emit'\n\t[string \".\\view/base/BaseLayer.lua\"]:135: in function 'emit'\n\t[string \".\\view/base/BaseLayer.lua\"]:37: in function 'loadFinished'\n\t[string \".\\view/base/BaseLayer.lua\"]:31: in function <[string \".\\view/base/BaseLayer.lua\"]:30>"
    },
    {
        "logtime": "2019/05/17 16:36:55",
        "logdata": "[string \".\\client/src/controller/command/LoadViewComma...\"]:267: attempt to index local 'curRootView' (a nil value)\nstack traceback:\n\t[string \".\\framework/notify/event.lua\"]:167: in function 'call_handlers'\n\t[string \".\\framework/notify/event.lua\"]:305: in function 'emit'\n\t[string \".\\view/base/BaseLayer.lua\"]:135: in function 'emit'\n\t[string \".\\view/base/BaseLayer.lua\"]:37: in function 'loadFinished'\n\t[string \".\\view/base/BaseLayer.lua\"]:31: in function <[string \".\\view/base/BaseLayer.lua\"]:30>"
    },
    {
        "logtime": "2019/05/17 16:36:55",
        "logdata": "[string \".\\client/src/controller/command/LoadViewComma...\"]:267: attempt to index local 'curRootView' (a nil value)\nstack traceback:\n\t[string \".\\framework/notify/event.lua\"]:167: in function 'call_handlers'\n\t[string \".\\framework/notify/event.lua\"]:305: in function 'emit'\n\t[string \".\\view/base/BaseLayer.lua\"]:135: in function 'emit'\n\t[string \".\\view/base/BaseLayer.lua\"]:37: in function 'loadFinished'\n\t[string \".\\view/base/BaseLayer.lua\"]:31: in function <[string \".\\view/base/BaseLayer.lua\"]:30>"
    },
    {
        "logtime": "2019/05/17 16:36:55",
        "logdata": "[string \".\\client/src/controller/command/LoadViewComma...\"]:267: attempt to index local 'curRootView' (a nil value)\nstack traceback:\n\t[string \".\\framework/notify/event.lua\"]:167: in function 'call_handlers'\n\t[string \".\\framework/notify/event.lua\"]:305: in function 'emit'\n\t[string \".\\view/base/BaseLayer.lua\"]:135: in function 'emit'\n\t[string \".\\view/base/BaseLayer.lua\"]:37: in function 'loadFinished'\n\t[string \".\\view/base/BaseLayer.lua\"]:31: in function <[string \".\\view/base/BaseLayer.lua\"]:30>"
    },
    {
        "logtime": "2019/05/17 16:36:55",
        "logdata": "[string \".\\client/src/controller/command/LoadViewComma...\"]:267: attempt to index local 'curRootView' (a nil value)\nstack traceback:\n\t[string \".\\framework/notify/event.lua\"]:167: in function 'call_handlers'\n\t[string \".\\framework/notify/event.lua\"]:305: in function 'emit'\n\t[string \".\\view/base/BaseLayer.lua\"]:135: in function 'emit'\n\t[string \".\\view/base/BaseLayer.lua\"]:37: in function 'loadFinished'\n\t[string \".\\view/base/BaseLayer.lua\"]:31: in function <[string \".\\view/base/BaseLayer.lua\"]:30>"
    },
    {
        "logtime": "2019/05/17 16:36:55",
        "logdata": "[string \".\\client/src/controller/command/LoadViewComma...\"]:267: attempt to index local 'curRootView' (a nil value)\nstack traceback:\n\t[string \".\\framework/notify/event.lua\"]:167: in function 'call_handlers'\n\t[string \".\\framework/notify/event.lua\"]:305: in function 'emit'\n\t[string \".\\view/base/BaseLayer.lua\"]:135: in function 'emit'\n\t[string \".\\view/base/BaseLayer.lua\"]:37: in function 'loadFinished'\n\t[string \".\\view/base/BaseLayer.lua\"]:31: in function <[string \".\\view/base/BaseLayer.lua\"]:30>"
    },
    {
        "logtime": "2019/05/17 16:36:55",
        "logdata": "[string \".\\client/src/controller/command/LoadViewComma...\"]:267: attempt to index local 'curRootView' (a nil value)\nstack traceback:\n\t[string \".\\framework/notify/event.lua\"]:167: in function 'call_handlers'\n\t[string \".\\framework/notify/event.lua\"]:305: in function 'emit'\n\t[string \".\\view/base/BaseLayer.lua\"]:135: in function 'emit'\n\t[string \".\\view/base/BaseLayer.lua\"]:37: in function 'loadFinished'\n\t[string \".\\view/base/BaseLayer.lua\"]:31: in function <[string \".\\view/base/BaseLayer.lua\"]:30>"
    },
    {
        "logtime": "2019/05/17 16:36:56",
        "logdata": "[string \".\\client/src/controller/command/LoadViewComma...\"]:267: attempt to index local 'curRootView' (a nil value)\nstack traceback:\n\t[string \".\\framework/notify/event.lua\"]:167: in function 'call_handlers'\n\t[string \".\\framework/notify/event.lua\"]:305: in function 'emit'\n\t[string \".\\view/base/BaseLayer.lua\"]:135: in function 'emit'\n\t[string \".\\view/base/BaseLayer.lua\"]:37: in function 'loadFinished'\n\t[string \".\\view/base/BaseLayer.lua\"]:31: in function <[string \".\\view/base/BaseLayer.lua\"]:30>"
    },
    {
        "logtime": "2019/05/17 16:36:56",
        "logdata": "[string \".\\client/src/controller/command/LoadViewComma...\"]:267: attempt to index local 'curRootView' (a nil value)\nstack traceback:\n\t[string \".\\framework/notify/event.lua\"]:167: in function 'call_handlers'\n\t[string \".\\framework/notify/event.lua\"]:305: in function 'emit'\n\t[string \".\\view/base/BaseLayer.lua\"]:135: in function 'emit'\n\t[string \".\\view/base/BaseLayer.lua\"]:37: in function 'loadFinished'\n\t[string \".\\view/base/BaseLayer.lua\"]:31: in function <[string \".\\view/base/BaseLayer.lua\"]:30>"
    },
    {
        "logtime": "2019/05/17 16:36:56",
        "logdata": "[string \".\\client/src/controller/command/LoadViewComma...\"]:267: attempt to index local 'curRootView' (a nil value)\nstack traceback:\n\t[string \".\\framework/notify/event.lua\"]:167: in function 'call_handlers'\n\t[string \".\\framework/notify/event.lua\"]:305: in function 'emit'\n\t[string \".\\view/base/BaseLayer.lua\"]:135: in function 'emit'\n\t[string \".\\view/base/BaseLayer.lua\"]:37: in function 'loadFinished'\n\t[string \".\\view/base/BaseLayer.lua\"]:31: in function <[string \".\\view/base/BaseLayer.lua\"]:30>"
    },
    {
        "logtime": "2019/05/17 16:36:56",
        "logdata": "[string \".\\client/src/controller/command/LoadViewComma...\"]:267: attempt to index local 'curRootView' (a nil value)\nstack traceback:\n\t[string \".\\framework/notify/event.lua\"]:167: in function 'call_handlers'\n\t[string \".\\framework/notify/event.lua\"]:305: in function 'emit'\n\t[string \".\\view/base/BaseLayer.lua\"]:135: in function 'emit'\n\t[string \".\\view/base/BaseLayer.lua\"]:37: in function 'loadFinished'\n\t[string \".\\view/base/BaseLayer.lua\"]:31: in function <[string \".\\view/base/BaseLayer.lua\"]:30>"
    },
    {
        "logtime": "2019/05/17 16:36:56",
        "logdata": "[string \".\\client/src/controller/command/LoadViewComma...\"]:267: attempt to index local 'curRootView' (a nil value)\nstack traceback:\n\t[string \".\\framework/notify/event.lua\"]:167: in function 'call_handlers'\n\t[string \".\\framework/notify/event.lua\"]:305: in function 'emit'\n\t[string \".\\view/base/BaseLayer.lua\"]:135: in function 'emit'\n\t[string \".\\view/base/BaseLayer.lua\"]:37: in function 'loadFinished'\n\t[string \".\\view/base/BaseLayer.lua\"]:31: in function <[string \".\\view/base/BaseLayer.lua\"]:30>"
    },
    {
        "logtime": "2019/05/17 16:36:56",
        "logdata": "[string \".\\client/src/controller/command/LoadViewComma...\"]:267: attempt to index local 'curRootView' (a nil value)\nstack traceback:\n\t[string \".\\framework/notify/event.lua\"]:167: in function 'call_handlers'\n\t[string \".\\framework/notify/event.lua\"]:305: in function 'emit'\n\t[string \".\\view/base/BaseLayer.lua\"]:135: in function 'emit'\n\t[string \".\\view/base/BaseLayer.lua\"]:37: in function 'loadFinished'\n\t[string \".\\view/base/BaseLayer.lua\"]:31: in function <[string \".\\view/base/BaseLayer.lua\"]:30>"
    },
    {
        "logtime": "2019/05/17 16:36:56",
        "logdata": "[string \".\\client/src/controller/command/LoadViewComma...\"]:267: attempt to index local 'curRootView' (a nil value)\nstack traceback:\n\t[string \".\\framework/notify/event.lua\"]:167: in function 'call_handlers'\n\t[string \".\\framework/notify/event.lua\"]:305: in function 'emit'\n\t[string \".\\view/base/BaseLayer.lua\"]:135: in function 'emit'\n\t[string \".\\view/base/BaseLayer.lua\"]:37: in function 'loadFinished'\n\t[string \".\\view/base/BaseLayer.lua\"]:31: in function <[string \".\\view/base/BaseLayer.lua\"]:30>"
    },
    {
        "logtime": "2019/05/17 16:36:56",
        "logdata": "[string \".\\client/src/controller/command/LoadViewComma...\"]:267: attempt to index local 'curRootView' (a nil value)\nstack traceback:\n\t[string \".\\framework/notify/event.lua\"]:167: in function 'call_handlers'\n\t[string \".\\framework/notify/event.lua\"]:305: in function 'emit'\n\t[string \".\\view/base/BaseLayer.lua\"]:135: in function 'emit'\n\t[string \".\\view/base/BaseLayer.lua\"]:37: in function 'loadFinished'\n\t[string \".\\view/base/BaseLayer.lua\"]:31: in function <[string \".\\view/base/BaseLayer.lua\"]:30>"
    },
    {
        "logtime": "2019/05/17 16:36:56",
        "logdata": "[string \".\\client/src/controller/command/LoadViewComma...\"]:267: attempt to index local 'curRootView' (a nil value)\nstack traceback:\n\t[string \".\\framework/notify/event.lua\"]:167: in function 'call_handlers'\n\t[string \".\\framework/notify/event.lua\"]:305: in function 'emit'\n\t[string \".\\view/base/BaseLayer.lua\"]:135: in function 'emit'\n\t[string \".\\view/base/BaseLayer.lua\"]:37: in function 'loadFinished'\n\t[string \".\\view/base/BaseLayer.lua\"]:31: in function <[string \".\\view/base/BaseLayer.lua\"]:30>"
    },
    {
        "logtime": "2019/05/17 16:36:56",
        "logdata": "[string \".\\client/src/controller/command/LoadViewComma...\"]:267: attempt to index local 'curRootView' (a nil value)\nstack traceback:\n\t[string \".\\framework/notify/event.lua\"]:167: in function 'call_handlers'\n\t[string \".\\framework/notify/event.lua\"]:305: in function 'emit'\n\t[string \".\\view/base/BaseLayer.lua\"]:135: in function 'emit'\n\t[string \".\\view/base/BaseLayer.lua\"]:37: in function 'loadFinished'\n\t[string \".\\view/base/BaseLayer.lua\"]:31: in function <[string \".\\view/base/BaseLayer.lua\"]:30>"
    },
    {
        "logtime": "2019/05/17 16:36:56",
        "logdata": "[string \".\\client/src/controller/command/LoadViewComma...\"]:267: attempt to index local 'curRootView' (a nil value)\nstack traceback:\n\t[string \".\\framework/notify/event.lua\"]:167: in function 'call_handlers'\n\t[string \".\\framework/notify/event.lua\"]:305: in function 'emit'\n\t[string \".\\view/base/BaseLayer.lua\"]:135: in function 'emit'\n\t[string \".\\view/base/BaseLayer.lua\"]:37: in function 'loadFinished'\n\t[string \".\\view/base/BaseLayer.lua\"]:31: in function <[string \".\\view/base/BaseLayer.lua\"]:30>"
    },
    {
        "logtime": "2019/05/17 16:36:56",
        "logdata": "[string \".\\client/src/controller/command/LoadViewComma...\"]:267: attempt to index local 'curRootView' (a nil value)\nstack traceback:\n\t[string \".\\framework/notify/event.lua\"]:167: in function 'call_handlers'\n\t[string \".\\framework/notify/event.lua\"]:305: in function 'emit'\n\t[string \".\\view/base/BaseLayer.lua\"]:135: in function 'emit'\n\t[string \".\\view/base/BaseLayer.lua\"]:37: in function 'loadFinished'\n\t[string \".\\view/base/BaseLayer.lua\"]:31: in function <[string \".\\view/base/BaseLayer.lua\"]:30>"
    },
    {
        "logtime": "2019/05/17 16:36:56",
        "logdata": "[string \".\\client/src/controller/command/LoadViewComma...\"]:267: attempt to index local 'curRootView' (a nil value)\nstack traceback:\n\t[string \".\\framework/notify/event.lua\"]:167: in function 'call_handlers'\n\t[string \".\\framework/notify/event.lua\"]:305: in function 'emit'\n\t[string \".\\view/base/BaseLayer.lua\"]:135: in function 'emit'\n\t[string \".\\view/base/BaseLayer.lua\"]:37: in function 'loadFinished'\n\t[string \".\\view/base/BaseLayer.lua\"]:31: in function <[string \".\\view/base/BaseLayer.lua\"]:30>"
    },
    {
        "logtime": "2019/05/17 16:36:56",
        "logdata": "[string \".\\client/src/controller/command/LoadViewComma...\"]:267: attempt to index local 'curRootView' (a nil value)\nstack traceback:\n\t[string \".\\framework/notify/event.lua\"]:167: in function 'call_handlers'\n\t[string \".\\framework/notify/event.lua\"]:305: in function 'emit'\n\t[string \".\\view/base/BaseLayer.lua\"]:135: in function 'emit'\n\t[string \".\\view/base/BaseLayer.lua\"]:37: in function 'loadFinished'\n\t[string \".\\view/base/BaseLayer.lua\"]:31: in function <[string \".\\view/base/BaseLayer.lua\"]:30>"
    },
    {
        "logtime": "2019/05/17 16:36:56",
        "logdata": "[string \".\\client/src/controller/command/LoadViewComma...\"]:267: attempt to index local 'curRootView' (a nil value)\nstack traceback:\n\t[string \".\\framework/notify/event.lua\"]:167: in function 'call_handlers'\n\t[string \".\\framework/notify/event.lua\"]:305: in function 'emit'\n\t[string \".\\view/base/BaseLayer.lua\"]:135: in function 'emit'\n\t[string \".\\view/base/BaseLayer.lua\"]:37: in function 'loadFinished'\n\t[string \".\\view/base/BaseLayer.lua\"]:31: in function <[string \".\\view/base/BaseLayer.lua\"]:30>"
    },
    {
        "logtime": "2019/05/17 16:36:56",
        "logdata": "[string \".\\client/src/controller/command/LoadViewComma...\"]:267: attempt to index local 'curRootView' (a nil value)\nstack traceback:\n\t[string \".\\framework/notify/event.lua\"]:167: in function 'call_handlers'\n\t[string \".\\framework/notify/event.lua\"]:305: in function 'emit'\n\t[string \".\\view/base/BaseLayer.lua\"]:135: in function 'emit'\n\t[string \".\\view/base/BaseLayer.lua\"]:37: in function 'loadFinished'\n\t[string \".\\view/base/BaseLayer.lua\"]:31: in function <[string \".\\view/base/BaseLayer.lua\"]:30>"
    },
    {
        "logtime": "2019/05/17 16:36:56",
        "logdata": "[string \".\\client/src/controller/command/LoadViewComma...\"]:267: attempt to index local 'curRootView' (a nil value)\nstack traceback:\n\t[string \".\\framework/notify/event.lua\"]:167: in function 'call_handlers'\n\t[string \".\\framework/notify/event.lua\"]:305: in function 'emit'\n\t[string \".\\view/base/BaseLayer.lua\"]:135: in function 'emit'\n\t[string \".\\view/base/BaseLayer.lua\"]:37: in function 'loadFinished'\n\t[string \".\\view/base/BaseLayer.lua\"]:31: in function <[string \".\\view/base/BaseLayer.lua\"]:30>"
    },
    {
        "logtime": "2019/05/17 16:36:56",
        "logdata": "[string \".\\client/src/controller/command/LoadViewComma...\"]:267: attempt to index local 'curRootView' (a nil value)\nstack traceback:\n\t[string \".\\framework/notify/event.lua\"]:167: in function 'call_handlers'\n\t[string \".\\framework/notify/event.lua\"]:305: in function 'emit'\n\t[string \".\\view/base/BaseLayer.lua\"]:135: in function 'emit'\n\t[string \".\\view/base/BaseLayer.lua\"]:37: in function 'loadFinished'\n\t[string \".\\view/base/BaseLayer.lua\"]:31: in function <[string \".\\view/base/BaseLayer.lua\"]:30>"
    },
    {
        "logtime": "2019/05/17 16:36:56",
        "logdata": "[string \".\\client/src/controller/command/LoadViewComma...\"]:267: attempt to index local 'curRootView' (a nil value)\nstack traceback:\n\t[string \".\\framework/notify/event.lua\"]:167: in function 'call_handlers'\n\t[string \".\\framework/notify/event.lua\"]:305: in function 'emit'\n\t[string \".\\view/base/BaseLayer.lua\"]:135: in function 'emit'\n\t[string \".\\view/base/BaseLayer.lua\"]:37: in function 'loadFinished'\n\t[string \".\\view/base/BaseLayer.lua\"]:31: in function <[string \".\\view/base/BaseLayer.lua\"]:30>"
    },
    {
        "logtime": "2019/05/17 16:36:56",
        "logdata": "[string \".\\client/src/controller/command/LoadViewComma...\"]:267: attempt to index local 'curRootView' (a nil value)\nstack traceback:\n\t[string \".\\framework/notify/event.lua\"]:167: in function 'call_handlers'\n\t[string \".\\framework/notify/event.lua\"]:305: in function 'emit'\n\t[string \".\\view/base/BaseLayer.lua\"]:135: in function 'emit'\n\t[string \".\\view/base/BaseLayer.lua\"]:37: in function 'loadFinished'\n\t[string \".\\view/base/BaseLayer.lua\"]:31: in function <[string \".\\view/base/BaseLayer.lua\"]:30>"
    },
    {
        "logtime": "2019/05/17 16:36:56",
        "logdata": "[string \".\\client/src/controller/command/LoadViewComma...\"]:267: attempt to index local 'curRootView' (a nil value)\nstack traceback:\n\t[string \".\\framework/notify/event.lua\"]:167: in function 'call_handlers'\n\t[string \".\\framework/notify/event.lua\"]:305: in function 'emit'\n\t[string \".\\view/base/BaseLayer.lua\"]:135: in function 'emit'\n\t[string \".\\view/base/BaseLayer.lua\"]:37: in function 'loadFinished'\n\t[string \".\\view/base/BaseLayer.lua\"]:31: in function <[string \".\\view/base/BaseLayer.lua\"]:30>"
    },
    {
        "logtime": "2019/05/17 16:36:56",
        "logdata": "[string \".\\client/src/controller/command/LoadViewComma...\"]:267: attempt to index local 'curRootView' (a nil value)\nstack traceback:\n\t[string \".\\framework/notify/event.lua\"]:167: in function 'call_handlers'\n\t[string \".\\framework/notify/event.lua\"]:305: in function 'emit'\n\t[string \".\\view/base/BaseLayer.lua\"]:135: in function 'emit'\n\t[string \".\\view/base/BaseLayer.lua\"]:37: in function 'loadFinished'\n\t[string \".\\view/base/BaseLayer.lua\"]:31: in function <[string \".\\view/base/BaseLayer.lua\"]:30>"
    },
    {
        "logtime": "2019/05/17 16:36:56",
        "logdata": "[string \".\\client/src/controller/command/LoadViewComma...\"]:267: attempt to index local 'curRootView' (a nil value)\nstack traceback:\n\t[string \".\\framework/notify/event.lua\"]:167: in function 'call_handlers'\n\t[string \".\\framework/notify/event.lua\"]:305: in function 'emit'\n\t[string \".\\view/base/BaseLayer.lua\"]:135: in function 'emit'\n\t[string \".\\view/base/BaseLayer.lua\"]:37: in function 'loadFinished'\n\t[string \".\\view/base/BaseLayer.lua\"]:31: in function <[string \".\\view/base/BaseLayer.lua\"]:30>"
    },
    {
        "logtime": "2019/05/17 16:36:56",
        "logdata": "[string \".\\client/src/controller/command/LoadViewComma...\"]:267: attempt to index local 'curRootView' (a nil value)\nstack traceback:\n\t[string \".\\framework/notify/event.lua\"]:167: in function 'call_handlers'\n\t[string \".\\framework/notify/event.lua\"]:305: in function 'emit'\n\t[string \".\\view/base/BaseLayer.lua\"]:135: in function 'emit'\n\t[string \".\\view/base/BaseLayer.lua\"]:37: in function 'loadFinished'\n\t[string \".\\view/base/BaseLayer.lua\"]:31: in function <[string \".\\view/base/BaseLayer.lua\"]:30>"
    },
    {
        "logtime": "2019/05/17 16:36:56",
        "logdata": "[string \".\\client/src/controller/command/LoadViewComma...\"]:267: attempt to index local 'curRootView' (a nil value)\nstack traceback:\n\t[string \".\\framework/notify/event.lua\"]:167: in function 'call_handlers'\n\t[string \".\\framework/notify/event.lua\"]:305: in function 'emit'\n\t[string \".\\view/base/BaseLayer.lua\"]:135: in function 'emit'\n\t[string \".\\view/base/BaseLayer.lua\"]:37: in function 'loadFinished'\n\t[string \".\\view/base/BaseLayer.lua\"]:31: in function <[string \".\\view/base/BaseLayer.lua\"]:30>"
    },
    {
        "logtime": "2019/05/17 16:36:56",
        "logdata": "[string \".\\client/src/controller/command/LoadViewComma...\"]:267: attempt to index local 'curRootView' (a nil value)\nstack traceback:\n\t[string \".\\framework/notify/event.lua\"]:167: in function 'call_handlers'\n\t[string \".\\framework/notify/event.lua\"]:305: in function 'emit'\n\t[string \".\\view/base/BaseLayer.lua\"]:135: in function 'emit'\n\t[string \".\\view/base/BaseLayer.lua\"]:37: in function 'loadFinished'\n\t[string \".\\view/base/BaseLayer.lua\"]:31: in function <[string \".\\view/base/BaseLayer.lua\"]:30>"
    },
    {
        "logtime": "2019/05/17 16:36:56",
        "logdata": "[string \".\\client/src/controller/command/LoadViewComma...\"]:267: attempt to index local 'curRootView' (a nil value)\nstack traceback:\n\t[string \".\\framework/notify/event.lua\"]:167: in function 'call_handlers'\n\t[string \".\\framework/notify/event.lua\"]:305: in function 'emit'\n\t[string \".\\view/base/BaseLayer.lua\"]:135: in function 'emit'\n\t[string \".\\view/base/BaseLayer.lua\"]:37: in function 'loadFinished'\n\t[string \".\\view/base/BaseLayer.lua\"]:31: in function <[string \".\\view/base/BaseLayer.lua\"]:30>"
    },
    {
        "logtime": "2019/05/17 16:36:57",
        "logdata": "[string \".\\client/src/controller/command/LoadViewComma...\"]:267: attempt to index local 'curRootView' (a nil value)\nstack traceback:\n\t[string \".\\framework/notify/event.lua\"]:167: in function 'call_handlers'\n\t[string \".\\framework/notify/event.lua\"]:305: in function 'emit'\n\t[string \".\\view/base/BaseLayer.lua\"]:135: in function 'emit'\n\t[string \".\\view/base/BaseLayer.lua\"]:37: in function 'loadFinished'\n\t[string \".\\view/base/BaseLayer.lua\"]:31: in function <[string \".\\view/base/BaseLayer.lua\"]:30>"
    },
    {
        "logtime": "2019/05/17 16:36:57",
        "logdata": "[string \".\\client/src/controller/command/LoadViewComma...\"]:267: attempt to index local 'curRootView' (a nil value)\nstack traceback:\n\t[string \".\\framework/notify/event.lua\"]:167: in function 'call_handlers'\n\t[string \".\\framework/notify/event.lua\"]:305: in function 'emit'\n\t[string \".\\view/base/BaseLayer.lua\"]:135: in function 'emit'\n\t[string \".\\view/base/BaseLayer.lua\"]:37: in function 'loadFinished'\n\t[string \".\\view/base/BaseLayer.lua\"]:31: in function <[string \".\\view/base/BaseLayer.lua\"]:30>"
    },
    {
        "logtime": "2019/05/17 16:36:57",
        "logdata": "[string \".\\client/src/controller/command/LoadViewComma...\"]:267: attempt to index local 'curRootView' (a nil value)\nstack traceback:\n\t[string \".\\framework/notify/event.lua\"]:167: in function 'call_handlers'\n\t[string \".\\framework/notify/event.lua\"]:305: in function 'emit'\n\t[string \".\\view/base/BaseLayer.lua\"]:135: in function 'emit'\n\t[string \".\\view/base/BaseLayer.lua\"]:37: in function 'loadFinished'\n\t[string \".\\view/base/BaseLayer.lua\"]:31: in function <[string \".\\view/base/BaseLayer.lua\"]:30>"
    },
    {
        "logtime": "2019/05/17 16:36:57",
        "logdata": "[string \".\\client/src/controller/command/LoadViewComma...\"]:267: attempt to index local 'curRootView' (a nil value)\nstack traceback:\n\t[string \".\\framework/notify/event.lua\"]:167: in function 'call_handlers'\n\t[string \".\\framework/notify/event.lua\"]:305: in function 'emit'\n\t[string \".\\view/base/BaseLayer.lua\"]:135: in function 'emit'\n\t[string \".\\view/base/BaseLayer.lua\"]:37: in function 'loadFinished'\n\t[string \".\\view/base/BaseLayer.lua\"]:31: in function <[string \".\\view/base/BaseLayer.lua\"]:30>"
    },
    {
        "logtime": "2019/05/17 16:36:57",
        "logdata": "[string \".\\client/src/controller/command/LoadViewComma...\"]:267: attempt to index local 'curRootView' (a nil value)\nstack traceback:\n\t[string \".\\framework/notify/event.lua\"]:167: in function 'call_handlers'\n\t[string \".\\framework/notify/event.lua\"]:305: in function 'emit'\n\t[string \".\\view/base/BaseLayer.lua\"]:135: in function 'emit'\n\t[string \".\\view/base/BaseLayer.lua\"]:37: in function 'loadFinished'\n\t[string \".\\view/base/BaseLayer.lua\"]:31: in function <[string \".\\view/base/BaseLayer.lua\"]:30>"
    },
    {
        "logtime": "2019/05/17 16:36:57",
        "logdata": "[string \".\\client/src/controller/command/LoadViewComma...\"]:267: attempt to index local 'curRootView' (a nil value)\nstack traceback:\n\t[string \".\\framework/notify/event.lua\"]:167: in function 'call_handlers'\n\t[string \".\\framework/notify/event.lua\"]:305: in function 'emit'\n\t[string \".\\view/base/BaseLayer.lua\"]:135: in function 'emit'\n\t[string \".\\view/base/BaseLayer.lua\"]:37: in function 'loadFinished'\n\t[string \".\\view/base/BaseLayer.lua\"]:31: in function <[string \".\\view/base/BaseLayer.lua\"]:30>"
    },
    {
        "logtime": "2019/05/17 16:36:57",
        "logdata": "[string \".\\client/src/controller/command/LoadViewComma...\"]:267: attempt to index local 'curRootView' (a nil value)\nstack traceback:\n\t[string \".\\framework/notify/event.lua\"]:167: in function 'call_handlers'\n\t[string \".\\framework/notify/event.lua\"]:305: in function 'emit'\n\t[string \".\\view/base/BaseLayer.lua\"]:135: in function 'emit'\n\t[string \".\\view/base/BaseLayer.lua\"]:37: in function 'loadFinished'\n\t[string \".\\view/base/BaseLayer.lua\"]:31: in function <[string \".\\view/base/BaseLayer.lua\"]:30>"
    },
    {
        "logtime": "2019/05/17 16:36:57",
        "logdata": "[string \".\\client/src/controller/command/LoadViewComma...\"]:267: attempt to index local 'curRootView' (a nil value)\nstack traceback:\n\t[string \".\\framework/notify/event.lua\"]:167: in function 'call_handlers'\n\t[string \".\\framework/notify/event.lua\"]:305: in function 'emit'\n\t[string \".\\view/base/BaseLayer.lua\"]:135: in function 'emit'\n\t[string \".\\view/base/BaseLayer.lua\"]:37: in function 'loadFinished'\n\t[string \".\\view/base/BaseLayer.lua\"]:31: in function <[string \".\\view/base/BaseLayer.lua\"]:30>"
    },
    {
        "logtime": "2019/05/17 16:36:57",
        "logdata": "[string \".\\client/src/controller/command/LoadViewComma...\"]:267: attempt to index local 'curRootView' (a nil value)\nstack traceback:\n\t[string \".\\framework/notify/event.lua\"]:167: in function 'call_handlers'\n\t[string \".\\framework/notify/event.lua\"]:305: in function 'emit'\n\t[string \".\\view/base/BaseLayer.lua\"]:135: in function 'emit'\n\t[string \".\\view/base/BaseLayer.lua\"]:37: in function 'loadFinished'\n\t[string \".\\view/base/BaseLayer.lua\"]:31: in function <[string \".\\view/base/BaseLayer.lua\"]:30>"
    },
    {
        "logtime": "2019/05/17 16:36:57",
        "logdata": "[string \".\\client/src/controller/command/LoadViewComma...\"]:267: attempt to index local 'curRootView' (a nil value)\nstack traceback:\n\t[string \".\\framework/notify/event.lua\"]:167: in function 'call_handlers'\n\t[string \".\\framework/notify/event.lua\"]:305: in function 'emit'\n\t[string \".\\view/base/BaseLayer.lua\"]:135: in function 'emit'\n\t[string \".\\view/base/BaseLayer.lua\"]:37: in function 'loadFinished'\n\t[string \".\\view/base/BaseLayer.lua\"]:31: in function <[string \".\\view/base/BaseLayer.lua\"]:30>"
    },
    {
        "logtime": "2019/05/17 16:36:57",
        "logdata": "[string \".\\client/src/controller/command/LoadViewComma...\"]:267: attempt to index local 'curRootView' (a nil value)\nstack traceback:\n\t[string \".\\framework/notify/event.lua\"]:167: in function 'call_handlers'\n\t[string \".\\framework/notify/event.lua\"]:305: in function 'emit'\n\t[string \".\\view/base/BaseLayer.lua\"]:135: in function 'emit'\n\t[string \".\\view/base/BaseLayer.lua\"]:37: in function 'loadFinished'\n\t[string \".\\view/base/BaseLayer.lua\"]:31: in function <[string \".\\view/base/BaseLayer.lua\"]:30>"
    },
    {
        "logtime": "2019/05/17 16:36:57",
        "logdata": "[string \".\\client/src/controller/command/LoadViewComma...\"]:267: attempt to index local 'curRootView' (a nil value)\nstack traceback:\n\t[string \".\\framework/notify/event.lua\"]:167: in function 'call_handlers'\n\t[string \".\\framework/notify/event.lua\"]:305: in function 'emit'\n\t[string \".\\view/base/BaseLayer.lua\"]:135: in function 'emit'\n\t[string \".\\view/base/BaseLayer.lua\"]:37: in function 'loadFinished'\n\t[string \".\\view/base/BaseLayer.lua\"]:31: in function <[string \".\\view/base/BaseLayer.lua\"]:30>"
    },
    {
        "logtime": "2019/05/17 16:36:57",
        "logdata": "[string \".\\client/src/controller/command/LoadViewComma...\"]:267: attempt to index local 'curRootView' (a nil value)\nstack traceback:\n\t[string \".\\framework/notify/event.lua\"]:167: in function 'call_handlers'\n\t[string \".\\framework/notify/event.lua\"]:305: in function 'emit'\n\t[string \".\\view/base/BaseLayer.lua\"]:135: in function 'emit'\n\t[string \".\\view/base/BaseLayer.lua\"]:37: in function 'loadFinished'\n\t[string \".\\view/base/BaseLayer.lua\"]:31: in function <[string \".\\view/base/BaseLayer.lua\"]:30>"
    },
    {
        "logtime": "2019/05/17 16:36:57",
        "logdata": "[string \".\\client/src/controller/command/LoadViewComma...\"]:267: attempt to index local 'curRootView' (a nil value)\nstack traceback:\n\t[string \".\\framework/notify/event.lua\"]:167: in function 'call_handlers'\n\t[string \".\\framework/notify/event.lua\"]:305: in function 'emit'\n\t[string \".\\view/base/BaseLayer.lua\"]:135: in function 'emit'\n\t[string \".\\view/base/BaseLayer.lua\"]:37: in function 'loadFinished'\n\t[string \".\\view/base/BaseLayer.lua\"]:31: in function <[string \".\\view/base/BaseLayer.lua\"]:30>"
    },
    {
        "logtime": "2019/05/17 16:36:57",
        "logdata": "[string \".\\client/src/controller/command/LoadViewComma...\"]:267: attempt to index local 'curRootView' (a nil value)\nstack traceback:\n\t[string \".\\framework/notify/event.lua\"]:167: in function 'call_handlers'\n\t[string \".\\framework/notify/event.lua\"]:305: in function 'emit'\n\t[string \".\\view/base/BaseLayer.lua\"]:135: in function 'emit'\n\t[string \".\\view/base/BaseLayer.lua\"]:37: in function 'loadFinished'\n\t[string \".\\view/base/BaseLayer.lua\"]:31: in function <[string \".\\view/base/BaseLayer.lua\"]:30>"
    },
    {
        "logtime": "2019/05/17 16:36:57",
        "logdata": "[string \".\\client/src/controller/command/LoadViewComma...\"]:267: attempt to index local 'curRootView' (a nil value)\nstack traceback:\n\t[string \".\\framework/notify/event.lua\"]:167: in function 'call_handlers'\n\t[string \".\\framework/notify/event.lua\"]:305: in function 'emit'\n\t[string \".\\view/base/BaseLayer.lua\"]:135: in function 'emit'\n\t[string \".\\view/base/BaseLayer.lua\"]:37: in function 'loadFinished'\n\t[string \".\\view/base/BaseLayer.lua\"]:31: in function <[string \".\\view/base/BaseLayer.lua\"]:30>"
    },
    {
        "logtime": "2019/05/17 16:36:57",
        "logdata": "[string \".\\client/src/controller/command/LoadViewComma...\"]:267: attempt to index local 'curRootView' (a nil value)\nstack traceback:\n\t[string \".\\framework/notify/event.lua\"]:167: in function 'call_handlers'\n\t[string \".\\framework/notify/event.lua\"]:305: in function 'emit'\n\t[string \".\\view/base/BaseLayer.lua\"]:135: in function 'emit'\n\t[string \".\\view/base/BaseLayer.lua\"]:37: in function 'loadFinished'\n\t[string \".\\view/base/BaseLayer.lua\"]:31: in function <[string \".\\view/base/BaseLayer.lua\"]:30>"
    },
    {
        "logtime": "2019/05/17 16:36:57",
        "logdata": "[string \".\\client/src/controller/command/LoadViewComma...\"]:267: attempt to index local 'curRootView' (a nil value)\nstack traceback:\n\t[string \".\\framework/notify/event.lua\"]:167: in function 'call_handlers'\n\t[string \".\\framework/notify/event.lua\"]:305: in function 'emit'\n\t[string \".\\view/base/BaseLayer.lua\"]:135: in function 'emit'\n\t[string \".\\view/base/BaseLayer.lua\"]:37: in function 'loadFinished'\n\t[string \".\\view/base/BaseLayer.lua\"]:31: in function <[string \".\\view/base/BaseLayer.lua\"]:30>"
    },
    {
        "logtime": "2019/05/17 16:36:57",
        "logdata": "[string \".\\client/src/controller/command/LoadViewComma...\"]:267: attempt to index local 'curRootView' (a nil value)\nstack traceback:\n\t[string \".\\framework/notify/event.lua\"]:167: in function 'call_handlers'\n\t[string \".\\framework/notify/event.lua\"]:305: in function 'emit'\n\t[string \".\\view/base/BaseLayer.lua\"]:135: in function 'emit'\n\t[string \".\\view/base/BaseLayer.lua\"]:37: in function 'loadFinished'\n\t[string \".\\view/base/BaseLayer.lua\"]:31: in function <[string \".\\view/base/BaseLayer.lua\"]:30>"
    },
    {
        "logtime": "2019/05/17 16:36:57",
        "logdata": "[string \".\\client/src/controller/command/LoadViewComma...\"]:267: attempt to index local 'curRootView' (a nil value)\nstack traceback:\n\t[string \".\\framework/notify/event.lua\"]:167: in function 'call_handlers'\n\t[string \".\\framework/notify/event.lua\"]:305: in function 'emit'\n\t[string \".\\view/base/BaseLayer.lua\"]:135: in function 'emit'\n\t[string \".\\view/base/BaseLayer.lua\"]:37: in function 'loadFinished'\n\t[string \".\\view/base/BaseLayer.lua\"]:31: in function <[string \".\\view/base/BaseLayer.lua\"]:30>"
    },
    {
        "logtime": "2019/05/17 16:36:57",
        "logdata": "[string \".\\client/src/controller/command/LoadViewComma...\"]:267: attempt to index local 'curRootView' (a nil value)\nstack traceback:\n\t[string \".\\framework/notify/event.lua\"]:167: in function 'call_handlers'\n\t[string \".\\framework/notify/event.lua\"]:305: in function 'emit'\n\t[string \".\\view/base/BaseLayer.lua\"]:135: in function 'emit'\n\t[string \".\\view/base/BaseLayer.lua\"]:37: in function 'loadFinished'\n\t[string \".\\view/base/BaseLayer.lua\"]:31: in function <[string \".\\view/base/BaseLayer.lua\"]:30>"
    },
    {
        "logtime": "2019/05/17 16:36:58",
        "logdata": "[string \".\\client/src/controller/command/LoadViewComma...\"]:267: attempt to index local 'curRootView' (a nil value)\nstack traceback:\n\t[string \".\\framework/notify/event.lua\"]:167: in function 'call_handlers'\n\t[string \".\\framework/notify/event.lua\"]:305: in function 'emit'\n\t[string \".\\view/base/BaseLayer.lua\"]:135: in function 'emit'\n\t[string \".\\view/base/BaseLayer.lua\"]:37: in function 'loadFinished'\n\t[string \".\\view/base/BaseLayer.lua\"]:31: in function <[string \".\\view/base/BaseLayer.lua\"]:30>"
    },
    {
        "logtime": "2019/05/17 16:36:58",
        "logdata": "[string \".\\client/src/controller/command/LoadViewComma...\"]:267: attempt to index local 'curRootView' (a nil value)\nstack traceback:\n\t[string \".\\framework/notify/event.lua\"]:167: in function 'call_handlers'\n\t[string \".\\framework/notify/event.lua\"]:305: in function 'emit'\n\t[string \".\\view/base/BaseLayer.lua\"]:135: in function 'emit'\n\t[string \".\\view/base/BaseLayer.lua\"]:37: in function 'loadFinished'\n\t[string \".\\view/base/BaseLayer.lua\"]:31: in function <[string \".\\view/base/BaseLayer.lua\"]:30>"
    },
    {
        "logtime": "2019/05/17 16:36:58",
        "logdata": "[string \".\\client/src/controller/command/LoadViewComma...\"]:267: attempt to index local 'curRootView' (a nil value)\nstack traceback:\n\t[string \".\\framework/notify/event.lua\"]:167: in function 'call_handlers'\n\t[string \".\\framework/notify/event.lua\"]:305: in function 'emit'\n\t[string \".\\view/base/BaseLayer.lua\"]:135: in function 'emit'\n\t[string \".\\view/base/BaseLayer.lua\"]:37: in function 'loadFinished'\n\t[string \".\\view/base/BaseLayer.lua\"]:31: in function <[string \".\\view/base/BaseLayer.lua\"]:30>"
    },
    {
        "logtime": "2019/05/17 16:36:58",
        "logdata": "[string \".\\client/src/controller/command/LoadViewComma...\"]:267: attempt to index local 'curRootView' (a nil value)\nstack traceback:\n\t[string \".\\framework/notify/event.lua\"]:167: in function 'call_handlers'\n\t[string \".\\framework/notify/event.lua\"]:305: in function 'emit'\n\t[string \".\\view/base/BaseLayer.lua\"]:135: in function 'emit'\n\t[string \".\\view/base/BaseLayer.lua\"]:37: in function 'loadFinished'\n\t[string \".\\view/base/BaseLayer.lua\"]:31: in function <[string \".\\view/base/BaseLayer.lua\"]:30>"
    },
    {
        "logtime": "2019/05/17 16:36:58",
        "logdata": "[string \".\\client/src/controller/command/LoadViewComma...\"]:267: attempt to index local 'curRootView' (a nil value)\nstack traceback:\n\t[string \".\\framework/notify/event.lua\"]:167: in function 'call_handlers'\n\t[string \".\\framework/notify/event.lua\"]:305: in function 'emit'\n\t[string \".\\view/base/BaseLayer.lua\"]:135: in function 'emit'\n\t[string \".\\view/base/BaseLayer.lua\"]:37: in function 'loadFinished'\n\t[string \".\\view/base/BaseLayer.lua\"]:31: in function <[string \".\\view/base/BaseLayer.lua\"]:30>"
    },
    {
        "logtime": "2019/05/17 16:36:58",
        "logdata": "[string \".\\client/src/controller/command/LoadViewComma...\"]:267: attempt to index local 'curRootView' (a nil value)\nstack traceback:\n\t[string \".\\framework/notify/event.lua\"]:167: in function 'call_handlers'\n\t[string \".\\framework/notify/event.lua\"]:305: in function 'emit'\n\t[string \".\\view/base/BaseLayer.lua\"]:135: in function 'emit'\n\t[string \".\\view/base/BaseLayer.lua\"]:37: in function 'loadFinished'\n\t[string \".\\view/base/BaseLayer.lua\"]:31: in function <[string \".\\view/base/BaseLayer.lua\"]:30>"
    },
    {
        "logtime": "2019/05/17 16:36:58",
        "logdata": "[string \".\\client/src/controller/command/LoadViewComma...\"]:267: attempt to index local 'curRootView' (a nil value)\nstack traceback:\n\t[string \".\\framework/notify/event.lua\"]:167: in function 'call_handlers'\n\t[string \".\\framework/notify/event.lua\"]:305: in function 'emit'\n\t[string \".\\view/base/BaseLayer.lua\"]:135: in function 'emit'\n\t[string \".\\view/base/BaseLayer.lua\"]:37: in function 'loadFinished'\n\t[string \".\\view/base/BaseLayer.lua\"]:31: in function <[string \".\\view/base/BaseLayer.lua\"]:30>"
    },
    {
        "logtime": "2019/05/17 16:36:58",
        "logdata": "[string \".\\client/src/controller/command/LoadViewComma...\"]:267: attempt to index local 'curRootView' (a nil value)\nstack traceback:\n\t[string \".\\framework/notify/event.lua\"]:167: in function 'call_handlers'\n\t[string \".\\framework/notify/event.lua\"]:305: in function 'emit'\n\t[string \".\\view/base/BaseLayer.lua\"]:135: in function 'emit'\n\t[string \".\\view/base/BaseLayer.lua\"]:37: in function 'loadFinished'\n\t[string \".\\view/base/BaseLayer.lua\"]:31: in function <[string \".\\view/base/BaseLayer.lua\"]:30>"
    },
    {
        "logtime": "2019/05/17 16:36:58",
        "logdata": "[string \".\\client/src/controller/command/LoadViewComma...\"]:267: attempt to index local 'curRootView' (a nil value)\nstack traceback:\n\t[string \".\\framework/notify/event.lua\"]:167: in function 'call_handlers'\n\t[string \".\\framework/notify/event.lua\"]:305: in function 'emit'\n\t[string \".\\view/base/BaseLayer.lua\"]:135: in function 'emit'\n\t[string \".\\view/base/BaseLayer.lua\"]:37: in function 'loadFinished'\n\t[string \".\\view/base/BaseLayer.lua\"]:31: in function <[string \".\\view/base/BaseLayer.lua\"]:30>"
    },
    {
        "logtime": "2019/05/17 16:36:58",
        "logdata": "[string \".\\client/src/controller/command/LoadViewComma...\"]:267: attempt to index local 'curRootView' (a nil value)\nstack traceback:\n\t[string \".\\framework/notify/event.lua\"]:167: in function 'call_handlers'\n\t[string \".\\framework/notify/event.lua\"]:305: in function 'emit'\n\t[string \".\\view/base/BaseLayer.lua\"]:135: in function 'emit'\n\t[string \".\\view/base/BaseLayer.lua\"]:37: in function 'loadFinished'\n\t[string \".\\view/base/BaseLayer.lua\"]:31: in function <[string \".\\view/base/BaseLayer.lua\"]:30>"
    },
    {
        "logtime": "2019/05/17 16:36:58",
        "logdata": "[string \".\\client/src/controller/command/LoadViewComma...\"]:267: attempt to index local 'curRootView' (a nil value)\nstack traceback:\n\t[string \".\\framework/notify/event.lua\"]:167: in function 'call_handlers'\n\t[string \".\\framework/notify/event.lua\"]:305: in function 'emit'\n\t[string \".\\view/base/BaseLayer.lua\"]:135: in function 'emit'\n\t[string \".\\view/base/BaseLayer.lua\"]:37: in function 'loadFinished'\n\t[string \".\\view/base/BaseLayer.lua\"]:31: in function <[string \".\\view/base/BaseLayer.lua\"]:30>"
    },
    {
        "logtime": "2019/05/17 16:36:58",
        "logdata": "[string \".\\client/src/controller/command/LoadViewComma...\"]:267: attempt to index local 'curRootView' (a nil value)\nstack traceback:\n\t[string \".\\framework/notify/event.lua\"]:167: in function 'call_handlers'\n\t[string \".\\framework/notify/event.lua\"]:305: in function 'emit'\n\t[string \".\\view/base/BaseLayer.lua\"]:135: in function 'emit'\n\t[string \".\\view/base/BaseLayer.lua\"]:37: in function 'loadFinished'\n\t[string \".\\view/base/BaseLayer.lua\"]:31: in function <[string \".\\view/base/BaseLayer.lua\"]:30>"
    },
    {
        "logtime": "2019/05/17 16:36:58",
        "logdata": "[string \".\\client/src/controller/command/LoadViewComma...\"]:267: attempt to index local 'curRootView' (a nil value)\nstack traceback:\n\t[string \".\\framework/notify/event.lua\"]:167: in function 'call_handlers'\n\t[string \".\\framework/notify/event.lua\"]:305: in function 'emit'\n\t[string \".\\view/base/BaseLayer.lua\"]:135: in function 'emit'\n\t[string \".\\view/base/BaseLayer.lua\"]:37: in function 'loadFinished'\n\t[string \".\\view/base/BaseLayer.lua\"]:31: in function <[string \".\\view/base/BaseLayer.lua\"]:30>"
    },
    {
        "logtime": "2019/05/17 16:36:58",
        "logdata": "[string \".\\client/src/controller/command/LoadViewComma...\"]:267: attempt to index local 'curRootView' (a nil value)\nstack traceback:\n\t[string \".\\framework/notify/event.lua\"]:167: in function 'call_handlers'\n\t[string \".\\framework/notify/event.lua\"]:305: in function 'emit'\n\t[string \".\\view/base/BaseLayer.lua\"]:135: in function 'emit'\n\t[string \".\\view/base/BaseLayer.lua\"]:37: in function 'loadFinished'\n\t[string \".\\view/base/BaseLayer.lua\"]:31: in function <[string \".\\view/base/BaseLayer.lua\"]:30>"
    },
    {
        "logtime": "2019/05/17 16:36:58",
        "logdata": "[string \".\\client/src/controller/command/LoadViewComma...\"]:267: attempt to index local 'curRootView' (a nil value)\nstack traceback:\n\t[string \".\\framework/notify/event.lua\"]:167: in function 'call_handlers'\n\t[string \".\\framework/notify/event.lua\"]:305: in function 'emit'\n\t[string \".\\view/base/BaseLayer.lua\"]:135: in function 'emit'\n\t[string \".\\view/base/BaseLayer.lua\"]:37: in function 'loadFinished'\n\t[string \".\\view/base/BaseLayer.lua\"]:31: in function <[string \".\\view/base/BaseLayer.lua\"]:30>"
    },
    {
        "logtime": "2019/05/17 16:36:58",
        "logdata": "[string \".\\client/src/controller/command/LoadViewComma...\"]:267: attempt to index local 'curRootView' (a nil value)\nstack traceback:\n\t[string \".\\framework/notify/event.lua\"]:167: in function 'call_handlers'\n\t[string \".\\framework/notify/event.lua\"]:305: in function 'emit'\n\t[string \".\\view/base/BaseLayer.lua\"]:135: in function 'emit'\n\t[string \".\\view/base/BaseLayer.lua\"]:37: in function 'loadFinished'\n\t[string \".\\view/base/BaseLayer.lua\"]:31: in function <[string \".\\view/base/BaseLayer.lua\"]:30>"
    },
    {
        "logtime": "2019/05/17 16:36:59",
        "logdata": "[string \".\\client/src/controller/command/LoadViewComma...\"]:267: attempt to index local 'curRootView' (a nil value)\nstack traceback:\n\t[string \".\\framework/notify/event.lua\"]:167: in function 'call_handlers'\n\t[string \".\\framework/notify/event.lua\"]:305: in function 'emit'\n\t[string \".\\view/base/BaseLayer.lua\"]:135: in function 'emit'\n\t[string \".\\view/base/BaseLayer.lua\"]:37: in function 'loadFinished'\n\t[string \".\\view/base/BaseLayer.lua\"]:31: in function <[string \".\\view/base/BaseLayer.lua\"]:30>"
    },
    {
        "logtime": "2019/05/17 16:36:59",
        "logdata": "[string \".\\client/src/controller/command/LoadViewComma...\"]:267: attempt to index local 'curRootView' (a nil value)\nstack traceback:\n\t[string \".\\framework/notify/event.lua\"]:167: in function 'call_handlers'\n\t[string \".\\framework/notify/event.lua\"]:305: in function 'emit'\n\t[string \".\\view/base/BaseLayer.lua\"]:135: in function 'emit'\n\t[string \".\\view/base/BaseLayer.lua\"]:37: in function 'loadFinished'\n\t[string \".\\view/base/BaseLayer.lua\"]:31: in function <[string \".\\view/base/BaseLayer.lua\"]:30>"
    },
    {
        "logtime": "2019/05/17 16:36:59",
        "logdata": "[string \".\\client/src/controller/command/LoadViewComma...\"]:267: attempt to index local 'curRootView' (a nil value)\nstack traceback:\n\t[string \".\\framework/notify/event.lua\"]:167: in function 'call_handlers'\n\t[string \".\\framework/notify/event.lua\"]:305: in function 'emit'\n\t[string \".\\view/base/BaseLayer.lua\"]:135: in function 'emit'\n\t[string \".\\view/base/BaseLayer.lua\"]:37: in function 'loadFinished'\n\t[string \".\\view/base/BaseLayer.lua\"]:31: in function <[string \".\\view/base/BaseLayer.lua\"]:30>"
    },
    {
        "logtime": "2019/05/17 16:36:59",
        "logdata": "[string \".\\client/src/controller/command/LoadViewComma...\"]:267: attempt to index local 'curRootView' (a nil value)\nstack traceback:\n\t[string \".\\framework/notify/event.lua\"]:167: in function 'call_handlers'\n\t[string \".\\framework/notify/event.lua\"]:305: in function 'emit'\n\t[string \".\\view/base/BaseLayer.lua\"]:135: in function 'emit'\n\t[string \".\\view/base/BaseLayer.lua\"]:37: in function 'loadFinished'\n\t[string \".\\view/base/BaseLayer.lua\"]:31: in function <[string \".\\view/base/BaseLayer.lua\"]:30>"
    },
    {
        "logtime": "2019/05/17 16:36:59",
        "logdata": "[string \".\\client/src/controller/command/LoadViewComma...\"]:267: attempt to index local 'curRootView' (a nil value)\nstack traceback:\n\t[string \".\\framework/notify/event.lua\"]:167: in function 'call_handlers'\n\t[string \".\\framework/notify/event.lua\"]:305: in function 'emit'\n\t[string \".\\view/base/BaseLayer.lua\"]:135: in function 'emit'\n\t[string \".\\view/base/BaseLayer.lua\"]:37: in function 'loadFinished'\n\t[string \".\\view/base/BaseLayer.lua\"]:31: in function <[string \".\\view/base/BaseLayer.lua\"]:30>"
    },
    {
        "logtime": "2019/05/17 16:36:59",
        "logdata": "[string \".\\client/src/controller/command/LoadViewComma...\"]:267: attempt to index local 'curRootView' (a nil value)\nstack traceback:\n\t[string \".\\framework/notify/event.lua\"]:167: in function 'call_handlers'\n\t[string \".\\framework/notify/event.lua\"]:305: in function 'emit'\n\t[string \".\\view/base/BaseLayer.lua\"]:135: in function 'emit'\n\t[string \".\\view/base/BaseLayer.lua\"]:37: in function 'loadFinished'\n\t[string \".\\view/base/BaseLayer.lua\"]:31: in function <[string \".\\view/base/BaseLayer.lua\"]:30>"
    },
    {
        "logtime": "2019/05/17 16:36:59",
        "logdata": "[string \".\\client/src/controller/command/LoadViewComma...\"]:267: attempt to index local 'curRootView' (a nil value)\nstack traceback:\n\t[string \".\\framework/notify/event.lua\"]:167: in function 'call_handlers'\n\t[string \".\\framework/notify/event.lua\"]:305: in function 'emit'\n\t[string \".\\view/base/BaseLayer.lua\"]:135: in function 'emit'\n\t[string \".\\view/base/BaseLayer.lua\"]:37: in function 'loadFinished'\n\t[string \".\\view/base/BaseLayer.lua\"]:31: in function <[string \".\\view/base/BaseLayer.lua\"]:30>"
    },
    {
        "logtime": "2019/05/17 16:36:59",
        "logdata": "[string \".\\client/src/controller/command/LoadViewComma...\"]:267: attempt to index local 'curRootView' (a nil value)\nstack traceback:\n\t[string \".\\framework/notify/event.lua\"]:167: in function 'call_handlers'\n\t[string \".\\framework/notify/event.lua\"]:305: in function 'emit'\n\t[string \".\\view/base/BaseLayer.lua\"]:135: in function 'emit'\n\t[string \".\\view/base/BaseLayer.lua\"]:37: in function 'loadFinished'\n\t[string \".\\view/base/BaseLayer.lua\"]:31: in function <[string \".\\view/base/BaseLayer.lua\"]:30>"
    },
    {
        "logtime": "2019/05/17 16:36:59",
        "logdata": "[string \".\\client/src/controller/command/LoadViewComma...\"]:267: attempt to index local 'curRootView' (a nil value)\nstack traceback:\n\t[string \".\\framework/notify/event.lua\"]:167: in function 'call_handlers'\n\t[string \".\\framework/notify/event.lua\"]:305: in function 'emit'\n\t[string \".\\view/base/BaseLayer.lua\"]:135: in function 'emit'\n\t[string \".\\view/base/BaseLayer.lua\"]:37: in function 'loadFinished'\n\t[string \".\\view/base/BaseLayer.lua\"]:31: in function <[string \".\\view/base/BaseLayer.lua\"]:30>"
    },
    {
        "logtime": "2019/05/17 16:36:59",
        "logdata": "[string \".\\client/src/controller/command/LoadViewComma...\"]:267: attempt to index local 'curRootView' (a nil value)\nstack traceback:\n\t[string \".\\framework/notify/event.lua\"]:167: in function 'call_handlers'\n\t[string \".\\framework/notify/event.lua\"]:305: in function 'emit'\n\t[string \".\\view/base/BaseLayer.lua\"]:135: in function 'emit'\n\t[string \".\\view/base/BaseLayer.lua\"]:37: in function 'loadFinished'\n\t[string \".\\view/base/BaseLayer.lua\"]:31: in function <[string \".\\view/base/BaseLayer.lua\"]:30>"
    },
    {
        "logtime": "2019/05/17 16:36:59",
        "logdata": "[string \".\\client/src/controller/command/LoadViewComma...\"]:267: attempt to index local 'curRootView' (a nil value)\nstack traceback:\n\t[string \".\\framework/notify/event.lua\"]:167: in function 'call_handlers'\n\t[string \".\\framework/notify/event.lua\"]:305: in function 'emit'\n\t[string \".\\view/base/BaseLayer.lua\"]:135: in function 'emit'\n\t[string \".\\view/base/BaseLayer.lua\"]:37: in function 'loadFinished'\n\t[string \".\\view/base/BaseLayer.lua\"]:31: in function <[string \".\\view/base/BaseLayer.lua\"]:30>"
    },
    {
        "logtime": "2019/05/17 16:36:59",
        "logdata": "[string \".\\client/src/controller/command/LoadViewComma...\"]:267: attempt to index local 'curRootView' (a nil value)\nstack traceback:\n\t[string \".\\framework/notify/event.lua\"]:167: in function 'call_handlers'\n\t[string \".\\framework/notify/event.lua\"]:305: in function 'emit'\n\t[string \".\\view/base/BaseLayer.lua\"]:135: in function 'emit'\n\t[string \".\\view/base/BaseLayer.lua\"]:37: in function 'loadFinished'\n\t[string \".\\view/base/BaseLayer.lua\"]:31: in function <[string \".\\view/base/BaseLayer.lua\"]:30>"
    }
]