[
    {
        "logtime": "2019/07/24 17:15:57",
        "logdata": "LogonScene.onceExcute"
    },
    {
        "logtime": "2019/07/24 17:15:57",
        "logdata": "http://www.fuannabbs.top/"
    },
    {
        "logtime": "2019/07/24 17:15:58",
        "logdata": "url"
    },
    {
        "logtime": "2019/07/24 17:15:58",
        "logdata": "http://www.fuannabbs.top//ws/MobileInterface.ashx?action=GetMobileLoginNotice"
    },
    {
        "logtime": "2019/07/24 17:15:58",
        "logdata": ""
    }
]