[
    {
        "logtime": "2019/05/17 13:38:35",
        "logdata": "LogonScene.onceExcute"
    },
    {
        "logtime": "2019/05/17 13:38:35",
        "logdata": "http://www.fuannainc.top/"
    },
    {
        "logtime": "2019/05/17 13:38:35",
        "logdata": "url"
    },
    {
        "logtime": "2019/05/17 13:38:35",
        "logdata": "http://www.fuannainc.top//ws/MobileInterface.ashx?action=GetMobileLoginNotice"
    },
    {
        "logtime": "2019/05/17 13:38:35",
        "logdata": ""
    }
]