[
    {
        "logtime": "2019/07/09 14:34:44",
        "logdata": "LogonScene.onceExcute"
    },
    {
        "logtime": "2019/07/09 14:34:44",
        "logdata": "http://www.fuannainc.top/"
    },
    {
        "logtime": "2019/07/09 14:34:44",
        "logdata": "url"
    },
    {
        "logtime": "2019/07/09 14:34:44",
        "logdata": "http://www.fuannainc.top//ws/MobileInterface.ashx?action=GetMobileLoginNotice"
    },
    {
        "logtime": "2019/07/09 14:34:44",
        "logdata": ""
    },
    {
        "logtime": "2019/07/09 14:34:46",
        "logdata": "onLogonCallBack"
    },
    {
        "logtime": "2019/07/09 14:34:46",
        "logdata": "http://www.fuannainc.top/"
    },
    {
        "logtime": "2019/07/09 14:34:46",
        "logdata": "url"
    },
    {
        "logtime": "2019/07/09 14:34:46",
        "logdata": "http://www.fuannainc.top//WS/MobileInterface.ashx"
    },
    {
        "logtime": "2019/07/09 14:34:46",
        "logdata": "action=GetMobileShareConfig&userid=119944&time=1562654086&signature=60F4CB437E475CBE90F205A1D2A5704F"
    },
    {
        "logtime": "2019/07/09 14:34:48",
        "logdata": "url"
    },
    {
        "logtime": "2019/07/09 14:34:48",
        "logdata": "http://www.fuannainc.top//WS/MobileInterface.ashx?action=GetMobileRollNotice"
    },
    {
        "logtime": "2019/07/09 14:34:48",
        "logdata": ""
    },
    {
        "logtime": "2019/07/09 14:34:50",
        "logdata": "keys2"
    },
    {
        "logtime": "2019/07/09 14:34:50",
        "logdata": "string"
    },
    {
        "logtime": "2019/07/09 14:34:50",
        "logdata": "keys2"
    },
    {
        "logtime": "2019/07/09 14:34:50",
        "logdata": "string"
    },
    {
        "logtime": "2019/07/09 14:34:50",
        "logdata": "keys2"
    },
    {
        "logtime": "2019/07/09 14:34:50",
        "logdata": "double"
    },
    {
        "logtime": "2019/07/09 14:34:50",
        "logdata": "keys2"
    },
    {
        "logtime": "2019/07/09 14:34:50",
        "logdata": "string"
    },
    {
        "logtime": "2019/07/09 14:34:50",
        "logdata": "keys2"
    },
    {
        "logtime": "2019/07/09 14:34:50",
        "logdata": "byte"
    },
    {
        "logtime": "2019/07/09 14:34:50",
        "logdata": "keys2"
    },
    {
        "logtime": "2019/07/09 14:34:50",
        "logdata": "word"
    },
    {
        "logtime": "2019/07/09 14:34:50",
        "logdata": "keys2"
    },
    {
        "logtime": "2019/07/09 14:34:50",
        "logdata": "word"
    },
    {
        "logtime": "2019/07/09 14:34:50",
        "logdata": "keys2"
    },
    {
        "logtime": "2019/07/09 14:34:50",
        "logdata": "word"
    },
    {
        "logtime": "2019/07/09 14:34:50",
        "logdata": "keys2"
    },
    {
        "logtime": "2019/07/09 14:34:50",
        "logdata": "word"
    },
    {
        "logtime": "2019/07/09 14:34:50",
        "logdata": "keys2"
    },
    {
        "logtime": "2019/07/09 14:34:50",
        "logdata": "double"
    },
    {
        "logtime": "2019/07/09 14:34:50",
        "logdata": "keys2"
    },
    {
        "logtime": "2019/07/09 14:34:50",
        "logdata": "double"
    },
    {
        "logtime": "2019/07/09 14:34:50",
        "logdata": "keys2"
    },
    {
        "logtime": "2019/07/09 14:34:50",
        "logdata": "double"
    }
]