[
    {
        "logtime": "2019/05/22 17:37:54",
        "logdata": "LogonScene.onceExcute"
    },
    {
        "logtime": "2019/05/22 17:37:54",
        "logdata": "http://www.fuannainc.top/"
    },
    {
        "logtime": "2019/05/22 17:37:55",
        "logdata": "url"
    },
    {
        "logtime": "2019/05/22 17:37:55",
        "logdata": "http://www.fuannainc.top//ws/MobileInterface.ashx?action=GetMobileLoginNotice"
    },
    {
        "logtime": "2019/05/22 17:37:55",
        "logdata": ""
    },
    {
        "logtime": "2019/05/22 17:37:56",
        "logdata": "url"
    },
    {
        "logtime": "2019/05/22 17:37:56",
        "logdata": "http://apis.juhe.cn/ip/ip2addr?ip=183.53.106.122&key=74bb0395667b8d0588df9ebd6fc36a12"
    },
    {
        "logtime": "2019/05/22 17:37:56",
        "logdata": ""
    },
    {
        "logtime": "2019/05/22 17:37:56",
        "logdata": "onLogonCallBack"
    },
    {
        "logtime": "2019/05/22 17:37:56",
        "logdata": "http://www.fuannainc.top/"
    },
    {
        "logtime": "2019/05/22 17:37:56",
        "logdata": "url"
    },
    {
        "logtime": "2019/05/22 17:37:56",
        "logdata": "http://www.fuannainc.top//WS/MobileInterface.ashx"
    },
    {
        "logtime": "2019/05/22 17:37:56",
        "logdata": "action=GetMobileShareConfig&userid=119903&time=1558517876&signature=98E326ECB1F4F6CA2AD32D21D2CAEF05"
    },
    {
        "logtime": "2019/05/22 17:37:59",
        "logdata": "url"
    },
    {
        "logtime": "2019/05/22 17:37:59",
        "logdata": "http://www.fuannainc.top//WS/MobileInterface.ashx?action=GetMobileRollNotice"
    },
    {
        "logtime": "2019/05/22 17:37:59",
        "logdata": ""
    }
]