[
    {
        "logtime": "2019/07/02 19:04:44",
        "logdata": "LogonScene.onceExcute"
    },
    {
        "logtime": "2019/07/02 19:04:44",
        "logdata": "http://www.fuannainc.top/"
    },
    {
        "logtime": "2019/07/02 19:04:44",
        "logdata": "url"
    },
    {
        "logtime": "2019/07/02 19:04:44",
        "logdata": "http://www.fuannainc.top//ws/MobileInterface.ashx?action=GetMobileLoginNotice"
    },
    {
        "logtime": "2019/07/02 19:04:44",
        "logdata": ""
    },
    {
        "logtime": "2019/07/02 19:04:46",
        "logdata": "url"
    },
    {
        "logtime": "2019/07/02 19:04:46",
        "logdata": "http://apis.juhe.cn/ip/ip2addr?ip=58.23.48.188&key=74bb0395667b8d0588df9ebd6fc36a12"
    },
    {
        "logtime": "2019/07/02 19:04:46",
        "logdata": ""
    },
    {
        "logtime": "2019/07/02 19:04:46",
        "logdata": "onLogonCallBack"
    },
    {
        "logtime": "2019/07/02 19:04:46",
        "logdata": "http://www.fuannainc.top/"
    },
    {
        "logtime": "2019/07/02 19:04:46",
        "logdata": "url"
    },
    {
        "logtime": "2019/07/02 19:04:46",
        "logdata": "http://www.fuannainc.top//WS/MobileInterface.ashx"
    },
    {
        "logtime": "2019/07/02 19:04:46",
        "logdata": "action=GetMobileShareConfig&userid=120187&time=1562065486&signature=E9A29735DDE69CD46DF5C443FEA89257"
    },
    {
        "logtime": "2019/07/02 19:04:48",
        "logdata": "url"
    },
    {
        "logtime": "2019/07/02 19:04:48",
        "logdata": "http://www.fuannainc.top//WS/MobileInterface.ashx?action=GetMobileRollNotice"
    },
    {
        "logtime": "2019/07/02 19:04:48",
        "logdata": ""
    },
    {
        "logtime": "2019/07/02 19:04:52",
        "logdata": null
    },
    {
        "logtime": "2019/07/02 19:04:52",
        "logdata": "onEnterGame"
    },
    {
        "logtime": "2019/07/02 19:04:52",
        "logdata": {
            "_ServerResVersion": 10,
            "_Active": true,
            "_KindVersion": "101122049",
            "_KindType": 1,
            "_Module": "xiuxian/shuiguolaba/",
            "_KindID": "406",
            "_Type": "xiuxian",
            "_KindName": "xiuxian.shuiguolaba.",
            "_SortId": 0
        }
    },
    {
        "logtime": "2019/07/02 19:04:52",
        "logdata": "GlobalUserItem.getCurGameKind()"
    },
    {
        "logtime": "2019/07/02 19:04:52",
        "logdata": 406
    },
    {
        "logtime": "2019/07/02 19:04:53",
        "logdata": "url"
    },
    {
        "logtime": "2019/07/02 19:04:53",
        "logdata": "http://apis.juhe.cn/ip/ip2addr?ip=58.23.48.188&key=74bb0395667b8d0588df9ebd6fc36a12"
    },
    {
        "logtime": "2019/07/02 19:04:53",
        "logdata": ""
    },
    {
        "logtime": "2019/07/02 19:04:53",
        "logdata": "url"
    },
    {
        "logtime": "2019/07/02 19:04:53",
        "logdata": "http://apis.juhe.cn/ip/ip2addr?ip=58.23.48.188&key=74bb0395667b8d0588df9ebd6fc36a12"
    },
    {
        "logtime": "2019/07/02 19:04:53",
        "logdata": ""
    },
    {
        "logtime": "2019/07/02 19:04:53",
        "logdata": "url"
    },
    {
        "logtime": "2019/07/02 19:04:53",
        "logdata": "http://apis.juhe.cn/ip/ip2addr?ip=58.23.48.188&key=74bb0395667b8d0588df9ebd6fc36a12"
    },
    {
        "logtime": "2019/07/02 19:04:53",
        "logdata": ""
    },
    {
        "logtime": "2019/07/02 19:04:53",
        "logdata": "url"
    },
    {
        "logtime": "2019/07/02 19:04:53",
        "logdata": "http://apis.juhe.cn/ip/ip2addr?ip=58.23.48.188&key=74bb0395667b8d0588df9ebd6fc36a12"
    },
    {
        "logtime": "2019/07/02 19:04:53",
        "logdata": ""
    },
    {
        "logtime": "2019/07/02 19:04:53",
        "logdata": {
            "_ServerResVersion": 10,
            "_Active": true,
            "_KindVersion": "101122049",
            "_KindType": 1,
            "_Module": "xiuxian/shuiguolaba/",
            "_KindID": "406",
            "_Type": "xiuxian",
            "nSitChair": 65535,
            "_KindName": "xiuxian.shuiguolaba.",
            "nEnterRoomIndex": 1,
            "nSitTable": 65535,
            "_SortId": 0
        }
    },
    {
        "logtime": "2019/07/02 19:04:53",
        "logdata": "modulestr"
    },
    {
        "logtime": "2019/07/02 19:04:53",
        "logdata": "xiuxian/shuiguolaba/"
    }
]