[
    {
        "logtime": "2019/05/16 15:45:00",
        "logdata": "normal_to_agent_up"
    },
    {
        "logtime": "2019/05/16 15:45:03",
        "logdata": "normal_to_agent_up"
    },
    {
        "logtime": "2019/05/16 15:45:35",
        "logdata": "normal_to_agent_up"
    },
    {
        "logtime": "2019/05/16 15:45:36",
        "logdata": "normal_to_agent_up"
    },
    {
        "logtime": "2019/05/16 15:45:46",
        "logdata": "url"
    },
    {
        "logtime": "2019/05/16 15:45:46",
        "logdata": "http://www.fuannainc.top//ws/MobileInterface.ashx"
    },
    {
        "logtime": "2019/05/16 15:45:46",
        "logdata": "action=getpaylist"
    },
    {
        "logtime": "2019/05/16 15:45:46",
        "logdata": "url"
    },
    {
        "logtime": "2019/05/16 15:45:46",
        "logdata": "http://www.fuannainc.top//WS/MobileInterface.ashx"
    },
    {
        "logtime": "2019/05/16 15:45:46",
        "logdata": "action=getagentpay"
    }
]