[
    {
        "logtime": "2019/07/03 10:18:07",
        "logdata": "LogonScene.onceExcute"
    },
    {
        "logtime": "2019/07/03 10:18:07",
        "logdata": "http://www.fuannainc.top/"
    },
    {
        "logtime": "2019/07/03 10:18:07",
        "logdata": "url"
    },
    {
        "logtime": "2019/07/03 10:18:07",
        "logdata": "http://www.fuannainc.top//ws/MobileInterface.ashx?action=GetMobileLoginNotice"
    },
    {
        "logtime": "2019/07/03 10:18:07",
        "logdata": ""
    }
]