[
    {
        "logtime": "2019/07/03 11:37:13",
        "logdata": "[string \".\\game/xiuxian/shuiguolaba/src/views/layer/Ga...\"]:943: attempt to perform arithmetic on field 'time' (a nil value)\nstack traceback:"
    },
    {
        "logtime": "2019/07/03 11:37:14",
        "logdata": "[string \".\\game/xiuxian/shuiguolaba/src/views/layer/Ga...\"]:943: attempt to perform arithmetic on field 'time' (a nil value)\nstack traceback:"
    },
    {
        "logtime": "2019/07/03 11:37:14",
        "logdata": "[string \".\\game/xiuxian/shuiguolaba/src/views/layer/Ga...\"]:943: attempt to perform arithmetic on field 'time' (a nil value)\nstack traceback:"
    },
    {
        "logtime": "2019/07/03 11:37:17",
        "logdata": "LogonScene.onceExcute"
    },
    {
        "logtime": "2019/07/03 11:37:17",
        "logdata": "http://www.fuannainc.top/"
    },
    {
        "logtime": "2019/07/03 11:37:17",
        "logdata": "url"
    },
    {
        "logtime": "2019/07/03 11:37:17",
        "logdata": "http://www.fuannainc.top//ws/MobileInterface.ashx?action=GetMobileLoginNotice"
    },
    {
        "logtime": "2019/07/03 11:37:17",
        "logdata": ""
    },
    {
        "logtime": "2019/07/03 11:37:19",
        "logdata": "url"
    },
    {
        "logtime": "2019/07/03 11:37:19",
        "logdata": "http://apis.juhe.cn/ip/ip2addr?ip=58.23.48.188&key=74bb0395667b8d0588df9ebd6fc36a12"
    },
    {
        "logtime": "2019/07/03 11:37:19",
        "logdata": ""
    },
    {
        "logtime": "2019/07/03 11:37:19",
        "logdata": "onLogonCallBack"
    },
    {
        "logtime": "2019/07/03 11:37:19",
        "logdata": "http://www.fuannainc.top/"
    },
    {
        "logtime": "2019/07/03 11:37:19",
        "logdata": "url"
    },
    {
        "logtime": "2019/07/03 11:37:19",
        "logdata": "http://www.fuannainc.top//WS/MobileInterface.ashx"
    },
    {
        "logtime": "2019/07/03 11:37:19",
        "logdata": "action=GetMobileShareConfig&userid=120187&time=1562125039&signature=CC3EE1B35047A888D0D06DDA6C0A92DD"
    },
    {
        "logtime": "2019/07/03 11:37:20",
        "logdata": "url"
    },
    {
        "logtime": "2019/07/03 11:37:20",
        "logdata": "http://www.fuannainc.top//WS/MobileInterface.ashx?action=GetMobileRollNotice"
    },
    {
        "logtime": "2019/07/03 11:37:20",
        "logdata": ""
    },
    {
        "logtime": "2019/07/03 11:37:24",
        "logdata": null
    },
    {
        "logtime": "2019/07/03 11:37:24",
        "logdata": "onEnterGame"
    },
    {
        "logtime": "2019/07/03 11:37:24",
        "logdata": {
            "_ServerResVersion": 10,
            "_Active": true,
            "_KindVersion": "101122049",
            "_KindType": 1,
            "_Module": "xiuxian/shuiguolaba/",
            "_KindID": "406",
            "_Type": "xiuxian",
            "_KindName": "xiuxian.shuiguolaba.",
            "_SortId": 0
        }
    },
    {
        "logtime": "2019/07/03 11:37:24",
        "logdata": "GlobalUserItem.getCurGameKind()"
    },
    {
        "logtime": "2019/07/03 11:37:24",
        "logdata": 406
    },
    {
        "logtime": "2019/07/03 11:37:25",
        "logdata": "url"
    },
    {
        "logtime": "2019/07/03 11:37:25",
        "logdata": "http://apis.juhe.cn/ip/ip2addr?ip=58.23.48.188&key=74bb0395667b8d0588df9ebd6fc36a12"
    },
    {
        "logtime": "2019/07/03 11:37:25",
        "logdata": ""
    },
    {
        "logtime": "2019/07/03 11:37:25",
        "logdata": "url"
    },
    {
        "logtime": "2019/07/03 11:37:25",
        "logdata": "http://apis.juhe.cn/ip/ip2addr?ip=58.23.48.188&key=74bb0395667b8d0588df9ebd6fc36a12"
    },
    {
        "logtime": "2019/07/03 11:37:25",
        "logdata": ""
    },
    {
        "logtime": "2019/07/03 11:37:25",
        "logdata": "url"
    },
    {
        "logtime": "2019/07/03 11:37:25",
        "logdata": "http://apis.juhe.cn/ip/ip2addr?ip=58.23.48.188&key=74bb0395667b8d0588df9ebd6fc36a12"
    },
    {
        "logtime": "2019/07/03 11:37:25",
        "logdata": ""
    },
    {
        "logtime": "2019/07/03 11:37:25",
        "logdata": "url"
    },
    {
        "logtime": "2019/07/03 11:37:25",
        "logdata": "http://apis.juhe.cn/ip/ip2addr?ip=58.23.48.188&key=74bb0395667b8d0588df9ebd6fc36a12"
    },
    {
        "logtime": "2019/07/03 11:37:25",
        "logdata": ""
    },
    {
        "logtime": "2019/07/03 11:37:26",
        "logdata": {
            "_ServerResVersion": 10,
            "_Active": true,
            "_KindVersion": "101122049",
            "_KindType": 1,
            "_Module": "xiuxian/shuiguolaba/",
            "_KindID": "406",
            "_Type": "xiuxian",
            "nSitChair": 65535,
            "_KindName": "xiuxian.shuiguolaba.",
            "nEnterRoomIndex": 1,
            "nSitTable": 65535,
            "_SortId": 0
        }
    },
    {
        "logtime": "2019/07/03 11:37:26",
        "logdata": "modulestr"
    },
    {
        "logtime": "2019/07/03 11:37:26",
        "logdata": "xiuxian/shuiguolaba/"
    }
]