[
    {
        "logtime": "2019/05/22 18:59:24",
        "logdata": "LogonScene.onceExcute"
    },
    {
        "logtime": "2019/05/22 18:59:24",
        "logdata": "http://www.fuannainc.top/"
    },
    {
        "logtime": "2019/05/22 18:59:24",
        "logdata": "url"
    },
    {
        "logtime": "2019/05/22 18:59:24",
        "logdata": "http://www.fuannainc.top//ws/MobileInterface.ashx?action=GetMobileLoginNotice"
    },
    {
        "logtime": "2019/05/22 18:59:24",
        "logdata": ""
    },
    {
        "logtime": "2019/05/22 18:59:30",
        "logdata": "url"
    },
    {
        "logtime": "2019/05/22 18:59:30",
        "logdata": "http://apis.juhe.cn/ip/ip2addr?ip=183.53.106.122&key=74bb0395667b8d0588df9ebd6fc36a12"
    },
    {
        "logtime": "2019/05/22 18:59:30",
        "logdata": ""
    },
    {
        "logtime": "2019/05/22 18:59:30",
        "logdata": "onLogonCallBack"
    },
    {
        "logtime": "2019/05/22 18:59:30",
        "logdata": "http://www.fuannainc.top/"
    },
    {
        "logtime": "2019/05/22 18:59:30",
        "logdata": "url"
    },
    {
        "logtime": "2019/05/22 18:59:30",
        "logdata": "http://www.fuannainc.top//WS/MobileInterface.ashx"
    },
    {
        "logtime": "2019/05/22 18:59:30",
        "logdata": "action=GetMobileShareConfig&userid=119928&time=1558522770&signature=D8B4E634B988084561D5F14D2AC6FAAE"
    },
    {
        "logtime": "2019/05/22 18:59:33",
        "logdata": "url"
    },
    {
        "logtime": "2019/05/22 18:59:33",
        "logdata": "http://www.fuannainc.top//WS/MobileInterface.ashx?action=GetMobileRollNotice"
    },
    {
        "logtime": "2019/05/22 18:59:33",
        "logdata": ""
    },
    {
        "logtime": "2019/05/22 18:59:46",
        "logdata": null
    },
    {
        "logtime": "2019/05/22 18:59:46",
        "logdata": "onEnterGame"
    },
    {
        "logtime": "2019/05/22 18:59:46",
        "logdata": {
            "_ServerResVersion": 5,
            "_Active": true,
            "_KindVersion": "101122049",
            "_KindType": 1,
            "_Module": "yule/kpnew/",
            "_KindID": "28",
            "_Type": "yule",
            "_KindName": "yule.kpnew.",
            "_SortId": 6
        }
    },
    {
        "logtime": "2019/05/22 18:59:47",
        "logdata": "GlobalUserItem.getCurGameKind()"
    },
    {
        "logtime": "2019/05/22 18:59:47",
        "logdata": 28
    }
]