[
    {
        "logtime": "2019/07/02 16:36:05",
        "logdata": "url"
    },
    {
        "logtime": "2019/07/02 16:36:06",
        "logdata": "http://www.fuannainc.top//WS/MobileInterface.ashx"
    },
    {
        "logtime": "2019/07/02 16:36:06",
        "logdata": "action=GetScoreInfo&userid=120187&time=1562056565&signature=92A6C644874A7520031B32C98E2E34B1"
    },
    {
        "logtime": "2019/07/02 16:36:08",
        "logdata": "LogonScene.onceExcute"
    },
    {
        "logtime": "2019/07/02 16:36:08",
        "logdata": "http://www.fuannainc.top/"
    },
    {
        "logtime": "2019/07/02 16:36:08",
        "logdata": "url"
    },
    {
        "logtime": "2019/07/02 16:36:08",
        "logdata": "http://www.fuannainc.top//ws/MobileInterface.ashx?action=GetMobileLoginNotice"
    },
    {
        "logtime": "2019/07/02 16:36:08",
        "logdata": ""
    },
    {
        "logtime": "2019/07/02 16:36:10",
        "logdata": "url"
    },
    {
        "logtime": "2019/07/02 16:36:10",
        "logdata": "http://apis.juhe.cn/ip/ip2addr?ip=58.23.48.188&key=74bb0395667b8d0588df9ebd6fc36a12"
    },
    {
        "logtime": "2019/07/02 16:36:10",
        "logdata": ""
    },
    {
        "logtime": "2019/07/02 16:36:10",
        "logdata": "onLogonCallBack"
    },
    {
        "logtime": "2019/07/02 16:36:10",
        "logdata": "http://www.fuannainc.top/"
    },
    {
        "logtime": "2019/07/02 16:36:10",
        "logdata": "url"
    },
    {
        "logtime": "2019/07/02 16:36:10",
        "logdata": "http://www.fuannainc.top//WS/MobileInterface.ashx"
    },
    {
        "logtime": "2019/07/02 16:36:10",
        "logdata": "action=GetMobileShareConfig&userid=120187&time=1562056570&signature=3F84C83E027DB641C8FE1A4B66145DB3"
    },
    {
        "logtime": "2019/07/02 16:36:12",
        "logdata": "url"
    },
    {
        "logtime": "2019/07/02 16:36:12",
        "logdata": "http://www.fuannainc.top//WS/MobileInterface.ashx?action=GetMobileRollNotice"
    },
    {
        "logtime": "2019/07/02 16:36:12",
        "logdata": ""
    },
    {
        "logtime": "2019/07/02 16:36:16",
        "logdata": null
    },
    {
        "logtime": "2019/07/02 16:36:16",
        "logdata": "onEnterGame"
    },
    {
        "logtime": "2019/07/02 16:36:16",
        "logdata": {
            "_ServerResVersion": 10,
            "_Active": true,
            "_KindVersion": "101122049",
            "_KindType": 1,
            "_Module": "xiuxian/shuiguolaba/",
            "_KindID": "406",
            "_Type": "xiuxian",
            "_KindName": "xiuxian.shuiguolaba.",
            "_SortId": 0
        }
    },
    {
        "logtime": "2019/07/02 16:36:16",
        "logdata": "GlobalUserItem.getCurGameKind()"
    },
    {
        "logtime": "2019/07/02 16:36:16",
        "logdata": 406
    },
    {
        "logtime": "2019/07/02 16:36:17",
        "logdata": "url"
    },
    {
        "logtime": "2019/07/02 16:36:17",
        "logdata": "http://apis.juhe.cn/ip/ip2addr?ip=58.23.48.188&key=74bb0395667b8d0588df9ebd6fc36a12"
    },
    {
        "logtime": "2019/07/02 16:36:17",
        "logdata": ""
    },
    {
        "logtime": "2019/07/02 16:36:17",
        "logdata": "url"
    },
    {
        "logtime": "2019/07/02 16:36:17",
        "logdata": "http://apis.juhe.cn/ip/ip2addr?ip=58.23.48.188&key=74bb0395667b8d0588df9ebd6fc36a12"
    },
    {
        "logtime": "2019/07/02 16:36:17",
        "logdata": ""
    },
    {
        "logtime": "2019/07/02 16:36:17",
        "logdata": {
            "_ServerResVersion": 10,
            "_Active": true,
            "_KindVersion": "101122049",
            "_KindType": 1,
            "_Module": "xiuxian/shuiguolaba/",
            "_KindID": "406",
            "_Type": "xiuxian",
            "nSitChair": 65535,
            "_KindName": "xiuxian.shuiguolaba.",
            "nEnterRoomIndex": 1,
            "nSitTable": 65535,
            "_SortId": 0
        }
    },
    {
        "logtime": "2019/07/02 16:36:17",
        "logdata": "modulestr"
    },
    {
        "logtime": "2019/07/02 16:36:17",
        "logdata": "xiuxian/shuiguolaba/"
    },
    {
        "logtime": "2019/07/02 16:36:25",
        "logdata": "[string \".\\client/src/controller/command/LoadViewComma...\"]:316: [string \".\\client/src/controller/command/LoadViewComma...\"]:105: [string \".\\client/src/controller/command/LoadViewComma...\"]:325: [string \".\\game/xiuxian/shuiguolaba/src/views/layer/Ga...\"]:932: attempt to index local 'self' (a nil value)\nstack traceback:\n\t[string \".\\client/src/controller/command/LoadViewComma...\"]:316: in function 'handler'\n\t[string \".\\framework/notify/event.lua\"]:167: in function 'call_handlers'\n\t[string \".\\framework/notify/event.lua\"]:305: in function 'emit'\n\t[string \".\\view/base/BaseLayer.lua\"]:135: in function 'emit'\n\t[string \".\\view/base/BaseLayer.lua\"]:77: in function 'enterViewFinished'\n\t[string \".\\client/src/app/views/layer/other/PopGameWai...\"]:23: in function <[string \".\\client/src/app/views/layer/other/PopGameWai...\"]:22>"
    }
]