[
    {
        "logtime": "2019/07/09 14:02:39",
        "logdata": "LogonScene.onceExcute"
    },
    {
        "logtime": "2019/07/09 14:02:39",
        "logdata": "http://www.fuannainc.top/"
    },
    {
        "logtime": "2019/07/09 14:02:39",
        "logdata": "url"
    },
    {
        "logtime": "2019/07/09 14:02:39",
        "logdata": "http://www.fuannainc.top//ws/MobileInterface.ashx?action=GetMobileLoginNotice"
    },
    {
        "logtime": "2019/07/09 14:02:39",
        "logdata": ""
    },
    {
        "logtime": "2019/07/09 14:02:41",
        "logdata": "onLogonCallBack"
    },
    {
        "logtime": "2019/07/09 14:02:41",
        "logdata": "http://www.fuannainc.top/"
    },
    {
        "logtime": "2019/07/09 14:02:41",
        "logdata": "url"
    },
    {
        "logtime": "2019/07/09 14:02:41",
        "logdata": "http://www.fuannainc.top//WS/MobileInterface.ashx"
    },
    {
        "logtime": "2019/07/09 14:02:41",
        "logdata": "action=GetMobileShareConfig&userid=119837&time=1562652161&signature=0A1D453002EA6F38E3776EA678553A97"
    },
    {
        "logtime": "2019/07/09 14:02:42",
        "logdata": "url"
    },
    {
        "logtime": "2019/07/09 14:02:42",
        "logdata": "http://www.fuannainc.top//WS/MobileInterface.ashx?action=GetMobileRollNotice"
    },
    {
        "logtime": "2019/07/09 14:02:42",
        "logdata": ""
    },
    {
        "logtime": "2019/07/09 14:02:46",
        "logdata": "keys2"
    },
    {
        "logtime": "2019/07/09 14:02:46",
        "logdata": "byte"
    },
    {
        "logtime": "2019/07/09 14:02:46",
        "logdata": "keys2"
    },
    {
        "logtime": "2019/07/09 14:02:46",
        "logdata": "word"
    },
    {
        "logtime": "2019/07/09 14:02:46",
        "logdata": "keys2"
    },
    {
        "logtime": "2019/07/09 14:02:46",
        "logdata": "word"
    },
    {
        "logtime": "2019/07/09 14:02:46",
        "logdata": "keys2"
    },
    {
        "logtime": "2019/07/09 14:02:46",
        "logdata": "word"
    },
    {
        "logtime": "2019/07/09 14:02:46",
        "logdata": "keys2"
    },
    {
        "logtime": "2019/07/09 14:02:46",
        "logdata": "word"
    },
    {
        "logtime": "2019/07/09 14:02:46",
        "logdata": "keys2"
    },
    {
        "logtime": "2019/07/09 14:02:46",
        "logdata": "double"
    },
    {
        "logtime": "2019/07/09 14:02:46",
        "logdata": "keys2"
    },
    {
        "logtime": "2019/07/09 14:02:46",
        "logdata": "double"
    },
    {
        "logtime": "2019/07/09 14:02:46",
        "logdata": "keys2"
    },
    {
        "logtime": "2019/07/09 14:02:46",
        "logdata": "double"
    },
    {
        "logtime": "2019/07/09 14:02:46",
        "logdata": "keys2"
    },
    {
        "logtime": "2019/07/09 14:02:46",
        "logdata": "string"
    },
    {
        "logtime": "2019/07/09 14:02:46",
        "logdata": "keys2"
    },
    {
        "logtime": "2019/07/09 14:02:46",
        "logdata": "string"
    },
    {
        "logtime": "2019/07/09 14:02:46",
        "logdata": "keys2"
    },
    {
        "logtime": "2019/07/09 14:02:46",
        "logdata": "double"
    },
    {
        "logtime": "2019/07/09 14:02:46",
        "logdata": "keys2"
    },
    {
        "logtime": "2019/07/09 14:02:46",
        "logdata": "string"
    }
]