[
    {
        "logtime": "2019/07/09 14:43:09",
        "logdata": "LogonScene.onceExcute"
    },
    {
        "logtime": "2019/07/09 14:43:09",
        "logdata": "http://www.fuannainc.top/"
    },
    {
        "logtime": "2019/07/09 14:43:09",
        "logdata": "url"
    },
    {
        "logtime": "2019/07/09 14:43:09",
        "logdata": "http://www.fuannainc.top//ws/MobileInterface.ashx?action=GetMobileLoginNotice"
    },
    {
        "logtime": "2019/07/09 14:43:09",
        "logdata": ""
    },
    {
        "logtime": "2019/07/09 14:43:11",
        "logdata": "onLogonCallBack"
    },
    {
        "logtime": "2019/07/09 14:43:11",
        "logdata": "http://www.fuannainc.top/"
    },
    {
        "logtime": "2019/07/09 14:43:11",
        "logdata": "url"
    },
    {
        "logtime": "2019/07/09 14:43:11",
        "logdata": "http://www.fuannainc.top//WS/MobileInterface.ashx"
    },
    {
        "logtime": "2019/07/09 14:43:11",
        "logdata": "action=GetMobileShareConfig&userid=119802&time=1562654591&signature=C21A41911A93CDEFD1729468172947E0"
    },
    {
        "logtime": "2019/07/09 14:43:13",
        "logdata": "url"
    },
    {
        "logtime": "2019/07/09 14:43:13",
        "logdata": "http://www.fuannainc.top//WS/MobileInterface.ashx?action=GetMobileRollNotice"
    },
    {
        "logtime": "2019/07/09 14:43:13",
        "logdata": ""
    },
    {
        "logtime": "2019/07/09 14:43:17",
        "logdata": "keys2"
    },
    {
        "logtime": "2019/07/09 14:43:17",
        "logdata": "byte"
    },
    {
        "logtime": "2019/07/09 14:43:17",
        "logdata": "keys2"
    },
    {
        "logtime": "2019/07/09 14:43:17",
        "logdata": "word"
    },
    {
        "logtime": "2019/07/09 14:43:17",
        "logdata": "keys2"
    },
    {
        "logtime": "2019/07/09 14:43:17",
        "logdata": "word"
    },
    {
        "logtime": "2019/07/09 14:43:17",
        "logdata": "keys2"
    },
    {
        "logtime": "2019/07/09 14:43:17",
        "logdata": "word"
    },
    {
        "logtime": "2019/07/09 14:43:17",
        "logdata": "keys2"
    },
    {
        "logtime": "2019/07/09 14:43:17",
        "logdata": "word"
    },
    {
        "logtime": "2019/07/09 14:43:17",
        "logdata": "keys2"
    },
    {
        "logtime": "2019/07/09 14:43:17",
        "logdata": "double"
    },
    {
        "logtime": "2019/07/09 14:43:17",
        "logdata": "keys2"
    },
    {
        "logtime": "2019/07/09 14:43:17",
        "logdata": "double"
    },
    {
        "logtime": "2019/07/09 14:43:17",
        "logdata": "keys2"
    },
    {
        "logtime": "2019/07/09 14:43:17",
        "logdata": "double"
    },
    {
        "logtime": "2019/07/09 14:43:17",
        "logdata": "keys2"
    },
    {
        "logtime": "2019/07/09 14:43:17",
        "logdata": "string"
    },
    {
        "logtime": "2019/07/09 14:43:17",
        "logdata": "keys2"
    },
    {
        "logtime": "2019/07/09 14:43:17",
        "logdata": "string"
    },
    {
        "logtime": "2019/07/09 14:43:17",
        "logdata": "keys2"
    },
    {
        "logtime": "2019/07/09 14:43:17",
        "logdata": "double"
    },
    {
        "logtime": "2019/07/09 14:43:17",
        "logdata": "keys2"
    },
    {
        "logtime": "2019/07/09 14:43:17",
        "logdata": "string"
    }
]