[
    {
        "logtime": "2019/05/24 17:25:01",
        "logdata": "url"
    },
    {
        "logtime": "2019/05/24 17:25:01",
        "logdata": "http://www.fuannainc.top//WS/MobileInterface.ashx?action=GetMobileRollNotice"
    },
    {
        "logtime": "2019/05/24 17:25:01",
        "logdata": ""
    },
    {
        "logtime": "2019/05/24 17:25:06",
        "logdata": null
    },
    {
        "logtime": "2019/05/24 17:25:07",
        "logdata": null
    },
    {
        "logtime": "2019/05/24 17:25:08",
        "logdata": null
    },
    {
        "logtime": "2019/05/24 17:25:08",
        "logdata": null
    },
    {
        "logtime": "2019/05/24 17:25:08",
        "logdata": null
    },
    {
        "logtime": "2019/05/24 17:25:09",
        "logdata": null
    },
    {
        "logtime": "2019/05/24 17:25:09",
        "logdata": null
    },
    {
        "logtime": "2019/05/24 17:25:10",
        "logdata": null
    },
    {
        "logtime": "2019/05/24 17:25:10",
        "logdata": null
    },
    {
        "logtime": "2019/05/24 17:25:11",
        "logdata": null
    },
    {
        "logtime": "2019/05/24 17:25:11",
        "logdata": null
    }
]