[
    {
        "logtime": "2019/05/21 14:29:02",
        "logdata": "url"
    },
    {
        "logtime": "2019/05/21 14:29:02",
        "logdata": "http://apis.juhe.cn/ip/ip2addr?ip=113.77.81.195&key=74bb0395667b8d0588df9ebd6fc36a12"
    },
    {
        "logtime": "2019/05/21 14:29:02",
        "logdata": ""
    },
    {
        "logtime": "2019/05/21 14:29:02",
        "logdata": "onLogonCallBack"
    },
    {
        "logtime": "2019/05/21 14:29:02",
        "logdata": "http://www.fuannainc.top/"
    },
    {
        "logtime": "2019/05/21 14:29:02",
        "logdata": "url"
    },
    {
        "logtime": "2019/05/21 14:29:02",
        "logdata": "http://www.fuannainc.top//WS/MobileInterface.ashx"
    },
    {
        "logtime": "2019/05/21 14:29:02",
        "logdata": "action=GetMobileShareConfig&userid=119900&time=1558420142&signature=FCEE4C74A63D353B67B9839961D1561A"
    },
    {
        "logtime": "2019/05/21 14:29:05",
        "logdata": "url"
    },
    {
        "logtime": "2019/05/21 14:29:05",
        "logdata": "http://www.fuannainc.top//WS/MobileInterface.ashx?action=GetMobileRollNotice"
    },
    {
        "logtime": "2019/05/21 14:29:05",
        "logdata": ""
    },
    {
        "logtime": "2019/05/21 14:29:05",
        "logdata": "url"
    },
    {
        "logtime": "2019/05/21 14:29:05",
        "logdata": "http://apis.juhe.cn/ip/ip2addr?ip=113.77.81.195&key=74bb0395667b8d0588df9ebd6fc36a12"
    },
    {
        "logtime": "2019/05/21 14:29:05",
        "logdata": ""
    },
    {
        "logtime": "2019/05/21 14:29:05",
        "logdata": "onLogonCallBack"
    },
    {
        "logtime": "2019/05/21 14:29:05",
        "logdata": "http://www.fuannainc.top/"
    },
    {
        "logtime": "2019/05/21 14:29:05",
        "logdata": "url"
    },
    {
        "logtime": "2019/05/21 14:29:05",
        "logdata": "http://www.fuannainc.top//WS/MobileInterface.ashx"
    },
    {
        "logtime": "2019/05/21 14:29:05",
        "logdata": "action=GetMobileShareConfig&userid=119752&time=1558420145&signature=789D1D11671D0CDF0E4EE924202F07CF"
    },
    {
        "logtime": "2019/05/21 14:29:07",
        "logdata": "url"
    },
    {
        "logtime": "2019/05/21 14:29:07",
        "logdata": "http://www.fuannainc.top//WS/MobileInterface.ashx?action=GetMobileRollNotice"
    },
    {
        "logtime": "2019/05/21 14:29:07",
        "logdata": ""
    },
    {
        "logtime": "2019/05/21 14:29:11",
        "logdata": null
    },
    {
        "logtime": "2019/05/21 14:29:11",
        "logdata": "onEnterGame"
    },
    {
        "logtime": "2019/05/21 14:29:11",
        "logdata": {
            "_ServerResVersion": 1,
            "_Active": false,
            "_KindVersion": "101122049",
            "_KindType": 2,
            "_Module": "yule/sparrowxz/",
            "_KindID": "302",
            "_Type": "yule",
            "_KindName": "yule.sparrowxz.",
            "_SortId": 1
        }
    },
    {
        "logtime": "2019/05/21 14:29:17",
        "logdata": "onWillViewEnter"
    },
    {
        "logtime": "2019/05/21 14:29:25",
        "logdata": "[string \".\\client/src/controller/command/LoadViewComma...\"]:118: [string \".\\client/src/controller/command/LoadViewComma...\"]:325: [string \".\\client/src/plaza/views/layer/plaza/UserInfo...\"]:343: bad argument #2 to 'format' (number expected, got nil)\nstack traceback:\n\t[string \".\\client/src/controller/command/LoadViewComma...\"]:118: in function 'execute'\n\t[string \".\\framework/puremvc/core/Controller.lua\"]:123: in function 'notify'\n\t[string \".\\framework/puremvc/patterns/observer/Observe...\"]:85: in function 'notifyObserver'\n\t[string \".\\framework/puremvc/core/View.lua\"]:113: in function 'notifyObservers'\n\t[string \".\\framework/puremvc/patterns/facade/Facade.lua\"]:331: in function 'notifyObservers'\n\t[string \".\\framework/puremvc/patterns/facade/Facade.lua\"]:314: in function 'sendNotification'\n\t[string \".\\framework/puremvc/patterns/observer/Notifie...\"]:64: in function 'sendNotification'\n\t[string \".\\client/src/view/mediator/ViewMediator.lua\"]:216: in function 'notify'\n\t[string \".\\framework/puremvc/patterns/observer/Observe...\"]:85: in function 'notifyObserver'\n\t[string \".\\framework/puremvc/core/View.lua\"]:113: in function 'notifyObservers'\n\t[string \".\\framework/puremvc/patterns/facade/Facade.lua\"]:331: in function 'notifyObservers'\n\t[string \".\\framework/puremvc/patterns/facade/Facade.lua\"]:314: in function 'sendNotification'\n\t[string \".\\client/src/plaza/views/ClientScene.lua\"]:3148: in function 'onButtonClickedEvent'\n\t[string \".\\client/src/plaza/views/ClientScene.lua\"]:167: in function <[string \".\\client/src/plaza/views/ClientScene.lua\"]:165>"
    },
    {
        "logtime": "2019/05/21 14:29:31",
        "logdata": "LogonScene.onceExcute"
    },
    {
        "logtime": "2019/05/21 14:29:31",
        "logdata": "http://www.fuannainc.top/"
    },
    {
        "logtime": "2019/05/21 14:29:31",
        "logdata": "url"
    },
    {
        "logtime": "2019/05/21 14:29:31",
        "logdata": "http://www.fuannainc.top//ws/MobileInterface.ashx?action=GetMobileLoginNotice"
    },
    {
        "logtime": "2019/05/21 14:29:31",
        "logdata": ""
    },
    {
        "logtime": "2019/05/21 14:29:33",
        "logdata": "url"
    },
    {
        "logtime": "2019/05/21 14:29:33",
        "logdata": "http://apis.juhe.cn/ip/ip2addr?ip=113.77.81.195&key=74bb0395667b8d0588df9ebd6fc36a12"
    },
    {
        "logtime": "2019/05/21 14:29:33",
        "logdata": ""
    },
    {
        "logtime": "2019/05/21 14:29:33",
        "logdata": "onLogonCallBack"
    },
    {
        "logtime": "2019/05/21 14:29:33",
        "logdata": "http://www.fuannainc.top/"
    },
    {
        "logtime": "2019/05/21 14:29:33",
        "logdata": "url"
    },
    {
        "logtime": "2019/05/21 14:29:33",
        "logdata": "http://www.fuannainc.top//WS/MobileInterface.ashx"
    },
    {
        "logtime": "2019/05/21 14:29:33",
        "logdata": "action=GetMobileShareConfig&userid=119912&time=1558420173&signature=32E575A2748133B8F039C263A0975FB3"
    },
    {
        "logtime": "2019/05/21 14:29:36",
        "logdata": "url"
    },
    {
        "logtime": "2019/05/21 14:29:36",
        "logdata": "http://www.fuannainc.top//WS/MobileInterface.ashx?action=GetMobileRollNotice"
    },
    {
        "logtime": "2019/05/21 14:29:36",
        "logdata": ""
    },
    {
        "logtime": "2019/05/21 14:29:38",
        "logdata": "onWillViewEnter"
    },
    {
        "logtime": "2019/05/21 14:29:42",
        "logdata": "onWillViewExit"
    },
    {
        "logtime": "2019/05/21 14:29:42",
        "logdata": "onWillViewExit"
    },
    {
        "logtime": "2019/05/21 14:29:42",
        "logdata": "exitViewUserInfo"
    }
]