[
    {
        "logtime": "2019/07/03 12:18:45",
        "logdata": "LogonScene.onceExcute"
    },
    {
        "logtime": "2019/07/03 12:18:45",
        "logdata": "http://www.fuannainc.top/"
    },
    {
        "logtime": "2019/07/03 12:18:45",
        "logdata": "url"
    },
    {
        "logtime": "2019/07/03 12:18:45",
        "logdata": "http://www.fuannainc.top//ws/MobileInterface.ashx?action=GetMobileLoginNotice"
    },
    {
        "logtime": "2019/07/03 12:18:45",
        "logdata": ""
    },
    {
        "logtime": "2019/07/03 12:18:47",
        "logdata": "url"
    },
    {
        "logtime": "2019/07/03 12:18:47",
        "logdata": "http://apis.juhe.cn/ip/ip2addr?ip=58.23.48.188&key=74bb0395667b8d0588df9ebd6fc36a12"
    },
    {
        "logtime": "2019/07/03 12:18:47",
        "logdata": ""
    },
    {
        "logtime": "2019/07/03 12:18:47",
        "logdata": "onLogonCallBack"
    },
    {
        "logtime": "2019/07/03 12:18:47",
        "logdata": "http://www.fuannainc.top/"
    },
    {
        "logtime": "2019/07/03 12:18:47",
        "logdata": "url"
    },
    {
        "logtime": "2019/07/03 12:18:47",
        "logdata": "http://www.fuannainc.top//WS/MobileInterface.ashx"
    },
    {
        "logtime": "2019/07/03 12:18:47",
        "logdata": "action=GetMobileShareConfig&userid=120187&time=1562127527&signature=538E949BA9EAE0D6B21E2E0998A1589F"
    },
    {
        "logtime": "2019/07/03 12:18:49",
        "logdata": "url"
    },
    {
        "logtime": "2019/07/03 12:18:49",
        "logdata": "http://www.fuannainc.top//WS/MobileInterface.ashx?action=GetMobileRollNotice"
    },
    {
        "logtime": "2019/07/03 12:18:49",
        "logdata": ""
    },
    {
        "logtime": "2019/07/03 12:18:51",
        "logdata": "url"
    },
    {
        "logtime": "2019/07/03 12:18:51",
        "logdata": "http://apis.juhe.cn/ip/ip2addr?ip=58.23.48.188&key=74bb0395667b8d0588df9ebd6fc36a12"
    },
    {
        "logtime": "2019/07/03 12:18:51",
        "logdata": ""
    },
    {
        "logtime": "2019/07/03 12:18:51",
        "logdata": "url"
    },
    {
        "logtime": "2019/07/03 12:18:51",
        "logdata": "http://apis.juhe.cn/ip/ip2addr?ip=58.23.48.188&key=74bb0395667b8d0588df9ebd6fc36a12"
    },
    {
        "logtime": "2019/07/03 12:18:51",
        "logdata": ""
    },
    {
        "logtime": "2019/07/03 12:18:51",
        "logdata": "url"
    },
    {
        "logtime": "2019/07/03 12:18:51",
        "logdata": "http://apis.juhe.cn/ip/ip2addr?ip=58.23.48.188&key=74bb0395667b8d0588df9ebd6fc36a12"
    },
    {
        "logtime": "2019/07/03 12:18:51",
        "logdata": ""
    },
    {
        "logtime": "2019/07/03 12:18:51",
        "logdata": "url"
    },
    {
        "logtime": "2019/07/03 12:18:51",
        "logdata": "http://apis.juhe.cn/ip/ip2addr?ip=58.23.48.188&key=74bb0395667b8d0588df9ebd6fc36a12"
    },
    {
        "logtime": "2019/07/03 12:18:51",
        "logdata": ""
    },
    {
        "logtime": "2019/07/03 12:18:51",
        "logdata": {
            "_ServerResVersion": 10,
            "_Active": true,
            "_KindVersion": "101122049",
            "_KindType": 1,
            "_Module": "xiuxian/shuiguolaba/",
            "_KindID": "406",
            "_Type": "xiuxian",
            "_KindName": "xiuxian.shuiguolaba.",
            "nEnterRoomIndex": 1,
            "_SortId": 0
        }
    },
    {
        "logtime": "2019/07/03 12:18:51",
        "logdata": "modulestr"
    },
    {
        "logtime": "2019/07/03 12:18:51",
        "logdata": "xiuxian/shuiguolaba/"
    },
    {
        "logtime": "2019/07/03 12:18:57",
        "logdata": null
    },
    {
        "logtime": "2019/07/03 12:18:57",
        "logdata": "onEnterGame"
    },
    {
        "logtime": "2019/07/03 12:18:57",
        "logdata": {
            "_ServerResVersion": 10,
            "_Active": true,
            "_KindVersion": "101122049",
            "_KindType": 1,
            "_Module": "xiuxian/shuiguolaba/",
            "_KindID": "406",
            "_Type": "xiuxian",
            "_KindName": "xiuxian.shuiguolaba.",
            "nEnterRoomIndex": 1,
            "_SortId": 0
        }
    },
    {
        "logtime": "2019/07/03 12:18:57",
        "logdata": null
    },
    {
        "logtime": "2019/07/03 12:18:57",
        "logdata": "onEnterGame"
    },
    {
        "logtime": "2019/07/03 12:18:57",
        "logdata": {
            "_ServerResVersion": 10,
            "_Active": true,
            "_KindVersion": "101122049",
            "_KindType": 1,
            "_Module": "xiuxian/shuiguolaba/",
            "_KindID": "406",
            "_Type": "xiuxian",
            "_KindName": "xiuxian.shuiguolaba.",
            "nEnterRoomIndex": 1,
            "_SortId": 0
        }
    },
    {
        "logtime": "2019/07/03 12:18:57",
        "logdata": "GlobalUserItem.getCurGameKind()"
    },
    {
        "logtime": "2019/07/03 12:18:57",
        "logdata": 406
    },
    {
        "logtime": "2019/07/03 12:18:57",
        "logdata": null
    },
    {
        "logtime": "2019/07/03 12:18:57",
        "logdata": "onEnterGame"
    },
    {
        "logtime": "2019/07/03 12:18:57",
        "logdata": {
            "_ServerResVersion": 10,
            "_Active": true,
            "_KindVersion": "101122049",
            "_KindType": 1,
            "_Module": "xiuxian/shuiguolaba/",
            "_KindID": "406",
            "_Type": "xiuxian",
            "_KindName": "xiuxian.shuiguolaba.",
            "nEnterRoomIndex": 1,
            "_SortId": 0
        }
    },
    {
        "logtime": "2019/07/03 12:18:58",
        "logdata": "GlobalUserItem.getCurGameKind()"
    },
    {
        "logtime": "2019/07/03 12:18:58",
        "logdata": 406
    },
    {
        "logtime": "2019/07/03 12:18:58",
        "logdata": "GlobalUserItem.getCurGameKind()"
    },
    {
        "logtime": "2019/07/03 12:18:58",
        "logdata": 406
    }
]