[
    {
        "logtime": "2019/07/02 18:11:10",
        "logdata": 6
    },
    {
        "logtime": "2019/07/02 18:11:10",
        "logdata": "onEnterGame"
    },
    {
        "logtime": "2019/07/02 18:11:10",
        "logdata": {
            "_ServerResVersion": 6,
            "_Active": true,
            "_KindVersion": "101122049",
            "_KindType": 2,
            "_Module": "yule/redninebattle/",
            "_KindID": "109",
            "_Type": "yule",
            "_KindName": "yule.redninebattle.",
            "_SortId": 12
        }
    },
    {
        "logtime": "2019/07/02 18:11:10",
        "logdata": "GlobalUserItem.getCurGameKind()"
    },
    {
        "logtime": "2019/07/02 18:11:10",
        "logdata": 109
    },
    {
        "logtime": "2019/07/02 18:11:12",
        "logdata": "url"
    },
    {
        "logtime": "2019/07/02 18:11:12",
        "logdata": "http://apis.juhe.cn/ip/ip2addr?ip=58.23.48.188&key=74bb0395667b8d0588df9ebd6fc36a12"
    },
    {
        "logtime": "2019/07/02 18:11:12",
        "logdata": ""
    },
    {
        "logtime": "2019/07/02 18:11:12",
        "logdata": "url"
    },
    {
        "logtime": "2019/07/02 18:11:12",
        "logdata": "http://apis.juhe.cn/ip/ip2addr?ip=121.76.64.148&key=74bb0395667b8d0588df9ebd6fc36a12"
    },
    {
        "logtime": "2019/07/02 18:11:12",
        "logdata": ""
    },
    {
        "logtime": "2019/07/02 18:11:12",
        "logdata": "url"
    },
    {
        "logtime": "2019/07/02 18:11:12",
        "logdata": "http://apis.juhe.cn/ip/ip2addr?ip=139.202.194.41&key=74bb0395667b8d0588df9ebd6fc36a12"
    },
    {
        "logtime": "2019/07/02 18:11:12",
        "logdata": ""
    },
    {
        "logtime": "2019/07/02 18:11:12",
        "logdata": "url"
    },
    {
        "logtime": "2019/07/02 18:11:12",
        "logdata": "http://apis.juhe.cn/ip/ip2addr?ip=121.77.225.108&key=74bb0395667b8d0588df9ebd6fc36a12"
    },
    {
        "logtime": "2019/07/02 18:11:12",
        "logdata": ""
    },
    {
        "logtime": "2019/07/02 18:11:12",
        "logdata": "url"
    },
    {
        "logtime": "2019/07/02 18:11:12",
        "logdata": "http://apis.juhe.cn/ip/ip2addr?ip=123.235.83.239&key=74bb0395667b8d0588df9ebd6fc36a12"
    },
    {
        "logtime": "2019/07/02 18:11:12",
        "logdata": ""
    },
    {
        "logtime": "2019/07/02 18:11:12",
        "logdata": "url"
    },
    {
        "logtime": "2019/07/02 18:11:12",
        "logdata": "http://apis.juhe.cn/ip/ip2addr?ip=210.29.246.222&key=74bb0395667b8d0588df9ebd6fc36a12"
    },
    {
        "logtime": "2019/07/02 18:11:12",
        "logdata": ""
    },
    {
        "logtime": "2019/07/02 18:11:12",
        "logdata": "url"
    },
    {
        "logtime": "2019/07/02 18:11:12",
        "logdata": "http://apis.juhe.cn/ip/ip2addr?ip=171.12.156.206&key=74bb0395667b8d0588df9ebd6fc36a12"
    },
    {
        "logtime": "2019/07/02 18:11:12",
        "logdata": ""
    },
    {
        "logtime": "2019/07/02 18:11:12",
        "logdata": "url"
    },
    {
        "logtime": "2019/07/02 18:11:12",
        "logdata": "http://apis.juhe.cn/ip/ip2addr?ip=61.237.14.54&key=74bb0395667b8d0588df9ebd6fc36a12"
    },
    {
        "logtime": "2019/07/02 18:11:12",
        "logdata": ""
    },
    {
        "logtime": "2019/07/02 18:11:12",
        "logdata": "url"
    },
    {
        "logtime": "2019/07/02 18:11:12",
        "logdata": "http://apis.juhe.cn/ip/ip2addr?ip=139.204.237.222&key=74bb0395667b8d0588df9ebd6fc36a12"
    },
    {
        "logtime": "2019/07/02 18:11:12",
        "logdata": ""
    },
    {
        "logtime": "2019/07/02 18:11:12",
        "logdata": "url"
    },
    {
        "logtime": "2019/07/02 18:11:12",
        "logdata": "http://apis.juhe.cn/ip/ip2addr?ip=171.15.141.20&key=74bb0395667b8d0588df9ebd6fc36a12"
    },
    {
        "logtime": "2019/07/02 18:11:12",
        "logdata": ""
    },
    {
        "logtime": "2019/07/02 18:11:12",
        "logdata": "url"
    },
    {
        "logtime": "2019/07/02 18:11:12",
        "logdata": "http://apis.juhe.cn/ip/ip2addr?ip=123.232.234.161&key=74bb0395667b8d0588df9ebd6fc36a12"
    },
    {
        "logtime": "2019/07/02 18:11:12",
        "logdata": ""
    },
    {
        "logtime": "2019/07/02 18:11:12",
        "logdata": "url"
    },
    {
        "logtime": "2019/07/02 18:11:12",
        "logdata": "http://apis.juhe.cn/ip/ip2addr?ip=36.57.190.83&key=74bb0395667b8d0588df9ebd6fc36a12"
    },
    {
        "logtime": "2019/07/02 18:11:12",
        "logdata": ""
    },
    {
        "logtime": "2019/07/02 18:11:12",
        "logdata": "url"
    },
    {
        "logtime": "2019/07/02 18:11:12",
        "logdata": "http://apis.juhe.cn/ip/ip2addr?ip=139.198.255.180&key=74bb0395667b8d0588df9ebd6fc36a12"
    },
    {
        "logtime": "2019/07/02 18:11:12",
        "logdata": ""
    },
    {
        "logtime": "2019/07/02 18:11:12",
        "logdata": "url"
    },
    {
        "logtime": "2019/07/02 18:11:12",
        "logdata": "http://apis.juhe.cn/ip/ip2addr?ip=121.77.30.168&key=74bb0395667b8d0588df9ebd6fc36a12"
    },
    {
        "logtime": "2019/07/02 18:11:12",
        "logdata": ""
    },
    {
        "logtime": "2019/07/02 18:11:12",
        "logdata": "url"
    },
    {
        "logtime": "2019/07/02 18:11:12",
        "logdata": "http://apis.juhe.cn/ip/ip2addr?ip=222.60.178.19&key=74bb0395667b8d0588df9ebd6fc36a12"
    },
    {
        "logtime": "2019/07/02 18:11:12",
        "logdata": ""
    },
    {
        "logtime": "2019/07/02 18:11:12",
        "logdata": "url"
    },
    {
        "logtime": "2019/07/02 18:11:12",
        "logdata": "http://apis.juhe.cn/ip/ip2addr?ip=182.88.198.231&key=74bb0395667b8d0588df9ebd6fc36a12"
    },
    {
        "logtime": "2019/07/02 18:11:12",
        "logdata": ""
    },
    {
        "logtime": "2019/07/02 18:11:12",
        "logdata": "url"
    },
    {
        "logtime": "2019/07/02 18:11:12",
        "logdata": "http://apis.juhe.cn/ip/ip2addr?ip=123.232.211.88&key=74bb0395667b8d0588df9ebd6fc36a12"
    },
    {
        "logtime": "2019/07/02 18:11:12",
        "logdata": ""
    },
    {
        "logtime": "2019/07/02 18:11:12",
        "logdata": "url"
    },
    {
        "logtime": "2019/07/02 18:11:12",
        "logdata": "http://apis.juhe.cn/ip/ip2addr?ip=210.36.53.225&key=74bb0395667b8d0588df9ebd6fc36a12"
    },
    {
        "logtime": "2019/07/02 18:11:12",
        "logdata": ""
    },
    {
        "logtime": "2019/07/02 18:11:12",
        "logdata": "url"
    },
    {
        "logtime": "2019/07/02 18:11:12",
        "logdata": "http://apis.juhe.cn/ip/ip2addr?ip=182.89.26.121&key=74bb0395667b8d0588df9ebd6fc36a12"
    },
    {
        "logtime": "2019/07/02 18:11:12",
        "logdata": ""
    },
    {
        "logtime": "2019/07/02 18:11:12",
        "logdata": "url"
    },
    {
        "logtime": "2019/07/02 18:11:12",
        "logdata": "http://apis.juhe.cn/ip/ip2addr?ip=139.205.157.141&key=74bb0395667b8d0588df9ebd6fc36a12"
    },
    {
        "logtime": "2019/07/02 18:11:12",
        "logdata": ""
    },
    {
        "logtime": "2019/07/02 18:11:12",
        "logdata": "url"
    },
    {
        "logtime": "2019/07/02 18:11:12",
        "logdata": "http://apis.juhe.cn/ip/ip2addr?ip=61.235.193.44&key=74bb0395667b8d0588df9ebd6fc36a12"
    },
    {
        "logtime": "2019/07/02 18:11:12",
        "logdata": ""
    },
    {
        "logtime": "2019/07/02 18:11:12",
        "logdata": "url"
    },
    {
        "logtime": "2019/07/02 18:11:12",
        "logdata": "http://apis.juhe.cn/ip/ip2addr?ip=139.199.60.231&key=74bb0395667b8d0588df9ebd6fc36a12"
    },
    {
        "logtime": "2019/07/02 18:11:12",
        "logdata": ""
    },
    {
        "logtime": "2019/07/02 18:11:12",
        "logdata": "url"
    },
    {
        "logtime": "2019/07/02 18:11:12",
        "logdata": "http://apis.juhe.cn/ip/ip2addr?ip=61.235.105.135&key=74bb0395667b8d0588df9ebd6fc36a12"
    },
    {
        "logtime": "2019/07/02 18:11:12",
        "logdata": ""
    },
    {
        "logtime": "2019/07/02 18:11:12",
        "logdata": "url"
    },
    {
        "logtime": "2019/07/02 18:11:12",
        "logdata": "http://apis.juhe.cn/ip/ip2addr?ip=171.12.20.5&key=74bb0395667b8d0588df9ebd6fc36a12"
    },
    {
        "logtime": "2019/07/02 18:11:12",
        "logdata": ""
    },
    {
        "logtime": "2019/07/02 18:11:12",
        "logdata": "url"
    },
    {
        "logtime": "2019/07/02 18:11:12",
        "logdata": "http://apis.juhe.cn/ip/ip2addr?ip=123.233.217.57&key=74bb0395667b8d0588df9ebd6fc36a12"
    },
    {
        "logtime": "2019/07/02 18:11:12",
        "logdata": ""
    },
    {
        "logtime": "2019/07/02 18:11:12",
        "logdata": "url"
    },
    {
        "logtime": "2019/07/02 18:11:12",
        "logdata": "http://apis.juhe.cn/ip/ip2addr?ip=171.14.89.86&key=74bb0395667b8d0588df9ebd6fc36a12"
    },
    {
        "logtime": "2019/07/02 18:11:12",
        "logdata": ""
    },
    {
        "logtime": "2019/07/02 18:11:12",
        "logdata": "url"
    },
    {
        "logtime": "2019/07/02 18:11:12",
        "logdata": "http://apis.juhe.cn/ip/ip2addr?ip=121.77.221.244&key=74bb0395667b8d0588df9ebd6fc36a12"
    },
    {
        "logtime": "2019/07/02 18:11:12",
        "logdata": ""
    },
    {
        "logtime": "2019/07/02 18:11:12",
        "logdata": "url"
    },
    {
        "logtime": "2019/07/02 18:11:12",
        "logdata": "http://apis.juhe.cn/ip/ip2addr?ip=210.39.22.245&key=74bb0395667b8d0588df9ebd6fc36a12"
    },
    {
        "logtime": "2019/07/02 18:11:12",
        "logdata": ""
    },
    {
        "logtime": "2019/07/02 18:11:12",
        "logdata": "url"
    },
    {
        "logtime": "2019/07/02 18:11:12",
        "logdata": "http://apis.juhe.cn/ip/ip2addr?ip=61.234.203.28&key=74bb0395667b8d0588df9ebd6fc36a12"
    },
    {
        "logtime": "2019/07/02 18:11:12",
        "logdata": ""
    },
    {
        "logtime": "2019/07/02 18:11:12",
        "logdata": "url"
    },
    {
        "logtime": "2019/07/02 18:11:12",
        "logdata": "http://apis.juhe.cn/ip/ip2addr?ip=222.31.42.78&key=74bb0395667b8d0588df9ebd6fc36a12"
    },
    {
        "logtime": "2019/07/02 18:11:12",
        "logdata": ""
    },
    {
        "logtime": "2019/07/02 18:11:12",
        "logdata": "url"
    },
    {
        "logtime": "2019/07/02 18:11:12",
        "logdata": "http://apis.juhe.cn/ip/ip2addr?ip=139.206.223.88&key=74bb0395667b8d0588df9ebd6fc36a12"
    },
    {
        "logtime": "2019/07/02 18:11:12",
        "logdata": ""
    },
    {
        "logtime": "2019/07/02 18:11:12",
        "logdata": "url"
    },
    {
        "logtime": "2019/07/02 18:11:12",
        "logdata": "http://apis.juhe.cn/ip/ip2addr?ip=121.77.213.131&key=74bb0395667b8d0588df9ebd6fc36a12"
    },
    {
        "logtime": "2019/07/02 18:11:12",
        "logdata": ""
    },
    {
        "logtime": "2019/07/02 18:11:12",
        "logdata": "url"
    },
    {
        "logtime": "2019/07/02 18:11:12",
        "logdata": "http://apis.juhe.cn/ip/ip2addr?ip=106.81.224.207&key=74bb0395667b8d0588df9ebd6fc36a12"
    },
    {
        "logtime": "2019/07/02 18:11:12",
        "logdata": ""
    },
    {
        "logtime": "2019/07/02 18:11:12",
        "logdata": "url"
    },
    {
        "logtime": "2019/07/02 18:11:12",
        "logdata": "http://apis.juhe.cn/ip/ip2addr?ip=210.29.203.131&key=74bb0395667b8d0588df9ebd6fc36a12"
    },
    {
        "logtime": "2019/07/02 18:11:12",
        "logdata": ""
    },
    {
        "logtime": "2019/07/02 18:11:12",
        "logdata": "url"
    },
    {
        "logtime": "2019/07/02 18:11:12",
        "logdata": "http://apis.juhe.cn/ip/ip2addr?ip=210.42.21.22&key=74bb0395667b8d0588df9ebd6fc36a12"
    },
    {
        "logtime": "2019/07/02 18:11:12",
        "logdata": ""
    },
    {
        "logtime": "2019/07/02 18:11:12",
        "logdata": "url"
    },
    {
        "logtime": "2019/07/02 18:11:12",
        "logdata": "http://apis.juhe.cn/ip/ip2addr?ip=222.39.251.6&key=74bb0395667b8d0588df9ebd6fc36a12"
    },
    {
        "logtime": "2019/07/02 18:11:12",
        "logdata": ""
    },
    {
        "logtime": "2019/07/02 18:11:12",
        "logdata": "url"
    },
    {
        "logtime": "2019/07/02 18:11:12",
        "logdata": "http://apis.juhe.cn/ip/ip2addr?ip=210.34.182.130&key=74bb0395667b8d0588df9ebd6fc36a12"
    },
    {
        "logtime": "2019/07/02 18:11:12",
        "logdata": ""
    },
    {
        "logtime": "2019/07/02 18:11:12",
        "logdata": "url"
    },
    {
        "logtime": "2019/07/02 18:11:12",
        "logdata": "http://apis.juhe.cn/ip/ip2addr?ip=222.47.232.238&key=74bb0395667b8d0588df9ebd6fc36a12"
    },
    {
        "logtime": "2019/07/02 18:11:12",
        "logdata": ""
    },
    {
        "logtime": "2019/07/02 18:11:12",
        "logdata": "url"
    },
    {
        "logtime": "2019/07/02 18:11:12",
        "logdata": "http://apis.juhe.cn/ip/ip2addr?ip=210.28.9.169&key=74bb0395667b8d0588df9ebd6fc36a12"
    },
    {
        "logtime": "2019/07/02 18:11:12",
        "logdata": ""
    },
    {
        "logtime": "2019/07/02 18:11:12",
        "logdata": "url"
    },
    {
        "logtime": "2019/07/02 18:11:12",
        "logdata": "http://apis.juhe.cn/ip/ip2addr?ip=182.87.142.221&key=74bb0395667b8d0588df9ebd6fc36a12"
    },
    {
        "logtime": "2019/07/02 18:11:12",
        "logdata": ""
    },
    {
        "logtime": "2019/07/02 18:11:12",
        "logdata": "url"
    },
    {
        "logtime": "2019/07/02 18:11:12",
        "logdata": "http://apis.juhe.cn/ip/ip2addr?ip=61.237.79.213&key=74bb0395667b8d0588df9ebd6fc36a12"
    },
    {
        "logtime": "2019/07/02 18:11:12",
        "logdata": ""
    },
    {
        "logtime": "2019/07/02 18:11:12",
        "logdata": "url"
    },
    {
        "logtime": "2019/07/02 18:11:12",
        "logdata": "http://apis.juhe.cn/ip/ip2addr?ip=106.87.153.191&key=74bb0395667b8d0588df9ebd6fc36a12"
    },
    {
        "logtime": "2019/07/02 18:11:12",
        "logdata": ""
    },
    {
        "logtime": "2019/07/02 18:11:12",
        "logdata": "url"
    },
    {
        "logtime": "2019/07/02 18:11:12",
        "logdata": "http://apis.juhe.cn/ip/ip2addr?ip=106.88.50.0&key=74bb0395667b8d0588df9ebd6fc36a12"
    },
    {
        "logtime": "2019/07/02 18:11:12",
        "logdata": ""
    },
    {
        "logtime": "2019/07/02 18:11:12",
        "logdata": "url"
    },
    {
        "logtime": "2019/07/02 18:11:12",
        "logdata": "http://apis.juhe.cn/ip/ip2addr?ip=121.77.140.83&key=74bb0395667b8d0588df9ebd6fc36a12"
    },
    {
        "logtime": "2019/07/02 18:11:12",
        "logdata": ""
    },
    {
        "logtime": "2019/07/02 18:11:12",
        "logdata": "url"
    },
    {
        "logtime": "2019/07/02 18:11:12",
        "logdata": "http://apis.juhe.cn/ip/ip2addr?ip=106.80.156.196&key=74bb0395667b8d0588df9ebd6fc36a12"
    },
    {
        "logtime": "2019/07/02 18:11:12",
        "logdata": ""
    },
    {
        "logtime": "2019/07/02 18:11:12",
        "logdata": "url"
    },
    {
        "logtime": "2019/07/02 18:11:12",
        "logdata": "http://apis.juhe.cn/ip/ip2addr?ip=210.46.197.24&key=74bb0395667b8d0588df9ebd6fc36a12"
    },
    {
        "logtime": "2019/07/02 18:11:12",
        "logdata": ""
    },
    {
        "logtime": "2019/07/02 18:11:12",
        "logdata": "url"
    },
    {
        "logtime": "2019/07/02 18:11:12",
        "logdata": "http://apis.juhe.cn/ip/ip2addr?ip=171.8.40.67&key=74bb0395667b8d0588df9ebd6fc36a12"
    },
    {
        "logtime": "2019/07/02 18:11:12",
        "logdata": ""
    },
    {
        "logtime": "2019/07/02 18:11:12",
        "logdata": "url"
    },
    {
        "logtime": "2019/07/02 18:11:12",
        "logdata": "http://apis.juhe.cn/ip/ip2addr?ip=210.33.45.198&key=74bb0395667b8d0588df9ebd6fc36a12"
    },
    {
        "logtime": "2019/07/02 18:11:12",
        "logdata": ""
    },
    {
        "logtime": "2019/07/02 18:11:12",
        "logdata": "url"
    },
    {
        "logtime": "2019/07/02 18:11:12",
        "logdata": "http://apis.juhe.cn/ip/ip2addr?ip=36.56.247.29&key=74bb0395667b8d0588df9ebd6fc36a12"
    },
    {
        "logtime": "2019/07/02 18:11:12",
        "logdata": ""
    },
    {
        "logtime": "2019/07/02 18:11:12",
        "logdata": "url"
    },
    {
        "logtime": "2019/07/02 18:11:12",
        "logdata": "http://apis.juhe.cn/ip/ip2addr?ip=121.76.233.44&key=74bb0395667b8d0588df9ebd6fc36a12"
    },
    {
        "logtime": "2019/07/02 18:11:12",
        "logdata": ""
    },
    {
        "logtime": "2019/07/02 18:11:12",
        "logdata": "url"
    },
    {
        "logtime": "2019/07/02 18:11:12",
        "logdata": "http://apis.juhe.cn/ip/ip2addr?ip=106.90.246.30&key=74bb0395667b8d0588df9ebd6fc36a12"
    },
    {
        "logtime": "2019/07/02 18:11:12",
        "logdata": ""
    },
    {
        "logtime": "2019/07/02 18:11:12",
        "logdata": "url"
    },
    {
        "logtime": "2019/07/02 18:11:12",
        "logdata": "http://apis.juhe.cn/ip/ip2addr?ip=121.77.232.147&key=74bb0395667b8d0588df9ebd6fc36a12"
    },
    {
        "logtime": "2019/07/02 18:11:12",
        "logdata": ""
    },
    {
        "logtime": "2019/07/02 18:11:12",
        "logdata": "url"
    },
    {
        "logtime": "2019/07/02 18:11:12",
        "logdata": "http://apis.juhe.cn/ip/ip2addr?ip=171.8.151.223&key=74bb0395667b8d0588df9ebd6fc36a12"
    },
    {
        "logtime": "2019/07/02 18:11:12",
        "logdata": ""
    },
    {
        "logtime": "2019/07/02 18:11:12",
        "logdata": "url"
    },
    {
        "logtime": "2019/07/02 18:11:12",
        "logdata": "http://apis.juhe.cn/ip/ip2addr?ip=106.91.2.171&key=74bb0395667b8d0588df9ebd6fc36a12"
    },
    {
        "logtime": "2019/07/02 18:11:12",
        "logdata": ""
    },
    {
        "logtime": "2019/07/02 18:11:12",
        "logdata": "url"
    },
    {
        "logtime": "2019/07/02 18:11:12",
        "logdata": "http://apis.juhe.cn/ip/ip2addr?ip=106.81.200.96&key=74bb0395667b8d0588df9ebd6fc36a12"
    },
    {
        "logtime": "2019/07/02 18:11:12",
        "logdata": ""
    },
    {
        "logtime": "2019/07/02 18:11:12",
        "logdata": "url"
    },
    {
        "logtime": "2019/07/02 18:11:12",
        "logdata": "http://apis.juhe.cn/ip/ip2addr?ip=121.76.151.104&key=74bb0395667b8d0588df9ebd6fc36a12"
    },
    {
        "logtime": "2019/07/02 18:11:12",
        "logdata": ""
    },
    {
        "logtime": "2019/07/02 18:11:12",
        "logdata": "url"
    },
    {
        "logtime": "2019/07/02 18:11:12",
        "logdata": "http://apis.juhe.cn/ip/ip2addr?ip=121.77.92.143&key=74bb0395667b8d0588df9ebd6fc36a12"
    },
    {
        "logtime": "2019/07/02 18:11:12",
        "logdata": ""
    },
    {
        "logtime": "2019/07/02 18:11:12",
        "logdata": "url"
    },
    {
        "logtime": "2019/07/02 18:11:12",
        "logdata": "http://apis.juhe.cn/ip/ip2addr?ip=139.208.177.69&key=74bb0395667b8d0588df9ebd6fc36a12"
    },
    {
        "logtime": "2019/07/02 18:11:12",
        "logdata": ""
    },
    {
        "logtime": "2019/07/02 18:11:12",
        "logdata": "url"
    },
    {
        "logtime": "2019/07/02 18:11:12",
        "logdata": "http://apis.juhe.cn/ip/ip2addr?ip=123.234.117.138&key=74bb0395667b8d0588df9ebd6fc36a12"
    },
    {
        "logtime": "2019/07/02 18:11:12",
        "logdata": ""
    },
    {
        "logtime": "2019/07/02 18:11:12",
        "logdata": "url"
    },
    {
        "logtime": "2019/07/02 18:11:12",
        "logdata": "http://apis.juhe.cn/ip/ip2addr?ip=222.70.244.197&key=74bb0395667b8d0588df9ebd6fc36a12"
    },
    {
        "logtime": "2019/07/02 18:11:12",
        "logdata": ""
    },
    {
        "logtime": "2019/07/02 18:11:12",
        "logdata": "url"
    },
    {
        "logtime": "2019/07/02 18:11:12",
        "logdata": "http://apis.juhe.cn/ip/ip2addr?ip=210.29.143.88&key=74bb0395667b8d0588df9ebd6fc36a12"
    },
    {
        "logtime": "2019/07/02 18:11:12",
        "logdata": ""
    },
    {
        "logtime": "2019/07/02 18:11:12",
        "logdata": "url"
    },
    {
        "logtime": "2019/07/02 18:11:12",
        "logdata": "http://apis.juhe.cn/ip/ip2addr?ip=121.77.247.30&key=74bb0395667b8d0588df9ebd6fc36a12"
    },
    {
        "logtime": "2019/07/02 18:11:12",
        "logdata": ""
    },
    {
        "logtime": "2019/07/02 18:11:12",
        "logdata": "url"
    },
    {
        "logtime": "2019/07/02 18:11:13",
        "logdata": "http://apis.juhe.cn/ip/ip2addr?ip=182.89.216.64&key=74bb0395667b8d0588df9ebd6fc36a12"
    },
    {
        "logtime": "2019/07/02 18:11:13",
        "logdata": ""
    },
    {
        "logtime": "2019/07/02 18:11:13",
        "logdata": "url"
    },
    {
        "logtime": "2019/07/02 18:11:13",
        "logdata": "http://apis.juhe.cn/ip/ip2addr?ip=106.84.146.242&key=74bb0395667b8d0588df9ebd6fc36a12"
    },
    {
        "logtime": "2019/07/02 18:11:13",
        "logdata": ""
    },
    {
        "logtime": "2019/07/02 18:11:13",
        "logdata": "url"
    },
    {
        "logtime": "2019/07/02 18:11:13",
        "logdata": "http://apis.juhe.cn/ip/ip2addr?ip=36.57.154.223&key=74bb0395667b8d0588df9ebd6fc36a12"
    },
    {
        "logtime": "2019/07/02 18:11:13",
        "logdata": ""
    },
    {
        "logtime": "2019/07/02 18:11:13",
        "logdata": "url"
    },
    {
        "logtime": "2019/07/02 18:11:13",
        "logdata": "http://apis.juhe.cn/ip/ip2addr?ip=210.29.140.250&key=74bb0395667b8d0588df9ebd6fc36a12"
    },
    {
        "logtime": "2019/07/02 18:11:13",
        "logdata": ""
    },
    {
        "logtime": "2019/07/02 18:11:13",
        "logdata": "url"
    },
    {
        "logtime": "2019/07/02 18:11:13",
        "logdata": "http://apis.juhe.cn/ip/ip2addr?ip=123.234.182.71&key=74bb0395667b8d0588df9ebd6fc36a12"
    },
    {
        "logtime": "2019/07/02 18:11:13",
        "logdata": ""
    },
    {
        "logtime": "2019/07/02 18:11:13",
        "logdata": "url"
    },
    {
        "logtime": "2019/07/02 18:11:13",
        "logdata": "http://apis.juhe.cn/ip/ip2addr?ip=121.77.231.59&key=74bb0395667b8d0588df9ebd6fc36a12"
    },
    {
        "logtime": "2019/07/02 18:11:13",
        "logdata": ""
    },
    {
        "logtime": "2019/07/02 18:11:13",
        "logdata": "url"
    },
    {
        "logtime": "2019/07/02 18:11:13",
        "logdata": "http://apis.juhe.cn/ip/ip2addr?ip=139.204.201.180&key=74bb0395667b8d0588df9ebd6fc36a12"
    },
    {
        "logtime": "2019/07/02 18:11:13",
        "logdata": ""
    },
    {
        "logtime": "2019/07/02 18:11:13",
        "logdata": "url"
    },
    {
        "logtime": "2019/07/02 18:11:13",
        "logdata": "http://apis.juhe.cn/ip/ip2addr?ip=182.86.46.157&key=74bb0395667b8d0588df9ebd6fc36a12"
    },
    {
        "logtime": "2019/07/02 18:11:13",
        "logdata": ""
    },
    {
        "logtime": "2019/07/02 18:11:13",
        "logdata": "url"
    },
    {
        "logtime": "2019/07/02 18:11:13",
        "logdata": "http://apis.juhe.cn/ip/ip2addr?ip=210.35.211.128&key=74bb0395667b8d0588df9ebd6fc36a12"
    },
    {
        "logtime": "2019/07/02 18:11:13",
        "logdata": ""
    },
    {
        "logtime": "2019/07/02 18:11:13",
        "logdata": "url"
    },
    {
        "logtime": "2019/07/02 18:11:13",
        "logdata": "http://apis.juhe.cn/ip/ip2addr?ip=61.232.4.31&key=74bb0395667b8d0588df9ebd6fc36a12"
    },
    {
        "logtime": "2019/07/02 18:11:13",
        "logdata": ""
    },
    {
        "logtime": "2019/07/02 18:11:13",
        "logdata": "url"
    },
    {
        "logtime": "2019/07/02 18:11:13",
        "logdata": "http://apis.juhe.cn/ip/ip2addr?ip=210.45.244.109&key=74bb0395667b8d0588df9ebd6fc36a12"
    },
    {
        "logtime": "2019/07/02 18:11:13",
        "logdata": ""
    },
    {
        "logtime": "2019/07/02 18:11:13",
        "logdata": "url"
    },
    {
        "logtime": "2019/07/02 18:11:13",
        "logdata": "http://apis.juhe.cn/ip/ip2addr?ip=58.23.48.188&key=74bb0395667b8d0588df9ebd6fc36a12"
    },
    {
        "logtime": "2019/07/02 18:11:13",
        "logdata": ""
    },
    {
        "logtime": "2019/07/02 18:11:13",
        "logdata": "url"
    },
    {
        "logtime": "2019/07/02 18:11:13",
        "logdata": "http://apis.juhe.cn/ip/ip2addr?ip=61.235.193.44&key=74bb0395667b8d0588df9ebd6fc36a12"
    },
    {
        "logtime": "2019/07/02 18:11:13",
        "logdata": ""
    },
    {
        "logtime": "2019/07/02 18:11:13",
        "logdata": "url"
    },
    {
        "logtime": "2019/07/02 18:11:13",
        "logdata": "http://apis.juhe.cn/ip/ip2addr?ip=171.14.89.86&key=74bb0395667b8d0588df9ebd6fc36a12"
    },
    {
        "logtime": "2019/07/02 18:11:13",
        "logdata": ""
    },
    {
        "logtime": "2019/07/02 18:11:13",
        "logdata": "url"
    },
    {
        "logtime": "2019/07/02 18:11:13",
        "logdata": "http://apis.juhe.cn/ip/ip2addr?ip=123.233.217.57&key=74bb0395667b8d0588df9ebd6fc36a12"
    },
    {
        "logtime": "2019/07/02 18:11:13",
        "logdata": ""
    },
    {
        "logtime": "2019/07/02 18:11:13",
        "logdata": "url"
    },
    {
        "logtime": "2019/07/02 18:11:13",
        "logdata": "http://apis.juhe.cn/ip/ip2addr?ip=139.206.223.88&key=74bb0395667b8d0588df9ebd6fc36a12"
    },
    {
        "logtime": "2019/07/02 18:11:13",
        "logdata": ""
    },
    {
        "logtime": "2019/07/02 18:11:13",
        "logdata": "url"
    },
    {
        "logtime": "2019/07/02 18:11:13",
        "logdata": "http://apis.juhe.cn/ip/ip2addr?ip=61.237.14.54&key=74bb0395667b8d0588df9ebd6fc36a12"
    },
    {
        "logtime": "2019/07/02 18:11:13",
        "logdata": ""
    },
    {
        "logtime": "2019/07/02 18:11:13",
        "logdata": "url"
    },
    {
        "logtime": "2019/07/02 18:11:13",
        "logdata": "http://apis.juhe.cn/ip/ip2addr?ip=123.232.234.161&key=74bb0395667b8d0588df9ebd6fc36a12"
    },
    {
        "logtime": "2019/07/02 18:11:13",
        "logdata": ""
    },
    {
        "logtime": "2019/07/02 18:11:13",
        "logdata": "url"
    },
    {
        "logtime": "2019/07/02 18:11:13",
        "logdata": "http://apis.juhe.cn/ip/ip2addr?ip=139.204.237.222&key=74bb0395667b8d0588df9ebd6fc36a12"
    },
    {
        "logtime": "2019/07/02 18:11:13",
        "logdata": ""
    },
    {
        "logtime": "2019/07/02 18:11:13",
        "logdata": "url"
    },
    {
        "logtime": "2019/07/02 18:11:13",
        "logdata": "http://apis.juhe.cn/ip/ip2addr?ip=121.77.213.131&key=74bb0395667b8d0588df9ebd6fc36a12"
    },
    {
        "logtime": "2019/07/02 18:11:13",
        "logdata": ""
    },
    {
        "logtime": "2019/07/02 18:11:13",
        "logdata": "url"
    },
    {
        "logtime": "2019/07/02 18:11:13",
        "logdata": "http://apis.juhe.cn/ip/ip2addr?ip=139.198.255.180&key=74bb0395667b8d0588df9ebd6fc36a12"
    },
    {
        "logtime": "2019/07/02 18:11:13",
        "logdata": ""
    },
    {
        "logtime": "2019/07/02 18:11:13",
        "logdata": "url"
    },
    {
        "logtime": "2019/07/02 18:11:13",
        "logdata": "http://apis.juhe.cn/ip/ip2addr?ip=222.39.251.6&key=74bb0395667b8d0588df9ebd6fc36a12"
    },
    {
        "logtime": "2019/07/02 18:11:13",
        "logdata": ""
    },
    {
        "logtime": "2019/07/02 18:11:13",
        "logdata": "url"
    },
    {
        "logtime": "2019/07/02 18:11:13",
        "logdata": "http://apis.juhe.cn/ip/ip2addr?ip=210.28.9.169&key=74bb0395667b8d0588df9ebd6fc36a12"
    },
    {
        "logtime": "2019/07/02 18:11:13",
        "logdata": ""
    },
    {
        "logtime": "2019/07/02 18:11:13",
        "logdata": "url"
    },
    {
        "logtime": "2019/07/02 18:11:13",
        "logdata": "http://apis.juhe.cn/ip/ip2addr?ip=123.232.211.88&key=74bb0395667b8d0588df9ebd6fc36a12"
    },
    {
        "logtime": "2019/07/02 18:11:13",
        "logdata": ""
    },
    {
        "logtime": "2019/07/02 18:11:13",
        "logdata": "url"
    },
    {
        "logtime": "2019/07/02 18:11:13",
        "logdata": "http://apis.juhe.cn/ip/ip2addr?ip=61.237.79.213&key=74bb0395667b8d0588df9ebd6fc36a12"
    },
    {
        "logtime": "2019/07/02 18:11:13",
        "logdata": ""
    },
    {
        "logtime": "2019/07/02 18:11:13",
        "logdata": "url"
    },
    {
        "logtime": "2019/07/02 18:11:13",
        "logdata": "http://apis.juhe.cn/ip/ip2addr?ip=210.39.22.245&key=74bb0395667b8d0588df9ebd6fc36a12"
    },
    {
        "logtime": "2019/07/02 18:11:13",
        "logdata": ""
    },
    {
        "logtime": "2019/07/02 18:11:13",
        "logdata": "url"
    },
    {
        "logtime": "2019/07/02 18:11:13",
        "logdata": "http://apis.juhe.cn/ip/ip2addr?ip=182.88.198.231&key=74bb0395667b8d0588df9ebd6fc36a12"
    },
    {
        "logtime": "2019/07/02 18:11:13",
        "logdata": ""
    },
    {
        "logtime": "2019/07/02 18:11:13",
        "logdata": "url"
    },
    {
        "logtime": "2019/07/02 18:11:13",
        "logdata": "http://apis.juhe.cn/ip/ip2addr?ip=106.81.224.207&key=74bb0395667b8d0588df9ebd6fc36a12"
    },
    {
        "logtime": "2019/07/02 18:11:13",
        "logdata": ""
    },
    {
        "logtime": "2019/07/02 18:11:13",
        "logdata": "url"
    },
    {
        "logtime": "2019/07/02 18:11:13",
        "logdata": "http://apis.juhe.cn/ip/ip2addr?ip=222.31.42.78&key=74bb0395667b8d0588df9ebd6fc36a12"
    },
    {
        "logtime": "2019/07/02 18:11:13",
        "logdata": ""
    },
    {
        "logtime": "2019/07/02 18:11:13",
        "logdata": "url"
    },
    {
        "logtime": "2019/07/02 18:11:13",
        "logdata": "http://apis.juhe.cn/ip/ip2addr?ip=139.199.60.231&key=74bb0395667b8d0588df9ebd6fc36a12"
    },
    {
        "logtime": "2019/07/02 18:11:13",
        "logdata": ""
    },
    {
        "logtime": "2019/07/02 18:11:13",
        "logdata": "url"
    },
    {
        "logtime": "2019/07/02 18:11:13",
        "logdata": "http://apis.juhe.cn/ip/ip2addr?ip=222.60.178.19&key=74bb0395667b8d0588df9ebd6fc36a12"
    },
    {
        "logtime": "2019/07/02 18:11:13",
        "logdata": ""
    },
    {
        "logtime": "2019/07/02 18:11:13",
        "logdata": "url"
    },
    {
        "logtime": "2019/07/02 18:11:13",
        "logdata": "http://apis.juhe.cn/ip/ip2addr?ip=210.29.203.131&key=74bb0395667b8d0588df9ebd6fc36a12"
    },
    {
        "logtime": "2019/07/02 18:11:13",
        "logdata": ""
    },
    {
        "logtime": "2019/07/02 18:11:13",
        "logdata": "url"
    },
    {
        "logtime": "2019/07/02 18:11:13",
        "logdata": "http://apis.juhe.cn/ip/ip2addr?ip=106.87.153.191&key=74bb0395667b8d0588df9ebd6fc36a12"
    },
    {
        "logtime": "2019/07/02 18:11:13",
        "logdata": ""
    },
    {
        "logtime": "2019/07/02 18:11:13",
        "logdata": "url"
    },
    {
        "logtime": "2019/07/02 18:11:13",
        "logdata": "http://apis.juhe.cn/ip/ip2addr?ip=182.89.26.121&key=74bb0395667b8d0588df9ebd6fc36a12"
    },
    {
        "logtime": "2019/07/02 18:11:13",
        "logdata": ""
    },
    {
        "logtime": "2019/07/02 18:11:13",
        "logdata": "url"
    },
    {
        "logtime": "2019/07/02 18:11:13",
        "logdata": "http://apis.juhe.cn/ip/ip2addr?ip=210.42.21.22&key=74bb0395667b8d0588df9ebd6fc36a12"
    },
    {
        "logtime": "2019/07/02 18:11:13",
        "logdata": ""
    },
    {
        "logtime": "2019/07/02 18:11:13",
        "logdata": "url"
    },
    {
        "logtime": "2019/07/02 18:11:13",
        "logdata": "http://apis.juhe.cn/ip/ip2addr?ip=61.234.203.28&key=74bb0395667b8d0588df9ebd6fc36a12"
    },
    {
        "logtime": "2019/07/02 18:11:13",
        "logdata": ""
    },
    {
        "logtime": "2019/07/02 18:11:13",
        "logdata": "url"
    },
    {
        "logtime": "2019/07/02 18:11:13",
        "logdata": "http://apis.juhe.cn/ip/ip2addr?ip=106.90.246.30&key=74bb0395667b8d0588df9ebd6fc36a12"
    },
    {
        "logtime": "2019/07/02 18:11:13",
        "logdata": ""
    },
    {
        "logtime": "2019/07/02 18:11:13",
        "logdata": "url"
    },
    {
        "logtime": "2019/07/02 18:11:13",
        "logdata": "http://apis.juhe.cn/ip/ip2addr?ip=106.88.50.0&key=74bb0395667b8d0588df9ebd6fc36a12"
    },
    {
        "logtime": "2019/07/02 18:11:13",
        "logdata": ""
    },
    {
        "logtime": "2019/07/02 18:11:13",
        "logdata": "url"
    },
    {
        "logtime": "2019/07/02 18:11:13",
        "logdata": "http://apis.juhe.cn/ip/ip2addr?ip=210.36.53.225&key=74bb0395667b8d0588df9ebd6fc36a12"
    },
    {
        "logtime": "2019/07/02 18:11:14",
        "logdata": ""
    },
    {
        "logtime": "2019/07/02 18:11:14",
        "logdata": "url"
    },
    {
        "logtime": "2019/07/02 18:11:14",
        "logdata": "http://apis.juhe.cn/ip/ip2addr?ip=171.12.20.5&key=74bb0395667b8d0588df9ebd6fc36a12"
    },
    {
        "logtime": "2019/07/02 18:11:14",
        "logdata": ""
    },
    {
        "logtime": "2019/07/02 18:11:14",
        "logdata": "url"
    },
    {
        "logtime": "2019/07/02 18:11:14",
        "logdata": "http://apis.juhe.cn/ip/ip2addr?ip=210.34.182.130&key=74bb0395667b8d0588df9ebd6fc36a12"
    },
    {
        "logtime": "2019/07/02 18:11:14",
        "logdata": ""
    },
    {
        "logtime": "2019/07/02 18:11:14",
        "logdata": "url"
    },
    {
        "logtime": "2019/07/02 18:11:14",
        "logdata": "http://apis.juhe.cn/ip/ip2addr?ip=123.234.117.138&key=74bb0395667b8d0588df9ebd6fc36a12"
    },
    {
        "logtime": "2019/07/02 18:11:14",
        "logdata": ""
    },
    {
        "logtime": "2019/07/02 18:11:14",
        "logdata": "url"
    },
    {
        "logtime": "2019/07/02 18:11:14",
        "logdata": "http://apis.juhe.cn/ip/ip2addr?ip=121.77.232.147&key=74bb0395667b8d0588df9ebd6fc36a12"
    },
    {
        "logtime": "2019/07/02 18:11:14",
        "logdata": ""
    },
    {
        "logtime": "2019/07/02 18:11:14",
        "logdata": "url"
    },
    {
        "logtime": "2019/07/02 18:11:14",
        "logdata": "http://apis.juhe.cn/ip/ip2addr?ip=222.47.232.238&key=74bb0395667b8d0588df9ebd6fc36a12"
    },
    {
        "logtime": "2019/07/02 18:11:14",
        "logdata": ""
    },
    {
        "logtime": "2019/07/02 18:11:14",
        "logdata": "url"
    },
    {
        "logtime": "2019/07/02 18:11:14",
        "logdata": "http://apis.juhe.cn/ip/ip2addr?ip=36.57.154.223&key=74bb0395667b8d0588df9ebd6fc36a12"
    },
    {
        "logtime": "2019/07/02 18:11:14",
        "logdata": ""
    },
    {
        "logtime": "2019/07/02 18:11:14",
        "logdata": "url"
    },
    {
        "logtime": "2019/07/02 18:11:14",
        "logdata": "http://apis.juhe.cn/ip/ip2addr?ip=182.89.216.64&key=74bb0395667b8d0588df9ebd6fc36a12"
    },
    {
        "logtime": "2019/07/02 18:11:14",
        "logdata": ""
    },
    {
        "logtime": "2019/07/02 18:11:14",
        "logdata": "url"
    },
    {
        "logtime": "2019/07/02 18:11:14",
        "logdata": "http://apis.juhe.cn/ip/ip2addr?ip=121.77.140.83&key=74bb0395667b8d0588df9ebd6fc36a12"
    },
    {
        "logtime": "2019/07/02 18:11:14",
        "logdata": ""
    },
    {
        "logtime": "2019/07/02 18:11:14",
        "logdata": "url"
    },
    {
        "logtime": "2019/07/02 18:11:14",
        "logdata": "http://apis.juhe.cn/ip/ip2addr?ip=121.77.247.30&key=74bb0395667b8d0588df9ebd6fc36a12"
    },
    {
        "logtime": "2019/07/02 18:11:14",
        "logdata": ""
    },
    {
        "logtime": "2019/07/02 18:11:14",
        "logdata": "url"
    },
    {
        "logtime": "2019/07/02 18:11:14",
        "logdata": "http://apis.juhe.cn/ip/ip2addr?ip=171.8.151.223&key=74bb0395667b8d0588df9ebd6fc36a12"
    },
    {
        "logtime": "2019/07/02 18:11:14",
        "logdata": ""
    },
    {
        "logtime": "2019/07/02 18:11:14",
        "logdata": "url"
    },
    {
        "logtime": "2019/07/02 18:11:14",
        "logdata": "http://apis.juhe.cn/ip/ip2addr?ip=182.87.142.221&key=74bb0395667b8d0588df9ebd6fc36a12"
    },
    {
        "logtime": "2019/07/02 18:11:14",
        "logdata": ""
    },
    {
        "logtime": "2019/07/02 18:11:14",
        "logdata": "url"
    },
    {
        "logtime": "2019/07/02 18:11:14",
        "logdata": "http://apis.juhe.cn/ip/ip2addr?ip=123.234.182.71&key=74bb0395667b8d0588df9ebd6fc36a12"
    },
    {
        "logtime": "2019/07/02 18:11:14",
        "logdata": ""
    },
    {
        "logtime": "2019/07/02 18:11:14",
        "logdata": "url"
    },
    {
        "logtime": "2019/07/02 18:11:14",
        "logdata": "http://apis.juhe.cn/ip/ip2addr?ip=182.86.46.157&key=74bb0395667b8d0588df9ebd6fc36a12"
    },
    {
        "logtime": "2019/07/02 18:11:14",
        "logdata": ""
    },
    {
        "logtime": "2019/07/02 18:11:14",
        "logdata": "url"
    },
    {
        "logtime": "2019/07/02 18:11:14",
        "logdata": "http://apis.juhe.cn/ip/ip2addr?ip=121.76.151.104&key=74bb0395667b8d0588df9ebd6fc36a12"
    },
    {
        "logtime": "2019/07/02 18:11:14",
        "logdata": ""
    },
    {
        "logtime": "2019/07/02 18:11:14",
        "logdata": "url"
    },
    {
        "logtime": "2019/07/02 18:11:14",
        "logdata": "http://apis.juhe.cn/ip/ip2addr?ip=171.8.40.67&key=74bb0395667b8d0588df9ebd6fc36a12"
    },
    {
        "logtime": "2019/07/02 18:11:14",
        "logdata": ""
    },
    {
        "logtime": "2019/07/02 18:11:14",
        "logdata": "url"
    },
    {
        "logtime": "2019/07/02 18:11:14",
        "logdata": "http://apis.juhe.cn/ip/ip2addr?ip=106.81.200.96&key=74bb0395667b8d0588df9ebd6fc36a12"
    },
    {
        "logtime": "2019/07/02 18:11:14",
        "logdata": ""
    },
    {
        "logtime": "2019/07/02 18:11:14",
        "logdata": "url"
    },
    {
        "logtime": "2019/07/02 18:11:14",
        "logdata": "http://apis.juhe.cn/ip/ip2addr?ip=121.77.92.143&key=74bb0395667b8d0588df9ebd6fc36a12"
    },
    {
        "logtime": "2019/07/02 18:11:14",
        "logdata": ""
    },
    {
        "logtime": "2019/07/02 18:11:14",
        "logdata": "url"
    },
    {
        "logtime": "2019/07/02 18:11:14",
        "logdata": "http://apis.juhe.cn/ip/ip2addr?ip=210.29.140.250&key=74bb0395667b8d0588df9ebd6fc36a12"
    },
    {
        "logtime": "2019/07/02 18:11:14",
        "logdata": ""
    },
    {
        "logtime": "2019/07/02 18:11:14",
        "logdata": "url"
    },
    {
        "logtime": "2019/07/02 18:11:14",
        "logdata": "http://apis.juhe.cn/ip/ip2addr?ip=106.91.2.171&key=74bb0395667b8d0588df9ebd6fc36a12"
    },
    {
        "logtime": "2019/07/02 18:11:14",
        "logdata": ""
    },
    {
        "logtime": "2019/07/02 18:11:14",
        "logdata": "url"
    },
    {
        "logtime": "2019/07/02 18:11:14",
        "logdata": "http://apis.juhe.cn/ip/ip2addr?ip=58.23.48.188&key=74bb0395667b8d0588df9ebd6fc36a12"
    },
    {
        "logtime": "2019/07/02 18:11:14",
        "logdata": ""
    },
    {
        "logtime": "2019/07/02 18:11:14",
        "logdata": "url"
    },
    {
        "logtime": "2019/07/02 18:11:14",
        "logdata": "http://apis.juhe.cn/ip/ip2addr?ip=121.77.231.59&key=74bb0395667b8d0588df9ebd6fc36a12"
    },
    {
        "logtime": "2019/07/02 18:11:14",
        "logdata": ""
    },
    {
        "logtime": "2019/07/02 18:11:14",
        "logdata": "url"
    },
    {
        "logtime": "2019/07/02 18:11:14",
        "logdata": "http://apis.juhe.cn/ip/ip2addr?ip=210.45.244.109&key=74bb0395667b8d0588df9ebd6fc36a12"
    },
    {
        "logtime": "2019/07/02 18:11:14",
        "logdata": ""
    },
    {
        "logtime": "2019/07/02 18:11:14",
        "logdata": "url"
    },
    {
        "logtime": "2019/07/02 18:11:14",
        "logdata": "http://apis.juhe.cn/ip/ip2addr?ip=121.76.233.44&key=74bb0395667b8d0588df9ebd6fc36a12"
    },
    {
        "logtime": "2019/07/02 18:11:14",
        "logdata": ""
    },
    {
        "logtime": "2019/07/02 18:11:14",
        "logdata": "url"
    },
    {
        "logtime": "2019/07/02 18:11:14",
        "logdata": "http://apis.juhe.cn/ip/ip2addr?ip=222.70.244.197&key=74bb0395667b8d0588df9ebd6fc36a12"
    },
    {
        "logtime": "2019/07/02 18:11:14",
        "logdata": ""
    },
    {
        "logtime": "2019/07/02 18:11:14",
        "logdata": "url"
    },
    {
        "logtime": "2019/07/02 18:11:14",
        "logdata": "http://apis.juhe.cn/ip/ip2addr?ip=210.29.143.88&key=74bb0395667b8d0588df9ebd6fc36a12"
    },
    {
        "logtime": "2019/07/02 18:11:14",
        "logdata": ""
    },
    {
        "logtime": "2019/07/02 18:11:14",
        "logdata": "url"
    },
    {
        "logtime": "2019/07/02 18:11:14",
        "logdata": "http://apis.juhe.cn/ip/ip2addr?ip=36.56.247.29&key=74bb0395667b8d0588df9ebd6fc36a12"
    },
    {
        "logtime": "2019/07/02 18:11:14",
        "logdata": ""
    },
    {
        "logtime": "2019/07/02 18:11:14",
        "logdata": "url"
    },
    {
        "logtime": "2019/07/02 18:11:14",
        "logdata": "http://apis.juhe.cn/ip/ip2addr?ip=61.232.4.31&key=74bb0395667b8d0588df9ebd6fc36a12"
    },
    {
        "logtime": "2019/07/02 18:11:14",
        "logdata": ""
    },
    {
        "logtime": "2019/07/02 18:11:14",
        "logdata": "url"
    },
    {
        "logtime": "2019/07/02 18:11:14",
        "logdata": "http://apis.juhe.cn/ip/ip2addr?ip=210.35.211.128&key=74bb0395667b8d0588df9ebd6fc36a12"
    },
    {
        "logtime": "2019/07/02 18:11:14",
        "logdata": ""
    },
    {
        "logtime": "2019/07/02 18:11:14",
        "logdata": "url"
    },
    {
        "logtime": "2019/07/02 18:11:14",
        "logdata": "http://apis.juhe.cn/ip/ip2addr?ip=106.84.146.242&key=74bb0395667b8d0588df9ebd6fc36a12"
    },
    {
        "logtime": "2019/07/02 18:11:14",
        "logdata": ""
    },
    {
        "logtime": "2019/07/02 18:11:14",
        "logdata": {
            "_ServerResVersion": 6,
            "_Active": true,
            "_KindVersion": "101122049",
            "_KindType": 2,
            "_Module": "yule/redninebattle/",
            "_KindID": "109",
            "_Type": "yule",
            "nSitChair": 65535,
            "_KindName": "yule.redninebattle.",
            "nEnterRoomIndex": 1,
            "nSitTable": 65535,
            "_SortId": 12
        }
    },
    {
        "logtime": "2019/07/02 18:11:15",
        "logdata": "modulestr"
    },
    {
        "logtime": "2019/07/02 18:11:15",
        "logdata": "yule/redninebattle/"
    },
    {
        "logtime": "2019/07/02 18:11:15",
        "logdata": "url"
    },
    {
        "logtime": "2019/07/02 18:11:15",
        "logdata": "http://apis.juhe.cn/ip/ip2addr?ip=123.233.217.57&key=74bb0395667b8d0588df9ebd6fc36a12"
    },
    {
        "logtime": "2019/07/02 18:11:15",
        "logdata": ""
    },
    {
        "logtime": "2019/07/02 18:11:15",
        "logdata": "url"
    },
    {
        "logtime": "2019/07/02 18:11:15",
        "logdata": "http://apis.juhe.cn/ip/ip2addr?ip=61.237.14.54&key=74bb0395667b8d0588df9ebd6fc36a12"
    },
    {
        "logtime": "2019/07/02 18:11:15",
        "logdata": ""
    },
    {
        "logtime": "2019/07/02 18:11:15",
        "logdata": "url"
    },
    {
        "logtime": "2019/07/02 18:11:15",
        "logdata": "http://apis.juhe.cn/ip/ip2addr?ip=210.39.22.245&key=74bb0395667b8d0588df9ebd6fc36a12"
    },
    {
        "logtime": "2019/07/02 18:11:15",
        "logdata": ""
    },
    {
        "logtime": "2019/07/02 18:11:15",
        "logdata": "url"
    },
    {
        "logtime": "2019/07/02 18:11:15",
        "logdata": "http://apis.juhe.cn/ip/ip2addr?ip=222.31.42.78&key=74bb0395667b8d0588df9ebd6fc36a12"
    },
    {
        "logtime": "2019/07/02 18:11:15",
        "logdata": ""
    },
    {
        "logtime": "2019/07/02 18:11:15",
        "logdata": "url"
    },
    {
        "logtime": "2019/07/02 18:11:15",
        "logdata": "http://apis.juhe.cn/ip/ip2addr?ip=222.39.251.6&key=74bb0395667b8d0588df9ebd6fc36a12"
    },
    {
        "logtime": "2019/07/02 18:11:15",
        "logdata": ""
    },
    {
        "logtime": "2019/07/02 18:11:15",
        "logdata": "url"
    },
    {
        "logtime": "2019/07/02 18:11:15",
        "logdata": "http://apis.juhe.cn/ip/ip2addr?ip=106.90.246.30&key=74bb0395667b8d0588df9ebd6fc36a12"
    },
    {
        "logtime": "2019/07/02 18:11:15",
        "logdata": ""
    },
    {
        "logtime": "2019/07/02 18:11:15",
        "logdata": "url"
    },
    {
        "logtime": "2019/07/02 18:11:15",
        "logdata": "http://apis.juhe.cn/ip/ip2addr?ip=182.89.26.121&key=74bb0395667b8d0588df9ebd6fc36a12"
    },
    {
        "logtime": "2019/07/02 18:11:15",
        "logdata": ""
    },
    {
        "logtime": "2019/07/02 18:11:15",
        "logdata": "url"
    },
    {
        "logtime": "2019/07/02 18:11:15",
        "logdata": "http://apis.juhe.cn/ip/ip2addr?ip=171.12.20.5&key=74bb0395667b8d0588df9ebd6fc36a12"
    },
    {
        "logtime": "2019/07/02 18:11:15",
        "logdata": ""
    },
    {
        "logtime": "2019/07/02 18:11:15",
        "logdata": "url"
    },
    {
        "logtime": "2019/07/02 18:11:15",
        "logdata": "http://apis.juhe.cn/ip/ip2addr?ip=121.77.92.143&key=74bb0395667b8d0588df9ebd6fc36a12"
    },
    {
        "logtime": "2019/07/02 18:11:15",
        "logdata": ""
    },
    {
        "logtime": "2019/07/02 18:11:15",
        "logdata": "url"
    },
    {
        "logtime": "2019/07/02 18:11:15",
        "logdata": "http://apis.juhe.cn/ip/ip2addr?ip=210.35.211.128&key=74bb0395667b8d0588df9ebd6fc36a12"
    },
    {
        "logtime": "2019/07/02 18:11:15",
        "logdata": ""
    },
    {
        "logtime": "2019/07/02 18:11:21",
        "logdata": null
    },
    {
        "logtime": "2019/07/02 18:11:21",
        "logdata": "onEnterGame"
    },
    {
        "logtime": "2019/07/02 18:11:21",
        "logdata": {
            "_ServerResVersion": 10,
            "_Active": true,
            "_KindVersion": "101122049",
            "_KindType": 1,
            "_Module": "xiuxian/shuiguolaba/",
            "_KindID": "406",
            "_Type": "xiuxian",
            "_KindName": "xiuxian.shuiguolaba.",
            "_SortId": 0
        }
    },
    {
        "logtime": "2019/07/02 18:11:21",
        "logdata": "GlobalUserItem.getCurGameKind()"
    },
    {
        "logtime": "2019/07/02 18:11:21",
        "logdata": 406
    },
    {
        "logtime": "2019/07/02 18:11:29",
        "logdata": 6
    },
    {
        "logtime": "2019/07/02 18:11:29",
        "logdata": "onEnterGame"
    },
    {
        "logtime": "2019/07/02 18:11:29",
        "logdata": {
            "_ServerResVersion": 6,
            "_Active": true,
            "_KindVersion": "101122049",
            "_KindType": 2,
            "_Module": "yule/redninebattle/",
            "_KindID": "109",
            "_Type": "yule",
            "nSitChair": 65535,
            "_KindName": "yule.redninebattle.",
            "nEnterRoomIndex": 1,
            "nSitTable": 65535,
            "_SortId": 12
        }
    },
    {
        "logtime": "2019/07/02 18:11:29",
        "logdata": "GlobalUserItem.getCurGameKind()"
    },
    {
        "logtime": "2019/07/02 18:11:29",
        "logdata": 109
    },
    {
        "logtime": "2019/07/02 18:11:31",
        "logdata": "url"
    },
    {
        "logtime": "2019/07/02 18:11:31",
        "logdata": "http://apis.juhe.cn/ip/ip2addr?ip=58.23.48.188&key=74bb0395667b8d0588df9ebd6fc36a12"
    },
    {
        "logtime": "2019/07/02 18:11:31",
        "logdata": ""
    },
    {
        "logtime": "2019/07/02 18:11:31",
        "logdata": "url"
    },
    {
        "logtime": "2019/07/02 18:11:31",
        "logdata": "http://apis.juhe.cn/ip/ip2addr?ip=171.10.88.202&key=74bb0395667b8d0588df9ebd6fc36a12"
    },
    {
        "logtime": "2019/07/02 18:11:31",
        "logdata": ""
    },
    {
        "logtime": "2019/07/02 18:11:31",
        "logdata": "url"
    },
    {
        "logtime": "2019/07/02 18:11:31",
        "logdata": "http://apis.juhe.cn/ip/ip2addr?ip=139.200.11.39&key=74bb0395667b8d0588df9ebd6fc36a12"
    },
    {
        "logtime": "2019/07/02 18:11:31",
        "logdata": ""
    },
    {
        "logtime": "2019/07/02 18:11:31",
        "logdata": "url"
    },
    {
        "logtime": "2019/07/02 18:11:31",
        "logdata": "http://apis.juhe.cn/ip/ip2addr?ip=139.211.93.16&key=74bb0395667b8d0588df9ebd6fc36a12"
    },
    {
        "logtime": "2019/07/02 18:11:31",
        "logdata": ""
    },
    {
        "logtime": "2019/07/02 18:11:31",
        "logdata": "url"
    },
    {
        "logtime": "2019/07/02 18:11:31",
        "logdata": "http://apis.juhe.cn/ip/ip2addr?ip=36.58.128.86&key=74bb0395667b8d0588df9ebd6fc36a12"
    },
    {
        "logtime": "2019/07/02 18:11:31",
        "logdata": ""
    },
    {
        "logtime": "2019/07/02 18:11:31",
        "logdata": "url"
    },
    {
        "logtime": "2019/07/02 18:11:31",
        "logdata": "http://apis.juhe.cn/ip/ip2addr?ip=222.75.228.150&key=74bb0395667b8d0588df9ebd6fc36a12"
    },
    {
        "logtime": "2019/07/02 18:11:31",
        "logdata": ""
    },
    {
        "logtime": "2019/07/02 18:11:31",
        "logdata": "url"
    },
    {
        "logtime": "2019/07/02 18:11:31",
        "logdata": "http://apis.juhe.cn/ip/ip2addr?ip=61.234.106.252&key=74bb0395667b8d0588df9ebd6fc36a12"
    },
    {
        "logtime": "2019/07/02 18:11:31",
        "logdata": ""
    },
    {
        "logtime": "2019/07/02 18:11:31",
        "logdata": "url"
    },
    {
        "logtime": "2019/07/02 18:11:31",
        "logdata": "http://apis.juhe.cn/ip/ip2addr?ip=121.76.1.188&key=74bb0395667b8d0588df9ebd6fc36a12"
    },
    {
        "logtime": "2019/07/02 18:11:31",
        "logdata": ""
    },
    {
        "logtime": "2019/07/02 18:11:31",
        "logdata": "url"
    },
    {
        "logtime": "2019/07/02 18:11:31",
        "logdata": "http://apis.juhe.cn/ip/ip2addr?ip=36.56.196.211&key=74bb0395667b8d0588df9ebd6fc36a12"
    },
    {
        "logtime": "2019/07/02 18:11:31",
        "logdata": ""
    },
    {
        "logtime": "2019/07/02 18:11:31",
        "logdata": "url"
    },
    {
        "logtime": "2019/07/02 18:11:31",
        "logdata": "http://apis.juhe.cn/ip/ip2addr?ip=171.14.56.237&key=74bb0395667b8d0588df9ebd6fc36a12"
    },
    {
        "logtime": "2019/07/02 18:11:31",
        "logdata": ""
    },
    {
        "logtime": "2019/07/02 18:11:31",
        "logdata": "url"
    },
    {
        "logtime": "2019/07/02 18:11:31",
        "logdata": "http://apis.juhe.cn/ip/ip2addr?ip=106.82.129.231&key=74bb0395667b8d0588df9ebd6fc36a12"
    },
    {
        "logtime": "2019/07/02 18:11:31",
        "logdata": ""
    },
    {
        "logtime": "2019/07/02 18:11:31",
        "logdata": "url"
    },
    {
        "logtime": "2019/07/02 18:11:31",
        "logdata": "http://apis.juhe.cn/ip/ip2addr?ip=106.81.112.61&key=74bb0395667b8d0588df9ebd6fc36a12"
    },
    {
        "logtime": "2019/07/02 18:11:31",
        "logdata": ""
    },
    {
        "logtime": "2019/07/02 18:11:31",
        "logdata": "url"
    },
    {
        "logtime": "2019/07/02 18:11:31",
        "logdata": "http://apis.juhe.cn/ip/ip2addr?ip=106.87.72.28&key=74bb0395667b8d0588df9ebd6fc36a12"
    },
    {
        "logtime": "2019/07/02 18:11:31",
        "logdata": ""
    },
    {
        "logtime": "2019/07/02 18:11:31",
        "logdata": "url"
    },
    {
        "logtime": "2019/07/02 18:11:31",
        "logdata": "http://apis.juhe.cn/ip/ip2addr?ip=182.80.159.111&key=74bb0395667b8d0588df9ebd6fc36a12"
    },
    {
        "logtime": "2019/07/02 18:11:31",
        "logdata": ""
    },
    {
        "logtime": "2019/07/02 18:11:31",
        "logdata": "url"
    },
    {
        "logtime": "2019/07/02 18:11:31",
        "logdata": "http://apis.juhe.cn/ip/ip2addr?ip=182.84.3.209&key=74bb0395667b8d0588df9ebd6fc36a12"
    },
    {
        "logtime": "2019/07/02 18:11:31",
        "logdata": ""
    },
    {
        "logtime": "2019/07/02 18:11:31",
        "logdata": "url"
    },
    {
        "logtime": "2019/07/02 18:11:31",
        "logdata": "http://apis.juhe.cn/ip/ip2addr?ip=182.80.150.250&key=74bb0395667b8d0588df9ebd6fc36a12"
    },
    {
        "logtime": "2019/07/02 18:11:31",
        "logdata": ""
    },
    {
        "logtime": "2019/07/02 18:11:31",
        "logdata": "url"
    },
    {
        "logtime": "2019/07/02 18:11:31",
        "logdata": "http://apis.juhe.cn/ip/ip2addr?ip=139.209.242.214&key=74bb0395667b8d0588df9ebd6fc36a12"
    },
    {
        "logtime": "2019/07/02 18:11:31",
        "logdata": ""
    },
    {
        "logtime": "2019/07/02 18:11:31",
        "logdata": "url"
    },
    {
        "logtime": "2019/07/02 18:11:31",
        "logdata": "http://apis.juhe.cn/ip/ip2addr?ip=139.200.7.214&key=74bb0395667b8d0588df9ebd6fc36a12"
    },
    {
        "logtime": "2019/07/02 18:11:31",
        "logdata": ""
    },
    {
        "logtime": "2019/07/02 18:11:32",
        "logdata": "url"
    },
    {
        "logtime": "2019/07/02 18:11:32",
        "logdata": "http://apis.juhe.cn/ip/ip2addr?ip=182.83.134.46&key=74bb0395667b8d0588df9ebd6fc36a12"
    },
    {
        "logtime": "2019/07/02 18:11:32",
        "logdata": ""
    },
    {
        "logtime": "2019/07/02 18:11:32",
        "logdata": "url"
    },
    {
        "logtime": "2019/07/02 18:11:32",
        "logdata": "http://apis.juhe.cn/ip/ip2addr?ip=121.77.55.22&key=74bb0395667b8d0588df9ebd6fc36a12"
    },
    {
        "logtime": "2019/07/02 18:11:32",
        "logdata": ""
    },
    {
        "logtime": "2019/07/02 18:11:32",
        "logdata": "url"
    },
    {
        "logtime": "2019/07/02 18:11:32",
        "logdata": "http://apis.juhe.cn/ip/ip2addr?ip=123.234.13.49&key=74bb0395667b8d0588df9ebd6fc36a12"
    },
    {
        "logtime": "2019/07/02 18:11:32",
        "logdata": ""
    },
    {
        "logtime": "2019/07/02 18:11:32",
        "logdata": "url"
    },
    {
        "logtime": "2019/07/02 18:11:32",
        "logdata": "http://apis.juhe.cn/ip/ip2addr?ip=61.232.207.233&key=74bb0395667b8d0588df9ebd6fc36a12"
    },
    {
        "logtime": "2019/07/02 18:11:32",
        "logdata": ""
    },
    {
        "logtime": "2019/07/02 18:11:32",
        "logdata": "url"
    },
    {
        "logtime": "2019/07/02 18:11:32",
        "logdata": "http://apis.juhe.cn/ip/ip2addr?ip=171.13.203.211&key=74bb0395667b8d0588df9ebd6fc36a12"
    },
    {
        "logtime": "2019/07/02 18:11:32",
        "logdata": ""
    },
    {
        "logtime": "2019/07/02 18:11:32",
        "logdata": "url"
    },
    {
        "logtime": "2019/07/02 18:11:32",
        "logdata": "http://apis.juhe.cn/ip/ip2addr?ip=171.12.39.166&key=74bb0395667b8d0588df9ebd6fc36a12"
    },
    {
        "logtime": "2019/07/02 18:11:32",
        "logdata": ""
    },
    {
        "logtime": "2019/07/02 18:11:32",
        "logdata": "url"
    },
    {
        "logtime": "2019/07/02 18:11:32",
        "logdata": "http://apis.juhe.cn/ip/ip2addr?ip=36.63.137.153&key=74bb0395667b8d0588df9ebd6fc36a12"
    },
    {
        "logtime": "2019/07/02 18:11:32",
        "logdata": ""
    },
    {
        "logtime": "2019/07/02 18:11:32",
        "logdata": "url"
    },
    {
        "logtime": "2019/07/02 18:11:32",
        "logdata": "http://apis.juhe.cn/ip/ip2addr?ip=171.10.159.60&key=74bb0395667b8d0588df9ebd6fc36a12"
    },
    {
        "logtime": "2019/07/02 18:11:32",
        "logdata": ""
    },
    {
        "logtime": "2019/07/02 18:11:32",
        "logdata": "url"
    },
    {
        "logtime": "2019/07/02 18:11:32",
        "logdata": "http://apis.juhe.cn/ip/ip2addr?ip=171.13.1.10&key=74bb0395667b8d0588df9ebd6fc36a12"
    },
    {
        "logtime": "2019/07/02 18:11:32",
        "logdata": ""
    },
    {
        "logtime": "2019/07/02 18:11:32",
        "logdata": "url"
    },
    {
        "logtime": "2019/07/02 18:11:32",
        "logdata": "http://apis.juhe.cn/ip/ip2addr?ip=210.28.113.240&key=74bb0395667b8d0588df9ebd6fc36a12"
    },
    {
        "logtime": "2019/07/02 18:11:32",
        "logdata": ""
    },
    {
        "logtime": "2019/07/02 18:11:32",
        "logdata": "url"
    },
    {
        "logtime": "2019/07/02 18:11:32",
        "logdata": "http://apis.juhe.cn/ip/ip2addr?ip=61.234.242.95&key=74bb0395667b8d0588df9ebd6fc36a12"
    },
    {
        "logtime": "2019/07/02 18:11:32",
        "logdata": ""
    },
    {
        "logtime": "2019/07/02 18:11:32",
        "logdata": "url"
    },
    {
        "logtime": "2019/07/02 18:11:32",
        "logdata": "http://apis.juhe.cn/ip/ip2addr?ip=106.80.10.24&key=74bb0395667b8d0588df9ebd6fc36a12"
    },
    {
        "logtime": "2019/07/02 18:11:32",
        "logdata": ""
    },
    {
        "logtime": "2019/07/02 18:11:32",
        "logdata": "url"
    },
    {
        "logtime": "2019/07/02 18:11:32",
        "logdata": "http://apis.juhe.cn/ip/ip2addr?ip=106.82.8.55&key=74bb0395667b8d0588df9ebd6fc36a12"
    },
    {
        "logtime": "2019/07/02 18:11:32",
        "logdata": ""
    },
    {
        "logtime": "2019/07/02 18:11:32",
        "logdata": "url"
    },
    {
        "logtime": "2019/07/02 18:11:32",
        "logdata": "http://apis.juhe.cn/ip/ip2addr?ip=139.197.239.161&key=74bb0395667b8d0588df9ebd6fc36a12"
    },
    {
        "logtime": "2019/07/02 18:11:32",
        "logdata": ""
    },
    {
        "logtime": "2019/07/02 18:11:32",
        "logdata": "url"
    },
    {
        "logtime": "2019/07/02 18:11:32",
        "logdata": "http://apis.juhe.cn/ip/ip2addr?ip=182.83.17.98&key=74bb0395667b8d0588df9ebd6fc36a12"
    },
    {
        "logtime": "2019/07/02 18:11:32",
        "logdata": ""
    },
    {
        "logtime": "2019/07/02 18:11:32",
        "logdata": "url"
    },
    {
        "logtime": "2019/07/02 18:11:32",
        "logdata": "http://apis.juhe.cn/ip/ip2addr?ip=222.76.241.200&key=74bb0395667b8d0588df9ebd6fc36a12"
    },
    {
        "logtime": "2019/07/02 18:11:32",
        "logdata": ""
    },
    {
        "logtime": "2019/07/02 18:11:32",
        "logdata": "url"
    },
    {
        "logtime": "2019/07/02 18:11:32",
        "logdata": "http://apis.juhe.cn/ip/ip2addr?ip=222.33.99.228&key=74bb0395667b8d0588df9ebd6fc36a12"
    },
    {
        "logtime": "2019/07/02 18:11:32",
        "logdata": ""
    },
    {
        "logtime": "2019/07/02 18:11:32",
        "logdata": "url"
    },
    {
        "logtime": "2019/07/02 18:11:32",
        "logdata": "http://apis.juhe.cn/ip/ip2addr?ip=121.77.147.61&key=74bb0395667b8d0588df9ebd6fc36a12"
    },
    {
        "logtime": "2019/07/02 18:11:32",
        "logdata": ""
    },
    {
        "logtime": "2019/07/02 18:11:32",
        "logdata": "url"
    },
    {
        "logtime": "2019/07/02 18:11:32",
        "logdata": "http://apis.juhe.cn/ip/ip2addr?ip=222.52.125.179&key=74bb0395667b8d0588df9ebd6fc36a12"
    },
    {
        "logtime": "2019/07/02 18:11:32",
        "logdata": ""
    },
    {
        "logtime": "2019/07/02 18:11:33",
        "logdata": "url"
    },
    {
        "logtime": "2019/07/02 18:11:33",
        "logdata": "http://apis.juhe.cn/ip/ip2addr?ip=36.63.204.207&key=74bb0395667b8d0588df9ebd6fc36a12"
    },
    {
        "logtime": "2019/07/02 18:11:33",
        "logdata": ""
    },
    {
        "logtime": "2019/07/02 18:11:33",
        "logdata": "url"
    },
    {
        "logtime": "2019/07/02 18:11:33",
        "logdata": "http://apis.juhe.cn/ip/ip2addr?ip=106.81.41.198&key=74bb0395667b8d0588df9ebd6fc36a12"
    },
    {
        "logtime": "2019/07/02 18:11:33",
        "logdata": ""
    },
    {
        "logtime": "2019/07/02 18:11:33",
        "logdata": "url"
    },
    {
        "logtime": "2019/07/02 18:11:33",
        "logdata": "http://apis.juhe.cn/ip/ip2addr?ip=123.233.8.227&key=74bb0395667b8d0588df9ebd6fc36a12"
    },
    {
        "logtime": "2019/07/02 18:11:33",
        "logdata": ""
    },
    {
        "logtime": "2019/07/02 18:11:33",
        "logdata": "url"
    },
    {
        "logtime": "2019/07/02 18:11:33",
        "logdata": "http://apis.juhe.cn/ip/ip2addr?ip=210.32.21.206&key=74bb0395667b8d0588df9ebd6fc36a12"
    },
    {
        "logtime": "2019/07/02 18:11:33",
        "logdata": ""
    },
    {
        "logtime": "2019/07/02 18:11:33",
        "logdata": "url"
    },
    {
        "logtime": "2019/07/02 18:11:33",
        "logdata": "http://apis.juhe.cn/ip/ip2addr?ip=36.58.90.189&key=74bb0395667b8d0588df9ebd6fc36a12"
    },
    {
        "logtime": "2019/07/02 18:11:33",
        "logdata": ""
    },
    {
        "logtime": "2019/07/02 18:11:33",
        "logdata": "url"
    },
    {
        "logtime": "2019/07/02 18:11:33",
        "logdata": "http://apis.juhe.cn/ip/ip2addr?ip=171.13.82.203&key=74bb0395667b8d0588df9ebd6fc36a12"
    },
    {
        "logtime": "2019/07/02 18:11:33",
        "logdata": ""
    },
    {
        "logtime": "2019/07/02 18:11:33",
        "logdata": "url"
    },
    {
        "logtime": "2019/07/02 18:11:33",
        "logdata": "http://apis.juhe.cn/ip/ip2addr?ip=106.95.98.40&key=74bb0395667b8d0588df9ebd6fc36a12"
    },
    {
        "logtime": "2019/07/02 18:11:33",
        "logdata": ""
    },
    {
        "logtime": "2019/07/02 18:11:33",
        "logdata": "url"
    },
    {
        "logtime": "2019/07/02 18:11:33",
        "logdata": "http://apis.juhe.cn/ip/ip2addr?ip=222.80.114.147&key=74bb0395667b8d0588df9ebd6fc36a12"
    },
    {
        "logtime": "2019/07/02 18:11:33",
        "logdata": ""
    },
    {
        "logtime": "2019/07/02 18:11:33",
        "logdata": "url"
    },
    {
        "logtime": "2019/07/02 18:11:33",
        "logdata": "http://apis.juhe.cn/ip/ip2addr?ip=222.16.192.49&key=74bb0395667b8d0588df9ebd6fc36a12"
    },
    {
        "logtime": "2019/07/02 18:11:33",
        "logdata": ""
    },
    {
        "logtime": "2019/07/02 18:11:33",
        "logdata": "url"
    },
    {
        "logtime": "2019/07/02 18:11:33",
        "logdata": "http://apis.juhe.cn/ip/ip2addr?ip=123.232.118.17&key=74bb0395667b8d0588df9ebd6fc36a12"
    },
    {
        "logtime": "2019/07/02 18:11:33",
        "logdata": ""
    },
    {
        "logtime": "2019/07/02 18:11:33",
        "logdata": "url"
    },
    {
        "logtime": "2019/07/02 18:11:33",
        "logdata": "http://apis.juhe.cn/ip/ip2addr?ip=123.235.164.29&key=74bb0395667b8d0588df9ebd6fc36a12"
    },
    {
        "logtime": "2019/07/02 18:11:33",
        "logdata": ""
    },
    {
        "logtime": "2019/07/02 18:11:33",
        "logdata": "url"
    },
    {
        "logtime": "2019/07/02 18:11:33",
        "logdata": "http://apis.juhe.cn/ip/ip2addr?ip=210.35.35.100&key=74bb0395667b8d0588df9ebd6fc36a12"
    },
    {
        "logtime": "2019/07/02 18:11:33",
        "logdata": ""
    },
    {
        "logtime": "2019/07/02 18:11:33",
        "logdata": "url"
    },
    {
        "logtime": "2019/07/02 18:11:33",
        "logdata": "http://apis.juhe.cn/ip/ip2addr?ip=222.57.235.14&key=74bb0395667b8d0588df9ebd6fc36a12"
    },
    {
        "logtime": "2019/07/02 18:11:33",
        "logdata": ""
    },
    {
        "logtime": "2019/07/02 18:11:33",
        "logdata": "url"
    },
    {
        "logtime": "2019/07/02 18:11:33",
        "logdata": "http://apis.juhe.cn/ip/ip2addr?ip=121.77.87.125&key=74bb0395667b8d0588df9ebd6fc36a12"
    },
    {
        "logtime": "2019/07/02 18:11:33",
        "logdata": ""
    },
    {
        "logtime": "2019/07/02 18:11:33",
        "logdata": "url"
    },
    {
        "logtime": "2019/07/02 18:11:33",
        "logdata": "http://apis.juhe.cn/ip/ip2addr?ip=61.235.247.150&key=74bb0395667b8d0588df9ebd6fc36a12"
    },
    {
        "logtime": "2019/07/02 18:11:33",
        "logdata": ""
    },
    {
        "logtime": "2019/07/02 18:11:33",
        "logdata": "url"
    },
    {
        "logtime": "2019/07/02 18:11:33",
        "logdata": "http://apis.juhe.cn/ip/ip2addr?ip=61.234.186.230&key=74bb0395667b8d0588df9ebd6fc36a12"
    },
    {
        "logtime": "2019/07/02 18:11:33",
        "logdata": ""
    },
    {
        "logtime": "2019/07/02 18:11:33",
        "logdata": "url"
    },
    {
        "logtime": "2019/07/02 18:11:33",
        "logdata": "http://apis.juhe.cn/ip/ip2addr?ip=222.38.173.228&key=74bb0395667b8d0588df9ebd6fc36a12"
    },
    {
        "logtime": "2019/07/02 18:11:33",
        "logdata": ""
    },
    {
        "logtime": "2019/07/02 18:11:33",
        "logdata": "url"
    },
    {
        "logtime": "2019/07/02 18:11:33",
        "logdata": "http://apis.juhe.cn/ip/ip2addr?ip=222.64.175.68&key=74bb0395667b8d0588df9ebd6fc36a12"
    },
    {
        "logtime": "2019/07/02 18:11:33",
        "logdata": ""
    },
    {
        "logtime": "2019/07/02 18:11:33",
        "logdata": "url"
    },
    {
        "logtime": "2019/07/02 18:11:34",
        "logdata": "http://apis.juhe.cn/ip/ip2addr?ip=182.91.126.170&key=74bb0395667b8d0588df9ebd6fc36a12"
    },
    {
        "logtime": "2019/07/02 18:11:34",
        "logdata": ""
    },
    {
        "logtime": "2019/07/02 18:11:34",
        "logdata": "url"
    },
    {
        "logtime": "2019/07/02 18:11:34",
        "logdata": "http://apis.juhe.cn/ip/ip2addr?ip=123.234.198.175&key=74bb0395667b8d0588df9ebd6fc36a12"
    },
    {
        "logtime": "2019/07/02 18:11:34",
        "logdata": ""
    },
    {
        "logtime": "2019/07/02 18:11:34",
        "logdata": "url"
    },
    {
        "logtime": "2019/07/02 18:11:34",
        "logdata": "http://apis.juhe.cn/ip/ip2addr?ip=171.13.118.128&key=74bb0395667b8d0588df9ebd6fc36a12"
    },
    {
        "logtime": "2019/07/02 18:11:34",
        "logdata": ""
    },
    {
        "logtime": "2019/07/02 18:11:34",
        "logdata": "url"
    },
    {
        "logtime": "2019/07/02 18:11:34",
        "logdata": "http://apis.juhe.cn/ip/ip2addr?ip=139.204.127.38&key=74bb0395667b8d0588df9ebd6fc36a12"
    },
    {
        "logtime": "2019/07/02 18:11:34",
        "logdata": ""
    },
    {
        "logtime": "2019/07/02 18:11:34",
        "logdata": "url"
    },
    {
        "logtime": "2019/07/02 18:11:34",
        "logdata": "http://apis.juhe.cn/ip/ip2addr?ip=106.88.51.4&key=74bb0395667b8d0588df9ebd6fc36a12"
    },
    {
        "logtime": "2019/07/02 18:11:34",
        "logdata": ""
    },
    {
        "logtime": "2019/07/02 18:11:34",
        "logdata": "url"
    },
    {
        "logtime": "2019/07/02 18:11:34",
        "logdata": "http://apis.juhe.cn/ip/ip2addr?ip=121.77.94.218&key=74bb0395667b8d0588df9ebd6fc36a12"
    },
    {
        "logtime": "2019/07/02 18:11:34",
        "logdata": ""
    },
    {
        "logtime": "2019/07/02 18:11:34",
        "logdata": "url"
    },
    {
        "logtime": "2019/07/02 18:11:34",
        "logdata": "http://apis.juhe.cn/ip/ip2addr?ip=36.63.85.75&key=74bb0395667b8d0588df9ebd6fc36a12"
    },
    {
        "logtime": "2019/07/02 18:11:34",
        "logdata": ""
    },
    {
        "logtime": "2019/07/02 18:11:34",
        "logdata": "url"
    },
    {
        "logtime": "2019/07/02 18:11:34",
        "logdata": "http://apis.juhe.cn/ip/ip2addr?ip=210.42.122.196&key=74bb0395667b8d0588df9ebd6fc36a12"
    },
    {
        "logtime": "2019/07/02 18:11:34",
        "logdata": ""
    },
    {
        "logtime": "2019/07/02 18:11:34",
        "logdata": "url"
    },
    {
        "logtime": "2019/07/02 18:11:34",
        "logdata": "http://apis.juhe.cn/ip/ip2addr?ip=61.233.98.35&key=74bb0395667b8d0588df9ebd6fc36a12"
    },
    {
        "logtime": "2019/07/02 18:11:34",
        "logdata": ""
    },
    {
        "logtime": "2019/07/02 18:11:34",
        "logdata": "url"
    },
    {
        "logtime": "2019/07/02 18:11:34",
        "logdata": "http://apis.juhe.cn/ip/ip2addr?ip=210.44.84.117&key=74bb0395667b8d0588df9ebd6fc36a12"
    },
    {
        "logtime": "2019/07/02 18:11:34",
        "logdata": ""
    },
    {
        "logtime": "2019/07/02 18:11:34",
        "logdata": "url"
    },
    {
        "logtime": "2019/07/02 18:11:34",
        "logdata": "http://apis.juhe.cn/ip/ip2addr?ip=106.89.62.69&key=74bb0395667b8d0588df9ebd6fc36a12"
    },
    {
        "logtime": "2019/07/02 18:11:34",
        "logdata": ""
    },
    {
        "logtime": "2019/07/02 18:11:34",
        "logdata": "url"
    },
    {
        "logtime": "2019/07/02 18:11:34",
        "logdata": "http://apis.juhe.cn/ip/ip2addr?ip=139.211.243.85&key=74bb0395667b8d0588df9ebd6fc36a12"
    },
    {
        "logtime": "2019/07/02 18:11:34",
        "logdata": ""
    },
    {
        "logtime": "2019/07/02 18:11:34",
        "logdata": "url"
    },
    {
        "logtime": "2019/07/02 18:11:34",
        "logdata": "http://apis.juhe.cn/ip/ip2addr?ip=222.37.75.94&key=74bb0395667b8d0588df9ebd6fc36a12"
    },
    {
        "logtime": "2019/07/02 18:11:34",
        "logdata": ""
    },
    {
        "logtime": "2019/07/02 18:11:34",
        "logdata": "url"
    },
    {
        "logtime": "2019/07/02 18:11:34",
        "logdata": "http://apis.juhe.cn/ip/ip2addr?ip=121.76.145.79&key=74bb0395667b8d0588df9ebd6fc36a12"
    },
    {
        "logtime": "2019/07/02 18:11:34",
        "logdata": ""
    },
    {
        "logtime": "2019/07/02 18:11:34",
        "logdata": "url"
    },
    {
        "logtime": "2019/07/02 18:11:34",
        "logdata": "http://apis.juhe.cn/ip/ip2addr?ip=222.53.196.55&key=74bb0395667b8d0588df9ebd6fc36a12"
    },
    {
        "logtime": "2019/07/02 18:11:34",
        "logdata": ""
    },
    {
        "logtime": "2019/07/02 18:11:34",
        "logdata": "url"
    },
    {
        "logtime": "2019/07/02 18:11:34",
        "logdata": "http://apis.juhe.cn/ip/ip2addr?ip=171.14.164.248&key=74bb0395667b8d0588df9ebd6fc36a12"
    },
    {
        "logtime": "2019/07/02 18:11:34",
        "logdata": ""
    },
    {
        "logtime": "2019/07/02 18:11:34",
        "logdata": "url"
    },
    {
        "logtime": "2019/07/02 18:11:34",
        "logdata": "http://apis.juhe.cn/ip/ip2addr?ip=123.233.3.37&key=74bb0395667b8d0588df9ebd6fc36a12"
    },
    {
        "logtime": "2019/07/02 18:11:34",
        "logdata": ""
    },
    {
        "logtime": "2019/07/02 18:11:34",
        "logdata": "url"
    },
    {
        "logtime": "2019/07/02 18:11:35",
        "logdata": "http://apis.juhe.cn/ip/ip2addr?ip=222.24.176.21&key=74bb0395667b8d0588df9ebd6fc36a12"
    },
    {
        "logtime": "2019/07/02 18:11:35",
        "logdata": ""
    },
    {
        "logtime": "2019/07/02 18:11:35",
        "logdata": "url"
    },
    {
        "logtime": "2019/07/02 18:11:35",
        "logdata": "http://apis.juhe.cn/ip/ip2addr?ip=58.23.48.188&key=74bb0395667b8d0588df9ebd6fc36a12"
    },
    {
        "logtime": "2019/07/02 18:11:35",
        "logdata": ""
    },
    {
        "logtime": "2019/07/02 18:11:35",
        "logdata": {
            "_ServerResVersion": 6,
            "_Active": true,
            "_KindVersion": "101122049",
            "_KindType": 2,
            "_Module": "yule/redninebattle/",
            "_KindID": "109",
            "_Type": "yule",
            "nSitChair": 65535,
            "_KindName": "yule.redninebattle.",
            "nEnterRoomIndex": 1,
            "nSitTable": 65535,
            "_SortId": 12
        }
    },
    {
        "logtime": "2019/07/02 18:11:35",
        "logdata": "modulestr"
    },
    {
        "logtime": "2019/07/02 18:11:35",
        "logdata": "yule/redninebattle/"
    },
    {
        "logtime": "2019/07/02 18:11:35",
        "logdata": "url"
    },
    {
        "logtime": "2019/07/02 18:11:35",
        "logdata": "http://apis.juhe.cn/ip/ip2addr?ip=106.82.8.55&key=74bb0395667b8d0588df9ebd6fc36a12"
    },
    {
        "logtime": "2019/07/02 18:11:35",
        "logdata": ""
    },
    {
        "logtime": "2019/07/02 18:11:35",
        "logdata": "url"
    },
    {
        "logtime": "2019/07/02 18:11:35",
        "logdata": "http://apis.juhe.cn/ip/ip2addr?ip=171.10.159.60&key=74bb0395667b8d0588df9ebd6fc36a12"
    },
    {
        "logtime": "2019/07/02 18:11:35",
        "logdata": ""
    },
    {
        "logtime": "2019/07/02 18:11:35",
        "logdata": "url"
    },
    {
        "logtime": "2019/07/02 18:11:35",
        "logdata": "http://apis.juhe.cn/ip/ip2addr?ip=222.33.99.228&key=74bb0395667b8d0588df9ebd6fc36a12"
    },
    {
        "logtime": "2019/07/02 18:11:35",
        "logdata": ""
    },
    {
        "logtime": "2019/07/02 18:11:35",
        "logdata": "url"
    },
    {
        "logtime": "2019/07/02 18:11:35",
        "logdata": "http://apis.juhe.cn/ip/ip2addr?ip=139.197.239.161&key=74bb0395667b8d0588df9ebd6fc36a12"
    },
    {
        "logtime": "2019/07/02 18:11:35",
        "logdata": ""
    },
    {
        "logtime": "2019/07/02 18:11:35",
        "logdata": "url"
    },
    {
        "logtime": "2019/07/02 18:11:35",
        "logdata": "http://apis.juhe.cn/ip/ip2addr?ip=171.13.1.10&key=74bb0395667b8d0588df9ebd6fc36a12"
    },
    {
        "logtime": "2019/07/02 18:11:35",
        "logdata": ""
    },
    {
        "logtime": "2019/07/02 18:11:35",
        "logdata": "url"
    },
    {
        "logtime": "2019/07/02 18:11:35",
        "logdata": "http://apis.juhe.cn/ip/ip2addr?ip=210.28.113.240&key=74bb0395667b8d0588df9ebd6fc36a12"
    },
    {
        "logtime": "2019/07/02 18:11:35",
        "logdata": ""
    },
    {
        "logtime": "2019/07/02 18:11:35",
        "logdata": "url"
    },
    {
        "logtime": "2019/07/02 18:11:35",
        "logdata": "http://apis.juhe.cn/ip/ip2addr?ip=210.32.21.206&key=74bb0395667b8d0588df9ebd6fc36a12"
    },
    {
        "logtime": "2019/07/02 18:11:35",
        "logdata": ""
    },
    {
        "logtime": "2019/07/02 18:11:35",
        "logdata": "url"
    },
    {
        "logtime": "2019/07/02 18:11:35",
        "logdata": "http://apis.juhe.cn/ip/ip2addr?ip=36.58.90.189&key=74bb0395667b8d0588df9ebd6fc36a12"
    },
    {
        "logtime": "2019/07/02 18:11:35",
        "logdata": ""
    },
    {
        "logtime": "2019/07/02 18:11:35",
        "logdata": "url"
    },
    {
        "logtime": "2019/07/02 18:11:35",
        "logdata": "http://apis.juhe.cn/ip/ip2addr?ip=123.233.8.227&key=74bb0395667b8d0588df9ebd6fc36a12"
    },
    {
        "logtime": "2019/07/02 18:11:35",
        "logdata": ""
    },
    {
        "logtime": "2019/07/02 18:11:35",
        "logdata": "url"
    },
    {
        "logtime": "2019/07/02 18:11:35",
        "logdata": "http://apis.juhe.cn/ip/ip2addr?ip=222.76.241.200&key=74bb0395667b8d0588df9ebd6fc36a12"
    },
    {
        "logtime": "2019/07/02 18:11:35",
        "logdata": ""
    },
    {
        "logtime": "2019/07/02 18:11:35",
        "logdata": "url"
    },
    {
        "logtime": "2019/07/02 18:11:35",
        "logdata": "http://apis.juhe.cn/ip/ip2addr?ip=222.52.125.179&key=74bb0395667b8d0588df9ebd6fc36a12"
    },
    {
        "logtime": "2019/07/02 18:11:35",
        "logdata": ""
    },
    {
        "logtime": "2019/07/02 18:11:35",
        "logdata": "url"
    },
    {
        "logtime": "2019/07/02 18:11:35",
        "logdata": "http://apis.juhe.cn/ip/ip2addr?ip=36.63.137.153&key=74bb0395667b8d0588df9ebd6fc36a12"
    },
    {
        "logtime": "2019/07/02 18:11:35",
        "logdata": ""
    },
    {
        "logtime": "2019/07/02 18:11:35",
        "logdata": "url"
    },
    {
        "logtime": "2019/07/02 18:11:35",
        "logdata": "http://apis.juhe.cn/ip/ip2addr?ip=171.13.82.203&key=74bb0395667b8d0588df9ebd6fc36a12"
    },
    {
        "logtime": "2019/07/02 18:11:35",
        "logdata": ""
    },
    {
        "logtime": "2019/07/02 18:11:36",
        "logdata": "url"
    },
    {
        "logtime": "2019/07/02 18:11:36",
        "logdata": "http://apis.juhe.cn/ip/ip2addr?ip=222.57.235.14&key=74bb0395667b8d0588df9ebd6fc36a12"
    },
    {
        "logtime": "2019/07/02 18:11:36",
        "logdata": ""
    },
    {
        "logtime": "2019/07/02 18:11:36",
        "logdata": "url"
    },
    {
        "logtime": "2019/07/02 18:11:36",
        "logdata": "http://apis.juhe.cn/ip/ip2addr?ip=106.81.41.198&key=74bb0395667b8d0588df9ebd6fc36a12"
    },
    {
        "logtime": "2019/07/02 18:11:36",
        "logdata": ""
    },
    {
        "logtime": "2019/07/02 18:11:36",
        "logdata": "url"
    },
    {
        "logtime": "2019/07/02 18:11:36",
        "logdata": "http://apis.juhe.cn/ip/ip2addr?ip=106.95.98.40&key=74bb0395667b8d0588df9ebd6fc36a12"
    },
    {
        "logtime": "2019/07/02 18:11:36",
        "logdata": ""
    },
    {
        "logtime": "2019/07/02 18:11:36",
        "logdata": "url"
    },
    {
        "logtime": "2019/07/02 18:11:36",
        "logdata": "http://apis.juhe.cn/ip/ip2addr?ip=222.16.192.49&key=74bb0395667b8d0588df9ebd6fc36a12"
    },
    {
        "logtime": "2019/07/02 18:11:36",
        "logdata": ""
    },
    {
        "logtime": "2019/07/02 18:11:36",
        "logdata": "url"
    },
    {
        "logtime": "2019/07/02 18:11:36",
        "logdata": "http://apis.juhe.cn/ip/ip2addr?ip=61.235.247.150&key=74bb0395667b8d0588df9ebd6fc36a12"
    },
    {
        "logtime": "2019/07/02 18:11:36",
        "logdata": ""
    },
    {
        "logtime": "2019/07/02 18:11:36",
        "logdata": "url"
    },
    {
        "logtime": "2019/07/02 18:11:36",
        "logdata": "http://apis.juhe.cn/ip/ip2addr?ip=222.38.173.228&key=74bb0395667b8d0588df9ebd6fc36a12"
    },
    {
        "logtime": "2019/07/02 18:11:36",
        "logdata": ""
    },
    {
        "logtime": "2019/07/02 18:11:36",
        "logdata": "url"
    },
    {
        "logtime": "2019/07/02 18:11:36",
        "logdata": "http://apis.juhe.cn/ip/ip2addr?ip=123.232.118.17&key=74bb0395667b8d0588df9ebd6fc36a12"
    },
    {
        "logtime": "2019/07/02 18:11:36",
        "logdata": ""
    },
    {
        "logtime": "2019/07/02 18:11:36",
        "logdata": "url"
    },
    {
        "logtime": "2019/07/02 18:11:36",
        "logdata": "http://apis.juhe.cn/ip/ip2addr?ip=222.64.175.68&key=74bb0395667b8d0588df9ebd6fc36a12"
    },
    {
        "logtime": "2019/07/02 18:11:36",
        "logdata": ""
    },
    {
        "logtime": "2019/07/02 18:11:36",
        "logdata": "url"
    },
    {
        "logtime": "2019/07/02 18:11:36",
        "logdata": "http://apis.juhe.cn/ip/ip2addr?ip=61.234.186.230&key=74bb0395667b8d0588df9ebd6fc36a12"
    },
    {
        "logtime": "2019/07/02 18:11:36",
        "logdata": ""
    },
    {
        "logtime": "2019/07/02 18:11:36",
        "logdata": "url"
    },
    {
        "logtime": "2019/07/02 18:11:36",
        "logdata": "http://apis.juhe.cn/ip/ip2addr?ip=182.91.126.170&key=74bb0395667b8d0588df9ebd6fc36a12"
    },
    {
        "logtime": "2019/07/02 18:11:36",
        "logdata": ""
    },
    {
        "logtime": "2019/07/02 18:11:36",
        "logdata": "url"
    },
    {
        "logtime": "2019/07/02 18:11:36",
        "logdata": "http://apis.juhe.cn/ip/ip2addr?ip=139.204.127.38&key=74bb0395667b8d0588df9ebd6fc36a12"
    },
    {
        "logtime": "2019/07/02 18:11:36",
        "logdata": ""
    },
    {
        "logtime": "2019/07/02 18:11:36",
        "logdata": "url"
    },
    {
        "logtime": "2019/07/02 18:11:36",
        "logdata": "http://apis.juhe.cn/ip/ip2addr?ip=222.80.114.147&key=74bb0395667b8d0588df9ebd6fc36a12"
    },
    {
        "logtime": "2019/07/02 18:11:36",
        "logdata": ""
    },
    {
        "logtime": "2019/07/02 18:11:36",
        "logdata": "url"
    },
    {
        "logtime": "2019/07/02 18:11:36",
        "logdata": "http://apis.juhe.cn/ip/ip2addr?ip=123.234.198.175&key=74bb0395667b8d0588df9ebd6fc36a12"
    },
    {
        "logtime": "2019/07/02 18:11:36",
        "logdata": ""
    },
    {
        "logtime": "2019/07/02 18:11:36",
        "logdata": "url"
    },
    {
        "logtime": "2019/07/02 18:11:36",
        "logdata": "http://apis.juhe.cn/ip/ip2addr?ip=121.77.87.125&key=74bb0395667b8d0588df9ebd6fc36a12"
    },
    {
        "logtime": "2019/07/02 18:11:36",
        "logdata": ""
    },
    {
        "logtime": "2019/07/02 18:11:36",
        "logdata": "url"
    },
    {
        "logtime": "2019/07/02 18:11:36",
        "logdata": "http://apis.juhe.cn/ip/ip2addr?ip=36.63.85.75&key=74bb0395667b8d0588df9ebd6fc36a12"
    },
    {
        "logtime": "2019/07/02 18:11:36",
        "logdata": ""
    },
    {
        "logtime": "2019/07/02 18:11:37",
        "logdata": "url"
    },
    {
        "logtime": "2019/07/02 18:11:37",
        "logdata": "http://apis.juhe.cn/ip/ip2addr?ip=171.13.118.128&key=74bb0395667b8d0588df9ebd6fc36a12"
    },
    {
        "logtime": "2019/07/02 18:11:37",
        "logdata": ""
    },
    {
        "logtime": "2019/07/02 18:11:37",
        "logdata": "url"
    },
    {
        "logtime": "2019/07/02 18:11:37",
        "logdata": "http://apis.juhe.cn/ip/ip2addr?ip=171.14.164.248&key=74bb0395667b8d0588df9ebd6fc36a12"
    },
    {
        "logtime": "2019/07/02 18:11:37",
        "logdata": ""
    },
    {
        "logtime": "2019/07/02 18:11:37",
        "logdata": "url"
    },
    {
        "logtime": "2019/07/02 18:11:37",
        "logdata": "http://apis.juhe.cn/ip/ip2addr?ip=210.44.84.117&key=74bb0395667b8d0588df9ebd6fc36a12"
    },
    {
        "logtime": "2019/07/02 18:11:37",
        "logdata": ""
    },
    {
        "logtime": "2019/07/02 18:11:37",
        "logdata": "url"
    },
    {
        "logtime": "2019/07/02 18:11:37",
        "logdata": "http://apis.juhe.cn/ip/ip2addr?ip=222.53.196.55&key=74bb0395667b8d0588df9ebd6fc36a12"
    },
    {
        "logtime": "2019/07/02 18:11:37",
        "logdata": ""
    },
    {
        "logtime": "2019/07/02 18:11:37",
        "logdata": "url"
    },
    {
        "logtime": "2019/07/02 18:11:37",
        "logdata": "http://apis.juhe.cn/ip/ip2addr?ip=106.88.51.4&key=74bb0395667b8d0588df9ebd6fc36a12"
    },
    {
        "logtime": "2019/07/02 18:11:37",
        "logdata": ""
    },
    {
        "logtime": "2019/07/02 18:11:37",
        "logdata": "url"
    },
    {
        "logtime": "2019/07/02 18:11:37",
        "logdata": "http://apis.juhe.cn/ip/ip2addr?ip=61.233.98.35&key=74bb0395667b8d0588df9ebd6fc36a12"
    },
    {
        "logtime": "2019/07/02 18:11:37",
        "logdata": ""
    },
    {
        "logtime": "2019/07/02 18:11:37",
        "logdata": "url"
    },
    {
        "logtime": "2019/07/02 18:11:37",
        "logdata": "http://apis.juhe.cn/ip/ip2addr?ip=106.89.62.69&key=74bb0395667b8d0588df9ebd6fc36a12"
    },
    {
        "logtime": "2019/07/02 18:11:37",
        "logdata": ""
    },
    {
        "logtime": "2019/07/02 18:11:37",
        "logdata": "url"
    },
    {
        "logtime": "2019/07/02 18:11:37",
        "logdata": "http://apis.juhe.cn/ip/ip2addr?ip=139.211.243.85&key=74bb0395667b8d0588df9ebd6fc36a12"
    },
    {
        "logtime": "2019/07/02 18:11:37",
        "logdata": ""
    },
    {
        "logtime": "2019/07/02 18:11:37",
        "logdata": "url"
    },
    {
        "logtime": "2019/07/02 18:11:37",
        "logdata": "http://apis.juhe.cn/ip/ip2addr?ip=222.24.176.21&key=74bb0395667b8d0588df9ebd6fc36a12"
    },
    {
        "logtime": "2019/07/02 18:11:37",
        "logdata": ""
    },
    {
        "logtime": "2019/07/02 18:11:37",
        "logdata": "url"
    },
    {
        "logtime": "2019/07/02 18:11:37",
        "logdata": "http://apis.juhe.cn/ip/ip2addr?ip=58.23.48.188&key=74bb0395667b8d0588df9ebd6fc36a12"
    },
    {
        "logtime": "2019/07/02 18:11:37",
        "logdata": ""
    },
    {
        "logtime": "2019/07/02 18:11:37",
        "logdata": "url"
    },
    {
        "logtime": "2019/07/02 18:11:37",
        "logdata": "http://apis.juhe.cn/ip/ip2addr?ip=222.37.75.94&key=74bb0395667b8d0588df9ebd6fc36a12"
    },
    {
        "logtime": "2019/07/02 18:11:37",
        "logdata": ""
    },
    {
        "logtime": "2019/07/02 18:11:37",
        "logdata": "url"
    },
    {
        "logtime": "2019/07/02 18:11:37",
        "logdata": "http://apis.juhe.cn/ip/ip2addr?ip=123.233.3.37&key=74bb0395667b8d0588df9ebd6fc36a12"
    },
    {
        "logtime": "2019/07/02 18:11:37",
        "logdata": ""
    },
    {
        "logtime": "2019/07/02 18:11:37",
        "logdata": "url"
    },
    {
        "logtime": "2019/07/02 18:11:37",
        "logdata": "http://apis.juhe.cn/ip/ip2addr?ip=210.32.21.206&key=74bb0395667b8d0588df9ebd6fc36a12"
    },
    {
        "logtime": "2019/07/02 18:11:37",
        "logdata": ""
    },
    {
        "logtime": "2019/07/02 18:11:37",
        "logdata": "url"
    },
    {
        "logtime": "2019/07/02 18:11:37",
        "logdata": "http://apis.juhe.cn/ip/ip2addr?ip=36.58.90.189&key=74bb0395667b8d0588df9ebd6fc36a12"
    },
    {
        "logtime": "2019/07/02 18:11:37",
        "logdata": ""
    },
    {
        "logtime": "2019/07/02 18:11:37",
        "logdata": "url"
    },
    {
        "logtime": "2019/07/02 18:11:37",
        "logdata": "http://apis.juhe.cn/ip/ip2addr?ip=106.82.8.55&key=74bb0395667b8d0588df9ebd6fc36a12"
    },
    {
        "logtime": "2019/07/02 18:11:38",
        "logdata": ""
    },
    {
        "logtime": "2019/07/02 18:11:38",
        "logdata": "url"
    },
    {
        "logtime": "2019/07/02 18:11:38",
        "logdata": "http://apis.juhe.cn/ip/ip2addr?ip=222.76.241.200&key=74bb0395667b8d0588df9ebd6fc36a12"
    },
    {
        "logtime": "2019/07/02 18:11:38",
        "logdata": ""
    },
    {
        "logtime": "2019/07/02 18:11:38",
        "logdata": "url"
    },
    {
        "logtime": "2019/07/02 18:11:38",
        "logdata": "http://apis.juhe.cn/ip/ip2addr?ip=171.10.159.60&key=74bb0395667b8d0588df9ebd6fc36a12"
    },
    {
        "logtime": "2019/07/02 18:11:38",
        "logdata": ""
    },
    {
        "logtime": "2019/07/02 18:11:38",
        "logdata": "url"
    },
    {
        "logtime": "2019/07/02 18:11:38",
        "logdata": "http://apis.juhe.cn/ip/ip2addr?ip=222.52.125.179&key=74bb0395667b8d0588df9ebd6fc36a12"
    },
    {
        "logtime": "2019/07/02 18:11:38",
        "logdata": ""
    },
    {
        "logtime": "2019/07/02 18:11:38",
        "logdata": "url"
    },
    {
        "logtime": "2019/07/02 18:11:38",
        "logdata": "http://apis.juhe.cn/ip/ip2addr?ip=222.57.235.14&key=74bb0395667b8d0588df9ebd6fc36a12"
    },
    {
        "logtime": "2019/07/02 18:11:38",
        "logdata": ""
    },
    {
        "logtime": "2019/07/02 18:11:38",
        "logdata": "url"
    },
    {
        "logtime": "2019/07/02 18:11:38",
        "logdata": "http://apis.juhe.cn/ip/ip2addr?ip=171.13.1.10&key=74bb0395667b8d0588df9ebd6fc36a12"
    },
    {
        "logtime": "2019/07/02 18:11:38",
        "logdata": ""
    },
    {
        "logtime": "2019/07/02 18:11:38",
        "logdata": "url"
    },
    {
        "logtime": "2019/07/02 18:11:38",
        "logdata": "http://apis.juhe.cn/ip/ip2addr?ip=36.63.137.153&key=74bb0395667b8d0588df9ebd6fc36a12"
    },
    {
        "logtime": "2019/07/02 18:11:38",
        "logdata": ""
    },
    {
        "logtime": "2019/07/02 18:11:38",
        "logdata": "url"
    },
    {
        "logtime": "2019/07/02 18:11:38",
        "logdata": "http://apis.juhe.cn/ip/ip2addr?ip=210.28.113.240&key=74bb0395667b8d0588df9ebd6fc36a12"
    },
    {
        "logtime": "2019/07/02 18:11:38",
        "logdata": ""
    },
    {
        "logtime": "2019/07/02 18:11:38",
        "logdata": "url"
    },
    {
        "logtime": "2019/07/02 18:11:38",
        "logdata": "http://apis.juhe.cn/ip/ip2addr?ip=171.13.82.203&key=74bb0395667b8d0588df9ebd6fc36a12"
    },
    {
        "logtime": "2019/07/02 18:11:38",
        "logdata": ""
    },
    {
        "logtime": "2019/07/02 18:11:38",
        "logdata": "url"
    },
    {
        "logtime": "2019/07/02 18:11:38",
        "logdata": "http://apis.juhe.cn/ip/ip2addr?ip=139.197.239.161&key=74bb0395667b8d0588df9ebd6fc36a12"
    },
    {
        "logtime": "2019/07/02 18:11:38",
        "logdata": ""
    },
    {
        "logtime": "2019/07/02 18:11:38",
        "logdata": "url"
    },
    {
        "logtime": "2019/07/02 18:11:38",
        "logdata": "http://apis.juhe.cn/ip/ip2addr?ip=222.24.176.21&key=74bb0395667b8d0588df9ebd6fc36a12"
    },
    {
        "logtime": "2019/07/02 18:11:38",
        "logdata": ""
    },
    {
        "logtime": "2019/07/02 18:11:38",
        "logdata": "url"
    },
    {
        "logtime": "2019/07/02 18:11:38",
        "logdata": "http://apis.juhe.cn/ip/ip2addr?ip=123.233.8.227&key=74bb0395667b8d0588df9ebd6fc36a12"
    },
    {
        "logtime": "2019/07/02 18:11:38",
        "logdata": ""
    },
    {
        "logtime": "2019/07/02 18:11:38",
        "logdata": "url"
    },
    {
        "logtime": "2019/07/02 18:11:38",
        "logdata": "http://apis.juhe.cn/ip/ip2addr?ip=123.232.118.17&key=74bb0395667b8d0588df9ebd6fc36a12"
    },
    {
        "logtime": "2019/07/02 18:11:38",
        "logdata": ""
    },
    {
        "logtime": "2019/07/02 18:11:38",
        "logdata": "url"
    },
    {
        "logtime": "2019/07/02 18:11:38",
        "logdata": "http://apis.juhe.cn/ip/ip2addr?ip=222.38.173.228&key=74bb0395667b8d0588df9ebd6fc36a12"
    },
    {
        "logtime": "2019/07/02 18:11:38",
        "logdata": ""
    },
    {
        "logtime": "2019/07/02 18:11:39",
        "logdata": "url"
    },
    {
        "logtime": "2019/07/02 18:11:39",
        "logdata": "http://apis.juhe.cn/ip/ip2addr?ip=222.16.192.49&key=74bb0395667b8d0588df9ebd6fc36a12"
    },
    {
        "logtime": "2019/07/02 18:11:39",
        "logdata": ""
    },
    {
        "logtime": "2019/07/02 18:11:39",
        "logdata": "url"
    },
    {
        "logtime": "2019/07/02 18:11:39",
        "logdata": "http://apis.juhe.cn/ip/ip2addr?ip=106.81.41.198&key=74bb0395667b8d0588df9ebd6fc36a12"
    },
    {
        "logtime": "2019/07/02 18:11:39",
        "logdata": ""
    },
    {
        "logtime": "2019/07/02 18:11:39",
        "logdata": null
    },
    {
        "logtime": "2019/07/02 18:11:39",
        "logdata": "onEnterGame"
    },
    {
        "logtime": "2019/07/02 18:11:39",
        "logdata": {
            "_ServerResVersion": 10,
            "_Active": true,
            "_KindVersion": "101122049",
            "_KindType": 1,
            "_Module": "xiuxian/shuiguolaba/",
            "_KindID": "406",
            "_Type": "xiuxian",
            "_KindName": "xiuxian.shuiguolaba.",
            "nEnterRoomIndex": 1,
            "_SortId": 0
        }
    },
    {
        "logtime": "2019/07/02 18:11:39",
        "logdata": "GlobalUserItem.getCurGameKind()"
    },
    {
        "logtime": "2019/07/02 18:11:39",
        "logdata": 406
    },
    {
        "logtime": "2019/07/02 18:11:40",
        "logdata": "url"
    },
    {
        "logtime": "2019/07/02 18:11:40",
        "logdata": "http://apis.juhe.cn/ip/ip2addr?ip=58.23.48.188&key=74bb0395667b8d0588df9ebd6fc36a12"
    },
    {
        "logtime": "2019/07/02 18:11:40",
        "logdata": ""
    },
    {
        "logtime": "2019/07/02 18:11:40",
        "logdata": "url"
    },
    {
        "logtime": "2019/07/02 18:11:40",
        "logdata": "http://apis.juhe.cn/ip/ip2addr?ip=58.23.48.188&key=74bb0395667b8d0588df9ebd6fc36a12"
    },
    {
        "logtime": "2019/07/02 18:11:40",
        "logdata": ""
    },
    {
        "logtime": "2019/07/02 18:11:40",
        "logdata": "url"
    },
    {
        "logtime": "2019/07/02 18:11:40",
        "logdata": "http://apis.juhe.cn/ip/ip2addr?ip=58.23.48.188&key=74bb0395667b8d0588df9ebd6fc36a12"
    },
    {
        "logtime": "2019/07/02 18:11:40",
        "logdata": ""
    },
    {
        "logtime": "2019/07/02 18:11:40",
        "logdata": "url"
    },
    {
        "logtime": "2019/07/02 18:11:40",
        "logdata": "http://apis.juhe.cn/ip/ip2addr?ip=58.23.48.188&key=74bb0395667b8d0588df9ebd6fc36a12"
    },
    {
        "logtime": "2019/07/02 18:11:40",
        "logdata": ""
    },
    {
        "logtime": "2019/07/02 18:11:40",
        "logdata": {
            "_ServerResVersion": 10,
            "_Active": true,
            "_KindVersion": "101122049",
            "_KindType": 1,
            "_Module": "xiuxian/shuiguolaba/",
            "_KindID": "406",
            "_Type": "xiuxian",
            "nSitChair": 65535,
            "_KindName": "xiuxian.shuiguolaba.",
            "nEnterRoomIndex": 1,
            "nSitTable": 65535,
            "_SortId": 0
        }
    },
    {
        "logtime": "2019/07/02 18:11:40",
        "logdata": "modulestr"
    },
    {
        "logtime": "2019/07/02 18:11:40",
        "logdata": "xiuxian/shuiguolaba/"
    }
]