[
    {
        "logtime": "2019/07/11 14:32:01",
        "logdata": "onLogonCallBack"
    },
    {
        "logtime": "2019/07/11 14:32:01",
        "logdata": "http://www.fuannainc.top/"
    },
    {
        "logtime": "2019/07/11 14:32:01",
        "logdata": "url"
    },
    {
        "logtime": "2019/07/11 14:32:01",
        "logdata": "http://www.fuannainc.top//WS/MobileInterface.ashx"
    },
    {
        "logtime": "2019/07/11 14:32:01",
        "logdata": "action=GetMobileShareConfig&userid=119918&time=1562826721&signature=92EE711E0F88F2107F09E2C1046CDCB4"
    },
    {
        "logtime": "2019/07/11 14:32:03",
        "logdata": "url"
    },
    {
        "logtime": "2019/07/11 14:32:03",
        "logdata": "http://www.fuannainc.top//WS/MobileInterface.ashx?action=GetMobileRollNotice"
    },
    {
        "logtime": "2019/07/11 14:32:03",
        "logdata": ""
    },
    {
        "logtime": "2019/07/11 14:32:06",
        "logdata": "url"
    },
    {
        "logtime": "2019/07/11 14:32:06",
        "logdata": "http://www.fuannainc.top//ws/MobileInterface.ashx?action=GetMobileLoginNotice"
    },
    {
        "logtime": "2019/07/11 14:32:06",
        "logdata": ""
    },
    {
        "logtime": "2019/07/11 14:32:16",
        "logdata": "onLogonCallBack"
    },
    {
        "logtime": "2019/07/11 14:32:16",
        "logdata": "http://www.fuannainc.top/"
    },
    {
        "logtime": "2019/07/11 14:32:16",
        "logdata": "url"
    },
    {
        "logtime": "2019/07/11 14:32:16",
        "logdata": "http://www.fuannainc.top//WS/MobileInterface.ashx"
    },
    {
        "logtime": "2019/07/11 14:32:16",
        "logdata": "action=GetMobileShareConfig&userid=119932&time=1562826736&signature=87276F3C634DC8C806FB4DEA228320A7"
    },
    {
        "logtime": "2019/07/11 14:32:18",
        "logdata": "url"
    },
    {
        "logtime": "2019/07/11 14:32:18",
        "logdata": "http://www.fuannainc.top//WS/MobileInterface.ashx?action=GetMobileRollNotice"
    },
    {
        "logtime": "2019/07/11 14:32:18",
        "logdata": ""
    },
    {
        "logtime": "2019/07/11 14:32:22",
        "logdata": "url"
    },
    {
        "logtime": "2019/07/11 14:32:22",
        "logdata": "http://www.fuannainc.top//ws/MobileInterface.ashx?action=GetMobileLoginNotice"
    },
    {
        "logtime": "2019/07/11 14:32:22",
        "logdata": ""
    },
    {
        "logtime": "2019/07/11 14:32:51",
        "logdata": "onLogonCallBack"
    },
    {
        "logtime": "2019/07/11 14:32:51",
        "logdata": "http://www.fuannainc.top/"
    },
    {
        "logtime": "2019/07/11 14:32:51",
        "logdata": "url"
    },
    {
        "logtime": "2019/07/11 14:32:51",
        "logdata": "http://www.fuannainc.top//WS/MobileInterface.ashx"
    },
    {
        "logtime": "2019/07/11 14:32:51",
        "logdata": "action=GetMobileShareConfig&userid=119845&time=1562826771&signature=DFE595D18744201204FAF45C29EE289C"
    },
    {
        "logtime": "2019/07/11 14:32:53",
        "logdata": "url"
    },
    {
        "logtime": "2019/07/11 14:32:53",
        "logdata": "http://www.fuannainc.top//WS/MobileInterface.ashx?action=GetMobileRollNotice"
    },
    {
        "logtime": "2019/07/11 14:32:53",
        "logdata": ""
    }
]