[
    {
        "logtime": "2019/07/09 14:26:18",
        "logdata": "keys2"
    },
    {
        "logtime": "2019/07/09 14:26:18",
        "logdata": "byte"
    },
    {
        "logtime": "2019/07/09 14:26:18",
        "logdata": "keys2"
    },
    {
        "logtime": "2019/07/09 14:26:18",
        "logdata": "word"
    },
    {
        "logtime": "2019/07/09 14:26:18",
        "logdata": "keys2"
    },
    {
        "logtime": "2019/07/09 14:26:18",
        "logdata": "word"
    },
    {
        "logtime": "2019/07/09 14:26:18",
        "logdata": "keys2"
    },
    {
        "logtime": "2019/07/09 14:26:18",
        "logdata": "word"
    },
    {
        "logtime": "2019/07/09 14:26:18",
        "logdata": "keys2"
    },
    {
        "logtime": "2019/07/09 14:26:18",
        "logdata": "word"
    },
    {
        "logtime": "2019/07/09 14:26:18",
        "logdata": "keys2"
    },
    {
        "logtime": "2019/07/09 14:26:18",
        "logdata": "double"
    },
    {
        "logtime": "2019/07/09 14:26:18",
        "logdata": "keys2"
    },
    {
        "logtime": "2019/07/09 14:26:18",
        "logdata": "double"
    },
    {
        "logtime": "2019/07/09 14:26:18",
        "logdata": "keys2"
    },
    {
        "logtime": "2019/07/09 14:26:18",
        "logdata": "double"
    },
    {
        "logtime": "2019/07/09 14:26:53",
        "logdata": "LogonScene.onceExcute"
    },
    {
        "logtime": "2019/07/09 14:26:53",
        "logdata": "http://www.fuannainc.top/"
    },
    {
        "logtime": "2019/07/09 14:26:53",
        "logdata": "url"
    },
    {
        "logtime": "2019/07/09 14:26:53",
        "logdata": "http://www.fuannainc.top//ws/MobileInterface.ashx?action=GetMobileLoginNotice"
    },
    {
        "logtime": "2019/07/09 14:26:53",
        "logdata": ""
    },
    {
        "logtime": "2019/07/09 14:26:55",
        "logdata": "onLogonCallBack"
    },
    {
        "logtime": "2019/07/09 14:26:55",
        "logdata": "http://www.fuannainc.top/"
    },
    {
        "logtime": "2019/07/09 14:26:55",
        "logdata": "url"
    },
    {
        "logtime": "2019/07/09 14:26:55",
        "logdata": "http://www.fuannainc.top//WS/MobileInterface.ashx"
    },
    {
        "logtime": "2019/07/09 14:26:55",
        "logdata": "action=GetMobileShareConfig&userid=119891&time=1562653615&signature=6ED7F22EA462EF9C3D9F3B7F41C52656"
    },
    {
        "logtime": "2019/07/09 14:26:57",
        "logdata": "url"
    },
    {
        "logtime": "2019/07/09 14:26:57",
        "logdata": "http://www.fuannainc.top//WS/MobileInterface.ashx?action=GetMobileRollNotice"
    },
    {
        "logtime": "2019/07/09 14:26:57",
        "logdata": ""
    }
]