[
    {
        "logtime": "2019/07/02 17:31:01",
        "logdata": "url"
    },
    {
        "logtime": "2019/07/02 17:31:01",
        "logdata": "http://www.fuannainc.top//WS/MobileInterface.ashx?action=GetMobileRollNotice"
    },
    {
        "logtime": "2019/07/02 17:31:01",
        "logdata": ""
    },
    {
        "logtime": "2019/07/02 17:31:02",
        "logdata": "url"
    },
    {
        "logtime": "2019/07/02 17:31:02",
        "logdata": "http://apis.juhe.cn/ip/ip2addr?ip=58.23.48.188&key=74bb0395667b8d0588df9ebd6fc36a12"
    },
    {
        "logtime": "2019/07/02 17:31:02",
        "logdata": ""
    },
    {
        "logtime": "2019/07/02 17:31:02",
        "logdata": "url"
    },
    {
        "logtime": "2019/07/02 17:31:02",
        "logdata": "http://apis.juhe.cn/ip/ip2addr?ip=58.23.48.188&key=74bb0395667b8d0588df9ebd6fc36a12"
    },
    {
        "logtime": "2019/07/02 17:31:02",
        "logdata": ""
    },
    {
        "logtime": "2019/07/02 17:31:02",
        "logdata": {
            "_ServerResVersion": 10,
            "_Active": true,
            "_KindVersion": "101122049",
            "_KindType": 1,
            "_Module": "xiuxian/shuiguolaba/",
            "_KindID": "406",
            "_Type": "xiuxian",
            "_KindName": "xiuxian.shuiguolaba.",
            "nEnterRoomIndex": 1,
            "_SortId": 0
        }
    },
    {
        "logtime": "2019/07/02 17:31:02",
        "logdata": "modulestr"
    },
    {
        "logtime": "2019/07/02 17:31:02",
        "logdata": "xiuxian/shuiguolaba/"
    },
    {
        "logtime": "2019/07/02 17:31:08",
        "logdata": null
    },
    {
        "logtime": "2019/07/02 17:31:08",
        "logdata": "onEnterGame"
    },
    {
        "logtime": "2019/07/02 17:31:08",
        "logdata": {
            "_ServerResVersion": 10,
            "_Active": true,
            "_KindVersion": "101122049",
            "_KindType": 1,
            "_Module": "xiuxian/shuiguolaba/",
            "_KindID": "406",
            "_Type": "xiuxian",
            "_KindName": "xiuxian.shuiguolaba.",
            "nEnterRoomIndex": 1,
            "_SortId": 0
        }
    },
    {
        "logtime": "2019/07/02 17:31:08",
        "logdata": "GlobalUserItem.getCurGameKind()"
    },
    {
        "logtime": "2019/07/02 17:31:08",
        "logdata": 406
    },
    {
        "logtime": "2019/07/02 17:31:10",
        "logdata": "url"
    },
    {
        "logtime": "2019/07/02 17:31:10",
        "logdata": "http://apis.juhe.cn/ip/ip2addr?ip=58.23.48.188&key=74bb0395667b8d0588df9ebd6fc36a12"
    },
    {
        "logtime": "2019/07/02 17:31:10",
        "logdata": ""
    },
    {
        "logtime": "2019/07/02 17:31:10",
        "logdata": "url"
    },
    {
        "logtime": "2019/07/02 17:31:10",
        "logdata": "http://apis.juhe.cn/ip/ip2addr?ip=58.23.48.188&key=74bb0395667b8d0588df9ebd6fc36a12"
    },
    {
        "logtime": "2019/07/02 17:31:10",
        "logdata": ""
    },
    {
        "logtime": "2019/07/02 17:31:10",
        "logdata": {
            "_ServerResVersion": 10,
            "_Active": true,
            "_KindVersion": "101122049",
            "_KindType": 1,
            "_Module": "xiuxian/shuiguolaba/",
            "_KindID": "406",
            "_Type": "xiuxian",
            "nSitChair": 65535,
            "_KindName": "xiuxian.shuiguolaba.",
            "nEnterRoomIndex": 1,
            "nSitTable": 65535,
            "_SortId": 0
        }
    },
    {
        "logtime": "2019/07/02 17:31:10",
        "logdata": "modulestr"
    },
    {
        "logtime": "2019/07/02 17:31:10",
        "logdata": "xiuxian/shuiguolaba/"
    },
    {
        "logtime": "2019/07/02 17:31:35",
        "logdata": "LogonScene.onceExcute"
    },
    {
        "logtime": "2019/07/02 17:31:35",
        "logdata": "http://www.fuannainc.top/"
    },
    {
        "logtime": "2019/07/02 17:31:35",
        "logdata": "url"
    },
    {
        "logtime": "2019/07/02 17:31:35",
        "logdata": "http://www.fuannainc.top//ws/MobileInterface.ashx?action=GetMobileLoginNotice"
    },
    {
        "logtime": "2019/07/02 17:31:35",
        "logdata": ""
    },
    {
        "logtime": "2019/07/02 17:31:38",
        "logdata": "url"
    },
    {
        "logtime": "2019/07/02 17:31:38",
        "logdata": "http://apis.juhe.cn/ip/ip2addr?ip=58.23.48.188&key=74bb0395667b8d0588df9ebd6fc36a12"
    },
    {
        "logtime": "2019/07/02 17:31:38",
        "logdata": ""
    },
    {
        "logtime": "2019/07/02 17:31:38",
        "logdata": "onLogonCallBack"
    },
    {
        "logtime": "2019/07/02 17:31:38",
        "logdata": "http://www.fuannainc.top/"
    },
    {
        "logtime": "2019/07/02 17:31:38",
        "logdata": "url"
    },
    {
        "logtime": "2019/07/02 17:31:38",
        "logdata": "http://www.fuannainc.top//WS/MobileInterface.ashx"
    },
    {
        "logtime": "2019/07/02 17:31:38",
        "logdata": "action=GetMobileShareConfig&userid=120187&time=1562059898&signature=0DC8BBB91E779431AE712C4BEDBE2A17"
    },
    {
        "logtime": "2019/07/02 17:31:39",
        "logdata": "url"
    },
    {
        "logtime": "2019/07/02 17:31:39",
        "logdata": "http://www.fuannainc.top//WS/MobileInterface.ashx?action=GetMobileRollNotice"
    },
    {
        "logtime": "2019/07/02 17:31:39",
        "logdata": ""
    },
    {
        "logtime": "2019/07/02 17:31:41",
        "logdata": "url"
    },
    {
        "logtime": "2019/07/02 17:31:41",
        "logdata": "http://apis.juhe.cn/ip/ip2addr?ip=58.23.48.188&key=74bb0395667b8d0588df9ebd6fc36a12"
    },
    {
        "logtime": "2019/07/02 17:31:41",
        "logdata": ""
    },
    {
        "logtime": "2019/07/02 17:31:41",
        "logdata": "url"
    },
    {
        "logtime": "2019/07/02 17:31:41",
        "logdata": "http://apis.juhe.cn/ip/ip2addr?ip=58.23.48.188&key=74bb0395667b8d0588df9ebd6fc36a12"
    },
    {
        "logtime": "2019/07/02 17:31:41",
        "logdata": ""
    },
    {
        "logtime": "2019/07/02 17:31:41",
        "logdata": {
            "_ServerResVersion": 10,
            "_Active": true,
            "_KindVersion": "101122049",
            "_KindType": 1,
            "_Module": "xiuxian/shuiguolaba/",
            "_KindID": "406",
            "_Type": "xiuxian",
            "_KindName": "xiuxian.shuiguolaba.",
            "nEnterRoomIndex": 1,
            "_SortId": 0
        }
    },
    {
        "logtime": "2019/07/02 17:31:41",
        "logdata": "modulestr"
    },
    {
        "logtime": "2019/07/02 17:31:41",
        "logdata": "xiuxian/shuiguolaba/"
    },
    {
        "logtime": "2019/07/02 17:31:52",
        "logdata": [
            {
                "main": 3,
                "kindid": 406,
                "len": 4,
                "sub": 11
            },
            {
                "main": 100,
                "kindid": 406,
                "len": 0,
                "sub": 2
            },
            {
                "main": 100,
                "kindid": 406,
                "len": 9,
                "sub": 1
            },
            {
                "main": 100,
                "kindid": 406,
                "len": 0,
                "sub": 2
            },
            {
                "main": 200,
                "kindid": 406,
                "len": 16,
                "sub": 6
            }
        ]
    },
    {
        "logtime": "2019/07/02 17:31:57",
        "logdata": "LogonScene.onceExcute"
    },
    {
        "logtime": "2019/07/02 17:31:57",
        "logdata": "http://www.fuannainc.top/"
    },
    {
        "logtime": "2019/07/02 17:31:57",
        "logdata": "url"
    },
    {
        "logtime": "2019/07/02 17:31:57",
        "logdata": "http://www.fuannainc.top//ws/MobileInterface.ashx?action=GetMobileLoginNotice"
    },
    {
        "logtime": "2019/07/02 17:31:57",
        "logdata": ""
    }
]