[
    {
        "logtime": "2019/06/19 10:24:01",
        "logdata": "url"
    },
    {
        "logtime": "2019/06/19 10:24:01",
        "logdata": "http://apis.juhe.cn/ip/ip2addr?ip=36.249.132.170&key=74bb0395667b8d0588df9ebd6fc36a12"
    },
    {
        "logtime": "2019/06/19 10:24:01",
        "logdata": ""
    },
    {
        "logtime": "2019/06/19 10:24:01",
        "logdata": "onLogonCallBack"
    },
    {
        "logtime": "2019/06/19 10:24:01",
        "logdata": "http://www.fuannainc.top/"
    },
    {
        "logtime": "2019/06/19 10:24:01",
        "logdata": "url"
    },
    {
        "logtime": "2019/06/19 10:24:01",
        "logdata": "http://www.fuannainc.top//WS/MobileInterface.ashx"
    },
    {
        "logtime": "2019/06/19 10:24:01",
        "logdata": "action=GetMobileShareConfig&userid=119921&time=1560911041&signature=A65940FB2A03F5497C97E02F0B614E0A"
    },
    {
        "logtime": "2019/06/19 10:24:03",
        "logdata": "url"
    },
    {
        "logtime": "2019/06/19 10:24:03",
        "logdata": "http://www.fuannainc.top//WS/MobileInterface.ashx?action=GetMobileRollNotice"
    },
    {
        "logtime": "2019/06/19 10:24:03",
        "logdata": ""
    }
]