[
    {
        "logtime": "2019/07/02 16:11:53",
        "logdata": "url"
    },
    {
        "logtime": "2019/07/02 16:11:53",
        "logdata": "http://apis.juhe.cn/ip/ip2addr?ip=58.23.48.188&key=74bb0395667b8d0588df9ebd6fc36a12"
    },
    {
        "logtime": "2019/07/02 16:11:53",
        "logdata": ""
    },
    {
        "logtime": "2019/07/02 16:11:53",
        "logdata": "url"
    },
    {
        "logtime": "2019/07/02 16:11:53",
        "logdata": "http://apis.juhe.cn/ip/ip2addr?ip=58.23.48.188&key=74bb0395667b8d0588df9ebd6fc36a12"
    },
    {
        "logtime": "2019/07/02 16:11:53",
        "logdata": ""
    },
    {
        "logtime": "2019/07/02 16:11:56",
        "logdata": "LogonScene.onceExcute"
    },
    {
        "logtime": "2019/07/02 16:11:56",
        "logdata": "http://www.fuannainc.top/"
    },
    {
        "logtime": "2019/07/02 16:11:56",
        "logdata": "url"
    },
    {
        "logtime": "2019/07/02 16:11:56",
        "logdata": "http://www.fuannainc.top//ws/MobileInterface.ashx?action=GetMobileLoginNotice"
    },
    {
        "logtime": "2019/07/02 16:11:56",
        "logdata": ""
    },
    {
        "logtime": "2019/07/02 16:11:58",
        "logdata": "url"
    },
    {
        "logtime": "2019/07/02 16:11:58",
        "logdata": "http://apis.juhe.cn/ip/ip2addr?ip=58.23.48.188&key=74bb0395667b8d0588df9ebd6fc36a12"
    },
    {
        "logtime": "2019/07/02 16:11:58",
        "logdata": ""
    },
    {
        "logtime": "2019/07/02 16:11:58",
        "logdata": "onLogonCallBack"
    },
    {
        "logtime": "2019/07/02 16:11:58",
        "logdata": "http://www.fuannainc.top/"
    },
    {
        "logtime": "2019/07/02 16:11:58",
        "logdata": "url"
    },
    {
        "logtime": "2019/07/02 16:11:58",
        "logdata": "http://www.fuannainc.top//WS/MobileInterface.ashx"
    },
    {
        "logtime": "2019/07/02 16:11:58",
        "logdata": "action=GetMobileShareConfig&userid=120187&time=1562055118&signature=8F8CD5AC081165BAD6BCCE595ACFE4D1"
    }
]