[
    {
        "logtime": "2019/07/02 16:33:01",
        "logdata": null
    },
    {
        "logtime": "2019/07/02 16:33:01",
        "logdata": "onEnterGame"
    },
    {
        "logtime": "2019/07/02 16:33:01",
        "logdata": {
            "_ServerResVersion": 10,
            "_Active": true,
            "_KindVersion": "101122049",
            "_KindType": 1,
            "_Module": "xiuxian/shuiguolaba/",
            "_KindID": "406",
            "_Type": "xiuxian",
            "_KindName": "xiuxian.shuiguolaba.",
            "_SortId": 0
        }
    },
    {
        "logtime": "2019/07/02 16:33:01",
        "logdata": "GlobalUserItem.getCurGameKind()"
    },
    {
        "logtime": "2019/07/02 16:33:01",
        "logdata": 406
    },
    {
        "logtime": "2019/07/02 16:33:02",
        "logdata": "url"
    },
    {
        "logtime": "2019/07/02 16:33:02",
        "logdata": "http://apis.juhe.cn/ip/ip2addr?ip=58.23.48.188&key=74bb0395667b8d0588df9ebd6fc36a12"
    },
    {
        "logtime": "2019/07/02 16:33:02",
        "logdata": ""
    },
    {
        "logtime": "2019/07/02 16:33:02",
        "logdata": "url"
    },
    {
        "logtime": "2019/07/02 16:33:02",
        "logdata": "http://apis.juhe.cn/ip/ip2addr?ip=58.23.48.188&key=74bb0395667b8d0588df9ebd6fc36a12"
    },
    {
        "logtime": "2019/07/02 16:33:02",
        "logdata": ""
    },
    {
        "logtime": "2019/07/02 16:33:43",
        "logdata": "error loading module 'game.xiuxian.shuiguolaba.src.views.layer.GameViewLayer' from file '.\\game\\xiuxian\\shuiguolaba\\src\\views\\layer\\GameViewLayer.lua':\n\t...me\\xiuxian\\shuiguolaba\\src\\views\\layer\\GameViewLayer.lua:219: ')' expected near ';'\nstack traceback:\n\t[C]: in function 'req'\n\t[string \".\\game/xiuxian/shuiguolaba/src/views/GameLaye...\"]:11: in main chunk\n\t[C]: in function 'require'\n\t[string \".\\client/src/view/mediator/ViewMediator.lua\"]:114: in function 'notify'\n\t[string \".\\framework/puremvc/patterns/observer/Observe...\"]:85: in function 'notifyObserver'\n\t[string \".\\framework/puremvc/core/View.lua\"]:113: in function 'notifyObservers'\n\t[string \".\\framework/puremvc/patterns/facade/Facade.lua\"]:331: in function 'notifyObservers'\n\t[string \".\\framework/puremvc/patterns/facade/Facade.lua\"]:314: in function 'sendNotification'\n\t[string \".\\client/src/plaza/models/GameFrameEngine.lua\"]:619: in function 'LoadGameView'\n\t[string \".\\client/src/plaza/models/GameFrameEngine.lua\"]:737: in function 'onSocketUserStatus'\n\t[string \".\\client/src/plaza/models/GameFrameEngine.lua\"]:323: in function 'onSocketUserEvent'\n\t[string \".\\client/src/plaza/models/GameFrameEngine.lua\"]:113: in function 'onSocketEvent'\n\t[string \".\\client/src/plaza/models/BaseFrame.lua\"]:141: in function 'onSocketCallBack'\n\t[string \".\\client/src/plaza/models/BaseFrame.lua\"]:97: in function <[string \".\\client/src/plaza/models/BaseFrame.lua\"]:96>"
    },
    {
        "logtime": "2019/07/02 16:33:46",
        "logdata": "LogonScene.onceExcute"
    },
    {
        "logtime": "2019/07/02 16:33:46",
        "logdata": "http://www.fuannainc.top/"
    },
    {
        "logtime": "2019/07/02 16:33:46",
        "logdata": "url"
    },
    {
        "logtime": "2019/07/02 16:33:46",
        "logdata": "http://www.fuannainc.top//ws/MobileInterface.ashx?action=GetMobileLoginNotice"
    },
    {
        "logtime": "2019/07/02 16:33:46",
        "logdata": ""
    },
    {
        "logtime": "2019/07/02 16:33:48",
        "logdata": "url"
    },
    {
        "logtime": "2019/07/02 16:33:48",
        "logdata": "http://apis.juhe.cn/ip/ip2addr?ip=58.23.48.188&key=74bb0395667b8d0588df9ebd6fc36a12"
    },
    {
        "logtime": "2019/07/02 16:33:48",
        "logdata": ""
    },
    {
        "logtime": "2019/07/02 16:33:48",
        "logdata": "onLogonCallBack"
    },
    {
        "logtime": "2019/07/02 16:33:48",
        "logdata": "http://www.fuannainc.top/"
    },
    {
        "logtime": "2019/07/02 16:33:48",
        "logdata": "url"
    },
    {
        "logtime": "2019/07/02 16:33:48",
        "logdata": "http://www.fuannainc.top//WS/MobileInterface.ashx"
    },
    {
        "logtime": "2019/07/02 16:33:48",
        "logdata": "action=GetMobileShareConfig&userid=120187&time=1562056428&signature=792070A013445665C302DA139155CA1F"
    },
    {
        "logtime": "2019/07/02 16:33:50",
        "logdata": "url"
    },
    {
        "logtime": "2019/07/02 16:33:50",
        "logdata": "http://www.fuannainc.top//WS/MobileInterface.ashx?action=GetMobileRollNotice"
    },
    {
        "logtime": "2019/07/02 16:33:50",
        "logdata": ""
    },
    {
        "logtime": "2019/07/02 16:33:54",
        "logdata": null
    },
    {
        "logtime": "2019/07/02 16:33:54",
        "logdata": "onEnterGame"
    },
    {
        "logtime": "2019/07/02 16:33:54",
        "logdata": {
            "_ServerResVersion": 10,
            "_Active": true,
            "_KindVersion": "101122049",
            "_KindType": 1,
            "_Module": "xiuxian/shuiguolaba/",
            "_KindID": "406",
            "_Type": "xiuxian",
            "_KindName": "xiuxian.shuiguolaba.",
            "_SortId": 0
        }
    },
    {
        "logtime": "2019/07/02 16:33:54",
        "logdata": "GlobalUserItem.getCurGameKind()"
    },
    {
        "logtime": "2019/07/02 16:33:54",
        "logdata": 406
    },
    {
        "logtime": "2019/07/02 16:33:55",
        "logdata": "url"
    },
    {
        "logtime": "2019/07/02 16:33:55",
        "logdata": "http://apis.juhe.cn/ip/ip2addr?ip=58.23.48.188&key=74bb0395667b8d0588df9ebd6fc36a12"
    },
    {
        "logtime": "2019/07/02 16:33:55",
        "logdata": ""
    },
    {
        "logtime": "2019/07/02 16:33:55",
        "logdata": "url"
    },
    {
        "logtime": "2019/07/02 16:33:55",
        "logdata": "http://apis.juhe.cn/ip/ip2addr?ip=58.23.48.188&key=74bb0395667b8d0588df9ebd6fc36a12"
    },
    {
        "logtime": "2019/07/02 16:33:55",
        "logdata": ""
    },
    {
        "logtime": "2019/07/02 16:33:56",
        "logdata": {
            "_ServerResVersion": 10,
            "_Active": true,
            "_KindVersion": "101122049",
            "_KindType": 1,
            "_Module": "xiuxian/shuiguolaba/",
            "_KindID": "406",
            "_Type": "xiuxian",
            "nSitChair": 65535,
            "_KindName": "xiuxian.shuiguolaba.",
            "nEnterRoomIndex": 1,
            "nSitTable": 65535,
            "_SortId": 0
        }
    },
    {
        "logtime": "2019/07/02 16:33:56",
        "logdata": "modulestr"
    },
    {
        "logtime": "2019/07/02 16:33:56",
        "logdata": "xiuxian/shuiguolaba/"
    }
]