[
    {
        "logtime": "2019/05/16 10:53:14",
        "logdata": "LogonScene.onceExcute"
    },
    {
        "logtime": "2019/05/16 10:53:14",
        "logdata": "http://www.fuannainc.top/"
    },
    {
        "logtime": "2019/05/16 10:53:14",
        "logdata": "url"
    },
    {
        "logtime": "2019/05/16 10:53:14",
        "logdata": "http://www.fuannainc.top//ws/MobileInterface.ashx?action=GetMobileLoginNotice"
    },
    {
        "logtime": "2019/05/16 10:53:14",
        "logdata": ""
    },
    {
        "logtime": "2019/05/16 10:53:16",
        "logdata": "url"
    },
    {
        "logtime": "2019/05/16 10:53:16",
        "logdata": "http://apis.juhe.cn/ip/ip2addr?ip=183.53.107.65&key=74bb0395667b8d0588df9ebd6fc36a12"
    },
    {
        "logtime": "2019/05/16 10:53:16",
        "logdata": ""
    },
    {
        "logtime": "2019/05/16 10:53:16",
        "logdata": "onLogonCallBack"
    },
    {
        "logtime": "2019/05/16 10:53:16",
        "logdata": "http://www.fuannainc.top/"
    },
    {
        "logtime": "2019/05/16 10:53:16",
        "logdata": "url"
    },
    {
        "logtime": "2019/05/16 10:53:16",
        "logdata": "http://www.fuannainc.top//WS/MobileInterface.ashx"
    },
    {
        "logtime": "2019/05/16 10:53:16",
        "logdata": "action=GetMobileShareConfig&userid=119922&time=1557975196&signature=096B70E5D64CACD10560891999BAC24D"
    },
    {
        "logtime": "2019/05/16 10:53:18",
        "logdata": "url"
    },
    {
        "logtime": "2019/05/16 10:53:18",
        "logdata": "http://www.fuannainc.top//WS/MobileInterface.ashx?action=GetMobileRollNotice"
    },
    {
        "logtime": "2019/05/16 10:53:18",
        "logdata": ""
    }
]