[
    {
        "logtime": "2019/05/23 18:42:24",
        "logdata": "LogonScene.onceExcute"
    },
    {
        "logtime": "2019/05/23 18:42:24",
        "logdata": "http://www.fuannainc.top/"
    },
    {
        "logtime": "2019/05/23 18:42:25",
        "logdata": "url"
    },
    {
        "logtime": "2019/05/23 18:42:25",
        "logdata": "http://www.fuannainc.top//ws/MobileInterface.ashx?action=GetMobileLoginNotice"
    },
    {
        "logtime": "2019/05/23 18:42:25",
        "logdata": ""
    },
    {
        "logtime": "2019/05/23 18:42:27",
        "logdata": "url"
    },
    {
        "logtime": "2019/05/23 18:42:27",
        "logdata": "http://apis.juhe.cn/ip/ip2addr?ip=113.77.82.124&key=74bb0395667b8d0588df9ebd6fc36a12"
    },
    {
        "logtime": "2019/05/23 18:42:27",
        "logdata": ""
    },
    {
        "logtime": "2019/05/23 18:42:27",
        "logdata": "onLogonCallBack"
    },
    {
        "logtime": "2019/05/23 18:42:27",
        "logdata": "http://www.fuannainc.top/"
    },
    {
        "logtime": "2019/05/23 18:42:27",
        "logdata": "url"
    },
    {
        "logtime": "2019/05/23 18:42:27",
        "logdata": "http://www.fuannainc.top//WS/MobileInterface.ashx"
    },
    {
        "logtime": "2019/05/23 18:42:27",
        "logdata": "action=GetMobileShareConfig&userid=119930&time=1558608147&signature=E97FAD5D3549D27E423C0068F5CA91A8"
    },
    {
        "logtime": "2019/05/23 18:42:30",
        "logdata": "url"
    },
    {
        "logtime": "2019/05/23 18:42:30",
        "logdata": "http://www.fuannainc.top//WS/MobileInterface.ashx?action=GetMobileRollNotice"
    },
    {
        "logtime": "2019/05/23 18:42:30",
        "logdata": ""
    },
    {
        "logtime": "2019/05/23 18:42:32",
        "logdata": {}
    },
    {
        "logtime": "2019/05/23 18:42:32",
        "logdata": {}
    },
    {
        "logtime": "2019/05/23 18:42:32",
        "logdata": {}
    }
]