[
    {
        "logtime": "2019/07/02 17:23:03",
        "logdata": "url"
    },
    {
        "logtime": "2019/07/02 17:23:03",
        "logdata": "http://apis.juhe.cn/ip/ip2addr?ip=58.23.48.188&key=74bb0395667b8d0588df9ebd6fc36a12"
    },
    {
        "logtime": "2019/07/02 17:23:03",
        "logdata": ""
    },
    {
        "logtime": "2019/07/02 17:23:03",
        "logdata": "onLogonCallBack"
    },
    {
        "logtime": "2019/07/02 17:23:03",
        "logdata": "http://www.fuannainc.top/"
    },
    {
        "logtime": "2019/07/02 17:23:03",
        "logdata": "url"
    },
    {
        "logtime": "2019/07/02 17:23:03",
        "logdata": "http://www.fuannainc.top//WS/MobileInterface.ashx"
    },
    {
        "logtime": "2019/07/02 17:23:03",
        "logdata": "action=GetMobileShareConfig&userid=120187&time=1562059383&signature=29FBE32C2D273CF824DE51A2BABD38C3"
    },
    {
        "logtime": "2019/07/02 17:23:04",
        "logdata": "url"
    },
    {
        "logtime": "2019/07/02 17:23:04",
        "logdata": "http://www.fuannainc.top//WS/MobileInterface.ashx?action=GetMobileRollNotice"
    },
    {
        "logtime": "2019/07/02 17:23:04",
        "logdata": ""
    },
    {
        "logtime": "2019/07/02 17:23:06",
        "logdata": "url"
    },
    {
        "logtime": "2019/07/02 17:23:06",
        "logdata": "http://apis.juhe.cn/ip/ip2addr?ip=58.23.48.188&key=74bb0395667b8d0588df9ebd6fc36a12"
    },
    {
        "logtime": "2019/07/02 17:23:06",
        "logdata": ""
    },
    {
        "logtime": "2019/07/02 17:23:06",
        "logdata": "url"
    },
    {
        "logtime": "2019/07/02 17:23:06",
        "logdata": "http://apis.juhe.cn/ip/ip2addr?ip=58.23.48.188&key=74bb0395667b8d0588df9ebd6fc36a12"
    },
    {
        "logtime": "2019/07/02 17:23:06",
        "logdata": ""
    },
    {
        "logtime": "2019/07/02 17:23:06",
        "logdata": {
            "_ServerResVersion": 10,
            "_Active": true,
            "_KindVersion": "101122049",
            "_KindType": 1,
            "_Module": "xiuxian/shuiguolaba/",
            "_KindID": "406",
            "_Type": "xiuxian",
            "_KindName": "xiuxian.shuiguolaba.",
            "nEnterRoomIndex": 1,
            "_SortId": 0
        }
    },
    {
        "logtime": "2019/07/02 17:23:06",
        "logdata": "modulestr"
    },
    {
        "logtime": "2019/07/02 17:23:06",
        "logdata": "xiuxian/shuiguolaba/"
    },
    {
        "logtime": "2019/07/02 17:23:11",
        "logdata": null
    },
    {
        "logtime": "2019/07/02 17:23:11",
        "logdata": "onEnterGame"
    },
    {
        "logtime": "2019/07/02 17:23:11",
        "logdata": {
            "_ServerResVersion": 10,
            "_Active": true,
            "_KindVersion": "101122049",
            "_KindType": 1,
            "_Module": "xiuxian/shuiguolaba/",
            "_KindID": "406",
            "_Type": "xiuxian",
            "_KindName": "xiuxian.shuiguolaba.",
            "nEnterRoomIndex": 1,
            "_SortId": 0
        }
    },
    {
        "logtime": "2019/07/02 17:23:12",
        "logdata": "GlobalUserItem.getCurGameKind()"
    },
    {
        "logtime": "2019/07/02 17:23:12",
        "logdata": 406
    },
    {
        "logtime": "2019/07/02 17:23:13",
        "logdata": "url"
    },
    {
        "logtime": "2019/07/02 17:23:13",
        "logdata": "http://apis.juhe.cn/ip/ip2addr?ip=58.23.48.188&key=74bb0395667b8d0588df9ebd6fc36a12"
    },
    {
        "logtime": "2019/07/02 17:23:13",
        "logdata": ""
    },
    {
        "logtime": "2019/07/02 17:23:13",
        "logdata": "url"
    },
    {
        "logtime": "2019/07/02 17:23:13",
        "logdata": "http://apis.juhe.cn/ip/ip2addr?ip=58.23.48.188&key=74bb0395667b8d0588df9ebd6fc36a12"
    },
    {
        "logtime": "2019/07/02 17:23:13",
        "logdata": ""
    },
    {
        "logtime": "2019/07/02 17:23:13",
        "logdata": {
            "_ServerResVersion": 10,
            "_Active": true,
            "_KindVersion": "101122049",
            "_KindType": 1,
            "_Module": "xiuxian/shuiguolaba/",
            "_KindID": "406",
            "_Type": "xiuxian",
            "nSitChair": 65535,
            "_KindName": "xiuxian.shuiguolaba.",
            "nEnterRoomIndex": 1,
            "nSitTable": 65535,
            "_SortId": 0
        }
    },
    {
        "logtime": "2019/07/02 17:23:13",
        "logdata": "modulestr"
    },
    {
        "logtime": "2019/07/02 17:23:13",
        "logdata": "xiuxian/shuiguolaba/"
    }
]