[
    {
        "logtime": "2019/05/17 11:11:16",
        "logdata": "LogonScene.onceExcute"
    },
    {
        "logtime": "2019/05/17 11:11:16",
        "logdata": "http://www.fuannainc.top/"
    },
    {
        "logtime": "2019/05/17 11:11:17",
        "logdata": "url"
    },
    {
        "logtime": "2019/05/17 11:11:17",
        "logdata": "http://www.fuannainc.top//ws/MobileInterface.ashx?action=GetMobileLoginNotice"
    },
    {
        "logtime": "2019/05/17 11:11:17",
        "logdata": ""
    },
    {
        "logtime": "2019/05/17 11:11:19",
        "logdata": "url"
    },
    {
        "logtime": "2019/05/17 11:11:19",
        "logdata": "http://apis.juhe.cn/ip/ip2addr?ip=113.77.83.165&key=74bb0395667b8d0588df9ebd6fc36a12"
    },
    {
        "logtime": "2019/05/17 11:11:19",
        "logdata": ""
    },
    {
        "logtime": "2019/05/17 11:11:19",
        "logdata": "onLogonCallBack"
    },
    {
        "logtime": "2019/05/17 11:11:19",
        "logdata": "http://www.fuannainc.top/"
    },
    {
        "logtime": "2019/05/17 11:11:19",
        "logdata": "url"
    },
    {
        "logtime": "2019/05/17 11:11:19",
        "logdata": "http://www.fuannainc.top//WS/MobileInterface.ashx"
    },
    {
        "logtime": "2019/05/17 11:11:19",
        "logdata": "action=GetMobileShareConfig&userid=119932&time=1558062679&signature=1D2F92302B23645A550E890E46A70CDE"
    },
    {
        "logtime": "2019/05/17 11:11:21",
        "logdata": "url"
    },
    {
        "logtime": "2019/05/17 11:11:21",
        "logdata": "http://www.fuannainc.top//WS/MobileInterface.ashx?action=GetMobileRollNotice"
    },
    {
        "logtime": "2019/05/17 11:11:21",
        "logdata": ""
    },
    {
        "logtime": "2019/05/17 11:11:24",
        "logdata": "url"
    },
    {
        "logtime": "2019/05/17 11:11:24",
        "logdata": "http://www.fuannainc.top//ws/MobileInterface.ashx"
    },
    {
        "logtime": "2019/05/17 11:11:24",
        "logdata": "action=getpaylist"
    },
    {
        "logtime": "2019/05/17 11:11:24",
        "logdata": "url"
    },
    {
        "logtime": "2019/05/17 11:11:24",
        "logdata": "http://www.fuannainc.top//WS/MobileInterface.ashx"
    },
    {
        "logtime": "2019/05/17 11:11:24",
        "logdata": "action=getagentpay"
    },
    {
        "logtime": "2019/05/17 11:11:28",
        "logdata": "normal_to_agent_up"
    }
]