[
    {
        "logtime": "2009/01/01 07:04:14",
        "logdata": "LogonScene.onceExcute"
    },
    {
        "logtime": "2009/01/01 07:04:14",
        "logdata": "http://www.fuannainc.top/"
    },
    {
        "logtime": "2009/01/01 07:04:15",
        "logdata": "url"
    },
    {
        "logtime": "2009/01/01 07:04:15",
        "logdata": "http://www.fuannainc.top//ws/MobileInterface.ashx?action=GetMobileLoginNotice"
    },
    {
        "logtime": "2009/01/01 07:04:15",
        "logdata": ""
    },
    {
        "logtime": "2009/01/01 07:04:16",
        "logdata": "url"
    },
    {
        "logtime": "2009/01/01 07:04:16",
        "logdata": "http://apis.juhe.cn/ip/ip2addr?ip=183.53.107.223&key=74bb0395667b8d0588df9ebd6fc36a12"
    },
    {
        "logtime": "2009/01/01 07:04:16",
        "logdata": ""
    },
    {
        "logtime": "2009/01/01 07:04:16",
        "logdata": "onLogonCallBack"
    },
    {
        "logtime": "2009/01/01 07:04:16",
        "logdata": "http://www.fuannainc.top/"
    },
    {
        "logtime": "2009/01/01 07:04:16",
        "logdata": "url"
    },
    {
        "logtime": "2009/01/01 07:04:16",
        "logdata": "http://www.fuannainc.top//WS/MobileInterface.ashx"
    },
    {
        "logtime": "2009/01/01 07:04:16",
        "logdata": "action=GetMobileShareConfig&userid=119924&time=1230764656&signature=BBEDEC99A9008698EBCFD4EA7547808C"
    },
    {
        "logtime": "2009/01/01 07:04:19",
        "logdata": "url"
    },
    {
        "logtime": "2009/01/01 07:04:19",
        "logdata": "http://www.fuannainc.top//WS/MobileInterface.ashx?action=GetMobileRollNotice"
    },
    {
        "logtime": "2009/01/01 07:04:19",
        "logdata": ""
    }
]