[
    {
        "logtime": "2019/05/18 16:52:03",
        "logdata": "LogonScene.onceExcute"
    },
    {
        "logtime": "2019/05/18 16:52:03",
        "logdata": "http://www.fuannainc.top/"
    },
    {
        "logtime": "2019/05/18 16:52:04",
        "logdata": "url"
    },
    {
        "logtime": "2019/05/18 16:52:04",
        "logdata": "http://www.fuannainc.top//ws/MobileInterface.ashx?action=GetMobileLoginNotice"
    },
    {
        "logtime": "2019/05/18 16:52:04",
        "logdata": ""
    },
    {
        "logtime": "2019/05/18 16:52:06",
        "logdata": "url"
    },
    {
        "logtime": "2019/05/18 16:52:06",
        "logdata": "http://apis.juhe.cn/ip/ip2addr?ip=113.77.83.199&key=74bb0395667b8d0588df9ebd6fc36a12"
    },
    {
        "logtime": "2019/05/18 16:52:06",
        "logdata": ""
    },
    {
        "logtime": "2019/05/18 16:52:06",
        "logdata": "onLogonCallBack"
    },
    {
        "logtime": "2019/05/18 16:52:06",
        "logdata": "http://www.fuannainc.top/"
    },
    {
        "logtime": "2019/05/18 16:52:06",
        "logdata": "url"
    },
    {
        "logtime": "2019/05/18 16:52:06",
        "logdata": "http://www.fuannainc.top//WS/MobileInterface.ashx"
    },
    {
        "logtime": "2019/05/18 16:52:06",
        "logdata": "action=GetMobileShareConfig&userid=119912&time=1558169526&signature=69213E330A82A5EF1DD10CC859B4B1D8"
    },
    {
        "logtime": "2019/05/18 16:52:08",
        "logdata": "url"
    },
    {
        "logtime": "2019/05/18 16:52:08",
        "logdata": "http://www.fuannainc.top//WS/MobileInterface.ashx?action=GetMobileRollNotice"
    },
    {
        "logtime": "2019/05/18 16:52:08",
        "logdata": ""
    },
    {
        "logtime": "2019/05/18 16:52:24",
        "logdata": "LogonScene.onceExcute"
    },
    {
        "logtime": "2019/05/18 16:52:24",
        "logdata": "http://www.fuannainc.top/"
    },
    {
        "logtime": "2019/05/18 16:52:24",
        "logdata": "url"
    },
    {
        "logtime": "2019/05/18 16:52:24",
        "logdata": "http://www.fuannainc.top//ws/MobileInterface.ashx?action=GetMobileLoginNotice"
    },
    {
        "logtime": "2019/05/18 16:52:24",
        "logdata": ""
    },
    {
        "logtime": "2019/05/18 16:52:26",
        "logdata": "url"
    },
    {
        "logtime": "2019/05/18 16:52:26",
        "logdata": "http://apis.juhe.cn/ip/ip2addr?ip=113.77.83.199&key=74bb0395667b8d0588df9ebd6fc36a12"
    },
    {
        "logtime": "2019/05/18 16:52:26",
        "logdata": ""
    },
    {
        "logtime": "2019/05/18 16:52:26",
        "logdata": "onLogonCallBack"
    },
    {
        "logtime": "2019/05/18 16:52:26",
        "logdata": "http://www.fuannainc.top/"
    },
    {
        "logtime": "2019/05/18 16:52:26",
        "logdata": "url"
    },
    {
        "logtime": "2019/05/18 16:52:26",
        "logdata": "http://www.fuannainc.top//WS/MobileInterface.ashx"
    },
    {
        "logtime": "2019/05/18 16:52:26",
        "logdata": "action=GetMobileShareConfig&userid=119938&time=1558169546&signature=D30B6E483472622639A85EA23CF9F9CD"
    },
    {
        "logtime": "2019/05/18 16:52:30",
        "logdata": "url"
    },
    {
        "logtime": "2019/05/18 16:52:30",
        "logdata": "http://www.fuannainc.top//WS/MobileInterface.ashx?action=GetMobileRollNotice"
    },
    {
        "logtime": "2019/05/18 16:52:30",
        "logdata": ""
    },
    {
        "logtime": "2019/05/18 16:52:32",
        "logdata": null
    },
    {
        "logtime": "2019/05/18 16:52:32",
        "logdata": "onEnterGame"
    },
    {
        "logtime": "2019/05/18 16:52:32",
        "logdata": {
            "_ServerResVersion": 5,
            "_Active": false,
            "_KindVersion": "101122049",
            "_KindType": 1,
            "_Module": "yule/oxsixex/",
            "_KindID": "36",
            "_Type": "yule",
            "_KindName": "yule.oxsixex.",
            "_SortId": 8
        }
    },
    {
        "logtime": "2019/05/18 16:52:32",
        "logdata": "GlobalUserItem.getCurGameKind()"
    },
    {
        "logtime": "2019/05/18 16:52:32",
        "logdata": 36
    },
    {
        "logtime": "2019/05/18 16:52:51",
        "logdata": "LogonScene.onceExcute"
    },
    {
        "logtime": "2019/05/18 16:52:51",
        "logdata": "http://www.fuannainc.top/"
    },
    {
        "logtime": "2019/05/18 16:52:51",
        "logdata": "url"
    },
    {
        "logtime": "2019/05/18 16:52:51",
        "logdata": "http://www.fuannainc.top//ws/MobileInterface.ashx?action=GetMobileLoginNotice"
    },
    {
        "logtime": "2019/05/18 16:52:51",
        "logdata": ""
    },
    {
        "logtime": "2019/05/18 16:52:53",
        "logdata": "url"
    },
    {
        "logtime": "2019/05/18 16:52:53",
        "logdata": "http://apis.juhe.cn/ip/ip2addr?ip=113.77.83.199&key=74bb0395667b8d0588df9ebd6fc36a12"
    },
    {
        "logtime": "2019/05/18 16:52:53",
        "logdata": ""
    },
    {
        "logtime": "2019/05/18 16:52:53",
        "logdata": "onLogonCallBack"
    },
    {
        "logtime": "2019/05/18 16:52:53",
        "logdata": "http://www.fuannainc.top/"
    },
    {
        "logtime": "2019/05/18 16:52:53",
        "logdata": "url"
    },
    {
        "logtime": "2019/05/18 16:52:53",
        "logdata": "http://www.fuannainc.top//WS/MobileInterface.ashx"
    },
    {
        "logtime": "2019/05/18 16:52:53",
        "logdata": "action=GetMobileShareConfig&userid=119890&time=1558169573&signature=02BB46563AAC53601696A322BF800648"
    },
    {
        "logtime": "2019/05/18 16:52:56",
        "logdata": "url"
    },
    {
        "logtime": "2019/05/18 16:52:56",
        "logdata": "http://www.fuannainc.top//WS/MobileInterface.ashx?action=GetMobileRollNotice"
    },
    {
        "logtime": "2019/05/18 16:52:56",
        "logdata": ""
    }
]