[
    {
        "logtime": "2019/07/24 17:17:16",
        "logdata": "LogonScene.onceExcute"
    },
    {
        "logtime": "2019/07/24 17:17:16",
        "logdata": "http://www.fuannabbs.top/"
    },
    {
        "logtime": "2019/07/24 17:17:17",
        "logdata": "url"
    },
    {
        "logtime": "2019/07/24 17:17:17",
        "logdata": "http://www.fuannabbs.top//ws/MobileInterface.ashx?action=GetMobileLoginNotice"
    },
    {
        "logtime": "2019/07/24 17:17:17",
        "logdata": ""
    },
    {
        "logtime": "2019/07/24 17:17:18",
        "logdata": "onLogonCallBack"
    },
    {
        "logtime": "2019/07/24 17:17:18",
        "logdata": "http://www.fuannabbs.top/"
    },
    {
        "logtime": "2019/07/24 17:17:18",
        "logdata": "url"
    },
    {
        "logtime": "2019/07/24 17:17:18",
        "logdata": "http://www.fuannabbs.top//WS/MobileInterface.ashx"
    },
    {
        "logtime": "2019/07/24 17:17:18",
        "logdata": "action=GetMobileShareConfig&userid=119908&time=1563959838&signature=9F85252F9CA6F49F578280A58D3AAECC"
    },
    {
        "logtime": "2019/07/24 17:17:20",
        "logdata": "url"
    },
    {
        "logtime": "2019/07/24 17:17:20",
        "logdata": "http://www.fuannabbs.top//WS/MobileInterface.ashx?action=GetMobileRollNotice"
    },
    {
        "logtime": "2019/07/24 17:17:20",
        "logdata": ""
    },
    {
        "logtime": "2019/07/24 17:17:46",
        "logdata": null
    },
    {
        "logtime": "2019/07/24 17:17:46",
        "logdata": "onEnterGame"
    },
    {
        "logtime": "2019/07/24 17:17:46",
        "logdata": {
            "_ServerResVersion": 4,
            "_Active": true,
            "_KindVersion": "101122049",
            "_KindType": 3,
            "_Module": "yule/oxbattle/",
            "_KindID": "104",
            "_Type": "yule",
            "_KindName": "yule.oxbattle.",
            "_SortId": 7
        }
    },
    {
        "logtime": "2019/07/24 17:17:49",
        "logdata": "LogonScene.onceExcute"
    },
    {
        "logtime": "2019/07/24 17:17:49",
        "logdata": "http://www.fuannabbs.top/"
    },
    {
        "logtime": "2019/07/24 17:17:49",
        "logdata": "url"
    },
    {
        "logtime": "2019/07/24 17:17:49",
        "logdata": "http://www.fuannabbs.top//ws/MobileInterface.ashx?action=GetMobileLoginNotice"
    },
    {
        "logtime": "2019/07/24 17:17:49",
        "logdata": ""
    },
    {
        "logtime": "2019/07/24 17:17:52",
        "logdata": "onLogonCallBack"
    },
    {
        "logtime": "2019/07/24 17:17:52",
        "logdata": "http://www.fuannabbs.top/"
    },
    {
        "logtime": "2019/07/24 17:17:52",
        "logdata": "url"
    },
    {
        "logtime": "2019/07/24 17:17:52",
        "logdata": "http://www.fuannabbs.top//WS/MobileInterface.ashx"
    },
    {
        "logtime": "2019/07/24 17:17:52",
        "logdata": "action=GetMobileShareConfig&userid=119932&time=1563959872&signature=8B79DF9C78D9F6986497DDF1B2E9E953"
    },
    {
        "logtime": "2019/07/24 17:17:53",
        "logdata": "url"
    },
    {
        "logtime": "2019/07/24 17:17:53",
        "logdata": "http://www.fuannabbs.top//WS/MobileInterface.ashx?action=GetMobileRollNotice"
    },
    {
        "logtime": "2019/07/24 17:17:53",
        "logdata": ""
    }
]