[
    {
        "logtime": "2019/05/14 14:46:08",
        "logdata": "url"
    },
    {
        "logtime": "2019/05/14 14:46:08",
        "logdata": "http://apis.juhe.cn/ip/ip2addr?ip=183.53.107.103&key=74bb0395667b8d0588df9ebd6fc36a12"
    },
    {
        "logtime": "2019/05/14 14:46:08",
        "logdata": ""
    },
    {
        "logtime": "2019/05/14 14:46:08",
        "logdata": "onLogonCallBack"
    },
    {
        "logtime": "2019/05/14 14:46:08",
        "logdata": "http://www.fuannainc.top/"
    },
    {
        "logtime": "2019/05/14 14:46:08",
        "logdata": "url"
    },
    {
        "logtime": "2019/05/14 14:46:08",
        "logdata": "http://www.fuannainc.top//WS/MobileInterface.ashx"
    },
    {
        "logtime": "2019/05/14 14:46:08",
        "logdata": "action=GetMobileShareConfig&userid=120787&time=1557816368&signature=B167F455F1C926F81B1D993898A95A0B"
    },
    {
        "logtime": "2019/05/14 14:46:14",
        "logdata": "url"
    },
    {
        "logtime": "2019/05/14 14:46:14",
        "logdata": "http://www.fuannainc.top//WS/MobileInterface.ashx?action=GetMobileRollNotice"
    },
    {
        "logtime": "2019/05/14 14:46:14",
        "logdata": ""
    },
    {
        "logtime": "2019/05/14 14:46:16",
        "logdata": "url"
    },
    {
        "logtime": "2019/05/14 14:46:16",
        "logdata": "http://apis.juhe.cn/ip/ip2addr?ip=183.53.107.103&key=74bb0395667b8d0588df9ebd6fc36a12"
    },
    {
        "logtime": "2019/05/14 14:46:16",
        "logdata": ""
    },
    {
        "logtime": "2019/05/14 14:46:16",
        "logdata": "onLogonCallBack"
    },
    {
        "logtime": "2019/05/14 14:46:16",
        "logdata": "http://www.fuannainc.top/"
    },
    {
        "logtime": "2019/05/14 14:46:16",
        "logdata": "url"
    },
    {
        "logtime": "2019/05/14 14:46:16",
        "logdata": "http://www.fuannainc.top//WS/MobileInterface.ashx"
    },
    {
        "logtime": "2019/05/14 14:46:16",
        "logdata": "action=GetMobileShareConfig&userid=120776&time=1557816376&signature=53D0977E997FA4209851A632E8C13F86"
    },
    {
        "logtime": "2019/05/14 14:46:18",
        "logdata": "url"
    },
    {
        "logtime": "2019/05/14 14:46:18",
        "logdata": "http://www.fuannainc.top//WS/MobileInterface.ashx?action=GetMobileRollNotice"
    },
    {
        "logtime": "2019/05/14 14:46:18",
        "logdata": ""
    },
    {
        "logtime": "2019/05/14 14:46:22",
        "logdata": "[string \".\\client/src/controller/command/LoadViewComma...\"]:179: [string \".\\client/src/controller/command/LoadViewComma...\"]:252: aready has same context name, please check\nstack traceback:\n\t[string \".\\client/src/controller/command/LoadViewComma...\"]:179: in function 'handler'\n\t[string \".\\framework/notify/event.lua\"]:167: in function 'call_handlers'\n\t[string \".\\framework/notify/event.lua\"]:305: in function 'emit'\n\t[string \".\\view/base/BaseScene.lua\"]:135: in function 'emit'\n\t[string \".\\view/base/BaseScene.lua\"]:97: in function 'exitViewFinished'\n\t[string \".\\client/src/plaza/views/ClientScene.lua\"]:2176: in function 'onWillViewExit'\n\t[string \".\\view/base/BaseScene.lua\"]:82: in function 'willViewExit'\n\t[string \".\\client/src/controller/command/LoadViewComma...\"]:182: in function 'handler'\n\t[string \".\\framework/notify/event.lua\"]:167: in function 'call_handlers'\n\t[string \".\\framework/notify/event.lua\"]:305: in function 'emit'\n\t[string \".\\view/base/BaseScene.lua\"]:135: in function 'emit'\n\t[string \".\\view/base/BaseScene.lua\"]:56: in function 'unLoadFinished'\n\t[string \".\\view/base/BaseScene.lua\"]:50: in function <[string \".\\view/base/BaseScene.lua\"]:49>"
    },
    {
        "logtime": "2019/05/14 14:46:22",
        "logdata": "[string \".\\client/src/plaza/models/LevelFrame.lua\"]:26: bad argument #1 to 'upper' (string expected, got no value)\nstack traceback:\n\t[string \".\\client/src/plaza/models/LevelFrame.lua\"]:26: in function 'sendLoadLevel'\n\t[string \".\\client/src/plaza/models/LevelFrame.lua\"]:10: in function 'onConnectCompeleted'\n\t[string \".\\client/src/plaza/models/BaseFrame.lua\"]:122: in function 'onSocketCallBack'\n\t[string \".\\client/src/plaza/models/BaseFrame.lua\"]:90: in function <[string \".\\client/src/plaza/models/BaseFrame.lua\"]:89>"
    },
    {
        "logtime": "2019/05/14 14:46:24",
        "logdata": "url"
    },
    {
        "logtime": "2019/05/14 14:46:24",
        "logdata": "http://www.fuannainc.top//WS/Lottery.ashx"
    },
    {
        "logtime": "2019/05/14 14:46:24",
        "logdata": "action=LotteryConfig"
    },
    {
        "logtime": "2019/05/14 14:46:24",
        "logdata": "[string \".\\client/src/controller/command/LoadViewComma...\"]:266: assertion failed!\nstack traceback:\n\t[string \".\\client/src/controller/command/LoadViewComma...\"]:266: in function 'handler'\n\t[string \".\\framework/notify/event.lua\"]:167: in function 'call_handlers'\n\t[string \".\\framework/notify/event.lua\"]:305: in function 'emit'\n\t[string \".\\view/base/BaseLayer.lua\"]:135: in function 'emit'\n\t[string \".\\view/base/BaseLayer.lua\"]:37: in function 'loadFinished'\n\t[string \".\\view/base/BaseLayer.lua\"]:31: in function <[string \".\\view/base/BaseLayer.lua\"]:30>"
    },
    {
        "logtime": "2019/05/14 14:46:24",
        "logdata": "[string \".\\client/src/model/base/Context.lua\"]:96: context already has parent\nstack traceback:\n\t[string \".\\client/src/model/base/Context.lua\"]:96: in function 'pushContext'\n\t[string \".\\client/src/controller/command/LoadViewComma...\"]:263: in function 'handler'\n\t[string \".\\framework/notify/event.lua\"]:167: in function 'call_handlers'\n\t[string \".\\framework/notify/event.lua\"]:305: in function 'emit'\n\t[string \".\\view/base/BaseLayer.lua\"]:135: in function 'emit'\n\t[string \".\\view/base/BaseLayer.lua\"]:37: in function 'loadFinished'\n\t[string \".\\view/base/BaseLayer.lua\"]:31: in function <[string \".\\view/base/BaseLayer.lua\"]:30>"
    },
    {
        "logtime": "2019/05/14 14:46:24",
        "logdata": "[string \".\\client/src/model/base/Context.lua\"]:96: context already has parent\nstack traceback:\n\t[string \".\\client/src/model/base/Context.lua\"]:96: in function 'pushContext'\n\t[string \".\\client/src/controller/command/LoadViewComma...\"]:263: in function 'handler'\n\t[string \".\\framework/notify/event.lua\"]:167: in function 'call_handlers'\n\t[string \".\\framework/notify/event.lua\"]:305: in function 'emit'\n\t[string \".\\view/base/BaseLayer.lua\"]:135: in function 'emit'\n\t[string \".\\view/base/BaseLayer.lua\"]:37: in function 'loadFinished'\n\t[string \".\\view/base/BaseLayer.lua\"]:31: in function <[string \".\\view/base/BaseLayer.lua\"]:30>"
    },
    {
        "logtime": "2019/05/14 14:46:24",
        "logdata": "url"
    },
    {
        "logtime": "2019/05/14 14:46:24",
        "logdata": "http://www.fuannainc.top//WS/Lottery.ashx"
    },
    {
        "logtime": "2019/05/14 14:46:24",
        "logdata": "action=LotteryUserInfo&userid=0&time=1557816384&signature=9C61A6CFC7570CFA97339CB100F320EC"
    },
    {
        "logtime": "2019/05/14 14:46:24",
        "logdata": "[string \".\\client/src/model/base/Context.lua\"]:96: context already has parent\nstack traceback:\n\t[string \".\\client/src/model/base/Context.lua\"]:96: in function 'pushContext'\n\t[string \".\\client/src/controller/command/LoadViewComma...\"]:263: in function 'handler'\n\t[string \".\\framework/notify/event.lua\"]:167: in function 'call_handlers'\n\t[string \".\\framework/notify/event.lua\"]:305: in function 'emit'\n\t[string \".\\view/base/BaseLayer.lua\"]:135: in function 'emit'\n\t[string \".\\view/base/BaseLayer.lua\"]:37: in function 'loadFinished'\n\t[string \".\\view/base/BaseLayer.lua\"]:31: in function <[string \".\\view/base/BaseLayer.lua\"]:30>"
    },
    {
        "logtime": "2019/05/14 14:46:24",
        "logdata": "[string \".\\client/src/model/base/Context.lua\"]:96: context already has parent\nstack traceback:\n\t[string \".\\client/src/model/base/Context.lua\"]:96: in function 'pushContext'\n\t[string \".\\client/src/controller/command/LoadViewComma...\"]:263: in function 'handler'\n\t[string \".\\framework/notify/event.lua\"]:167: in function 'call_handlers'\n\t[string \".\\framework/notify/event.lua\"]:305: in function 'emit'\n\t[string \".\\view/base/BaseLayer.lua\"]:135: in function 'emit'\n\t[string \".\\view/base/BaseLayer.lua\"]:37: in function 'loadFinished'\n\t[string \".\\view/base/BaseLayer.lua\"]:31: in function <[string \".\\view/base/BaseLayer.lua\"]:30>"
    },
    {
        "logtime": "2019/05/14 14:46:24",
        "logdata": "[string \".\\client/src/model/base/Context.lua\"]:96: context already has parent\nstack traceback:\n\t[string \".\\client/src/model/base/Context.lua\"]:96: in function 'pushContext'\n\t[string \".\\client/src/controller/command/LoadViewComma...\"]:263: in function 'handler'\n\t[string \".\\framework/notify/event.lua\"]:167: in function 'call_handlers'\n\t[string \".\\framework/notify/event.lua\"]:305: in function 'emit'\n\t[string \".\\view/base/BaseLayer.lua\"]:135: in function 'emit'\n\t[string \".\\view/base/BaseLayer.lua\"]:37: in function 'loadFinished'\n\t[string \".\\view/base/BaseLayer.lua\"]:31: in function <[string \".\\view/base/BaseLayer.lua\"]:30>"
    },
    {
        "logtime": "2019/05/14 14:46:24",
        "logdata": "[string \".\\client/src/model/base/Context.lua\"]:96: context already has parent\nstack traceback:\n\t[string \".\\client/src/model/base/Context.lua\"]:96: in function 'pushContext'\n\t[string \".\\client/src/controller/command/LoadViewComma...\"]:263: in function 'handler'\n\t[string \".\\framework/notify/event.lua\"]:167: in function 'call_handlers'\n\t[string \".\\framework/notify/event.lua\"]:305: in function 'emit'\n\t[string \".\\view/base/BaseLayer.lua\"]:135: in function 'emit'\n\t[string \".\\view/base/BaseLayer.lua\"]:37: in function 'loadFinished'\n\t[string \".\\view/base/BaseLayer.lua\"]:31: in function <[string \".\\view/base/BaseLayer.lua\"]:30>"
    },
    {
        "logtime": "2019/05/14 14:46:24",
        "logdata": "[string \".\\client/src/model/base/Context.lua\"]:96: context already has parent\nstack traceback:\n\t[string \".\\client/src/model/base/Context.lua\"]:96: in function 'pushContext'\n\t[string \".\\client/src/controller/command/LoadViewComma...\"]:263: in function 'handler'\n\t[string \".\\framework/notify/event.lua\"]:167: in function 'call_handlers'\n\t[string \".\\framework/notify/event.lua\"]:305: in function 'emit'\n\t[string \".\\view/base/BaseLayer.lua\"]:135: in function 'emit'\n\t[string \".\\view/base/BaseLayer.lua\"]:37: in function 'loadFinished'\n\t[string \".\\view/base/BaseLayer.lua\"]:31: in function <[string \".\\view/base/BaseLayer.lua\"]:30>"
    },
    {
        "logtime": "2019/05/14 14:46:24",
        "logdata": "[string \".\\client/src/model/base/Context.lua\"]:96: context already has parent\nstack traceback:\n\t[string \".\\client/src/model/base/Context.lua\"]:96: in function 'pushContext'\n\t[string \".\\client/src/controller/command/LoadViewComma...\"]:263: in function 'handler'\n\t[string \".\\framework/notify/event.lua\"]:167: in function 'call_handlers'\n\t[string \".\\framework/notify/event.lua\"]:305: in function 'emit'\n\t[string \".\\view/base/BaseLayer.lua\"]:135: in function 'emit'\n\t[string \".\\view/base/BaseLayer.lua\"]:37: in function 'loadFinished'\n\t[string \".\\view/base/BaseLayer.lua\"]:31: in function <[string \".\\view/base/BaseLayer.lua\"]:30>"
    },
    {
        "logtime": "2019/05/14 14:46:24",
        "logdata": "[string \".\\client/src/model/base/Context.lua\"]:96: context already has parent\nstack traceback:\n\t[string \".\\client/src/model/base/Context.lua\"]:96: in function 'pushContext'\n\t[string \".\\client/src/controller/command/LoadViewComma...\"]:263: in function 'handler'\n\t[string \".\\framework/notify/event.lua\"]:167: in function 'call_handlers'\n\t[string \".\\framework/notify/event.lua\"]:305: in function 'emit'\n\t[string \".\\view/base/BaseLayer.lua\"]:135: in function 'emit'\n\t[string \".\\view/base/BaseLayer.lua\"]:37: in function 'loadFinished'\n\t[string \".\\view/base/BaseLayer.lua\"]:31: in function <[string \".\\view/base/BaseLayer.lua\"]:30>"
    },
    {
        "logtime": "2019/05/14 14:46:24",
        "logdata": "[string \".\\client/src/model/base/Context.lua\"]:96: context already has parent\nstack traceback:\n\t[string \".\\client/src/model/base/Context.lua\"]:96: in function 'pushContext'\n\t[string \".\\client/src/controller/command/LoadViewComma...\"]:263: in function 'handler'\n\t[string \".\\framework/notify/event.lua\"]:167: in function 'call_handlers'\n\t[string \".\\framework/notify/event.lua\"]:305: in function 'emit'\n\t[string \".\\view/base/BaseLayer.lua\"]:135: in function 'emit'\n\t[string \".\\view/base/BaseLayer.lua\"]:37: in function 'loadFinished'\n\t[string \".\\view/base/BaseLayer.lua\"]:31: in function <[string \".\\view/base/BaseLayer.lua\"]:30>"
    },
    {
        "logtime": "2019/05/14 14:46:24",
        "logdata": "[string \".\\client/src/model/base/Context.lua\"]:96: context already has parent\nstack traceback:\n\t[string \".\\client/src/model/base/Context.lua\"]:96: in function 'pushContext'\n\t[string \".\\client/src/controller/command/LoadViewComma...\"]:263: in function 'handler'\n\t[string \".\\framework/notify/event.lua\"]:167: in function 'call_handlers'\n\t[string \".\\framework/notify/event.lua\"]:305: in function 'emit'\n\t[string \".\\view/base/BaseLayer.lua\"]:135: in function 'emit'\n\t[string \".\\view/base/BaseLayer.lua\"]:37: in function 'loadFinished'\n\t[string \".\\view/base/BaseLayer.lua\"]:31: in function <[string \".\\view/base/BaseLayer.lua\"]:30>"
    },
    {
        "logtime": "2019/05/14 14:46:24",
        "logdata": "[string \".\\client/src/model/base/Context.lua\"]:96: context already has parent\nstack traceback:\n\t[string \".\\client/src/model/base/Context.lua\"]:96: in function 'pushContext'\n\t[string \".\\client/src/controller/command/LoadViewComma...\"]:263: in function 'handler'\n\t[string \".\\framework/notify/event.lua\"]:167: in function 'call_handlers'\n\t[string \".\\framework/notify/event.lua\"]:305: in function 'emit'\n\t[string \".\\view/base/BaseLayer.lua\"]:135: in function 'emit'\n\t[string \".\\view/base/BaseLayer.lua\"]:37: in function 'loadFinished'\n\t[string \".\\view/base/BaseLayer.lua\"]:31: in function <[string \".\\view/base/BaseLayer.lua\"]:30>"
    },
    {
        "logtime": "2019/05/14 14:46:24",
        "logdata": "[string \".\\client/src/model/base/Context.lua\"]:96: context already has parent\nstack traceback:\n\t[string \".\\client/src/model/base/Context.lua\"]:96: in function 'pushContext'\n\t[string \".\\client/src/controller/command/LoadViewComma...\"]:263: in function 'handler'\n\t[string \".\\framework/notify/event.lua\"]:167: in function 'call_handlers'\n\t[string \".\\framework/notify/event.lua\"]:305: in function 'emit'\n\t[string \".\\view/base/BaseLayer.lua\"]:135: in function 'emit'\n\t[string \".\\view/base/BaseLayer.lua\"]:37: in function 'loadFinished'\n\t[string \".\\view/base/BaseLayer.lua\"]:31: in function <[string \".\\view/base/BaseLayer.lua\"]:30>"
    },
    {
        "logtime": "2019/05/14 14:46:24",
        "logdata": "[string \".\\client/src/model/base/Context.lua\"]:96: context already has parent\nstack traceback:\n\t[string \".\\client/src/model/base/Context.lua\"]:96: in function 'pushContext'\n\t[string \".\\client/src/controller/command/LoadViewComma...\"]:263: in function 'handler'\n\t[string \".\\framework/notify/event.lua\"]:167: in function 'call_handlers'\n\t[string \".\\framework/notify/event.lua\"]:305: in function 'emit'\n\t[string \".\\view/base/BaseLayer.lua\"]:135: in function 'emit'\n\t[string \".\\view/base/BaseLayer.lua\"]:37: in function 'loadFinished'\n\t[string \".\\view/base/BaseLayer.lua\"]:31: in function <[string \".\\view/base/BaseLayer.lua\"]:30>"
    },
    {
        "logtime": "2019/05/14 14:46:24",
        "logdata": "[string \".\\client/src/model/base/Context.lua\"]:96: context already has parent\nstack traceback:\n\t[string \".\\client/src/model/base/Context.lua\"]:96: in function 'pushContext'\n\t[string \".\\client/src/controller/command/LoadViewComma...\"]:263: in function 'handler'\n\t[string \".\\framework/notify/event.lua\"]:167: in function 'call_handlers'\n\t[string \".\\framework/notify/event.lua\"]:305: in function 'emit'\n\t[string \".\\view/base/BaseLayer.lua\"]:135: in function 'emit'\n\t[string \".\\view/base/BaseLayer.lua\"]:37: in function 'loadFinished'\n\t[string \".\\view/base/BaseLayer.lua\"]:31: in function <[string \".\\view/base/BaseLayer.lua\"]:30>"
    },
    {
        "logtime": "2019/05/14 14:46:24",
        "logdata": "[string \".\\client/src/model/base/Context.lua\"]:96: context already has parent\nstack traceback:\n\t[string \".\\client/src/model/base/Context.lua\"]:96: in function 'pushContext'\n\t[string \".\\client/src/controller/command/LoadViewComma...\"]:263: in function 'handler'\n\t[string \".\\framework/notify/event.lua\"]:167: in function 'call_handlers'\n\t[string \".\\framework/notify/event.lua\"]:305: in function 'emit'\n\t[string \".\\view/base/BaseLayer.lua\"]:135: in function 'emit'\n\t[string \".\\view/base/BaseLayer.lua\"]:37: in function 'loadFinished'\n\t[string \".\\view/base/BaseLayer.lua\"]:31: in function <[string \".\\view/base/BaseLayer.lua\"]:30>"
    },
    {
        "logtime": "2019/05/14 14:46:24",
        "logdata": "[string \".\\client/src/model/base/Context.lua\"]:96: context already has parent\nstack traceback:\n\t[string \".\\client/src/model/base/Context.lua\"]:96: in function 'pushContext'\n\t[string \".\\client/src/controller/command/LoadViewComma...\"]:263: in function 'handler'\n\t[string \".\\framework/notify/event.lua\"]:167: in function 'call_handlers'\n\t[string \".\\framework/notify/event.lua\"]:305: in function 'emit'\n\t[string \".\\view/base/BaseLayer.lua\"]:135: in function 'emit'\n\t[string \".\\view/base/BaseLayer.lua\"]:37: in function 'loadFinished'\n\t[string \".\\view/base/BaseLayer.lua\"]:31: in function <[string \".\\view/base/BaseLayer.lua\"]:30>"
    },
    {
        "logtime": "2019/05/14 14:46:24",
        "logdata": "[string \".\\client/src/model/base/Context.lua\"]:96: context already has parent\nstack traceback:\n\t[string \".\\client/src/model/base/Context.lua\"]:96: in function 'pushContext'\n\t[string \".\\client/src/controller/command/LoadViewComma...\"]:263: in function 'handler'\n\t[string \".\\framework/notify/event.lua\"]:167: in function 'call_handlers'\n\t[string \".\\framework/notify/event.lua\"]:305: in function 'emit'\n\t[string \".\\view/base/BaseLayer.lua\"]:135: in function 'emit'\n\t[string \".\\view/base/BaseLayer.lua\"]:37: in function 'loadFinished'\n\t[string \".\\view/base/BaseLayer.lua\"]:31: in function <[string \".\\view/base/BaseLayer.lua\"]:30>"
    },
    {
        "logtime": "2019/05/14 14:46:24",
        "logdata": "[string \".\\client/src/model/base/Context.lua\"]:96: context already has parent\nstack traceback:\n\t[string \".\\client/src/model/base/Context.lua\"]:96: in function 'pushContext'\n\t[string \".\\client/src/controller/command/LoadViewComma...\"]:263: in function 'handler'\n\t[string \".\\framework/notify/event.lua\"]:167: in function 'call_handlers'\n\t[string \".\\framework/notify/event.lua\"]:305: in function 'emit'\n\t[string \".\\view/base/BaseLayer.lua\"]:135: in function 'emit'\n\t[string \".\\view/base/BaseLayer.lua\"]:37: in function 'loadFinished'\n\t[string \".\\view/base/BaseLayer.lua\"]:31: in function <[string \".\\view/base/BaseLayer.lua\"]:30>"
    },
    {
        "logtime": "2019/05/14 14:46:24",
        "logdata": "[string \".\\client/src/model/base/Context.lua\"]:96: context already has parent\nstack traceback:\n\t[string \".\\client/src/model/base/Context.lua\"]:96: in function 'pushContext'\n\t[string \".\\client/src/controller/command/LoadViewComma...\"]:263: in function 'handler'\n\t[string \".\\framework/notify/event.lua\"]:167: in function 'call_handlers'\n\t[string \".\\framework/notify/event.lua\"]:305: in function 'emit'\n\t[string \".\\view/base/BaseLayer.lua\"]:135: in function 'emit'\n\t[string \".\\view/base/BaseLayer.lua\"]:37: in function 'loadFinished'\n\t[string \".\\view/base/BaseLayer.lua\"]:31: in function <[string \".\\view/base/BaseLayer.lua\"]:30>"
    },
    {
        "logtime": "2019/05/14 14:46:24",
        "logdata": "[string \".\\client/src/model/base/Context.lua\"]:96: context already has parent\nstack traceback:\n\t[string \".\\client/src/model/base/Context.lua\"]:96: in function 'pushContext'\n\t[string \".\\client/src/controller/command/LoadViewComma...\"]:263: in function 'handler'\n\t[string \".\\framework/notify/event.lua\"]:167: in function 'call_handlers'\n\t[string \".\\framework/notify/event.lua\"]:305: in function 'emit'\n\t[string \".\\view/base/BaseLayer.lua\"]:135: in function 'emit'\n\t[string \".\\view/base/BaseLayer.lua\"]:37: in function 'loadFinished'\n\t[string \".\\view/base/BaseLayer.lua\"]:31: in function <[string \".\\view/base/BaseLayer.lua\"]:30>"
    },
    {
        "logtime": "2019/05/14 14:46:24",
        "logdata": "[string \".\\client/src/model/base/Context.lua\"]:96: context already has parent\nstack traceback:\n\t[string \".\\client/src/model/base/Context.lua\"]:96: in function 'pushContext'\n\t[string \".\\client/src/controller/command/LoadViewComma...\"]:263: in function 'handler'\n\t[string \".\\framework/notify/event.lua\"]:167: in function 'call_handlers'\n\t[string \".\\framework/notify/event.lua\"]:305: in function 'emit'\n\t[string \".\\view/base/BaseLayer.lua\"]:135: in function 'emit'\n\t[string \".\\view/base/BaseLayer.lua\"]:37: in function 'loadFinished'\n\t[string \".\\view/base/BaseLayer.lua\"]:31: in function <[string \".\\view/base/BaseLayer.lua\"]:30>"
    },
    {
        "logtime": "2019/05/14 14:46:24",
        "logdata": "[string \".\\client/src/model/base/Context.lua\"]:96: context already has parent\nstack traceback:\n\t[string \".\\client/src/model/base/Context.lua\"]:96: in function 'pushContext'\n\t[string \".\\client/src/controller/command/LoadViewComma...\"]:263: in function 'handler'\n\t[string \".\\framework/notify/event.lua\"]:167: in function 'call_handlers'\n\t[string \".\\framework/notify/event.lua\"]:305: in function 'emit'\n\t[string \".\\view/base/BaseLayer.lua\"]:135: in function 'emit'\n\t[string \".\\view/base/BaseLayer.lua\"]:37: in function 'loadFinished'\n\t[string \".\\view/base/BaseLayer.lua\"]:31: in function <[string \".\\view/base/BaseLayer.lua\"]:30>"
    },
    {
        "logtime": "2019/05/14 14:46:24",
        "logdata": "[string \".\\client/src/model/base/Context.lua\"]:96: context already has parent\nstack traceback:\n\t[string \".\\client/src/model/base/Context.lua\"]:96: in function 'pushContext'\n\t[string \".\\client/src/controller/command/LoadViewComma...\"]:263: in function 'handler'\n\t[string \".\\framework/notify/event.lua\"]:167: in function 'call_handlers'\n\t[string \".\\framework/notify/event.lua\"]:305: in function 'emit'\n\t[string \".\\view/base/BaseLayer.lua\"]:135: in function 'emit'\n\t[string \".\\view/base/BaseLayer.lua\"]:37: in function 'loadFinished'\n\t[string \".\\view/base/BaseLayer.lua\"]:31: in function <[string \".\\view/base/BaseLayer.lua\"]:30>"
    },
    {
        "logtime": "2019/05/14 14:46:24",
        "logdata": "[string \".\\client/src/model/base/Context.lua\"]:96: context already has parent\nstack traceback:\n\t[string \".\\client/src/model/base/Context.lua\"]:96: in function 'pushContext'\n\t[string \".\\client/src/controller/command/LoadViewComma...\"]:263: in function 'handler'\n\t[string \".\\framework/notify/event.lua\"]:167: in function 'call_handlers'\n\t[string \".\\framework/notify/event.lua\"]:305: in function 'emit'\n\t[string \".\\view/base/BaseLayer.lua\"]:135: in function 'emit'\n\t[string \".\\view/base/BaseLayer.lua\"]:37: in function 'loadFinished'\n\t[string \".\\view/base/BaseLayer.lua\"]:31: in function <[string \".\\view/base/BaseLayer.lua\"]:30>"
    },
    {
        "logtime": "2019/05/14 14:46:24",
        "logdata": "[string \".\\client/src/model/base/Context.lua\"]:96: context already has parent\nstack traceback:\n\t[string \".\\client/src/model/base/Context.lua\"]:96: in function 'pushContext'\n\t[string \".\\client/src/controller/command/LoadViewComma...\"]:263: in function 'handler'\n\t[string \".\\framework/notify/event.lua\"]:167: in function 'call_handlers'\n\t[string \".\\framework/notify/event.lua\"]:305: in function 'emit'\n\t[string \".\\view/base/BaseLayer.lua\"]:135: in function 'emit'\n\t[string \".\\view/base/BaseLayer.lua\"]:37: in function 'loadFinished'\n\t[string \".\\view/base/BaseLayer.lua\"]:31: in function <[string \".\\view/base/BaseLayer.lua\"]:30>"
    },
    {
        "logtime": "2019/05/14 14:46:24",
        "logdata": "[string \".\\client/src/model/base/Context.lua\"]:96: context already has parent\nstack traceback:\n\t[string \".\\client/src/model/base/Context.lua\"]:96: in function 'pushContext'\n\t[string \".\\client/src/controller/command/LoadViewComma...\"]:263: in function 'handler'\n\t[string \".\\framework/notify/event.lua\"]:167: in function 'call_handlers'\n\t[string \".\\framework/notify/event.lua\"]:305: in function 'emit'\n\t[string \".\\view/base/BaseLayer.lua\"]:135: in function 'emit'\n\t[string \".\\view/base/BaseLayer.lua\"]:37: in function 'loadFinished'\n\t[string \".\\view/base/BaseLayer.lua\"]:31: in function <[string \".\\view/base/BaseLayer.lua\"]:30>"
    },
    {
        "logtime": "2019/05/14 14:46:24",
        "logdata": "[string \".\\client/src/model/base/Context.lua\"]:96: context already has parent\nstack traceback:\n\t[string \".\\client/src/model/base/Context.lua\"]:96: in function 'pushContext'\n\t[string \".\\client/src/controller/command/LoadViewComma...\"]:263: in function 'handler'\n\t[string \".\\framework/notify/event.lua\"]:167: in function 'call_handlers'\n\t[string \".\\framework/notify/event.lua\"]:305: in function 'emit'\n\t[string \".\\view/base/BaseLayer.lua\"]:135: in function 'emit'\n\t[string \".\\view/base/BaseLayer.lua\"]:37: in function 'loadFinished'\n\t[string \".\\view/base/BaseLayer.lua\"]:31: in function <[string \".\\view/base/BaseLayer.lua\"]:30>"
    },
    {
        "logtime": "2019/05/14 14:46:24",
        "logdata": "[string \".\\client/src/model/base/Context.lua\"]:96: context already has parent\nstack traceback:\n\t[string \".\\client/src/model/base/Context.lua\"]:96: in function 'pushContext'\n\t[string \".\\client/src/controller/command/LoadViewComma...\"]:263: in function 'handler'\n\t[string \".\\framework/notify/event.lua\"]:167: in function 'call_handlers'\n\t[string \".\\framework/notify/event.lua\"]:305: in function 'emit'\n\t[string \".\\view/base/BaseLayer.lua\"]:135: in function 'emit'\n\t[string \".\\view/base/BaseLayer.lua\"]:37: in function 'loadFinished'\n\t[string \".\\view/base/BaseLayer.lua\"]:31: in function <[string \".\\view/base/BaseLayer.lua\"]:30>"
    },
    {
        "logtime": "2019/05/14 14:46:24",
        "logdata": "[string \".\\client/src/model/base/Context.lua\"]:96: context already has parent\nstack traceback:\n\t[string \".\\client/src/model/base/Context.lua\"]:96: in function 'pushContext'\n\t[string \".\\client/src/controller/command/LoadViewComma...\"]:263: in function 'handler'\n\t[string \".\\framework/notify/event.lua\"]:167: in function 'call_handlers'\n\t[string \".\\framework/notify/event.lua\"]:305: in function 'emit'\n\t[string \".\\view/base/BaseLayer.lua\"]:135: in function 'emit'\n\t[string \".\\view/base/BaseLayer.lua\"]:37: in function 'loadFinished'\n\t[string \".\\view/base/BaseLayer.lua\"]:31: in function <[string \".\\view/base/BaseLayer.lua\"]:30>"
    },
    {
        "logtime": "2019/05/14 14:46:24",
        "logdata": "[string \".\\client/src/model/base/Context.lua\"]:96: context already has parent\nstack traceback:\n\t[string \".\\client/src/model/base/Context.lua\"]:96: in function 'pushContext'\n\t[string \".\\client/src/controller/command/LoadViewComma...\"]:263: in function 'handler'\n\t[string \".\\framework/notify/event.lua\"]:167: in function 'call_handlers'\n\t[string \".\\framework/notify/event.lua\"]:305: in function 'emit'\n\t[string \".\\view/base/BaseLayer.lua\"]:135: in function 'emit'\n\t[string \".\\view/base/BaseLayer.lua\"]:37: in function 'loadFinished'\n\t[string \".\\view/base/BaseLayer.lua\"]:31: in function <[string \".\\view/base/BaseLayer.lua\"]:30>"
    },
    {
        "logtime": "2019/05/14 14:46:24",
        "logdata": "[string \".\\client/src/model/base/Context.lua\"]:96: context already has parent\nstack traceback:\n\t[string \".\\client/src/model/base/Context.lua\"]:96: in function 'pushContext'\n\t[string \".\\client/src/controller/command/LoadViewComma...\"]:263: in function 'handler'\n\t[string \".\\framework/notify/event.lua\"]:167: in function 'call_handlers'\n\t[string \".\\framework/notify/event.lua\"]:305: in function 'emit'\n\t[string \".\\view/base/BaseLayer.lua\"]:135: in function 'emit'\n\t[string \".\\view/base/BaseLayer.lua\"]:37: in function 'loadFinished'\n\t[string \".\\view/base/BaseLayer.lua\"]:31: in function <[string \".\\view/base/BaseLayer.lua\"]:30>"
    },
    {
        "logtime": "2019/05/14 14:46:24",
        "logdata": "[string \".\\client/src/model/base/Context.lua\"]:96: context already has parent\nstack traceback:\n\t[string \".\\client/src/model/base/Context.lua\"]:96: in function 'pushContext'\n\t[string \".\\client/src/controller/command/LoadViewComma...\"]:263: in function 'handler'\n\t[string \".\\framework/notify/event.lua\"]:167: in function 'call_handlers'\n\t[string \".\\framework/notify/event.lua\"]:305: in function 'emit'\n\t[string \".\\view/base/BaseLayer.lua\"]:135: in function 'emit'\n\t[string \".\\view/base/BaseLayer.lua\"]:37: in function 'loadFinished'\n\t[string \".\\view/base/BaseLayer.lua\"]:31: in function <[string \".\\view/base/BaseLayer.lua\"]:30>"
    },
    {
        "logtime": "2019/05/14 14:46:24",
        "logdata": "[string \".\\client/src/model/base/Context.lua\"]:96: context already has parent\nstack traceback:\n\t[string \".\\client/src/model/base/Context.lua\"]:96: in function 'pushContext'\n\t[string \".\\client/src/controller/command/LoadViewComma...\"]:263: in function 'handler'\n\t[string \".\\framework/notify/event.lua\"]:167: in function 'call_handlers'\n\t[string \".\\framework/notify/event.lua\"]:305: in function 'emit'\n\t[string \".\\view/base/BaseLayer.lua\"]:135: in function 'emit'\n\t[string \".\\view/base/BaseLayer.lua\"]:37: in function 'loadFinished'\n\t[string \".\\view/base/BaseLayer.lua\"]:31: in function <[string \".\\view/base/BaseLayer.lua\"]:30>"
    },
    {
        "logtime": "2019/05/14 14:46:24",
        "logdata": "[string \".\\client/src/model/base/Context.lua\"]:96: context already has parent\nstack traceback:\n\t[string \".\\client/src/model/base/Context.lua\"]:96: in function 'pushContext'\n\t[string \".\\client/src/controller/command/LoadViewComma...\"]:263: in function 'handler'\n\t[string \".\\framework/notify/event.lua\"]:167: in function 'call_handlers'\n\t[string \".\\framework/notify/event.lua\"]:305: in function 'emit'\n\t[string \".\\view/base/BaseLayer.lua\"]:135: in function 'emit'\n\t[string \".\\view/base/BaseLayer.lua\"]:37: in function 'loadFinished'\n\t[string \".\\view/base/BaseLayer.lua\"]:31: in function <[string \".\\view/base/BaseLayer.lua\"]:30>"
    },
    {
        "logtime": "2019/05/14 14:46:24",
        "logdata": "[string \".\\client/src/model/base/Context.lua\"]:96: context already has parent\nstack traceback:\n\t[string \".\\client/src/model/base/Context.lua\"]:96: in function 'pushContext'\n\t[string \".\\client/src/controller/command/LoadViewComma...\"]:263: in function 'handler'\n\t[string \".\\framework/notify/event.lua\"]:167: in function 'call_handlers'\n\t[string \".\\framework/notify/event.lua\"]:305: in function 'emit'\n\t[string \".\\view/base/BaseLayer.lua\"]:135: in function 'emit'\n\t[string \".\\view/base/BaseLayer.lua\"]:37: in function 'loadFinished'\n\t[string \".\\view/base/BaseLayer.lua\"]:31: in function <[string \".\\view/base/BaseLayer.lua\"]:30>"
    },
    {
        "logtime": "2019/05/14 14:46:24",
        "logdata": "[string \".\\client/src/model/base/Context.lua\"]:96: context already has parent\nstack traceback:\n\t[string \".\\client/src/model/base/Context.lua\"]:96: in function 'pushContext'\n\t[string \".\\client/src/controller/command/LoadViewComma...\"]:263: in function 'handler'\n\t[string \".\\framework/notify/event.lua\"]:167: in function 'call_handlers'\n\t[string \".\\framework/notify/event.lua\"]:305: in function 'emit'\n\t[string \".\\view/base/BaseLayer.lua\"]:135: in function 'emit'\n\t[string \".\\view/base/BaseLayer.lua\"]:37: in function 'loadFinished'\n\t[string \".\\view/base/BaseLayer.lua\"]:31: in function <[string \".\\view/base/BaseLayer.lua\"]:30>"
    },
    {
        "logtime": "2019/05/14 14:46:24",
        "logdata": "[string \".\\client/src/model/base/Context.lua\"]:96: context already has parent\nstack traceback:\n\t[string \".\\client/src/model/base/Context.lua\"]:96: in function 'pushContext'\n\t[string \".\\client/src/controller/command/LoadViewComma...\"]:263: in function 'handler'\n\t[string \".\\framework/notify/event.lua\"]:167: in function 'call_handlers'\n\t[string \".\\framework/notify/event.lua\"]:305: in function 'emit'\n\t[string \".\\view/base/BaseLayer.lua\"]:135: in function 'emit'\n\t[string \".\\view/base/BaseLayer.lua\"]:37: in function 'loadFinished'\n\t[string \".\\view/base/BaseLayer.lua\"]:31: in function <[string \".\\view/base/BaseLayer.lua\"]:30>"
    },
    {
        "logtime": "2019/05/14 14:46:24",
        "logdata": "[string \".\\client/src/model/base/Context.lua\"]:96: context already has parent\nstack traceback:\n\t[string \".\\client/src/model/base/Context.lua\"]:96: in function 'pushContext'\n\t[string \".\\client/src/controller/command/LoadViewComma...\"]:263: in function 'handler'\n\t[string \".\\framework/notify/event.lua\"]:167: in function 'call_handlers'\n\t[string \".\\framework/notify/event.lua\"]:305: in function 'emit'\n\t[string \".\\view/base/BaseLayer.lua\"]:135: in function 'emit'\n\t[string \".\\view/base/BaseLayer.lua\"]:37: in function 'loadFinished'\n\t[string \".\\view/base/BaseLayer.lua\"]:31: in function <[string \".\\view/base/BaseLayer.lua\"]:30>"
    },
    {
        "logtime": "2019/05/14 14:46:24",
        "logdata": "[string \".\\client/src/model/base/Context.lua\"]:96: context already has parent\nstack traceback:\n\t[string \".\\client/src/model/base/Context.lua\"]:96: in function 'pushContext'\n\t[string \".\\client/src/controller/command/LoadViewComma...\"]:263: in function 'handler'\n\t[string \".\\framework/notify/event.lua\"]:167: in function 'call_handlers'\n\t[string \".\\framework/notify/event.lua\"]:305: in function 'emit'\n\t[string \".\\view/base/BaseLayer.lua\"]:135: in function 'emit'\n\t[string \".\\view/base/BaseLayer.lua\"]:37: in function 'loadFinished'\n\t[string \".\\view/base/BaseLayer.lua\"]:31: in function <[string \".\\view/base/BaseLayer.lua\"]:30>"
    },
    {
        "logtime": "2019/05/14 14:46:24",
        "logdata": "[string \".\\client/src/model/base/Context.lua\"]:96: context already has parent\nstack traceback:\n\t[string \".\\client/src/model/base/Context.lua\"]:96: in function 'pushContext'\n\t[string \".\\client/src/controller/command/LoadViewComma...\"]:263: in function 'handler'\n\t[string \".\\framework/notify/event.lua\"]:167: in function 'call_handlers'\n\t[string \".\\framework/notify/event.lua\"]:305: in function 'emit'\n\t[string \".\\view/base/BaseLayer.lua\"]:135: in function 'emit'\n\t[string \".\\view/base/BaseLayer.lua\"]:37: in function 'loadFinished'\n\t[string \".\\view/base/BaseLayer.lua\"]:31: in function <[string \".\\view/base/BaseLayer.lua\"]:30>"
    },
    {
        "logtime": "2019/05/14 14:46:24",
        "logdata": "[string \".\\client/src/model/base/Context.lua\"]:96: context already has parent\nstack traceback:\n\t[string \".\\client/src/model/base/Context.lua\"]:96: in function 'pushContext'\n\t[string \".\\client/src/controller/command/LoadViewComma...\"]:263: in function 'handler'\n\t[string \".\\framework/notify/event.lua\"]:167: in function 'call_handlers'\n\t[string \".\\framework/notify/event.lua\"]:305: in function 'emit'\n\t[string \".\\view/base/BaseLayer.lua\"]:135: in function 'emit'\n\t[string \".\\view/base/BaseLayer.lua\"]:37: in function 'loadFinished'\n\t[string \".\\view/base/BaseLayer.lua\"]:31: in function <[string \".\\view/base/BaseLayer.lua\"]:30>"
    },
    {
        "logtime": "2019/05/14 14:46:24",
        "logdata": "[string \".\\client/src/model/base/Context.lua\"]:96: context already has parent\nstack traceback:\n\t[string \".\\client/src/model/base/Context.lua\"]:96: in function 'pushContext'\n\t[string \".\\client/src/controller/command/LoadViewComma...\"]:263: in function 'handler'\n\t[string \".\\framework/notify/event.lua\"]:167: in function 'call_handlers'\n\t[string \".\\framework/notify/event.lua\"]:305: in function 'emit'\n\t[string \".\\view/base/BaseLayer.lua\"]:135: in function 'emit'\n\t[string \".\\view/base/BaseLayer.lua\"]:37: in function 'loadFinished'\n\t[string \".\\view/base/BaseLayer.lua\"]:31: in function <[string \".\\view/base/BaseLayer.lua\"]:30>"
    },
    {
        "logtime": "2019/05/14 14:46:24",
        "logdata": "[string \".\\client/src/model/base/Context.lua\"]:96: context already has parent\nstack traceback:\n\t[string \".\\client/src/model/base/Context.lua\"]:96: in function 'pushContext'\n\t[string \".\\client/src/controller/command/LoadViewComma...\"]:263: in function 'handler'\n\t[string \".\\framework/notify/event.lua\"]:167: in function 'call_handlers'\n\t[string \".\\framework/notify/event.lua\"]:305: in function 'emit'\n\t[string \".\\view/base/BaseLayer.lua\"]:135: in function 'emit'\n\t[string \".\\view/base/BaseLayer.lua\"]:37: in function 'loadFinished'\n\t[string \".\\view/base/BaseLayer.lua\"]:31: in function <[string \".\\view/base/BaseLayer.lua\"]:30>"
    },
    {
        "logtime": "2019/05/14 14:46:25",
        "logdata": "[string \".\\client/src/model/base/Context.lua\"]:96: context already has parent\nstack traceback:\n\t[string \".\\client/src/model/base/Context.lua\"]:96: in function 'pushContext'\n\t[string \".\\client/src/controller/command/LoadViewComma...\"]:263: in function 'handler'\n\t[string \".\\framework/notify/event.lua\"]:167: in function 'call_handlers'\n\t[string \".\\framework/notify/event.lua\"]:305: in function 'emit'\n\t[string \".\\view/base/BaseLayer.lua\"]:135: in function 'emit'\n\t[string \".\\view/base/BaseLayer.lua\"]:37: in function 'loadFinished'\n\t[string \".\\view/base/BaseLayer.lua\"]:31: in function <[string \".\\view/base/BaseLayer.lua\"]:30>"
    },
    {
        "logtime": "2019/05/14 14:46:25",
        "logdata": "[string \".\\client/src/model/base/Context.lua\"]:96: context already has parent\nstack traceback:\n\t[string \".\\client/src/model/base/Context.lua\"]:96: in function 'pushContext'\n\t[string \".\\client/src/controller/command/LoadViewComma...\"]:263: in function 'handler'\n\t[string \".\\framework/notify/event.lua\"]:167: in function 'call_handlers'\n\t[string \".\\framework/notify/event.lua\"]:305: in function 'emit'\n\t[string \".\\view/base/BaseLayer.lua\"]:135: in function 'emit'\n\t[string \".\\view/base/BaseLayer.lua\"]:37: in function 'loadFinished'\n\t[string \".\\view/base/BaseLayer.lua\"]:31: in function <[string \".\\view/base/BaseLayer.lua\"]:30>"
    },
    {
        "logtime": "2019/05/14 14:46:25",
        "logdata": "[string \".\\client/src/model/base/Context.lua\"]:96: context already has parent\nstack traceback:\n\t[string \".\\client/src/model/base/Context.lua\"]:96: in function 'pushContext'\n\t[string \".\\client/src/controller/command/LoadViewComma...\"]:263: in function 'handler'\n\t[string \".\\framework/notify/event.lua\"]:167: in function 'call_handlers'\n\t[string \".\\framework/notify/event.lua\"]:305: in function 'emit'\n\t[string \".\\view/base/BaseLayer.lua\"]:135: in function 'emit'\n\t[string \".\\view/base/BaseLayer.lua\"]:37: in function 'loadFinished'\n\t[string \".\\view/base/BaseLayer.lua\"]:31: in function <[string \".\\view/base/BaseLayer.lua\"]:30>"
    },
    {
        "logtime": "2019/05/14 14:46:25",
        "logdata": "[string \".\\client/src/model/base/Context.lua\"]:96: context already has parent\nstack traceback:\n\t[string \".\\client/src/model/base/Context.lua\"]:96: in function 'pushContext'\n\t[string \".\\client/src/controller/command/LoadViewComma...\"]:263: in function 'handler'\n\t[string \".\\framework/notify/event.lua\"]:167: in function 'call_handlers'\n\t[string \".\\framework/notify/event.lua\"]:305: in function 'emit'\n\t[string \".\\view/base/BaseLayer.lua\"]:135: in function 'emit'\n\t[string \".\\view/base/BaseLayer.lua\"]:37: in function 'loadFinished'\n\t[string \".\\view/base/BaseLayer.lua\"]:31: in function <[string \".\\view/base/BaseLayer.lua\"]:30>"
    },
    {
        "logtime": "2019/05/14 14:46:25",
        "logdata": "[string \".\\client/src/model/base/Context.lua\"]:96: context already has parent\nstack traceback:\n\t[string \".\\client/src/model/base/Context.lua\"]:96: in function 'pushContext'\n\t[string \".\\client/src/controller/command/LoadViewComma...\"]:263: in function 'handler'\n\t[string \".\\framework/notify/event.lua\"]:167: in function 'call_handlers'\n\t[string \".\\framework/notify/event.lua\"]:305: in function 'emit'\n\t[string \".\\view/base/BaseLayer.lua\"]:135: in function 'emit'\n\t[string \".\\view/base/BaseLayer.lua\"]:37: in function 'loadFinished'\n\t[string \".\\view/base/BaseLayer.lua\"]:31: in function <[string \".\\view/base/BaseLayer.lua\"]:30>"
    },
    {
        "logtime": "2019/05/14 14:46:25",
        "logdata": "[string \".\\client/src/model/base/Context.lua\"]:96: context already has parent\nstack traceback:\n\t[string \".\\client/src/model/base/Context.lua\"]:96: in function 'pushContext'\n\t[string \".\\client/src/controller/command/LoadViewComma...\"]:263: in function 'handler'\n\t[string \".\\framework/notify/event.lua\"]:167: in function 'call_handlers'\n\t[string \".\\framework/notify/event.lua\"]:305: in function 'emit'\n\t[string \".\\view/base/BaseLayer.lua\"]:135: in function 'emit'\n\t[string \".\\view/base/BaseLayer.lua\"]:37: in function 'loadFinished'\n\t[string \".\\view/base/BaseLayer.lua\"]:31: in function <[string \".\\view/base/BaseLayer.lua\"]:30>"
    },
    {
        "logtime": "2019/05/14 14:46:25",
        "logdata": "[string \".\\client/src/model/base/Context.lua\"]:96: context already has parent\nstack traceback:\n\t[string \".\\client/src/model/base/Context.lua\"]:96: in function 'pushContext'\n\t[string \".\\client/src/controller/command/LoadViewComma...\"]:263: in function 'handler'\n\t[string \".\\framework/notify/event.lua\"]:167: in function 'call_handlers'\n\t[string \".\\framework/notify/event.lua\"]:305: in function 'emit'\n\t[string \".\\view/base/BaseLayer.lua\"]:135: in function 'emit'\n\t[string \".\\view/base/BaseLayer.lua\"]:37: in function 'loadFinished'\n\t[string \".\\view/base/BaseLayer.lua\"]:31: in function <[string \".\\view/base/BaseLayer.lua\"]:30>"
    },
    {
        "logtime": "2019/05/14 14:46:25",
        "logdata": "[string \".\\client/src/model/base/Context.lua\"]:96: context already has parent\nstack traceback:\n\t[string \".\\client/src/model/base/Context.lua\"]:96: in function 'pushContext'\n\t[string \".\\client/src/controller/command/LoadViewComma...\"]:263: in function 'handler'\n\t[string \".\\framework/notify/event.lua\"]:167: in function 'call_handlers'\n\t[string \".\\framework/notify/event.lua\"]:305: in function 'emit'\n\t[string \".\\view/base/BaseLayer.lua\"]:135: in function 'emit'\n\t[string \".\\view/base/BaseLayer.lua\"]:37: in function 'loadFinished'\n\t[string \".\\view/base/BaseLayer.lua\"]:31: in function <[string \".\\view/base/BaseLayer.lua\"]:30>"
    },
    {
        "logtime": "2019/05/14 14:46:25",
        "logdata": "[string \".\\client/src/model/base/Context.lua\"]:96: context already has parent\nstack traceback:\n\t[string \".\\client/src/model/base/Context.lua\"]:96: in function 'pushContext'\n\t[string \".\\client/src/controller/command/LoadViewComma...\"]:263: in function 'handler'\n\t[string \".\\framework/notify/event.lua\"]:167: in function 'call_handlers'\n\t[string \".\\framework/notify/event.lua\"]:305: in function 'emit'\n\t[string \".\\view/base/BaseLayer.lua\"]:135: in function 'emit'\n\t[string \".\\view/base/BaseLayer.lua\"]:37: in function 'loadFinished'\n\t[string \".\\view/base/BaseLayer.lua\"]:31: in function <[string \".\\view/base/BaseLayer.lua\"]:30>"
    },
    {
        "logtime": "2019/05/14 14:46:25",
        "logdata": "[string \".\\client/src/model/base/Context.lua\"]:96: context already has parent\nstack traceback:\n\t[string \".\\client/src/model/base/Context.lua\"]:96: in function 'pushContext'\n\t[string \".\\client/src/controller/command/LoadViewComma...\"]:263: in function 'handler'\n\t[string \".\\framework/notify/event.lua\"]:167: in function 'call_handlers'\n\t[string \".\\framework/notify/event.lua\"]:305: in function 'emit'\n\t[string \".\\view/base/BaseLayer.lua\"]:135: in function 'emit'\n\t[string \".\\view/base/BaseLayer.lua\"]:37: in function 'loadFinished'\n\t[string \".\\view/base/BaseLayer.lua\"]:31: in function <[string \".\\view/base/BaseLayer.lua\"]:30>"
    },
    {
        "logtime": "2019/05/14 14:46:25",
        "logdata": "[string \".\\client/src/model/base/Context.lua\"]:96: context already has parent\nstack traceback:\n\t[string \".\\client/src/model/base/Context.lua\"]:96: in function 'pushContext'\n\t[string \".\\client/src/controller/command/LoadViewComma...\"]:263: in function 'handler'\n\t[string \".\\framework/notify/event.lua\"]:167: in function 'call_handlers'\n\t[string \".\\framework/notify/event.lua\"]:305: in function 'emit'\n\t[string \".\\view/base/BaseLayer.lua\"]:135: in function 'emit'\n\t[string \".\\view/base/BaseLayer.lua\"]:37: in function 'loadFinished'\n\t[string \".\\view/base/BaseLayer.lua\"]:31: in function <[string \".\\view/base/BaseLayer.lua\"]:30>"
    },
    {
        "logtime": "2019/05/14 14:46:25",
        "logdata": "[string \".\\client/src/model/base/Context.lua\"]:96: context already has parent\nstack traceback:\n\t[string \".\\client/src/model/base/Context.lua\"]:96: in function 'pushContext'\n\t[string \".\\client/src/controller/command/LoadViewComma...\"]:263: in function 'handler'\n\t[string \".\\framework/notify/event.lua\"]:167: in function 'call_handlers'\n\t[string \".\\framework/notify/event.lua\"]:305: in function 'emit'\n\t[string \".\\view/base/BaseLayer.lua\"]:135: in function 'emit'\n\t[string \".\\view/base/BaseLayer.lua\"]:37: in function 'loadFinished'\n\t[string \".\\view/base/BaseLayer.lua\"]:31: in function <[string \".\\view/base/BaseLayer.lua\"]:30>"
    },
    {
        "logtime": "2019/05/14 14:46:25",
        "logdata": "[string \".\\client/src/model/base/Context.lua\"]:96: context already has parent\nstack traceback:\n\t[string \".\\client/src/model/base/Context.lua\"]:96: in function 'pushContext'\n\t[string \".\\client/src/controller/command/LoadViewComma...\"]:263: in function 'handler'\n\t[string \".\\framework/notify/event.lua\"]:167: in function 'call_handlers'\n\t[string \".\\framework/notify/event.lua\"]:305: in function 'emit'\n\t[string \".\\view/base/BaseLayer.lua\"]:135: in function 'emit'\n\t[string \".\\view/base/BaseLayer.lua\"]:37: in function 'loadFinished'\n\t[string \".\\view/base/BaseLayer.lua\"]:31: in function <[string \".\\view/base/BaseLayer.lua\"]:30>"
    },
    {
        "logtime": "2019/05/14 14:46:25",
        "logdata": "[string \".\\client/src/model/base/Context.lua\"]:96: context already has parent\nstack traceback:\n\t[string \".\\client/src/model/base/Context.lua\"]:96: in function 'pushContext'\n\t[string \".\\client/src/controller/command/LoadViewComma...\"]:263: in function 'handler'\n\t[string \".\\framework/notify/event.lua\"]:167: in function 'call_handlers'\n\t[string \".\\framework/notify/event.lua\"]:305: in function 'emit'\n\t[string \".\\view/base/BaseLayer.lua\"]:135: in function 'emit'\n\t[string \".\\view/base/BaseLayer.lua\"]:37: in function 'loadFinished'\n\t[string \".\\view/base/BaseLayer.lua\"]:31: in function <[string \".\\view/base/BaseLayer.lua\"]:30>"
    },
    {
        "logtime": "2019/05/14 14:46:25",
        "logdata": "[string \".\\client/src/model/base/Context.lua\"]:96: context already has parent\nstack traceback:\n\t[string \".\\client/src/model/base/Context.lua\"]:96: in function 'pushContext'\n\t[string \".\\client/src/controller/command/LoadViewComma...\"]:263: in function 'handler'\n\t[string \".\\framework/notify/event.lua\"]:167: in function 'call_handlers'\n\t[string \".\\framework/notify/event.lua\"]:305: in function 'emit'\n\t[string \".\\view/base/BaseLayer.lua\"]:135: in function 'emit'\n\t[string \".\\view/base/BaseLayer.lua\"]:37: in function 'loadFinished'\n\t[string \".\\view/base/BaseLayer.lua\"]:31: in function <[string \".\\view/base/BaseLayer.lua\"]:30>"
    },
    {
        "logtime": "2019/05/14 14:46:25",
        "logdata": "[string \".\\client/src/model/base/Context.lua\"]:96: context already has parent\nstack traceback:\n\t[string \".\\client/src/model/base/Context.lua\"]:96: in function 'pushContext'\n\t[string \".\\client/src/controller/command/LoadViewComma...\"]:263: in function 'handler'\n\t[string \".\\framework/notify/event.lua\"]:167: in function 'call_handlers'\n\t[string \".\\framework/notify/event.lua\"]:305: in function 'emit'\n\t[string \".\\view/base/BaseLayer.lua\"]:135: in function 'emit'\n\t[string \".\\view/base/BaseLayer.lua\"]:37: in function 'loadFinished'\n\t[string \".\\view/base/BaseLayer.lua\"]:31: in function <[string \".\\view/base/BaseLayer.lua\"]:30>"
    },
    {
        "logtime": "2019/05/14 14:46:25",
        "logdata": "[string \".\\client/src/model/base/Context.lua\"]:96: context already has parent\nstack traceback:\n\t[string \".\\client/src/model/base/Context.lua\"]:96: in function 'pushContext'\n\t[string \".\\client/src/controller/command/LoadViewComma...\"]:263: in function 'handler'\n\t[string \".\\framework/notify/event.lua\"]:167: in function 'call_handlers'\n\t[string \".\\framework/notify/event.lua\"]:305: in function 'emit'\n\t[string \".\\view/base/BaseLayer.lua\"]:135: in function 'emit'\n\t[string \".\\view/base/BaseLayer.lua\"]:37: in function 'loadFinished'\n\t[string \".\\view/base/BaseLayer.lua\"]:31: in function <[string \".\\view/base/BaseLayer.lua\"]:30>"
    },
    {
        "logtime": "2019/05/14 14:46:25",
        "logdata": "[string \".\\client/src/model/base/Context.lua\"]:96: context already has parent\nstack traceback:\n\t[string \".\\client/src/model/base/Context.lua\"]:96: in function 'pushContext'\n\t[string \".\\client/src/controller/command/LoadViewComma...\"]:263: in function 'handler'\n\t[string \".\\framework/notify/event.lua\"]:167: in function 'call_handlers'\n\t[string \".\\framework/notify/event.lua\"]:305: in function 'emit'\n\t[string \".\\view/base/BaseLayer.lua\"]:135: in function 'emit'\n\t[string \".\\view/base/BaseLayer.lua\"]:37: in function 'loadFinished'\n\t[string \".\\view/base/BaseLayer.lua\"]:31: in function <[string \".\\view/base/BaseLayer.lua\"]:30>"
    },
    {
        "logtime": "2019/05/14 14:46:25",
        "logdata": "[string \".\\client/src/model/base/Context.lua\"]:96: context already has parent\nstack traceback:\n\t[string \".\\client/src/model/base/Context.lua\"]:96: in function 'pushContext'\n\t[string \".\\client/src/controller/command/LoadViewComma...\"]:263: in function 'handler'\n\t[string \".\\framework/notify/event.lua\"]:167: in function 'call_handlers'\n\t[string \".\\framework/notify/event.lua\"]:305: in function 'emit'\n\t[string \".\\view/base/BaseLayer.lua\"]:135: in function 'emit'\n\t[string \".\\view/base/BaseLayer.lua\"]:37: in function 'loadFinished'\n\t[string \".\\view/base/BaseLayer.lua\"]:31: in function <[string \".\\view/base/BaseLayer.lua\"]:30>"
    },
    {
        "logtime": "2019/05/14 14:46:25",
        "logdata": "[string \".\\client/src/model/base/Context.lua\"]:96: context already has parent\nstack traceback:\n\t[string \".\\client/src/model/base/Context.lua\"]:96: in function 'pushContext'\n\t[string \".\\client/src/controller/command/LoadViewComma...\"]:263: in function 'handler'\n\t[string \".\\framework/notify/event.lua\"]:167: in function 'call_handlers'\n\t[string \".\\framework/notify/event.lua\"]:305: in function 'emit'\n\t[string \".\\view/base/BaseLayer.lua\"]:135: in function 'emit'\n\t[string \".\\view/base/BaseLayer.lua\"]:37: in function 'loadFinished'\n\t[string \".\\view/base/BaseLayer.lua\"]:31: in function <[string \".\\view/base/BaseLayer.lua\"]:30>"
    },
    {
        "logtime": "2019/05/14 14:46:25",
        "logdata": "[string \".\\client/src/model/base/Context.lua\"]:96: context already has parent\nstack traceback:\n\t[string \".\\client/src/model/base/Context.lua\"]:96: in function 'pushContext'\n\t[string \".\\client/src/controller/command/LoadViewComma...\"]:263: in function 'handler'\n\t[string \".\\framework/notify/event.lua\"]:167: in function 'call_handlers'\n\t[string \".\\framework/notify/event.lua\"]:305: in function 'emit'\n\t[string \".\\view/base/BaseLayer.lua\"]:135: in function 'emit'\n\t[string \".\\view/base/BaseLayer.lua\"]:37: in function 'loadFinished'\n\t[string \".\\view/base/BaseLayer.lua\"]:31: in function <[string \".\\view/base/BaseLayer.lua\"]:30>"
    },
    {
        "logtime": "2019/05/14 14:46:25",
        "logdata": "[string \".\\client/src/model/base/Context.lua\"]:96: context already has parent\nstack traceback:\n\t[string \".\\client/src/model/base/Context.lua\"]:96: in function 'pushContext'\n\t[string \".\\client/src/controller/command/LoadViewComma...\"]:263: in function 'handler'\n\t[string \".\\framework/notify/event.lua\"]:167: in function 'call_handlers'\n\t[string \".\\framework/notify/event.lua\"]:305: in function 'emit'\n\t[string \".\\view/base/BaseLayer.lua\"]:135: in function 'emit'\n\t[string \".\\view/base/BaseLayer.lua\"]:37: in function 'loadFinished'\n\t[string \".\\view/base/BaseLayer.lua\"]:31: in function <[string \".\\view/base/BaseLayer.lua\"]:30>"
    },
    {
        "logtime": "2019/05/14 14:46:25",
        "logdata": "[string \".\\client/src/model/base/Context.lua\"]:96: context already has parent\nstack traceback:\n\t[string \".\\client/src/model/base/Context.lua\"]:96: in function 'pushContext'\n\t[string \".\\client/src/controller/command/LoadViewComma...\"]:263: in function 'handler'\n\t[string \".\\framework/notify/event.lua\"]:167: in function 'call_handlers'\n\t[string \".\\framework/notify/event.lua\"]:305: in function 'emit'\n\t[string \".\\view/base/BaseLayer.lua\"]:135: in function 'emit'\n\t[string \".\\view/base/BaseLayer.lua\"]:37: in function 'loadFinished'\n\t[string \".\\view/base/BaseLayer.lua\"]:31: in function <[string \".\\view/base/BaseLayer.lua\"]:30>"
    },
    {
        "logtime": "2019/05/14 14:46:25",
        "logdata": "[string \".\\client/src/model/base/Context.lua\"]:96: context already has parent\nstack traceback:\n\t[string \".\\client/src/model/base/Context.lua\"]:96: in function 'pushContext'\n\t[string \".\\client/src/controller/command/LoadViewComma...\"]:263: in function 'handler'\n\t[string \".\\framework/notify/event.lua\"]:167: in function 'call_handlers'\n\t[string \".\\framework/notify/event.lua\"]:305: in function 'emit'\n\t[string \".\\view/base/BaseLayer.lua\"]:135: in function 'emit'\n\t[string \".\\view/base/BaseLayer.lua\"]:37: in function 'loadFinished'\n\t[string \".\\view/base/BaseLayer.lua\"]:31: in function <[string \".\\view/base/BaseLayer.lua\"]:30>"
    },
    {
        "logtime": "2019/05/14 14:46:25",
        "logdata": "[string \".\\client/src/model/base/Context.lua\"]:96: context already has parent\nstack traceback:\n\t[string \".\\client/src/model/base/Context.lua\"]:96: in function 'pushContext'\n\t[string \".\\client/src/controller/command/LoadViewComma...\"]:263: in function 'handler'\n\t[string \".\\framework/notify/event.lua\"]:167: in function 'call_handlers'\n\t[string \".\\framework/notify/event.lua\"]:305: in function 'emit'\n\t[string \".\\view/base/BaseLayer.lua\"]:135: in function 'emit'\n\t[string \".\\view/base/BaseLayer.lua\"]:37: in function 'loadFinished'\n\t[string \".\\view/base/BaseLayer.lua\"]:31: in function <[string \".\\view/base/BaseLayer.lua\"]:30>"
    },
    {
        "logtime": "2019/05/14 14:46:25",
        "logdata": "[string \".\\client/src/model/base/Context.lua\"]:96: context already has parent\nstack traceback:\n\t[string \".\\client/src/model/base/Context.lua\"]:96: in function 'pushContext'\n\t[string \".\\client/src/controller/command/LoadViewComma...\"]:263: in function 'handler'\n\t[string \".\\framework/notify/event.lua\"]:167: in function 'call_handlers'\n\t[string \".\\framework/notify/event.lua\"]:305: in function 'emit'\n\t[string \".\\view/base/BaseLayer.lua\"]:135: in function 'emit'\n\t[string \".\\view/base/BaseLayer.lua\"]:37: in function 'loadFinished'\n\t[string \".\\view/base/BaseLayer.lua\"]:31: in function <[string \".\\view/base/BaseLayer.lua\"]:30>"
    },
    {
        "logtime": "2019/05/14 14:46:25",
        "logdata": "[string \".\\client/src/model/base/Context.lua\"]:96: context already has parent\nstack traceback:\n\t[string \".\\client/src/model/base/Context.lua\"]:96: in function 'pushContext'\n\t[string \".\\client/src/controller/command/LoadViewComma...\"]:263: in function 'handler'\n\t[string \".\\framework/notify/event.lua\"]:167: in function 'call_handlers'\n\t[string \".\\framework/notify/event.lua\"]:305: in function 'emit'\n\t[string \".\\view/base/BaseLayer.lua\"]:135: in function 'emit'\n\t[string \".\\view/base/BaseLayer.lua\"]:37: in function 'loadFinished'\n\t[string \".\\view/base/BaseLayer.lua\"]:31: in function <[string \".\\view/base/BaseLayer.lua\"]:30>"
    },
    {
        "logtime": "2019/05/14 14:46:25",
        "logdata": "[string \".\\client/src/model/base/Context.lua\"]:96: context already has parent\nstack traceback:\n\t[string \".\\client/src/model/base/Context.lua\"]:96: in function 'pushContext'\n\t[string \".\\client/src/controller/command/LoadViewComma...\"]:263: in function 'handler'\n\t[string \".\\framework/notify/event.lua\"]:167: in function 'call_handlers'\n\t[string \".\\framework/notify/event.lua\"]:305: in function 'emit'\n\t[string \".\\view/base/BaseLayer.lua\"]:135: in function 'emit'\n\t[string \".\\view/base/BaseLayer.lua\"]:37: in function 'loadFinished'\n\t[string \".\\view/base/BaseLayer.lua\"]:31: in function <[string \".\\view/base/BaseLayer.lua\"]:30>"
    },
    {
        "logtime": "2019/05/14 14:46:25",
        "logdata": "[string \".\\client/src/model/base/Context.lua\"]:96: context already has parent\nstack traceback:\n\t[string \".\\client/src/model/base/Context.lua\"]:96: in function 'pushContext'\n\t[string \".\\client/src/controller/command/LoadViewComma...\"]:263: in function 'handler'\n\t[string \".\\framework/notify/event.lua\"]:167: in function 'call_handlers'\n\t[string \".\\framework/notify/event.lua\"]:305: in function 'emit'\n\t[string \".\\view/base/BaseLayer.lua\"]:135: in function 'emit'\n\t[string \".\\view/base/BaseLayer.lua\"]:37: in function 'loadFinished'\n\t[string \".\\view/base/BaseLayer.lua\"]:31: in function <[string \".\\view/base/BaseLayer.lua\"]:30>"
    },
    {
        "logtime": "2019/05/14 14:46:25",
        "logdata": "[string \".\\client/src/model/base/Context.lua\"]:96: context already has parent\nstack traceback:\n\t[string \".\\client/src/model/base/Context.lua\"]:96: in function 'pushContext'\n\t[string \".\\client/src/controller/command/LoadViewComma...\"]:263: in function 'handler'\n\t[string \".\\framework/notify/event.lua\"]:167: in function 'call_handlers'\n\t[string \".\\framework/notify/event.lua\"]:305: in function 'emit'\n\t[string \".\\view/base/BaseLayer.lua\"]:135: in function 'emit'\n\t[string \".\\view/base/BaseLayer.lua\"]:37: in function 'loadFinished'\n\t[string \".\\view/base/BaseLayer.lua\"]:31: in function <[string \".\\view/base/BaseLayer.lua\"]:30>"
    },
    {
        "logtime": "2019/05/14 14:46:25",
        "logdata": "[string \".\\client/src/model/base/Context.lua\"]:96: context already has parent\nstack traceback:\n\t[string \".\\client/src/model/base/Context.lua\"]:96: in function 'pushContext'\n\t[string \".\\client/src/controller/command/LoadViewComma...\"]:263: in function 'handler'\n\t[string \".\\framework/notify/event.lua\"]:167: in function 'call_handlers'\n\t[string \".\\framework/notify/event.lua\"]:305: in function 'emit'\n\t[string \".\\view/base/BaseLayer.lua\"]:135: in function 'emit'\n\t[string \".\\view/base/BaseLayer.lua\"]:37: in function 'loadFinished'\n\t[string \".\\view/base/BaseLayer.lua\"]:31: in function <[string \".\\view/base/BaseLayer.lua\"]:30>"
    },
    {
        "logtime": "2019/05/14 14:46:26",
        "logdata": "[string \".\\client/src/model/base/Context.lua\"]:96: context already has parent\nstack traceback:\n\t[string \".\\client/src/model/base/Context.lua\"]:96: in function 'pushContext'\n\t[string \".\\client/src/controller/command/LoadViewComma...\"]:263: in function 'handler'\n\t[string \".\\framework/notify/event.lua\"]:167: in function 'call_handlers'\n\t[string \".\\framework/notify/event.lua\"]:305: in function 'emit'\n\t[string \".\\view/base/BaseLayer.lua\"]:135: in function 'emit'\n\t[string \".\\view/base/BaseLayer.lua\"]:37: in function 'loadFinished'\n\t[string \".\\view/base/BaseLayer.lua\"]:31: in function <[string \".\\view/base/BaseLayer.lua\"]:30>"
    },
    {
        "logtime": "2019/05/14 14:46:26",
        "logdata": "[string \".\\client/src/model/base/Context.lua\"]:96: context already has parent\nstack traceback:\n\t[string \".\\client/src/model/base/Context.lua\"]:96: in function 'pushContext'\n\t[string \".\\client/src/controller/command/LoadViewComma...\"]:263: in function 'handler'\n\t[string \".\\framework/notify/event.lua\"]:167: in function 'call_handlers'\n\t[string \".\\framework/notify/event.lua\"]:305: in function 'emit'\n\t[string \".\\view/base/BaseLayer.lua\"]:135: in function 'emit'\n\t[string \".\\view/base/BaseLayer.lua\"]:37: in function 'loadFinished'\n\t[string \".\\view/base/BaseLayer.lua\"]:31: in function <[string \".\\view/base/BaseLayer.lua\"]:30>"
    },
    {
        "logtime": "2019/05/14 14:46:26",
        "logdata": "[string \".\\client/src/model/base/Context.lua\"]:96: context already has parent\nstack traceback:\n\t[string \".\\client/src/model/base/Context.lua\"]:96: in function 'pushContext'\n\t[string \".\\client/src/controller/command/LoadViewComma...\"]:263: in function 'handler'\n\t[string \".\\framework/notify/event.lua\"]:167: in function 'call_handlers'\n\t[string \".\\framework/notify/event.lua\"]:305: in function 'emit'\n\t[string \".\\view/base/BaseLayer.lua\"]:135: in function 'emit'\n\t[string \".\\view/base/BaseLayer.lua\"]:37: in function 'loadFinished'\n\t[string \".\\view/base/BaseLayer.lua\"]:31: in function <[string \".\\view/base/BaseLayer.lua\"]:30>"
    },
    {
        "logtime": "2019/05/14 14:46:26",
        "logdata": "[string \".\\client/src/model/base/Context.lua\"]:96: context already has parent\nstack traceback:\n\t[string \".\\client/src/model/base/Context.lua\"]:96: in function 'pushContext'\n\t[string \".\\client/src/controller/command/LoadViewComma...\"]:263: in function 'handler'\n\t[string \".\\framework/notify/event.lua\"]:167: in function 'call_handlers'\n\t[string \".\\framework/notify/event.lua\"]:305: in function 'emit'\n\t[string \".\\view/base/BaseLayer.lua\"]:135: in function 'emit'\n\t[string \".\\view/base/BaseLayer.lua\"]:37: in function 'loadFinished'\n\t[string \".\\view/base/BaseLayer.lua\"]:31: in function <[string \".\\view/base/BaseLayer.lua\"]:30>"
    },
    {
        "logtime": "2019/05/14 14:46:26",
        "logdata": "[string \".\\client/src/model/base/Context.lua\"]:96: context already has parent\nstack traceback:\n\t[string \".\\client/src/model/base/Context.lua\"]:96: in function 'pushContext'\n\t[string \".\\client/src/controller/command/LoadViewComma...\"]:263: in function 'handler'\n\t[string \".\\framework/notify/event.lua\"]:167: in function 'call_handlers'\n\t[string \".\\framework/notify/event.lua\"]:305: in function 'emit'\n\t[string \".\\view/base/BaseLayer.lua\"]:135: in function 'emit'\n\t[string \".\\view/base/BaseLayer.lua\"]:37: in function 'loadFinished'\n\t[string \".\\view/base/BaseLayer.lua\"]:31: in function <[string \".\\view/base/BaseLayer.lua\"]:30>"
    },
    {
        "logtime": "2019/05/14 14:46:26",
        "logdata": "[string \".\\client/src/model/base/Context.lua\"]:96: context already has parent\nstack traceback:\n\t[string \".\\client/src/model/base/Context.lua\"]:96: in function 'pushContext'\n\t[string \".\\client/src/controller/command/LoadViewComma...\"]:263: in function 'handler'\n\t[string \".\\framework/notify/event.lua\"]:167: in function 'call_handlers'\n\t[string \".\\framework/notify/event.lua\"]:305: in function 'emit'\n\t[string \".\\view/base/BaseLayer.lua\"]:135: in function 'emit'\n\t[string \".\\view/base/BaseLayer.lua\"]:37: in function 'loadFinished'\n\t[string \".\\view/base/BaseLayer.lua\"]:31: in function <[string \".\\view/base/BaseLayer.lua\"]:30>"
    },
    {
        "logtime": "2019/05/14 14:46:26",
        "logdata": "[string \".\\client/src/model/base/Context.lua\"]:96: context already has parent\nstack traceback:\n\t[string \".\\client/src/model/base/Context.lua\"]:96: in function 'pushContext'\n\t[string \".\\client/src/controller/command/LoadViewComma...\"]:263: in function 'handler'\n\t[string \".\\framework/notify/event.lua\"]:167: in function 'call_handlers'\n\t[string \".\\framework/notify/event.lua\"]:305: in function 'emit'\n\t[string \".\\view/base/BaseLayer.lua\"]:135: in function 'emit'\n\t[string \".\\view/base/BaseLayer.lua\"]:37: in function 'loadFinished'\n\t[string \".\\view/base/BaseLayer.lua\"]:31: in function <[string \".\\view/base/BaseLayer.lua\"]:30>"
    },
    {
        "logtime": "2019/05/14 14:46:26",
        "logdata": "[string \".\\client/src/model/base/Context.lua\"]:96: context already has parent\nstack traceback:\n\t[string \".\\client/src/model/base/Context.lua\"]:96: in function 'pushContext'\n\t[string \".\\client/src/controller/command/LoadViewComma...\"]:263: in function 'handler'\n\t[string \".\\framework/notify/event.lua\"]:167: in function 'call_handlers'\n\t[string \".\\framework/notify/event.lua\"]:305: in function 'emit'\n\t[string \".\\view/base/BaseLayer.lua\"]:135: in function 'emit'\n\t[string \".\\view/base/BaseLayer.lua\"]:37: in function 'loadFinished'\n\t[string \".\\view/base/BaseLayer.lua\"]:31: in function <[string \".\\view/base/BaseLayer.lua\"]:30>"
    },
    {
        "logtime": "2019/05/14 14:46:26",
        "logdata": "[string \".\\client/src/model/base/Context.lua\"]:96: context already has parent\nstack traceback:\n\t[string \".\\client/src/model/base/Context.lua\"]:96: in function 'pushContext'\n\t[string \".\\client/src/controller/command/LoadViewComma...\"]:263: in function 'handler'\n\t[string \".\\framework/notify/event.lua\"]:167: in function 'call_handlers'\n\t[string \".\\framework/notify/event.lua\"]:305: in function 'emit'\n\t[string \".\\view/base/BaseLayer.lua\"]:135: in function 'emit'\n\t[string \".\\view/base/BaseLayer.lua\"]:37: in function 'loadFinished'\n\t[string \".\\view/base/BaseLayer.lua\"]:31: in function <[string \".\\view/base/BaseLayer.lua\"]:30>"
    },
    {
        "logtime": "2019/05/14 14:46:26",
        "logdata": "[string \".\\client/src/model/base/Context.lua\"]:96: context already has parent\nstack traceback:\n\t[string \".\\client/src/model/base/Context.lua\"]:96: in function 'pushContext'\n\t[string \".\\client/src/controller/command/LoadViewComma...\"]:263: in function 'handler'\n\t[string \".\\framework/notify/event.lua\"]:167: in function 'call_handlers'\n\t[string \".\\framework/notify/event.lua\"]:305: in function 'emit'\n\t[string \".\\view/base/BaseLayer.lua\"]:135: in function 'emit'\n\t[string \".\\view/base/BaseLayer.lua\"]:37: in function 'loadFinished'\n\t[string \".\\view/base/BaseLayer.lua\"]:31: in function <[string \".\\view/base/BaseLayer.lua\"]:30>"
    },
    {
        "logtime": "2019/05/14 14:46:26",
        "logdata": "[string \".\\client/src/model/base/Context.lua\"]:96: context already has parent\nstack traceback:\n\t[string \".\\client/src/model/base/Context.lua\"]:96: in function 'pushContext'\n\t[string \".\\client/src/controller/command/LoadViewComma...\"]:263: in function 'handler'\n\t[string \".\\framework/notify/event.lua\"]:167: in function 'call_handlers'\n\t[string \".\\framework/notify/event.lua\"]:305: in function 'emit'\n\t[string \".\\view/base/BaseLayer.lua\"]:135: in function 'emit'\n\t[string \".\\view/base/BaseLayer.lua\"]:37: in function 'loadFinished'\n\t[string \".\\view/base/BaseLayer.lua\"]:31: in function <[string \".\\view/base/BaseLayer.lua\"]:30>"
    },
    {
        "logtime": "2019/05/14 14:46:26",
        "logdata": "[string \".\\client/src/model/base/Context.lua\"]:96: context already has parent\nstack traceback:\n\t[string \".\\client/src/model/base/Context.lua\"]:96: in function 'pushContext'\n\t[string \".\\client/src/controller/command/LoadViewComma...\"]:263: in function 'handler'\n\t[string \".\\framework/notify/event.lua\"]:167: in function 'call_handlers'\n\t[string \".\\framework/notify/event.lua\"]:305: in function 'emit'\n\t[string \".\\view/base/BaseLayer.lua\"]:135: in function 'emit'\n\t[string \".\\view/base/BaseLayer.lua\"]:37: in function 'loadFinished'\n\t[string \".\\view/base/BaseLayer.lua\"]:31: in function <[string \".\\view/base/BaseLayer.lua\"]:30>"
    },
    {
        "logtime": "2019/05/14 14:46:26",
        "logdata": "[string \".\\client/src/model/base/Context.lua\"]:96: context already has parent\nstack traceback:\n\t[string \".\\client/src/model/base/Context.lua\"]:96: in function 'pushContext'\n\t[string \".\\client/src/controller/command/LoadViewComma...\"]:263: in function 'handler'\n\t[string \".\\framework/notify/event.lua\"]:167: in function 'call_handlers'\n\t[string \".\\framework/notify/event.lua\"]:305: in function 'emit'\n\t[string \".\\view/base/BaseLayer.lua\"]:135: in function 'emit'\n\t[string \".\\view/base/BaseLayer.lua\"]:37: in function 'loadFinished'\n\t[string \".\\view/base/BaseLayer.lua\"]:31: in function <[string \".\\view/base/BaseLayer.lua\"]:30>"
    },
    {
        "logtime": "2019/05/14 14:46:26",
        "logdata": "[string \".\\client/src/model/base/Context.lua\"]:96: context already has parent\nstack traceback:\n\t[string \".\\client/src/model/base/Context.lua\"]:96: in function 'pushContext'\n\t[string \".\\client/src/controller/command/LoadViewComma...\"]:263: in function 'handler'\n\t[string \".\\framework/notify/event.lua\"]:167: in function 'call_handlers'\n\t[string \".\\framework/notify/event.lua\"]:305: in function 'emit'\n\t[string \".\\view/base/BaseLayer.lua\"]:135: in function 'emit'\n\t[string \".\\view/base/BaseLayer.lua\"]:37: in function 'loadFinished'\n\t[string \".\\view/base/BaseLayer.lua\"]:31: in function <[string \".\\view/base/BaseLayer.lua\"]:30>"
    },
    {
        "logtime": "2019/05/14 14:46:26",
        "logdata": "[string \".\\client/src/model/base/Context.lua\"]:96: context already has parent\nstack traceback:\n\t[string \".\\client/src/model/base/Context.lua\"]:96: in function 'pushContext'\n\t[string \".\\client/src/controller/command/LoadViewComma...\"]:263: in function 'handler'\n\t[string \".\\framework/notify/event.lua\"]:167: in function 'call_handlers'\n\t[string \".\\framework/notify/event.lua\"]:305: in function 'emit'\n\t[string \".\\view/base/BaseLayer.lua\"]:135: in function 'emit'\n\t[string \".\\view/base/BaseLayer.lua\"]:37: in function 'loadFinished'\n\t[string \".\\view/base/BaseLayer.lua\"]:31: in function <[string \".\\view/base/BaseLayer.lua\"]:30>"
    },
    {
        "logtime": "2019/05/14 14:46:26",
        "logdata": "[string \".\\client/src/model/base/Context.lua\"]:96: context already has parent\nstack traceback:\n\t[string \".\\client/src/model/base/Context.lua\"]:96: in function 'pushContext'\n\t[string \".\\client/src/controller/command/LoadViewComma...\"]:263: in function 'handler'\n\t[string \".\\framework/notify/event.lua\"]:167: in function 'call_handlers'\n\t[string \".\\framework/notify/event.lua\"]:305: in function 'emit'\n\t[string \".\\view/base/BaseLayer.lua\"]:135: in function 'emit'\n\t[string \".\\view/base/BaseLayer.lua\"]:37: in function 'loadFinished'\n\t[string \".\\view/base/BaseLayer.lua\"]:31: in function <[string \".\\view/base/BaseLayer.lua\"]:30>"
    },
    {
        "logtime": "2019/05/14 14:46:26",
        "logdata": "[string \".\\client/src/model/base/Context.lua\"]:96: context already has parent\nstack traceback:\n\t[string \".\\client/src/model/base/Context.lua\"]:96: in function 'pushContext'\n\t[string \".\\client/src/controller/command/LoadViewComma...\"]:263: in function 'handler'\n\t[string \".\\framework/notify/event.lua\"]:167: in function 'call_handlers'\n\t[string \".\\framework/notify/event.lua\"]:305: in function 'emit'\n\t[string \".\\view/base/BaseLayer.lua\"]:135: in function 'emit'\n\t[string \".\\view/base/BaseLayer.lua\"]:37: in function 'loadFinished'\n\t[string \".\\view/base/BaseLayer.lua\"]:31: in function <[string \".\\view/base/BaseLayer.lua\"]:30>"
    },
    {
        "logtime": "2019/05/14 14:46:26",
        "logdata": "[string \".\\client/src/model/base/Context.lua\"]:96: context already has parent\nstack traceback:\n\t[string \".\\client/src/model/base/Context.lua\"]:96: in function 'pushContext'\n\t[string \".\\client/src/controller/command/LoadViewComma...\"]:263: in function 'handler'\n\t[string \".\\framework/notify/event.lua\"]:167: in function 'call_handlers'\n\t[string \".\\framework/notify/event.lua\"]:305: in function 'emit'\n\t[string \".\\view/base/BaseLayer.lua\"]:135: in function 'emit'\n\t[string \".\\view/base/BaseLayer.lua\"]:37: in function 'loadFinished'\n\t[string \".\\view/base/BaseLayer.lua\"]:31: in function <[string \".\\view/base/BaseLayer.lua\"]:30>"
    },
    {
        "logtime": "2019/05/14 14:46:26",
        "logdata": "[string \".\\client/src/model/base/Context.lua\"]:96: context already has parent\nstack traceback:\n\t[string \".\\client/src/model/base/Context.lua\"]:96: in function 'pushContext'\n\t[string \".\\client/src/controller/command/LoadViewComma...\"]:263: in function 'handler'\n\t[string \".\\framework/notify/event.lua\"]:167: in function 'call_handlers'\n\t[string \".\\framework/notify/event.lua\"]:305: in function 'emit'\n\t[string \".\\view/base/BaseLayer.lua\"]:135: in function 'emit'\n\t[string \".\\view/base/BaseLayer.lua\"]:37: in function 'loadFinished'\n\t[string \".\\view/base/BaseLayer.lua\"]:31: in function <[string \".\\view/base/BaseLayer.lua\"]:30>"
    },
    {
        "logtime": "2019/05/14 14:46:26",
        "logdata": "[string \".\\client/src/model/base/Context.lua\"]:96: context already has parent\nstack traceback:\n\t[string \".\\client/src/model/base/Context.lua\"]:96: in function 'pushContext'\n\t[string \".\\client/src/controller/command/LoadViewComma...\"]:263: in function 'handler'\n\t[string \".\\framework/notify/event.lua\"]:167: in function 'call_handlers'\n\t[string \".\\framework/notify/event.lua\"]:305: in function 'emit'\n\t[string \".\\view/base/BaseLayer.lua\"]:135: in function 'emit'\n\t[string \".\\view/base/BaseLayer.lua\"]:37: in function 'loadFinished'\n\t[string \".\\view/base/BaseLayer.lua\"]:31: in function <[string \".\\view/base/BaseLayer.lua\"]:30>"
    },
    {
        "logtime": "2019/05/14 14:46:26",
        "logdata": "[string \".\\client/src/model/base/Context.lua\"]:96: context already has parent\nstack traceback:\n\t[string \".\\client/src/model/base/Context.lua\"]:96: in function 'pushContext'\n\t[string \".\\client/src/controller/command/LoadViewComma...\"]:263: in function 'handler'\n\t[string \".\\framework/notify/event.lua\"]:167: in function 'call_handlers'\n\t[string \".\\framework/notify/event.lua\"]:305: in function 'emit'\n\t[string \".\\view/base/BaseLayer.lua\"]:135: in function 'emit'\n\t[string \".\\view/base/BaseLayer.lua\"]:37: in function 'loadFinished'\n\t[string \".\\view/base/BaseLayer.lua\"]:31: in function <[string \".\\view/base/BaseLayer.lua\"]:30>"
    },
    {
        "logtime": "2019/05/14 14:46:27",
        "logdata": "[string \".\\client/src/model/base/Context.lua\"]:96: context already has parent\nstack traceback:\n\t[string \".\\client/src/model/base/Context.lua\"]:96: in function 'pushContext'\n\t[string \".\\client/src/controller/command/LoadViewComma...\"]:263: in function 'handler'\n\t[string \".\\framework/notify/event.lua\"]:167: in function 'call_handlers'\n\t[string \".\\framework/notify/event.lua\"]:305: in function 'emit'\n\t[string \".\\view/base/BaseLayer.lua\"]:135: in function 'emit'\n\t[string \".\\view/base/BaseLayer.lua\"]:37: in function 'loadF