[
    {
        "logtime": "2019/05/16 16:56:02",
        "logdata": "url"
    },
    {
        "logtime": "2019/05/16 16:56:02",
        "logdata": "http://www.fuannabbs.top//WS/Account.ashx"
    },
    {
        "logtime": "2019/05/16 16:56:02",
        "logdata": "action=getchild&gameid=336218"
    },
    {
        "logtime": "2019/05/16 16:56:04",
        "logdata": "rto_earn_2url"
    },
    {
        "logtime": "2019/05/16 16:56:04",
        "logdata": "http://www.fuannabbs.top//Mobile/Spread/Info.html?userid=120818&signature=67060B741B84D0605D3381ADBFFB8A64&time=1557996964"
    },
    "url=http://www.fuannabbs.top//Mobile/Spread/Info.html?userid=120818&signature=67060B741B84D0605D3381ADBFFB8A64&time=1557996964",
    {
        "logtime": "2019/05/16 16:56:05",
        "logdata": "rto_earn_3url"
    },
    {
        "logtime": "2019/05/16 16:56:05",
        "logdata": "http://www.fuannabbs.top//Mobile/Spread/Describe.html"
    },
    "url=http://www.fuannabbs.top//Mobile/Spread/Describe.html",
    {
        "logtime": "2019/05/16 16:56:06",
        "logdata": "rto_earn_4url"
    },
    {
        "logtime": "2019/05/16 16:56:06",
        "logdata": "http://www.fuannabbs.top//Mobile/Spread/Withdrawals.html?userid=120818&signature=340E59DB396C32C657E9DB64D9E6D1F9&time=1557996966"
    },
    "url=http://www.fuannabbs.top//Mobile/Spread/Withdrawals.html?userid=120818&signature=340E59DB396C32C657E9DB64D9E6D1F9&time=1557996966"
]