[
    {
        "logtime": "2019/07/02 19:15:12",
        "logdata": [
            {
                "main": 100,
                "kindid": 406,
                "len": 0,
                "sub": 2
            },
            {
                "main": 100,
                "kindid": 406,
                "len": 9,
                "sub": 1
            },
            {
                "main": 200,
                "kindid": 406,
                "len": 16,
                "sub": 6
            },
            {
                "main": 200,
                "kindid": 406,
                "len": 1,
                "sub": 7
            },
            {
                "main": 200,
                "kindid": 406,
                "len": 16,
                "sub": 6
            }
        ]
    },
    {
        "logtime": "2019/07/02 19:15:17",
        "logdata": "url"
    },
    {
        "logtime": "2019/07/02 19:15:17",
        "logdata": "http://apis.juhe.cn/ip/ip2addr?ip=58.23.48.188&key=74bb0395667b8d0588df9ebd6fc36a12"
    },
    {
        "logtime": "2019/07/02 19:15:17",
        "logdata": ""
    },
    {
        "logtime": "2019/07/02 19:15:17",
        "logdata": "url"
    },
    {
        "logtime": "2019/07/02 19:15:17",
        "logdata": "http://apis.juhe.cn/ip/ip2addr?ip=58.23.48.188&key=74bb0395667b8d0588df9ebd6fc36a12"
    },
    {
        "logtime": "2019/07/02 19:15:17",
        "logdata": ""
    },
    {
        "logtime": "2019/07/02 19:15:17",
        "logdata": "url"
    },
    {
        "logtime": "2019/07/02 19:15:17",
        "logdata": "http://apis.juhe.cn/ip/ip2addr?ip=58.23.48.188&key=74bb0395667b8d0588df9ebd6fc36a12"
    },
    {
        "logtime": "2019/07/02 19:15:17",
        "logdata": ""
    },
    {
        "logtime": "2019/07/02 19:15:17",
        "logdata": "url"
    },
    {
        "logtime": "2019/07/02 19:15:17",
        "logdata": "http://apis.juhe.cn/ip/ip2addr?ip=58.23.48.188&key=74bb0395667b8d0588df9ebd6fc36a12"
    },
    {
        "logtime": "2019/07/02 19:15:17",
        "logdata": ""
    },
    {
        "logtime": "2019/07/02 19:15:28",
        "logdata": "url"
    },
    {
        "logtime": "2019/07/02 19:15:28",
        "logdata": "http://apis.juhe.cn/ip/ip2addr?ip=58.23.48.188&key=74bb0395667b8d0588df9ebd6fc36a12"
    },
    {
        "logtime": "2019/07/02 19:15:28",
        "logdata": ""
    },
    {
        "logtime": "2019/07/02 19:15:28",
        "logdata": "url"
    },
    {
        "logtime": "2019/07/02 19:15:28",
        "logdata": "http://apis.juhe.cn/ip/ip2addr?ip=58.23.48.188&key=74bb0395667b8d0588df9ebd6fc36a12"
    },
    {
        "logtime": "2019/07/02 19:15:28",
        "logdata": ""
    },
    {
        "logtime": "2019/07/02 19:15:28",
        "logdata": "url"
    },
    {
        "logtime": "2019/07/02 19:15:28",
        "logdata": "http://apis.juhe.cn/ip/ip2addr?ip=58.23.48.188&key=74bb0395667b8d0588df9ebd6fc36a12"
    },
    {
        "logtime": "2019/07/02 19:15:28",
        "logdata": ""
    },
    {
        "logtime": "2019/07/02 19:15:28",
        "logdata": "url"
    },
    {
        "logtime": "2019/07/02 19:15:28",
        "logdata": "http://apis.juhe.cn/ip/ip2addr?ip=58.23.48.188&key=74bb0395667b8d0588df9ebd6fc36a12"
    },
    {
        "logtime": "2019/07/02 19:15:28",
        "logdata": ""
    },
    {
        "logtime": "2019/07/02 19:15:28",
        "logdata": {
            "_ServerResVersion": 10,
            "_Active": true,
            "_KindVersion": "101122049",
            "_KindType": 1,
            "_Module": "xiuxian/shuiguolaba/",
            "_KindID": "406",
            "_Type": "xiuxian",
            "nSitChair": 65535,
            "_KindName": "xiuxian.shuiguolaba.",
            "nEnterRoomIndex": 1,
            "nSitTable": 65535,
            "_SortId": 0
        }
    },
    {
        "logtime": "2019/07/02 19:15:28",
        "logdata": "modulestr"
    },
    {
        "logtime": "2019/07/02 19:15:28",
        "logdata": "xiuxian/shuiguolaba/"
    },
    {
        "logtime": "2019/07/02 19:15:30",
        "logdata": [
            {
                "main": 100,
                "kindid": 406,
                "len": 0,
                "sub": 2
            },
            {
                "main": 100,
                "kindid": 406,
                "len": 9,
                "sub": 1
            },
            {
                "main": 200,
                "kindid": 406,
                "len": 16,
                "sub": 6
            },
            {
                "main": 200,
                "kindid": 406,
                "len": 1,
                "sub": 7
            },
            {
                "main": 200,
                "kindid": 406,
                "len": 16,
                "sub": 6
            }
        ]
    },
    {
        "logtime": "2019/07/02 19:15:35",
        "logdata": "url"
    },
    {
        "logtime": "2019/07/02 19:15:35",
        "logdata": "http://apis.juhe.cn/ip/ip2addr?ip=58.23.48.188&key=74bb0395667b8d0588df9ebd6fc36a12"
    },
    {
        "logtime": "2019/07/02 19:15:35",
        "logdata": ""
    },
    {
        "logtime": "2019/07/02 19:15:35",
        "logdata": "url"
    },
    {
        "logtime": "2019/07/02 19:15:35",
        "logdata": "http://apis.juhe.cn/ip/ip2addr?ip=58.23.48.188&key=74bb0395667b8d0588df9ebd6fc36a12"
    },
    {
        "logtime": "2019/07/02 19:15:35",
        "logdata": ""
    },
    {
        "logtime": "2019/07/02 19:15:35",
        "logdata": "url"
    },
    {
        "logtime": "2019/07/02 19:15:35",
        "logdata": "http://apis.juhe.cn/ip/ip2addr?ip=58.23.48.188&key=74bb0395667b8d0588df9ebd6fc36a12"
    },
    {
        "logtime": "2019/07/02 19:15:35",
        "logdata": ""
    },
    {
        "logtime": "2019/07/02 19:15:35",
        "logdata": "url"
    },
    {
        "logtime": "2019/07/02 19:15:35",
        "logdata": "http://apis.juhe.cn/ip/ip2addr?ip=58.23.48.188&key=74bb0395667b8d0588df9ebd6fc36a12"
    },
    {
        "logtime": "2019/07/02 19:15:35",
        "logdata": ""
    },
    {
        "logtime": "2019/07/02 19:15:46",
        "logdata": "LogonScene.onceExcute"
    },
    {
        "logtime": "2019/07/02 19:15:46",
        "logdata": "http://www.fuannainc.top/"
    },
    {
        "logtime": "2019/07/02 19:15:46",
        "logdata": "url"
    },
    {
        "logtime": "2019/07/02 19:15:46",
        "logdata": "http://www.fuannainc.top//ws/MobileInterface.ashx?action=GetMobileLoginNotice"
    },
    {
        "logtime": "2019/07/02 19:15:46",
        "logdata": ""
    },
    {
        "logtime": "2019/07/02 19:15:48",
        "logdata": "url"
    },
    {
        "logtime": "2019/07/02 19:15:48",
        "logdata": "http://apis.juhe.cn/ip/ip2addr?ip=58.23.48.188&key=74bb0395667b8d0588df9ebd6fc36a12"
    },
    {
        "logtime": "2019/07/02 19:15:48",
        "logdata": ""
    },
    {
        "logtime": "2019/07/02 19:15:48",
        "logdata": "onLogonCallBack"
    },
    {
        "logtime": "2019/07/02 19:15:48",
        "logdata": "http://www.fuannainc.top/"
    },
    {
        "logtime": "2019/07/02 19:15:48",
        "logdata": "url"
    },
    {
        "logtime": "2019/07/02 19:15:48",
        "logdata": "http://www.fuannainc.top//WS/MobileInterface.ashx"
    },
    {
        "logtime": "2019/07/02 19:15:48",
        "logdata": "action=GetMobileShareConfig&userid=120187&time=1562066148&signature=185B3B895670C41AD81D6CB310CDE042"
    },
    {
        "logtime": "2019/07/02 19:15:50",
        "logdata": "url"
    },
    {
        "logtime": "2019/07/02 19:15:50",
        "logdata": "http://www.fuannainc.top//WS/MobileInterface.ashx?action=GetMobileRollNotice"
    },
    {
        "logtime": "2019/07/02 19:15:50",
        "logdata": ""
    },
    {
        "logtime": "2019/07/02 19:15:54",
        "logdata": null
    },
    {
        "logtime": "2019/07/02 19:15:54",
        "logdata": "onEnterGame"
    },
    {
        "logtime": "2019/07/02 19:15:54",
        "logdata": {
            "_ServerResVersion": 10,
            "_Active": true,
            "_KindVersion": "101122049",
            "_KindType": 1,
            "_Module": "xiuxian/shuiguolaba/",
            "_KindID": "406",
            "_Type": "xiuxian",
            "_KindName": "xiuxian.shuiguolaba.",
            "_SortId": 0
        }
    },
    {
        "logtime": "2019/07/02 19:15:54",
        "logdata": "GlobalUserItem.getCurGameKind()"
    },
    {
        "logtime": "2019/07/02 19:15:54",
        "logdata": 406
    },
    {
        "logtime": "2019/07/02 19:15:55",
        "logdata": "url"
    },
    {
        "logtime": "2019/07/02 19:15:55",
        "logdata": "http://apis.juhe.cn/ip/ip2addr?ip=58.23.48.188&key=74bb0395667b8d0588df9ebd6fc36a12"
    },
    {
        "logtime": "2019/07/02 19:15:55",
        "logdata": ""
    },
    {
        "logtime": "2019/07/02 19:15:55",
        "logdata": "url"
    },
    {
        "logtime": "2019/07/02 19:15:55",
        "logdata": "http://apis.juhe.cn/ip/ip2addr?ip=58.23.48.188&key=74bb0395667b8d0588df9ebd6fc36a12"
    },
    {
        "logtime": "2019/07/02 19:15:55",
        "logdata": ""
    },
    {
        "logtime": "2019/07/02 19:15:55",
        "logdata": "url"
    },
    {
        "logtime": "2019/07/02 19:15:55",
        "logdata": "http://apis.juhe.cn/ip/ip2addr?ip=58.23.48.188&key=74bb0395667b8d0588df9ebd6fc36a12"
    },
    {
        "logtime": "2019/07/02 19:15:55",
        "logdata": ""
    },
    {
        "logtime": "2019/07/02 19:15:55",
        "logdata": "url"
    },
    {
        "logtime": "2019/07/02 19:15:55",
        "logdata": "http://apis.juhe.cn/ip/ip2addr?ip=58.23.48.188&key=74bb0395667b8d0588df9ebd6fc36a12"
    },
    {
        "logtime": "2019/07/02 19:15:55",
        "logdata": ""
    },
    {
        "logtime": "2019/07/02 19:15:55",
        "logdata": {
            "_ServerResVersion": 10,
            "_Active": true,
            "_KindVersion": "101122049",
            "_KindType": 1,
            "_Module": "xiuxian/shuiguolaba/",
            "_KindID": "406",
            "_Type": "xiuxian",
            "nSitChair": 65535,
            "_KindName": "xiuxian.shuiguolaba.",
            "nEnterRoomIndex": 1,
            "nSitTable": 65535,
            "_SortId": 0
        }
    },
    {
        "logtime": "2019/07/02 19:15:55",
        "logdata": "modulestr"
    },
    {
        "logtime": "2019/07/02 19:15:55",
        "logdata": "xiuxian/shuiguolaba/"
    }
]