[
    {
        "logtime": "2019/07/24 16:31:34",
        "logdata": "LogonScene.onceExcute"
    },
    {
        "logtime": "2019/07/24 16:31:34",
        "logdata": "http://www.fuannabbs.top/"
    },
    {
        "logtime": "2019/07/24 16:31:34",
        "logdata": "url"
    },
    {
        "logtime": "2019/07/24 16:31:34",
        "logdata": "http://www.fuannabbs.top//ws/MobileInterface.ashx?action=GetMobileLoginNotice"
    },
    {
        "logtime": "2019/07/24 16:31:34",
        "logdata": ""
    },
    {
        "logtime": "2019/07/24 16:31:40",
        "logdata": "onLogonCallBack"
    },
    {
        "logtime": "2019/07/24 16:31:40",
        "logdata": "http://www.fuannabbs.top/"
    },
    {
        "logtime": "2019/07/24 16:31:40",
        "logdata": "url"
    },
    {
        "logtime": "2019/07/24 16:31:40",
        "logdata": "http://www.fuannabbs.top//WS/MobileInterface.ashx"
    },
    {
        "logtime": "2019/07/24 16:31:40",
        "logdata": "action=GetMobileShareConfig&userid=119939&time=1563957100&signature=ECDC4AAB464705FA5C4BA84F3CC3FF11"
    },
    {
        "logtime": "2019/07/24 16:31:42",
        "logdata": "url"
    },
    {
        "logtime": "2019/07/24 16:31:42",
        "logdata": "http://www.fuannabbs.top//WS/MobileInterface.ashx?action=GetMobileRollNotice"
    },
    {
        "logtime": "2019/07/24 16:31:42",
        "logdata": ""
    }
]