[
    {
        "logtime": "2019/07/08 18:38:08",
        "logdata": "LogonScene.onceExcute"
    },
    {
        "logtime": "2019/07/08 18:38:08",
        "logdata": "http://www.fuannainc.top/"
    },
    {
        "logtime": "2019/07/08 18:38:08",
        "logdata": "url"
    },
    {
        "logtime": "2019/07/08 18:38:08",
        "logdata": "http://www.fuannainc.top//ws/MobileInterface.ashx?action=GetMobileLoginNotice"
    },
    {
        "logtime": "2019/07/08 18:38:08",
        "logdata": ""
    },
    {
        "logtime": "2019/07/08 18:38:11",
        "logdata": "url"
    },
    {
        "logtime": "2019/07/08 18:38:11",
        "logdata": "http://apis.juhe.cn/ip/ip2addr?ip=58.23.48.61&key=74bb0395667b8d0588df9ebd6fc36a12"
    },
    {
        "logtime": "2019/07/08 18:38:11",
        "logdata": ""
    },
    {
        "logtime": "2019/07/08 18:38:11",
        "logdata": "onLogonCallBack"
    },
    {
        "logtime": "2019/07/08 18:38:11",
        "logdata": "http://www.fuannainc.top/"
    },
    {
        "logtime": "2019/07/08 18:38:11",
        "logdata": "url"
    },
    {
        "logtime": "2019/07/08 18:38:11",
        "logdata": "http://www.fuannainc.top//WS/MobileInterface.ashx"
    },
    {
        "logtime": "2019/07/08 18:38:11",
        "logdata": "action=GetMobileShareConfig&userid=120187&time=1562582291&signature=D652EC39CA94CCF4B0484A5C65F98445"
    },
    {
        "logtime": "2019/07/08 18:38:13",
        "logdata": "url"
    },
    {
        "logtime": "2019/07/08 18:38:13",
        "logdata": "http://www.fuannainc.top//WS/MobileInterface.ashx?action=GetMobileRollNotice"
    },
    {
        "logtime": "2019/07/08 18:38:13",
        "logdata": ""
    },
    {
        "logtime": "2019/07/08 18:38:45",
        "logdata": "[string \".\\client/src/controller/command/LoadViewComma...\"]:118: [string \".\\client/src/controller/command/LoadViewComma...\"]:325: [string \".\\client/src/plaza/views/layer/plaza/DuiHuanL...\"]:36: attempt to index global 'DuiHuanMediator' (a nil value)\nstack traceback:\n\t[string \".\\client/src/controller/command/LoadViewComma...\"]:118: in function 'execute'\n\t[string \".\\framework/puremvc/core/Controller.lua\"]:123: in function 'notify'\n\t[string \".\\framework/puremvc/patterns/observer/Observe...\"]:85: in function 'notifyObserver'\n\t[string \".\\framework/puremvc/core/View.lua\"]:113: in function 'notifyObservers'\n\t[string \".\\framework/puremvc/patterns/facade/Facade.lua\"]:331: in function 'notifyObservers'\n\t[string \".\\framework/puremvc/patterns/facade/Facade.lua\"]:314: in function 'sendNotification'\n\t[string \".\\framework/puremvc/patterns/observer/Notifie...\"]:64: in function 'sendNotification'\n\t[string \".\\client/src/view/mediator/ViewMediator.lua\"]:216: in function 'notify'\n\t[string \".\\framework/puremvc/patterns/observer/Observe...\"]:85: in function 'notifyObserver'\n\t[string \".\\framework/puremvc/core/View.lua\"]:113: in function 'notifyObservers'\n\t[string \".\\framework/puremvc/patterns/facade/Facade.lua\"]:331: in function 'notifyObservers'\n\t[string \".\\framework/puremvc/patterns/facade/Facade.lua\"]:314: in function 'sendNotification'\n\t[string \".\\client/src/plaza/views/ClientScene.lua\"]:3124: in function 'onButtonClickedEvent'\n\t[string \".\\client/src/plaza/views/ClientScene.lua\"]:167: in function <[string \".\\client/src/plaza/views/ClientScene.lua\"]:165>"
    }
]