[
    {
        "logtime": "2019/07/05 10:40:49",
        "logdata": "url"
    },
    {
        "logtime": "2019/07/05 10:40:49",
        "logdata": "http://apis.juhe.cn/ip/ip2addr?ip=58.23.49.18&key=74bb0395667b8d0588df9ebd6fc36a12"
    },
    {
        "logtime": "2019/07/05 10:40:49",
        "logdata": ""
    },
    {
        "logtime": "2019/07/05 10:40:49",
        "logdata": "onLogonCallBack"
    },
    {
        "logtime": "2019/07/05 10:40:49",
        "logdata": "http://www.fuannainc.top/"
    },
    {
        "logtime": "2019/07/05 10:40:49",
        "logdata": "url"
    },
    {
        "logtime": "2019/07/05 10:40:49",
        "logdata": "http://www.fuannainc.top//WS/MobileInterface.ashx"
    },
    {
        "logtime": "2019/07/05 10:40:49",
        "logdata": "action=GetMobileShareConfig&userid=120188&time=1562294449&signature=4191ED5D1A44EA0FBA4ACC75E9A71F85"
    },
    {
        "logtime": "2019/07/05 10:40:51",
        "logdata": "url"
    },
    {
        "logtime": "2019/07/05 10:40:51",
        "logdata": "http://www.fuannainc.top//WS/MobileInterface.ashx?action=GetMobileRollNotice"
    },
    {
        "logtime": "2019/07/05 10:40:51",
        "logdata": ""
    },
    {
        "logtime": "2019/07/05 10:40:59",
        "logdata": "LogonScene.onceExcute"
    },
    {
        "logtime": "2019/07/05 10:40:59",
        "logdata": "http://www.fuannainc.top/"
    },
    {
        "logtime": "2019/07/05 10:40:59",
        "logdata": "url"
    },
    {
        "logtime": "2019/07/05 10:40:59",
        "logdata": "http://www.fuannainc.top//ws/MobileInterface.ashx?action=GetMobileLoginNotice"
    },
    {
        "logtime": "2019/07/05 10:40:59",
        "logdata": ""
    }
]