[
    {
        "logtime": "2019/07/02 09:28:41",
        "logdata": "LogonScene.onceExcute"
    },
    {
        "logtime": "2019/07/02 09:28:41",
        "logdata": "http://www.fuannainc.top/"
    },
    {
        "logtime": "2019/07/02 09:28:42",
        "logdata": "url"
    },
    {
        "logtime": "2019/07/02 09:28:42",
        "logdata": "http://www.fuannainc.top//ws/MobileInterface.ashx?action=GetMobileLoginNotice"
    },
    {
        "logtime": "2019/07/02 09:28:42",
        "logdata": ""
    },
    {
        "logtime": "2019/07/02 09:28:43",
        "logdata": "url"
    },
    {
        "logtime": "2019/07/02 09:28:43",
        "logdata": "http://apis.juhe.cn/ip/ip2addr?ip=58.23.48.188&key=74bb0395667b8d0588df9ebd6fc36a12"
    },
    {
        "logtime": "2019/07/02 09:28:43",
        "logdata": ""
    },
    {
        "logtime": "2019/07/02 09:28:43",
        "logdata": "onLogonCallBack"
    },
    {
        "logtime": "2019/07/02 09:28:43",
        "logdata": "http://www.fuannainc.top/"
    },
    {
        "logtime": "2019/07/02 09:28:43",
        "logdata": "url"
    },
    {
        "logtime": "2019/07/02 09:28:43",
        "logdata": "http://www.fuannainc.top//WS/MobileInterface.ashx"
    },
    {
        "logtime": "2019/07/02 09:28:43",
        "logdata": "action=GetMobileShareConfig&userid=119947&time=1562030923&signature=7B47C5BDCCEC89C67AFD1367E8914427"
    },
    {
        "logtime": "2019/07/02 09:28:45",
        "logdata": "url"
    },
    {
        "logtime": "2019/07/02 09:28:45",
        "logdata": "http://www.fuannainc.top//WS/MobileInterface.ashx?action=GetMobileRollNotice"
    },
    {
        "logtime": "2019/07/02 09:28:45",
        "logdata": ""
    },
    {
        "logtime": "2019/07/02 09:28:47",
        "logdata": "url"
    },
    {
        "logtime": "2019/07/02 09:28:47",
        "logdata": "http://apis.juhe.cn/ip/ip2addr?ip=58.23.48.188&key=74bb0395667b8d0588df9ebd6fc36a12"
    },
    {
        "logtime": "2019/07/02 09:28:47",
        "logdata": ""
    },
    {
        "logtime": "2019/07/02 09:28:47",
        "logdata": {
            "_ServerResVersion": 10,
            "_Active": true,
            "_KindVersion": "101122049",
            "_KindType": 1,
            "_Module": "xiuxian/shuiguolaba/",
            "_KindID": "406",
            "_Type": "xiuxian",
            "_KindName": "xiuxian.shuiguolaba.",
            "nEnterRoomIndex": 1,
            "_SortId": 0
        }
    },
    {
        "logtime": "2019/07/02 09:28:47",
        "logdata": "modulestr"
    },
    {
        "logtime": "2019/07/02 09:28:47",
        "logdata": "xiuxian/shuiguolaba/"
    },
    {
        "logtime": "2019/07/02 09:28:52",
        "logdata": null
    },
    {
        "logtime": "2019/07/02 09:28:52",
        "logdata": "onEnterGame"
    },
    {
        "logtime": "2019/07/02 09:28:52",
        "logdata": {
            "_ServerResVersion": 10,
            "_Active": true,
            "_KindVersion": "101122049",
            "_KindType": 1,
            "_Module": "xiuxian/shuiguolaba/",
            "_KindID": "406",
            "_Type": "xiuxian",
            "_KindName": "xiuxian.shuiguolaba.",
            "nEnterRoomIndex": 1,
            "_SortId": 0
        }
    },
    {
        "logtime": "2019/07/02 09:28:53",
        "logdata": "GlobalUserItem.getCurGameKind()"
    },
    {
        "logtime": "2019/07/02 09:28:53",
        "logdata": 406
    },
    {
        "logtime": "2019/07/02 09:28:54",
        "logdata": "url"
    },
    {
        "logtime": "2019/07/02 09:28:54",
        "logdata": "http://apis.juhe.cn/ip/ip2addr?ip=58.23.48.188&key=74bb0395667b8d0588df9ebd6fc36a12"
    },
    {
        "logtime": "2019/07/02 09:28:54",
        "logdata": ""
    },
    {
        "logtime": "2019/07/02 09:28:54",
        "logdata": {
            "_ServerResVersion": 10,
            "_Active": true,
            "_KindVersion": "101122049",
            "_KindType": 1,
            "_Module": "xiuxian/shuiguolaba/",
            "_KindID": "406",
            "_Type": "xiuxian",
            "nSitChair": 65535,
            "_KindName": "xiuxian.shuiguolaba.",
            "nEnterRoomIndex": 1,
            "nSitTable": 65535,
            "_SortId": 0
        }
    },
    {
        "logtime": "2019/07/02 09:28:54",
        "logdata": "modulestr"
    },
    {
        "logtime": "2019/07/02 09:28:54",
        "logdata": "xiuxian/shuiguolaba/"
    }
]