[
    {
        "logtime": "2019/05/16 16:55:18",
        "logdata": "rto_earn_2url"
    },
    {
        "logtime": "2019/05/16 16:55:18",
        "logdata": "http://www.fuannabbs.top//Mobile/Spread/Info.html?userid=120818&signature=75C87DEBA2109D94C27BF69FD0A1C34A&time=1557996918"
    },
    "url=http://www.fuannabbs.top//Mobile/Spread/Info.html?userid=120818&signature=75C87DEBA2109D94C27BF69FD0A1C34A&time=1557996918",
    {
        "logtime": "2019/05/16 16:55:19",
        "logdata": "rto_earn_3url"
    },
    {
        "logtime": "2019/05/16 16:55:19",
        "logdata": "http://www.fuannabbs.top//Mobile/Spread/Describe.html"
    },
    "url=http://www.fuannabbs.top//Mobile/Spread/Describe.html",
    {
        "logtime": "2019/05/16 16:55:56",
        "logdata": "url"
    },
    {
        "logtime": "2019/05/16 16:55:56",
        "logdata": "http://www.fuannabbs.top//WS/Lottery.ashx"
    },
    {
        "logtime": "2019/05/16 16:55:56",
        "logdata": "action=LotteryConfig"
    },
    {
        "logtime": "2019/05/16 16:55:56",
        "logdata": "url"
    },
    {
        "logtime": "2019/05/16 16:55:56",
        "logdata": "http://www.fuannabbs.top//WS/Lottery.ashx"
    },
    {
        "logtime": "2019/05/16 16:55:56",
        "logdata": "action=LotteryUserInfo&userid=120818&time=1557996956&signature=0B1EBF875354BB4442D8ED4679A97438"
    }
]