[
    {
        "logtime": "2019/07/03 11:51:08",
        "logdata": "[string \".\\game/xiuxian/shuiguolaba/src/views/layer/Ga...\"]:943: attempt to perform arithmetic on field 'time' (a nil value)\nstack traceback:"
    },
    {
        "logtime": "2019/07/03 11:51:11",
        "logdata": "LogonScene.onceExcute"
    },
    {
        "logtime": "2019/07/03 11:51:11",
        "logdata": "http://www.fuannainc.top/"
    },
    {
        "logtime": "2019/07/03 11:51:11",
        "logdata": "url"
    },
    {
        "logtime": "2019/07/03 11:51:11",
        "logdata": "http://www.fuannainc.top//ws/MobileInterface.ashx?action=GetMobileLoginNotice"
    },
    {
        "logtime": "2019/07/03 11:51:11",
        "logdata": ""
    },
    {
        "logtime": "2019/07/03 11:51:14",
        "logdata": "url"
    },
    {
        "logtime": "2019/07/03 11:51:14",
        "logdata": "http://apis.juhe.cn/ip/ip2addr?ip=58.23.48.188&key=74bb0395667b8d0588df9ebd6fc36a12"
    },
    {
        "logtime": "2019/07/03 11:51:14",
        "logdata": ""
    },
    {
        "logtime": "2019/07/03 11:51:14",
        "logdata": "onLogonCallBack"
    },
    {
        "logtime": "2019/07/03 11:51:14",
        "logdata": "http://www.fuannainc.top/"
    },
    {
        "logtime": "2019/07/03 11:51:14",
        "logdata": "url"
    },
    {
        "logtime": "2019/07/03 11:51:14",
        "logdata": "http://www.fuannainc.top//WS/MobileInterface.ashx"
    },
    {
        "logtime": "2019/07/03 11:51:14",
        "logdata": "action=GetMobileShareConfig&userid=120187&time=1562125874&signature=4D1856BBA2D13330F3626E473D52EEE8"
    },
    {
        "logtime": "2019/07/03 11:51:16",
        "logdata": "url"
    },
    {
        "logtime": "2019/07/03 11:51:16",
        "logdata": "http://www.fuannainc.top//WS/MobileInterface.ashx?action=GetMobileRollNotice"
    },
    {
        "logtime": "2019/07/03 11:51:16",
        "logdata": ""
    },
    {
        "logtime": "2019/07/03 11:51:20",
        "logdata": null
    },
    {
        "logtime": "2019/07/03 11:51:20",
        "logdata": "onEnterGame"
    },
    {
        "logtime": "2019/07/03 11:51:20",
        "logdata": {
            "_ServerResVersion": 10,
            "_Active": true,
            "_KindVersion": "101122049",
            "_KindType": 1,
            "_Module": "xiuxian/shuiguolaba/",
            "_KindID": "406",
            "_Type": "xiuxian",
            "_KindName": "xiuxian.shuiguolaba.",
            "_SortId": 0
        }
    },
    {
        "logtime": "2019/07/03 11:51:20",
        "logdata": "GlobalUserItem.getCurGameKind()"
    },
    {
        "logtime": "2019/07/03 11:51:20",
        "logdata": 406
    },
    {
        "logtime": "2019/07/03 11:51:21",
        "logdata": "url"
    },
    {
        "logtime": "2019/07/03 11:51:21",
        "logdata": "http://apis.juhe.cn/ip/ip2addr?ip=58.23.48.188&key=74bb0395667b8d0588df9ebd6fc36a12"
    },
    {
        "logtime": "2019/07/03 11:51:21",
        "logdata": ""
    },
    {
        "logtime": "2019/07/03 11:51:21",
        "logdata": "url"
    },
    {
        "logtime": "2019/07/03 11:51:21",
        "logdata": "http://apis.juhe.cn/ip/ip2addr?ip=58.23.48.188&key=74bb0395667b8d0588df9ebd6fc36a12"
    },
    {
        "logtime": "2019/07/03 11:51:21",
        "logdata": ""
    },
    {
        "logtime": "2019/07/03 11:51:21",
        "logdata": "url"
    },
    {
        "logtime": "2019/07/03 11:51:21",
        "logdata": "http://apis.juhe.cn/ip/ip2addr?ip=58.23.48.188&key=74bb0395667b8d0588df9ebd6fc36a12"
    },
    {
        "logtime": "2019/07/03 11:51:21",
        "logdata": ""
    },
    {
        "logtime": "2019/07/03 11:51:21",
        "logdata": "url"
    },
    {
        "logtime": "2019/07/03 11:51:21",
        "logdata": "http://apis.juhe.cn/ip/ip2addr?ip=58.23.48.188&key=74bb0395667b8d0588df9ebd6fc36a12"
    },
    {
        "logtime": "2019/07/03 11:51:21",
        "logdata": ""
    },
    {
        "logtime": "2019/07/03 11:51:21",
        "logdata": {
            "_ServerResVersion": 10,
            "_Active": true,
            "_KindVersion": "101122049",
            "_KindType": 1,
            "_Module": "xiuxian/shuiguolaba/",
            "_KindID": "406",
            "_Type": "xiuxian",
            "nSitChair": 65535,
            "_KindName": "xiuxian.shuiguolaba.",
            "nEnterRoomIndex": 1,
            "nSitTable": 65535,
            "_SortId": 0
        }
    },
    {
        "logtime": "2019/07/03 11:51:21",
        "logdata": "modulestr"
    },
    {
        "logtime": "2019/07/03 11:51:21",
        "logdata": "xiuxian/shuiguolaba/"
    }
]