[
    {
        "logtime": "2019/05/14 16:18:40",
        "logdata": "LogonScene.onceExcute"
    },
    {
        "logtime": "2019/05/14 16:18:40",
        "logdata": "http://www.fuannainc.top/"
    },
    {
        "logtime": "2019/05/14 16:18:41",
        "logdata": "url"
    },
    {
        "logtime": "2019/05/14 16:18:41",
        "logdata": "http://www.fuannainc.top//ws/MobileInterface.ashx?action=GetMobileLoginNotice"
    },
    {
        "logtime": "2019/05/14 16:18:41",
        "logdata": ""
    },
    {
        "logtime": "2019/05/14 16:18:53",
        "logdata": "url"
    },
    {
        "logtime": "2019/05/14 16:18:53",
        "logdata": "http://apis.juhe.cn/ip/ip2addr?ip=183.53.107.103&key=74bb0395667b8d0588df9ebd6fc36a12"
    },
    {
        "logtime": "2019/05/14 16:18:53",
        "logdata": ""
    },
    {
        "logtime": "2019/05/14 16:18:53",
        "logdata": "onLogonCallBack"
    },
    {
        "logtime": "2019/05/14 16:18:53",
        "logdata": "http://www.fuannainc.top/"
    },
    {
        "logtime": "2019/05/14 16:18:53",
        "logdata": "url"
    },
    {
        "logtime": "2019/05/14 16:18:53",
        "logdata": "http://www.fuannainc.top//WS/MobileInterface.ashx"
    },
    {
        "logtime": "2019/05/14 16:18:53",
        "logdata": "action=GetMobileShareConfig&userid=120791&time=1557821933&signature=BF056FCBE78CA262D7C258FD58369C7C"
    },
    {
        "logtime": "2019/05/14 16:18:56",
        "logdata": "url"
    },
    {
        "logtime": "2019/05/14 16:18:56",
        "logdata": "http://www.fuannainc.top//WS/MobileInterface.ashx?action=GetMobileRollNotice"
    },
    {
        "logtime": "2019/05/14 16:18:56",
        "logdata": ""
    }
]