[
    {
        "logtime": "2019/05/17 15:17:26",
        "logdata": "LogonScene.onceExcute"
    },
    {
        "logtime": "2019/05/17 15:17:26",
        "logdata": "http://www.fuannainc.top/"
    },
    {
        "logtime": "2019/05/17 15:17:26",
        "logdata": "url"
    },
    {
        "logtime": "2019/05/17 15:17:26",
        "logdata": "http://www.fuannainc.top//ws/MobileInterface.ashx?action=GetMobileLoginNotice"
    },
    {
        "logtime": "2019/05/17 15:17:26",
        "logdata": ""
    },
    {
        "logtime": "2019/05/17 15:17:28",
        "logdata": "url"
    },
    {
        "logtime": "2019/05/17 15:17:28",
        "logdata": "http://apis.juhe.cn/ip/ip2addr?ip=113.77.83.165&key=74bb0395667b8d0588df9ebd6fc36a12"
    },
    {
        "logtime": "2019/05/17 15:17:28",
        "logdata": ""
    },
    {
        "logtime": "2019/05/17 15:17:28",
        "logdata": "onLogonCallBack"
    },
    {
        "logtime": "2019/05/17 15:17:28",
        "logdata": "http://www.fuannainc.top/"
    },
    {
        "logtime": "2019/05/17 15:17:28",
        "logdata": "url"
    },
    {
        "logtime": "2019/05/17 15:17:28",
        "logdata": "http://www.fuannainc.top//WS/MobileInterface.ashx"
    },
    {
        "logtime": "2019/05/17 15:17:28",
        "logdata": "action=GetMobileShareConfig&userid=119927&time=1558077448&signature=76C82E23EBF0B82366EAFF75407B8F85"
    },
    {
        "logtime": "2019/05/17 15:17:30",
        "logdata": "url"
    },
    {
        "logtime": "2019/05/17 15:17:30",
        "logdata": "http://www.fuannainc.top//WS/MobileInterface.ashx?action=GetMobileRollNotice"
    },
    {
        "logtime": "2019/05/17 15:17:30",
        "logdata": ""
    },
    {
        "logtime": "2019/05/17 15:17:33",
        "logdata": "url"
    },
    {
        "logtime": "2019/05/17 15:17:33",
        "logdata": "http://www.fuannainc.top//ws/MobileInterface.ashx"
    },
    {
        "logtime": "2019/05/17 15:17:33",
        "logdata": "action=getpaylist"
    },
    {
        "logtime": "2019/05/17 15:17:33",
        "logdata": "url"
    },
    {
        "logtime": "2019/05/17 15:17:33",
        "logdata": "http://www.fuannainc.top//WS/MobileInterface.ashx"
    },
    {
        "logtime": "2019/05/17 15:17:33",
        "logdata": "action=getagentpay"
    }
]