[
    {
        "logtime": "2019/06/18 18:39:09",
        "logdata": null
    },
    {
        "logtime": "2019/06/18 18:39:09",
        "logdata": "onEnterGame"
    },
    {
        "logtime": "2019/06/18 18:39:09",
        "logdata": {
            "_ServerResVersion": 4,
            "_Active": true,
            "_KindVersion": "101122049",
            "_KindType": 3,
            "_Module": "yule/oxbattle/",
            "_KindID": "104",
            "_Type": "yule",
            "_KindName": "yule.oxbattle.",
            "_SortId": 7
        }
    },
    {
        "logtime": "2019/06/18 18:39:09",
        "logdata": "url"
    },
    {
        "logtime": "2019/06/18 18:39:09",
        "logdata": "http://apis.juhe.cn/ip/ip2addr?ip=36.249.132.170&key=74bb0395667b8d0588df9ebd6fc36a12"
    },
    {
        "logtime": "2019/06/18 18:39:09",
        "logdata": ""
    },
    {
        "logtime": "2019/06/18 18:39:09",
        "logdata": "url"
    },
    {
        "logtime": "2019/06/18 18:39:09",
        "logdata": "http://apis.juhe.cn/ip/ip2addr?ip=210.28.86.98&key=74bb0395667b8d0588df9ebd6fc36a12"
    },
    {
        "logtime": "2019/06/18 18:39:09",
        "logdata": ""
    },
    {
        "logtime": "2019/06/18 18:39:09",
        "logdata": "url"
    },
    {
        "logtime": "2019/06/18 18:39:09",
        "logdata": "http://apis.juhe.cn/ip/ip2addr?ip=171.13.178.52&key=74bb0395667b8d0588df9ebd6fc36a12"
    },
    {
        "logtime": "2019/06/18 18:39:09",
        "logdata": ""
    },
    {
        "logtime": "2019/06/18 18:39:09",
        "logdata": "url"
    },
    {
        "logtime": "2019/06/18 18:39:09",
        "logdata": "http://apis.juhe.cn/ip/ip2addr?ip=36.60.146.205&key=74bb0395667b8d0588df9ebd6fc36a12"
    },
    {
        "logtime": "2019/06/18 18:39:09",
        "logdata": ""
    },
    {
        "logtime": "2019/06/18 18:39:09",
        "logdata": "url"
    },
    {
        "logtime": "2019/06/18 18:39:09",
        "logdata": "http://apis.juhe.cn/ip/ip2addr?ip=171.9.80.57&key=74bb0395667b8d0588df9ebd6fc36a12"
    },
    {
        "logtime": "2019/06/18 18:39:09",
        "logdata": ""
    },
    {
        "logtime": "2019/06/18 18:39:09",
        "logdata": "url"
    },
    {
        "logtime": "2019/06/18 18:39:09",
        "logdata": "http://apis.juhe.cn/ip/ip2addr?ip=171.11.65.249&key=74bb0395667b8d0588df9ebd6fc36a12"
    },
    {
        "logtime": "2019/06/18 18:39:09",
        "logdata": ""
    },
    {
        "logtime": "2019/06/18 18:39:09",
        "logdata": "url"
    },
    {
        "logtime": "2019/06/18 18:39:09",
        "logdata": "http://apis.juhe.cn/ip/ip2addr?ip=123.234.112.166&key=74bb0395667b8d0588df9ebd6fc36a12"
    },
    {
        "logtime": "2019/06/18 18:39:09",
        "logdata": ""
    },
    {
        "logtime": "2019/06/18 18:39:09",
        "logdata": "url"
    },
    {
        "logtime": "2019/06/18 18:39:09",
        "logdata": "http://apis.juhe.cn/ip/ip2addr?ip=222.87.254.85&key=74bb0395667b8d0588df9ebd6fc36a12"
    },
    {
        "logtime": "2019/06/18 18:39:09",
        "logdata": ""
    },
    {
        "logtime": "2019/06/18 18:39:09",
        "logdata": "url"
    },
    {
        "logtime": "2019/06/18 18:39:09",
        "logdata": "http://apis.juhe.cn/ip/ip2addr?ip=123.235.235.78&key=74bb0395667b8d0588df9ebd6fc36a12"
    },
    {
        "logtime": "2019/06/18 18:39:09",
        "logdata": ""
    },
    {
        "logtime": "2019/06/18 18:39:09",
        "logdata": "url"
    },
    {
        "logtime": "2019/06/18 18:39:09",
        "logdata": "http://apis.juhe.cn/ip/ip2addr?ip=123.234.27.93&key=74bb0395667b8d0588df9ebd6fc36a12"
    },
    {
        "logtime": "2019/06/18 18:39:09",
        "logdata": ""
    },
    {
        "logtime": "2019/06/18 18:39:09",
        "logdata": "url"
    },
    {
        "logtime": "2019/06/18 18:39:09",
        "logdata": "http://apis.juhe.cn/ip/ip2addr?ip=182.89.134.30&key=74bb0395667b8d0588df9ebd6fc36a12"
    },
    {
        "logtime": "2019/06/18 18:39:09",
        "logdata": ""
    },
    {
        "logtime": "2019/06/18 18:39:09",
        "logdata": "url"
    },
    {
        "logtime": "2019/06/18 18:39:09",
        "logdata": "http://apis.juhe.cn/ip/ip2addr?ip=171.10.53.40&key=74bb0395667b8d0588df9ebd6fc36a12"
    },
    {
        "logtime": "2019/06/18 18:39:09",
        "logdata": ""
    },
    {
        "logtime": "2019/06/18 18:39:09",
        "logdata": "url"
    },
    {
        "logtime": "2019/06/18 18:39:09",
        "logdata": "http://apis.juhe.cn/ip/ip2addr?ip=121.76.13.196&key=74bb0395667b8d0588df9ebd6fc36a12"
    },
    {
        "logtime": "2019/06/18 18:39:09",
        "logdata": ""
    },
    {
        "logtime": "2019/06/18 18:39:09",
        "logdata": "url"
    },
    {
        "logtime": "2019/06/18 18:39:09",
        "logdata": "http://apis.juhe.cn/ip/ip2addr?ip=61.237.24.252&key=74bb0395667b8d0588df9ebd6fc36a12"
    },
    {
        "logtime": "2019/06/18 18:39:09",
        "logdata": ""
    },
    {
        "logtime": "2019/06/18 18:39:09",
        "logdata": "url"
    },
    {
        "logtime": "2019/06/18 18:39:09",
        "logdata": "http://apis.juhe.cn/ip/ip2addr?ip=210.40.61.45&key=74bb0395667b8d0588df9ebd6fc36a12"
    },
    {
        "logtime": "2019/06/18 18:39:09",
        "logdata": ""
    },
    {
        "logtime": "2019/06/18 18:39:09",
        "logdata": "url"
    },
    {
        "logtime": "2019/06/18 18:39:09",
        "logdata": "http://apis.juhe.cn/ip/ip2addr?ip=121.77.8.149&key=74bb0395667b8d0588df9ebd6fc36a12"
    },
    {
        "logtime": "2019/06/18 18:39:09",
        "logdata": ""
    },
    {
        "logtime": "2019/06/18 18:39:09",
        "logdata": "url"
    },
    {
        "logtime": "2019/06/18 18:39:09",
        "logdata": "http://apis.juhe.cn/ip/ip2addr?ip=210.38.55.101&key=74bb0395667b8d0588df9ebd6fc36a12"
    },
    {
        "logtime": "2019/06/18 18:39:09",
        "logdata": ""
    },
    {
        "logtime": "2019/06/18 18:39:09",
        "logdata": "url"
    },
    {
        "logtime": "2019/06/18 18:39:09",
        "logdata": "http://apis.juhe.cn/ip/ip2addr?ip=36.63.220.51&key=74bb0395667b8d0588df9ebd6fc36a12"
    },
    {
        "logtime": "2019/06/18 18:39:09",
        "logdata": ""
    },
    {
        "logtime": "2019/06/18 18:39:09",
        "logdata": "url"
    },
    {
        "logtime": "2019/06/18 18:39:09",
        "logdata": "http://apis.juhe.cn/ip/ip2addr?ip=61.235.151.3&key=74bb0395667b8d0588df9ebd6fc36a12"
    },
    {
        "logtime": "2019/06/18 18:39:09",
        "logdata": ""
    },
    {
        "logtime": "2019/06/18 18:39:09",
        "logdata": "url"
    },
    {
        "logtime": "2019/06/18 18:39:09",
        "logdata": "http://apis.juhe.cn/ip/ip2addr?ip=36.59.206.211&key=74bb0395667b8d0588df9ebd6fc36a12"
    },
    {
        "logtime": "2019/06/18 18:39:09",
        "logdata": ""
    },
    {
        "logtime": "2019/06/18 18:39:09",
        "logdata": "url"
    },
    {
        "logtime": "2019/06/18 18:39:09",
        "logdata": "http://apis.juhe.cn/ip/ip2addr?ip=139.215.1.48&key=74bb0395667b8d0588df9ebd6fc36a12"
    },
    {
        "logtime": "2019/06/18 18:39:09",
        "logdata": ""
    },
    {
        "logtime": "2019/06/18 18:39:09",
        "logdata": "url"
    },
    {
        "logtime": "2019/06/18 18:39:10",
        "logdata": "http://apis.juhe.cn/ip/ip2addr?ip=61.233.138.247&key=74bb0395667b8d0588df9ebd6fc36a12"
    },
    {
        "logtime": "2019/06/18 18:39:10",
        "logdata": ""
    },
    {
        "logtime": "2019/06/18 18:39:10",
        "logdata": "url"
    },
    {
        "logtime": "2019/06/18 18:39:10",
        "logdata": "http://apis.juhe.cn/ip/ip2addr?ip=210.36.191.101&key=74bb0395667b8d0588df9ebd6fc36a12"
    },
    {
        "logtime": "2019/06/18 18:39:10",
        "logdata": ""
    },
    {
        "logtime": "2019/06/18 18:39:10",
        "logdata": "url"
    },
    {
        "logtime": "2019/06/18 18:39:10",
        "logdata": "http://apis.juhe.cn/ip/ip2addr?ip=36.62.132.18&key=74bb0395667b8d0588df9ebd6fc36a12"
    },
    {
        "logtime": "2019/06/18 18:39:10",
        "logdata": ""
    },
    {
        "logtime": "2019/06/18 18:39:10",
        "logdata": "url"
    },
    {
        "logtime": "2019/06/18 18:39:10",
        "logdata": "http://apis.juhe.cn/ip/ip2addr?ip=182.81.162.250&key=74bb0395667b8d0588df9ebd6fc36a12"
    },
    {
        "logtime": "2019/06/18 18:39:10",
        "logdata": ""
    },
    {
        "logtime": "2019/06/18 18:39:10",
        "logdata": "url"
    },
    {
        "logtime": "2019/06/18 18:39:10",
        "logdata": "http://apis.juhe.cn/ip/ip2addr?ip=106.83.79.214&key=74bb0395667b8d0588df9ebd6fc36a12"
    },
    {
        "logtime": "2019/06/18 18:39:10",
        "logdata": ""
    },
    {
        "logtime": "2019/06/18 18:39:10",
        "logdata": "url"
    },
    {
        "logtime": "2019/06/18 18:39:10",
        "logdata": "http://apis.juhe.cn/ip/ip2addr?ip=123.235.196.0&key=74bb0395667b8d0588df9ebd6fc36a12"
    },
    {
        "logtime": "2019/06/18 18:39:10",
        "logdata": ""
    },
    {
        "logtime": "2019/06/18 18:39:10",
        "logdata": "url"
    },
    {
        "logtime": "2019/06/18 18:39:10",
        "logdata": "http://apis.juhe.cn/ip/ip2addr?ip=171.15.242.26&key=74bb0395667b8d0588df9ebd6fc36a12"
    },
    {
        "logtime": "2019/06/18 18:39:10",
        "logdata": ""
    },
    {
        "logtime": "2019/06/18 18:39:10",
        "logdata": "url"
    },
    {
        "logtime": "2019/06/18 18:39:10",
        "logdata": "http://apis.juhe.cn/ip/ip2addr?ip=171.11.173.98&key=74bb0395667b8d0588df9ebd6fc36a12"
    },
    {
        "logtime": "2019/06/18 18:39:10",
        "logdata": ""
    },
    {
        "logtime": "2019/06/18 18:39:10",
        "logdata": "url"
    },
    {
        "logtime": "2019/06/18 18:39:10",
        "logdata": "http://apis.juhe.cn/ip/ip2addr?ip=210.47.78.252&key=74bb0395667b8d0588df9ebd6fc36a12"
    },
    {
        "logtime": "2019/06/18 18:39:10",
        "logdata": ""
    },
    {
        "logtime": "2019/06/18 18:39:10",
        "logdata": "url"
    },
    {
        "logtime": "2019/06/18 18:39:10",
        "logdata": "http://apis.juhe.cn/ip/ip2addr?ip=36.58.107.20&key=74bb0395667b8d0588df9ebd6fc36a12"
    },
    {
        "logtime": "2019/06/18 18:39:10",
        "logdata": ""
    },
    {
        "logtime": "2019/06/18 18:39:10",
        "logdata": "url"
    },
    {
        "logtime": "2019/06/18 18:39:10",
        "logdata": "http://apis.juhe.cn/ip/ip2addr?ip=106.94.63.226&key=74bb0395667b8d0588df9ebd6fc36a12"
    },
    {
        "logtime": "2019/06/18 18:39:10",
        "logdata": ""
    },
    {
        "logtime": "2019/06/18 18:39:10",
        "logdata": "url"
    },
    {
        "logtime": "2019/06/18 18:39:10",
        "logdata": "http://apis.juhe.cn/ip/ip2addr?ip=182.87.200.221&key=74bb0395667b8d0588df9ebd6fc36a12"
    },
    {
        "logtime": "2019/06/18 18:39:10",
        "logdata": ""
    },
    {
        "logtime": "2019/06/18 18:39:10",
        "logdata": "url"
    },
    {
        "logtime": "2019/06/18 18:39:10",
        "logdata": "http://apis.juhe.cn/ip/ip2addr?ip=121.76.91.104&key=74bb0395667b8d0588df9ebd6fc36a12"
    },
    {
        "logtime": "2019/06/18 18:39:10",
        "logdata": ""
    },
    {
        "logtime": "2019/06/18 18:39:10",
        "logdata": "url"
    },
    {
        "logtime": "2019/06/18 18:39:10",
        "logdata": "http://apis.juhe.cn/ip/ip2addr?ip=61.236.108.166&key=74bb0395667b8d0588df9ebd6fc36a12"
    },
    {
        "logtime": "2019/06/18 18:39:10",
        "logdata": ""
    },
    {
        "logtime": "2019/06/18 18:39:10",
        "logdata": "url"
    },
    {
        "logtime": "2019/06/18 18:39:10",
        "logdata": "http://apis.juhe.cn/ip/ip2addr?ip=106.85.225.225&key=74bb0395667b8d0588df9ebd6fc36a12"
    },
    {
        "logtime": "2019/06/18 18:39:10",
        "logdata": ""
    },
    {
        "logtime": "2019/06/18 18:39:10",
        "logdata": "url"
    },
    {
        "logtime": "2019/06/18 18:39:10",
        "logdata": "http://apis.juhe.cn/ip/ip2addr?ip=121.77.202.171&key=74bb0395667b8d0588df9ebd6fc36a12"
    },
    {
        "logtime": "2019/06/18 18:39:10",
        "logdata": ""
    },
    {
        "logtime": "2019/06/18 18:39:10",
        "logdata": "url"
    },
    {
        "logtime": "2019/06/18 18:39:10",
        "logdata": "http://apis.juhe.cn/ip/ip2addr?ip=182.81.248.90&key=74bb0395667b8d0588df9ebd6fc36a12"
    },
    {
        "logtime": "2019/06/18 18:39:10",
        "logdata": ""
    },
    {
        "logtime": "2019/06/18 18:39:10",
        "logdata": "url"
    },
    {
        "logtime": "2019/06/18 18:39:10",
        "logdata": "http://apis.juhe.cn/ip/ip2addr?ip=222.83.244.14&key=74bb0395667b8d0588df9ebd6fc36a12"
    },
    {
        "logtime": "2019/06/18 18:39:10",
        "logdata": ""
    },
    {
        "logtime": "2019/06/18 18:39:10",
        "logdata": "url"
    },
    {
        "logtime": "2019/06/18 18:39:10",
        "logdata": "http://apis.juhe.cn/ip/ip2addr?ip=123.235.41.112&key=74bb0395667b8d0588df9ebd6fc36a12"
    },
    {
        "logtime": "2019/06/18 18:39:10",
        "logdata": ""
    },
    {
        "logtime": "2019/06/18 18:39:10",
        "logdata": "url"
    },
    {
        "logtime": "2019/06/18 18:39:10",
        "logdata": "http://apis.juhe.cn/ip/ip2addr?ip=106.88.223.81&key=74bb0395667b8d0588df9ebd6fc36a12"
    },
    {
        "logtime": "2019/06/18 18:39:10",
        "logdata": ""
    },
    {
        "logtime": "2019/06/18 18:39:10",
        "logdata": "url"
    },
    {
        "logtime": "2019/06/18 18:39:10",
        "logdata": "http://apis.juhe.cn/ip/ip2addr?ip=36.56.21.95&key=74bb0395667b8d0588df9ebd6fc36a12"
    },
    {
        "logtime": "2019/06/18 18:39:10",
        "logdata": ""
    },
    {
        "logtime": "2019/06/18 18:39:10",
        "logdata": "url"
    },
    {
        "logtime": "2019/06/18 18:39:10",
        "logdata": "http://apis.juhe.cn/ip/ip2addr?ip=61.235.112.149&key=74bb0395667b8d0588df9ebd6fc36a12"
    },
    {
        "logtime": "2019/06/18 18:39:10",
        "logdata": ""
    },
    {
        "logtime": "2019/06/18 18:39:10",
        "logdata": "url"
    },
    {
        "logtime": "2019/06/18 18:39:10",
        "logdata": "http://apis.juhe.cn/ip/ip2addr?ip=139.211.166.237&key=74bb0395667b8d0588df9ebd6fc36a12"
    },
    {
        "logtime": "2019/06/18 18:39:10",
        "logdata": ""
    },
    {
        "logtime": "2019/06/18 18:39:10",
        "logdata": "url"
    },
    {
        "logtime": "2019/06/18 18:39:10",
        "logdata": "http://apis.juhe.cn/ip/ip2addr?ip=106.86.221.65&key=74bb0395667b8d0588df9ebd6fc36a12"
    },
    {
        "logtime": "2019/06/18 18:39:10",
        "logdata": ""
    },
    {
        "logtime": "2019/06/18 18:39:10",
        "logdata": "url"
    },
    {
        "logtime": "2019/06/18 18:39:10",
        "logdata": "http://apis.juhe.cn/ip/ip2addr?ip=106.93.167.97&key=74bb0395667b8d0588df9ebd6fc36a12"
    },
    {
        "logtime": "2019/06/18 18:39:10",
        "logdata": ""
    },
    {
        "logtime": "2019/06/18 18:39:10",
        "logdata": "url"
    },
    {
        "logtime": "2019/06/18 18:39:10",
        "logdata": "http://apis.juhe.cn/ip/ip2addr?ip=210.36.250.194&key=74bb0395667b8d0588df9ebd6fc36a12"
    },
    {
        "logtime": "2019/06/18 18:39:10",
        "logdata": ""
    },
    {
        "logtime": "2019/06/18 18:39:10",
        "logdata": "url"
    },
    {
        "logtime": "2019/06/18 18:39:10",
        "logdata": "http://apis.juhe.cn/ip/ip2addr?ip=121.76.119.176&key=74bb0395667b8d0588df9ebd6fc36a12"
    },
    {
        "logtime": "2019/06/18 18:39:10",
        "logdata": ""
    },
    {
        "logtime": "2019/06/18 18:39:10",
        "logdata": "url"
    },
    {
        "logtime": "2019/06/18 18:39:10",
        "logdata": "http://apis.juhe.cn/ip/ip2addr?ip=222.63.198.84&key=74bb0395667b8d0588df9ebd6fc36a12"
    },
    {
        "logtime": "2019/06/18 18:39:10",
        "logdata": ""
    },
    {
        "logtime": "2019/06/18 18:39:10",
        "logdata": "url"
    },
    {
        "logtime": "2019/06/18 18:39:10",
        "logdata": "http://apis.juhe.cn/ip/ip2addr?ip=139.209.22.94&key=74bb0395667b8d0588df9ebd6fc36a12"
    },
    {
        "logtime": "2019/06/18 18:39:10",
        "logdata": ""
    },
    {
        "logtime": "2019/06/18 18:39:10",
        "logdata": "url"
    },
    {
        "logtime": "2019/06/18 18:39:10",
        "logdata": "http://apis.juhe.cn/ip/ip2addr?ip=36.62.213.220&key=74bb0395667b8d0588df9ebd6fc36a12"
    },
    {
        "logtime": "2019/06/18 18:39:10",
        "logdata": ""
    },
    {
        "logtime": "2019/06/18 18:39:10",
        "logdata": "url"
    },
    {
        "logtime": "2019/06/18 18:39:10",
        "logdata": "http://apis.juhe.cn/ip/ip2addr?ip=123.232.135.88&key=74bb0395667b8d0588df9ebd6fc36a12"
    },
    {
        "logtime": "2019/06/18 18:39:10",
        "logdata": ""
    },
    {
        "logtime": "2019/06/18 18:39:10",
        "logdata": "url"
    },
    {
        "logtime": "2019/06/18 18:39:10",
        "logdata": "http://apis.juhe.cn/ip/ip2addr?ip=222.28.161.253&key=74bb0395667b8d0588df9ebd6fc36a12"
    },
    {
        "logtime": "2019/06/18 18:39:10",
        "logdata": ""
    },
    {
        "logtime": "2019/06/18 18:39:10",
        "logdata": "url"
    },
    {
        "logtime": "2019/06/18 18:39:10",
        "logdata": "http://apis.juhe.cn/ip/ip2addr?ip=171.15.31.59&key=74bb0395667b8d0588df9ebd6fc36a12"
    },
    {
        "logtime": "2019/06/18 18:39:10",
        "logdata": ""
    },
    {
        "logtime": "2019/06/18 18:39:10",
        "logdata": "url"
    },
    {
        "logtime": "2019/06/18 18:39:10",
        "logdata": "http://apis.juhe.cn/ip/ip2addr?ip=61.235.53.42&key=74bb0395667b8d0588df9ebd6fc36a12"
    },
    {
        "logtime": "2019/06/18 18:39:10",
        "logdata": ""
    },
    {
        "logtime": "2019/06/18 18:39:10",
        "logdata": "url"
    },
    {
        "logtime": "2019/06/18 18:39:10",
        "logdata": "http://apis.juhe.cn/ip/ip2addr?ip=210.33.169.221&key=74bb0395667b8d0588df9ebd6fc36a12"
    },
    {
        "logtime": "2019/06/18 18:39:10",
        "logdata": ""
    },
    {
        "logtime": "2019/06/18 18:39:10",
        "logdata": "url"
    },
    {
        "logtime": "2019/06/18 18:39:10",
        "logdata": "http://apis.juhe.cn/ip/ip2addr?ip=121.77.63.76&key=74bb0395667b8d0588df9ebd6fc36a12"
    },
    {
        "logtime": "2019/06/18 18:39:10",
        "logdata": ""
    },
    {
        "logtime": "2019/06/18 18:39:10",
        "logdata": "url"
    },
    {
        "logtime": "2019/06/18 18:39:10",
        "logdata": "http://apis.juhe.cn/ip/ip2addr?ip=139.214.151.124&key=74bb0395667b8d0588df9ebd6fc36a12"
    },
    {
        "logtime": "2019/06/18 18:39:10",
        "logdata": ""
    },
    {
        "logtime": "2019/06/18 18:39:10",
        "logdata": "url"
    },
    {
        "logtime": "2019/06/18 18:39:10",
        "logdata": "http://apis.juhe.cn/ip/ip2addr?ip=182.83.227.220&key=74bb0395667b8d0588df9ebd6fc36a12"
    },
    {
        "logtime": "2019/06/18 18:39:10",
        "logdata": ""
    },
    {
        "logtime": "2019/06/18 18:39:10",
        "logdata": "url"
    },
    {
        "logtime": "2019/06/18 18:39:10",
        "logdata": "http://apis.juhe.cn/ip/ip2addr?ip=182.82.235.66&key=74bb0395667b8d0588df9ebd6fc36a12"
    },
    {
        "logtime": "2019/06/18 18:39:10",
        "logdata": ""
    },
    {
        "logtime": "2019/06/18 18:39:10",
        "logdata": "url"
    },
    {
        "logtime": "2019/06/18 18:39:10",
        "logdata": "http://apis.juhe.cn/ip/ip2addr?ip=121.77.175.19&key=74bb0395667b8d0588df9ebd6fc36a12"
    },
    {
        "logtime": "2019/06/18 18:39:10",
        "logdata": ""
    },
    {
        "logtime": "2019/06/18 18:39:10",
        "logdata": "url"
    },
    {
        "logtime": "2019/06/18 18:39:10",
        "logdata": "http://apis.juhe.cn/ip/ip2addr?ip=121.76.175.95&key=74bb0395667b8d0588df9ebd6fc36a12"
    },
    {
        "logtime": "2019/06/18 18:39:10",
        "logdata": ""
    },
    {
        "logtime": "2019/06/18 18:39:10",
        "logdata": "url"
    },
    {
        "logtime": "2019/06/18 18:39:10",
        "logdata": "http://apis.juhe.cn/ip/ip2addr?ip=139.199.42.4&key=74bb0395667b8d0588df9ebd6fc36a12"
    },
    {
        "logtime": "2019/06/18 18:39:10",
        "logdata": ""
    },
    {
        "logtime": "2019/06/18 18:39:10",
        "logdata": "url"
    },
    {
        "logtime": "2019/06/18 18:39:10",
        "logdata": "http://apis.juhe.cn/ip/ip2addr?ip=182.92.157.125&key=74bb0395667b8d0588df9ebd6fc36a12"
    },
    {
        "logtime": "2019/06/18 18:39:10",
        "logdata": ""
    },
    {
        "logtime": "2019/06/18 18:39:10",
        "logdata": "url"
    },
    {
        "logtime": "2019/06/18 18:39:10",
        "logdata": "http://apis.juhe.cn/ip/ip2addr?ip=123.232.197.1&key=74bb0395667b8d0588df9ebd6fc36a12"
    },
    {
        "logtime": "2019/06/18 18:39:10",
        "logdata": ""
    },
    {
        "logtime": "2019/06/18 18:39:10",
        "logdata": "url"
    },
    {
        "logtime": "2019/06/18 18:39:10",
        "logdata": "http://apis.juhe.cn/ip/ip2addr?ip=139.212.161.23&key=74bb0395667b8d0588df9ebd6fc36a12"
    },
    {
        "logtime": "2019/06/18 18:39:10",
        "logdata": ""
    },
    {
        "logtime": "2019/06/18 18:39:10",
        "logdata": "url"
    },
    {
        "logtime": "2019/06/18 18:39:10",
        "logdata": "http://apis.juhe.cn/ip/ip2addr?ip=36.58.118.243&key=74bb0395667b8d0588df9ebd6fc36a12"
    },
    {
        "logtime": "2019/06/18 18:39:10",
        "logdata": ""
    },
    {
        "logtime": "2019/06/18 18:39:10",
        "logdata": "url"
    },
    {
        "logtime": "2019/06/18 18:39:10",
        "logdata": "http://apis.juhe.cn/ip/ip2addr?ip=139.197.58.109&key=74bb0395667b8d0588df9ebd6fc36a12"
    },
    {
        "logtime": "2019/06/18 18:39:10",
        "logdata": ""
    },
    {
        "logtime": "2019/06/18 18:39:10",
        "logdata": "url"
    },
    {
        "logtime": "2019/06/18 18:39:10",
        "logdata": "http://apis.juhe.cn/ip/ip2addr?ip=182.87.105.105&key=74bb0395667b8d0588df9ebd6fc36a12"
    },
    {
        "logtime": "2019/06/18 18:39:10",
        "logdata": ""
    },
    {
        "logtime": "2019/06/18 18:39:10",
        "logdata": "url"
    },
    {
        "logtime": "2019/06/18 18:39:10",
        "logdata": "http://apis.juhe.cn/ip/ip2addr?ip=106.81.65.51&key=74bb0395667b8d0588df9ebd6fc36a12"
    },
    {
        "logtime": "2019/06/18 18:39:10",
        "logdata": ""
    },
    {
        "logtime": "2019/06/18 18:39:10",
        "logdata": "url"
    },
    {
        "logtime": "2019/06/18 18:39:10",
        "logdata": "http://apis.juhe.cn/ip/ip2addr?ip=182.87.192.136&key=74bb0395667b8d0588df9ebd6fc36a12"
    },
    {
        "logtime": "2019/06/18 18:39:10",
        "logdata": ""
    },
    {
        "logtime": "2019/06/18 18:39:10",
        "logdata": "url"
    },
    {
        "logtime": "2019/06/18 18:39:10",
        "logdata": "http://apis.juhe.cn/ip/ip2addr?ip=182.87.58.215&key=74bb0395667b8d0588df9ebd6fc36a12"
    },
    {
        "logtime": "2019/06/18 18:39:10",
        "logdata": ""
    },
    {
        "logtime": "2019/06/18 18:39:10",
        "logdata": "url"
    },
    {
        "logtime": "2019/06/18 18:39:10",
        "logdata": "http://apis.juhe.cn/ip/ip2addr?ip=61.234.122.91&key=74bb0395667b8d0588df9ebd6fc36a12"
    },
    {
        "logtime": "2019/06/18 18:39:10",
        "logdata": ""
    },
    {
        "logtime": "2019/06/18 18:39:10",
        "logdata": "url"
    },
    {
        "logtime": "2019/06/18 18:39:10",
        "logdata": "http://apis.juhe.cn/ip/ip2addr?ip=61.235.199.206&key=74bb0395667b8d0588df9ebd6fc36a12"
    },
    {
        "logtime": "2019/06/18 18:39:10",
        "logdata": ""
    },
    {
        "logtime": "2019/06/18 18:39:10",
        "logdata": "url"
    },
    {
        "logtime": "2019/06/18 18:39:10",
        "logdata": "http://apis.juhe.cn/ip/ip2addr?ip=123.233.117.24&key=74bb0395667b8d0588df9ebd6fc36a12"
    },
    {
        "logtime": "2019/06/18 18:39:10",
        "logdata": ""
    },
    {
        "logtime": "2019/06/18 18:39:11",
        "logdata": "url"
    },
    {
        "logtime": "2019/06/18 18:39:11",
        "logdata": "http://apis.juhe.cn/ip/ip2addr?ip=210.25.227.106&key=74bb0395667b8d0588df9ebd6fc36a12"
    },
    {
        "logtime": "2019/06/18 18:39:11",
        "logdata": ""
    },
    {
        "logtime": "2019/06/18 18:39:11",
        "logdata": "url"
    },
    {
        "logtime": "2019/06/18 18:39:11",
        "logdata": "http://apis.juhe.cn/ip/ip2addr?ip=61.235.176.149&key=74bb0395667b8d0588df9ebd6fc36a12"
    },
    {
        "logtime": "2019/06/18 18:39:11",
        "logdata": ""
    },
    {
        "logtime": "2019/06/18 18:39:11",
        "logdata": "url"
    },
    {
        "logtime": "2019/06/18 18:39:11",
        "logdata": "http://apis.juhe.cn/ip/ip2addr?ip=210.45.96.85&key=74bb0395667b8d0588df9ebd6fc36a12"
    },
    {
        "logtime": "2019/06/18 18:39:11",
        "logdata": ""
    },
    {
        "logtime": "2019/06/18 18:39:11",
        "logdata": "url"
    },
    {
        "logtime": "2019/06/18 18:39:11",
        "logdata": "http://apis.juhe.cn/ip/ip2addr?ip=171.8.244.77&key=74bb0395667b8d0588df9ebd6fc36a12"
    },
    {
        "logtime": "2019/06/18 18:39:11",
        "logdata": ""
    },
    {
        "logtime": "2019/06/18 18:39:11",
        "logdata": "url"
    },
    {
        "logtime": "2019/06/18 18:39:11",
        "logdata": "http://apis.juhe.cn/ip/ip2addr?ip=222.27.219.87&key=74bb0395667b8d0588df9ebd6fc36a12"
    },
    {
        "logtime": "2019/06/18 18:39:11",
        "logdata": ""
    },
    {
        "logtime": "2019/06/18 18:39:11",
        "logdata": "url"
    },
    {
        "logtime": "2019/06/18 18:39:11",
        "logdata": "http://apis.juhe.cn/ip/ip2addr?ip=123.234.106.88&key=74bb0395667b8d0588df9ebd6fc36a12"
    },
    {
        "logtime": "2019/06/18 18:39:11",
        "logdata": ""
    },
    {
        "logtime": "2019/06/18 18:39:11",
        "logdata": "url"
    },
    {
        "logtime": "2019/06/18 18:39:11",
        "logdata": "http://apis.juhe.cn/ip/ip2addr?ip=139.204.123.52&key=74bb0395667b8d0588df9ebd6fc36a12"
    },
    {
        "logtime": "2019/06/18 18:39:11",
        "logdata": ""
    },
    {
        "logtime": "2019/06/18 18:39:11",
        "logdata": "url"
    },
    {
        "logtime": "2019/06/18 18:39:11",
        "logdata": "http://apis.juhe.cn/ip/ip2addr?ip=61.235.205.229&key=74bb0395667b8d0588df9ebd6fc36a12"
    },
    {
        "logtime": "2019/06/18 18:39:11",
        "logdata": ""
    },
    {
        "logtime": "2019/06/18 18:39:11",
        "logdata": "url"
    },
    {
        "logtime": "2019/06/18 18:39:11",
        "logdata": "http://apis.juhe.cn/ip/ip2addr?ip=121.76.141.214&key=74bb0395667b8d0588df9ebd6fc36a12"
    },
    {
        "logtime": "2019/06/18 18:39:11",
        "logdata": ""
    },
    {
        "logtime": "2019/06/18 18:39:11",
        "logdata": "url"
    },
    {
        "logtime": "2019/06/18 18:39:11",
        "logdata": "http://apis.juhe.cn/ip/ip2addr?ip=222.35.141.184&key=74bb0395667b8d0588df9ebd6fc36a12"
    },
    {
        "logtime": "2019/06/18 18:39:11",
        "logdata": ""
    },
    {
        "logtime": "2019/06/18 18:39:11",
        "logdata": "url"
    },
    {
        "logtime": "2019/06/18 18:39:11",
        "logdata": "http://apis.juhe.cn/ip/ip2addr?ip=121.76.118.133&key=74bb0395667b8d0588df9ebd6fc36a12"
    },
    {
        "logtime": "2019/06/18 18:39:11",
        "logdata": ""
    },
    {
        "logtime": "2019/06/18 18:39:11",
        "logdata": "url"
    },
    {
        "logtime": "2019/06/18 18:39:11",
        "logdata": "http://apis.juhe.cn/ip/ip2addr?ip=182.85.84.121&key=74bb0395667b8d0588df9ebd6fc36a12"
    },
    {
        "logtime": "2019/06/18 18:39:11",
        "logdata": ""
    },
    {
        "logtime": "2019/06/18 18:39:11",
        "logdata": "url"
    },
    {
        "logtime": "2019/06/18 18:39:11",
        "logdata": "http://apis.juhe.cn/ip/ip2addr?ip=222.35.136.217&key=74bb0395667b8d0588df9ebd6fc36a12"
    },
    {
        "logtime": "2019/06/18 18:39:11",
        "logdata": ""
    },
    {
        "logtime": "2019/06/18 18:39:11",
        "logdata": "url"
    },
    {
        "logtime": "2019/06/18 18:39:11",
        "logdata": "http://apis.juhe.cn/ip/ip2addr?ip=61.232.168.144&key=74bb0395667b8d0588df9ebd6fc36a12"
    },
    {
        "logtime": "2019/06/18 18:39:11",
        "logdata": ""
    },
    {
        "logtime": "2019/06/18 18:39:11",
        "logdata": "url"
    },
    {
        "logtime": "2019/06/18 18:39:11",
        "logdata": "http://apis.juhe.cn/ip/ip2addr?ip=222.59.168.69&key=74bb0395667b8d0588df9ebd6fc36a12"
    },
    {
        "logtime": "2019/06/18 18:39:11",
        "logdata": ""
    },
    {
        "logtime": "2019/06/18 18:39:11",
        "logdata": "url"
    },
    {
        "logtime": "2019/06/18 18:39:11",
        "logdata": "http://apis.juhe.cn/ip/ip2addr?ip=61.234.201.236&key=74bb0395667b8d0588df9ebd6fc36a12"
    },
    {
        "logtime": "2019/06/18 18:39:11",
        "logdata": ""
    },
    {
        "logtime": "2019/06/18 18:39:11",
        "logdata": "url"
    },
    {
        "logtime": "2019/06/18 18:39:11",
        "logdata": "http://apis.juhe.cn/ip/ip2addr?ip=36.61.111.111&key=74bb0395667b8d0588df9ebd6fc36a12"
    },
    {
        "logtime": "2019/06/18 18:39:11",
        "logdata": ""
    },
    {
        "logtime": "2019/06/18 18:39:11",
        "logdata": "url"
    },
    {
        "logtime": "2019/06/18 18:39:11",
        "logdata": "http://apis.juhe.cn/ip/ip2addr?ip=139.211.50.239&key=74bb0395667b8d0588df9ebd6fc36a12"
    },
    {
        "logtime": "2019/06/18 18:39:11",
        "logdata": ""
    },
    {
        "logtime": "2019/06/18 18:39:11",
        "logdata": "url"
    },
    {
        "logtime": "2019/06/18 18:39:11",
        "logdata": "http://apis.juhe.cn/ip/ip2addr?ip=61.236.68.98&key=74bb0395667b8d0588df9ebd6fc36a12"
    },
    {
        "logtime": "2019/06/18 18:39:11",
        "logdata": ""
    },
    {
        "logtime": "2019/06/18 18:39:11",
        "logdata": "url"
    },
    {
        "logtime": "2019/06/18 18:39:11",
        "logdata": "http://apis.juhe.cn/ip/ip2addr?ip=139.211.198.51&key=74bb0395667b8d0588df9ebd6fc36a12"
    },
    {
        "logtime": "2019/06/18 18:39:11",
        "logdata": ""
    },
    {
        "logtime": "2019/06/18 18:39:11",
        "logdata": "url"
    },
    {
        "logtime": "2019/06/18 18:39:11",
        "logdata": "http://apis.juhe.cn/ip/ip2addr?ip=123.234.183.178&key=74bb0395667b8d0588df9ebd6fc36a12"
    },
    {
        "logtime": "2019/06/18 18:39:11",
        "logdata": ""
    },
    {
        "logtime": "2019/06/18 18:39:11",
        "logdata": "url"
    },
    {
        "logtime": "2019/06/18 18:39:11",
        "logdata": "http://apis.juhe.cn/ip/ip2addr?ip=210.44.235.120&key=74bb0395667b8d0588df9ebd6fc36a12"
    },
    {
        "logtime": "2019/06/18 18:39:11",
        "logdata": ""
    },
    {
        "logtime": "2019/06/18 18:39:11",
        "logdata": "url"
    },
    {
        "logtime": "2019/06/18 18:39:11",
        "logdata": "http://apis.juhe.cn/ip/ip2addr?ip=210.26.215.155&key=74bb0395667b8d0588df9ebd6fc36a12"
    },
    {
        "logtime": "2019/06/18 18:39:11",
        "logdata": ""
    },
    {
        "logtime": "2019/06/18 18:39:11",
        "logdata": "url"
    },
    {
        "logtime": "2019/06/18 18:39:11",
        "logdata": "http://apis.juhe.cn/ip/ip2addr?ip=61.235.4.231&key=74bb0395667b8d0588df9ebd6fc36a12"
    },
    {
        "logtime": "2019/06/18 18:39:11",
        "logdata": ""
    },
    {
        "logtime": "2019/06/18 18:39:11",
        "logdata": "url"
    },
    {
        "logtime": "2019/06/18 18:39:11",
        "logdata": "http://apis.juhe.cn/ip/ip2addr?ip=182.92.155.174&key=74bb0395667b8d0588df9ebd6fc36a12"
    },
    {
        "logtime": "2019/06/18 18:39:11",
        "logdata": ""
    },
    {
        "logtime": "2019/06/18 18:39:11",
        "logdata": "url"
    },
    {
        "logtime": "2019/06/18 18:39:11",
        "logdata": "http://apis.juhe.cn/ip/ip2addr?ip=106.80.53.12&key=74bb0395667b8d0588df9ebd6fc36a12"
    },
    {
        "logtime": "2019/06/18 18:39:11",
        "logdata": ""
    },
    {
        "logtime": "2019/06/18 18:39:11",
        "logdata": "url"
    },
    {
        "logtime": "2019/06/18 18:39:11",
        "logdata": "http://apis.juhe.cn/ip/ip2addr?ip=121.76.99.62&key=74bb0395667b8d0588df9ebd6fc36a12"
    },
    {
        "logtime": "2019/06/18 18:39:11",
        "logdata": ""
    },
    {
        "logtime": "2019/06/18 18:39:11",
        "logdata": "url"
    },
    {
        "logtime": "2019/06/18 18:39:11",
        "logdata": "http://apis.juhe.cn/ip/ip2addr?ip=171.15.36.193&key=74bb0395667b8d0588df9ebd6fc36a12"
    },
    {
        "logtime": "2019/06/18 18:39:11",
        "logdata": ""
    },
    {
        "logtime": "2019/06/18 18:39:11",
        "logdata": "url"
    },
    {
        "logtime": "2019/06/18 18:39:11",
        "logdata": "http://apis.juhe.cn/ip/ip2addr?ip=123.232.129.16&key=74bb0395667b8d0588df9ebd6fc36a12"
    },
    {
        "logtime": "2019/06/18 18:39:11",
        "logdata": ""
    },
    {
        "logtime": "2019/06/18 18:39:11",
        "logdata": "url"
    },
    {
        "logtime": "2019/06/18 18:39:11",
        "logdata": "http://apis.juhe.cn/ip/ip2addr?ip=123.232.33.11&key=74bb0395667b8d0588df9ebd6fc36a12"
    },
    {
        "logtime": "2019/06/18 18:39:11",
        "logdata": ""
    },
    {
        "logtime": "2019/06/18 18:39:11",
        "logdata": "url"
    },
    {
        "logtime": "2019/06/18 18:39:11",
        "logdata": "http://apis.juhe.cn/ip/ip2addr?ip=222.16.229.204&key=74bb0395667b8d0588df9ebd6fc36a12"
    },
    {
        "logtime": "2019/06/18 18:39:11",
        "logdata": ""
    },
    {
        "logtime": "2019/06/18 18:39:11",
        "logdata": "url"
    },
    {
        "logtime": "2019/06/18 18:39:11",
        "logdata": "http://apis.juhe.cn/ip/ip2addr?ip=121.77.251.209&key=74bb0395667b8d0588df9ebd6fc36a12"
    },
    {
        "logtime": "2019/06/18 18:39:11",
        "logdata": ""
    },
    {
        "logtime": "2019/06/18 18:39:11",
        "logdata": "url"
    },
    {
        "logtime": "2019/06/18 18:39:11",
        "logdata": "http://apis.juhe.cn/ip/ip2addr?ip=182.83.242.167&key=74bb0395667b8d0588df9ebd6fc36a12"
    },
    {
        "logtime": "2019/06/18 18:39:11",
        "logdata": ""
    },
    {
        "logtime": "2019/06/18 18:39:11",
        "logdata": "url"
    },
    {
        "logtime": "2019/06/18 18:39:11",
        "logdata": "http://apis.juhe.cn/ip/ip2addr?ip=61.233.84.191&key=74bb0395667b8d0588df9ebd6fc36a12"
    },
    {
        "logtime": "2019/06/18 18:39:11",
        "logdata": ""
    },
    {
        "logtime": "2019/06/18 18:39:11",
        "logdata": "url"
    },
    {
        "logtime": "2019/06/18 18:39:11",
        "logdata": "http://apis.juhe.cn/ip/ip2addr?ip=222.78.28.238&key=74bb0395667b8d0588df9ebd6fc36a12"
    },
    {
        "logtime": "2019/06/18 18:39:11",
        "logdata": ""
    },
    {
        "logtime": "2019/06/18 18:39:11",
        "logdata": "url"
    },
    {
        "logtime": "2019/06/18 18:39:11",
        "logdata": "http://apis.juhe.cn/ip/ip2addr?ip=61.232.134.217&key=74bb0395667b8d0588df9ebd6fc36a12"
    },
    {
        "logtime": "2019/06/18 18:39:11",
        "logdata": ""
    },
    {
        "logtime": "2019/06/18 18:39:11",
        "logdata": "url"
    },
    {
        "logtime": "2019/06/18 18:39:11",
        "logdata": "http://apis.juhe.cn/ip/ip2addr?ip=121.77.195.205&key=74bb0395667b8d0588df9ebd6fc36a12"
    },
    {
        "logtime": "2019/06/18 18:39:11",
        "logdata": ""
    },
    {
        "logtime": "2019/06/18 18:39:12",
        "logdata": "url"
    },
    {
        "logtime": "2019/06/18 18:39:12",
        "logdata": "http://apis.juhe.cn/ip/ip2addr?ip=171.9.254.217&key=74bb0395667b8d0588df9ebd6fc36a12"
    },
    {
        "logtime": "2019/06/18 18:39:12",
        "logdata": ""
    },
    {
        "logtime": "2019/06/18 18:39:12",
        "logdata": "url"
    },
    {
        "logtime": "2019/06/18 18:39:12",
        "logdata": "http://apis.juhe.cn/ip/ip2addr?ip=171.8.4.174&key=74bb0395667b8d0588df9ebd6fc36a12"
    },
    {
        "logtime": "2019/06/18 18:39:12",
        "logdata": ""
    },
    {
        "logtime": "2019/06/18 18:39:12",
        "logdata": "url"
    },
    {
        "logtime": "2019/06/18 18:39:12",
        "logdata": "http://apis.juhe.cn/ip/ip2addr?ip=121.77.125.255&key=74bb0395667b8d0588df9ebd6fc36a12"
    },
    {
        "logtime": "2019/06/18 18:39:12",
        "logdata": ""
    },
    {
        "logtime": "2019/06/18 18:39:12",
        "logdata": "url"
    },
    {
        "logtime": "2019/06/18 18:39:12",
        "logdata": "http://apis.juhe.cn/ip/ip2addr?ip=182.90.20.39&key=74bb0395667b8d0588df9ebd6fc36a12"
    },
    {
        "logtime": "2019/06/18 18:39:12",
        "logdata": ""
    },
    {
        "logtime": "2019/06/18 18:39:12",
        "logdata": "url"
    },
    {
        "logtime": "2019/06/18 18:39:12",
        "logdata": "http://apis.juhe.cn/ip/ip2addr?ip=171.14.104.189&key=74bb0395667b8d0588df9ebd6fc36a12"
    },
    {
        "logtime": "2019/06/18 18:39:12",
        "logdata": ""
    },
    {
        "logtime": "2019/06/18 18:39:12",
        "logdata": "url"
    },
    {
        "logtime": "2019/06/18 18:39:12",
        "logdata": "http://apis.juhe.cn/ip/ip2addr?ip=139.197.75.195&key=74bb0395667b8d0588df9ebd6fc36a12"
    },
    {
        "logtime": "2019/06/18 18:39:12",
        "logdata": ""
    },
    {
        "logtime": "2019/06/18 18:39:12",
        "logdata": "url"
    },
    {
        "logtime": "2019/06/18 18:39:12",
        "logdata": "http://apis.juhe.cn/ip/ip2addr?ip=123.235.234.137&key=74bb0395667b8d0588df9ebd6fc36a12"
    },
    {
        "logtime": "2019/06/18 18:39:12",
        "logdata": ""
    },
    {
        "logtime": "2019/06/18 18:39:12",
        "logdata": "url"
    },
    {
        "logtime": "2019/06/18 18:39:12",
        "logdata": "http://apis.juhe.cn/ip/ip2addr?ip=139.198.204.147&key=74bb0395667b8d0588df9ebd6fc36a12"
    },
    {
        "logtime": "2019/06/18 18:39:12",
        "logdata": ""
    },
    {
        "logtime": "2019/06/18 18:39:12",
        "logdata": "url"
    },
    {
        "logtime": "2019/06/18 18:39:12",
        "logdata": "http://apis.juhe.cn/ip/ip2addr?ip=106.89.187.38&key=74bb0395667b8d0588df9ebd6fc36a12"
    },
    {
        "logtime": "2019/06/18 18:39:12",
        "logdata": ""
    },
    {
        "logtime": "2019/06/18 18:39:12",
        "logdata": "url"
    },
    {
        "logtime": "2019/06/18 18:39:12",
        "logdata": "http://apis.juhe.cn/ip/ip2addr?ip=222.85.19.143&key=74bb0395667b8d0588df9ebd6fc36a12"
    },
    {
        "logtime": "2019/06/18 18:39:12",
        "logdata": ""
    },
    {
        "logtime": "2019/06/18 18:39:12",
        "logdata": "url"
    },
    {
        "logtime": "2019/06/18 18:39:12",
        "logdata": "http://apis.juhe.cn/ip/ip2addr?ip=106.91.157.183&key=74bb0395667b8d0588df9ebd6fc36a12"
    },
    {
        "logtime": "2019/06/18 18:39:12",
        "logdata": ""
    },
    {
        "logtime": "2019/06/18 18:39:12",
        "logdata": "url"
    },
    {
        "logtime": "2019/06/18 18:39:12",
        "logdata": "http://apis.juhe.cn/ip/ip2addr?ip=222.30.124.45&key=74bb0395667b8d0588df9ebd6fc36a12"
    },
    {
        "logtime": "2019/06/18 18:39:12",
        "logdata": ""
    },
    {
        "logtime": "2019/06/18 18:39:12",
        "logdata": "url"
    },
    {
        "logtime": "2019/06/18 18:39:12",
        "logdata": "http://apis.juhe.cn/ip/ip2addr?ip=61.232.42.224&key=74bb0395667b8d0588df9ebd6fc36a12"
    },
    {
        "logtime": "2019/06/18 18:39:12",
        "logdata": ""
    },
    {
        "logtime": "2019/06/18 18:39:12",
        "logdata": "url"
    },
    {
        "logtime": "2019/06/18 18:39:12",
        "logdata": "http://apis.juhe.cn/ip/ip2addr?ip=222.47.205.239&key=74bb0395667b8d0588df9ebd6fc36a12"
    },
    {
        "logtime": "2019/06/18 18:39:12",
        "logdata": ""
    },
    {
        "logtime": "2019/06/18 18:39:12",
        "logdata": "url"
    },
    {
        "logtime": "2019/06/18 18:39:12",
        "logdata": "http://apis.juhe.cn/ip/ip2addr?ip=171.10.53.40&key=74bb0395667b8d0588df9ebd6fc36a12"
    },
    {
        "logtime": "2019/06/18 18:39:12",
        "logdata": ""
    },
    {
        "logtime": "2019/06/18 18:39:12",
        "logdata": "url"
    },
    {
        "logtime": "2019/06/18 18:39:12",
        "logdata": "http://apis.juhe.cn/ip/ip2addr?ip=210.40.61.45&key=74bb0395667b8d0588df9ebd6fc36a12"
    },
    {
        "logtime": "2019/06/18 18:39:12",
        "logdata": ""
    },
    {
        "logtime": "2019/06/18 18:39:12",
        "logdata": "url"
    },
    {
        "logtime": "2019/06/18 18:39:12",
        "logdata": "http://apis.juhe.cn/ip/ip2addr?ip=210.38.55.101&key=74bb0395667b8d0588df9ebd6fc36a12"
    },
    {
        "logtime": "2019/06/18 18:39:12",
        "logdata": ""
    },
    {
        "logtime": "2019/06/18 18:39:12",
        "logdata": "url"
    },
    {
        "logtime": "2019/06/18 18:39:12",
        "logdata": "http://apis.juhe.cn/ip/ip2addr?ip=121.77.8.149&key=74bb0395667b8d0588df9ebd6fc36a12"
    },
    {
        "logtime": "2019/06/18 18:39:12",
        "logdata": ""
    },
    {
        "logtime": "2019/06/18 18:39:12",
        "logdata": "url"
    },
    {
        "logtime": "2019/06/18 18:39:12",
        "logdata": "http://apis.juhe.cn/ip/ip2addr?ip=36.63.220.51&key=74bb0395667b8d0588df9ebd6fc36a12"
    },
    {
        "logtime": "2019/06/18 18:39:12",
        "logdata": ""
    },
    {
        "logtime": "2019/06/18 18:39:12",
        "logdata": "url"
    },
    {
        "logtime": "2019/06/18 18:39:12",
        "logdata": "http://apis.juhe.cn/ip/ip2addr?ip=139.215.1.48&key=74bb0395667b8d0588df9ebd6fc36a12"
    },
    {
        "logtime": "2019/06/18 18:39:12",
        "logdata": ""
    },
    {
        "logtime": "2019/06/18 18:39:12",
        "logdata": "url"
    },
    {
        "logtime": "2019/06/18 18:39:12",
        "logdata": "http://apis.juhe.cn/ip/ip2addr?ip=61.235.151.3&key=74bb0395667b8d0588df9ebd6fc36a12"
    },
    {
        "logtime": "2019/06/18 18:39:12",
        "logdata": ""
    },
    {
        "logtime": "2019/06/18 18:39:12",
        "logdata": "url"
    },
    {
        "logtime": "2019/06/18 18:39:12",
        "logdata": "http://apis.juhe.cn/ip/ip2addr?ip=36.59.206.211&key=74bb0395667b8d0588df9ebd6fc36a12"
    },
    {
        "logtime": "2019/06/18 18:39:12",
        "logdata": ""
    },
    {
        "logtime": "2019/06/18 18:39:12",
        "logdata": "url"
    },
    {
        "logtime": "2019/06/18 18:39:12",
        "logdata": "http://apis.juhe.cn/ip/ip2addr?ip=182.81.162.250&key=74bb0395667b8d0588df9ebd6fc36a12"
    },
    {
        "logtime": "2019/06/18 18:39:12",
        "logdata": ""
    },
    {
        "logtime": "2019/06/18 18:39:12",
        "logdata": "url"
    },
    {
        "logtime": "2019/06/18 18:39:12",
        "logdata": "http://apis.juhe.cn/ip/ip2addr?ip=36.62.132.18&key=74bb0395667b8d0588df9ebd6fc36a12"
    },
    {
        "logtime": "2019/06/18 18:39:12",
        "logdata": ""
    },
    {
        "logtime": "2019/06/18 18:39:12",
        "logdata": "url"
    },
    {
        "logtime": "2019/06/18 18:39:12",
        "logdata": "http://apis.juhe.cn/ip/ip2addr?ip=123.235.235.78&key=74bb0395667b8d0588df9ebd6fc36a12"
    },
    {
        "logtime": "2019/06/18 18:39:12",
        "logdata": ""
    },
    {
        "logtime": "2019/06/18 18:39:12",
        "logdata": "url"
    },
    {
        "logtime": "2019/06/18 18:39:12",
        "logdata": "http://apis.juhe.cn/ip/ip2addr?ip=210.36.191.101&key=74bb0395667b8d0588df9ebd6fc36a12"
    },
    {
        "logtime": "2019/06/18 18:39:12",
        "logdata": ""
    },
    {
        "logtime": "2019/06/18 18:39:12",
        "logdata": "url"
    },
    {
        "logtime": "2019/06/18 18:39:12",
        "logdata": "http://apis.juhe.cn/ip/ip2addr?ip=171.11.173.98&key=74bb0395667b8d0588df9ebd6fc36a12"
    },
    {
        "logtime": "2019/06/18 18:39:12",
        "logdata": ""
    },
    {
        "logtime": "2019/06/18 18:39:12",
        "logdata": "url"
    },
    {
        "logtime": "2019/06/18 18:39:12",
        "logdata": "http://apis.juhe.cn/ip/ip2addr?ip=123.235.196.0&key=74bb0395667b8d0588df9ebd6fc36a12"
    },
    {
        "logtime": "2019/06/18 18:39:12",
        "logdata": ""
    },
    {
        "logtime": "2019/06/18 18:39:12",
        "logdata": "url"
    },
    {
        "logtime": "2019/06/18 18:39:12",
        "logdata": "http://apis.juhe.cn/ip/ip2addr?ip=171.15.242.26&key=74bb0395667b8d0588df9ebd6fc36a12"
    },
    {
        "logtime": "2019/06/18 18:39:13",
        "logdata": ""
    },
    {
        "logtime": "2019/06/18 18:39:13",
        "logdata": "url"
    },
    {
        "logtime": "2019/06/18 18:39:13",
        "logdata": "http://apis.juhe.cn/ip/ip2addr?ip=36.58.107.20&key=74bb0395667b8d0588df9ebd6fc36a12"
    },
    {
        "logtime": "2019/06/18 18:39:13",
        "logdata": ""
    },
    {
        "logtime": "2019/06/18 18:39:13",
        "logdata": "url"
    },
    {
        "logtime": "2019/06/18 18:39:13",
        "logdata": "http://apis.juhe.cn/ip/ip2addr?ip=61.236.108.166&key=74bb0395667b8d0588df9ebd6fc36a12"
    },
    {
        "logtime": "2019/06/18 18:39:13",
        "logdata": ""
    },
    {
        "logtime": "2019/06/18 18:39:13",
        "logdata": "url"
    },
    {
        "logtime": "2019/06/18 18:39:13",
        "logdata": "http://apis.juhe.cn/ip/ip2addr?ip=61.233.138.247&key=74bb0395667b8d0588df9ebd6fc36a12"
    },
    {
        "logtime": "2019/06/18 18:39:13",
        "logdata": ""
    },
    {
        "logtime": "2019/06/18 18:39:13",
        "logdata": "url"
    },
    {
        "logtime": "2019/06/18 18:39:13",
        "logdata": "http://apis.juhe.cn/ip/ip2addr?ip=182.87.200.221&key=74bb0395667b8d0588df9ebd6fc36a12"
    },
    {
        "logtime": "2019/06/18 18:39:13",
        "logdata": ""
    },
    {
        "logtime": "2019/06/18 18:39:13",
        "logdata": "url"
    },
    {
        "logtime": "2019/06/18 18:39:13",
        "logdata": "http://apis.juhe.cn/ip/ip2addr?ip=210.47.78.252&key=74bb0395667b8d0588df9ebd6fc36a12"
    },
    {
        "logtime": "2019/06/18 18:39:13",
        "logdata": ""
    },
    {
        "logtime": "2019/06/18 18:39:13",
        "logdata": "url"
    },
    {
        "logtime": "2019/06/18 18:39:13",
        "logdata": "http://apis.juhe.cn/ip/ip2addr?ip=121.76.91.104&key=74bb0395667b8d0588df9ebd6fc36a12"
    },
    {
        "logtime": "2019/06/18 18:39:13",
        "logdata": ""
    },
    {
        "logtime": "2019/06/18 18:39:13",
        "logdata": "url"
    },
    {
        "logtime": "2019/06/18 18:39:13",
        "logdata": "http://apis.juhe.cn/ip/ip2addr?ip=106.85.225.225&key=74bb0395667b8d0588df9ebd6fc36a12"
    },
    {
        "logtime": "2019/06/18 18:39:13",
        "logdata": ""
    },
    {
        "logtime": "2019/06/18 18:39:13",
        "logdata": "url"
    },
    {
        "logtime": "2019/06/18 18:39:13",
        "logdata": "http://apis.juhe.cn/ip/ip2addr?ip=121.77.202.171&key=74bb0395667b8d0588df9ebd6fc36a12"
    },
    {
        "logtime": "2019/06/18 18:39:13",
        "logdata": ""
    },
    {
        "logtime": "2019/06/18 18:39:13",
        "logdata": "url"
    },
    {
        "logtime": "2019/06/18 18:39:13",
        "logdata": "http://apis.juhe.cn/ip/ip2addr?ip=222.83.244.14&key=74bb0395667b8d0588df9ebd6fc36a12"
    },
    {
        "logtime": "2019/06/18 18:39:13",
        "logdata": ""
    },
    {
        "logtime": "2019/06/18 18:39:13",
        "logdata": "url"
    },
    {
        "logtime": "2019/06/18 18:39:13",
        "logdata": "http://apis.juhe.cn/ip/ip2addr?ip=182.81.248.90&key=74bb0395667b8d0588df9ebd6fc36a12"
    },
    {
        "logtime": "2019/06/18 18:39:13",
        "logdata": ""
    },
    {
        "logtime": "2019/06/18 18:39:13",
        "logdata": "url"
    },
    {
        "logtime": "2019/06/18 18:39:13",
        "logdata": "http://apis.juhe.cn/ip/ip2addr?ip=106.88.223.81&key=74bb0395667b8d0588df9ebd6fc36a12"
    },
    {
        "logtime": "2019/06/18 18:39:13",
        "logdata": ""
    },
    {
        "logtime": "2019/06/18 18:39:13",
        "logdata": "url"
    },
    {
        "logtime": "2019/06/18 18:39:13",
        "logdata": "http://apis.juhe.cn/ip/ip2addr?ip=123.235.41.112&key=74bb0395667b8d0588df9ebd6fc36a12"
    },
    {
        "logtime": "2019/06/18 18:39:13",
        "logdata": ""
    },
    {
        "logtime": "2019/06/18 18:39:13",
        "logdata": "url"
    },
    {
        "logtime": "2019/06/18 18:39:13",
        "logdata": "http://apis.juhe.cn/ip/ip2addr?ip=139.211.166.237&key=74bb0395667b8d0588df9ebd6fc36a12"
    },
    {
        "logtime": "2019/06/18 18:39:13",
        "logdata": ""
    },
    {
        "logtime": "2019/06/18 18:39:13",
        "logdata": "url"
    },
    {
        "logtime": "2019/06/18 18:39:13",
        "logdata": "http://apis.juhe.cn/ip/ip2addr?ip=36.56.21.95&key=74bb0395667b8d0588df9ebd6fc36a12"
    },
    {
        "logtime": "2019/06/18 18:39:13",
        "logdata": ""
    },
    {
        "logtime": "2019/06/18 18:39:13",
        "logdata": "url"
    },
    {
        "logtime": "2019/06/18 18:39:13",
        "logdata": "http://apis.juhe.cn/ip/ip2addr?ip=61.235.112.149&key=74bb0395667b8d0588df9ebd6fc36a12"
    },
    {
        "logtime": "2019/06/18 18:39:13",
        "logdata": ""
    },
    {
        "logtime": "2019/06/18 18:39:13",
        "logdata": "url"
    },
    {
        "logtime": "2019/06/18 18:39:13",
        "logdata": "http://apis.juhe.cn/ip/ip2addr?ip=106.86.221.65&key=74bb0395667b8d0588df9ebd6fc36a12"
    },
    {
        "logtime": "2019/06/18 18:39:13",
        "logdata": ""
    },
    {
        "logtime": "2019/06/18 18:39:13",
        "logdata": "url"
    },
    {
        "logtime": "2019/06/18 18:39:13",
        "logdata": "http://apis.juhe.cn/ip/ip2addr?ip=121.76.119.176&key=74bb0395667b8d0588df9ebd6fc36a12"
    },
    {
        "logtime": "2019/06/18 18:39:13",
        "logdata": ""
    },
    {
        "logtime": "2019/06/18 18:39:13",
        "logdata": "url"
    },
    {
        "logtime": "2019/06/18 18:39:13",
        "logdata": "http://apis.juhe.cn/ip/ip2addr?ip=171.15.31.59&key=74bb0395667b8d0588df9ebd6fc36a12"
    },
    {
        "logtime": "2019/06/18 18:39:13",
        "logdata": ""
    },
    {
        "logtime": "2019/06/18 18:39:13",
        "logdata": "url"
    },
    {
        "logtime": "2019/06/18 18:39:13",
        "logdata": "http://apis.juhe.cn/ip/ip2addr?ip=210.36.250.194&key=74bb0395667b8d0588df9ebd6fc36a12"
    },
    {
        "logtime": "2019/06/18 18:39:13",
        "logdata": ""
    },
    {
        "logtime": "2019/06/18 18:39:13",
        "logdata": "url"
    },
    {
        "logtime": "2019/06/18 18:39:13",
        "logdata": "http://apis.juhe.cn/ip/ip2addr?ip=123.232.135.88&key=74bb0395667b8d0588df9ebd6fc36a12"
    },
    {
        "logtime": "2019/06/18 18:39:13",
        "logdata": ""
    },
    {
        "logtime": "2019/06/18 18:39:13",
        "logdata": "url"
    },
    {
        "logtime": "2019/06/18 18:39:13",
        "logdata": "http://apis.juhe.cn/ip/ip2addr?ip=222.28.161.253&key=74bb0395667b8d0588df9ebd6fc36a12"
    },
    {
        "logtime": "2019/06/18 18:39:13",
        "logdata": ""
    },
    {
        "logtime": "2019/06/18 18:39:13",
        "logdata": "url"
    },
    {
        "logtime": "2019/06/18 18:39:13",
        "logdata": "http://apis.juhe.cn/ip/ip2addr?ip=36.62.213.220&key=74bb0395667b8d0588df9ebd6fc36a12"
    },
    {
        "logtime": "2019/06/18 18:39:13",
        "logdata": ""
    },
    {
        "logtime": "2019/06/18 18:39:13",
        "logdata": "url"
    },
    {
        "logtime": "2019/06/18 18:39:13",
        "logdata": "http://apis.juhe.cn/ip/ip2addr?ip=61.235.53.42&key=74bb0395667b8d0588df9ebd6fc36a12"
    },
    {
        "logtime": "2019/06/18 18:39:13",
        "logdata": ""
    },
    {
        "logtime": "2019/06/18 18:39:13",
        "logdata": "url"
    },
    {
        "logtime": "2019/06/18 18:39:13",
        "logdata": "http://apis.juhe.cn/ip/ip2addr?ip=210.33.169.221&key=74bb0395667b8d0588df9ebd6fc36a12"
    },
    {
        "logtime": "2019/06/18 18:39:14",
        "logdata": ""
    },
    {
        "logtime": "2019/06/18 18:39:14",
        "logdata": "url"
    },
    {
        "logtime": "2019/06/18 18:39:14",
        "logdata": "http://apis.juhe.cn/ip/ip2addr?ip=182.83.227.220&key=74bb0395667b8d0588df9ebd6fc36a12"
    },
    {
        "logtime": "2019/06/18 18:39:14",
        "logdata": ""
    },
    {
        "logtime": "2019/06/18 18:39:14",
        "logdata": "url"
    },
    {
        "logtime": "2019/06/18 18:39:14",
        "logdata": "http://apis.juhe.cn/ip/ip2addr?ip=139.209.22.94&key=74bb0395667b8d0588df9ebd6fc36a12"
    },
    {
        "logtime": "2019/06/18 18:39:14",
        "logdata": ""
    },
    {
        "logtime": "2019/06/18 18:39:14",
        "logdata": "url"
    },
    {
        "logtime": "2019/06/18 18:39:14",
        "logdata": "http://apis.juhe.cn/ip/ip2addr?ip=121.77.175.19&key=74bb0395667b8d0588df9ebd6fc36a12"
    },
    {
        "logtime": "2019/06/18 18:39:14",
        "logdata": ""
    },
    {
        "logtime": "2019/06/18 18:39:14",
        "logdata": "url"
    },
    {
        "logtime": "2019/06/18 18:39:14",
        "logdata": "http://apis.juhe.cn/ip/ip2addr?ip=139.199.42.4&key=74bb0395667b8d0588df9ebd6fc36a12"
    },
    {
        "logtime": "2019/06/18 18:39:14",
        "logdata": ""
    },
    {
        "logtime": "2019/06/18 18:39:14",
        "logdata": "url"
    },
    {
        "logtime": "2019/06/18 18:39:14",
        "logdata": "http://apis.juhe.cn/ip/ip2addr?ip=182.92.157.125&key=74bb0395667b8d0588df9ebd6fc36a12"
    },
    {
        "logtime": "2019/06/18 18:39:14",
        "logdata": ""
    },
    {
        "logtime": "2019/06/18 18:39:14",
        "logdata": "url"
    },
    {
        "logtime": "2019/06/18 18:39:14",
        "logdata": "http://apis.juhe.cn/ip/ip2addr?ip=182.87.105.105&key=74bb0395667b8d0588df9ebd6fc36a12"
    },
    {
        "logtime": "2019/06/18 18:39:14",
        "logdata": ""
    },
    {
        "logtime": "2019/06/18 18:39:14",
        "logdata": "url"
    },
    {
        "logtime": "2019/06/18 18:39:14",
        "logdata": "http://apis.juhe.cn/ip/ip2addr?ip=182.87.58.215&key=74bb0395667b8d0588df9ebd6fc36a12"
    },
    {
        "logtime": "2019/06/18 18:39:14",
        "logdata": ""
    },
    {
        "logtime": "2019/06/18 18:39:14",
        "logdata": "url"
    },
    {
        "logtime": "2019/06/18 18:39:14",
        "logdata": "http://apis.juhe.cn/ip/ip2addr?ip=61.234.122.91&key=74bb0395667b8d0588df9ebd6fc36a12"
    },
    {
        "logtime": "2019/06/18 18:39:14",
        "logdata": ""
    },
    {
        "logtime": "2019/06/18 18:39:14",
        "logdata": "url"
    },
    {
        "logtime": "2019/06/18 18:39:14",
        "logdata": "http://apis.juhe.cn/ip/ip2addr?ip=123.232.197.1&key=74bb0395667b8d0588df9ebd6fc36a12"
    },
    {
        "logtime": "2019/06/18 18:39:14",
        "logdata": ""
    },
    {
        "logtime": "2019/06/18 18:39:14",
        "logdata": "url"
    },
    {
        "logtime": "2019/06/18 18:39:14",
        "logdata": "http://apis.juhe.cn/ip/ip2addr?ip=106.93.167.97&key=74bb0395667b8d0588df9ebd6fc36a12"
    },
    {
        "logtime": "2019/06/18 18:39:14",
        "logdata": ""
    },
    {
        "logtime": "2019/06/18 18:39:14",
        "logdata": "url"
    },
    {
        "logtime": "2019/06/18 18:39:14",
        "logdata": "http://apis.juhe.cn/ip/ip2addr?ip=61.235.176.149&key=74bb0395667b8d0588df9ebd6fc36a12"
    },
    {
        "logtime": "2019/06/18 18:39:14",
        "logdata": ""
    },
    {
        "logtime": "2019/06/18 18:39:14",
        "logdata": "url"
    },
    {
        "logtime": "2019/06/18 18:39:14",
        "logdata": "http://apis.juhe.cn/ip/ip2addr?ip=182.87.192.136&key=74bb0395667b8d0588df9ebd6fc36a12"
    },
    {
        "logtime": "2019/06/18 18:39:14",
        "logdata": ""
    },
    {
        "logtime": "2019/06/18 18:39:14",
        "logdata": "url"
    },
    {
        "logtime": "2019/06/18 18:39:14",
        "logdata": "http://apis.juhe.cn/ip/ip2addr?ip=61.235.199.206&key=74bb0395667b8d0588df9ebd6fc36a12"
    },
    {
        "logtime": "2019/06/18 18:39:14",
        "logdata": ""
    },
    {
        "logtime": "2019/06/18 18:39:14",
        "logdata": "url"
    },
    {
        "logtime": "2019/06/18 18:39:14",
        "logdata": "http://apis.juhe.cn/ip/ip2addr?ip=171.8.244.77&key=74bb0395667b8d0588df9ebd6fc36a12"
    },
    {
        "logtime": "2019/06/18 18:39:14",
        "logdata": ""
    },
    {
        "logtime": "2019/06/18 18:39:14",
        "logdata": "url"
    },
    {
        "logtime": "2019/06/18 18:39:14",
        "logdata": "http://apis.juhe.cn/ip/ip2addr?ip=210.45.96.85&key=74bb0395667b8d0588df9ebd6fc36a12"
    },
    {
        "logtime": "2019/06/18 18:39:14",
        "logdata": ""
    },
    {
        "logtime": "2019/06/18 18:39:14",
        "logdata": "url"
    },
    {
        "logtime": "2019/06/18 18:39:14",
        "logdata": "http://apis.juhe.cn/ip/ip2addr?ip=139.204.123.52&key=74bb0395667b8d0588df9ebd6fc36a12"
    },
    {
        "logtime": "2019/06/18 18:39:14",
        "logdata": ""
    },
    {
        "logtime": "2019/06/18 18:39:14",
        "logdata": "url"
    },
    {
        "logtime": "2019/06/18 18:39:14",
        "logdata": "http://apis.juhe.cn/ip/ip2addr?ip=139.214.151.124&key=74bb0395667b8d0588df9ebd6fc36a12"
    },
    {
        "logtime": "2019/06/18 18:39:14",
        "logdata": ""
    },
    {
        "logtime": "2019/06/18 18:39:14",
        "logdata": "url"
    },
    {
        "logtime": "2019/06/18 18:39:14",
        "logdata": "http://apis.juhe.cn/ip/ip2addr?ip=123.234.106.88&key=74bb0395667b8d0588df9ebd6fc36a12"
    },
    {
        "logtime": "2019/06/18 18:39:14",
        "logdata": ""
    },
    {
        "logtime": "2019/06/18 18:39:14",
        "logdata": "url"
    },
    {
        "logtime": "2019/06/18 18:39:14",
        "logdata": "http://apis.juhe.cn/ip/ip2addr?ip=222.27.219.87&key=74bb0395667b8d0588df9ebd6fc36a12"
    },
    {
        "logtime": "2019/06/18 18:39:14",
        "logdata": ""
    },
    {
        "logtime": "2019/06/18 18:39:14",
        "logdata": "url"
    },
    {
        "logtime": "2019/06/18 18:39:14",
        "logdata": "http://apis.juhe.cn/ip/ip2addr?ip=36.58.118.243&key=74bb0395667b8d0588df9ebd6fc36a12"
    },
    {
        "logtime": "2019/06/18 18:39:14",
        "logdata": ""
    },
    {
        "logtime": "2019/06/18 18:39:14",
        "logdata": "url"
    },
    {
        "logtime": "2019/06/18 18:39:14",
        "logdata": "http://apis.juhe.cn/ip/ip2addr?ip=222.59.168.69&key=74bb0395667b8d0588df9ebd6fc36a12"
    },
    {
        "logtime": "2019/06/18 18:39:14",
        "logdata": ""
    },
    {
        "logtime": "2019/06/18 18:39:15",
        "logdata": "url"
    },
    {
        "logtime": "2019/06/18 18:39:15",
        "logdata": "http://apis.juhe.cn/ip/ip2addr?ip=182.85.84.121&key=74bb0395667b8d0588df9ebd6fc36a12"
    },
    {
        "logtime": "2019/06/18 18:39:15",
        "logdata": ""
    },
    {
        "logtime": "2019/06/18 18:39:15",
        "logdata": "url"
    },
    {
        "logtime": "2019/06/18 18:39:15",
        "logdata": "http://apis.juhe.cn/ip/ip2addr?ip=121.76.141.214&key=74bb0395667b8d0588df9ebd6fc36a12"
    },
    {
        "logtime": "2019/06/18 18:39:15",
        "logdata": ""
    },
    {
        "logtime": "2019/06/18 18:39:15",
        "logdata": "url"
    },
    {
        "logtime": "2019/06/18 18:39:15",
        "logdata": "http://apis.juhe.cn/ip/ip2addr?ip=222.35.141.184&key=74bb0395667b8d0588df9ebd6fc36a12"
    },
    {
        "logtime": "2019/06/18 18:39:15",
        "logdata": ""
    },
    {
        "logtime": "2019/06/18 18:39:15",
        "logdata": "url"
    },
    {
        "logtime": "2019/06/18 18:39:15",
        "logdata": "http://apis.juhe.cn/ip/ip2addr?ip=106.81.65.51&key=74bb0395667b8d0588df9ebd6fc36a12"
    },
    {
        "logtime": "2019/06/18 18:39:15",
        "logdata": ""
    },
    {
        "logtime": "2019/06/18 18:39:15",
        "logdata": "url"
    },
    {
        "logtime": "2019/06/18 18:39:15",
        "logdata": "http://apis.juhe.cn/ip/ip2addr?ip=61.234.201.236&key=74bb0395667b8d0588df9ebd6fc36a12"
    },
    {
        "logtime": "2019/06/18 18:39:15",
        "logdata": ""
    },
    {
        "logtime": "2019/06/18 18:39:15",
        "logdata": "url"
    },
    {
        "logtime": "2019/06/18 18:39:15",
        "logdata": "http://apis.juhe.cn/ip/ip2addr?ip=61.236.68.98&key=74bb0395667b8d0588df9ebd6fc36a12"
    },
    {
        "logtime": "2019/06/18 18:39:15",
        "logdata": ""
    },
    {
        "logtime": "2019/06/18 18:39:15",
        "logdata": "url"
    },
    {
        "logtime": "2019/06/18 18:39:15",
        "logdata": "http://apis.juhe.cn/ip/ip2addr?ip=61.232.168.144&key=74bb0395667b8d0588df9ebd6fc36a12"
    },
    {
        "logtime": "2019/06/18 18:39:15",
        "logdata": ""
    },
    {
        "logtime": "2019/06/18 18:39:15",
        "logdata": "url"
    },
    {
        "logtime": "2019/06/18 18:39:15",
        "logdata": "http://apis.juhe.cn/ip/ip2addr?ip=123.233.117.24&key=74bb0395667b8d0588df9ebd6fc36a12"
    },
    {
        "logtime": "2019/06/18 18:39:15",
        "logdata": ""
    },
    {
        "logtime": "2019/06/18 18:39:15",
        "logdata": "url"
    },
    {
        "logtime": "2019/06/18 18:39:15",
        "logdata": "http://apis.juhe.cn/ip/ip2addr?ip=36.61.111.111&key=74bb0395667b8d0588df9ebd6fc36a12"
    },
    {
        "logtime": "2019/06/18 18:39:15",
        "logdata": ""
    },
    {
        "logtime": "2019/06/18 18:39:15",
        "logdata": "url"
    },
    {
        "logtime": "2019/06/18 18:39:15",
        "logdata": "http://apis.juhe.cn/ip/ip2addr?ip=139.211.198.51&key=74bb0395667b8d0588df9ebd6fc36a12"
    },
    {
        "logtime": "2019/06/18 18:39:15",
        "logdata": ""
    },
    {
        "logtime": "2019/06/18 18:39:15",
        "logdata": "url"
    },
    {
        "logtime": "2019/06/18 18:39:15",
        "logdata": "http://apis.juhe.cn/ip/ip2addr?ip=121.76.118.133&key=74bb0395667b8d0588df9ebd6fc36a12"
    },
    {
        "logtime": "2019/06/18 18:39:15",
        "logdata": ""
    },
    {
        "logtime": "2019/06/18 18:39:15",
        "logdata": "url"
    },
    {
        "logtime": "2019/06/18 18:39:15",
        "logdata": "http://apis.juhe.cn/ip/ip2addr?ip=61.235.4.231&key=74bb0395667b8d0588df9ebd6fc36a12"
    },
    {
        "logtime": "2019/06/18 18:39:15",
        "logdata": ""
    },
    {
        "logtime": "2019/06/18 18:39:15",
        "logdata": "url"
    },
    {
        "logtime": "2019/06/18 18:39:15",
        "logdata": "http://apis.juhe.cn/ip/ip2addr?ip=182.82.235.66&key=74bb0395667b8d0588df9ebd6fc36a12"
    },
    {
        "logtime": "2019/06/18 18:39:15",
        "logdata": ""
    },
    {
        "logtime": "2019/06/18 18:39:15",
        "logdata": "url"
    },
    {
        "logtime": "2019/06/18 18:39:15",
        "logdata": "http://apis.juhe.cn/ip/ip2addr?ip=121.76.175.95&key=74bb0395667b8d0588df9ebd6fc36a12"
    },
    {
        "logtime": "2019/06/18 18:39:15",
        "logdata": ""
    },
    {
        "logtime": "2019/06/18 18:39:15",
        "logdata": "url"
    },
    {
        "logtime": "2019/06/18 18:39:15",
        "logdata": "http://apis.juhe.cn/ip/ip2addr?ip=139.212.161.23&key=74bb0395667b8d0588df9ebd6fc36a12"
    },
    {
        "logtime": "2019/06/18 18:39:15",
        "logdata": ""
    },
    {
        "logtime": "2019/06/18 18:39:15",
        "logdata": "url"
    },
    {
        "logtime": "2019/06/18 18:39:15",
        "logdata": "http://apis.juhe.cn/ip/ip2addr?ip=222.35.136.217&key=74bb0395667b8d0588df9ebd6fc36a12"
    },
    {
        "logtime": "2019/06/18 18:39:15",
        "logdata": ""
    },
    {
        "logtime": "2019/06/18 18:39:15",
        "logdata": "url"
    },
    {
        "logtime": "2019/06/18 18:39:15",
        "logdata": "http://apis.juhe.cn/ip/ip2addr?ip=61.235.205.229&key=74bb0395667b8d0588df9ebd6fc36a12"
    },
    {
        "logtime": "2019/06/18 18:39:15",
        "logdata": ""
    },
    {
        "logtime": "2019/06/18 18:39:15",
        "logdata": "url"
    },
    {
        "logtime": "2019/06/18 18:39:15",
        "logdata": "http://apis.juhe.cn/ip/ip2addr?ip=123.234.183.178&key=74bb0395667b8d0588df9ebd6fc36a12"
    },
    {
        "logtime": "2019/06/18 18:39:15",
        "logdata": ""
    },
    {
        "logtime": "2019/06/18 18:39:15",
        "logdata": {
            "_ServerResVersion": 4,
            "_Active": true,
            "_KindVersion": "101122049",
            "_KindType": 3,
            "_Module": "yule/oxbattle/",
            "_KindID": "104",
            "_Type": "yule",
            "nSitChair": 65535,
            "_KindName": "yule.oxbattle.",
            "nEnterRoomIndex": 1,
            "nSitTable": 65535,
            "_SortId": 7
        }
    },
    {
        "logtime": "2019/06/18 18:39:15",
        "logdata": "modulestr"
    },
    {
        "logtime": "2019/06/18 18:39:15",
        "logdata": "yule/oxbattle/"
    },
    {
        "logtime": "2019/06/18 18:39:16",
        "logdata": "url"
    },
    {
        "logtime": "2019/06/18 18:39:16",
        "logdata": "http://apis.juhe.cn/ip/ip2addr?ip=123.235.234.137&key=74bb0395667b8d0588df9ebd6fc36a12"
    },
    {
        "logtime": "2019/06/18 18:39:16",
        "logdata": ""
    },
    {
        "logtime": "2019/06/18 18:39:16",
        "logdata": "url"
    },
    {
        "logtime": "2019/06/18 18:39:16",
        "logdata": "http://apis.juhe.cn/ip/ip2addr?ip=171.9.254.217&key=74bb0395667b8d0588df9ebd6fc36a12"
    },
    {
        "logtime": "2019/06/18 18:39:16",
        "logdata": ""
    },
    {
        "logtime": "2019/06/18 18:39:16",
        "logdata": "url"
    },
    {
        "logtime": "2019/06/18 18:39:16",
        "logdata": "http://apis.juhe.cn/ip/ip2addr?ip=171.15.36.193&key=74bb0395667b8d0588df9ebd6fc36a12"
    },
    {
        "logtime": "2019/06/18 18:39:16",
        "logdata": ""
    },
    {
        "logtime": "2019/06/18 18:39:16",
        "logdata": "url"
    },
    {
        "logtime": "2019/06/18 18:39:16",
        "logdata": "http://apis.juhe.cn/ip/ip2addr?ip=121.77.251.209&key=74bb0395667b8d0588df9ebd6fc36a12"
    },
    {
        "logtime": "2019/06/18 18:39:16",
        "logdata": ""
    },
    {
        "logtime": "2019/06/18 18:39:16",
        "logdata": "url"
    },
    {
        "logtime": "2019/06/18 18:39:16",
        "logdata": "http://apis.juhe.cn/ip/ip2addr?ip=182.92.155.174&key=74bb0395667b8d0588df9ebd6fc36a12"
    },
    {
        "logtime": "2019/06/18 18:39:16",
        "logdata": ""
    },
    {
        "logtime": "2019/06/18 18:39:16",
        "logdata": "url"
    },
    {
        "logtime": "2019/06/18 18:39:16",
        "logdata": "http://apis.juhe.cn/ip/ip2addr?ip=222.47.205.239&key=74bb0395667b8d0588df9ebd6fc36a12"
    },
    {
        "logtime": "2019/06/18 18:39:16",
        "logdata": ""
    },
    {
        "logtime": "2019/06/18 18:39:16",
        "logdata": "url"
    },
    {
        "logtime": "2019/06/18 18:39:16",
        "logdata": "http://apis.juhe.cn/ip/ip2addr?ip=121.77.195.205&key=74bb0395667b8d0588df9ebd6fc36a12"
    },
    {
        "logtime": "2019/06/18 18:39:16",
        "logdata": ""
    },
    {
        "logtime": "2019/06/18 18:39:16",
        "logdata": "url"
    },
    {
        "logtime": "2019/06/18 18:39:16",
        "logdata": "http://apis.juhe.cn/ip/ip2addr?ip=139.197.75.195&key=74bb0395667b8d0588df9ebd6fc36a12"
    },
    {
        "logtime": "2019/06/18 18:39:16",
        "logdata": ""
    },
    {
        "logtime": "2019/06/18 18:39:16",
        "logdata": "url"
    },
    {
        "logtime": "2019/06/18 18:39:16",
        "logdata": "http://apis.juhe.cn/ip/ip2addr?ip=182.90.20.39&key=74bb0395667b8d0588df9ebd6fc36a12"
    },
    {
        "logtime": "2019/06/18 18:39:16",
        "logdata": ""
    },
    {
        "logtime": "2019/06/18 18:39:16",
        "logdata": "url"
    },
    {
        "logtime": "2019/06/18 18:39:16",
        "logdata": "http://apis.juhe.cn/ip/ip2addr?ip=61.233.84.191&key=74bb0395667b8d0588df9ebd6fc36a12"
    },
    {
        "logtime": "2019/06/18 18:39:16",
        "logdata": ""
    },
    {
        "logtime": "2019/06/18 18:39:16",
        "logdata": "url"
    },
    {
        "logtime": "2019/06/18 18:39:16",
        "logdata": "http://apis.juhe.cn/ip/ip2addr?ip=222.78.28.238&key=74bb0395667b8d0588df9ebd6fc36a12"
    },
    {
        "logtime": "2019/06/18 18:39:16",
        "logdata": ""
    },
    {
        "logtime": "2019/06/18 18:39:16",
        "logdata": "url"
    },
    {
        "logtime": "2019/06/18 18:39:16",
        "logdata": "http://apis.juhe.cn/ip/ip2addr?ip=106.91.157.183&key=74bb0395667b8d0588df9ebd6fc36a12"
    },
    {
        "logtime": "2019/06/18 18:39:16",
        "logdata": ""
    },
    {
        "logtime": "2019/06/18 18:39:16",
        "logdata": "url"
    },
    {
        "logtime": "2019/06/18 18:39:16",
        "logdata": "http://apis.juhe.cn/ip/ip2addr?ip=61.232.42.224&key=74bb0395667b8d0588df9ebd6fc36a12"
    },
    {
        "logtime": "2019/06/18 18:39:16",
        "logdata": ""
    },
    {
        "logtime": "2019/06/18 18:39:16",
        "logdata": "url"
    },
    {
        "logtime": "2019/06/18 18:39:16",
        "logdata": "http://apis.juhe.cn/ip/ip2addr?ip=222.16.229.204&key=74bb0395667b8d0588df9ebd6fc36a12"
    },
    {
        "logtime": "2019/06/18 18:39:16",
        "logdata": ""
    },
    {
        "logtime": "2019/06/18 18:39:16",
        "logdata": "url"
    },
    {
        "logtime": "2019/06/18 18:39:16",
        "logdata": "http://apis.juhe.cn/ip/ip2addr?ip=121.76.99.62&key=74bb0395667b8d0588df9ebd6fc36a12"
    },
    {
        "logtime": "2019/06/18 18:39:16",
        "logdata": ""
    },
    {
        "logtime": "2019/06/18 18:39:16",
        "logdata": "url"
    },
    {
        "logtime": "2019/06/18 18:39:16",
        "logdata": "http://apis.juhe.cn/ip/ip2addr?ip=121.77.125.255&key=74bb0395667b8d0588df9ebd6fc36a12"
    },
    {
        "logtime": "2019/06/18 18:39:16",
        "logdata": ""
    },
    {
        "logtime": "2019/06/18 18:39:16",
        "logdata": "url"
    },
    {
        "logtime": "2019/06/18 18:39:16",
        "logdata": "http://apis.juhe.cn/ip/ip2addr?ip=36.59.206.211&key=74bb0395667b8d0588df9ebd6fc36a12"
    },
    {
        "logtime": "2019/06/18 18:39:16",
        "logdata": ""
    },
    {
        "logtime": "2019/06/18 18:39:16",
        "logdata": "url"
    },
    {
        "logtime": "2019/06/18 18:39:16",
        "logdata": "http://apis.juhe.cn/ip/ip2addr?ip=210.36.250.194&key=74bb0395667b8d0588df9ebd6fc36a12"
    },
    {
        "logtime": "2019/06/18 18:39:17",
        "logdata": ""
    },
    {
        "logtime": "2019/06/18 18:39:17",
        "logdata": "url"
    },
    {
        "logtime": "2019/06/18 18:39:17",
        "logdata": "http://apis.juhe.cn/ip/ip2addr?ip=106.86.221.65&key=74bb0395667b8d0588df9ebd6fc36a12"
    },
    {
        "logtime": "2019/06/18 18:39:17",
        "logdata": ""
    },
    {
        "logtime": "2019/06/18 18:39:17",
        "logdata": "url"
    },
    {
        "logtime": "2019/06/18 18:39:17",
        "logdata": "http://apis.juhe.cn/ip/ip2addr?ip=210.33.169.221&key=74bb0395667b8d0588df9ebd6fc36a12"
    },
    {
        "logtime": "2019/06/18 18:39:17",
        "logdata": ""
    },
    {
        "logtime": "2019/06/18 18:39:17",
        "logdata": "url"
    },
    {
        "logtime": "2019/06/18 18:39:17",
        "logdata": "http://apis.juhe.cn/ip/ip2addr?ip=61.235.112.149&key=74bb0395667b8d0588df9ebd6fc36a12"
    },
    {
        "logtime": "2019/06/18 18:39:17",
        "logdata": ""
    },
    {
        "logtime": "2019/06/18 18:39:17",
        "logdata": "url"
    },
    {
        "logtime": "2019/06/18 18:39:17",
        "logdata": "http://apis.juhe.cn/ip/ip2addr?ip=222.83.244.14&key=74bb0395667b8d0588df9ebd6fc36a12"
    },
    {
        "logtime": "2019/06/18 18:39:17",
        "logdata": ""
    },
    {
        "logtime": "2019/06/18 18:39:17",
        "logdata": "url"
    },
    {
        "logtime": "2019/06/18 18:39:17",
        "logdata": "http://apis.juhe.cn/ip/ip2addr?ip=222.59.168.69&key=74bb0395667b8d0588df9ebd6fc36a12"
    },
    {
        "logtime": "2019/06/18 18:39:17",
        "logdata": ""
    },
    {
        "logtime": "2019/06/18 18:39:17",
        "logdata": "url"
    },
    {
        "logtime": "2019/06/18 18:39:17",
        "logdata": "http://apis.juhe.cn/ip/ip2addr?ip=36.62.213.220&key=74bb0395667b8d0588df9ebd6fc36a12"
    },
    {
        "logtime": "2019/06/18 18:39:17",
        "logdata": ""
    },
    {
        "logtime": "2019/06/18 18:39:17",
        "logdata": "url"
    },
    {
        "logtime": "2019/06/18 18:39:17",
        "logdata": "http://apis.juhe.cn/ip/ip2addr?ip=222.35.136.217&key=74bb0395667b8d0588df9ebd6fc36a12"
    },
    {
        "logtime": "2019/06/18 18:39:17",
        "logdata": ""
    },
    {
        "logtime": "2019/06/18 18:39:17",
        "logdata": "url"
    },
    {
        "logtime": "2019/06/18 18:39:17",
        "logdata": "http://apis.juhe.cn/ip/ip2addr?ip=123.234.183.178&key=74bb0395667b8d0588df9ebd6fc36a12"
    },
    {
        "logtime": "2019/06/18 18:39:17",
        "logdata": ""
    },
    {
        "logtime": "2019/06/18 18:39:17",
        "logdata": "url"
    },
    {
        "logtime": "2019/06/18 18:39:17",
        "logdata": "http://apis.juhe.cn/ip/ip2addr?ip=61.235.205.229&key=74bb0395667b8d0588df9ebd6fc36a12"
    },
    {
        "logtime": "2019/06/18 18:39:17",
        "logdata": ""
    },
    {
        "logtime": "2019/06/18 18:39:17",
        "logdata": "url"
    },
    {
        "logtime": "2019/06/18 18:39:17",
        "logdata": "http://apis.juhe.cn/ip/ip2addr?ip=222.85.19.143&key=74bb0395667b8d0588df9ebd6fc36a12"
    },
    {
        "logtime": "2019/06/18 18:39:17",
        "logdata": ""
    },
    {
        "logtime": "2019/06/18 18:39:17",
        "logdata": "url"
    },
    {
        "logtime": "2019/06/18 18:39:17",
        "logdata": "http://apis.juhe.cn/ip/ip2addr?ip=123.235.234.137&key=74bb0395667b8d0588df9ebd6fc36a12"
    },
    {
        "logtime": "2019/06/18 18:39:17",
        "logdata": ""
    },
    {
        "logtime": "2019/06/18 18:39:17",
        "logdata": "url"
    },
    {
        "logtime": "2019/06/18 18:39:17",
        "logdata": "http://apis.juhe.cn/ip/ip2addr?ip=121.77.251.209&key=74bb0395667b8d0588df9ebd6fc36a12"
    },
    {
        "logtime": "2019/06/18 18:39:17",
        "logdata": ""
    },
    {
        "logtime": "2019/06/18 18:39:17",
        "logdata": "url"
    },
    {
        "logtime": "2019/06/18 18:39:17",
        "logdata": "http://apis.juhe.cn/ip/ip2addr?ip=171.15.36.193&key=74bb0395667b8d0588df9ebd6fc36a12"
    },
    {
        "logtime": "2019/06/18 18:39:17",
        "logdata": ""
    },
    {
        "logtime": "2019/06/18 18:39:17",
        "logdata": "url"
    },
    {
        "logtime": "2019/06/18 18:39:17",
        "logdata": "http://apis.juhe.cn/ip/ip2addr?ip=139.197.75.195&key=74bb0395667b8d0588df9ebd6fc36a12"
    },
    {
        "logtime": "2019/06/18 18:39:17",
        "logdata": ""
    },
    {
        "logtime": "2019/06/18 18:39:17",
        "logdata": "url"
    },
    {
        "logtime": "2019/06/18 18:39:17",
        "logdata": "http://apis.juhe.cn/ip/ip2addr?ip=182.92.155.174&key=74bb0395667b8d0588df9ebd6fc36a12"
    },
    {
        "logtime": "2019/06/18 18:39:17",
        "logdata": ""
    },
    {
        "logtime": "2019/06/18 18:39:17",
        "logdata": "url"
    },
    {
        "logtime": "2019/06/18 18:39:17",
        "logdata": "http://apis.juhe.cn/ip/ip2addr?ip=222.47.205.239&key=74bb0395667b8d0588df9ebd6fc36a12"
    },
    {
        "logtime": "2019/06/18 18:39:17",
        "logdata": ""
    },
    {
        "logtime": "2019/06/18 18:39:18",
        "logdata": "url"
    },
    {
        "logtime": "2019/06/18 18:39:18",
        "logdata": "http://apis.juhe.cn/ip/ip2addr?ip=222.78.28.238&key=74bb0395667b8d0588df9ebd6fc36a12"
    },
    {
        "logtime": "2019/06/18 18:39:18",
        "logdata": ""
    },
    {
        "logtime": "2019/06/18 18:39:18",
        "logdata": "url"
    },
    {
        "logtime": "2019/06/18 18:39:18",
        "logdata": "http://apis.juhe.cn/ip/ip2addr?ip=171.9.254.217&key=74bb0395667b8d0588df9ebd6fc36a12"
    },
    {
        "logtime": "2019/06/18 18:39:18",
        "logdata": ""
    },
    {
        "logtime": "2019/06/18 18:39:18",
        "logdata": "url"
    },
    {
        "logtime": "2019/06/18 18:39:18",
        "logdata": "http://apis.juhe.cn/ip/ip2addr?ip=121.77.195.205&key=74bb0395667b8d0588df9ebd6fc36a12"
    },
    {
        "logtime": "2019/06/18 18:39:18",
        "logdata": ""
    },
    {
        "logtime": "2019/06/18 18:39:18",
        "logdata": "url"
    },
    {
        "logtime": "2019/06/18 18:39:18",
        "logdata": "http://apis.juhe.cn/ip/ip2addr?ip=182.90.20.39&key=74bb0395667b8d0588df9ebd6fc36a12"
    },
    {
        "logtime": "2019/06/18 18:39:18",
        "logdata": ""
    },
    {
        "logtime": "2019/06/18 18:39:18",
        "logdata": "url"
    },
    {
        "logtime": "2019/06/18 18:39:18",
        "logdata": "http://apis.juhe.cn/ip/ip2addr?ip=61.233.84.191&key=74bb0395667b8d0588df9ebd6fc36a12"
    },
    {
        "logtime": "2019/06/18 18:39:18",
        "logdata": ""
    },
    {
        "logtime": "2019/06/18 18:39:18",
        "logdata": "url"
    },
    {
        "logtime": "2019/06/18 18:39:18",
        "logdata": "http://apis.juhe.cn/ip/ip2addr?ip=61.232.42.224&key=74bb0395667b8d0588df9ebd6fc36a12"
    },
    {
        "logtime": "2019/06/18 18:39:18",
        "logdata": ""
    },
    {
        "logtime": "2019/06/18 18:39:18",
        "logdata": "url"
    },
    {
        "logtime": "2019/06/18 18:39:18",
        "logdata": "http://apis.juhe.cn/ip/ip2addr?ip=121.76.99.62&key=74bb0395667b8d0588df9ebd6fc36a12"
    },
    {
        "logtime": "2019/06/18 18:39:18",
        "logdata": ""
    }
]