[
    {
        "logtime": "2019/07/30 17:33:00",
        "logdata": "keys2"
    },
    {
        "logtime": "2019/07/30 17:33:00",
        "logdata": "byte"
    },
    {
        "logtime": "2019/07/30 17:33:00",
        "logdata": "keys2"
    },
    {
        "logtime": "2019/07/30 17:33:00",
        "logdata": "word"
    },
    {
        "logtime": "2019/07/30 17:33:00",
        "logdata": "keys2"
    },
    {
        "logtime": "2019/07/30 17:33:00",
        "logdata": "word"
    },
    {
        "logtime": "2019/07/30 17:33:00",
        "logdata": "keys2"
    },
    {
        "logtime": "2019/07/30 17:33:00",
        "logdata": "int"
    },
    {
        "logtime": "2019/07/30 17:33:00",
        "logdata": "keys2"
    },
    {
        "logtime": "2019/07/30 17:33:00",
        "logdata": "bool"
    },
    {
        "logtime": "2019/07/30 17:33:00",
        "logdata": "keys2"
    },
    {
        "logtime": "2019/07/30 17:33:00",
        "logdata": "byte"
    },
    {
        "logtime": "2019/07/30 17:33:00",
        "logdata": "keys2"
    },
    {
        "logtime": "2019/07/30 17:33:00",
        "logdata": "byte"
    },
    {
        "logtime": "2019/07/30 17:33:00",
        "logdata": "keys2"
    },
    {
        "logtime": "2019/07/30 17:33:00",
        "logdata": "bool"
    },
    {
        "logtime": "2019/07/30 17:33:00",
        "logdata": "keys2"
    },
    {
        "logtime": "2019/07/30 17:33:00",
        "logdata": "word"
    },
    {
        "logtime": "2019/07/30 17:33:08",
        "logdata": "keys2"
    },
    {
        "logtime": "2019/07/30 17:33:08",
        "logdata": "byte"
    },
    {
        "logtime": "2019/07/30 17:33:08",
        "logdata": "keys2"
    },
    {
        "logtime": "2019/07/30 17:33:08",
        "logdata": "word"
    },
    {
        "logtime": "2019/07/30 17:33:08",
        "logdata": "keys2"
    },
    {
        "logtime": "2019/07/30 17:33:08",
        "logdata": "word"
    },
    {
        "logtime": "2019/07/30 17:33:08",
        "logdata": "keys2"
    },
    {
        "logtime": "2019/07/30 17:33:08",
        "logdata": "bool"
    },
    {
        "logtime": "2019/07/30 17:33:08",
        "logdata": "keys2"
    },
    {
        "logtime": "2019/07/30 17:33:08",
        "logdata": "byte"
    },
    {
        "logtime": "2019/07/30 17:33:13",
        "logdata": "keys2"
    },
    {
        "logtime": "2019/07/30 17:33:13",
        "logdata": "byte"
    },
    {
        "logtime": "2019/07/30 17:33:13",
        "logdata": "keys2"
    },
    {
        "logtime": "2019/07/30 17:33:13",
        "logdata": "word"
    },
    {
        "logtime": "2019/07/30 17:33:13",
        "logdata": "keys2"
    },
    {
        "logtime": "2019/07/30 17:33:13",
        "logdata": "word"
    },
    {
        "logtime": "2019/07/30 17:33:13",
        "logdata": "keys2"
    },
    {
        "logtime": "2019/07/30 17:33:13",
        "logdata": "int"
    },
    {
        "logtime": "2019/07/30 17:33:13",
        "logdata": "keys2"
    },
    {
        "logtime": "2019/07/30 17:33:13",
        "logdata": "bool"
    },
    {
        "logtime": "2019/07/30 17:33:13",
        "logdata": "keys2"
    },
    {
        "logtime": "2019/07/30 17:33:13",
        "logdata": "byte"
    },
    {
        "logtime": "2019/07/30 17:33:13",
        "logdata": "keys2"
    },
    {
        "logtime": "2019/07/30 17:33:13",
        "logdata": "byte"
    },
    {
        "logtime": "2019/07/30 17:33:13",
        "logdata": "keys2"
    },
    {
        "logtime": "2019/07/30 17:33:13",
        "logdata": "bool"
    },
    {
        "logtime": "2019/07/30 17:33:13",
        "logdata": "keys2"
    },
    {
        "logtime": "2019/07/30 17:33:13",
        "logdata": "word"
    },
    {
        "logtime": "2019/07/30 17:33:17",
        "logdata": "keys2"
    },
    {
        "logtime": "2019/07/30 17:33:17",
        "logdata": "byte"
    },
    {
        "logtime": "2019/07/30 17:33:17",
        "logdata": "keys2"
    },
    {
        "logtime": "2019/07/30 17:33:17",
        "logdata": "word"
    },
    {
        "logtime": "2019/07/30 17:33:17",
        "logdata": "keys2"
    },
    {
        "logtime": "2019/07/30 17:33:17",
        "logdata": "word"
    },
    {
        "logtime": "2019/07/30 17:33:17",
        "logdata": "keys2"
    },
    {
        "logtime": "2019/07/30 17:33:17",
        "logdata": "bool"
    },
    {
        "logtime": "2019/07/30 17:33:17",
        "logdata": "keys2"
    },
    {
        "logtime": "2019/07/30 17:33:17",
        "logdata": "byte"
    },
    {
        "logtime": "2019/07/30 17:33:20",
        "logdata": "keys2"
    },
    {
        "logtime": "2019/07/30 17:33:20",
        "logdata": "byte"
    },
    {
        "logtime": "2019/07/30 17:33:20",
        "logdata": "keys2"
    },
    {
        "logtime": "2019/07/30 17:33:20",
        "logdata": "word"
    },
    {
        "logtime": "2019/07/30 17:33:20",
        "logdata": "keys2"
    },
    {
        "logtime": "2019/07/30 17:33:20",
        "logdata": "word"
    },
    {
        "logtime": "2019/07/30 17:33:20",
        "logdata": "keys2"
    },
    {
        "logtime": "2019/07/30 17:33:20",
        "logdata": "int"
    },
    {
        "logtime": "2019/07/30 17:33:20",
        "logdata": "keys2"
    },
    {
        "logtime": "2019/07/30 17:33:20",
        "logdata": "bool"
    },
    {
        "logtime": "2019/07/30 17:33:20",
        "logdata": "keys2"
    },
    {
        "logtime": "2019/07/30 17:33:20",
        "logdata": "byte"
    },
    {
        "logtime": "2019/07/30 17:33:20",
        "logdata": "keys2"
    },
    {
        "logtime": "2019/07/30 17:33:20",
        "logdata": "byte"
    },
    {
        "logtime": "2019/07/30 17:33:20",
        "logdata": "keys2"
    },
    {
        "logtime": "2019/07/30 17:33:20",
        "logdata": "bool"
    },
    {
        "logtime": "2019/07/30 17:33:20",
        "logdata": "keys2"
    },
    {
        "logtime": "2019/07/30 17:33:20",
        "logdata": "word"
    },
    {
        "logtime": "2019/07/30 17:33:25",
        "logdata": "keys2"
    },
    {
        "logtime": "2019/07/30 17:33:25",
        "logdata": "byte"
    },
    {
        "logtime": "2019/07/30 17:33:25",
        "logdata": "keys2"
    },
    {
        "logtime": "2019/07/30 17:33:25",
        "logdata": "word"
    },
    {
        "logtime": "2019/07/30 17:33:25",
        "logdata": "keys2"
    },
    {
        "logtime": "2019/07/30 17:33:25",
        "logdata": "word"
    },
    {
        "logtime": "2019/07/30 17:33:25",
        "logdata": "keys2"
    },
    {
        "logtime": "2019/07/30 17:33:25",
        "logdata": "bool"
    },
    {
        "logtime": "2019/07/30 17:33:25",
        "logdata": "keys2"
    },
    {
        "logtime": "2019/07/30 17:33:25",
        "logdata": "byte"
    },
    {
        "logtime": "2019/07/30 17:33:26",
        "logdata": "keys2"
    },
    {
        "logtime": "2019/07/30 17:33:26",
        "logdata": "byte"
    },
    {
        "logtime": "2019/07/30 17:33:26",
        "logdata": "keys2"
    },
    {
        "logtime": "2019/07/30 17:33:26",
        "logdata": "word"
    },
    {
        "logtime": "2019/07/30 17:33:26",
        "logdata": "keys2"
    },
    {
        "logtime": "2019/07/30 17:33:26",
        "logdata": "word"
    },
    {
        "logtime": "2019/07/30 17:33:26",
        "logdata": "keys2"
    },
    {
        "logtime": "2019/07/30 17:33:26",
        "logdata": "int"
    },
    {
        "logtime": "2019/07/30 17:33:26",
        "logdata": "keys2"
    },
    {
        "logtime": "2019/07/30 17:33:26",
        "logdata": "bool"
    },
    {
        "logtime": "2019/07/30 17:33:26",
        "logdata": "keys2"
    },
    {
        "logtime": "2019/07/30 17:33:26",
        "logdata": "byte"
    },
    {
        "logtime": "2019/07/30 17:33:27",
        "logdata": "keys2"
    },
    {
        "logtime": "2019/07/30 17:33:27",
        "logdata": "byte"
    },
    {
        "logtime": "2019/07/30 17:33:27",
        "logdata": "keys2"
    },
    {
        "logtime": "2019/07/30 17:33:27",
        "logdata": "bool"
    },
    {
        "logtime": "2019/07/30 17:33:27",
        "logdata": "keys2"
    },
    {
        "logtime": "2019/07/30 17:33:27",
        "logdata": "word"
    },
    {
        "logtime": "2019/07/30 17:33:28",
        "logdata": "keys2"
    },
    {
        "logtime": "2019/07/30 17:33:28",
        "logdata": "byte"
    },
    {
        "logtime": "2019/07/30 17:33:28",
        "logdata": "keys2"
    },
    {
        "logtime": "2019/07/30 17:33:28",
        "logdata": "word"
    },
    {
        "logtime": "2019/07/30 17:33:28",
        "logdata": "keys2"
    },
    {
        "logtime": "2019/07/30 17:33:28",
        "logdata": "word"
    },
    {
        "logtime": "2019/07/30 17:33:28",
        "logdata": "keys2"
    },
    {
        "logtime": "2019/07/30 17:33:28",
        "logdata": "bool"
    },
    {
        "logtime": "2019/07/30 17:33:28",
        "logdata": "keys2"
    },
    {
        "logtime": "2019/07/30 17:33:28",
        "logdata": "byte"
    },
    {
        "logtime": "2019/07/30 17:33:29",
        "logdata": "keys2"
    },
    {
        "logtime": "2019/07/30 17:33:29",
        "logdata": "byte"
    },
    {
        "logtime": "2019/07/30 17:33:29",
        "logdata": "keys2"
    },
    {
        "logtime": "2019/07/30 17:33:29",
        "logdata": "word"
    },
    {
        "logtime": "2019/07/30 17:33:29",
        "logdata": "keys2"
    },
    {
        "logtime": "2019/07/30 17:33:29",
        "logdata": "word"
    },
    {
        "logtime": "2019/07/30 17:33:29",
        "logdata": "keys2"
    },
    {
        "logtime": "2019/07/30 17:33:29",
        "logdata": "bool"
    },
    {
        "logtime": "2019/07/30 17:33:29",
        "logdata": "keys2"
    },
    {
        "logtime": "2019/07/30 17:33:29",
        "logdata": "byte"
    },
    {
        "logtime": "2019/07/30 17:33:42",
        "logdata": "keys2"
    },
    {
        "logtime": "2019/07/30 17:33:42",
        "logdata": "byte"
    },
    {
        "logtime": "2019/07/30 17:33:42",
        "logdata": "keys2"
    },
    {
        "logtime": "2019/07/30 17:33:42",
        "logdata": "word"
    },
    {
        "logtime": "2019/07/30 17:33:42",
        "logdata": "keys2"
    },
    {
        "logtime": "2019/07/30 17:33:42",
        "logdata": "word"
    },
    {
        "logtime": "2019/07/30 17:33:42",
        "logdata": "keys2"
    },
    {
        "logtime": "2019/07/30 17:33:42",
        "logdata": "int"
    },
    {
        "logtime": "2019/07/30 17:33:42",
        "logdata": "keys2"
    },
    {
        "logtime": "2019/07/30 17:33:42",
        "logdata": "bool"
    },
    {
        "logtime": "2019/07/30 17:33:42",
        "logdata": "keys2"
    },
    {
        "logtime": "2019/07/30 17:33:42",
        "logdata": "byte"
    },
    {
        "logtime": "2019/07/30 17:33:42",
        "logdata": "keys2"
    },
    {
        "logtime": "2019/07/30 17:33:42",
        "logdata": "byte"
    },
    {
        "logtime": "2019/07/30 17:33:42",
        "logdata": "keys2"
    },
    {
        "logtime": "2019/07/30 17:33:42",
        "logdata": "bool"
    },
    {
        "logtime": "2019/07/30 17:33:42",
        "logdata": "keys2"
    },
    {
        "logtime": "2019/07/30 17:33:42",
        "logdata": "word"
    },
    {
        "logtime": "2019/07/30 17:33:45",
        "logdata": "keys2"
    },
    {
        "logtime": "2019/07/30 17:33:45",
        "logdata": "byte"
    },
    {
        "logtime": "2019/07/30 17:33:45",
        "logdata": "keys2"
    },
    {
        "logtime": "2019/07/30 17:33:45",
        "logdata": "word"
    },
    {
        "logtime": "2019/07/30 17:33:45",
        "logdata": "keys2"
    },
    {
        "logtime": "2019/07/30 17:33:45",
        "logdata": "word"
    },
    {
        "logtime": "2019/07/30 17:33:45",
        "logdata": "keys2"
    },
    {
        "logtime": "2019/07/30 17:33:45",
        "logdata": "bool"
    },
    {
        "logtime": "2019/07/30 17:33:45",
        "logdata": "keys2"
    },
    {
        "logtime": "2019/07/30 17:33:45",
        "logdata": "byte"
    },
    {
        "logtime": "2019/07/30 17:33:50",
        "logdata": "keys2"
    },
    {
        "logtime": "2019/07/30 17:33:50",
        "logdata": "byte"
    },
    {
        "logtime": "2019/07/30 17:33:50",
        "logdata": "keys2"
    },
    {
        "logtime": "2019/07/30 17:33:50",
        "logdata": "word"
    },
    {
        "logtime": "2019/07/30 17:33:50",
        "logdata": "keys2"
    },
    {
        "logtime": "2019/07/30 17:33:50",
        "logdata": "word"
    },
    {
        "logtime": "2019/07/30 17:33:50",
        "logdata": "keys2"
    },
    {
        "logtime": "2019/07/30 17:33:50",
        "logdata": "bool"
    },
    {
        "logtime": "2019/07/30 17:33:50",
        "logdata": "keys2"
    },
    {
        "logtime": "2019/07/30 17:33:50",
        "logdata": "byte"
    },
    {
        "logtime": "2019/07/30 17:33:55",
        "logdata": "keys2"
    },
    {
        "logtime": "2019/07/30 17:33:55",
        "logdata": "byte"
    },
    {
        "logtime": "2019/07/30 17:33:55",
        "logdata": "keys2"
    },
    {
        "logtime": "2019/07/30 17:33:55",
        "logdata": "word"
    },
    {
        "logtime": "2019/07/30 17:33:55",
        "logdata": "keys2"
    },
    {
        "logtime": "2019/07/30 17:33:55",
        "logdata": "word"
    },
    {
        "logtime": "2019/07/30 17:33:55",
        "logdata": "keys2"
    },
    {
        "logtime": "2019/07/30 17:33:55",
        "logdata": "int"
    },
    {
        "logtime": "2019/07/30 17:33:55",
        "logdata": "keys2"
    },
    {
        "logtime": "2019/07/30 17:33:55",
        "logdata": "bool"
    },
    {
        "logtime": "2019/07/30 17:33:55",
        "logdata": "keys2"
    },
    {
        "logtime": "2019/07/30 17:33:55",
        "logdata": "byte"
    },
    {
        "logtime": "2019/07/30 17:33:55",
        "logdata": "keys2"
    },
    {
        "logtime": "2019/07/30 17:33:55",
        "logdata": "byte"
    },
    {
        "logtime": "2019/07/30 17:33:55",
        "logdata": "keys2"
    },
    {
        "logtime": "2019/07/30 17:33:55",
        "logdata": "bool"
    },
    {
        "logtime": "2019/07/30 17:33:55",
        "logdata": "keys2"
    },
    {
        "logtime": "2019/07/30 17:33:55",
        "logdata": "word"
    },
    {
        "logtime": "2019/07/30 17:33:58",
        "logdata": "keys2"
    },
    {
        "logtime": "2019/07/30 17:33:58",
        "logdata": "byte"
    },
    {
        "logtime": "2019/07/30 17:33:58",
        "logdata": "keys2"
    },
    {
        "logtime": "2019/07/30 17:33:58",
        "logdata": "word"
    },
    {
        "logtime": "2019/07/30 17:33:58",
        "logdata": "keys2"
    },
    {
        "logtime": "2019/07/30 17:33:58",
        "logdata": "word"
    },
    {
        "logtime": "2019/07/30 17:33:59",
        "logdata": "keys2"
    },
    {
        "logtime": "2019/07/30 17:33:59",
        "logdata": "bool"
    },
    {
        "logtime": "2019/07/30 17:33:59",
        "logdata": "keys2"
    },
    {
        "logtime": "2019/07/30 17:33:59",
        "logdata": "byte"
    }
]