[
    {
        "logtime": "2019/07/16 14:49:40",
        "logdata": "url"
    },
    {
        "logtime": "2019/07/16 14:49:40",
        "logdata": "http://www.fuannainc.top//ws/MobileInterface.ashx?action=GetMobileLoginNotice"
    },
    {
        "logtime": "2019/07/16 14:49:40",
        "logdata": ""
    },
    {
        "logtime": "2019/07/16 14:49:55",
        "logdata": "onLogonCallBack"
    },
    {
        "logtime": "2019/07/16 14:49:55",
        "logdata": "http://www.fuannainc.top/"
    },
    {
        "logtime": "2019/07/16 14:49:55",
        "logdata": "url"
    },
    {
        "logtime": "2019/07/16 14:49:55",
        "logdata": "http://www.fuannainc.top//WS/MobileInterface.ashx"
    },
    {
        "logtime": "2019/07/16 14:49:55",
        "logdata": "action=GetMobileShareConfig&userid=119748&time=1563259795&signature=475BD454FCC4810CBE86C8B29DE7E4EA"
    },
    {
        "logtime": "2019/07/16 14:49:56",
        "logdata": "url"
    },
    {
        "logtime": "2019/07/16 14:49:56",
        "logdata": "http://www.fuannainc.top//WS/MobileInterface.ashx?action=GetMobileRollNotice"
    },
    {
        "logtime": "2019/07/16 14:49:56",
        "logdata": ""
    }
]