[
    {
        "logtime": "2019/05/22 19:06:33",
        "logdata": "LogonScene.onceExcute"
    },
    {
        "logtime": "2019/05/22 19:06:33",
        "logdata": "http://www.fuannainc.top/"
    },
    {
        "logtime": "2019/05/22 19:06:33",
        "logdata": "url"
    },
    {
        "logtime": "2019/05/22 19:06:33",
        "logdata": "http://www.fuannainc.top//ws/MobileInterface.ashx?action=GetMobileLoginNotice"
    },
    {
        "logtime": "2019/05/22 19:06:33",
        "logdata": ""
    },
    {
        "logtime": "2019/05/22 19:06:35",
        "logdata": "url"
    },
    {
        "logtime": "2019/05/22 19:06:35",
        "logdata": "http://apis.juhe.cn/ip/ip2addr?ip=183.53.106.122&key=74bb0395667b8d0588df9ebd6fc36a12"
    },
    {
        "logtime": "2019/05/22 19:06:35",
        "logdata": ""
    },
    {
        "logtime": "2019/05/22 19:06:35",
        "logdata": "onLogonCallBack"
    },
    {
        "logtime": "2019/05/22 19:06:35",
        "logdata": "http://www.fuannainc.top/"
    },
    {
        "logtime": "2019/05/22 19:06:35",
        "logdata": "url"
    },
    {
        "logtime": "2019/05/22 19:06:35",
        "logdata": "http://www.fuannainc.top//WS/MobileInterface.ashx"
    },
    {
        "logtime": "2019/05/22 19:06:35",
        "logdata": "action=GetMobileShareConfig&userid=119914&time=1558523195&signature=5DC5BBB39A61D96D48D02776C45D1293"
    },
    {
        "logtime": "2019/05/22 19:06:38",
        "logdata": "url"
    },
    {
        "logtime": "2019/05/22 19:06:38",
        "logdata": "http://www.fuannainc.top//WS/MobileInterface.ashx?action=GetMobileRollNotice"
    },
    {
        "logtime": "2019/05/22 19:06:38",
        "logdata": ""
    }
]