[
    {
        "logtime": "2019/07/01 17:59:32",
        "logdata": "LogonScene.onceExcute"
    },
    {
        "logtime": "2019/07/01 17:59:32",
        "logdata": "http://www.fuannainc.top/"
    },
    {
        "logtime": "2019/07/01 17:59:32",
        "logdata": "url"
    },
    {
        "logtime": "2019/07/01 17:59:32",
        "logdata": "http://www.fuannainc.top//ws/MobileInterface.ashx?action=GetMobileLoginNotice"
    },
    {
        "logtime": "2019/07/01 17:59:32",
        "logdata": ""
    },
    {
        "logtime": "2019/07/01 17:59:37",
        "logdata": "url"
    },
    {
        "logtime": "2019/07/01 17:59:37",
        "logdata": "http://apis.juhe.cn/ip/ip2addr?ip=58.23.48.188&key=74bb0395667b8d0588df9ebd6fc36a12"
    },
    {
        "logtime": "2019/07/01 17:59:37",
        "logdata": ""
    },
    {
        "logtime": "2019/07/01 17:59:37",
        "logdata": "onLogonCallBack"
    },
    {
        "logtime": "2019/07/01 17:59:37",
        "logdata": "http://www.fuannainc.top/"
    },
    {
        "logtime": "2019/07/01 17:59:37",
        "logdata": "url"
    },
    {
        "logtime": "2019/07/01 17:59:37",
        "logdata": "http://www.fuannainc.top//WS/MobileInterface.ashx"
    },
    {
        "logtime": "2019/07/01 17:59:37",
        "logdata": "action=GetMobileShareConfig&userid=119947&time=1561975177&signature=5F7B1EA3EF9FB602881A07F16DC4C674"
    },
    {
        "logtime": "2019/07/01 17:59:39",
        "logdata": "url"
    },
    {
        "logtime": "2019/07/01 17:59:39",
        "logdata": "http://www.fuannainc.top//WS/MobileInterface.ashx?action=GetMobileRollNotice"
    },
    {
        "logtime": "2019/07/01 17:59:39",
        "logdata": ""
    },
    {
        "logtime": "2019/07/01 17:59:43",
        "logdata": null
    },
    {
        "logtime": "2019/07/01 17:59:43",
        "logdata": "onEnterGame"
    },
    {
        "logtime": "2019/07/01 17:59:43",
        "logdata": {
            "_ServerResVersion": 10,
            "_Active": true,
            "_KindVersion": "101122049",
            "_KindType": 1,
            "_Module": "xiuxian/shuiguolaba/",
            "_KindID": "406",
            "_Type": "xiuxian",
            "_KindName": "xiuxian.shuiguolaba.",
            "_SortId": 0
        }
    },
    {
        "logtime": "2019/07/01 17:59:44",
        "logdata": "GlobalUserItem.getCurGameKind()"
    },
    {
        "logtime": "2019/07/01 17:59:44",
        "logdata": 406
    },
    {
        "logtime": "2019/07/01 17:59:45",
        "logdata": "url"
    },
    {
        "logtime": "2019/07/01 17:59:45",
        "logdata": "http://apis.juhe.cn/ip/ip2addr?ip=58.23.48.188&key=74bb0395667b8d0588df9ebd6fc36a12"
    },
    {
        "logtime": "2019/07/01 17:59:45",
        "logdata": ""
    },
    {
        "logtime": "2019/07/01 17:59:45",
        "logdata": "url"
    },
    {
        "logtime": "2019/07/01 17:59:45",
        "logdata": "http://apis.juhe.cn/ip/ip2addr?ip=58.23.48.188&key=74bb0395667b8d0588df9ebd6fc36a12"
    },
    {
        "logtime": "2019/07/01 17:59:45",
        "logdata": ""
    },
    {
        "logtime": "2019/07/01 17:59:45",
        "logdata": "url"
    },
    {
        "logtime": "2019/07/01 17:59:45",
        "logdata": "http://apis.juhe.cn/ip/ip2addr?ip=58.23.48.188&key=74bb0395667b8d0588df9ebd6fc36a12"
    },
    {
        "logtime": "2019/07/01 17:59:45",
        "logdata": ""
    },
    {
        "logtime": "2019/07/01 17:59:45",
        "logdata": "url"
    },
    {
        "logtime": "2019/07/01 17:59:45",
        "logdata": "http://apis.juhe.cn/ip/ip2addr?ip=58.23.48.188&key=74bb0395667b8d0588df9ebd6fc36a12"
    },
    {
        "logtime": "2019/07/01 17:59:45",
        "logdata": ""
    },
    {
        "logtime": "2019/07/01 17:59:45",
        "logdata": "url"
    },
    {
        "logtime": "2019/07/01 17:59:45",
        "logdata": "http://apis.juhe.cn/ip/ip2addr?ip=58.23.48.188&key=74bb0395667b8d0588df9ebd6fc36a12"
    },
    {
        "logtime": "2019/07/01 17:59:45",
        "logdata": ""
    },
    {
        "logtime": "2019/07/01 17:59:45",
        "logdata": "url"
    },
    {
        "logtime": "2019/07/01 17:59:45",
        "logdata": "http://apis.juhe.cn/ip/ip2addr?ip=58.23.48.188&key=74bb0395667b8d0588df9ebd6fc36a12"
    },
    {
        "logtime": "2019/07/01 17:59:45",
        "logdata": ""
    },
    {
        "logtime": "2019/07/01 17:59:45",
        "logdata": {
            "_ServerResVersion": 10,
            "_Active": true,
            "_KindVersion": "101122049",
            "_KindType": 1,
            "_Module": "xiuxian/shuiguolaba/",
            "_KindID": "406",
            "_Type": "xiuxian",
            "nSitChair": 65535,
            "_KindName": "xiuxian.shuiguolaba.",
            "nEnterRoomIndex": 1,
            "nSitTable": 65535,
            "_SortId": 0
        }
    },
    {
        "logtime": "2019/07/01 17:59:45",
        "logdata": "modulestr"
    },
    {
        "logtime": "2019/07/01 17:59:45",
        "logdata": "xiuxian/shuiguolaba/"
    }
]