[
    {
        "logtime": "2019/07/02 17:54:39",
        "logdata": "url"
    },
    {
        "logtime": "2019/07/02 17:54:39",
        "logdata": "http://www.fuannainc.top//WS/MobileInterface.ashx"
    },
    {
        "logtime": "2019/07/02 17:54:39",
        "logdata": "action=GetScoreInfo&userid=120187&time=1562061279&signature=300F9A5797BAC4970C7AA15099153ACC"
    },
    {
        "logtime": "2019/07/02 17:54:39",
        "logdata": "url"
    },
    {
        "logtime": "2019/07/02 17:54:39",
        "logdata": "http://apis.juhe.cn/ip/ip2addr?ip=58.23.48.188&key=74bb0395667b8d0588df9ebd6fc36a12"
    },
    {
        "logtime": "2019/07/02 17:54:39",
        "logdata": ""
    },
    {
        "logtime": "2019/07/02 17:54:39",
        "logdata": "url"
    },
    {
        "logtime": "2019/07/02 17:54:39",
        "logdata": "http://apis.juhe.cn/ip/ip2addr?ip=58.23.48.188&key=74bb0395667b8d0588df9ebd6fc36a12"
    },
    {
        "logtime": "2019/07/02 17:54:39",
        "logdata": ""
    }
]