[
    {
        "logtime": "2019/07/09 11:04:08",
        "logdata": "keys2"
    },
    {
        "logtime": "2019/07/09 11:04:08",
        "logdata": "byte"
    },
    {
        "logtime": "2019/07/09 11:04:08",
        "logdata": "keys2"
    },
    {
        "logtime": "2019/07/09 11:04:08",
        "logdata": "word"
    },
    {
        "logtime": "2019/07/09 11:04:08",
        "logdata": "keys2"
    },
    {
        "logtime": "2019/07/09 11:04:08",
        "logdata": "word"
    },
    {
        "logtime": "2019/07/09 11:04:08",
        "logdata": "keys2"
    },
    {
        "logtime": "2019/07/09 11:04:08",
        "logdata": "word"
    },
    {
        "logtime": "2019/07/09 11:04:08",
        "logdata": "keys2"
    },
    {
        "logtime": "2019/07/09 11:04:08",
        "logdata": "word"
    },
    {
        "logtime": "2019/07/09 11:04:08",
        "logdata": "keys2"
    },
    {
        "logtime": "2019/07/09 11:04:08",
        "logdata": "double"
    },
    {
        "logtime": "2019/07/09 11:04:08",
        "logdata": "keys2"
    },
    {
        "logtime": "2019/07/09 11:04:08",
        "logdata": "double"
    },
    {
        "logtime": "2019/07/09 11:04:08",
        "logdata": "keys2"
    },
    {
        "logtime": "2019/07/09 11:04:08",
        "logdata": "double"
    },
    {
        "logtime": "2019/07/09 11:04:48",
        "logdata": "LogonScene.onceExcute"
    },
    {
        "logtime": "2019/07/09 11:04:48",
        "logdata": "http://www.fuannainc.top/"
    },
    {
        "logtime": "2019/07/09 11:04:48",
        "logdata": "url"
    },
    {
        "logtime": "2019/07/09 11:04:48",
        "logdata": "http://www.fuannainc.top//ws/MobileInterface.ashx?action=GetMobileLoginNotice"
    },
    {
        "logtime": "2019/07/09 11:04:48",
        "logdata": ""
    },
    {
        "logtime": "2019/07/09 11:04:50",
        "logdata": "onLogonCallBack"
    },
    {
        "logtime": "2019/07/09 11:04:50",
        "logdata": "http://www.fuannainc.top/"
    },
    {
        "logtime": "2019/07/09 11:04:50",
        "logdata": "url"
    },
    {
        "logtime": "2019/07/09 11:04:50",
        "logdata": "http://www.fuannainc.top//WS/MobileInterface.ashx"
    },
    {
        "logtime": "2019/07/09 11:04:50",
        "logdata": "action=GetMobileShareConfig&userid=119893&time=1562641490&signature=10F839B85253574D6C00FAF3E28542E9"
    },
    {
        "logtime": "2019/07/09 11:04:52",
        "logdata": "url"
    },
    {
        "logtime": "2019/07/09 11:04:52",
        "logdata": "http://www.fuannainc.top//WS/MobileInterface.ashx?action=GetMobileRollNotice"
    },
    {
        "logtime": "2019/07/09 11:04:52",
        "logdata": ""
    },
    {
        "logtime": "2019/07/09 11:04:55",
        "logdata": "keys2"
    },
    {
        "logtime": "2019/07/09 11:04:55",
        "logdata": "byte"
    },
    {
        "logtime": "2019/07/09 11:04:55",
        "logdata": "keys2"
    },
    {
        "logtime": "2019/07/09 11:04:55",
        "logdata": "word"
    },
    {
        "logtime": "2019/07/09 11:04:55",
        "logdata": "keys2"
    },
    {
        "logtime": "2019/07/09 11:04:55",
        "logdata": "word"
    },
    {
        "logtime": "2019/07/09 11:04:55",
        "logdata": "keys2"
    },
    {
        "logtime": "2019/07/09 11:04:55",
        "logdata": "word"
    },
    {
        "logtime": "2019/07/09 11:04:55",
        "logdata": "keys2"
    },
    {
        "logtime": "2019/07/09 11:04:55",
        "logdata": "word"
    },
    {
        "logtime": "2019/07/09 11:04:55",
        "logdata": "keys2"
    },
    {
        "logtime": "2019/07/09 11:04:55",
        "logdata": "double"
    },
    {
        "logtime": "2019/07/09 11:04:55",
        "logdata": "keys2"
    },
    {
        "logtime": "2019/07/09 11:04:55",
        "logdata": "double"
    },
    {
        "logtime": "2019/07/09 11:04:55",
        "logdata": "keys2"
    },
    {
        "logtime": "2019/07/09 11:04:55",
        "logdata": "double"
    },
    {
        "logtime": "2019/07/09 11:04:55",
        "logdata": "keys2"
    },
    {
        "logtime": "2019/07/09 11:04:55",
        "logdata": "string"
    },
    {
        "logtime": "2019/07/09 11:04:55",
        "logdata": "keys2"
    },
    {
        "logtime": "2019/07/09 11:04:55",
        "logdata": "string"
    },
    {
        "logtime": "2019/07/09 11:04:55",
        "logdata": "keys2"
    },
    {
        "logtime": "2019/07/09 11:04:55",
        "logdata": "double"
    },
    {
        "logtime": "2019/07/09 11:04:55",
        "logdata": "keys2"
    },
    {
        "logtime": "2019/07/09 11:04:55",
        "logdata": "string"
    }
]