[
    {
        "logtime": "2019/07/02 19:31:36",
        "logdata": "LogonScene.onceExcute"
    },
    {
        "logtime": "2019/07/02 19:31:36",
        "logdata": "http://www.fuannainc.top/"
    },
    {
        "logtime": "2019/07/02 19:31:36",
        "logdata": "url"
    },
    {
        "logtime": "2019/07/02 19:31:36",
        "logdata": "http://www.fuannainc.top//ws/MobileInterface.ashx?action=GetMobileLoginNotice"
    },
    {
        "logtime": "2019/07/02 19:31:36",
        "logdata": ""
    },
    {
        "logtime": "2019/07/02 19:31:38",
        "logdata": "url"
    },
    {
        "logtime": "2019/07/02 19:31:38",
        "logdata": "http://apis.juhe.cn/ip/ip2addr?ip=58.23.48.188&key=74bb0395667b8d0588df9ebd6fc36a12"
    },
    {
        "logtime": "2019/07/02 19:31:38",
        "logdata": ""
    },
    {
        "logtime": "2019/07/02 19:31:38",
        "logdata": "onLogonCallBack"
    },
    {
        "logtime": "2019/07/02 19:31:38",
        "logdata": "http://www.fuannainc.top/"
    },
    {
        "logtime": "2019/07/02 19:31:38",
        "logdata": "url"
    },
    {
        "logtime": "2019/07/02 19:31:38",
        "logdata": "http://www.fuannainc.top//WS/MobileInterface.ashx"
    },
    {
        "logtime": "2019/07/02 19:31:38",
        "logdata": "action=GetMobileShareConfig&userid=120187&time=1562067098&signature=74D4939F0F995FDCFB3D9DB08E14836A"
    },
    {
        "logtime": "2019/07/02 19:31:39",
        "logdata": "url"
    },
    {
        "logtime": "2019/07/02 19:31:39",
        "logdata": "http://www.fuannainc.top//WS/MobileInterface.ashx?action=GetMobileRollNotice"
    },
    {
        "logtime": "2019/07/02 19:31:39",
        "logdata": ""
    },
    {
        "logtime": "2019/07/02 19:31:41",
        "logdata": "url"
    },
    {
        "logtime": "2019/07/02 19:31:41",
        "logdata": "http://apis.juhe.cn/ip/ip2addr?ip=58.23.48.188&key=74bb0395667b8d0588df9ebd6fc36a12"
    },
    {
        "logtime": "2019/07/02 19:31:41",
        "logdata": ""
    },
    {
        "logtime": "2019/07/02 19:31:41",
        "logdata": "url"
    },
    {
        "logtime": "2019/07/02 19:31:41",
        "logdata": "http://apis.juhe.cn/ip/ip2addr?ip=58.23.48.188&key=74bb0395667b8d0588df9ebd6fc36a12"
    },
    {
        "logtime": "2019/07/02 19:31:41",
        "logdata": ""
    },
    {
        "logtime": "2019/07/02 19:31:41",
        "logdata": "url"
    },
    {
        "logtime": "2019/07/02 19:31:41",
        "logdata": "http://apis.juhe.cn/ip/ip2addr?ip=58.23.48.188&key=74bb0395667b8d0588df9ebd6fc36a12"
    },
    {
        "logtime": "2019/07/02 19:31:41",
        "logdata": ""
    },
    {
        "logtime": "2019/07/02 19:31:41",
        "logdata": "url"
    },
    {
        "logtime": "2019/07/02 19:31:41",
        "logdata": "http://apis.juhe.cn/ip/ip2addr?ip=58.23.48.188&key=74bb0395667b8d0588df9ebd6fc36a12"
    },
    {
        "logtime": "2019/07/02 19:31:41",
        "logdata": ""
    },
    {
        "logtime": "2019/07/02 19:31:41",
        "logdata": {
            "_ServerResVersion": 10,
            "_Active": true,
            "_KindVersion": "101122049",
            "_KindType": 1,
            "_Module": "xiuxian/shuiguolaba/",
            "_KindID": "406",
            "_Type": "xiuxian",
            "_KindName": "xiuxian.shuiguolaba.",
            "nEnterRoomIndex": 1,
            "_SortId": 0
        }
    },
    {
        "logtime": "2019/07/02 19:31:41",
        "logdata": "modulestr"
    },
    {
        "logtime": "2019/07/02 19:31:41",
        "logdata": "xiuxian/shuiguolaba/"
    }
]