[
    {
        "logtime": "2019/05/17 14:13:03",
        "logdata": "url"
    },
    {
        "logtime": "2019/05/17 14:13:03",
        "logdata": "http://apis.juhe.cn/ip/ip2addr?ip=113.77.83.165&key=74bb0395667b8d0588df9ebd6fc36a12"
    },
    {
        "logtime": "2019/05/17 14:13:03",
        "logdata": ""
    },
    {
        "logtime": "2019/05/17 14:13:03",
        "logdata": "onLogonCallBack"
    },
    {
        "logtime": "2019/05/17 14:13:03",
        "logdata": "http://www.fuannainc.top/"
    },
    {
        "logtime": "2019/05/17 14:13:03",
        "logdata": "url"
    },
    {
        "logtime": "2019/05/17 14:13:03",
        "logdata": "http://www.fuannainc.top//WS/MobileInterface.ashx"
    },
    {
        "logtime": "2019/05/17 14:13:03",
        "logdata": "action=GetMobileShareConfig&userid=119845&time=1558073583&signature=AE16FB3407684B5085A99A78AB6364AC"
    },
    {
        "logtime": "2019/05/17 14:13:06",
        "logdata": "url"
    },
    {
        "logtime": "2019/05/17 14:13:06",
        "logdata": "http://www.fuannainc.top//WS/MobileInterface.ashx?action=GetMobileRollNotice"
    },
    {
        "logtime": "2019/05/17 14:13:06",
        "logdata": ""
    },
    {
        "logtime": "2019/05/17 14:13:08",
        "logdata": "url"
    },
    {
        "logtime": "2019/05/17 14:13:08",
        "logdata": "http://www.fuannainc.top//ws/MobileInterface.ashx"
    },
    {
        "logtime": "2019/05/17 14:13:08",
        "logdata": "action=getpaylist"
    },
    {
        "logtime": "2019/05/17 14:13:08",
        "logdata": "url"
    },
    {
        "logtime": "2019/05/17 14:13:08",
        "logdata": "http://www.fuannainc.top//WS/MobileInterface.ashx"
    },
    {
        "logtime": "2019/05/17 14:13:08",
        "logdata": "action=getagentpay"
    }
]