[
    {
        "logtime": "2019/05/24 14:52:21",
        "logdata": "LogonScene.onceExcute"
    },
    {
        "logtime": "2019/05/24 14:52:21",
        "logdata": "http://www.fuannainc.top/"
    },
    {
        "logtime": "2019/05/24 14:52:21",
        "logdata": "url"
    },
    {
        "logtime": "2019/05/24 14:52:21",
        "logdata": "http://www.fuannainc.top//ws/MobileInterface.ashx?action=GetMobileLoginNotice"
    },
    {
        "logtime": "2019/05/24 14:52:21",
        "logdata": ""
    },
    {
        "logtime": "2019/05/24 14:52:27",
        "logdata": "url"
    },
    {
        "logtime": "2019/05/24 14:52:27",
        "logdata": "http://apis.juhe.cn/ip/ip2addr?ip=113.77.82.100&key=74bb0395667b8d0588df9ebd6fc36a12"
    },
    {
        "logtime": "2019/05/24 14:52:27",
        "logdata": ""
    },
    {
        "logtime": "2019/05/24 14:52:27",
        "logdata": "onLogonCallBack"
    },
    {
        "logtime": "2019/05/24 14:52:27",
        "logdata": "http://www.fuannainc.top/"
    },
    {
        "logtime": "2019/05/24 14:52:27",
        "logdata": "url"
    },
    {
        "logtime": "2019/05/24 14:52:27",
        "logdata": "http://www.fuannainc.top//WS/MobileInterface.ashx"
    },
    {
        "logtime": "2019/05/24 14:52:27",
        "logdata": "action=GetMobileShareConfig&userid=119940&time=1558680747&signature=EEF73F91758EC7A699E1E66873BDE0D3"
    },
    {
        "logtime": "2019/05/24 14:52:31",
        "logdata": "url"
    },
    {
        "logtime": "2019/05/24 14:52:31",
        "logdata": "http://www.fuannainc.top//WS/MobileInterface.ashx?action=GetMobileRollNotice"
    },
    {
        "logtime": "2019/05/24 14:52:31",
        "logdata": ""
    },
    {
        "logtime": "2019/05/24 14:52:36",
        "logdata": null
    },
    {
        "logtime": "2019/05/24 14:52:36",
        "logdata": "onEnterGame"
    },
    {
        "logtime": "2019/05/24 14:52:36",
        "logdata": {
            "_ServerResVersion": 6,
            "_Active": true,
            "_KindVersion": "101122049",
            "_KindType": 2,
            "_Module": "yule/redninebattle/",
            "_KindID": "109",
            "_Type": "yule",
            "_KindName": "yule.redninebattle.",
            "_SortId": 12
        }
    },
    {
        "logtime": "2019/05/24 14:52:37",
        "logdata": "GlobalUserItem.getCurGameKind()"
    },
    {
        "logtime": "2019/05/24 14:52:37",
        "logdata": 109
    },
    {
        "logtime": "2019/05/24 14:52:39",
        "logdata": "url"
    },
    {
        "logtime": "2019/05/24 14:52:39",
        "logdata": "http://apis.juhe.cn/ip/ip2addr?ip=113.77.82.100&key=74bb0395667b8d0588df9ebd6fc36a12"
    },
    {
        "logtime": "2019/05/24 14:52:39",
        "logdata": ""
    },
    {
        "logtime": "2019/05/24 14:52:39",
        "logdata": {
            "_ServerResVersion": 6,
            "_Active": true,
            "_KindVersion": "101122049",
            "_KindType": 2,
            "_Module": "yule/redninebattle/",
            "_KindID": "109",
            "_Type": "yule",
            "nSitChair": 65535,
            "_KindName": "yule.redninebattle.",
            "nEnterRoomIndex": 1,
            "nSitTable": 65535,
            "_SortId": 12
        }
    },
    {
        "logtime": "2019/05/24 14:52:39",
        "logdata": "modulestr"
    },
    {
        "logtime": "2019/05/24 14:52:39",
        "logdata": "yule/redninebattle/"
    }
]