[
    {
        "logtime": "2019/07/01 15:20:04",
        "logdata": "url"
    },
    {
        "logtime": "2019/07/01 15:20:04",
        "logdata": "http://apis.juhe.cn/ip/ip2addr?ip=58.23.48.188&key=74bb0395667b8d0588df9ebd6fc36a12"
    },
    {
        "logtime": "2019/07/01 15:20:04",
        "logdata": ""
    },
    {
        "logtime": "2019/07/01 15:20:04",
        "logdata": "onLogonCallBack"
    },
    {
        "logtime": "2019/07/01 15:20:04",
        "logdata": "http://www.fuannainc.top/"
    },
    {
        "logtime": "2019/07/01 15:20:04",
        "logdata": "url"
    },
    {
        "logtime": "2019/07/01 15:20:04",
        "logdata": "http://www.fuannainc.top//WS/MobileInterface.ashx"
    },
    {
        "logtime": "2019/07/01 15:20:04",
        "logdata": "action=GetMobileShareConfig&userid=119845&time=1561965604&signature=CF1D161470B5A13987BA342B3CD185C4"
    },
    {
        "logtime": "2019/07/01 15:20:06",
        "logdata": "url"
    },
    {
        "logtime": "2019/07/01 15:20:06",
        "logdata": "http://www.fuannainc.top//WS/MobileInterface.ashx?action=GetMobileRollNotice"
    },
    {
        "logtime": "2019/07/01 15:20:06",
        "logdata": ""
    },
    {
        "logtime": "2019/07/01 15:20:11",
        "logdata": null
    },
    {
        "logtime": "2019/07/01 15:20:11",
        "logdata": "onEnterGame"
    },
    {
        "logtime": "2019/07/01 15:20:11",
        "logdata": {
            "_ServerResVersion": 10,
            "_Active": true,
            "_KindVersion": "101122049",
            "_KindType": 1,
            "_Module": "xiuxian/shuiguolaba/",
            "_KindID": "406",
            "_Type": "xiuxian",
            "_KindName": "xiuxian.shuiguolaba.",
            "_SortId": 0
        }
    },
    {
        "logtime": "2019/07/01 15:20:11",
        "logdata": "GlobalUserItem.getCurGameKind()"
    },
    {
        "logtime": "2019/07/01 15:20:11",
        "logdata": 406
    },
    {
        "logtime": "2019/07/01 15:20:12",
        "logdata": "url"
    },
    {
        "logtime": "2019/07/01 15:20:12",
        "logdata": "http://apis.juhe.cn/ip/ip2addr?ip=58.23.48.188&key=74bb0395667b8d0588df9ebd6fc36a12"
    },
    {
        "logtime": "2019/07/01 15:20:12",
        "logdata": ""
    },
    {
        "logtime": "2019/07/01 15:20:12",
        "logdata": "url"
    },
    {
        "logtime": "2019/07/01 15:20:12",
        "logdata": "http://apis.juhe.cn/ip/ip2addr?ip=58.23.48.188&key=74bb0395667b8d0588df9ebd6fc36a12"
    },
    {
        "logtime": "2019/07/01 15:20:12",
        "logdata": ""
    },
    {
        "logtime": "2019/07/01 15:20:12",
        "logdata": "url"
    },
    {
        "logtime": "2019/07/01 15:20:12",
        "logdata": "http://apis.juhe.cn/ip/ip2addr?ip=58.23.48.188&key=74bb0395667b8d0588df9ebd6fc36a12"
    },
    {
        "logtime": "2019/07/01 15:20:12",
        "logdata": ""
    },
    {
        "logtime": "2019/07/01 15:20:12",
        "logdata": "url"
    },
    {
        "logtime": "2019/07/01 15:20:12",
        "logdata": "http://apis.juhe.cn/ip/ip2addr?ip=58.23.48.188&key=74bb0395667b8d0588df9ebd6fc36a12"
    },
    {
        "logtime": "2019/07/01 15:20:12",
        "logdata": ""
    },
    {
        "logtime": "2019/07/01 15:20:13",
        "logdata": {
            "_ServerResVersion": 10,
            "_Active": true,
            "_KindVersion": "101122049",
            "_KindType": 1,
            "_Module": "xiuxian/shuiguolaba/",
            "_KindID": "406",
            "_Type": "xiuxian",
            "nSitChair": 65535,
            "_KindName": "xiuxian.shuiguolaba.",
            "nEnterRoomIndex": 1,
            "nSitTable": 65535,
            "_SortId": 0
        }
    },
    {
        "logtime": "2019/07/01 15:20:13",
        "logdata": "modulestr"
    },
    {
        "logtime": "2019/07/01 15:20:13",
        "logdata": "xiuxian/shuiguolaba/"
    }
]