[
    {
        "logtime": "2019/05/24 17:36:11",
        "logdata": "LogonScene.onceExcute"
    },
    {
        "logtime": "2019/05/24 17:36:11",
        "logdata": "http://www.fuannainc.top/"
    },
    {
        "logtime": "2019/05/24 17:36:11",
        "logdata": "url"
    },
    {
        "logtime": "2019/05/24 17:36:11",
        "logdata": "http://www.fuannainc.top//ws/MobileInterface.ashx?action=GetMobileLoginNotice"
    },
    {
        "logtime": "2019/05/24 17:36:11",
        "logdata": ""
    },
    {
        "logtime": "2019/05/24 17:36:15",
        "logdata": "url"
    },
    {
        "logtime": "2019/05/24 17:36:15",
        "logdata": "http://apis.juhe.cn/ip/ip2addr?ip=113.77.82.100&key=74bb0395667b8d0588df9ebd6fc36a12"
    },
    {
        "logtime": "2019/05/24 17:36:15",
        "logdata": ""
    },
    {
        "logtime": "2019/05/24 17:36:15",
        "logdata": "onLogonCallBack"
    },
    {
        "logtime": "2019/05/24 17:36:15",
        "logdata": "http://www.fuannainc.top/"
    },
    {
        "logtime": "2019/05/24 17:36:15",
        "logdata": "url"
    },
    {
        "logtime": "2019/05/24 17:36:15",
        "logdata": "http://www.fuannainc.top//WS/MobileInterface.ashx"
    },
    {
        "logtime": "2019/05/24 17:36:15",
        "logdata": "action=GetMobileShareConfig&userid=119942&time=1558690575&signature=A65B6CF1048702C31FC052D0CA9CDE78"
    },
    {
        "logtime": "2019/05/24 17:36:17",
        "logdata": "url"
    },
    {
        "logtime": "2019/05/24 17:36:17",
        "logdata": "http://www.fuannainc.top//WS/MobileInterface.ashx?action=GetMobileRollNotice"
    },
    {
        "logtime": "2019/05/24 17:36:17",
        "logdata": ""
    },
    {
        "logtime": "2019/05/24 17:36:21",
        "logdata": null
    },
    {
        "logtime": "2019/05/24 17:36:28",
        "logdata": 6
    },
    {
        "logtime": "2019/05/24 17:36:28",
        "logdata": "onEnterGame"
    },
    {
        "logtime": "2019/05/24 17:36:28",
        "logdata": {
            "_ServerResVersion": 6,
            "_Active": true,
            "_KindVersion": "101122049",
            "_KindType": 2,
            "_Module": "yule/redninebattle/",
            "_KindID": "109",
            "_Type": "yule",
            "_KindName": "yule.redninebattle.",
            "_SortId": 12
        }
    },
    {
        "logtime": "2019/05/24 17:36:28",
        "logdata": "GlobalUserItem.getCurGameKind()"
    },
    {
        "logtime": "2019/05/24 17:36:28",
        "logdata": 109
    }
]