[
    {
        "logtime": "2019/05/16 11:06:12",
        "logdata": "LogonScene.onceExcute"
    },
    {
        "logtime": "2019/05/16 11:06:12",
        "logdata": "http://www.fuannainc.top/"
    },
    {
        "logtime": "2019/05/16 11:06:12",
        "logdata": "url"
    },
    {
        "logtime": "2019/05/16 11:06:12",
        "logdata": "http://www.fuannainc.top//ws/MobileInterface.ashx?action=GetMobileLoginNotice"
    },
    {
        "logtime": "2019/05/16 11:06:12",
        "logdata": ""
    },
    {
        "logtime": "2019/05/16 11:06:14",
        "logdata": "url"
    },
    {
        "logtime": "2019/05/16 11:06:14",
        "logdata": "http://apis.juhe.cn/ip/ip2addr?ip=183.53.107.65&key=74bb0395667b8d0588df9ebd6fc36a12"
    },
    {
        "logtime": "2019/05/16 11:06:14",
        "logdata": ""
    },
    {
        "logtime": "2019/05/16 11:06:14",
        "logdata": "onLogonCallBack"
    },
    {
        "logtime": "2019/05/16 11:06:14",
        "logdata": "http://www.fuannainc.top/"
    },
    {
        "logtime": "2019/05/16 11:06:14",
        "logdata": "url"
    },
    {
        "logtime": "2019/05/16 11:06:14",
        "logdata": "http://www.fuannainc.top//WS/MobileInterface.ashx"
    },
    {
        "logtime": "2019/05/16 11:06:14",
        "logdata": "action=GetMobileShareConfig&userid=119924&time=1557975974&signature=8B98356949FD3E3A0D76AE81004FAE60"
    },
    {
        "logtime": "2019/05/16 11:06:18",
        "logdata": "url"
    },
    {
        "logtime": "2019/05/16 11:06:18",
        "logdata": "http://www.fuannainc.top//WS/MobileInterface.ashx?action=GetMobileRollNotice"
    },
    {
        "logtime": "2019/05/16 11:06:18",
        "logdata": ""
    }
]