[
    {
        "logtime": "2019/07/09 11:56:18",
        "logdata": "LogonScene.onceExcute"
    },
    {
        "logtime": "2019/07/09 11:56:18",
        "logdata": "http://www.fuannainc.top/"
    },
    {
        "logtime": "2019/07/09 11:56:18",
        "logdata": "url"
    },
    {
        "logtime": "2019/07/09 11:56:18",
        "logdata": "http://www.fuannainc.top//ws/MobileInterface.ashx?action=GetMobileLoginNotice"
    },
    {
        "logtime": "2019/07/09 11:56:18",
        "logdata": ""
    },
    {
        "logtime": "2019/07/09 11:56:20",
        "logdata": "onLogonCallBack"
    },
    {
        "logtime": "2019/07/09 11:56:20",
        "logdata": "http://www.fuannainc.top/"
    },
    {
        "logtime": "2019/07/09 11:56:20",
        "logdata": "url"
    },
    {
        "logtime": "2019/07/09 11:56:20",
        "logdata": "http://www.fuannainc.top//WS/MobileInterface.ashx"
    },
    {
        "logtime": "2019/07/09 11:56:20",
        "logdata": "action=GetMobileShareConfig&userid=119902&time=1562644580&signature=1282F6030173925A6617676552E55415"
    },
    {
        "logtime": "2019/07/09 11:56:21",
        "logdata": "url"
    },
    {
        "logtime": "2019/07/09 11:56:21",
        "logdata": "http://www.fuannainc.top//WS/MobileInterface.ashx?action=GetMobileRollNotice"
    },
    {
        "logtime": "2019/07/09 11:56:21",
        "logdata": ""
    },
    {
        "logtime": "2019/07/09 11:56:31",
        "logdata": "keys2"
    },
    {
        "logtime": "2019/07/09 11:56:31",
        "logdata": "byte"
    },
    {
        "logtime": "2019/07/09 11:56:31",
        "logdata": "keys2"
    },
    {
        "logtime": "2019/07/09 11:56:31",
        "logdata": "word"
    },
    {
        "logtime": "2019/07/09 11:56:31",
        "logdata": "keys2"
    },
    {
        "logtime": "2019/07/09 11:56:31",
        "logdata": "word"
    },
    {
        "logtime": "2019/07/09 11:56:31",
        "logdata": "keys2"
    },
    {
        "logtime": "2019/07/09 11:56:31",
        "logdata": "word"
    },
    {
        "logtime": "2019/07/09 11:56:31",
        "logdata": "keys2"
    },
    {
        "logtime": "2019/07/09 11:56:31",
        "logdata": "word"
    },
    {
        "logtime": "2019/07/09 11:56:31",
        "logdata": "keys2"
    },
    {
        "logtime": "2019/07/09 11:56:31",
        "logdata": "double"
    },
    {
        "logtime": "2019/07/09 11:56:31",
        "logdata": "keys2"
    },
    {
        "logtime": "2019/07/09 11:56:31",
        "logdata": "double"
    },
    {
        "logtime": "2019/07/09 11:56:31",
        "logdata": "keys2"
    },
    {
        "logtime": "2019/07/09 11:56:31",
        "logdata": "double"
    },
    {
        "logtime": "2019/07/09 11:56:31",
        "logdata": "keys2"
    },
    {
        "logtime": "2019/07/09 11:56:31",
        "logdata": "byte"
    },
    {
        "logtime": "2019/07/09 11:56:31",
        "logdata": "keys2"
    },
    {
        "logtime": "2019/07/09 11:56:31",
        "logdata": "word"
    },
    {
        "logtime": "2019/07/09 11:56:31",
        "logdata": "keys2"
    },
    {
        "logtime": "2019/07/09 11:56:31",
        "logdata": "word"
    },
    {
        "logtime": "2019/07/09 11:56:31",
        "logdata": "keys2"
    },
    {
        "logtime": "2019/07/09 11:56:31",
        "logdata": "word"
    },
    {
        "logtime": "2019/07/09 11:56:31",
        "logdata": "keys2"
    },
    {
        "logtime": "2019/07/09 11:56:31",
        "logdata": "word"
    },
    {
        "logtime": "2019/07/09 11:56:31",
        "logdata": "keys2"
    },
    {
        "logtime": "2019/07/09 11:56:31",
        "logdata": "double"
    },
    {
        "logtime": "2019/07/09 11:56:31",
        "logdata": "keys2"
    },
    {
        "logtime": "2019/07/09 11:56:31",
        "logdata": "double"
    },
    {
        "logtime": "2019/07/09 11:56:31",
        "logdata": "keys2"
    },
    {
        "logtime": "2019/07/09 11:56:31",
        "logdata": "double"
    },
    {
        "logtime": "2019/07/09 11:56:31",
        "logdata": "keys2"
    },
    {
        "logtime": "2019/07/09 11:56:31",
        "logdata": "string"
    },
    {
        "logtime": "2019/07/09 11:56:31",
        "logdata": "keys2"
    },
    {
        "logtime": "2019/07/09 11:56:31",
        "logdata": "string"
    },
    {
        "logtime": "2019/07/09 11:56:31",
        "logdata": "keys2"
    },
    {
        "logtime": "2019/07/09 11:56:31",
        "logdata": "double"
    },
    {
        "logtime": "2019/07/09 11:56:31",
        "logdata": "keys2"
    },
    {
        "logtime": "2019/07/09 11:56:31",
        "logdata": "string"
    }
]