[
    {
        "logtime": "2019/05/17 15:02:55",
        "logdata": "LogonScene.onceExcute"
    },
    {
        "logtime": "2019/05/17 15:02:55",
        "logdata": "http://www.fuannabbs.top/"
    },
    {
        "logtime": "2019/05/17 15:02:56",
        "logdata": "url"
    },
    {
        "logtime": "2019/05/17 15:02:56",
        "logdata": "http://www.fuannabbs.top//ws/MobileInterface.ashx?action=GetMobileLoginNotice"
    },
    {
        "logtime": "2019/05/17 15:02:56",
        "logdata": ""
    }
]