[
    {
        "logtime": "2019/07/05 16:43:13",
        "logdata": "LogonScene.onceExcute"
    },
    {
        "logtime": "2019/07/05 16:43:13",
        "logdata": "http://www.fuannainc.top/"
    },
    {
        "logtime": "2019/07/05 16:43:13",
        "logdata": "url"
    },
    {
        "logtime": "2019/07/05 16:43:13",
        "logdata": "http://www.fuannainc.top//ws/MobileInterface.ashx?action=GetMobileLoginNotice"
    },
    {
        "logtime": "2019/07/05 16:43:13",
        "logdata": ""
    },
    {
        "logtime": "2019/07/05 16:43:17",
        "logdata": "url"
    },
    {
        "logtime": "2019/07/05 16:43:17",
        "logdata": "http://apis.juhe.cn/ip/ip2addr?ip=58.23.49.18&key=74bb0395667b8d0588df9ebd6fc36a12"
    },
    {
        "logtime": "2019/07/05 16:43:17",
        "logdata": ""
    },
    {
        "logtime": "2019/07/05 16:43:17",
        "logdata": "onLogonCallBack"
    },
    {
        "logtime": "2019/07/05 16:43:17",
        "logdata": "http://www.fuannainc.top/"
    },
    {
        "logtime": "2019/07/05 16:43:17",
        "logdata": "url"
    },
    {
        "logtime": "2019/07/05 16:43:17",
        "logdata": "http://www.fuannainc.top//WS/MobileInterface.ashx"
    },
    {
        "logtime": "2019/07/05 16:43:17",
        "logdata": "action=GetMobileShareConfig&userid=120187&time=1562316197&signature=4858E5739D88207154EAEA8EAB40BE24"
    },
    {
        "logtime": "2019/07/05 16:43:19",
        "logdata": "url"
    },
    {
        "logtime": "2019/07/05 16:43:19",
        "logdata": "http://www.fuannainc.top//WS/MobileInterface.ashx?action=GetMobileRollNotice"
    },
    {
        "logtime": "2019/07/05 16:43:19",
        "logdata": ""
    }
]