[
    {
        "logtime": "2019/07/30 14:27:30",
        "logdata": "LogonScene.onceExcute"
    },
    {
        "logtime": "2019/07/30 14:27:30",
        "logdata": "http://www.fuannabbs.top/"
    },
    {
        "logtime": "2019/07/30 14:27:30",
        "logdata": "url"
    },
    {
        "logtime": "2019/07/30 14:27:30",
        "logdata": "http://www.fuannabbs.top//ws/MobileInterface.ashx?action=GetMobileLoginNotice"
    },
    {
        "logtime": "2019/07/30 14:27:30",
        "logdata": ""
    },
    {
        "logtime": "2019/07/30 14:27:32",
        "logdata": "onLogonCallBack"
    },
    {
        "logtime": "2019/07/30 14:27:32",
        "logdata": "http://www.fuannabbs.top/"
    },
    {
        "logtime": "2019/07/30 14:27:32",
        "logdata": "url"
    },
    {
        "logtime": "2019/07/30 14:27:32",
        "logdata": "http://www.fuannabbs.top//WS/MobileInterface.ashx"
    },
    {
        "logtime": "2019/07/30 14:27:32",
        "logdata": "action=GetMobileShareConfig&userid=119932&time=1564468052&signature=DCEF7D8CF36F785F11EDCB41ECAAD893"
    },
    {
        "logtime": "2019/07/30 14:27:34",
        "logdata": "url"
    },
    {
        "logtime": "2019/07/30 14:27:34",
        "logdata": "http://www.fuannabbs.top//WS/MobileInterface.ashx?action=GetMobileRollNotice"
    },
    {
        "logtime": "2019/07/30 14:27:34",
        "logdata": ""
    }
]