[
    {
        "logtime": "2019/05/14 14:44:07",
        "logdata": "LogonScene.onceExcute"
    },
    {
        "logtime": "2019/05/14 14:44:07",
        "logdata": "http://www.fuannainc.top/"
    },
    {
        "logtime": "2019/05/14 14:44:08",
        "logdata": "url"
    },
    {
        "logtime": "2019/05/14 14:44:08",
        "logdata": "http://www.fuannainc.top//ws/MobileInterface.ashx?action=GetMobileLoginNotice"
    },
    {
        "logtime": "2019/05/14 14:44:08",
        "logdata": ""
    }
]