[
    {
        "logtime": "2019/05/17 18:25:29",
        "logdata": "LogonScene.onceExcute"
    },
    {
        "logtime": "2019/05/17 18:25:29",
        "logdata": "http://www.fuannainc.top/"
    },
    {
        "logtime": "2019/05/17 18:25:29",
        "logdata": "url"
    },
    {
        "logtime": "2019/05/17 18:25:29",
        "logdata": "http://www.fuannainc.top//ws/MobileInterface.ashx?action=GetMobileLoginNotice"
    },
    {
        "logtime": "2019/05/17 18:25:29",
        "logdata": ""
    },
    {
        "logtime": "2019/05/17 18:25:32",
        "logdata": "url"
    },
    {
        "logtime": "2019/05/17 18:25:32",
        "logdata": "http://apis.juhe.cn/ip/ip2addr?ip=113.77.83.165&key=74bb0395667b8d0588df9ebd6fc36a12"
    },
    {
        "logtime": "2019/05/17 18:25:32",
        "logdata": ""
    },
    {
        "logtime": "2019/05/17 18:25:32",
        "logdata": "onLogonCallBack"
    },
    {
        "logtime": "2019/05/17 18:25:32",
        "logdata": "http://www.fuannainc.top/"
    },
    {
        "logtime": "2019/05/17 18:25:32",
        "logdata": "url"
    },
    {
        "logtime": "2019/05/17 18:25:32",
        "logdata": "http://www.fuannainc.top//WS/MobileInterface.ashx"
    },
    {
        "logtime": "2019/05/17 18:25:32",
        "logdata": "action=GetMobileShareConfig&userid=119911&time=1558088732&signature=7F43D1E07B8572D07054B44F13518AB2"
    },
    {
        "logtime": "2019/05/17 18:25:35",
        "logdata": "url"
    },
    {
        "logtime": "2019/05/17 18:25:35",
        "logdata": "http://www.fuannainc.top//WS/MobileInterface.ashx?action=GetMobileRollNotice"
    },
    {
        "logtime": "2019/05/17 18:25:35",
        "logdata": ""
    },
    {
        "logtime": "2019/05/17 18:25:35",
        "logdata": "url"
    },
    {
        "logtime": "2019/05/17 18:25:35",
        "logdata": "http://apis.juhe.cn/ip/ip2addr?ip=113.77.83.165&key=74bb0395667b8d0588df9ebd6fc36a12"
    },
    {
        "logtime": "2019/05/17 18:25:35",
        "logdata": ""
    },
    {
        "logtime": "2019/05/17 18:25:35",
        "logdata": "onLogonCallBack"
    },
    {
        "logtime": "2019/05/17 18:25:35",
        "logdata": "http://www.fuannainc.top/"
    },
    {
        "logtime": "2019/05/17 18:25:35",
        "logdata": "url"
    },
    {
        "logtime": "2019/05/17 18:25:35",
        "logdata": "http://www.fuannainc.top//WS/MobileInterface.ashx"
    },
    {
        "logtime": "2019/05/17 18:25:35",
        "logdata": "action=GetMobileShareConfig&userid=119940&time=1558088735&signature=FEF30630894354E3D455E7B70CF5A616"
    },
    {
        "logtime": "2019/05/17 18:25:36",
        "logdata": "url"
    },
    {
        "logtime": "2019/05/17 18:25:36",
        "logdata": "http://www.fuannainc.top//WS/MobileInterface.ashx?action=GetMobileRollNotice"
    },
    {
        "logtime": "2019/05/17 18:25:36",
        "logdata": ""
    },
    {
        "logtime": "2019/05/17 18:25:40",
        "logdata": "[string \".\\client/src/controller/command/LoadViewComma...\"]:288: attempt to call method 'attach' (a nil value)\nstack traceback:\n\t[string \".\\framework/notify/event.lua\"]:167: in function 'call_handlers'\n\t[string \".\\framework/notify/event.lua\"]:305: in function 'emit'\n\t[string \".\\view/base/BaseLayer.lua\"]:135: in function 'emit'\n\t[string \".\\view/base/BaseLayer.lua\"]:37: in function 'loadFinished'\n\t[string \".\\view/base/BaseLayer.lua\"]:31: in function <[string \".\\view/base/BaseLayer.lua\"]:30>"
    },
    {
        "logtime": "2019/05/17 18:25:40",
        "logdata": "[string \".\\view/base/BaseLayer.lua\"]:31: attempt to call method 'loadFinished' (a nil value)\nstack traceback:"
    },
    {
        "logtime": "2019/05/17 18:25:41",
        "logdata": "[string \".\\view/base/BaseLayer.lua\"]:31: attempt to call method 'loadFinished' (a nil value)\nstack traceback:"
    },
    {
        "logtime": "2019/05/17 18:25:41",
        "logdata": "[string \".\\view/base/BaseLayer.lua\"]:31: attempt to call method 'loadFinished' (a nil value)\nstack traceback:"
    },
    {
        "logtime": "2019/05/17 18:25:41",
        "logdata": "[string \".\\view/base/BaseLayer.lua\"]:31: attempt to call method 'loadFinished' (a nil value)\nstack traceback:"
    },
    {
        "logtime": "2019/05/17 18:25:41",
        "logdata": "[string \".\\view/base/BaseLayer.lua\"]:31: attempt to call method 'loadFinished' (a nil value)\nstack traceback:"
    },
    {
        "logtime": "2019/05/17 18:25:41",
        "logdata": "[string \".\\view/base/BaseLayer.lua\"]:31: attempt to call method 'loadFinished' (a nil value)\nstack traceback:"
    },
    {
        "logtime": "2019/05/17 18:25:41",
        "logdata": "[string \".\\view/base/BaseLayer.lua\"]:31: attempt to call method 'loadFinished' (a nil value)\nstack traceback:"
    },
    {
        "logtime": "2019/05/17 18:25:41",
        "logdata": "[string \".\\view/base/BaseLayer.lua\"]:31: attempt to call method 'loadFinished' (a nil value)\nstack traceback:"
    },
    {
        "logtime": "2019/05/17 18:25:41",
        "logdata": "[string \".\\view/base/BaseLayer.lua\"]:31: attempt to call method 'loadFinished' (a nil value)\nstack traceback:"
    },
    {
        "logtime": "2019/05/17 18:25:41",
        "logdata": "[string \".\\view/base/BaseLayer.lua\"]:31: attempt to call method 'loadFinished' (a nil value)\nstack traceback:"
    },
    {
        "logtime": "2019/05/17 18:25:41",
        "logdata": "[string \".\\view/base/BaseLayer.lua\"]:31: attempt to call method 'loadFinished' (a nil value)\nstack traceback:"
    },
    {
        "logtime": "2019/05/17 18:25:41",
        "logdata": "[string \".\\view/base/BaseLayer.lua\"]:31: attempt to call method 'loadFinished' (a nil value)\nstack traceback:"
    },
    {
        "logtime": "2019/05/17 18:25:41",
        "logdata": "[string \".\\view/base/BaseLayer.lua\"]:31: attempt to call method 'loadFinished' (a nil value)\nstack traceback:"
    },
    {
        "logtime": "2019/05/17 18:25:41",
        "logdata": "[string \".\\view/base/BaseLayer.lua\"]:31: attempt to call method 'loadFinished' (a nil value)\nstack traceback:"
    },
    {
        "logtime": "2019/05/17 18:25:41",
        "logdata": "[string \".\\view/base/BaseLayer.lua\"]:31: attempt to call method 'loadFinished' (a nil value)\nstack traceback:"
    },
    {
        "logtime": "2019/05/17 18:25:41",
        "logdata": "[string \".\\view/base/BaseLayer.lua\"]:31: attempt to call method 'loadFinished' (a nil value)\nstack traceback:"
    },
    {
        "logtime": "2019/05/17 18:25:41",
        "logdata": "[string \".\\view/base/BaseLayer.lua\"]:31: attempt to call method 'loadFinished' (a nil value)\nstack traceback:"
    },
    {
        "logtime": "2019/05/17 18:25:41",
        "logdata": "[string \".\\view/base/BaseLayer.lua\"]:31: attempt to call method 'loadFinished' (a nil value)\nstack traceback:"
    },
    {
        "logtime": "2019/05/17 18:25:41",
        "logdata": "[string \".\\view/base/BaseLayer.lua\"]:31: attempt to call method 'loadFinished' (a nil value)\nstack traceback:"
    },
    {
        "logtime": "2019/05/17 18:25:41",
        "logdata": "[string \".\\view/base/BaseLayer.lua\"]:31: attempt to call method 'loadFinished' (a nil value)\nstack traceback:"
    },
    {
        "logtime": "2019/05/17 18:25:41",
        "logdata": "[string \".\\view/base/BaseLayer.lua\"]:31: attempt to call method 'loadFinished' (a nil value)\nstack traceback:"
    },
    {
        "logtime": "2019/05/17 18:25:41",
        "logdata": "[string \".\\view/base/BaseLayer.lua\"]:31: attempt to call method 'loadFinished' (a nil value)\nstack traceback:"
    },
    {
        "logtime": "2019/05/17 18:25:41",
        "logdata": "[string \".\\view/base/BaseLayer.lua\"]:31: attempt to call method 'loadFinished' (a nil value)\nstack traceback:"
    },
    {
        "logtime": "2019/05/17 18:25:41",
        "logdata": "[string \".\\view/base/BaseLayer.lua\"]:31: attempt to call method 'loadFinished' (a nil value)\nstack traceback:"
    },
    {
        "logtime": "2019/05/17 18:25:41",
        "logdata": "[string \".\\view/base/BaseLayer.lua\"]:31: attempt to call method 'loadFinished' (a nil value)\nstack traceback:"
    },
    {
        "logtime": "2019/05/17 18:25:41",
        "logdata": "[string \".\\view/base/BaseLayer.lua\"]:31: attempt to call method 'loadFinished' (a nil value)\nstack traceback:"
    },
    {
        "logtime": "2019/05/17 18:25:41",
        "logdata": "[string \".\\view/base/BaseLayer.lua\"]:31: attempt to call method 'loadFinished' (a nil value)\nstack traceback:"
    },
    {
        "logtime": "2019/05/17 18:25:41",
        "logdata": "[string \".\\view/base/BaseLayer.lua\"]:31: attempt to call method 'loadFinished' (a nil value)\nstack traceback:"
    },
    {
        "logtime": "2019/05/17 18:25:41",
        "logdata": "[string \".\\view/base/BaseLayer.lua\"]:31: attempt to call method 'loadFinished' (a nil value)\nstack traceback:"
    },
    {
        "logtime": "2019/05/17 18:25:41",
        "logdata": "[string \".\\view/base/BaseLayer.lua\"]:31: attempt to call method 'loadFinished' (a nil value)\nstack traceback:"
    },
    {
        "logtime": "2019/05/17 18:25:41",
        "logdata": "[string \".\\view/base/BaseLayer.lua\"]:31: attempt to call method 'loadFinished' (a nil value)\nstack traceback:"
    },
    {
        "logtime": "2019/05/17 18:25:41",
        "logdata": "[string \".\\view/base/BaseLayer.lua\"]:31: attempt to call method 'loadFinished' (a nil value)\nstack traceback:"
    },
    {
        "logtime": "2019/05/17 18:25:41",
        "logdata": "[string \".\\view/base/BaseLayer.lua\"]:31: attempt to call method 'loadFinished' (a nil value)\nstack traceback:"
    },
    {
        "logtime": "2019/05/17 18:25:41",
        "logdata": "[string \".\\view/base/BaseLayer.lua\"]:31: attempt to call method 'loadFinished' (a nil value)\nstack traceback:"
    },
    {
        "logtime": "2019/05/17 18:25:41",
        "logdata": "[string \".\\view/base/BaseLayer.lua\"]:31: attempt to call method 'loadFinished' (a nil value)\nstack traceback:"
    },
    {
        "logtime": "2019/05/17 18:25:41",
        "logdata": "[string \".\\view/base/BaseLayer.lua\"]:31: attempt to call method 'loadFinished' (a nil value)\nstack traceback:"
    },
    {
        "logtime": "2019/05/17 18:25:41",
        "logdata": "[string \".\\view/base/BaseLayer.lua\"]:31: attempt to call method 'loadFinished' (a nil value)\nstack traceback:"
    },
    {
        "logtime": "2019/05/17 18:25:41",
        "logdata": "[string \".\\view/base/BaseLayer.lua\"]:31: attempt to call method 'loadFinished' (a nil value)\nstack traceback:"
    },
    {
        "logtime": "2019/05/17 18:25:41",
        "logdata": "[string \".\\view/base/BaseLayer.lua\"]:31: attempt to call method 'loadFinished' (a nil value)\nstack traceback:"
    },
    {
        "logtime": "2019/05/17 18:25:41",
        "logdata": "[string \".\\view/base/BaseLayer.lua\"]:31: attempt to call method 'loadFinished' (a nil value)\nstack traceback:"
    },
    {
        "logtime": "2019/05/17 18:25:41",
        "logdata": "[string \".\\view/base/BaseLayer.lua\"]:31: attempt to call method 'loadFinished' (a nil value)\nstack traceback:"
    },
    {
        "logtime": "2019/05/17 18:25:41",
        "logdata": "[string \".\\view/base/BaseLayer.lua\"]:31: attempt to call method 'loadFinished' (a nil value)\nstack traceback:"
    },
    {
        "logtime": "2019/05/17 18:25:41",
        "logdata": "[string \".\\view/base/BaseLayer.lua\"]:31: attempt to call method 'loadFinished' (a nil value)\nstack traceback:"
    },
    {
        "logtime": "2019/05/17 18:25:41",
        "logdata": "[string \".\\view/base/BaseLayer.lua\"]:31: attempt to call method 'loadFinished' (a nil value)\nstack traceback:"
    },
    {
        "logtime": "2019/05/17 18:25:41",
        "logdata": "[string \".\\view/base/BaseLayer.lua\"]:31: attempt to call method 'loadFinished' (a nil value)\nstack traceback:"
    },
    {
        "logtime": "2019/05/17 18:25:41",
        "logdata": "[string \".\\view/base/BaseLayer.lua\"]:31: attempt to call method 'loadFinished' (a nil value)\nstack traceback:"
    },
    {
        "logtime": "2019/05/17 18:25:41",
        "logdata": "[string \".\\view/base/BaseLayer.lua\"]:31: attempt to call method 'loadFinished' (a nil value)\nstack traceback:"
    },
    {
        "logtime": "2019/05/17 18:25:41",
        "logdata": "[string \".\\view/base/BaseLayer.lua\"]:31: attempt to call method 'loadFinished' (a nil value)\nstack traceback:"
    },
    {
        "logtime": "2019/05/17 18:25:41",
        "logdata": "[string \".\\view/base/BaseLayer.lua\"]:31: attempt to call method 'loadFinished' (a nil value)\nstack traceback:"
    },
    {
        "logtime": "2019/05/17 18:25:41",
        "logdata": "[string \".\\cocos/init.lua\"]:42: attempt to call global 'buglyReportLuaException' (a nil value)\nstack traceback:\n\t[string \".\\view/base/BaseLayer.lua\"]:31: in function <[string \".\\view/base/BaseLayer.lua\"]:30>"
    },
    {
        "logtime": "2019/05/17 18:25:41",
        "logdata": "[string \".\\view/base/BaseLayer.lua\"]:31: attempt to call method 'loadFinished' (a nil value)\nstack traceback:"
    },
    {
        "logtime": "2019/05/17 18:25:41",
        "logdata": "[string \".\\view/base/BaseLayer.lua\"]:31: attempt to call method 'loadFinished' (a nil value)\nstack traceback:"
    },
    {
        "logtime": "2019/05/17 18:25:41",
        "logdata": "[string \".\\view/base/BaseLayer.lua\"]:31: attempt to call method 'loadFinished' (a nil value)\nstack traceback:"
    },
    {
        "logtime": "2019/05/17 18:25:41",
        "logdata": "[string \".\\view/base/BaseLayer.lua\"]:31: attempt to call method 'loadFinished' (a nil value)\nstack traceback:"
    },
    {
        "logtime": "2019/05/17 18:25:41",
        "logdata": "[string \".\\view/base/BaseLayer.lua\"]:31: attempt to call method 'loadFinished' (a nil value)\nstack traceback:"
    },
    {
        "logtime": "2019/05/17 18:25:41",
        "logdata": "[string \".\\view/base/BaseLayer.lua\"]:31: attempt to call method 'loadFinished' (a nil value)\nstack traceback:"
    },
    {
        "logtime": "2019/05/17 18:25:42",
        "logdata": "[string \".\\view/base/BaseLayer.lua\"]:31: attempt to call method 'loadFinished' (a nil value)\nstack traceback:"
    },
    {
        "logtime": "2019/05/17 18:25:42",
        "logdata": "[string \".\\view/base/BaseLayer.lua\"]:31: attempt to call method 'loadFinished' (a nil value)\nstack traceback:"
    },
    {
        "logtime": "2019/05/17 18:25:42",
        "logdata": "[string \".\\view/base/BaseLayer.lua\"]:31: attempt to call method 'loadFinished' (a nil value)\nstack traceback:"
    },
    {
        "logtime": "2019/05/17 18:25:42",
        "logdata": "[string \".\\view/base/BaseLayer.lua\"]:31: attempt to call method 'loadFinished' (a nil value)\nstack traceback:"
    },
    {
        "logtime": "2019/05/17 18:25:42",
        "logdata": "[string \".\\view/base/BaseLayer.lua\"]:31: attempt to call method 'loadFinished' (a nil value)\nstack traceback:"
    },
    {
        "logtime": "2019/05/17 18:25:42",
        "logdata": "[string \".\\view/base/BaseLayer.lua\"]:31: attempt to call method 'loadFinished' (a nil value)\nstack traceback:"
    },
    {
        "logtime": "2019/05/17 18:25:42",
        "logdata": "[string \".\\view/base/BaseLayer.lua\"]:31: attempt to call method 'loadFinished' (a nil value)\nstack traceback:"
    },
    {
        "logtime": "2019/05/17 18:25:42",
        "logdata": "[string \".\\view/base/BaseLayer.lua\"]:31: attempt to call method 'loadFinished' (a nil value)\nstack traceback:"
    },
    {
        "logtime": "2019/05/17 18:25:42",
        "logdata": "[string \".\\view/base/BaseLayer.lua\"]:31: attempt to call method 'loadFinished' (a nil value)\nstack traceback:"
    },
    {
        "logtime": "2019/05/17 18:25:42",
        "logdata": "[string \".\\view/base/BaseLayer.lua\"]:31: attempt to call method 'loadFinished' (a nil value)\nstack traceback:"
    },
    {
        "logtime": "2019/05/17 18:25:42",
        "logdata": "[string \".\\view/base/BaseLayer.lua\"]:31: attempt to call method 'loadFinished' (a nil value)\nstack traceback:"
    },
    {
        "logtime": "2019/05/17 18:25:42",
        "logdata": "[string \".\\view/base/BaseLayer.lua\"]:31: attempt to call method 'loadFinished' (a nil value)\nstack traceback:"
    },
    {
        "logtime": "2019/05/17 18:25:42",
        "logdata": "[string \".\\view/base/BaseLayer.lua\"]:31: attempt to call method 'loadFinished' (a nil value)\nstack traceback:"
    },
    {
        "logtime": "2019/05/17 18:25:42",
        "logdata": "[string \".\\view/base/BaseLayer.lua\"]:31: attempt to call method 'loadFinished' (a nil value)\nstack traceback:"
    },
    {
        "logtime": "2019/05/17 18:25:42",
        "logdata": "[string \".\\view/base/BaseLayer.lua\"]:31: attempt to call method 'loadFinished' (a nil value)\nstack traceback:"
    },
    {
        "logtime": "2019/05/17 18:25:42",
        "logdata": "[string \".\\view/base/BaseLayer.lua\"]:31: attempt to call method 'loadFinished' (a nil value)\nstack traceback:"
    },
    {
        "logtime": "2019/05/17 18:25:42",
        "logdata": "[string \".\\view/base/BaseLayer.lua\"]:31: attempt to call method 'loadFinished' (a nil value)\nstack traceback:"
    },
    {
        "logtime": "2019/05/17 18:25:42",
        "logdata": "[string \".\\view/base/BaseLayer.lua\"]:31: attempt to call method 'loadFinished' (a nil value)\nstack traceback:"
    },
    {
        "logtime": "2019/05/17 18:25:42",
        "logdata": "[string \".\\view/base/BaseLayer.lua\"]:31: attempt to call method 'loadFinished' (a nil value)\nstack traceback:"
    },
    {
        "logtime": "2019/05/17 18:25:42",
        "logdata": "[string \".\\view/base/BaseLayer.lua\"]:31: attempt to call method 'loadFinished' (a nil value)\nstack traceback:"
    },
    {
        "logtime": "2019/05/17 18:25:42",
        "logdata": "[string \".\\view/base/BaseLayer.lua\"]:31: attempt to call method 'loadFinished' (a nil value)\nstack traceback:"
    },
    {
        "logtime": "2019/05/17 18:25:42",
        "logdata": "[string \".\\view/base/BaseLayer.lua\"]:31: attempt to call method 'loadFinished' (a nil value)\nstack traceback:"
    },
    {
        "logtime": "2019/05/17 18:25:42",
        "logdata": "[string \".\\view/base/BaseLayer.lua\"]:31: attempt to call method 'loadFinished' (a nil value)\nstack traceback:"
    },
    {
        "logtime": "2019/05/17 18:25:42",
        "logdata": "[string \".\\view/base/BaseLayer.lua\"]:31: attempt to call method 'loadFinished' (a nil value)\nstack traceback:"
    },
    {
        "logtime": "2019/05/17 18:25:42",
        "logdata": "[string \".\\view/base/BaseLayer.lua\"]:31: attempt to call method 'loadFinished' (a nil value)\nstack traceback:"
    },
    {
        "logtime": "2019/05/17 18:25:42",
        "logdata": "[string \".\\view/base/BaseLayer.lua\"]:31: attempt to call method 'loadFinished' (a nil value)\nstack traceback:"
    },
    {
        "logtime": "2019/05/17 18:25:42",
        "logdata": "[string \".\\view/base/BaseLayer.lua\"]:31: attempt to call method 'loadFinished' (a nil value)\nstack traceback:"
    },
    {
        "logtime": "2019/05/17 18:25:42",
        "logdata": "[string \".\\view/base/BaseLayer.lua\"]:31: attempt to call method 'loadFinished' (a nil value)\nstack traceback:"
    },
    {
        "logtime": "2019/05/17 18:25:42",
        "logdata": "[string \".\\view/base/BaseLayer.lua\"]:31: attempt to call method 'loadFinished' (a nil value)\nstack traceback:"
    },
    {
        "logtime": "2019/05/17 18:25:42",
        "logdata": "[string \".\\view/base/BaseLayer.lua\"]:31: attempt to call method 'loadFinished' (a nil value)\nstack traceback:"
    },
    {
        "logtime": "2019/05/17 18:25:42",
        "logdata": "[string \".\\view/base/BaseLayer.lua\"]:31: attempt to call method 'loadFinished' (a nil value)\nstack traceback:"
    },
    {
        "logtime": "2019/05/17 18:25:42",
        "logdata": "[string \".\\view/base/BaseLayer.lua\"]:31: attempt to call method 'loadFinished' (a nil value)\nstack traceback:"
    },
    {
        "logtime": "2019/05/17 18:25:42",
        "logdata": "[string \".\\view/base/BaseLayer.lua\"]:31: attempt to call method 'loadFinished' (a nil value)\nstack traceback:"
    },
    {
        "logtime": "2019/05/17 18:25:42",
        "logdata": "[string \".\\view/base/BaseLayer.lua\"]:31: attempt to call method 'loadFinished' (a nil value)\nstack traceback:"
    },
    {
        "logtime": "2019/05/17 18:25:42",
        "logdata": "[string \".\\view/base/BaseLayer.lua\"]:31: attempt to call method 'loadFinished' (a nil value)\nstack traceback:"
    },
    {
        "logtime": "2019/05/17 18:25:42",
        "logdata": "[string \".\\view/base/BaseLayer.lua\"]:31: attempt to call method 'loadFinished' (a nil value)\nstack traceback:"
    },
    {
        "logtime": "2019/05/17 18:25:42",
        "logdata": "[string \".\\view/base/BaseLayer.lua\"]:31: attempt to call method 'loadFinished' (a nil value)\nstack traceback:"
    },
    {
        "logtime": "2019/05/17 18:25:42",
        "logdata": "[string \".\\view/base/BaseLayer.lua\"]:31: attempt to call method 'loadFinished' (a nil value)\nstack traceback:"
    },
    {
        "logtime": "2019/05/17 18:25:42",
        "logdata": "[string \".\\view/base/BaseLayer.lua\"]:31: attempt to call method 'loadFinished' (a nil value)\nstack traceback:"
    },
    {
        "logtime": "2019/05/17 18:25:42",
        "logdata": "[string \".\\view/base/BaseLayer.lua\"]:31: attempt to call method 'loadFinished' (a nil value)\nstack traceback:"
    },
    {
        "logtime": "2019/05/17 18:25:42",
        "logdata": "[string \".\\view/base/BaseLayer.lua\"]:31: attempt to call method 'loadFinished' (a nil value)\nstack traceback:"
    },
    {
        "logtime": "2019/05/17 18:25:42",
        "logdata": "[string \".\\view/base/BaseLayer.lua\"]:31: attempt to call method 'loadFinished' (a nil value)\nstack traceback:"
    },
    {
        "logtime": "2019/05/17 18:25:42",
        "logdata": "[string \".\\view/base/BaseLayer.lua\"]:31: attempt to call method 'loadFinished' (a nil value)\nstack traceback:"
    },
    {
        "logtime": "2019/05/17 18:25:42",
        "logdata": "[string \".\\view/base/BaseLayer.lua\"]:31: attempt to call method 'loadFinished' (a nil value)\nstack traceback:"
    },
    {
        "logtime": "2019/05/17 18:25:42",
        "logdata": "[string \".\\view/base/BaseLayer.lua\"]:31: attempt to call method 'loadFinished' (a nil value)\nstack traceback:"
    },
    {
        "logtime": "2019/05/17 18:25:43",
        "logdata": "[string \".\\view/base/BaseLayer.lua\"]:31: attempt to call method 'loadFinished' (a nil value)\nstack traceback:"
    },
    {
        "logtime": "2019/05/17 18:25:43",
        "logdata": "[string \".\\view/base/BaseLayer.lua\"]:31: attempt to call method 'loadFinished' (a nil value)\nstack traceback:"
    },
    {
        "logtime": "2019/05/17 18:25:43",
        "logdata": "[string \".\\view/base/BaseLayer.lua\"]:31: attempt to call method 'loadFinished' (a nil value)\nstack traceback:"
    },
    {
        "logtime": "2019/05/17 18:25:43",
        "logdata": "[string \".\\view/base/BaseLayer.lua\"]:31: attempt to call method 'loadFinished' (a nil value)\nstack traceback:"
    },
    {
        "logtime": "2019/05/17 18:25:43",
        "logdata": "[string \".\\view/base/BaseLayer.lua\"]:31: attempt to call method 'loadFinished' (a nil value)\nstack traceback:"
    },
    {
        "logtime": "2019/05/17 18:25:43",
        "logdata": "[string \".\\view/base/BaseLayer.lua\"]:31: attempt to call method 'loadFinished' (a nil value)\nstack traceback:"
    },
    {
        "logtime": "2019/05/17 18:25:43",
        "logdata": "[string \".\\view/base/BaseLayer.lua\"]:31: attempt to call method 'loadFinished' (a nil value)\nstack traceback:"
    },
    {
        "logtime": "2019/05/17 18:25:43",
        "logdata": "[string \".\\view/base/BaseLayer.lua\"]:31: attempt to call method 'loadFinished' (a nil value)\nstack traceback:"
    },
    {
        "logtime": "2019/05/17 18:25:43",
        "logdata": "[string \".\\view/base/BaseLayer.lua\"]:31: attempt to call method 'loadFinished' (a nil value)\nstack traceback:"
    },
    {
        "logtime": "2019/05/17 18:25:43",
        "logdata": "[string \".\\view/base/BaseLayer.lua\"]:31: attempt to call method 'loadFinished' (a nil value)\nstack traceback:"
    },
    {
        "logtime": "2019/05/17 18:25:43",
        "logdata": "[string \".\\view/base/BaseLayer.lua\"]:31: attempt to call method 'loadFinished' (a nil value)\nstack traceback:"
    },
    {
        "logtime": "2019/05/17 18:25:43",
        "logdata": "[string \".\\view/base/BaseLayer.lua\"]:31: attempt to call method 'loadFinished' (a nil value)\nstack traceback:"
    },
    {
        "logtime": "2019/05/17 18:25:43",
        "logdata": "[string \".\\view/base/BaseLayer.lua\"]:31: attempt to call method 'loadFinished' (a nil value)\nstack traceback:"
    },
    {
        "logtime": "2019/05/17 18:25:43",
        "logdata": "[string \".\\view/base/BaseLayer.lua\"]:31: attempt to call method 'loadFinished' (a nil value)\nstack traceback:"
    },
    {
        "logtime": "2019/05/17 18:25:43",
        "logdata": "[string \".\\view/base/BaseLayer.lua\"]:31: attempt to call method 'loadFinished' (a nil value)\nstack traceback:"
    },
    {
        "logtime": "2019/05/17 18:25:43",
        "logdata": "[string \".\\view/base/BaseLayer.lua\"]:31: attempt to call method 'loadFinished' (a nil value)\nstack traceback:"
    },
    {
        "logtime": "2019/05/17 18:25:43",
        "logdata": "[string \".\\view/base/BaseLayer.lua\"]:31: attempt to call method 'loadFinished' (a nil value)\nstack traceback:"
    },
    {
        "logtime": "2019/05/17 18:25:43",
        "logdata": "[string \".\\view/base/BaseLayer.lua\"]:31: attempt to call method 'loadFinished' (a nil value)\nstack traceback:"
    },
    {
        "logtime": "2019/05/17 18:25:43",
        "logdata": "[string \".\\view/base/BaseLayer.lua\"]:31: attempt to call method 'loadFinished' (a nil value)\nstack traceback:"
    },
    {
        "logtime": "2019/05/17 18:25:43",
        "logdata": "[string \".\\view/base/BaseLayer.lua\"]:31: attempt to call method 'loadFinished' (a nil value)\nstack traceback:"
    },
    {
        "logtime": "2019/05/17 18:25:43",
        "logdata": "[string \".\\view/base/BaseLayer.lua\"]:31: attempt to call method 'loadFinished' (a nil value)\nstack traceback:"
    },
    {
        "logtime": "2019/05/17 18:25:43",
        "logdata": "[string \".\\view/base/BaseLayer.lua\"]:31: attempt to call method 'loadFinished' (a nil value)\nstack traceback:"
    },
    {
        "logtime": "2019/05/17 18:25:43",
        "logdata": "[string \".\\view/base/BaseLayer.lua\"]:31: attempt to call method 'loadFinished' (a nil value)\nstack traceback:"
    },
    {
        "logtime": "2019/05/17 18:25:43",
        "logdata": "[string \".\\view/base/BaseLayer.lua\"]:31: attempt to call method 'loadFinished' (a nil value)\nstack traceback:"
    },
    {
        "logtime": "2019/05/17 18:25:43",
        "logdata": "[string \".\\view/base/BaseLayer.lua\"]:31: attempt to call method 'loadFinished' (a nil value)\nstack traceback:"
    },
    {
        "logtime": "2019/05/17 18:25:43",
        "logdata": "[string \".\\view/base/BaseLayer.lua\"]:31: attempt to call method 'loadFinished' (a nil value)\nstack traceback:"
    },
    {
        "logtime": "2019/05/17 18:25:43",
        "logdata": "[string \".\\view/base/BaseLayer.lua\"]:31: attempt to call method 'loadFinished' (a nil value)\nstack traceback:"
    },
    {
        "logtime": "2019/05/17 18:25:43",
        "logdata": "[string \".\\view/base/BaseLayer.lua\"]:31: attempt to call method 'loadFinished' (a nil value)\nstack traceback:"
    },
    {
        "logtime": "2019/05/17 18:25:43",
        "logdata": "[string \".\\view/base/BaseLayer.lua\"]:31: attempt to call method 'loadFinished' (a nil value)\nstack traceback:"
    },
    {
        "logtime": "2019/05/17 18:25:43",
        "logdata": "[string \".\\view/base/BaseLayer.lua\"]:31: attempt to call method 'loadFinished' (a nil value)\nstack traceback:"
    },
    {
        "logtime": "2019/05/17 18:25:43",
        "logdata": "[string \".\\view/base/BaseLayer.lua\"]:31: attempt to call method 'loadFinished' (a nil value)\nstack traceback:"
    },
    {
        "logtime": "2019/05/17 18:25:43",
        "logdata": "[string \".\\view/base/BaseLayer.lua\"]:31: attempt to call method 'loadFinished' (a nil value)\nstack traceback:"
    },
    {
        "logtime": "2019/05/17 18:25:43",
        "logdata": "[string \".\\view/base/BaseLayer.lua\"]:31: attempt to call method 'loadFinished' (a nil value)\nstack traceback:"
    },
    {
        "logtime": "2019/05/17 18:25:43",
        "logdata": "[string \".\\view/base/BaseLayer.lua\"]:31: attempt to call method 'loadFinished' (a nil value)\nstack traceback:"
    },
    {
        "logtime": "2019/05/17 18:25:43",
        "logdata": "[string \".\\view/base/BaseLayer.lua\"]:31: attempt to call method 'loadFinished' (a nil value)\nstack traceback:"
    },
    {
        "logtime": "2019/05/17 18:25:44",
        "logdata": "[string \".\\view/base/BaseLayer.lua\"]:31: attempt to call method 'loadFinished' (a nil value)\nstack traceback:"
    },
    {
        "logtime": "2019/05/17 18:25:44",
        "logdata": "[string \".\\view/base/BaseLayer.lua\"]:31: attempt to call method 'loadFinished' (a nil value)\nstack traceback:"
    },
    {
        "logtime": "2019/05/17 18:25:44",
        "logdata": "[string \".\\view/base/BaseLayer.lua\"]:31: attempt to call method 'loadFinished' (a nil value)\nstack traceback:"
    },
    {
        "logtime": "2019/05/17 18:25:44",
        "logdata": "[string \".\\view/base/BaseLayer.lua\"]:31: attempt to call method 'loadFinished' (a nil value)\nstack traceback:"
    },
    {
        "logtime": "2019/05/17 18:25:44",
        "logdata": "[string \".\\view/base/BaseLayer.lua\"]:31: attempt to call method 'loadFinished' (a nil value)\nstack traceback:"
    },
    {
        "logtime": "2019/05/17 18:25:44",
        "logdata": "[string \".\\view/base/BaseLayer.lua\"]:31: attempt to call method 'loadFinished' (a nil value)\nstack traceback:"
    },
    {
        "logtime": "2019/05/17 18:25:44",
        "logdata": "[string \".\\view/base/BaseLayer.lua\"]:31: attempt to call method 'loadFinished' (a nil value)\nstack traceback:"
    },
    {
        "logtime": "2019/05/17 18:25:44",
        "logdata": "[string \".\\view/base/BaseLayer.lua\"]:31: attempt to call method 'loadFinished' (a nil value)\nstack traceback:"
    },
    {
        "logtime": "2019/05/17 18:25:44",
        "logdata": "[string \".\\view/base/BaseLayer.lua\"]:31: attempt to call method 'loadFinished' (a nil value)\nstack traceback:"
    },
    {
        "logtime": "2019/05/17 18:25:44",
        "logdata": "[string \".\\view/base/BaseLayer.lua\"]:31: attempt to call method 'loadFinished' (a nil value)\nstack traceback:"
    },
    {
        "logtime": "2019/05/17 18:25:44",
        "logdata": "[string \".\\view/base/BaseLayer.lua\"]:31: attempt to call method 'loadFinished' (a nil value)\nstack traceback:"
    },
    {
        "logtime": "2019/05/17 18:25:44",
        "logdata": "[string \".\\view/base/BaseLayer.lua\"]:31: attempt to call method 'loadFinished' (a nil value)\nstack traceback:"
    },
    {
        "logtime": "2019/05/17 18:25:44",
        "logdata": "[string \".\\view/base/BaseLayer.lua\"]:31: attempt to call method 'loadFinished' (a nil value)\nstack traceback:"
    },
    {
        "logtime": "2019/05/17 18:25:44",
        "logdata": "[string \".\\view/base/BaseLayer.lua\"]:31: attempt to call method 'loadFinished' (a nil value)\nstack traceback:"
    },
    {
        "logtime": "2019/05/17 18:25:44",
        "logdata": "[string \".\\view/base/BaseLayer.lua\"]:31: attempt to call method 'loadFinished' (a nil value)\nstack traceback:"
    },
    {
        "logtime": "2019/05/17 18:25:44",
        "logdata": "[string \".\\view/base/BaseLayer.lua\"]:31: attempt to call method 'loadFinished' (a nil value)\nstack traceback:"
    },
    {
        "logtime": "2019/05/17 18:25:44",
        "logdata": "[string \".\\view/base/BaseLayer.lua\"]:31: attempt to call method 'loadFinished' (a nil value)\nstack traceback:"
    },
    {
        "logtime": "2019/05/17 18:25:44",
        "logdata": "[string \".\\view/base/BaseLayer.lua\"]:31: attempt to call method 'loadFinished' (a nil value)\nstack traceback:"
    },
    {
        "logtime": "2019/05/17 18:25:44",
        "logdata": "[string \".\\view/base/BaseLayer.lua\"]:31: attempt to call method 'loadFinished' (a nil value)\nstack traceback:"
    },
    {
        "logtime": "2019/05/17 18:25:44",
        "logdata": "[string \".\\view/base/BaseLayer.lua\"]:31: attempt to call method 'loadFinished' (a nil value)\nstack traceback:"
    },
    {
        "logtime": "2019/05/17 18:25:44",
        "logdata": "[string \".\\view/base/BaseLayer.lua\"]:31: attempt to call method 'loadFinished' (a nil value)\nstack traceback:"
    },
    {
        "logtime": "2019/05/17 18:25:44",
        "logdata": "[string \".\\view/base/BaseLayer.lua\"]:31: attempt to call method 'loadFinished' (a nil value)\nstack traceback:"
    },
    {
        "logtime": "2019/05/17 18:25:45",
        "logdata": "[string \".\\view/base/BaseLayer.lua\"]:31: attempt to call method 'loadFinished' (a nil value)\nstack traceback:"
    },
    {
        "logtime": "2019/05/17 18:25:45",
        "logdata": "[string \".\\view/base/BaseLayer.lua\"]:31: attempt to call method 'loadFinished' (a nil value)\nstack traceback:"
    },
    {
        "logtime": "2019/05/17 18:25:45",
        "logdata": "[string \".\\view/base/BaseLayer.lua\"]:31: attempt to call method 'loadFinished' (a nil value)\nstack traceback:"
    },
    {
        "logtime": "2019/05/17 18:25:45",
        "logdata": "[string \".\\view/base/BaseLayer.lua\"]:31: attempt to call method 'loadFinished' (a nil value)\nstack traceback:"
    },
    {
        "logtime": "2019/05/17 18:25:45",
        "logdata": "[string \".\\view/base/BaseLayer.lua\"]:31: attempt to call method 'loadFinished' (a nil value)\nstack traceback:"
    },
    {
        "logtime": "2019/05/17 18:25:45",
        "logdata": "[string \".\\view/base/BaseLayer.lua\"]:31: attempt to call method 'loadFinished' (a nil value)\nstack traceback:"
    },
    {
        "logtime": "2019/05/17 18:25:45",
        "logdata": "[string \".\\view/base/BaseLayer.lua\"]:31: attempt to call method 'loadFinished' (a nil value)\nstack traceback:"
    },
    {
        "logtime": "2019/05/17 18:25:45",
        "logdata": "[string \".\\view/base/BaseLayer.lua\"]:31: attempt to call method 'loadFinished' (a nil value)\nstack traceback:"
    },
    {
        "logtime": "2019/05/17 18:25:45",
        "logdata": "[string \".\\view/base/BaseLayer.lua\"]:31: attempt to call method 'loadFinished' (a nil value)\nstack traceback:"
    },
    {
        "logtime": "2019/05/17 18:25:45",
        "logdata": "[string \".\\view/base/BaseLayer.lua\"]:31: attempt to call method 'loadFinished' (a nil value)\nstack traceback:"
    },
    {
        "logtime": "2019/05/17 18:25:45",
        "logdata": "[string \".\\view/base/BaseLayer.lua\"]:31: attempt to call method 'loadFinished' (a nil value)\nstack traceback:"
    },
    {
        "logtime": "2019/05/17 18:25:45",
        "logdata": "[string \".\\view/base/BaseLayer.lua\"]:31: attempt to call method 'loadFinished' (a nil value)\nstack traceback:"
    },
    {
        "logtime": "2019/05/17 18:25:45",
        "logdata": "[string \".\\view/base/BaseLayer.lua\"]:31: attempt to call method 'loadFinished' (a nil value)\nstack traceback:"
    },
    {
        "logtime": "2019/05/17 18:25:45",
        "logdata": "[string \".\\view/base/BaseLayer.lua\"]:31: attempt to call method 'loadFinished' (a nil value)\nstack traceback:"
    },
    {
        "logtime": "2019/05/17 18:25:45",
        "logdata": "[string \".\\view/base/BaseLayer.lua\"]:31: attempt to call method 'loadFinished' (a nil value)\nstack traceback:"
    },
    {
        "logtime": "2019/05/17 18:25:45",
        "logdata": "[string \".\\view/base/BaseLayer.lua\"]:31: attempt to call method 'loadFinished' (a nil value)\nstack traceback:"
    },
    {
        "logtime": "2019/05/17 18:25:45",
        "logdata": "[string \".\\view/base/BaseLayer.lua\"]:31: attempt to call method 'loadFinished' (a nil value)\nstack traceback:"
    },
    {
        "logtime": "2019/05/17 18:25:45",
        "logdata": "[string \".\\view/base/BaseLayer.lua\"]:31: attempt to call method 'loadFinished' (a nil value)\nstack traceback:"
    },
    {
        "logtime": "2019/05/17 18:25:45",
        "logdata": "[string \".\\view/base/BaseLayer.lua\"]:31: attempt to call method 'loadFinished' (a nil value)\nstack traceback:"
    },
    {
        "logtime": "2019/05/17 18:25:45",
        "logdata": "[string \".\\view/base/BaseLayer.lua\"]:31: attempt to call method 'loadFinished' (a nil value)\nstack traceback:"
    },
    {
        "logtime": "2019/05/17 18:25:45",
        "logdata": "[string \".\\view/base/BaseLayer.lua\"]:31: attempt to call method 'loadFinished' (a nil value)\nstack traceback:"
    },
    {
        "logtime": "2019/05/17 18:25:45",
        "logdata": "[string \".\\view/base/BaseLayer.lua\"]:31: attempt to call method 'loadFinished' (a nil value)\nstack traceback:"
    },
    {
        "logtime": "2019/05/17 18:25:45",
        "logdata": "[string \".\\view/base/BaseLayer.lua\"]:31: attempt to call method 'loadFinished' (a nil value)\nstack traceback:"
    },
    {
        "logtime": "2019/05/17 18:25:46",
        "logdata": "[string \".\\view/base/BaseLayer.lua\"]:31: attempt to call method 'loadFinished' (a nil value)\nstack traceback:"
    },
    {
        "logtime": "2019/05/17 18:25:46",
        "logdata": "[string \".\\view/base/BaseLayer.lua\"]:31: attempt to call method 'loadFinished' (a nil value)\nstack traceback:"
    },
    {
        "logtime": "2019/05/17 18:25:46",
        "logdata": "[string \".\\view/base/BaseLayer.lua\"]:31: attempt to call method 'loadFinished' (a nil value)\nstack traceback:"
    },
    {
        "logtime": "2019/05/17 18:25:46",
        "logdata": "[string \".\\view/base/BaseLayer.lua\"]:31: attempt to call method 'loadFinished' (a nil value)\nstack traceback:"
    },
    {
        "logtime": "2019/05/17 18:25:46",
        "logdata": "[string \".\\view/base/BaseLayer.lua\"]:31: attempt to call method 'loadFinished' (a nil value)\nstack traceback:"
    },
    {
        "logtime": "2019/05/17 18:25:46",
        "logdata": "[string \".\\view/base/BaseLayer.lua\"]:31: attempt to call method 'loadFinished' (a nil value)\nstack traceback:"
    },
    {
        "logtime": "2019/05/17 18:25:46",
        "logdata": "[string \".\\view/base/BaseLayer.lua\"]:31: attempt to call method 'loadFinished' (a nil value)\nstack traceback:"
    },
    {
        "logtime": "2019/05/17 18:25:46",
        "logdata": "[string \".\\view/base/BaseLayer.lua\"]:31: attempt to call method 'loadFinished' (a nil value)\nstack traceback:"
    },
    {
        "logtime": "2019/05/17 18:25:46",
        "logdata": "[string \".\\view/base/BaseLayer.lua\"]:31: attempt to call method 'loadFinished' (a nil value)\nstack traceback:"
    },
    {
        "logtime": "2019/05/17 18:25:46",
        "logdata": "[string \".\\view/base/BaseLayer.lua\"]:31: attempt to call method 'loadFinished' (a nil value)\nstack traceback:"
    },
    {
        "logtime": "2019/05/17 18:25:46",
        "logdata": "[string \".\\view/base/BaseLayer.lua\"]:31: attempt to call method 'loadFinished' (a nil value)\nstack traceback:"
    },
    {
        "logtime": "2019/05/17 18:25:46",
        "logdata": "[string \".\\view/base/BaseLayer.lua\"]:31: attempt to call method 'loadFinished' (a nil value)\nstack traceback:"
    },
    {
        "logtime": "2019/05/17 18:25:46",
        "logdata": "[string \".\\view/base/BaseLayer.lua\"]:31: attempt to call method 'loadFinished' (a nil value)\nstack traceback:"
    },
    {
        "logtime": "2019/05/17 18:25:46",
        "logdata": "[string \".\\view/base/BaseLayer.lua\"]:31: attempt to call method 'loadFinished' (a nil value)\nstack traceback:"
    },
    {
        "logtime": "2019/05/17 18:25:47",
        "logdata": "[string \".\\view/base/BaseLayer.lua\"]:31: attempt to call method 'loadFinished' (a nil value)\nstack traceback:"
    },
    {
        "logtime": "2019/05/17 18:25:47",
        "logdata": "[string \".\\view/base/BaseLayer.lua\"]:31: attempt to call method 'loadFinished' (a nil value)\nstack traceback:"
    },
    {
        "logtime": "2019/05/17 18:25:47",
        "logdata": "[string \".\\view/base/BaseLayer.lua\"]:31: attempt to call method 'loadFinished' (a nil value)\nstack traceback:"
    },
    {
        "logtime": "2019/05/17 18:25:47",
        "logdata": "[string \".\\view/base/BaseLayer.lua\"]:31: attempt to call method 'loadFinished' (a nil value)\nstack traceback:"
    },
    {
        "logtime": "2019/05/17 18:25:47",
        "logdata": "[string \".\\view/base/BaseLayer.lua\"]:31: attempt to call method 'loadFinished' (a nil value)\nstack traceback:"
    },
    {
        "logtime": "2019/05/17 18:25:47",
        "logdata": "[string \".\\view/base/BaseLayer.lua\"]:31: attempt to call method 'loadFinished' (a nil value)\nstack traceback:"
    },
    {
        "logtime": "2019/05/17 18:25:47",
        "logdata": "[string \".\\view/base/BaseLayer.lua\"]:31: attempt to call method 'loadFinished' (a nil value)\nstack traceback:"
    },
    {
        "logtime": "2019/05/17 18:25:47",
        "logdata": "[string \".\\view/base/BaseLayer.lua\"]:31: attempt to call method 'loadFinished' (a nil value)\nstack traceback:"
    },
    {
        "logtime": "2019/05/17 18:25:47",
        "logdata": "[string \".\\view/base/BaseLayer.lua\"]:31: attempt to call method 'loadFinished' (a nil value)\nstack traceback:"
    },
    {
        "logtime": "2019/05/17 18:25:47",
        "logdata": "[string \".\\view/base/BaseLayer.lua\"]:31: attempt to call method 'loadFinished' (a nil value)\nstack traceback:"
    },
    {
        "logtime": "2019/05/17 18:25:47",
        "logdata": "[string \".\\view/base/BaseLayer.lua\"]:31: attempt to call method 'loadFinished' (a nil value)\nstack traceback:"
    },
    {
        "logtime": "2019/05/17 18:25:47",
        "logdata": "[string \".\\view/base/BaseLayer.lua\"]:31: attempt to call method 'loadFinished' (a nil value)\nstack traceback:"
    },
    {
        "logtime": "2019/05/17 18:25:47",
        "logdata": "[string \".\\view/base/BaseLayer.lua\"]:31: attempt to call method 'loadFinished' (a nil value)\nstack traceback:"
    },
    {
        "logtime": "2019/05/17 18:25:47",
        "logdata": "[string \".\\view/base/BaseLayer.lua\"]:31: attempt to call method 'loadFinished' (a nil value)\nstack traceback:"
    },
    {
        "logtime": "2019/05/17 18:25:47",
        "logdata": "[string \".\\view/base/BaseLayer.lua\"]:31: attempt to call method 'loadFinished' (a nil value)\nstack traceback:"
    },
    {
        "logtime": "2019/05/17 18:25:48",
        "logdata": "[string \".\\view/base/BaseLayer.lua\"]:31: attempt to call method 'loadFinished' (a nil value)\nstack traceback:"
    },
    {
        "logtime": "2019/05/17 18:25:48",
        "logdata": "[string \".\\view/base/BaseLayer.lua\"]:31: attempt to call method 'loadFinished' (a nil value)\nstack traceback:"
    },
    {
        "logtime": "2019/05/17 18:25:48",
        "logdata": "[string \".\\view/base/BaseLayer.lua\"]:31: attempt to call method 'loadFinished' (a nil value)\nstack traceback:"
    },
    {
        "logtime": "2019/05/17 18:25:48",
        "logdata": "[string \".\\view/base/BaseLayer.lua\"]:31: attempt to call method 'loadFinished' (a nil value)\nstack traceback:"
    },
    {
        "logtime": "2019/05/17 18:25:48",
        "logdata": "[string \".\\view/base/BaseLayer.lua\"]:31: attempt to call method 'loadFinished' (a nil value)\nstack traceback:"
    },
    {
        "logtime": "2019/05/17 18:25:48",
        "logdata": "[string \".\\view/base/BaseLayer.lua\"]:31: attempt to call method 'loadFinished' (a nil value)\nstack traceback:"
    },
    {
        "logtime": "2019/05/17 18:25:48",
        "logdata": "[string \".\\view/base/BaseLayer.lua\"]:31: attempt to call method 'loadFinished' (a nil value)\nstack traceback:"
    },
    {
        "logtime": "2019/05/17 18:25:48",
        "logdata": "[string \".\\view/base/BaseLayer.lua\"]:31: attempt to call method 'loadFinished' (a nil value)\nstack traceback:"
    },
    {
        "logtime": "2019/05/17 18:25:48",
        "logdata": "[string \".\\view/base/BaseLayer.lua\"]:31: attempt to call method 'loadFinished' (a nil value)\nstack traceback:"
    },
    {
        "logtime": "2019/05/17 18:25:48",
        "logdata": "[string \".\\view/base/BaseLayer.lua\"]:31: attempt to call method 'loadFinished' (a nil value)\nstack traceback:"
    },
    {
        "logtime": "2019/05/17 18:25:48",
        "logdata": "[string \".\\view/base/BaseLayer.lua\"]:31: attempt to call method 'loadFinished' (a nil value)\nstack traceback:"
    },
    {
        "logtime": "2019/05/17 18:25:48",
        "logdata": "[string \".\\view/base/BaseLayer.lua\"]:31: attempt to call method 'loadFinished' (a nil value)\nstack traceback:"
    },
    {
        "logtime": "2019/05/17 18:25:48",
        "logdata": "[string \".\\view/base/BaseLayer.lua\"]:31: attempt to call method 'loadFinished' (a nil value)\nstack traceback:"
    },
    {
        "logtime": "2019/05/17 18:25:48",
        "logdata": "[string \".\\view/base/BaseLayer.lua\"]:31: attempt to call method 'loadFinished' (a nil value)\nstack traceback:"
    },
    {
        "logtime": "2019/05/17 18:25:48",
        "logdata": "[string \".\\view/base/BaseLayer.lua\"]:31: attempt to call method 'loadFinished' (a nil value)\nstack traceback:"
    },
    {
        "logtime": "2019/05/17 18:25:48",
        "logdata": "[string \".\\view/base/BaseLayer.lua\"]:31: attempt to call method 'loadFinished' (a nil value)\nstack traceback:"
    },
    {
        "logtime": "2019/05/17 18:25:48",
        "logdata": "[string \".\\view/base/BaseLayer.lua\"]:31: attempt to call method 'loadFinished' (a nil value)\nstack traceback:"
    },
    {
        "logtime": "2019/05/17 18:25:48",
        "logdata": "[string \".\\view/base/BaseLayer.lua\"]:31: attempt to call method 'loadFinished' (a nil value)\nstack traceback:"
    },
    {
        "logtime": "2019/05/17 18:25:48",
        "logdata": "[string \".\\view/base/BaseLayer.lua\"]:31: attempt to call method 'loadFinished' (a nil value)\nstack traceback:"
    },
    {
        "logtime": "2019/05/17 18:25:48",
        "logdata": "[string \".\\view/base/BaseLayer.lua\"]:31: attempt to call method 'loadFinished' (a nil value)\nstack traceback:"
    },
    {
        "logtime": "2019/05/17 18:25:48",
        "logdata": "[string \".\\view/base/BaseLayer.lua\"]:31: attempt to call method 'loadFinished' (a nil value)\nstack traceback:"
    },
    {
        "logtime": "2019/05/17 18:25:48",
        "logdata": "[string \".\\view/base/BaseLayer.lua\"]:31: attempt to call method 'loadFinished' (a nil value)\nstack traceback:"
    },
    {
        "logtime": "2019/05/17 18:25:49",
        "logdata": "[string \".\\view/base/BaseLayer.lua\"]:31: attempt to call method 'loadFinished' (a nil value)\nstack traceback:"
    },
    {
        "logtime": "2019/05/17 18:25:49",
        "logdata": "[string \".\\view/base/BaseLayer.lua\"]:31: attempt to call method 'loadFinished' (a nil value)\nstack traceback:"
    },
    {
        "logtime": "2019/05/17 18:25:49",
        "logdata": "[string \".\\view/base/BaseLayer.lua\"]:31: attempt to call method 'loadFinished' (a nil value)\nstack traceback:"
    },
    {
        "logtime": "2019/05/17 18:25:49",
        "logdata": "[string \".\\view/base/BaseLayer.lua\"]:31: attempt to call method 'loadFinished' (a nil value)\nstack traceback:"
    },
    {
        "logtime": "2019/05/17 18:25:49",
        "logdata": "[string \".\\view/base/BaseLayer.lua\"]:31: attempt to call method 'loadFinished' (a nil value)\nstack traceback:"
    },
    {
        "logtime": "2019/05/17 18:25:49",
        "logdata": "[string \".\\view/base/BaseLayer.lua\"]:31: attempt to call method 'loadFinished' (a nil value)\nstack traceback:"
    },
    {
        "logtime": "2019/05/17 18:25:49",
        "logdata": "[string \".\\view/base/BaseLayer.lua\"]:31: attempt to call method 'loadFinished' (a nil value)\nstack traceback:"
    },
    {
        "logtime": "2019/05/17 18:25:49",
        "logdata": "[string \".\\view/base/BaseLayer.lua\"]:31: attempt to call method 'loadFinished' (a nil value)\nstack traceback:"
    },
    {
        "logtime": "2019/05/17 18:25:49",
        "logdata": "[string \".\\view/base/BaseLayer.lua\"]:31: attempt to call method 'loadFinished' (a nil value)\nstack traceback:"
    },
    {
        "logtime": "2019/05/17 18:25:49",
        "logdata": "[string \".\\view/base/BaseLayer.lua\"]:31: attempt to call method 'loadFinished' (a nil value)\nstack traceback:"
    },
    {
        "logtime": "2019/05/17 18:25:49",
        "logdata": "[string \".\\view/base/BaseLayer.lua\"]:31: attempt to call method 'loadFinished' (a nil value)\nstack traceback:"
    },
    {
        "logtime": "2019/05/17 18:25:49",
        "logdata": "[string \".\\view/base/BaseLayer.lua\"]:31: attempt to call method 'loadFinished' (a nil value)\nstack traceback:"
    },
    {
        "logtime": "2019/05/17 18:25:49",
        "logdata": "[string \".\\view/base/BaseLayer.lua\"]:31: attempt to call method 'loadFinished' (a nil value)\nstack traceback:"
    },
    {
        "logtime": "2019/05/17 18:25:57",
        "logdata": "LogonScene.onceExcute"
    },
    {
        "logtime": "2019/05/17 18:25:57",
        "logdata": "http://www.fuannainc.top/"
    },
    {
        "logtime": "2019/05/17 18:25:58",
        "logdata": "url"
    },
    {
        "logtime": "2019/05/17 18:25:58",
        "logdata": "http://www.fuannainc.top//ws/MobileInterface.ashx?action=GetMobileLoginNotice"
    },
    {
        "logtime": "2019/05/17 18:25:58",
        "logdata": ""
    }
]