[
    {
        "logtime": "2019/07/09 10:49:22",
        "logdata": "LogonScene.onceExcute"
    },
    {
        "logtime": "2019/07/09 10:49:22",
        "logdata": "http://www.fuannainc.top/"
    },
    {
        "logtime": "2019/07/09 10:49:23",
        "logdata": "url"
    },
    {
        "logtime": "2019/07/09 10:49:23",
        "logdata": "http://www.fuannainc.top//ws/MobileInterface.ashx?action=GetMobileLoginNotice"
    },
    {
        "logtime": "2019/07/09 10:49:23",
        "logdata": ""
    },
    {
        "logtime": "2019/07/09 10:49:24",
        "logdata": "onLogonCallBack"
    },
    {
        "logtime": "2019/07/09 10:49:24",
        "logdata": "http://www.fuannainc.top/"
    },
    {
        "logtime": "2019/07/09 10:49:24",
        "logdata": "url"
    },
    {
        "logtime": "2019/07/09 10:49:24",
        "logdata": "http://www.fuannainc.top//WS/MobileInterface.ashx"
    },
    {
        "logtime": "2019/07/09 10:49:24",
        "logdata": "action=GetMobileShareConfig&userid=119748&time=1562640564&signature=0C636561F54912A360901CB013BA7E12"
    },
    {
        "logtime": "2019/07/09 10:49:26",
        "logdata": "url"
    },
    {
        "logtime": "2019/07/09 10:49:26",
        "logdata": "http://www.fuannainc.top//WS/MobileInterface.ashx?action=GetMobileRollNotice"
    },
    {
        "logtime": "2019/07/09 10:49:26",
        "logdata": ""
    },
    {
        "logtime": "2019/07/09 10:49:35",
        "logdata": "LogonScene.onceExcute"
    },
    {
        "logtime": "2019/07/09 10:49:35",
        "logdata": "http://www.fuannainc.top/"
    },
    {
        "logtime": "2019/07/09 10:49:35",
        "logdata": "url"
    },
    {
        "logtime": "2019/07/09 10:49:35",
        "logdata": "http://www.fuannainc.top//ws/MobileInterface.ashx?action=GetMobileLoginNotice"
    },
    {
        "logtime": "2019/07/09 10:49:35",
        "logdata": ""
    },
    {
        "logtime": "2019/07/09 10:49:37",
        "logdata": "onLogonCallBack"
    },
    {
        "logtime": "2019/07/09 10:49:37",
        "logdata": "http://www.fuannainc.top/"
    },
    {
        "logtime": "2019/07/09 10:49:37",
        "logdata": "url"
    },
    {
        "logtime": "2019/07/09 10:49:37",
        "logdata": "http://www.fuannainc.top//WS/MobileInterface.ashx"
    },
    {
        "logtime": "2019/07/09 10:49:37",
        "logdata": "action=GetMobileShareConfig&userid=119896&time=1562640577&signature=2D8259AC3E9903E04A0DE4E76133C0A9"
    },
    {
        "logtime": "2019/07/09 10:49:39",
        "logdata": "url"
    },
    {
        "logtime": "2019/07/09 10:49:39",
        "logdata": "http://www.fuannainc.top//WS/MobileInterface.ashx?action=GetMobileRollNotice"
    },
    {
        "logtime": "2019/07/09 10:49:39",
        "logdata": ""
    },
    {
        "logtime": "2019/07/09 10:49:42",
        "logdata": "keys2"
    },
    {
        "logtime": "2019/07/09 10:49:42",
        "logdata": "byte"
    },
    {
        "logtime": "2019/07/09 10:49:42",
        "logdata": "keys2"
    },
    {
        "logtime": "2019/07/09 10:49:42",
        "logdata": "word"
    },
    {
        "logtime": "2019/07/09 10:49:42",
        "logdata": "keys2"
    },
    {
        "logtime": "2019/07/09 10:49:42",
        "logdata": "word"
    },
    {
        "logtime": "2019/07/09 10:49:42",
        "logdata": "keys2"
    },
    {
        "logtime": "2019/07/09 10:49:42",
        "logdata": "word"
    },
    {
        "logtime": "2019/07/09 10:49:42",
        "logdata": "keys2"
    },
    {
        "logtime": "2019/07/09 10:49:42",
        "logdata": "word"
    },
    {
        "logtime": "2019/07/09 10:49:42",
        "logdata": "keys2"
    },
    {
        "logtime": "2019/07/09 10:49:42",
        "logdata": "double"
    },
    {
        "logtime": "2019/07/09 10:49:42",
        "logdata": "keys2"
    },
    {
        "logtime": "2019/07/09 10:49:42",
        "logdata": "double"
    },
    {
        "logtime": "2019/07/09 10:49:42",
        "logdata": "keys2"
    },
    {
        "logtime": "2019/07/09 10:49:42",
        "logdata": "double"
    },
    {
        "logtime": "2019/07/09 10:49:43",
        "logdata": "keys2"
    },
    {
        "logtime": "2019/07/09 10:49:43",
        "logdata": "string"
    },
    {
        "logtime": "2019/07/09 10:49:43",
        "logdata": "keys2"
    },
    {
        "logtime": "2019/07/09 10:49:43",
        "logdata": "string"
    },
    {
        "logtime": "2019/07/09 10:49:43",
        "logdata": "keys2"
    },
    {
        "logtime": "2019/07/09 10:49:43",
        "logdata": "double"
    },
    {
        "logtime": "2019/07/09 10:49:43",
        "logdata": "keys2"
    },
    {
        "logtime": "2019/07/09 10:49:43",
        "logdata": "string"
    }
]