[
    {
        "logtime": "2019/07/09 12:19:00",
        "logdata": "url"
    },
    {
        "logtime": "2019/07/09 12:19:00",
        "logdata": "http://www.fuannainc.top//WS/MobileInterface.ashx?action=GetMobileRollNotice"
    },
    {
        "logtime": "2019/07/09 12:19:00",
        "logdata": ""
    },
    {
        "logtime": "2019/07/09 12:19:03",
        "logdata": "keys2"
    },
    {
        "logtime": "2019/07/09 12:19:03",
        "logdata": "byte"
    },
    {
        "logtime": "2019/07/09 12:19:03",
        "logdata": "keys2"
    },
    {
        "logtime": "2019/07/09 12:19:03",
        "logdata": "word"
    },
    {
        "logtime": "2019/07/09 12:19:03",
        "logdata": "keys2"
    },
    {
        "logtime": "2019/07/09 12:19:03",
        "logdata": "word"
    },
    {
        "logtime": "2019/07/09 12:19:03",
        "logdata": "keys2"
    },
    {
        "logtime": "2019/07/09 12:19:03",
        "logdata": "word"
    },
    {
        "logtime": "2019/07/09 12:19:03",
        "logdata": "keys2"
    },
    {
        "logtime": "2019/07/09 12:19:03",
        "logdata": "word"
    },
    {
        "logtime": "2019/07/09 12:19:03",
        "logdata": "keys2"
    },
    {
        "logtime": "2019/07/09 12:19:03",
        "logdata": "double"
    },
    {
        "logtime": "2019/07/09 12:19:03",
        "logdata": "keys2"
    },
    {
        "logtime": "2019/07/09 12:19:03",
        "logdata": "double"
    },
    {
        "logtime": "2019/07/09 12:19:03",
        "logdata": "keys2"
    },
    {
        "logtime": "2019/07/09 12:19:03",
        "logdata": "double"
    },
    {
        "logtime": "2019/07/09 12:19:03",
        "logdata": "keys2"
    },
    {
        "logtime": "2019/07/09 12:19:03",
        "logdata": "string"
    },
    {
        "logtime": "2019/07/09 12:19:03",
        "logdata": "keys2"
    },
    {
        "logtime": "2019/07/09 12:19:03",
        "logdata": "string"
    },
    {
        "logtime": "2019/07/09 12:19:03",
        "logdata": "keys2"
    },
    {
        "logtime": "2019/07/09 12:19:03",
        "logdata": "double"
    },
    {
        "logtime": "2019/07/09 12:19:03",
        "logdata": "keys2"
    },
    {
        "logtime": "2019/07/09 12:19:03",
        "logdata": "string"
    },
    {
        "logtime": "2019/07/09 12:19:45",
        "logdata": "LogonScene.onceExcute"
    },
    {
        "logtime": "2019/07/09 12:19:45",
        "logdata": "http://www.fuannainc.top/"
    },
    {
        "logtime": "2019/07/09 12:19:45",
        "logdata": "url"
    },
    {
        "logtime": "2019/07/09 12:19:45",
        "logdata": "http://www.fuannainc.top//ws/MobileInterface.ashx?action=GetMobileLoginNotice"
    },
    {
        "logtime": "2019/07/09 12:19:45",
        "logdata": ""
    },
    {
        "logtime": "2019/07/09 12:19:46",
        "logdata": "onLogonCallBack"
    },
    {
        "logtime": "2019/07/09 12:19:46",
        "logdata": "http://www.fuannainc.top/"
    },
    {
        "logtime": "2019/07/09 12:19:46",
        "logdata": "url"
    },
    {
        "logtime": "2019/07/09 12:19:46",
        "logdata": "http://www.fuannainc.top//WS/MobileInterface.ashx"
    },
    {
        "logtime": "2019/07/09 12:19:46",
        "logdata": "action=GetMobileShareConfig&userid=119896&time=1562645986&signature=26995FF36EA6D90B4277394B04D6BD02"
    },
    {
        "logtime": "2019/07/09 12:19:48",
        "logdata": "url"
    },
    {
        "logtime": "2019/07/09 12:19:48",
        "logdata": "http://www.fuannainc.top//WS/MobileInterface.ashx?action=GetMobileRollNotice"
    },
    {
        "logtime": "2019/07/09 12:19:48",
        "logdata": ""
    },
    {
        "logtime": "2019/07/09 12:19:51",
        "logdata": "keys2"
    },
    {
        "logtime": "2019/07/09 12:19:51",
        "logdata": "byte"
    },
    {
        "logtime": "2019/07/09 12:19:51",
        "logdata": "keys2"
    },
    {
        "logtime": "2019/07/09 12:19:51",
        "logdata": "word"
    },
    {
        "logtime": "2019/07/09 12:19:51",
        "logdata": "keys2"
    },
    {
        "logtime": "2019/07/09 12:19:51",
        "logdata": "word"
    },
    {
        "logtime": "2019/07/09 12:19:51",
        "logdata": "keys2"
    },
    {
        "logtime": "2019/07/09 12:19:51",
        "logdata": "word"
    },
    {
        "logtime": "2019/07/09 12:19:51",
        "logdata": "keys2"
    },
    {
        "logtime": "2019/07/09 12:19:51",
        "logdata": "word"
    },
    {
        "logtime": "2019/07/09 12:19:51",
        "logdata": "keys2"
    },
    {
        "logtime": "2019/07/09 12:19:51",
        "logdata": "double"
    },
    {
        "logtime": "2019/07/09 12:19:51",
        "logdata": "keys2"
    },
    {
        "logtime": "2019/07/09 12:19:51",
        "logdata": "double"
    },
    {
        "logtime": "2019/07/09 12:19:51",
        "logdata": "keys2"
    },
    {
        "logtime": "2019/07/09 12:19:51",
        "logdata": "double"
    },
    {
        "logtime": "2019/07/09 12:19:51",
        "logdata": "keys2"
    },
    {
        "logtime": "2019/07/09 12:19:51",
        "logdata": "string"
    },
    {
        "logtime": "2019/07/09 12:19:51",
        "logdata": "keys2"
    },
    {
        "logtime": "2019/07/09 12:19:51",
        "logdata": "string"
    },
    {
        "logtime": "2019/07/09 12:19:51",
        "logdata": "keys2"
    },
    {
        "logtime": "2019/07/09 12:19:51",
        "logdata": "double"
    },
    {
        "logtime": "2019/07/09 12:19:51",
        "logdata": "keys2"
    },
    {
        "logtime": "2019/07/09 12:19:51",
        "logdata": "string"
    }
]