[
    {
        "logtime": "2019/07/09 13:59:11",
        "logdata": "onLogonCallBack"
    },
    {
        "logtime": "2019/07/09 13:59:11",
        "logdata": "http://www.fuannainc.top/"
    },
    {
        "logtime": "2019/07/09 13:59:11",
        "logdata": "url"
    },
    {
        "logtime": "2019/07/09 13:59:11",
        "logdata": "http://www.fuannainc.top//WS/MobileInterface.ashx"
    },
    {
        "logtime": "2019/07/09 13:59:11",
        "logdata": "action=GetMobileShareConfig&userid=119944&time=1562651951&signature=3631A7CD4DF493C99CBE554F0433A7E7"
    },
    {
        "logtime": "2019/07/09 13:59:13",
        "logdata": "url"
    },
    {
        "logtime": "2019/07/09 13:59:13",
        "logdata": "http://www.fuannainc.top//WS/MobileInterface.ashx?action=GetMobileRollNotice"
    },
    {
        "logtime": "2019/07/09 13:59:13",
        "logdata": ""
    },
    {
        "logtime": "2019/07/09 13:59:16",
        "logdata": "keys2"
    },
    {
        "logtime": "2019/07/09 13:59:16",
        "logdata": "byte"
    },
    {
        "logtime": "2019/07/09 13:59:16",
        "logdata": "keys2"
    },
    {
        "logtime": "2019/07/09 13:59:16",
        "logdata": "word"
    },
    {
        "logtime": "2019/07/09 13:59:16",
        "logdata": "keys2"
    },
    {
        "logtime": "2019/07/09 13:59:16",
        "logdata": "word"
    },
    {
        "logtime": "2019/07/09 13:59:16",
        "logdata": "keys2"
    },
    {
        "logtime": "2019/07/09 13:59:16",
        "logdata": "word"
    },
    {
        "logtime": "2019/07/09 13:59:16",
        "logdata": "keys2"
    },
    {
        "logtime": "2019/07/09 13:59:16",
        "logdata": "word"
    },
    {
        "logtime": "2019/07/09 13:59:16",
        "logdata": "keys2"
    },
    {
        "logtime": "2019/07/09 13:59:16",
        "logdata": "double"
    },
    {
        "logtime": "2019/07/09 13:59:16",
        "logdata": "keys2"
    },
    {
        "logtime": "2019/07/09 13:59:16",
        "logdata": "double"
    },
    {
        "logtime": "2019/07/09 13:59:16",
        "logdata": "keys2"
    },
    {
        "logtime": "2019/07/09 13:59:16",
        "logdata": "double"
    },
    {
        "logtime": "2019/07/09 13:59:16",
        "logdata": "keys2"
    },
    {
        "logtime": "2019/07/09 13:59:16",
        "logdata": "string"
    },
    {
        "logtime": "2019/07/09 13:59:16",
        "logdata": "keys2"
    },
    {
        "logtime": "2019/07/09 13:59:16",
        "logdata": "string"
    },
    {
        "logtime": "2019/07/09 13:59:16",
        "logdata": "keys2"
    },
    {
        "logtime": "2019/07/09 13:59:16",
        "logdata": "double"
    },
    {
        "logtime": "2019/07/09 13:59:16",
        "logdata": "keys2"
    },
    {
        "logtime": "2019/07/09 13:59:16",
        "logdata": "string"
    }
]