[
    {
        "logtime": "2019/07/16 16:00:00",
        "logdata": "GlobalUserItem.getCurGameKind()"
    },
    {
        "logtime": "2019/07/16 16:00:00",
        "logdata": 202
    },
    {
        "logtime": "2019/07/16 16:00:01",
        "logdata": {
            "_ServerResVersion": 11,
            "_Active": true,
            "_KindVersion": "101122049",
            "_KindType": 2,
            "_Module": "qipai/landnoshuffle/",
            "_KindID": "202",
            "_Type": "qipai",
            "nSitChair": 65535,
            "_KindName": "qipai.landnoshuffle.",
            "nEnterRoomIndex": 1,
            "nSitTable": 65535,
            "_SortId": 7
        }
    },
    {
        "logtime": "2019/07/16 16:00:01",
        "logdata": "modulestr"
    },
    {
        "logtime": "2019/07/16 16:00:01",
        "logdata": "qipai/landnoshuffle/"
    },
    {
        "logtime": "2019/07/16 16:00:02",
        "logdata": "keys2"
    },
    {
        "logtime": "2019/07/16 16:00:02",
        "logdata": "dword"
    },
    {
        "logtime": "2019/07/16 16:00:02",
        "logdata": "keys2"
    },
    {
        "logtime": "2019/07/16 16:00:02",
        "logdata": "dword"
    },
    {
        "logtime": "2019/07/16 16:00:02",
        "logdata": "keys2"
    },
    {
        "logtime": "2019/07/16 16:00:02",
        "logdata": "dword"
    },
    {
        "logtime": "2019/07/16 16:00:02",
        "logdata": "keys2"
    },
    {
        "logtime": "2019/07/16 16:00:02",
        "logdata": "dword"
    },
    {
        "logtime": "2019/07/16 16:00:02",
        "logdata": "keys2"
    },
    {
        "logtime": "2019/07/16 16:00:02",
        "logdata": "dword"
    },
    {
        "logtime": "2019/07/16 16:00:02",
        "logdata": "keys2"
    },
    {
        "logtime": "2019/07/16 16:00:02",
        "logdata": "score"
    },
    {
        "logtime": "2019/07/16 16:00:02",
        "logdata": "keys2"
    },
    {
        "logtime": "2019/07/16 16:00:02",
        "logdata": "score"
    },
    {
        "logtime": "2019/07/16 16:00:02",
        "logdata": "keys2"
    },
    {
        "logtime": "2019/07/16 16:00:02",
        "logdata": "string"
    },
    {
        "logtime": "2019/07/16 16:00:02",
        "logdata": "keys2"
    },
    {
        "logtime": "2019/07/16 16:00:02",
        "logdata": "byte"
    },
    {
        "logtime": "2019/07/16 16:00:02",
        "logdata": "keys2"
    },
    {
        "logtime": "2019/07/16 16:00:02",
        "logdata": "byte"
    },
    {
        "logtime": "2019/07/16 16:00:02",
        "logdata": "keys2"
    },
    {
        "logtime": "2019/07/16 16:00:02",
        "logdata": "double"
    },
    {
        "logtime": "2019/07/16 16:00:02",
        "logdata": "keys2"
    },
    {
        "logtime": "2019/07/16 16:00:03",
        "logdata": "byte"
    },
    {
        "logtime": "2019/07/16 16:00:03",
        "logdata": "keys2"
    },
    {
        "logtime": "2019/07/16 16:00:03",
        "logdata": "byte"
    },
    {
        "logtime": "2019/07/16 16:00:03",
        "logdata": "keys2"
    },
    {
        "logtime": "2019/07/16 16:00:03",
        "logdata": "byte"
    },
    {
        "logtime": "2019/07/16 16:00:03",
        "logdata": "keys2"
    },
    {
        "logtime": "2019/07/16 16:00:03",
        "logdata": "byte"
    },
    {
        "logtime": "2019/07/16 16:00:03",
        "logdata": "keys2"
    },
    {
        "logtime": "2019/07/16 16:00:03",
        "logdata": "double"
    },
    {
        "logtime": "2019/07/16 16:00:03",
        "logdata": "keys2"
    },
    {
        "logtime": "2019/07/16 16:00:03",
        "logdata": "double"
    },
    {
        "logtime": "2019/07/16 16:00:04",
        "logdata": "keys2"
    },
    {
        "logtime": "2019/07/16 16:00:04",
        "logdata": "bool"
    },
    {
        "logtime": "2019/07/16 16:00:04",
        "logdata": "keys2"
    },
    {
        "logtime": "2019/07/16 16:00:04",
        "logdata": "word"
    },
    {
        "logtime": "2019/07/16 16:00:07",
        "logdata": "keys2"
    },
    {
        "logtime": "2019/07/16 16:00:07",
        "logdata": "bool"
    },
    {
        "logtime": "2019/07/16 16:00:07",
        "logdata": "keys2"
    },
    {
        "logtime": "2019/07/16 16:00:07",
        "logdata": "word"
    },
    {
        "logtime": "2019/07/16 16:00:08",
        "logdata": "keys2"
    },
    {
        "logtime": "2019/07/16 16:00:08",
        "logdata": "bool"
    },
    {
        "logtime": "2019/07/16 16:00:08",
        "logdata": "keys2"
    },
    {
        "logtime": "2019/07/16 16:00:08",
        "logdata": "word"
    },
    {
        "logtime": "2019/07/16 16:00:09",
        "logdata": "keys2"
    },
    {
        "logtime": "2019/07/16 16:00:09",
        "logdata": "bool"
    },
    {
        "logtime": "2019/07/16 16:00:09",
        "logdata": "keys2"
    },
    {
        "logtime": "2019/07/16 16:00:09",
        "logdata": "word"
    },
    {
        "logtime": "2019/07/16 16:00:10",
        "logdata": "keys2"
    },
    {
        "logtime": "2019/07/16 16:00:10",
        "logdata": "bool"
    },
    {
        "logtime": "2019/07/16 16:00:10",
        "logdata": "keys2"
    },
    {
        "logtime": "2019/07/16 16:00:10",
        "logdata": "word"
    },
    {
        "logtime": "2019/07/16 16:00:11",
        "logdata": "keys2"
    },
    {
        "logtime": "2019/07/16 16:00:11",
        "logdata": "bool"
    },
    {
        "logtime": "2019/07/16 16:00:11",
        "logdata": "keys2"
    },
    {
        "logtime": "2019/07/16 16:00:11",
        "logdata": "word"
    },
    {
        "logtime": "2019/07/16 16:00:11",
        "logdata": "keys2"
    },
    {
        "logtime": "2019/07/16 16:00:11",
        "logdata": "bool"
    },
    {
        "logtime": "2019/07/16 16:00:11",
        "logdata": "keys2"
    },
    {
        "logtime": "2019/07/16 16:00:11",
        "logdata": "word"
    },
    {
        "logtime": "2019/07/16 16:00:12",
        "logdata": "keys2"
    },
    {
        "logtime": "2019/07/16 16:00:12",
        "logdata": "bool"
    },
    {
        "logtime": "2019/07/16 16:00:12",
        "logdata": "keys2"
    },
    {
        "logtime": "2019/07/16 16:00:12",
        "logdata": "word"
    },
    {
        "logtime": "2019/07/16 16:00:13",
        "logdata": "keys2"
    },
    {
        "logtime": "2019/07/16 16:00:13",
        "logdata": "bool"
    },
    {
        "logtime": "2019/07/16 16:00:13",
        "logdata": "keys2"
    },
    {
        "logtime": "2019/07/16 16:00:13",
        "logdata": "word"
    },
    {
        "logtime": "2019/07/16 16:00:13",
        "logdata": "keys2"
    },
    {
        "logtime": "2019/07/16 16:00:13",
        "logdata": "bool"
    },
    {
        "logtime": "2019/07/16 16:00:13",
        "logdata": "keys2"
    },
    {
        "logtime": "2019/07/16 16:00:13",
        "logdata": "word"
    }
]