[
    {
        "logtime": "2019/05/22 16:27:09",
        "logdata": "[string \".\\client/src/view/mediator/ViewMediator.lua\"]:114: module 'game.yule.redninebattle.src.views.GameLayer' not found:\n\tno field package.preload['game.yule.redninebattle.src.views.GameLayer']\n\tno file '.\\game\\yule\\redninebattle\\src\\views\\GameLayer.lua'\n\tno file 'D:\\qipaiv1client\\Debug.win32\\lua\\game\\yule\\redninebattle\\src\\views\\GameLayer.lua'\n\tno file 'D:\\qipaiv1client\\Debug.win32\\lua\\game\\yule\\redninebattle\\src\\views\\GameLayer\\init.lua'\n\tno file '.\\game\\yule\\redninebattle\\src\\views\\GameLayer.dll'\n\tno file 'D:\\qipaiv1client\\Debug.win32\\game\\yule\\redninebattle\\src\\views\\GameLayer.dll'\n\tno file 'D:\\qipaiv1client\\Debug.win32\\loadall.dll'\n\tno file '.\\game.dll'\n\tno file 'D:\\qipaiv1client\\Debug.win32\\game.dll'\n\tno file 'D:\\qipaiv1client\\Debug.win32\\loadall.dll'\nstack traceback:\n\t[string \".\\client/src/view/mediator/ViewMediator.lua\"]:114: in function 'notify'\n\t[string \".\\framework/puremvc/patterns/observer/Observe...\"]:85: in function 'notifyObserver'\n\t[string \".\\framework/puremvc/core/View.lua\"]:113: in function 'notifyObservers'\n\t[string \".\\framework/puremvc/patterns/facade/Facade.lua\"]:331: in function 'notifyObservers'\n\t[string \".\\framework/puremvc/patterns/facade/Facade.lua\"]:314: in function 'sendNotification'\n\t[string \".\\client/src/plaza/models/GameFrameEngine.lua\"]:619: in function 'LoadGameView'\n\t[string \".\\client/src/plaza/models/GameFrameEngine.lua\"]:737: in function 'onSocketUserStatus'\n\t[string \".\\client/src/plaza/models/GameFrameEngine.lua\"]:323: in function 'onSocketUserEvent'\n\t[string \".\\client/src/plaza/models/GameFrameEngine.lua\"]:113: in function 'onSocketEvent'\n\t[string \".\\client/src/plaza/models/BaseFrame.lua\"]:134: in function 'onSocketCallBack'\n\t[string \".\\client/src/plaza/models/BaseFrame.lua\"]:90: in function <[string \".\\client/src/plaza/models/BaseFrame.lua\"]:89>"
    },
    {
        "logtime": "2019/05/22 16:27:17",
        "logdata": "LogonScene.onceExcute"
    },
    {
        "logtime": "2019/05/22 16:27:17",
        "logdata": "http://www.fuannainc.top/"
    },
    {
        "logtime": "2019/05/22 16:27:18",
        "logdata": "url"
    },
    {
        "logtime": "2019/05/22 16:27:18",
        "logdata": "http://www.fuannainc.top//ws/MobileInterface.ashx?action=GetMobileLoginNotice"
    },
    {
        "logtime": "2019/05/22 16:27:18",
        "logdata": ""
    },
    {
        "logtime": "2019/05/22 16:27:20",
        "logdata": "url"
    },
    {
        "logtime": "2019/05/22 16:27:20",
        "logdata": "http://apis.juhe.cn/ip/ip2addr?ip=183.53.106.122&key=74bb0395667b8d0588df9ebd6fc36a12"
    },
    {
        "logtime": "2019/05/22 16:27:20",
        "logdata": ""
    },
    {
        "logtime": "2019/05/22 16:27:20",
        "logdata": "onLogonCallBack"
    },
    {
        "logtime": "2019/05/22 16:27:20",
        "logdata": "http://www.fuannainc.top/"
    },
    {
        "logtime": "2019/05/22 16:27:20",
        "logdata": "url"
    },
    {
        "logtime": "2019/05/22 16:27:20",
        "logdata": "http://www.fuannainc.top//WS/MobileInterface.ashx"
    },
    {
        "logtime": "2019/05/22 16:27:20",
        "logdata": "action=GetMobileShareConfig&userid=119912&time=1558513640&signature=3F898A55595F7A5C22E45538634EC5E2"
    },
    {
        "logtime": "2019/05/22 16:27:23",
        "logdata": "url"
    },
    {
        "logtime": "2019/05/22 16:27:23",
        "logdata": "http://www.fuannainc.top//WS/MobileInterface.ashx?action=GetMobileRollNotice"
    },
    {
        "logtime": "2019/05/22 16:27:23",
        "logdata": ""
    },
    {
        "logtime": "2019/05/22 16:27:41",
        "logdata": null
    },
    {
        "logtime": "2019/05/22 16:27:41",
        "logdata": "onEnterGame"
    },
    {
        "logtime": "2019/05/22 16:27:41",
        "logdata": {
            "_ServerResVersion": 4,
            "_Active": false,
            "_KindVersion": "101122049",
            "_KindType": 2,
            "_Module": "xiuxian/zhongfabai/",
            "_KindID": "105",
            "_Type": "xiuxian",
            "_KindName": "xiuxian.zhongfabai.",
            "_SortId": 8
        }
    },
    {
        "logtime": "2019/05/22 16:27:41",
        "logdata": "url"
    },
    {
        "logtime": "2019/05/22 16:27:41",
        "logdata": "http://apis.juhe.cn/ip/ip2addr?ip=183.53.106.122&key=74bb0395667b8d0588df9ebd6fc36a12"
    },
    {
        "logtime": "2019/05/22 16:27:41",
        "logdata": ""
    },
    {
        "logtime": "2019/05/22 16:27:41",
        "logdata": "url"
    },
    {
        "logtime": "2019/05/22 16:27:41",
        "logdata": "http://apis.juhe.cn/ip/ip2addr?ip=222.39.67.119&key=74bb0395667b8d0588df9ebd6fc36a12"
    },
    {
        "logtime": "2019/05/22 16:27:41",
        "logdata": ""
    },
    {
        "logtime": "2019/05/22 16:27:41",
        "logdata": "url"
    },
    {
        "logtime": "2019/05/22 16:27:41",
        "logdata": "http://apis.juhe.cn/ip/ip2addr?ip=171.8.24.138&key=74bb0395667b8d0588df9ebd6fc36a12"
    },
    {
        "logtime": "2019/05/22 16:27:41",
        "logdata": ""
    },
    {
        "logtime": "2019/05/22 16:27:41",
        "logdata": "url"
    },
    {
        "logtime": "2019/05/22 16:27:41",
        "logdata": "http://apis.juhe.cn/ip/ip2addr?ip=139.199.120.185&key=74bb0395667b8d0588df9ebd6fc36a12"
    },
    {
        "logtime": "2019/05/22 16:27:41",
        "logdata": ""
    },
    {
        "logtime": "2019/05/22 16:27:41",
        "logdata": "url"
    },
    {
        "logtime": "2019/05/22 16:27:41",
        "logdata": "http://apis.juhe.cn/ip/ip2addr?ip=182.92.53.219&key=74bb0395667b8d0588df9ebd6fc36a12"
    },
    {
        "logtime": "2019/05/22 16:27:41",
        "logdata": ""
    },
    {
        "logtime": "2019/05/22 16:27:41",
        "logdata": "url"
    },
    {
        "logtime": "2019/05/22 16:27:41",
        "logdata": "http://apis.juhe.cn/ip/ip2addr?ip=171.9.37.63&key=74bb0395667b8d0588df9ebd6fc36a12"
    },
    {
        "logtime": "2019/05/22 16:27:41",
        "logdata": ""
    },
    {
        "logtime": "2019/05/22 16:27:41",
        "logdata": "url"
    },
    {
        "logtime": "2019/05/22 16:27:41",
        "logdata": "http://apis.juhe.cn/ip/ip2addr?ip=123.233.21.34&key=74bb0395667b8d0588df9ebd6fc36a12"
    },
    {
        "logtime": "2019/05/22 16:27:41",
        "logdata": ""
    },
    {
        "logtime": "2019/05/22 16:27:41",
        "logdata": "url"
    },
    {
        "logtime": "2019/05/22 16:27:41",
        "logdata": "http://apis.juhe.cn/ip/ip2addr?ip=61.236.119.224&key=74bb0395667b8d0588df9ebd6fc36a12"
    },
    {
        "logtime": "2019/05/22 16:27:41",
        "logdata": ""
    },
    {
        "logtime": "2019/05/22 16:27:41",
        "logdata": "url"
    },
    {
        "logtime": "2019/05/22 16:27:41",
        "logdata": "http://apis.juhe.cn/ip/ip2addr?ip=106.86.77.163&key=74bb0395667b8d0588df9ebd6fc36a12"
    },
    {
        "logtime": "2019/05/22 16:27:41",
        "logdata": ""
    },
    {
        "logtime": "2019/05/22 16:27:41",
        "logdata": "url"
    },
    {
        "logtime": "2019/05/22 16:27:41",
        "logdata": "http://apis.juhe.cn/ip/ip2addr?ip=139.207.234.32&key=74bb0395667b8d0588df9ebd6fc36a12"
    },
    {
        "logtime": "2019/05/22 16:27:41",
        "logdata": ""
    },
    {
        "logtime": "2019/05/22 16:27:41",
        "logdata": "url"
    },
    {
        "logtime": "2019/05/22 16:27:41",
        "logdata": "http://apis.juhe.cn/ip/ip2addr?ip=210.35.228.30&key=74bb0395667b8d0588df9ebd6fc36a12"
    },
    {
        "logtime": "2019/05/22 16:27:41",
        "logdata": ""
    },
    {
        "logtime": "2019/05/22 16:27:41",
        "logdata": "url"
    },
    {
        "logtime": "2019/05/22 16:27:41",
        "logdata": "http://apis.juhe.cn/ip/ip2addr?ip=139.207.197.195&key=74bb0395667b8d0588df9ebd6fc36a12"
    },
    {
        "logtime": "2019/05/22 16:27:41",
        "logdata": ""
    },
    {
        "logtime": "2019/05/22 16:27:41",
        "logdata": "url"
    },
    {
        "logtime": "2019/05/22 16:27:41",
        "logdata": "http://apis.juhe.cn/ip/ip2addr?ip=121.76.120.161&key=74bb0395667b8d0588df9ebd6fc36a12"
    },
    {
        "logtime": "2019/05/22 16:27:41",
        "logdata": ""
    },
    {
        "logtime": "2019/05/22 16:27:41",
        "logdata": "url"
    },
    {
        "logtime": "2019/05/22 16:27:41",
        "logdata": "http://apis.juhe.cn/ip/ip2addr?ip=139.197.209.62&key=74bb0395667b8d0588df9ebd6fc36a12"
    },
    {
        "logtime": "2019/05/22 16:27:41",
        "logdata": ""
    },
    {
        "logtime": "2019/05/22 16:27:41",
        "logdata": "url"
    },
    {
        "logtime": "2019/05/22 16:27:41",
        "logdata": "http://apis.juhe.cn/ip/ip2addr?ip=222.28.250.233&key=74bb0395667b8d0588df9ebd6fc36a12"
    },
    {
        "logtime": "2019/05/22 16:27:41",
        "logdata": ""
    },
    {
        "logtime": "2019/05/22 16:27:41",
        "logdata": "url"
    },
    {
        "logtime": "2019/05/22 16:27:41",
        "logdata": "http://apis.juhe.cn/ip/ip2addr?ip=210.45.200.224&key=74bb0395667b8d0588df9ebd6fc36a12"
    },
    {
        "logtime": "2019/05/22 16:27:41",
        "logdata": ""
    },
    {
        "logtime": "2019/05/22 16:27:41",
        "logdata": "url"
    },
    {
        "logtime": "2019/05/22 16:27:41",
        "logdata": "http://apis.juhe.cn/ip/ip2addr?ip=61.235.197.92&key=74bb0395667b8d0588df9ebd6fc36a12"
    },
    {
        "logtime": "2019/05/22 16:27:41",
        "logdata": ""
    },
    {
        "logtime": "2019/05/22 16:27:41",
        "logdata": "url"
    },
    {
        "logtime": "2019/05/22 16:27:41",
        "logdata": "http://apis.juhe.cn/ip/ip2addr?ip=182.80.99.51&key=74bb0395667b8d0588df9ebd6fc36a12"
    },
    {
        "logtime": "2019/05/22 16:27:41",
        "logdata": ""
    },
    {
        "logtime": "2019/05/22 16:27:41",
        "logdata": "url"
    },
    {
        "logtime": "2019/05/22 16:27:41",
        "logdata": "http://apis.juhe.cn/ip/ip2addr?ip=210.38.234.107&key=74bb0395667b8d0588df9ebd6fc36a12"
    },
    {
        "logtime": "2019/05/22 16:27:41",
        "logdata": ""
    },
    {
        "logtime": "2019/05/22 16:27:41",
        "logdata": "url"
    },
    {
        "logtime": "2019/05/22 16:27:41",
        "logdata": "http://apis.juhe.cn/ip/ip2addr?ip=121.77.72.8&key=74bb0395667b8d0588df9ebd6fc36a12"
    },
    {
        "logtime": "2019/05/22 16:27:41",
        "logdata": ""
    },
    {
        "logtime": "2019/05/22 16:27:41",
        "logdata": "url"
    },
    {
        "logtime": "2019/05/22 16:27:41",
        "logdata": "http://apis.juhe.cn/ip/ip2addr?ip=36.61.29.251&key=74bb0395667b8d0588df9ebd6fc36a12"
    },
    {
        "logtime": "2019/05/22 16:27:41",
        "logdata": ""
    },
    {
        "logtime": "2019/05/22 16:27:41",
        "logdata": "url"
    },
    {
        "logtime": "2019/05/22 16:27:41",
        "logdata": "http://apis.juhe.cn/ip/ip2addr?ip=182.91.76.116&key=74bb0395667b8d0588df9ebd6fc36a12"
    },
    {
        "logtime": "2019/05/22 16:27:41",
        "logdata": ""
    },
    {
        "logtime": "2019/05/22 16:27:41",
        "logdata": "url"
    },
    {
        "logtime": "2019/05/22 16:27:41",
        "logdata": "http://apis.juhe.cn/ip/ip2addr?ip=182.90.133.59&key=74bb0395667b8d0588df9ebd6fc36a12"
    },
    {
        "logtime": "2019/05/22 16:27:41",
        "logdata": ""
    },
    {
        "logtime": "2019/05/22 16:27:41",
        "logdata": "url"
    },
    {
        "logtime": "2019/05/22 16:27:41",
        "logdata": "http://apis.juhe.cn/ip/ip2addr?ip=36.60.54.118&key=74bb0395667b8d0588df9ebd6fc36a12"
    },
    {
        "logtime": "2019/05/22 16:27:41",
        "logdata": ""
    },
    {
        "logtime": "2019/05/22 16:27:41",
        "logdata": "url"
    },
    {
        "logtime": "2019/05/22 16:27:41",
        "logdata": "http://apis.juhe.cn/ip/ip2addr?ip=61.235.74.70&key=74bb0395667b8d0588df9ebd6fc36a12"
    },
    {
        "logtime": "2019/05/22 16:27:41",
        "logdata": ""
    },
    {
        "logtime": "2019/05/22 16:27:41",
        "logdata": "url"
    },
    {
        "logtime": "2019/05/22 16:27:41",
        "logdata": "http://apis.juhe.cn/ip/ip2addr?ip=182.86.124.38&key=74bb0395667b8d0588df9ebd6fc36a12"
    },
    {
        "logtime": "2019/05/22 16:27:41",
        "logdata": ""
    },
    {
        "logtime": "2019/05/22 16:27:41",
        "logdata": "url"
    },
    {
        "logtime": "2019/05/22 16:27:41",
        "logdata": "http://apis.juhe.cn/ip/ip2addr?ip=171.12.163.127&key=74bb0395667b8d0588df9ebd6fc36a12"
    },
    {
        "logtime": "2019/05/22 16:27:41",
        "logdata": ""
    },
    {
        "logtime": "2019/05/22 16:27:41",
        "logdata": "url"
    },
    {
        "logtime": "2019/05/22 16:27:41",
        "logdata": "http://apis.juhe.cn/ip/ip2addr?ip=61.237.216.118&key=74bb0395667b8d0588df9ebd6fc36a12"
    },
    {
        "logtime": "2019/05/22 16:27:41",
        "logdata": ""
    },
    {
        "logtime": "2019/05/22 16:27:41",
        "logdata": "url"
    },
    {
        "logtime": "2019/05/22 16:27:41",
        "logdata": "http://apis.juhe.cn/ip/ip2addr?ip=106.86.254.247&key=74bb0395667b8d0588df9ebd6fc36a12"
    },
    {
        "logtime": "2019/05/22 16:27:41",
        "logdata": ""
    },
    {
        "logtime": "2019/05/22 16:27:44",
        "logdata": "[string \".\\client/src/view/mediator/ViewMediator.lua\"]:114: module 'game.xiuxian.zhongfabai.src.views.GameLayer' not found:\n\tno field package.preload['game.xiuxian.zhongfabai.src.views.GameLayer']\n\tno file '.\\game\\xiuxian\\zhongfabai\\src\\views\\GameLayer.lua'\n\tno file 'D:\\qipaiv1client\\Debug.win32\\lua\\game\\xiuxian\\zhongfabai\\src\\views\\GameLayer.lua'\n\tno file 'D:\\qipaiv1client\\Debug.win32\\lua\\game\\xiuxian\\zhongfabai\\src\\views\\GameLayer\\init.lua'\n\tno file '.\\game\\xiuxian\\zhongfabai\\src\\views\\GameLayer.dll'\n\tno file 'D:\\qipaiv1client\\Debug.win32\\game\\xiuxian\\zhongfabai\\src\\views\\GameLayer.dll'\n\tno file 'D:\\qipaiv1client\\Debug.win32\\loadall.dll'\n\tno file '.\\game.dll'\n\tno file 'D:\\qipaiv1client\\Debug.win32\\game.dll'\n\tno file 'D:\\qipaiv1client\\Debug.win32\\loadall.dll'\nstack traceback:\n\t[string \".\\client/src/view/mediator/ViewMediator.lua\"]:114: in function 'notify'\n\t[string \".\\framework/puremvc/patterns/observer/Observe...\"]:85: in function 'notifyObserver'\n\t[string \".\\framework/puremvc/core/View.lua\"]:113: in function 'notifyObservers'\n\t[string \".\\framework/puremvc/patterns/facade/Facade.lua\"]:331: in function 'notifyObservers'\n\t[string \".\\framework/puremvc/patterns/facade/Facade.lua\"]:314: in function 'sendNotification'\n\t[string \".\\client/src/plaza/models/GameFrameEngine.lua\"]:619: in function 'LoadGameView'\n\t[string \".\\client/src/plaza/models/GameFrameEngine.lua\"]:737: in function 'onSocketUserStatus'\n\t[string \".\\client/src/plaza/models/GameFrameEngine.lua\"]:323: in function 'onSocketUserEvent'\n\t[string \".\\client/src/plaza/models/GameFrameEngine.lua\"]:113: in function 'onSocketEvent'\n\t[string \".\\client/src/plaza/models/BaseFrame.lua\"]:134: in function 'onSocketCallBack'\n\t[string \".\\client/src/plaza/models/BaseFrame.lua\"]:90: in function <[string \".\\client/src/plaza/models/BaseFrame.lua\"]:89>"
    },
    {
        "logtime": "2019/05/22 16:27:44",
        "logdata": "url"
    },
    {
        "logtime": "2019/05/22 16:27:44",
        "logdata": "http://apis.juhe.cn/ip/ip2addr?ip=139.207.197.195&key=74bb0395667b8d0588df9ebd6fc36a12"
    },
    {
        "logtime": "2019/05/22 16:27:44",
        "logdata": ""
    },
    {
        "logtime": "2019/05/22 16:27:44",
        "logdata": "url"
    },
    {
        "logtime": "2019/05/22 16:27:44",
        "logdata": "http://apis.juhe.cn/ip/ip2addr?ip=139.207.234.32&key=74bb0395667b8d0588df9ebd6fc36a12"
    },
    {
        "logtime": "2019/05/22 16:27:44",
        "logdata": ""
    },
    {
        "logtime": "2019/05/22 16:27:44",
        "logdata": "url"
    },
    {
        "logtime": "2019/05/22 16:27:44",
        "logdata": "http://apis.juhe.cn/ip/ip2addr?ip=222.28.250.233&key=74bb0395667b8d0588df9ebd6fc36a12"
    },
    {
        "logtime": "2019/05/22 16:27:44",
        "logdata": ""
    },
    {
        "logtime": "2019/05/22 16:27:44",
        "logdata": "url"
    },
    {
        "logtime": "2019/05/22 16:27:44",
        "logdata": "http://apis.juhe.cn/ip/ip2addr?ip=210.35.228.30&key=74bb0395667b8d0588df9ebd6fc36a12"
    },
    {
        "logtime": "2019/05/22 16:27:44",
        "logdata": ""
    },
    {
        "logtime": "2019/05/22 16:27:44",
        "logdata": "url"
    },
    {
        "logtime": "2019/05/22 16:27:44",
        "logdata": "http://apis.juhe.cn/ip/ip2addr?ip=61.235.197.92&key=74bb0395667b8d0588df9ebd6fc36a12"
    },
    {
        "logtime": "2019/05/22 16:27:44",
        "logdata": ""
    },
    {
        "logtime": "2019/05/22 16:27:44",
        "logdata": "url"
    },
    {
        "logtime": "2019/05/22 16:27:44",
        "logdata": "http://apis.juhe.cn/ip/ip2addr?ip=121.77.72.8&key=74bb0395667b8d0588df9ebd6fc36a12"
    },
    {
        "logtime": "2019/05/22 16:27:44",
        "logdata": ""
    },
    {
        "logtime": "2019/05/22 16:27:44",
        "logdata": "url"
    },
    {
        "logtime": "2019/05/22 16:27:44",
        "logdata": "http://apis.juhe.cn/ip/ip2addr?ip=210.38.234.107&key=74bb0395667b8d0588df9ebd6fc36a12"
    },
    {
        "logtime": "2019/05/22 16:27:44",
        "logdata": ""
    },
    {
        "logtime": "2019/05/22 16:27:44",
        "logdata": "url"
    },
    {
        "logtime": "2019/05/22 16:27:44",
        "logdata": "http://apis.juhe.cn/ip/ip2addr?ip=210.45.200.224&key=74bb0395667b8d0588df9ebd6fc36a12"
    },
    {
        "logtime": "2019/05/22 16:27:44",
        "logdata": ""
    },
    {
        "logtime": "2019/05/22 16:27:44",
        "logdata": "url"
    },
    {
        "logtime": "2019/05/22 16:27:44",
        "logdata": "http://apis.juhe.cn/ip/ip2addr?ip=182.80.99.51&key=74bb0395667b8d0588df9ebd6fc36a12"
    },
    {
        "logtime": "2019/05/22 16:27:44",
        "logdata": ""
    },
    {
        "logtime": "2019/05/22 16:27:44",
        "logdata": "url"
    },
    {
        "logtime": "2019/05/22 16:27:44",
        "logdata": "http://apis.juhe.cn/ip/ip2addr?ip=36.60.54.118&key=74bb0395667b8d0588df9ebd6fc36a12"
    },
    {
        "logtime": "2019/05/22 16:27:44",
        "logdata": ""
    },
    {
        "logtime": "2019/05/22 16:27:44",
        "logdata": "url"
    },
    {
        "logtime": "2019/05/22 16:27:44",
        "logdata": "http://apis.juhe.cn/ip/ip2addr?ip=61.237.216.118&key=74bb0395667b8d0588df9ebd6fc36a12"
    },
    {
        "logtime": "2019/05/22 16:27:44",
        "logdata": ""
    },
    {
        "logtime": "2019/05/22 16:27:44",
        "logdata": "url"
    },
    {
        "logtime": "2019/05/22 16:27:44",
        "logdata": "http://apis.juhe.cn/ip/ip2addr?ip=106.86.254.247&key=74bb0395667b8d0588df9ebd6fc36a12"
    },
    {
        "logtime": "2019/05/22 16:27:44",
        "logdata": ""
    },
    {
        "logtime": "2019/05/22 16:27:44",
        "logdata": "url"
    },
    {
        "logtime": "2019/05/22 16:27:44",
        "logdata": "http://apis.juhe.cn/ip/ip2addr?ip=182.90.133.59&key=74bb0395667b8d0588df9ebd6fc36a12"
    },
    {
        "logtime": "2019/05/22 16:27:44",
        "logdata": ""
    },
    {
        "logtime": "2019/05/22 16:27:44",
        "logdata": "url"
    },
    {
        "logtime": "2019/05/22 16:27:44",
        "logdata": "http://apis.juhe.cn/ip/ip2addr?ip=139.207.197.195&key=74bb0395667b8d0588df9ebd6fc36a12"
    },
    {
        "logtime": "2019/05/22 16:27:44",
        "logdata": ""
    },
    {
        "logtime": "2019/05/22 16:27:44",
        "logdata": "url"
    },
    {
        "logtime": "2019/05/22 16:27:44",
        "logdata": "http://apis.juhe.cn/ip/ip2addr?ip=139.207.234.32&key=74bb0395667b8d0588df9ebd6fc36a12"
    },
    {
        "logtime": "2019/05/22 16:27:44",
        "logdata": ""
    },
    {
        "logtime": "2019/05/22 16:27:44",
        "logdata": "url"
    },
    {
        "logtime": "2019/05/22 16:27:45",
        "logdata": "http://apis.juhe.cn/ip/ip2addr?ip=210.35.228.30&key=74bb0395667b8d0588df9ebd6fc36a12"
    },
    {
        "logtime": "2019/05/22 16:27:45",
        "logdata": ""
    },
    {
        "logtime": "2019/05/22 16:27:45",
        "logdata": "url"
    },
    {
        "logtime": "2019/05/22 16:27:45",
        "logdata": "http://apis.juhe.cn/ip/ip2addr?ip=222.28.250.233&key=74bb0395667b8d0588df9ebd6fc36a12"
    },
    {
        "logtime": "2019/05/22 16:27:45",
        "logdata": ""
    },
    {
        "logtime": "2019/05/22 16:27:45",
        "logdata": "url"
    },
    {
        "logtime": "2019/05/22 16:27:45",
        "logdata": "http://apis.juhe.cn/ip/ip2addr?ip=61.235.197.92&key=74bb0395667b8d0588df9ebd6fc36a12"
    },
    {
        "logtime": "2019/05/22 16:27:45",
        "logdata": ""
    },
    {
        "logtime": "2019/05/22 16:27:45",
        "logdata": "url"
    },
    {
        "logtime": "2019/05/22 16:27:45",
        "logdata": "http://apis.juhe.cn/ip/ip2addr?ip=210.38.234.107&key=74bb0395667b8d0588df9ebd6fc36a12"
    },
    {
        "logtime": "2019/05/22 16:27:45",
        "logdata": ""
    },
    {
        "logtime": "2019/05/22 16:27:45",
        "logdata": "url"
    },
    {
        "logtime": "2019/05/22 16:27:45",
        "logdata": "http://apis.juhe.cn/ip/ip2addr?ip=210.45.200.224&key=74bb0395667b8d0588df9ebd6fc36a12"
    },
    {
        "logtime": "2019/05/22 16:27:45",
        "logdata": ""
    },
    {
        "logtime": "2019/05/22 16:27:45",
        "logdata": "url"
    },
    {
        "logtime": "2019/05/22 16:27:45",
        "logdata": "http://apis.juhe.cn/ip/ip2addr?ip=121.77.72.8&key=74bb0395667b8d0588df9ebd6fc36a12"
    },
    {
        "logtime": "2019/05/22 16:27:45",
        "logdata": ""
    },
    {
        "logtime": "2019/05/22 16:27:45",
        "logdata": "url"
    },
    {
        "logtime": "2019/05/22 16:27:45",
        "logdata": "http://apis.juhe.cn/ip/ip2addr?ip=36.60.54.118&key=74bb0395667b8d0588df9ebd6fc36a12"
    },
    {
        "logtime": "2019/05/22 16:27:45",
        "logdata": ""
    },
    {
        "logtime": "2019/05/22 16:27:45",
        "logdata": "url"
    },
    {
        "logtime": "2019/05/22 16:27:45",
        "logdata": "http://apis.juhe.cn/ip/ip2addr?ip=61.237.216.118&key=74bb0395667b8d0588df9ebd6fc36a12"
    },
    {
        "logtime": "2019/05/22 16:27:45",
        "logdata": ""
    },
    {
        "logtime": "2019/05/22 16:27:45",
        "logdata": "url"
    },
    {
        "logtime": "2019/05/22 16:27:45",
        "logdata": "http://apis.juhe.cn/ip/ip2addr?ip=182.90.133.59&key=74bb0395667b8d0588df9ebd6fc36a12"
    },
    {
        "logtime": "2019/05/22 16:27:45",
        "logdata": ""
    },
    {
        "logtime": "2019/05/22 16:27:45",
        "logdata": "url"
    },
    {
        "logtime": "2019/05/22 16:27:45",
        "logdata": "http://apis.juhe.cn/ip/ip2addr?ip=182.80.99.51&key=74bb0395667b8d0588df9ebd6fc36a12"
    },
    {
        "logtime": "2019/05/22 16:27:45",
        "logdata": ""
    },
    {
        "logtime": "2019/05/22 16:27:45",
        "logdata": "url"
    },
    {
        "logtime": "2019/05/22 16:27:45",
        "logdata": "http://apis.juhe.cn/ip/ip2addr?ip=106.86.254.247&key=74bb0395667b8d0588df9ebd6fc36a12"
    },
    {
        "logtime": "2019/05/22 16:27:45",
        "logdata": ""
    }
]