[
    {
        "logtime": "2019/06/19 10:23:46",
        "logdata": "LogonScene.onceExcute"
    },
    {
        "logtime": "2019/06/19 10:23:46",
        "logdata": "http://www.fuannainc.top/"
    },
    {
        "logtime": "2019/06/19 10:23:47",
        "logdata": "url"
    },
    {
        "logtime": "2019/06/19 10:23:47",
        "logdata": "http://www.fuannainc.top//ws/MobileInterface.ashx?action=GetMobileLoginNotice"
    },
    {
        "logtime": "2019/06/19 10:23:47",
        "logdata": ""
    }
]