[
    {
        "logtime": "2019/07/01 19:52:10",
        "logdata": "LogonScene.onceExcute"
    },
    {
        "logtime": "2019/07/01 19:52:10",
        "logdata": "http://www.fuannainc.top/"
    },
    {
        "logtime": "2019/07/01 19:52:10",
        "logdata": "url"
    },
    {
        "logtime": "2019/07/01 19:52:10",
        "logdata": "http://www.fuannainc.top//ws/MobileInterface.ashx?action=GetMobileLoginNotice"
    },
    {
        "logtime": "2019/07/01 19:52:10",
        "logdata": ""
    },
    {
        "logtime": "2019/07/01 19:52:12",
        "logdata": "url"
    },
    {
        "logtime": "2019/07/01 19:52:12",
        "logdata": "http://apis.juhe.cn/ip/ip2addr?ip=58.23.48.188&key=74bb0395667b8d0588df9ebd6fc36a12"
    },
    {
        "logtime": "2019/07/01 19:52:12",
        "logdata": ""
    },
    {
        "logtime": "2019/07/01 19:52:12",
        "logdata": "onLogonCallBack"
    },
    {
        "logtime": "2019/07/01 19:52:12",
        "logdata": "http://www.fuannainc.top/"
    },
    {
        "logtime": "2019/07/01 19:52:12",
        "logdata": "url"
    },
    {
        "logtime": "2019/07/01 19:52:12",
        "logdata": "http://www.fuannainc.top//WS/MobileInterface.ashx"
    },
    {
        "logtime": "2019/07/01 19:52:12",
        "logdata": "action=GetMobileShareConfig&userid=119947&time=1561981932&signature=85884A760C1D71749AC5597FDA85C228"
    },
    {
        "logtime": "2019/07/01 19:52:14",
        "logdata": "url"
    },
    {
        "logtime": "2019/07/01 19:52:14",
        "logdata": "http://www.fuannainc.top//WS/MobileInterface.ashx?action=GetMobileRollNotice"
    },
    {
        "logtime": "2019/07/01 19:52:14",
        "logdata": ""
    },
    {
        "logtime": "2019/07/01 19:52:18",
        "logdata": null
    },
    {
        "logtime": "2019/07/01 19:52:18",
        "logdata": "onEnterGame"
    },
    {
        "logtime": "2019/07/01 19:52:18",
        "logdata": {
            "_ServerResVersion": 10,
            "_Active": true,
            "_KindVersion": "101122049",
            "_KindType": 1,
            "_Module": "xiuxian/shuiguolaba/",
            "_KindID": "406",
            "_Type": "xiuxian",
            "_KindName": "xiuxian.shuiguolaba.",
            "_SortId": 0
        }
    },
    {
        "logtime": "2019/07/01 19:52:18",
        "logdata": "GlobalUserItem.getCurGameKind()"
    },
    {
        "logtime": "2019/07/01 19:52:18",
        "logdata": 406
    },
    {
        "logtime": "2019/07/01 19:52:19",
        "logdata": "url"
    },
    {
        "logtime": "2019/07/01 19:52:19",
        "logdata": "http://apis.juhe.cn/ip/ip2addr?ip=58.23.48.188&key=74bb0395667b8d0588df9ebd6fc36a12"
    },
    {
        "logtime": "2019/07/01 19:52:19",
        "logdata": ""
    },
    {
        "logtime": "2019/07/01 19:52:19",
        "logdata": "url"
    },
    {
        "logtime": "2019/07/01 19:52:19",
        "logdata": "http://apis.juhe.cn/ip/ip2addr?ip=58.23.48.188&key=74bb0395667b8d0588df9ebd6fc36a12"
    },
    {
        "logtime": "2019/07/01 19:52:19",
        "logdata": ""
    },
    {
        "logtime": "2019/07/01 19:52:19",
        "logdata": "url"
    },
    {
        "logtime": "2019/07/01 19:52:19",
        "logdata": "http://apis.juhe.cn/ip/ip2addr?ip=58.23.48.188&key=74bb0395667b8d0588df9ebd6fc36a12"
    },
    {
        "logtime": "2019/07/01 19:52:19",
        "logdata": ""
    },
    {
        "logtime": "2019/07/01 19:52:19",
        "logdata": "url"
    },
    {
        "logtime": "2019/07/01 19:52:19",
        "logdata": "http://apis.juhe.cn/ip/ip2addr?ip=58.23.48.188&key=74bb0395667b8d0588df9ebd6fc36a12"
    },
    {
        "logtime": "2019/07/01 19:52:19",
        "logdata": ""
    },
    {
        "logtime": "2019/07/01 19:52:19",
        "logdata": "url"
    },
    {
        "logtime": "2019/07/01 19:52:19",
        "logdata": "http://apis.juhe.cn/ip/ip2addr?ip=58.23.48.188&key=74bb0395667b8d0588df9ebd6fc36a12"
    },
    {
        "logtime": "2019/07/01 19:52:19",
        "logdata": ""
    },
    {
        "logtime": "2019/07/01 19:52:19",
        "logdata": "url"
    },
    {
        "logtime": "2019/07/01 19:52:19",
        "logdata": "http://apis.juhe.cn/ip/ip2addr?ip=58.23.48.188&key=74bb0395667b8d0588df9ebd6fc36a12"
    },
    {
        "logtime": "2019/07/01 19:52:19",
        "logdata": ""
    },
    {
        "logtime": "2019/07/01 19:52:20",
        "logdata": {
            "_ServerResVersion": 10,
            "_Active": true,
            "_KindVersion": "101122049",
            "_KindType": 1,
            "_Module": "xiuxian/shuiguolaba/",
            "_KindID": "406",
            "_Type": "xiuxian",
            "nSitChair": 65535,
            "_KindName": "xiuxian.shuiguolaba.",
            "nEnterRoomIndex": 1,
            "nSitTable": 65535,
            "_SortId": 0
        }
    },
    {
        "logtime": "2019/07/01 19:52:20",
        "logdata": "modulestr"
    },
    {
        "logtime": "2019/07/01 19:52:20",
        "logdata": "xiuxian/shuiguolaba/"
    },
    {
        "logtime": "2019/07/01 19:52:47",
        "logdata": "LogonScene.onceExcute"
    },
    {
        "logtime": "2019/07/01 19:52:47",
        "logdata": "http://www.fuannainc.top/"
    },
    {
        "logtime": "2019/07/01 19:52:47",
        "logdata": "url"
    },
    {
        "logtime": "2019/07/01 19:52:47",
        "logdata": "http://www.fuannainc.top//ws/MobileInterface.ashx?action=GetMobileLoginNotice"
    },
    {
        "logtime": "2019/07/01 19:52:47",
        "logdata": ""
    },
    {
        "logtime": "2019/07/01 19:52:48",
        "logdata": "url"
    },
    {
        "logtime": "2019/07/01 19:52:48",
        "logdata": "http://apis.juhe.cn/ip/ip2addr?ip=58.23.48.188&key=74bb0395667b8d0588df9ebd6fc36a12"
    },
    {
        "logtime": "2019/07/01 19:52:48",
        "logdata": ""
    },
    {
        "logtime": "2019/07/01 19:52:48",
        "logdata": "onLogonCallBack"
    },
    {
        "logtime": "2019/07/01 19:52:48",
        "logdata": "http://www.fuannainc.top/"
    },
    {
        "logtime": "2019/07/01 19:52:48",
        "logdata": "url"
    },
    {
        "logtime": "2019/07/01 19:52:48",
        "logdata": "http://www.fuannainc.top//WS/MobileInterface.ashx"
    },
    {
        "logtime": "2019/07/01 19:52:48",
        "logdata": "action=GetMobileShareConfig&userid=119947&time=1561981968&signature=549EDC84C5CE04665D939A9CBFB46398"
    },
    {
        "logtime": "2019/07/01 19:52:50",
        "logdata": "url"
    },
    {
        "logtime": "2019/07/01 19:52:50",
        "logdata": "http://www.fuannainc.top//WS/MobileInterface.ashx?action=GetMobileRollNotice"
    },
    {
        "logtime": "2019/07/01 19:52:50",
        "logdata": ""
    },
    {
        "logtime": "2019/07/01 19:52:53",
        "logdata": null
    },
    {
        "logtime": "2019/07/01 19:52:53",
        "logdata": "onEnterGame"
    },
    {
        "logtime": "2019/07/01 19:52:53",
        "logdata": {
            "_ServerResVersion": 8,
            "_Active": true,
            "_KindVersion": "101122049",
            "_KindType": 2,
            "_Module": "yule/zhajinhua/",
            "_KindID": "6",
            "_Type": "yule",
            "_KindName": "yule.zhajinhua.",
            "_SortId": 1
        }
    },
    {
        "logtime": "2019/07/01 19:52:54",
        "logdata": null
    },
    {
        "logtime": "2019/07/01 19:52:54",
        "logdata": "onEnterGame"
    },
    {
        "logtime": "2019/07/01 19:52:54",
        "logdata": {
            "_ServerResVersion": 10,
            "_Active": true,
            "_KindVersion": "101122049",
            "_KindType": 1,
            "_Module": "xiuxian/shuiguolaba/",
            "_KindID": "406",
            "_Type": "xiuxian",
            "_KindName": "xiuxian.shuiguolaba.",
            "_SortId": 0
        }
    },
    {
        "logtime": "2019/07/01 19:52:54",
        "logdata": "GlobalUserItem.getCurGameKind()"
    },
    {
        "logtime": "2019/07/01 19:52:54",
        "logdata": 406
    },
    {
        "logtime": "2019/07/01 19:52:55",
        "logdata": "url"
    },
    {
        "logtime": "2019/07/01 19:52:55",
        "logdata": "http://apis.juhe.cn/ip/ip2addr?ip=58.23.48.188&key=74bb0395667b8d0588df9ebd6fc36a12"
    },
    {
        "logtime": "2019/07/01 19:52:55",
        "logdata": ""
    },
    {
        "logtime": "2019/07/01 19:52:55",
        "logdata": "url"
    },
    {
        "logtime": "2019/07/01 19:52:55",
        "logdata": "http://apis.juhe.cn/ip/ip2addr?ip=58.23.48.188&key=74bb0395667b8d0588df9ebd6fc36a12"
    },
    {
        "logtime": "2019/07/01 19:52:55",
        "logdata": ""
    },
    {
        "logtime": "2019/07/01 19:52:55",
        "logdata": "url"
    },
    {
        "logtime": "2019/07/01 19:52:55",
        "logdata": "http://apis.juhe.cn/ip/ip2addr?ip=58.23.48.188&key=74bb0395667b8d0588df9ebd6fc36a12"
    },
    {
        "logtime": "2019/07/01 19:52:55",
        "logdata": ""
    },
    {
        "logtime": "2019/07/01 19:52:55",
        "logdata": "url"
    },
    {
        "logtime": "2019/07/01 19:52:55",
        "logdata": "http://apis.juhe.cn/ip/ip2addr?ip=58.23.48.188&key=74bb0395667b8d0588df9ebd6fc36a12"
    },
    {
        "logtime": "2019/07/01 19:52:55",
        "logdata": ""
    },
    {
        "logtime": "2019/07/01 19:52:55",
        "logdata": "url"
    },
    {
        "logtime": "2019/07/01 19:52:55",
        "logdata": "http://apis.juhe.cn/ip/ip2addr?ip=58.23.48.188&key=74bb0395667b8d0588df9ebd6fc36a12"
    },
    {
        "logtime": "2019/07/01 19:52:55",
        "logdata": ""
    },
    {
        "logtime": "2019/07/01 19:52:55",
        "logdata": "url"
    },
    {
        "logtime": "2019/07/01 19:52:55",
        "logdata": "http://apis.juhe.cn/ip/ip2addr?ip=58.23.48.188&key=74bb0395667b8d0588df9ebd6fc36a12"
    },
    {
        "logtime": "2019/07/01 19:52:55",
        "logdata": ""
    },
    {
        "logtime": "2019/07/01 19:52:55",
        "logdata": {
            "_ServerResVersion": 10,
            "_Active": true,
            "_KindVersion": "101122049",
            "_KindType": 1,
            "_Module": "xiuxian/shuiguolaba/",
            "_KindID": "406",
            "_Type": "xiuxian",
            "nSitChair": 65535,
            "_KindName": "xiuxian.shuiguolaba.",
            "nEnterRoomIndex": 1,
            "nSitTable": 65535,
            "_SortId": 0
        }
    },
    {
        "logtime": "2019/07/01 19:52:55",
        "logdata": "modulestr"
    },
    {
        "logtime": "2019/07/01 19:52:55",
        "logdata": "xiuxian/shuiguolaba/"
    }
]