[
    {
        "logtime": "2019/07/01 15:56:40",
        "logdata": "url"
    },
    {
        "logtime": "2019/07/01 15:56:40",
        "logdata": "http://apis.juhe.cn/ip/ip2addr?ip=58.23.48.188&key=74bb0395667b8d0588df9ebd6fc36a12"
    },
    {
        "logtime": "2019/07/01 15:56:40",
        "logdata": ""
    },
    {
        "logtime": "2019/07/01 15:56:40",
        "logdata": "url"
    },
    {
        "logtime": "2019/07/01 15:56:40",
        "logdata": "http://apis.juhe.cn/ip/ip2addr?ip=58.23.48.188&key=74bb0395667b8d0588df9ebd6fc36a12"
    },
    {
        "logtime": "2019/07/01 15:56:40",
        "logdata": ""
    },
    {
        "logtime": "2019/07/01 15:56:40",
        "logdata": "url"
    },
    {
        "logtime": "2019/07/01 15:56:40",
        "logdata": "http://apis.juhe.cn/ip/ip2addr?ip=58.23.48.188&key=74bb0395667b8d0588df9ebd6fc36a12"
    },
    {
        "logtime": "2019/07/01 15:56:40",
        "logdata": ""
    },
    {
        "logtime": "2019/07/01 15:56:40",
        "logdata": "url"
    },
    {
        "logtime": "2019/07/01 15:56:40",
        "logdata": "http://apis.juhe.cn/ip/ip2addr?ip=58.23.48.188&key=74bb0395667b8d0588df9ebd6fc36a12"
    },
    {
        "logtime": "2019/07/01 15:56:40",
        "logdata": ""
    },
    {
        "logtime": "2019/07/01 15:56:40",
        "logdata": "url"
    },
    {
        "logtime": "2019/07/01 15:56:40",
        "logdata": "http://apis.juhe.cn/ip/ip2addr?ip=58.23.48.188&key=74bb0395667b8d0588df9ebd6fc36a12"
    },
    {
        "logtime": "2019/07/01 15:56:40",
        "logdata": ""
    },
    {
        "logtime": "2019/07/01 15:56:40",
        "logdata": {
            "_ServerResVersion": 10,
            "_Active": true,
            "_KindVersion": "101122049",
            "_KindType": 1,
            "_Module": "xiuxian/shuiguolaba/",
            "_KindID": "406",
            "_Type": "xiuxian",
            "nSitChair": 65535,
            "_KindName": "xiuxian.shuiguolaba.",
            "nEnterRoomIndex": 1,
            "nSitTable": 65535,
            "_SortId": 0
        }
    },
    {
        "logtime": "2019/07/01 15:56:40",
        "logdata": "modulestr"
    },
    {
        "logtime": "2019/07/01 15:56:40",
        "logdata": "xiuxian/shuiguolaba/"
    }
]