[
    {
        "logtime": "2019/05/17 15:09:09",
        "logdata": "LogonScene.onceExcute"
    },
    {
        "logtime": "2019/05/17 15:09:09",
        "logdata": "http://www.fuannainc.top/"
    },
    {
        "logtime": "2019/05/17 15:09:10",
        "logdata": "url"
    },
    {
        "logtime": "2019/05/17 15:09:10",
        "logdata": "http://www.fuannainc.top//ws/MobileInterface.ashx?action=GetMobileLoginNotice"
    },
    {
        "logtime": "2019/05/17 15:09:10",
        "logdata": ""
    },
    {
        "logtime": "2019/05/17 15:09:23",
        "logdata": "url"
    },
    {
        "logtime": "2019/05/17 15:09:23",
        "logdata": "http://apis.juhe.cn/ip/ip2addr?ip=113.77.83.165&key=74bb0395667b8d0588df9ebd6fc36a12"
    },
    {
        "logtime": "2019/05/17 15:09:23",
        "logdata": ""
    },
    {
        "logtime": "2019/05/17 15:09:23",
        "logdata": "onLogonCallBack"
    },
    {
        "logtime": "2019/05/17 15:09:23",
        "logdata": "http://www.fuannainc.top/"
    },
    {
        "logtime": "2019/05/17 15:09:23",
        "logdata": "url"
    },
    {
        "logtime": "2019/05/17 15:09:23",
        "logdata": "http://www.fuannainc.top//WS/MobileInterface.ashx"
    },
    {
        "logtime": "2019/05/17 15:09:23",
        "logdata": "action=GetMobileShareConfig&userid=119911&time=1558076963&signature=3740CFA32D8A206F11C150A616AE7BE9"
    },
    {
        "logtime": "2019/05/17 15:09:26",
        "logdata": "url"
    },
    {
        "logtime": "2019/05/17 15:09:26",
        "logdata": "http://www.fuannainc.top//WS/MobileInterface.ashx?action=GetMobileRollNotice"
    },
    {
        "logtime": "2019/05/17 15:09:26",
        "logdata": ""
    },
    {
        "logtime": "2019/05/17 15:09:28",
        "logdata": "url"
    },
    {
        "logtime": "2019/05/17 15:09:28",
        "logdata": "http://www.fuannainc.top//ws/MobileInterface.ashx"
    },
    {
        "logtime": "2019/05/17 15:09:28",
        "logdata": "action=getpaylist"
    },
    {
        "logtime": "2019/05/17 15:09:28",
        "logdata": "url"
    },
    {
        "logtime": "2019/05/17 15:09:29",
        "logdata": "http://www.fuannainc.top//WS/MobileInterface.ashx"
    },
    {
        "logtime": "2019/05/17 15:09:29",
        "logdata": "action=getagentpay"
    }
]