[
    {
        "logtime": "2019/07/09 10:04:10",
        "logdata": "[string \".\\client/src/plaza/views/layer/plaza/BankLaye...\"]:322: attempt to index a nil value\nstack traceback:"
    },
    {
        "logtime": "2019/07/09 10:04:10",
        "logdata": "[string \".\\cocos/init.lua\"]:42: attempt to call global 'buglyReportLuaException' (a nil value)\nstack traceback:\n\t[string \".\\client/src/plaza/views/layer/plaza/BankLaye...\"]:322: in function <[string \".\\client/src/plaza/views/layer/plaza/BankLaye...\"]:315>"
    },
    {
        "logtime": "2019/07/09 10:04:15",
        "logdata": "LogonScene.onceExcute"
    },
    {
        "logtime": "2019/07/09 10:04:15",
        "logdata": "http://www.fuannainc.top/"
    },
    {
        "logtime": "2019/07/09 10:04:15",
        "logdata": "url"
    },
    {
        "logtime": "2019/07/09 10:04:15",
        "logdata": "http://www.fuannainc.top//ws/MobileInterface.ashx?action=GetMobileLoginNotice"
    },
    {
        "logtime": "2019/07/09 10:04:15",
        "logdata": ""
    },
    {
        "logtime": "2019/07/09 10:04:17",
        "logdata": "onLogonCallBack"
    },
    {
        "logtime": "2019/07/09 10:04:17",
        "logdata": "http://www.fuannainc.top/"
    },
    {
        "logtime": "2019/07/09 10:04:17",
        "logdata": "url"
    },
    {
        "logtime": "2019/07/09 10:04:17",
        "logdata": "http://www.fuannainc.top//WS/MobileInterface.ashx"
    },
    {
        "logtime": "2019/07/09 10:04:17",
        "logdata": "action=GetMobileShareConfig&userid=119885&time=1562637857&signature=F087418DD396C649255674F6603F1328"
    },
    {
        "logtime": "2019/07/09 10:04:18",
        "logdata": "url"
    },
    {
        "logtime": "2019/07/09 10:04:18",
        "logdata": "http://www.fuannainc.top//WS/MobileInterface.ashx?action=GetMobileRollNotice"
    },
    {
        "logtime": "2019/07/09 10:04:19",
        "logdata": ""
    },
    {
        "logtime": "2019/07/09 10:04:22",
        "logdata": "keys2"
    },
    {
        "logtime": "2019/07/09 10:04:22",
        "logdata": "byte"
    },
    {
        "logtime": "2019/07/09 10:04:22",
        "logdata": "keys2"
    },
    {
        "logtime": "2019/07/09 10:04:22",
        "logdata": "word"
    },
    {
        "logtime": "2019/07/09 10:04:22",
        "logdata": "keys2"
    },
    {
        "logtime": "2019/07/09 10:04:22",
        "logdata": "word"
    },
    {
        "logtime": "2019/07/09 10:04:22",
        "logdata": "keys2"
    },
    {
        "logtime": "2019/07/09 10:04:22",
        "logdata": "word"
    },
    {
        "logtime": "2019/07/09 10:04:22",
        "logdata": "keys2"
    },
    {
        "logtime": "2019/07/09 10:04:22",
        "logdata": "word"
    },
    {
        "logtime": "2019/07/09 10:04:22",
        "logdata": "keys2"
    },
    {
        "logtime": "2019/07/09 10:04:22",
        "logdata": "double"
    },
    {
        "logtime": "2019/07/09 10:04:22",
        "logdata": "keys2"
    },
    {
        "logtime": "2019/07/09 10:04:22",
        "logdata": "double"
    },
    {
        "logtime": "2019/07/09 10:04:22",
        "logdata": "keys2"
    },
    {
        "logtime": "2019/07/09 10:04:22",
        "logdata": "double"
    },
    {
        "logtime": "2019/07/09 10:04:22",
        "logdata": "keys2"
    },
    {
        "logtime": "2019/07/09 10:04:22",
        "logdata": "string"
    },
    {
        "logtime": "2019/07/09 10:04:22",
        "logdata": "keys2"
    },
    {
        "logtime": "2019/07/09 10:04:22",
        "logdata": "string"
    },
    {
        "logtime": "2019/07/09 10:04:22",
        "logdata": "keys2"
    },
    {
        "logtime": "2019/07/09 10:04:22",
        "logdata": "double"
    },
    {
        "logtime": "2019/07/09 10:04:22",
        "logdata": "keys2"
    },
    {
        "logtime": "2019/07/09 10:04:22",
        "logdata": "string"
    }
]