[
    {
        "logtime": "2019/07/02 16:31:08",
        "logdata": "url"
    },
    {
        "logtime": "2019/07/02 16:31:08",
        "logdata": "http://www.fuannainc.top//WS/MobileInterface.ashx"
    },
    {
        "logtime": "2019/07/02 16:31:08",
        "logdata": "action=GetScoreInfo&userid=120187&time=1562056268&signature=0934921CF223BEA39A03130E5EFFF8DE"
    },
    {
        "logtime": "2019/07/02 16:31:12",
        "logdata": "LogonScene.onceExcute"
    },
    {
        "logtime": "2019/07/02 16:31:12",
        "logdata": "http://www.fuannainc.top/"
    },
    {
        "logtime": "2019/07/02 16:31:12",
        "logdata": "url"
    },
    {
        "logtime": "2019/07/02 16:31:12",
        "logdata": "http://www.fuannainc.top//ws/MobileInterface.ashx?action=GetMobileLoginNotice"
    },
    {
        "logtime": "2019/07/02 16:31:12",
        "logdata": ""
    },
    {
        "logtime": "2019/07/02 16:31:14",
        "logdata": "url"
    },
    {
        "logtime": "2019/07/02 16:31:14",
        "logdata": "http://apis.juhe.cn/ip/ip2addr?ip=58.23.48.188&key=74bb0395667b8d0588df9ebd6fc36a12"
    },
    {
        "logtime": "2019/07/02 16:31:14",
        "logdata": ""
    },
    {
        "logtime": "2019/07/02 16:31:14",
        "logdata": "onLogonCallBack"
    },
    {
        "logtime": "2019/07/02 16:31:14",
        "logdata": "http://www.fuannainc.top/"
    },
    {
        "logtime": "2019/07/02 16:31:14",
        "logdata": "url"
    },
    {
        "logtime": "2019/07/02 16:31:14",
        "logdata": "http://www.fuannainc.top//WS/MobileInterface.ashx"
    },
    {
        "logtime": "2019/07/02 16:31:14",
        "logdata": "action=GetMobileShareConfig&userid=120187&time=1562056274&signature=028B1BD9F93FC28B4FFEC4F30A1FE55A"
    },
    {
        "logtime": "2019/07/02 16:31:16",
        "logdata": "url"
    },
    {
        "logtime": "2019/07/02 16:31:16",
        "logdata": "http://www.fuannainc.top//WS/MobileInterface.ashx?action=GetMobileRollNotice"
    },
    {
        "logtime": "2019/07/02 16:31:16",
        "logdata": ""
    },
    {
        "logtime": "2019/07/02 16:31:19",
        "logdata": null
    },
    {
        "logtime": "2019/07/02 16:31:19",
        "logdata": "onEnterGame"
    },
    {
        "logtime": "2019/07/02 16:31:19",
        "logdata": {
            "_ServerResVersion": 10,
            "_Active": true,
            "_KindVersion": "101122049",
            "_KindType": 1,
            "_Module": "xiuxian/shuiguolaba/",
            "_KindID": "406",
            "_Type": "xiuxian",
            "_KindName": "xiuxian.shuiguolaba.",
            "_SortId": 0
        }
    },
    {
        "logtime": "2019/07/02 16:31:19",
        "logdata": "GlobalUserItem.getCurGameKind()"
    },
    {
        "logtime": "2019/07/02 16:31:19",
        "logdata": 406
    },
    {
        "logtime": "2019/07/02 16:31:20",
        "logdata": "url"
    },
    {
        "logtime": "2019/07/02 16:31:20",
        "logdata": "http://apis.juhe.cn/ip/ip2addr?ip=58.23.48.188&key=74bb0395667b8d0588df9ebd6fc36a12"
    },
    {
        "logtime": "2019/07/02 16:31:20",
        "logdata": ""
    },
    {
        "logtime": "2019/07/02 16:31:20",
        "logdata": "url"
    },
    {
        "logtime": "2019/07/02 16:31:21",
        "logdata": "http://apis.juhe.cn/ip/ip2addr?ip=58.23.48.188&key=74bb0395667b8d0588df9ebd6fc36a12"
    },
    {
        "logtime": "2019/07/02 16:31:21",
        "logdata": ""
    },
    {
        "logtime": "2019/07/02 16:31:21",
        "logdata": {
            "_ServerResVersion": 10,
            "_Active": true,
            "_KindVersion": "101122049",
            "_KindType": 1,
            "_Module": "xiuxian/shuiguolaba/",
            "_KindID": "406",
            "_Type": "xiuxian",
            "nSitChair": 65535,
            "_KindName": "xiuxian.shuiguolaba.",
            "nEnterRoomIndex": 1,
            "nSitTable": 65535,
            "_SortId": 0
        }
    },
    {
        "logtime": "2019/07/02 16:31:21",
        "logdata": "modulestr"
    },
    {
        "logtime": "2019/07/02 16:31:21",
        "logdata": "xiuxian/shuiguolaba/"
    }
]