[
    {
        "logtime": "2019/07/03 12:17:18",
        "logdata": "LogonScene.onceExcute"
    },
    {
        "logtime": "2019/07/03 12:17:18",
        "logdata": "http://www.fuannainc.top/"
    },
    {
        "logtime": "2019/07/03 12:17:18",
        "logdata": "url"
    },
    {
        "logtime": "2019/07/03 12:17:18",
        "logdata": "http://www.fuannainc.top//ws/MobileInterface.ashx?action=GetMobileLoginNotice"
    },
    {
        "logtime": "2019/07/03 12:17:18",
        "logdata": ""
    },
    {
        "logtime": "2019/07/03 12:17:20",
        "logdata": "url"
    },
    {
        "logtime": "2019/07/03 12:17:20",
        "logdata": "http://apis.juhe.cn/ip/ip2addr?ip=58.23.48.188&key=74bb0395667b8d0588df9ebd6fc36a12"
    },
    {
        "logtime": "2019/07/03 12:17:20",
        "logdata": ""
    },
    {
        "logtime": "2019/07/03 12:17:20",
        "logdata": "onLogonCallBack"
    },
    {
        "logtime": "2019/07/03 12:17:20",
        "logdata": "http://www.fuannainc.top/"
    },
    {
        "logtime": "2019/07/03 12:17:20",
        "logdata": "url"
    },
    {
        "logtime": "2019/07/03 12:17:20",
        "logdata": "http://www.fuannainc.top//WS/MobileInterface.ashx"
    },
    {
        "logtime": "2019/07/03 12:17:20",
        "logdata": "action=GetMobileShareConfig&userid=120187&time=1562127440&signature=32AB768C8C3B1EBEECEE47D6A51B3C65"
    },
    {
        "logtime": "2019/07/03 12:17:22",
        "logdata": "url"
    },
    {
        "logtime": "2019/07/03 12:17:22",
        "logdata": "http://www.fuannainc.top//WS/MobileInterface.ashx?action=GetMobileRollNotice"
    },
    {
        "logtime": "2019/07/03 12:17:22",
        "logdata": ""
    },
    {
        "logtime": "2019/07/03 12:17:25",
        "logdata": null
    },
    {
        "logtime": "2019/07/03 12:17:25",
        "logdata": "onEnterGame"
    },
    {
        "logtime": "2019/07/03 12:17:25",
        "logdata": {
            "_ServerResVersion": 10,
            "_Active": true,
            "_KindVersion": "101122049",
            "_KindType": 1,
            "_Module": "xiuxian/shuiguolaba/",
            "_KindID": "406",
            "_Type": "xiuxian",
            "_KindName": "xiuxian.shuiguolaba.",
            "_SortId": 0
        }
    },
    {
        "logtime": "2019/07/03 12:17:25",
        "logdata": "GlobalUserItem.getCurGameKind()"
    },
    {
        "logtime": "2019/07/03 12:17:25",
        "logdata": 406
    },
    {
        "logtime": "2019/07/03 12:17:26",
        "logdata": "url"
    },
    {
        "logtime": "2019/07/03 12:17:26",
        "logdata": "http://apis.juhe.cn/ip/ip2addr?ip=58.23.48.188&key=74bb0395667b8d0588df9ebd6fc36a12"
    },
    {
        "logtime": "2019/07/03 12:17:26",
        "logdata": ""
    },
    {
        "logtime": "2019/07/03 12:17:26",
        "logdata": "url"
    },
    {
        "logtime": "2019/07/03 12:17:26",
        "logdata": "http://apis.juhe.cn/ip/ip2addr?ip=58.23.48.188&key=74bb0395667b8d0588df9ebd6fc36a12"
    },
    {
        "logtime": "2019/07/03 12:17:26",
        "logdata": ""
    },
    {
        "logtime": "2019/07/03 12:17:26",
        "logdata": "url"
    },
    {
        "logtime": "2019/07/03 12:17:26",
        "logdata": "http://apis.juhe.cn/ip/ip2addr?ip=58.23.48.188&key=74bb0395667b8d0588df9ebd6fc36a12"
    },
    {
        "logtime": "2019/07/03 12:17:26",
        "logdata": ""
    },
    {
        "logtime": "2019/07/03 12:17:26",
        "logdata": "url"
    },
    {
        "logtime": "2019/07/03 12:17:26",
        "logdata": "http://apis.juhe.cn/ip/ip2addr?ip=58.23.48.188&key=74bb0395667b8d0588df9ebd6fc36a12"
    },
    {
        "logtime": "2019/07/03 12:17:26",
        "logdata": ""
    },
    {
        "logtime": "2019/07/03 12:17:27",
        "logdata": {
            "_ServerResVersion": 10,
            "_Active": true,
            "_KindVersion": "101122049",
            "_KindType": 1,
            "_Module": "xiuxian/shuiguolaba/",
            "_KindID": "406",
            "_Type": "xiuxian",
            "nSitChair": 65535,
            "_KindName": "xiuxian.shuiguolaba.",
            "nEnterRoomIndex": 1,
            "nSitTable": 65535,
            "_SortId": 0
        }
    },
    {
        "logtime": "2019/07/03 12:17:27",
        "logdata": "modulestr"
    },
    {
        "logtime": "2019/07/03 12:17:27",
        "logdata": "xiuxian/shuiguolaba/"
    },
    {
        "logtime": "2019/07/03 12:17:29",
        "logdata": "url"
    },
    {
        "logtime": "2019/07/03 12:17:29",
        "logdata": "http://apis.juhe.cn/ip/ip2addr?ip=58.23.48.188&key=74bb0395667b8d0588df9ebd6fc36a12"
    },
    {
        "logtime": "2019/07/03 12:17:29",
        "logdata": ""
    },
    {
        "logtime": "2019/07/03 12:17:29",
        "logdata": "url"
    },
    {
        "logtime": "2019/07/03 12:17:29",
        "logdata": "http://apis.juhe.cn/ip/ip2addr?ip=58.23.48.188&key=74bb0395667b8d0588df9ebd6fc36a12"
    },
    {
        "logtime": "2019/07/03 12:17:29",
        "logdata": ""
    },
    {
        "logtime": "2019/07/03 12:17:29",
        "logdata": "url"
    },
    {
        "logtime": "2019/07/03 12:17:29",
        "logdata": "http://apis.juhe.cn/ip/ip2addr?ip=58.23.48.188&key=74bb0395667b8d0588df9ebd6fc36a12"
    },
    {
        "logtime": "2019/07/03 12:17:29",
        "logdata": ""
    },
    {
        "logtime": "2019/07/03 12:17:29",
        "logdata": "url"
    },
    {
        "logtime": "2019/07/03 12:17:29",
        "logdata": "http://apis.juhe.cn/ip/ip2addr?ip=58.23.48.188&key=74bb0395667b8d0588df9ebd6fc36a12"
    },
    {
        "logtime": "2019/07/03 12:17:29",
        "logdata": ""
    },
    {
        "logtime": "2019/07/03 12:17:31",
        "logdata": "url"
    },
    {
        "logtime": "2019/07/03 12:17:31",
        "logdata": "http://apis.juhe.cn/ip/ip2addr?ip=58.23.48.188&key=74bb0395667b8d0588df9ebd6fc36a12"
    },
    {
        "logtime": "2019/07/03 12:17:31",
        "logdata": ""
    },
    {
        "logtime": "2019/07/03 12:17:31",
        "logdata": "url"
    },
    {
        "logtime": "2019/07/03 12:17:31",
        "logdata": "http://apis.juhe.cn/ip/ip2addr?ip=58.23.48.188&key=74bb0395667b8d0588df9ebd6fc36a12"
    },
    {
        "logtime": "2019/07/03 12:17:31",
        "logdata": ""
    },
    {
        "logtime": "2019/07/03 12:17:31",
        "logdata": "url"
    },
    {
        "logtime": "2019/07/03 12:17:31",
        "logdata": "http://apis.juhe.cn/ip/ip2addr?ip=58.23.48.188&key=74bb0395667b8d0588df9ebd6fc36a12"
    },
    {
        "logtime": "2019/07/03 12:17:31",
        "logdata": ""
    },
    {
        "logtime": "2019/07/03 12:17:31",
        "logdata": "url"
    },
    {
        "logtime": "2019/07/03 12:17:31",
        "logdata": "http://apis.juhe.cn/ip/ip2addr?ip=58.23.48.188&key=74bb0395667b8d0588df9ebd6fc36a12"
    },
    {
        "logtime": "2019/07/03 12:17:31",
        "logdata": ""
    }
]