[
    {
        "logtime": "2019/05/17 16:26:03",
        "logdata": "LogonScene.onceExcute"
    },
    {
        "logtime": "2019/05/17 16:26:03",
        "logdata": "http://www.fuannainc.top/"
    },
    {
        "logtime": "2019/05/17 16:26:04",
        "logdata": "url"
    },
    {
        "logtime": "2019/05/17 16:26:04",
        "logdata": "http://www.fuannainc.top//ws/MobileInterface.ashx?action=GetMobileLoginNotice"
    },
    {
        "logtime": "2019/05/17 16:26:04",
        "logdata": ""
    },
    {
        "logtime": "2019/05/17 16:26:22",
        "logdata": "LogonScene.onceExcute"
    },
    {
        "logtime": "2019/05/17 16:26:22",
        "logdata": "http://www.fuannainc.top/"
    },
    {
        "logtime": "2019/05/17 16:26:23",
        "logdata": "url"
    },
    {
        "logtime": "2019/05/17 16:26:23",
        "logdata": "http://www.fuannainc.top//ws/MobileInterface.ashx?action=GetMobileLoginNotice"
    },
    {
        "logtime": "2019/05/17 16:26:23",
        "logdata": ""
    },
    {
        "logtime": "2019/05/17 16:26:37",
        "logdata": "LogonScene.onceExcute"
    },
    {
        "logtime": "2019/05/17 16:26:37",
        "logdata": "http://www.fuannainc.top/"
    },
    {
        "logtime": "2019/05/17 16:26:37",
        "logdata": "url"
    },
    {
        "logtime": "2019/05/17 16:26:37",
        "logdata": "http://www.fuannainc.top//ws/MobileInterface.ashx?action=GetMobileLoginNotice"
    },
    {
        "logtime": "2019/05/17 16:26:37",
        "logdata": ""
    },
    {
        "logtime": "2019/05/17 16:26:40",
        "logdata": "url"
    },
    {
        "logtime": "2019/05/17 16:26:40",
        "logdata": "http://apis.juhe.cn/ip/ip2addr?ip=113.77.83.165&key=74bb0395667b8d0588df9ebd6fc36a12"
    },
    {
        "logtime": "2019/05/17 16:26:40",
        "logdata": ""
    },
    {
        "logtime": "2019/05/17 16:26:40",
        "logdata": "onLogonCallBack"
    },
    {
        "logtime": "2019/05/17 16:26:40",
        "logdata": "http://www.fuannainc.top/"
    },
    {
        "logtime": "2019/05/17 16:26:40",
        "logdata": "url"
    },
    {
        "logtime": "2019/05/17 16:26:40",
        "logdata": "http://www.fuannainc.top//WS/MobileInterface.ashx"
    },
    {
        "logtime": "2019/05/17 16:26:40",
        "logdata": "action=GetMobileShareConfig&userid=119885&time=1558081600&signature=3257A1237CD80E75C2460E7A81D3856F"
    },
    {
        "logtime": "2019/05/17 16:26:43",
        "logdata": "url"
    },
    {
        "logtime": "2019/05/17 16:26:43",
        "logdata": "http://www.fuannainc.top//WS/MobileInterface.ashx?action=GetMobileRollNotice"
    },
    {
        "logtime": "2019/05/17 16:26:43",
        "logdata": ""
    },
    {
        "logtime": "2019/05/17 16:26:46",
        "logdata": "url"
    },
    {
        "logtime": "2019/05/17 16:26:46",
        "logdata": "http://www.fuannainc.top//WS/Lottery.ashx"
    },
    {
        "logtime": "2019/05/17 16:26:46",
        "logdata": "action=LotteryConfig"
    },
    {
        "logtime": "2019/05/17 16:26:46",
        "logdata": "url"
    },
    {
        "logtime": "2019/05/17 16:26:46",
        "logdata": "http://www.fuannainc.top//WS/Lottery.ashx"
    },
    {
        "logtime": "2019/05/17 16:26:46",
        "logdata": "action=LotteryUserInfo&userid=119885&time=1558081606&signature=580783ECF0C35AD2F3D20F006430E9D0"
    }
]