[
    {
        "logtime": "2019/07/01 17:55:28",
        "logdata": "LogonScene.onceExcute"
    },
    {
        "logtime": "2019/07/01 17:55:28",
        "logdata": "http://www.fuannainc.top/"
    },
    {
        "logtime": "2019/07/01 17:55:28",
        "logdata": "url"
    },
    {
        "logtime": "2019/07/01 17:55:28",
        "logdata": "http://www.fuannainc.top//ws/MobileInterface.ashx?action=GetMobileLoginNotice"
    },
    {
        "logtime": "2019/07/01 17:55:28",
        "logdata": ""
    },
    {
        "logtime": "2019/07/01 17:55:30",
        "logdata": "url"
    },
    {
        "logtime": "2019/07/01 17:55:30",
        "logdata": "http://apis.juhe.cn/ip/ip2addr?ip=58.23.48.188&key=74bb0395667b8d0588df9ebd6fc36a12"
    },
    {
        "logtime": "2019/07/01 17:55:30",
        "logdata": ""
    },
    {
        "logtime": "2019/07/01 17:55:30",
        "logdata": "onLogonCallBack"
    },
    {
        "logtime": "2019/07/01 17:55:30",
        "logdata": "http://www.fuannainc.top/"
    },
    {
        "logtime": "2019/07/01 17:55:30",
        "logdata": "url"
    },
    {
        "logtime": "2019/07/01 17:55:30",
        "logdata": "http://www.fuannainc.top//WS/MobileInterface.ashx"
    },
    {
        "logtime": "2019/07/01 17:55:30",
        "logdata": "action=GetMobileShareConfig&userid=119947&time=1561974930&signature=0A36FDD631D0A8A481182ABE8B603347"
    },
    {
        "logtime": "2019/07/01 17:55:32",
        "logdata": "url"
    },
    {
        "logtime": "2019/07/01 17:55:32",
        "logdata": "http://www.fuannainc.top//WS/MobileInterface.ashx?action=GetMobileRollNotice"
    },
    {
        "logtime": "2019/07/01 17:55:32",
        "logdata": ""
    },
    {
        "logtime": "2019/07/01 17:55:37",
        "logdata": null
    },
    {
        "logtime": "2019/07/01 17:55:37",
        "logdata": "onEnterGame"
    },
    {
        "logtime": "2019/07/01 17:55:37",
        "logdata": {
            "_ServerResVersion": 10,
            "_Active": true,
            "_KindVersion": "101122049",
            "_KindType": 1,
            "_Module": "xiuxian/shuiguolaba/",
            "_KindID": "406",
            "_Type": "xiuxian",
            "_KindName": "xiuxian.shuiguolaba.",
            "_SortId": 0
        }
    },
    {
        "logtime": "2019/07/01 17:55:37",
        "logdata": "GlobalUserItem.getCurGameKind()"
    },
    {
        "logtime": "2019/07/01 17:55:37",
        "logdata": 406
    },
    {
        "logtime": "2019/07/01 17:55:38",
        "logdata": "url"
    },
    {
        "logtime": "2019/07/01 17:55:38",
        "logdata": "http://apis.juhe.cn/ip/ip2addr?ip=58.23.48.188&key=74bb0395667b8d0588df9ebd6fc36a12"
    },
    {
        "logtime": "2019/07/01 17:55:38",
        "logdata": ""
    },
    {
        "logtime": "2019/07/01 17:55:38",
        "logdata": "url"
    },
    {
        "logtime": "2019/07/01 17:55:38",
        "logdata": "http://apis.juhe.cn/ip/ip2addr?ip=58.23.48.188&key=74bb0395667b8d0588df9ebd6fc36a12"
    },
    {
        "logtime": "2019/07/01 17:55:38",
        "logdata": ""
    },
    {
        "logtime": "2019/07/01 17:55:38",
        "logdata": "url"
    },
    {
        "logtime": "2019/07/01 17:55:38",
        "logdata": "http://apis.juhe.cn/ip/ip2addr?ip=58.23.48.188&key=74bb0395667b8d0588df9ebd6fc36a12"
    },
    {
        "logtime": "2019/07/01 17:55:38",
        "logdata": ""
    },
    {
        "logtime": "2019/07/01 17:55:38",
        "logdata": "url"
    },
    {
        "logtime": "2019/07/01 17:55:38",
        "logdata": "http://apis.juhe.cn/ip/ip2addr?ip=58.23.48.188&key=74bb0395667b8d0588df9ebd6fc36a12"
    },
    {
        "logtime": "2019/07/01 17:55:38",
        "logdata": ""
    },
    {
        "logtime": "2019/07/01 17:55:38",
        "logdata": "url"
    },
    {
        "logtime": "2019/07/01 17:55:38",
        "logdata": "http://apis.juhe.cn/ip/ip2addr?ip=58.23.48.188&key=74bb0395667b8d0588df9ebd6fc36a12"
    },
    {
        "logtime": "2019/07/01 17:55:38",
        "logdata": ""
    },
    {
        "logtime": "2019/07/01 17:55:38",
        "logdata": "url"
    },
    {
        "logtime": "2019/07/01 17:55:38",
        "logdata": "http://apis.juhe.cn/ip/ip2addr?ip=58.23.48.188&key=74bb0395667b8d0588df9ebd6fc36a12"
    },
    {
        "logtime": "2019/07/01 17:55:38",
        "logdata": ""
    },
    {
        "logtime": "2019/07/01 17:55:38",
        "logdata": {
            "_ServerResVersion": 10,
            "_Active": true,
            "_KindVersion": "101122049",
            "_KindType": 1,
            "_Module": "xiuxian/shuiguolaba/",
            "_KindID": "406",
            "_Type": "xiuxian",
            "nSitChair": 65535,
            "_KindName": "xiuxian.shuiguolaba.",
            "nEnterRoomIndex": 1,
            "nSitTable": 65535,
            "_SortId": 0
        }
    },
    {
        "logtime": "2019/07/01 17:55:38",
        "logdata": "modulestr"
    },
    {
        "logtime": "2019/07/01 17:55:38",
        "logdata": "xiuxian/shuiguolaba/"
    }
]