[
    {
        "logtime": "2019/07/02 17:29:08",
        "logdata": "LogonScene.onceExcute"
    },
    {
        "logtime": "2019/07/02 17:29:08",
        "logdata": "http://www.fuannainc.top/"
    },
    {
        "logtime": "2019/07/02 17:29:08",
        "logdata": "url"
    },
    {
        "logtime": "2019/07/02 17:29:08",
        "logdata": "http://www.fuannainc.top//ws/MobileInterface.ashx?action=GetMobileLoginNotice"
    },
    {
        "logtime": "2019/07/02 17:29:08",
        "logdata": ""
    },
    {
        "logtime": "2019/07/02 17:29:10",
        "logdata": "url"
    },
    {
        "logtime": "2019/07/02 17:29:10",
        "logdata": "http://apis.juhe.cn/ip/ip2addr?ip=58.23.48.188&key=74bb0395667b8d0588df9ebd6fc36a12"
    },
    {
        "logtime": "2019/07/02 17:29:10",
        "logdata": ""
    },
    {
        "logtime": "2019/07/02 17:29:10",
        "logdata": "onLogonCallBack"
    },
    {
        "logtime": "2019/07/02 17:29:10",
        "logdata": "http://www.fuannainc.top/"
    },
    {
        "logtime": "2019/07/02 17:29:10",
        "logdata": "url"
    },
    {
        "logtime": "2019/07/02 17:29:10",
        "logdata": "http://www.fuannainc.top//WS/MobileInterface.ashx"
    },
    {
        "logtime": "2019/07/02 17:29:10",
        "logdata": "action=GetMobileShareConfig&userid=120187&time=1562059750&signature=7F52F8888715BF736D6AC57D1EB694E1"
    },
    {
        "logtime": "2019/07/02 17:29:11",
        "logdata": "url"
    },
    {
        "logtime": "2019/07/02 17:29:11",
        "logdata": "http://www.fuannainc.top//WS/MobileInterface.ashx?action=GetMobileRollNotice"
    },
    {
        "logtime": "2019/07/02 17:29:11",
        "logdata": ""
    },
    {
        "logtime": "2019/07/02 17:29:15",
        "logdata": null
    },
    {
        "logtime": "2019/07/02 17:29:15",
        "logdata": "onEnterGame"
    },
    {
        "logtime": "2019/07/02 17:29:15",
        "logdata": {
            "_ServerResVersion": 10,
            "_Active": true,
            "_KindVersion": "101122049",
            "_KindType": 1,
            "_Module": "xiuxian/shuiguolaba/",
            "_KindID": "406",
            "_Type": "xiuxian",
            "_KindName": "xiuxian.shuiguolaba.",
            "_SortId": 0
        }
    },
    {
        "logtime": "2019/07/02 17:29:15",
        "logdata": "GlobalUserItem.getCurGameKind()"
    },
    {
        "logtime": "2019/07/02 17:29:15",
        "logdata": 406
    },
    {
        "logtime": "2019/07/02 17:29:17",
        "logdata": "url"
    },
    {
        "logtime": "2019/07/02 17:29:17",
        "logdata": "http://apis.juhe.cn/ip/ip2addr?ip=58.23.48.188&key=74bb0395667b8d0588df9ebd6fc36a12"
    },
    {
        "logtime": "2019/07/02 17:29:17",
        "logdata": ""
    },
    {
        "logtime": "2019/07/02 17:29:17",
        "logdata": "url"
    },
    {
        "logtime": "2019/07/02 17:29:17",
        "logdata": "http://apis.juhe.cn/ip/ip2addr?ip=58.23.48.188&key=74bb0395667b8d0588df9ebd6fc36a12"
    },
    {
        "logtime": "2019/07/02 17:29:17",
        "logdata": ""
    },
    {
        "logtime": "2019/07/02 17:29:17",
        "logdata": {
            "_ServerResVersion": 10,
            "_Active": true,
            "_KindVersion": "101122049",
            "_KindType": 1,
            "_Module": "xiuxian/shuiguolaba/",
            "_KindID": "406",
            "_Type": "xiuxian",
            "nSitChair": 65535,
            "_KindName": "xiuxian.shuiguolaba.",
            "nEnterRoomIndex": 1,
            "nSitTable": 65535,
            "_SortId": 0
        }
    },
    {
        "logtime": "2019/07/02 17:29:17",
        "logdata": "modulestr"
    },
    {
        "logtime": "2019/07/02 17:29:17",
        "logdata": "xiuxian/shuiguolaba/"
    },
    {
        "logtime": "2019/07/02 17:29:38",
        "logdata": "LogonScene.onceExcute"
    },
    {
        "logtime": "2019/07/02 17:29:38",
        "logdata": "http://www.fuannainc.top/"
    },
    {
        "logtime": "2019/07/02 17:29:39",
        "logdata": "url"
    },
    {
        "logtime": "2019/07/02 17:29:39",
        "logdata": "http://www.fuannainc.top//ws/MobileInterface.ashx?action=GetMobileLoginNotice"
    },
    {
        "logtime": "2019/07/02 17:29:39",
        "logdata": ""
    },
    {
        "logtime": "2019/07/02 17:29:43",
        "logdata": "url"
    },
    {
        "logtime": "2019/07/02 17:29:43",
        "logdata": "http://apis.juhe.cn/ip/ip2addr?ip=58.23.48.188&key=74bb0395667b8d0588df9ebd6fc36a12"
    },
    {
        "logtime": "2019/07/02 17:29:43",
        "logdata": ""
    },
    {
        "logtime": "2019/07/02 17:29:43",
        "logdata": "onLogonCallBack"
    },
    {
        "logtime": "2019/07/02 17:29:43",
        "logdata": "http://www.fuannainc.top/"
    },
    {
        "logtime": "2019/07/02 17:29:43",
        "logdata": "url"
    },
    {
        "logtime": "2019/07/02 17:29:43",
        "logdata": "http://www.fuannainc.top//WS/MobileInterface.ashx"
    },
    {
        "logtime": "2019/07/02 17:29:43",
        "logdata": "action=GetMobileShareConfig&userid=120187&time=1562059783&signature=D79A421A8FA0423AC059DA0D429939C7"
    },
    {
        "logtime": "2019/07/02 17:29:45",
        "logdata": "url"
    },
    {
        "logtime": "2019/07/02 17:29:45",
        "logdata": "http://www.fuannainc.top//WS/MobileInterface.ashx?action=GetMobileRollNotice"
    },
    {
        "logtime": "2019/07/02 17:29:45",
        "logdata": ""
    },
    {
        "logtime": "2019/07/02 17:29:49",
        "logdata": null
    },
    {
        "logtime": "2019/07/02 17:29:49",
        "logdata": "onEnterGame"
    },
    {
        "logtime": "2019/07/02 17:29:49",
        "logdata": {
            "_ServerResVersion": 10,
            "_Active": true,
            "_KindVersion": "101122049",
            "_KindType": 1,
            "_Module": "xiuxian/shuiguolaba/",
            "_KindID": "406",
            "_Type": "xiuxian",
            "_KindName": "xiuxian.shuiguolaba.",
            "_SortId": 0
        }
    },
    {
        "logtime": "2019/07/02 17:29:49",
        "logdata": "GlobalUserItem.getCurGameKind()"
    },
    {
        "logtime": "2019/07/02 17:29:49",
        "logdata": 406
    },
    {
        "logtime": "2019/07/02 17:29:50",
        "logdata": "url"
    },
    {
        "logtime": "2019/07/02 17:29:50",
        "logdata": "http://apis.juhe.cn/ip/ip2addr?ip=58.23.48.188&key=74bb0395667b8d0588df9ebd6fc36a12"
    },
    {
        "logtime": "2019/07/02 17:29:50",
        "logdata": ""
    },
    {
        "logtime": "2019/07/02 17:29:50",
        "logdata": "url"
    },
    {
        "logtime": "2019/07/02 17:29:50",
        "logdata": "http://apis.juhe.cn/ip/ip2addr?ip=58.23.48.188&key=74bb0395667b8d0588df9ebd6fc36a12"
    },
    {
        "logtime": "2019/07/02 17:29:50",
        "logdata": ""
    },
    {
        "logtime": "2019/07/02 17:29:50",
        "logdata": {
            "_ServerResVersion": 10,
            "_Active": true,
            "_KindVersion": "101122049",
            "_KindType": 1,
            "_Module": "xiuxian/shuiguolaba/",
            "_KindID": "406",
            "_Type": "xiuxian",
            "nSitChair": 65535,
            "_KindName": "xiuxian.shuiguolaba.",
            "nEnterRoomIndex": 1,
            "nSitTable": 65535,
            "_SortId": 0
        }
    },
    {
        "logtime": "2019/07/02 17:29:50",
        "logdata": "modulestr"
    },
    {
        "logtime": "2019/07/02 17:29:50",
        "logdata": "xiuxian/shuiguolaba/"
    }
]