[
    {
        "logtime": "2019/08/01 11:44:40",
        "logdata": "LogonScene.onceExcute"
    },
    {
        "logtime": "2019/08/01 11:44:40",
        "logdata": "http://www.fuannabbs.top/"
    },
    {
        "logtime": "2019/08/01 11:44:40",
        "logdata": "url"
    },
    {
        "logtime": "2019/08/01 11:44:40",
        "logdata": "http://www.fuannabbs.top//ws/MobileInterface.ashx?action=GetMobileLoginNotice"
    },
    {
        "logtime": "2019/08/01 11:44:40",
        "logdata": ""
    },
    {
        "logtime": "2019/08/01 11:44:42",
        "logdata": "onLogonCallBack"
    },
    {
        "logtime": "2019/08/01 11:44:42",
        "logdata": "http://www.fuannabbs.top/"
    },
    {
        "logtime": "2019/08/01 11:44:42",
        "logdata": "url"
    },
    {
        "logtime": "2019/08/01 11:44:42",
        "logdata": "http://www.fuannabbs.top//WS/MobileInterface.ashx"
    },
    {
        "logtime": "2019/08/01 11:44:42",
        "logdata": "action=GetMobileShareConfig&userid=119752&time=1564631082&signature=B13907E1FA17C2C04F31F98B3E0D1B7A"
    },
    {
        "logtime": "2019/08/01 11:44:51",
        "logdata": "onLogonCallBack"
    },
    {
        "logtime": "2019/08/01 11:44:51",
        "logdata": "http://www.fuannabbs.top/"
    },
    {
        "logtime": "2019/08/01 11:44:51",
        "logdata": "url"
    },
    {
        "logtime": "2019/08/01 11:44:51",
        "logdata": "http://www.fuannabbs.top//WS/MobileInterface.ashx"
    },
    {
        "logtime": "2019/08/01 11:44:51",
        "logdata": "action=GetMobileShareConfig&userid=119943&time=1564631091&signature=F28B4EEAD3660C2D9A459241BEE77895"
    },
    {
        "logtime": "2019/08/01 11:44:56",
        "logdata": "onLogonCallBack"
    },
    {
        "logtime": "2019/08/01 11:44:56",
        "logdata": "http://www.fuannabbs.top/"
    },
    {
        "logtime": "2019/08/01 11:44:56",
        "logdata": "url"
    },
    {
        "logtime": "2019/08/01 11:44:56",
        "logdata": "http://www.fuannabbs.top//WS/MobileInterface.ashx"
    },
    {
        "logtime": "2019/08/01 11:44:56",
        "logdata": "action=GetMobileShareConfig&userid=119917&time=1564631096&signature=2E2BAB74449E9307E3CA8B4C40CF254B"
    },
    {
        "logtime": "2019/08/01 11:44:59",
        "logdata": "url"
    },
    {
        "logtime": "2019/08/01 11:44:59",
        "logdata": "http://www.fuannabbs.top//WS/MobileInterface.ashx?action=GetMobileRollNotice"
    },
    {
        "logtime": "2019/08/01 11:44:59",
        "logdata": ""
    }
]