[
    {
        "logtime": "2019/05/17 11:12:03",
        "logdata": "normal_to_agent_up"
    },
    {
        "logtime": "2019/05/17 11:12:33",
        "logdata": "LogonScene.onceExcute"
    },
    {
        "logtime": "2019/05/17 11:12:33",
        "logdata": "http://www.fuannainc.top/"
    },
    {
        "logtime": "2019/05/17 11:12:34",
        "logdata": "url"
    },
    {
        "logtime": "2019/05/17 11:12:34",
        "logdata": "http://www.fuannainc.top//ws/MobileInterface.ashx?action=GetMobileLoginNotice"
    },
    {
        "logtime": "2019/05/17 11:12:34",
        "logdata": ""
    },
    {
        "logtime": "2019/05/17 11:12:35",
        "logdata": "url"
    },
    {
        "logtime": "2019/05/17 11:12:35",
        "logdata": "http://apis.juhe.cn/ip/ip2addr?ip=113.77.83.165&key=74bb0395667b8d0588df9ebd6fc36a12"
    },
    {
        "logtime": "2019/05/17 11:12:35",
        "logdata": ""
    },
    {
        "logtime": "2019/05/17 11:12:35",
        "logdata": "onLogonCallBack"
    },
    {
        "logtime": "2019/05/17 11:12:35",
        "logdata": "http://www.fuannainc.top/"
    },
    {
        "logtime": "2019/05/17 11:12:35",
        "logdata": "url"
    },
    {
        "logtime": "2019/05/17 11:12:35",
        "logdata": "http://www.fuannainc.top//WS/MobileInterface.ashx"
    },
    {
        "logtime": "2019/05/17 11:12:35",
        "logdata": "action=GetMobileShareConfig&userid=119922&time=1558062755&signature=0EB0D0A8C8E91399FA262DABD8B9D61B"
    },
    {
        "logtime": "2019/05/17 11:12:38",
        "logdata": "url"
    },
    {
        "logtime": "2019/05/17 11:12:38",
        "logdata": "http://www.fuannainc.top//WS/MobileInterface.ashx?action=GetMobileRollNotice"
    },
    {
        "logtime": "2019/05/17 11:12:38",
        "logdata": ""
    },
    {
        "logtime": "2019/05/17 11:12:41",
        "logdata": "url"
    },
    {
        "logtime": "2019/05/17 11:12:41",
        "logdata": "http://www.fuannainc.top//ws/MobileInterface.ashx"
    },
    {
        "logtime": "2019/05/17 11:12:41",
        "logdata": "action=getpaylist"
    },
    {
        "logtime": "2019/05/17 11:12:41",
        "logdata": "url"
    },
    {
        "logtime": "2019/05/17 11:12:41",
        "logdata": "http://www.fuannainc.top//WS/MobileInterface.ashx"
    },
    {
        "logtime": "2019/05/17 11:12:41",
        "logdata": "action=getagentpay"
    }
]