[
    {
        "logtime": "2019/07/02 11:45:00",
        "logdata": null
    },
    {
        "logtime": "2019/07/02 11:45:00",
        "logdata": "onEnterGame"
    },
    {
        "logtime": "2019/07/02 11:45:00",
        "logdata": {
            "_ServerResVersion": 10,
            "_Active": true,
            "_KindVersion": "101122049",
            "_KindType": 1,
            "_Module": "xiuxian/shuiguolaba/",
            "_KindID": "406",
            "_Type": "xiuxian",
            "_KindName": "xiuxian.shuiguolaba.",
            "nEnterRoomIndex": 1,
            "_SortId": 0
        }
    },
    {
        "logtime": "2019/07/02 11:45:00",
        "logdata": "GlobalUserItem.getCurGameKind()"
    },
    {
        "logtime": "2019/07/02 11:45:00",
        "logdata": 406
    },
    {
        "logtime": "2019/07/02 11:45:02",
        "logdata": "url"
    },
    {
        "logtime": "2019/07/02 11:45:02",
        "logdata": "http://apis.juhe.cn/ip/ip2addr?ip=58.23.48.188&key=74bb0395667b8d0588df9ebd6fc36a12"
    },
    {
        "logtime": "2019/07/02 11:45:02",
        "logdata": ""
    },
    {
        "logtime": "2019/07/02 11:45:02",
        "logdata": {
            "_ServerResVersion": 10,
            "_Active": true,
            "_KindVersion": "101122049",
            "_KindType": 1,
            "_Module": "xiuxian/shuiguolaba/",
            "_KindID": "406",
            "_Type": "xiuxian",
            "nSitChair": 65535,
            "_KindName": "xiuxian.shuiguolaba.",
            "nEnterRoomIndex": 1,
            "nSitTable": 65535,
            "_SortId": 0
        }
    },
    {
        "logtime": "2019/07/02 11:45:02",
        "logdata": "modulestr"
    },
    {
        "logtime": "2019/07/02 11:45:02",
        "logdata": "xiuxian/shuiguolaba/"
    },
    {
        "logtime": "2019/07/02 11:45:56",
        "logdata": "LogonScene.onceExcute"
    },
    {
        "logtime": "2019/07/02 11:45:56",
        "logdata": "http://www.fuannainc.top/"
    },
    {
        "logtime": "2019/07/02 11:45:56",
        "logdata": "url"
    },
    {
        "logtime": "2019/07/02 11:45:56",
        "logdata": "http://www.fuannainc.top//ws/MobileInterface.ashx?action=GetMobileLoginNotice"
    },
    {
        "logtime": "2019/07/02 11:45:56",
        "logdata": ""
    },
    {
        "logtime": "2019/07/02 11:45:58",
        "logdata": "url"
    },
    {
        "logtime": "2019/07/02 11:45:58",
        "logdata": "http://apis.juhe.cn/ip/ip2addr?ip=58.23.48.188&key=74bb0395667b8d0588df9ebd6fc36a12"
    },
    {
        "logtime": "2019/07/02 11:45:58",
        "logdata": ""
    },
    {
        "logtime": "2019/07/02 11:45:58",
        "logdata": "onLogonCallBack"
    },
    {
        "logtime": "2019/07/02 11:45:58",
        "logdata": "http://www.fuannainc.top/"
    },
    {
        "logtime": "2019/07/02 11:45:58",
        "logdata": "url"
    },
    {
        "logtime": "2019/07/02 11:45:58",
        "logdata": "http://www.fuannainc.top//WS/MobileInterface.ashx"
    },
    {
        "logtime": "2019/07/02 11:45:58",
        "logdata": "action=GetMobileShareConfig&userid=119947&time=1562039158&signature=2000A7997A43E3B33B5717434DB0C2F6"
    }
]