[
    {
        "logtime": "2019/05/16 17:23:30",
        "logdata": "LogonScene.onceExcute"
    },
    {
        "logtime": "2019/05/16 17:23:30",
        "logdata": "http://www.fuannabbs.top/"
    },
    {
        "logtime": "2019/05/16 17:23:30",
        "logdata": "url"
    },
    {
        "logtime": "2019/05/16 17:23:30",
        "logdata": "http://www.fuannabbs.top//ws/MobileInterface.ashx?action=GetMobileLoginNotice"
    },
    {
        "logtime": "2019/05/16 17:23:30",
        "logdata": ""
    },
    {
        "logtime": "2019/05/16 17:23:42",
        "logdata": "url"
    },
    {
        "logtime": "2019/05/16 17:23:42",
        "logdata": "http://apis.juhe.cn/ip/ip2addr?ip=183.53.107.65&key=74bb0395667b8d0588df9ebd6fc36a12"
    },
    {
        "logtime": "2019/05/16 17:23:42",
        "logdata": ""
    },
    {
        "logtime": "2019/05/16 17:23:42",
        "logdata": "onLogonCallBack"
    },
    {
        "logtime": "2019/05/16 17:23:42",
        "logdata": "http://www.fuannabbs.top/"
    },
    {
        "logtime": "2019/05/16 17:23:42",
        "logdata": "url"
    },
    {
        "logtime": "2019/05/16 17:23:42",
        "logdata": "http://www.fuannabbs.top//WS/MobileInterface.ashx"
    },
    {
        "logtime": "2019/05/16 17:23:42",
        "logdata": "action=GetMobileShareConfig&userid=120780&time=1557998622&signature=DCFF78076F469DC6F67C89BDA087336A"
    },
    {
        "logtime": "2019/05/16 17:23:46",
        "logdata": "url"
    },
    {
        "logtime": "2019/05/16 17:23:46",
        "logdata": "http://apis.juhe.cn/ip/ip2addr?ip=183.53.107.65&key=74bb0395667b8d0588df9ebd6fc36a12"
    },
    {
        "logtime": "2019/05/16 17:23:46",
        "logdata": ""
    },
    {
        "logtime": "2019/05/16 17:23:47",
        "logdata": "onLogonCallBack"
    },
    {
        "logtime": "2019/05/16 17:23:47",
        "logdata": "http://www.fuannabbs.top/"
    },
    {
        "logtime": "2019/05/16 17:23:47",
        "logdata": "url"
    },
    {
        "logtime": "2019/05/16 17:23:47",
        "logdata": "http://www.fuannabbs.top//WS/MobileInterface.ashx"
    },
    {
        "logtime": "2019/05/16 17:23:47",
        "logdata": "action=GetMobileShareConfig&userid=120804&time=1557998627&signature=5B12AF2D78CDFC912C998128F9A070D8"
    },
    {
        "logtime": "2019/05/16 17:23:54",
        "logdata": "url"
    },
    {
        "logtime": "2019/05/16 17:23:54",
        "logdata": "http://www.fuannabbs.top//WS/MobileInterface.ashx?action=GetMobileRollNotice"
    },
    {
        "logtime": "2019/05/16 17:23:54",
        "logdata": ""
    },
    {
        "logtime": "2019/05/16 17:23:55",
        "logdata": "url"
    },
    {
        "logtime": "2019/05/16 17:23:55",
        "logdata": "http://apis.juhe.cn/ip/ip2addr?ip=183.53.107.65&key=74bb0395667b8d0588df9ebd6fc36a12"
    },
    {
        "logtime": "2019/05/16 17:23:55",
        "logdata": ""
    },
    {
        "logtime": "2019/05/16 17:23:55",
        "logdata": "onLogonCallBack"
    },
    {
        "logtime": "2019/05/16 17:23:55",
        "logdata": "http://www.fuannabbs.top/"
    },
    {
        "logtime": "2019/05/16 17:23:55",
        "logdata": "url"
    },
    {
        "logtime": "2019/05/16 17:23:55",
        "logdata": "http://www.fuannabbs.top//WS/MobileInterface.ashx"
    },
    {
        "logtime": "2019/05/16 17:23:55",
        "logdata": "action=GetMobileShareConfig&userid=120778&time=1557998635&signature=B7DAEC56479E68288D82CFEAEAAFC13A"
    },
    {
        "logtime": "2019/05/16 17:23:57",
        "logdata": "url"
    },
    {
        "logtime": "2019/05/16 17:23:57",
        "logdata": "http://www.fuannabbs.top//WS/MobileInterface.ashx?action=GetMobileRollNotice"
    },
    {
        "logtime": "2019/05/16 17:23:57",
        "logdata": ""
    }
]