[
    {
        "logtime": "2019/07/03 12:15:01",
        "logdata": "LogonScene.onceExcute"
    },
    {
        "logtime": "2019/07/03 12:15:01",
        "logdata": "http://www.fuannainc.top/"
    },
    {
        "logtime": "2019/07/03 12:15:01",
        "logdata": "url"
    },
    {
        "logtime": "2019/07/03 12:15:01",
        "logdata": "http://www.fuannainc.top//ws/MobileInterface.ashx?action=GetMobileLoginNotice"
    },
    {
        "logtime": "2019/07/03 12:15:01",
        "logdata": ""
    },
    {
        "logtime": "2019/07/03 12:15:03",
        "logdata": "url"
    },
    {
        "logtime": "2019/07/03 12:15:03",
        "logdata": "http://apis.juhe.cn/ip/ip2addr?ip=58.23.48.188&key=74bb0395667b8d0588df9ebd6fc36a12"
    },
    {
        "logtime": "2019/07/03 12:15:03",
        "logdata": ""
    },
    {
        "logtime": "2019/07/03 12:15:04",
        "logdata": "onLogonCallBack"
    },
    {
        "logtime": "2019/07/03 12:15:04",
        "logdata": "http://www.fuannainc.top/"
    },
    {
        "logtime": "2019/07/03 12:15:04",
        "logdata": "url"
    },
    {
        "logtime": "2019/07/03 12:15:04",
        "logdata": "http://www.fuannainc.top//WS/MobileInterface.ashx"
    },
    {
        "logtime": "2019/07/03 12:15:04",
        "logdata": "action=GetMobileShareConfig&userid=120187&time=1562127304&signature=EEAB1C341BCCEF47A27D5EFABFE47CE4"
    },
    {
        "logtime": "2019/07/03 12:15:05",
        "logdata": "url"
    },
    {
        "logtime": "2019/07/03 12:15:05",
        "logdata": "http://www.fuannainc.top//WS/MobileInterface.ashx?action=GetMobileRollNotice"
    },
    {
        "logtime": "2019/07/03 12:15:05",
        "logdata": ""
    },
    {
        "logtime": "2019/07/03 12:15:09",
        "logdata": null
    },
    {
        "logtime": "2019/07/03 12:15:09",
        "logdata": "onEnterGame"
    },
    {
        "logtime": "2019/07/03 12:15:09",
        "logdata": {
            "_ServerResVersion": 10,
            "_Active": true,
            "_KindVersion": "101122049",
            "_KindType": 1,
            "_Module": "xiuxian/shuiguolaba/",
            "_KindID": "406",
            "_Type": "xiuxian",
            "_KindName": "xiuxian.shuiguolaba.",
            "_SortId": 0
        }
    },
    {
        "logtime": "2019/07/03 12:15:09",
        "logdata": "GlobalUserItem.getCurGameKind()"
    },
    {
        "logtime": "2019/07/03 12:15:09",
        "logdata": 406
    },
    {
        "logtime": "2019/07/03 12:15:10",
        "logdata": "url"
    },
    {
        "logtime": "2019/07/03 12:15:10",
        "logdata": "http://apis.juhe.cn/ip/ip2addr?ip=58.23.48.188&key=74bb0395667b8d0588df9ebd6fc36a12"
    },
    {
        "logtime": "2019/07/03 12:15:10",
        "logdata": ""
    },
    {
        "logtime": "2019/07/03 12:15:10",
        "logdata": "url"
    },
    {
        "logtime": "2019/07/03 12:15:10",
        "logdata": "http://apis.juhe.cn/ip/ip2addr?ip=58.23.48.188&key=74bb0395667b8d0588df9ebd6fc36a12"
    },
    {
        "logtime": "2019/07/03 12:15:10",
        "logdata": ""
    },
    {
        "logtime": "2019/07/03 12:15:10",
        "logdata": "url"
    },
    {
        "logtime": "2019/07/03 12:15:10",
        "logdata": "http://apis.juhe.cn/ip/ip2addr?ip=58.23.48.188&key=74bb0395667b8d0588df9ebd6fc36a12"
    },
    {
        "logtime": "2019/07/03 12:15:10",
        "logdata": ""
    },
    {
        "logtime": "2019/07/03 12:15:10",
        "logdata": "url"
    },
    {
        "logtime": "2019/07/03 12:15:10",
        "logdata": "http://apis.juhe.cn/ip/ip2addr?ip=58.23.48.188&key=74bb0395667b8d0588df9ebd6fc36a12"
    },
    {
        "logtime": "2019/07/03 12:15:10",
        "logdata": ""
    },
    {
        "logtime": "2019/07/03 12:15:10",
        "logdata": {
            "_ServerResVersion": 10,
            "_Active": true,
            "_KindVersion": "101122049",
            "_KindType": 1,
            "_Module": "xiuxian/shuiguolaba/",
            "_KindID": "406",
            "_Type": "xiuxian",
            "nSitChair": 65535,
            "_KindName": "xiuxian.shuiguolaba.",
            "nEnterRoomIndex": 1,
            "nSitTable": 65535,
            "_SortId": 0
        }
    },
    {
        "logtime": "2019/07/03 12:15:10",
        "logdata": "modulestr"
    },
    {
        "logtime": "2019/07/03 12:15:10",
        "logdata": "xiuxian/shuiguolaba/"
    },
    {
        "logtime": "2019/07/03 12:15:13",
        "logdata": "url"
    },
    {
        "logtime": "2019/07/03 12:15:13",
        "logdata": "http://apis.juhe.cn/ip/ip2addr?ip=58.23.48.188&key=74bb0395667b8d0588df9ebd6fc36a12"
    },
    {
        "logtime": "2019/07/03 12:15:13",
        "logdata": ""
    },
    {
        "logtime": "2019/07/03 12:15:13",
        "logdata": "url"
    },
    {
        "logtime": "2019/07/03 12:15:13",
        "logdata": "http://apis.juhe.cn/ip/ip2addr?ip=58.23.48.188&key=74bb0395667b8d0588df9ebd6fc36a12"
    },
    {
        "logtime": "2019/07/03 12:15:13",
        "logdata": ""
    },
    {
        "logtime": "2019/07/03 12:15:13",
        "logdata": "url"
    },
    {
        "logtime": "2019/07/03 12:15:13",
        "logdata": "http://apis.juhe.cn/ip/ip2addr?ip=58.23.48.188&key=74bb0395667b8d0588df9ebd6fc36a12"
    },
    {
        "logtime": "2019/07/03 12:15:13",
        "logdata": ""
    },
    {
        "logtime": "2019/07/03 12:15:13",
        "logdata": "url"
    },
    {
        "logtime": "2019/07/03 12:15:13",
        "logdata": "http://apis.juhe.cn/ip/ip2addr?ip=58.23.48.188&key=74bb0395667b8d0588df9ebd6fc36a12"
    },
    {
        "logtime": "2019/07/03 12:15:13",
        "logdata": ""
    },
    {
        "logtime": "2019/07/03 12:15:14",
        "logdata": "url"
    },
    {
        "logtime": "2019/07/03 12:15:14",
        "logdata": "http://apis.juhe.cn/ip/ip2addr?ip=58.23.48.188&key=74bb0395667b8d0588df9ebd6fc36a12"
    },
    {
        "logtime": "2019/07/03 12:15:14",
        "logdata": ""
    },
    {
        "logtime": "2019/07/03 12:15:14",
        "logdata": "url"
    },
    {
        "logtime": "2019/07/03 12:15:14",
        "logdata": "http://apis.juhe.cn/ip/ip2addr?ip=58.23.48.188&key=74bb0395667b8d0588df9ebd6fc36a12"
    },
    {
        "logtime": "2019/07/03 12:15:14",
        "logdata": ""
    },
    {
        "logtime": "2019/07/03 12:15:14",
        "logdata": "url"
    },
    {
        "logtime": "2019/07/03 12:15:14",
        "logdata": "http://apis.juhe.cn/ip/ip2addr?ip=58.23.48.188&key=74bb0395667b8d0588df9ebd6fc36a12"
    },
    {
        "logtime": "2019/07/03 12:15:14",
        "logdata": ""
    },
    {
        "logtime": "2019/07/03 12:15:14",
        "logdata": "url"
    },
    {
        "logtime": "2019/07/03 12:15:14",
        "logdata": "http://apis.juhe.cn/ip/ip2addr?ip=58.23.48.188&key=74bb0395667b8d0588df9ebd6fc36a12"
    },
    {
        "logtime": "2019/07/03 12:15:14",
        "logdata": ""
    },
    {
        "logtime": "2019/07/03 12:15:17",
        "logdata": "url"
    },
    {
        "logtime": "2019/07/03 12:15:17",
        "logdata": "http://apis.juhe.cn/ip/ip2addr?ip=58.23.48.188&key=74bb0395667b8d0588df9ebd6fc36a12"
    },
    {
        "logtime": "2019/07/03 12:15:17",
        "logdata": ""
    },
    {
        "logtime": "2019/07/03 12:15:17",
        "logdata": "url"
    },
    {
        "logtime": "2019/07/03 12:15:17",
        "logdata": "http://apis.juhe.cn/ip/ip2addr?ip=58.23.48.188&key=74bb0395667b8d0588df9ebd6fc36a12"
    },
    {
        "logtime": "2019/07/03 12:15:17",
        "logdata": ""
    },
    {
        "logtime": "2019/07/03 12:15:17",
        "logdata": "url"
    },
    {
        "logtime": "2019/07/03 12:15:17",
        "logdata": "http://apis.juhe.cn/ip/ip2addr?ip=58.23.48.188&key=74bb0395667b8d0588df9ebd6fc36a12"
    },
    {
        "logtime": "2019/07/03 12:15:17",
        "logdata": ""
    },
    {
        "logtime": "2019/07/03 12:15:17",
        "logdata": "url"
    },
    {
        "logtime": "2019/07/03 12:15:17",
        "logdata": "http://apis.juhe.cn/ip/ip2addr?ip=58.23.48.188&key=74bb0395667b8d0588df9ebd6fc36a12"
    },
    {
        "logtime": "2019/07/03 12:15:17",
        "logdata": ""
    },
    {
        "logtime": "2019/07/03 12:15:18",
        "logdata": "url"
    },
    {
        "logtime": "2019/07/03 12:15:18",
        "logdata": "http://apis.juhe.cn/ip/ip2addr?ip=58.23.48.188&key=74bb0395667b8d0588df9ebd6fc36a12"
    },
    {
        "logtime": "2019/07/03 12:15:18",
        "logdata": ""
    },
    {
        "logtime": "2019/07/03 12:15:18",
        "logdata": "url"
    },
    {
        "logtime": "2019/07/03 12:15:18",
        "logdata": "http://apis.juhe.cn/ip/ip2addr?ip=58.23.48.188&key=74bb0395667b8d0588df9ebd6fc36a12"
    },
    {
        "logtime": "2019/07/03 12:15:18",
        "logdata": ""
    },
    {
        "logtime": "2019/07/03 12:15:18",
        "logdata": "url"
    },
    {
        "logtime": "2019/07/03 12:15:18",
        "logdata": "http://apis.juhe.cn/ip/ip2addr?ip=58.23.48.188&key=74bb0395667b8d0588df9ebd6fc36a12"
    },
    {
        "logtime": "2019/07/03 12:15:18",
        "logdata": ""
    },
    {
        "logtime": "2019/07/03 12:15:18",
        "logdata": "url"
    },
    {
        "logtime": "2019/07/03 12:15:18",
        "logdata": "http://apis.juhe.cn/ip/ip2addr?ip=58.23.48.188&key=74bb0395667b8d0588df9ebd6fc36a12"
    },
    {
        "logtime": "2019/07/03 12:15:18",
        "logdata": ""
    },
    {
        "logtime": "2019/07/03 12:15:19",
        "logdata": "url"
    },
    {
        "logtime": "2019/07/03 12:15:19",
        "logdata": "http://apis.juhe.cn/ip/ip2addr?ip=58.23.48.188&key=74bb0395667b8d0588df9ebd6fc36a12"
    },
    {
        "logtime": "2019/07/03 12:15:19",
        "logdata": ""
    },
    {
        "logtime": "2019/07/03 12:15:19",
        "logdata": "url"
    },
    {
        "logtime": "2019/07/03 12:15:19",
        "logdata": "http://apis.juhe.cn/ip/ip2addr?ip=58.23.48.188&key=74bb0395667b8d0588df9ebd6fc36a12"
    },
    {
        "logtime": "2019/07/03 12:15:19",
        "logdata": ""
    },
    {
        "logtime": "2019/07/03 12:15:19",
        "logdata": "url"
    },
    {
        "logtime": "2019/07/03 12:15:19",
        "logdata": "http://apis.juhe.cn/ip/ip2addr?ip=58.23.48.188&key=74bb0395667b8d0588df9ebd6fc36a12"
    },
    {
        "logtime": "2019/07/03 12:15:19",
        "logdata": ""
    },
    {
        "logtime": "2019/07/03 12:15:19",
        "logdata": "url"
    },
    {
        "logtime": "2019/07/03 12:15:19",
        "logdata": "http://apis.juhe.cn/ip/ip2addr?ip=58.23.48.188&key=74bb0395667b8d0588df9ebd6fc36a12"
    },
    {
        "logtime": "2019/07/03 12:15:19",
        "logdata": ""
    },
    {
        "logtime": "2019/07/03 12:15:19",
        "logdata": "url"
    },
    {
        "logtime": "2019/07/03 12:15:19",
        "logdata": "http://apis.juhe.cn/ip/ip2addr?ip=58.23.48.188&key=74bb0395667b8d0588df9ebd6fc36a12"
    },
    {
        "logtime": "2019/07/03 12:15:19",
        "logdata": ""
    },
    {
        "logtime": "2019/07/03 12:15:19",
        "logdata": "url"
    },
    {
        "logtime": "2019/07/03 12:15:19",
        "logdata": "http://apis.juhe.cn/ip/ip2addr?ip=58.23.48.188&key=74bb0395667b8d0588df9ebd6fc36a12"
    },
    {
        "logtime": "2019/07/03 12:15:19",
        "logdata": ""
    },
    {
        "logtime": "2019/07/03 12:15:19",
        "logdata": "url"
    },
    {
        "logtime": "2019/07/03 12:15:19",
        "logdata": "http://apis.juhe.cn/ip/ip2addr?ip=58.23.48.188&key=74bb0395667b8d0588df9ebd6fc36a12"
    },
    {
        "logtime": "2019/07/03 12:15:19",
        "logdata": ""
    },
    {
        "logtime": "2019/07/03 12:15:19",
        "logdata": "url"
    },
    {
        "logtime": "2019/07/03 12:15:19",
        "logdata": "http://apis.juhe.cn/ip/ip2addr?ip=58.23.48.188&key=74bb0395667b8d0588df9ebd6fc36a12"
    },
    {
        "logtime": "2019/07/03 12:15:19",
        "logdata": ""
    },
    {
        "logtime": "2019/07/03 12:15:19",
        "logdata": "url"
    },
    {
        "logtime": "2019/07/03 12:15:19",
        "logdata": "http://apis.juhe.cn/ip/ip2addr?ip=58.23.48.188&key=74bb0395667b8d0588df9ebd6fc36a12"
    },
    {
        "logtime": "2019/07/03 12:15:19",
        "logdata": ""
    },
    {
        "logtime": "2019/07/03 12:15:19",
        "logdata": "url"
    },
    {
        "logtime": "2019/07/03 12:15:19",
        "logdata": "http://apis.juhe.cn/ip/ip2addr?ip=58.23.48.188&key=74bb0395667b8d0588df9ebd6fc36a12"
    },
    {
        "logtime": "2019/07/03 12:15:19",
        "logdata": ""
    },
    {
        "logtime": "2019/07/03 12:15:19",
        "logdata": "url"
    },
    {
        "logtime": "2019/07/03 12:15:19",
        "logdata": "http://apis.juhe.cn/ip/ip2addr?ip=58.23.48.188&key=74bb0395667b8d0588df9ebd6fc36a12"
    },
    {
        "logtime": "2019/07/03 12:15:19",
        "logdata": ""
    },
    {
        "logtime": "2019/07/03 12:15:19",
        "logdata": "url"
    },
    {
        "logtime": "2019/07/03 12:15:19",
        "logdata": "http://apis.juhe.cn/ip/ip2addr?ip=58.23.48.188&key=74bb0395667b8d0588df9ebd6fc36a12"
    },
    {
        "logtime": "2019/07/03 12:15:19",
        "logdata": ""
    },
    {
        "logtime": "2019/07/03 12:15:23",
        "logdata": "url"
    },
    {
        "logtime": "2019/07/03 12:15:23",
        "logdata": "http://apis.juhe.cn/ip/ip2addr?ip=58.23.48.188&key=74bb0395667b8d0588df9ebd6fc36a12"
    },
    {
        "logtime": "2019/07/03 12:15:23",
        "logdata": ""
    },
    {
        "logtime": "2019/07/03 12:15:23",
        "logdata": "url"
    },
    {
        "logtime": "2019/07/03 12:15:23",
        "logdata": "http://apis.juhe.cn/ip/ip2addr?ip=58.23.48.188&key=74bb0395667b8d0588df9ebd6fc36a12"
    },
    {
        "logtime": "2019/07/03 12:15:23",
        "logdata": ""
    },
    {
        "logtime": "2019/07/03 12:15:23",
        "logdata": "url"
    },
    {
        "logtime": "2019/07/03 12:15:23",
        "logdata": "http://apis.juhe.cn/ip/ip2addr?ip=58.23.48.188&key=74bb0395667b8d0588df9ebd6fc36a12"
    },
    {
        "logtime": "2019/07/03 12:15:23",
        "logdata": ""
    },
    {
        "logtime": "2019/07/03 12:15:23",
        "logdata": "url"
    },
    {
        "logtime": "2019/07/03 12:15:23",
        "logdata": "http://apis.juhe.cn/ip/ip2addr?ip=58.23.48.188&key=74bb0395667b8d0588df9ebd6fc36a12"
    },
    {
        "logtime": "2019/07/03 12:15:23",
        "logdata": ""
    },
    {
        "logtime": "2019/07/03 12:15:24",
        "logdata": "url"
    },
    {
        "logtime": "2019/07/03 12:15:24",
        "logdata": "http://apis.juhe.cn/ip/ip2addr?ip=58.23.48.188&key=74bb0395667b8d0588df9ebd6fc36a12"
    },
    {
        "logtime": "2019/07/03 12:15:24",
        "logdata": ""
    },
    {
        "logtime": "2019/07/03 12:15:24",
        "logdata": "url"
    },
    {
        "logtime": "2019/07/03 12:15:24",
        "logdata": "http://apis.juhe.cn/ip/ip2addr?ip=58.23.48.188&key=74bb0395667b8d0588df9ebd6fc36a12"
    },
    {
        "logtime": "2019/07/03 12:15:24",
        "logdata": ""
    },
    {
        "logtime": "2019/07/03 12:15:24",
        "logdata": "url"
    },
    {
        "logtime": "2019/07/03 12:15:24",
        "logdata": "http://apis.juhe.cn/ip/ip2addr?ip=58.23.48.188&key=74bb0395667b8d0588df9ebd6fc36a12"
    },
    {
        "logtime": "2019/07/03 12:15:24",
        "logdata": ""
    },
    {
        "logtime": "2019/07/03 12:15:24",
        "logdata": "url"
    },
    {
        "logtime": "2019/07/03 12:15:24",
        "logdata": "http://apis.juhe.cn/ip/ip2addr?ip=58.23.48.188&key=74bb0395667b8d0588df9ebd6fc36a12"
    },
    {
        "logtime": "2019/07/03 12:15:24",
        "logdata": ""
    },
    {
        "logtime": "2019/07/03 12:15:26",
        "logdata": "url"
    },
    {
        "logtime": "2019/07/03 12:15:26",
        "logdata": "http://apis.juhe.cn/ip/ip2addr?ip=58.23.48.188&key=74bb0395667b8d0588df9ebd6fc36a12"
    },
    {
        "logtime": "2019/07/03 12:15:26",
        "logdata": ""
    },
    {
        "logtime": "2019/07/03 12:15:26",
        "logdata": "url"
    },
    {
        "logtime": "2019/07/03 12:15:26",
        "logdata": "http://apis.juhe.cn/ip/ip2addr?ip=58.23.48.188&key=74bb0395667b8d0588df9ebd6fc36a12"
    },
    {
        "logtime": "2019/07/03 12:15:26",
        "logdata": ""
    },
    {
        "logtime": "2019/07/03 12:15:26",
        "logdata": "url"
    },
    {
        "logtime": "2019/07/03 12:15:26",
        "logdata": "http://apis.juhe.cn/ip/ip2addr?ip=58.23.48.188&key=74bb0395667b8d0588df9ebd6fc36a12"
    },
    {
        "logtime": "2019/07/03 12:15:26",
        "logdata": ""
    },
    {
        "logtime": "2019/07/03 12:15:26",
        "logdata": "url"
    },
    {
        "logtime": "2019/07/03 12:15:26",
        "logdata": "http://apis.juhe.cn/ip/ip2addr?ip=58.23.48.188&key=74bb0395667b8d0588df9ebd6fc36a12"
    },
    {
        "logtime": "2019/07/03 12:15:26",
        "logdata": ""
    },
    {
        "logtime": "2019/07/03 12:15:27",
        "logdata": "url"
    },
    {
        "logtime": "2019/07/03 12:15:27",
        "logdata": "http://apis.juhe.cn/ip/ip2addr?ip=58.23.48.188&key=74bb0395667b8d0588df9ebd6fc36a12"
    },
    {
        "logtime": "2019/07/03 12:15:27",
        "logdata": ""
    },
    {
        "logtime": "2019/07/03 12:15:27",
        "logdata": "url"
    },
    {
        "logtime": "2019/07/03 12:15:27",
        "logdata": "http://apis.juhe.cn/ip/ip2addr?ip=58.23.48.188&key=74bb0395667b8d0588df9ebd6fc36a12"
    },
    {
        "logtime": "2019/07/03 12:15:27",
        "logdata": ""
    },
    {
        "logtime": "2019/07/03 12:15:27",
        "logdata": "url"
    },
    {
        "logtime": "2019/07/03 12:15:27",
        "logdata": "http://apis.juhe.cn/ip/ip2addr?ip=58.23.48.188&key=74bb0395667b8d0588df9ebd6fc36a12"
    },
    {
        "logtime": "2019/07/03 12:15:27",
        "logdata": ""
    },
    {
        "logtime": "2019/07/03 12:15:27",
        "logdata": "url"
    },
    {
        "logtime": "2019/07/03 12:15:27",
        "logdata": "http://apis.juhe.cn/ip/ip2addr?ip=58.23.48.188&key=74bb0395667b8d0588df9ebd6fc36a12"
    },
    {
        "logtime": "2019/07/03 12:15:27",
        "logdata": ""
    },
    {
        "logtime": "2019/07/03 12:15:27",
        "logdata": "url"
    },
    {
        "logtime": "2019/07/03 12:15:27",
        "logdata": "http://apis.juhe.cn/ip/ip2addr?ip=58.23.48.188&key=74bb0395667b8d0588df9ebd6fc36a12"
    },
    {
        "logtime": "2019/07/03 12:15:27",
        "logdata": ""
    },
    {
        "logtime": "2019/07/03 12:15:27",
        "logdata": "url"
    },
    {
        "logtime": "2019/07/03 12:15:27",
        "logdata": "http://apis.juhe.cn/ip/ip2addr?ip=58.23.48.188&key=74bb0395667b8d0588df9ebd6fc36a12"
    },
    {
        "logtime": "2019/07/03 12:15:27",
        "logdata": ""
    },
    {
        "logtime": "2019/07/03 12:15:27",
        "logdata": "url"
    },
    {
        "logtime": "2019/07/03 12:15:27",
        "logdata": "http://apis.juhe.cn/ip/ip2addr?ip=58.23.48.188&key=74bb0395667b8d0588df9ebd6fc36a12"
    },
    {
        "logtime": "2019/07/03 12:15:27",
        "logdata": ""
    },
    {
        "logtime": "2019/07/03 12:15:27",
        "logdata": "url"
    },
    {
        "logtime": "2019/07/03 12:15:27",
        "logdata": "http://apis.juhe.cn/ip/ip2addr?ip=58.23.48.188&key=74bb0395667b8d0588df9ebd6fc36a12"
    },
    {
        "logtime": "2019/07/03 12:15:27",
        "logdata": ""
    },
    {
        "logtime": "2019/07/03 12:15:27",
        "logdata": "url"
    },
    {
        "logtime": "2019/07/03 12:15:27",
        "logdata": "http://apis.juhe.cn/ip/ip2addr?ip=58.23.48.188&key=74bb0395667b8d0588df9ebd6fc36a12"
    },
    {
        "logtime": "2019/07/03 12:15:27",
        "logdata": ""
    },
    {
        "logtime": "2019/07/03 12:15:27",
        "logdata": "url"
    },
    {
        "logtime": "2019/07/03 12:15:27",
        "logdata": "http://apis.juhe.cn/ip/ip2addr?ip=58.23.48.188&key=74bb0395667b8d0588df9ebd6fc36a12"
    },
    {
        "logtime": "2019/07/03 12:15:27",
        "logdata": ""
    },
    {
        "logtime": "2019/07/03 12:15:27",
        "logdata": "url"
    },
    {
        "logtime": "2019/07/03 12:15:27",
        "logdata": "http://apis.juhe.cn/ip/ip2addr?ip=58.23.48.188&key=74bb0395667b8d0588df9ebd6fc36a12"
    },
    {
        "logtime": "2019/07/03 12:15:27",
        "logdata": ""
    },
    {
        "logtime": "2019/07/03 12:15:27",
        "logdata": "url"
    },
    {
        "logtime": "2019/07/03 12:15:27",
        "logdata": "http://apis.juhe.cn/ip/ip2addr?ip=58.23.48.188&key=74bb0395667b8d0588df9ebd6fc36a12"
    },
    {
        "logtime": "2019/07/03 12:15:27",
        "logdata": ""
    },
    {
        "logtime": "2019/07/03 12:15:27",
        "logdata": "url"
    },
    {
        "logtime": "2019/07/03 12:15:27",
        "logdata": "http://apis.juhe.cn/ip/ip2addr?ip=58.23.48.188&key=74bb0395667b8d0588df9ebd6fc36a12"
    },
    {
        "logtime": "2019/07/03 12:15:27",
        "logdata": ""
    },
    {
        "logtime": "2019/07/03 12:15:28",
        "logdata": "url"
    },
    {
        "logtime": "2019/07/03 12:15:28",
        "logdata": "http://apis.juhe.cn/ip/ip2addr?ip=58.23.48.188&key=74bb0395667b8d0588df9ebd6fc36a12"
    },
    {
        "logtime": "2019/07/03 12:15:28",
        "logdata": ""
    },
    {
        "logtime": "2019/07/03 12:15:28",
        "logdata": "url"
    },
    {
        "logtime": "2019/07/03 12:15:28",
        "logdata": "http://apis.juhe.cn/ip/ip2addr?ip=58.23.48.188&key=74bb0395667b8d0588df9ebd6fc36a12"
    },
    {
        "logtime": "2019/07/03 12:15:28",
        "logdata": ""
    },
    {
        "logtime": "2019/07/03 12:15:28",
        "logdata": "url"
    },
    {
        "logtime": "2019/07/03 12:15:28",
        "logdata": "http://apis.juhe.cn/ip/ip2addr?ip=58.23.48.188&key=74bb0395667b8d0588df9ebd6fc36a12"
    },
    {
        "logtime": "2019/07/03 12:15:28",
        "logdata": ""
    },
    {
        "logtime": "2019/07/03 12:15:28",
        "logdata": "url"
    },
    {
        "logtime": "2019/07/03 12:15:28",
        "logdata": "http://apis.juhe.cn/ip/ip2addr?ip=58.23.48.188&key=74bb0395667b8d0588df9ebd6fc36a12"
    },
    {
        "logtime": "2019/07/03 12:15:28",
        "logdata": ""
    },
    {
        "logtime": "2019/07/03 12:15:28",
        "logdata": "url"
    },
    {
        "logtime": "2019/07/03 12:15:28",
        "logdata": "http://apis.juhe.cn/ip/ip2addr?ip=58.23.48.188&key=74bb0395667b8d0588df9ebd6fc36a12"
    },
    {
        "logtime": "2019/07/03 12:15:28",
        "logdata": ""
    },
    {
        "logtime": "2019/07/03 12:15:28",
        "logdata": "url"
    },
    {
        "logtime": "2019/07/03 12:15:28",
        "logdata": "http://apis.juhe.cn/ip/ip2addr?ip=58.23.48.188&key=74bb0395667b8d0588df9ebd6fc36a12"
    },
    {
        "logtime": "2019/07/03 12:15:28",
        "logdata": ""
    },
    {
        "logtime": "2019/07/03 12:15:28",
        "logdata": "url"
    },
    {
        "logtime": "2019/07/03 12:15:28",
        "logdata": "http://apis.juhe.cn/ip/ip2addr?ip=58.23.48.188&key=74bb0395667b8d0588df9ebd6fc36a12"
    },
    {
        "logtime": "2019/07/03 12:15:28",
        "logdata": ""
    },
    {
        "logtime": "2019/07/03 12:15:28",
        "logdata": "url"
    },
    {
        "logtime": "2019/07/03 12:15:28",
        "logdata": "http://apis.juhe.cn/ip/ip2addr?ip=58.23.48.188&key=74bb0395667b8d0588df9ebd6fc36a12"
    },
    {
        "logtime": "2019/07/03 12:15:28",
        "logdata": ""
    },
    {
        "logtime": "2019/07/03 12:15:28",
        "logdata": "url"
    },
    {
        "logtime": "2019/07/03 12:15:28",
        "logdata": "http://apis.juhe.cn/ip/ip2addr?ip=58.23.48.188&key=74bb0395667b8d0588df9ebd6fc36a12"
    },
    {
        "logtime": "2019/07/03 12:15:28",
        "logdata": ""
    },
    {
        "logtime": "2019/07/03 12:15:28",
        "logdata": "url"
    },
    {
        "logtime": "2019/07/03 12:15:28",
        "logdata": "http://apis.juhe.cn/ip/ip2addr?ip=58.23.48.188&key=74bb0395667b8d0588df9ebd6fc36a12"
    },
    {
        "logtime": "2019/07/03 12:15:28",
        "logdata": ""
    },
    {
        "logtime": "2019/07/03 12:15:28",
        "logdata": "url"
    },
    {
        "logtime": "2019/07/03 12:15:28",
        "logdata": "http://apis.juhe.cn/ip/ip2addr?ip=58.23.48.188&key=74bb0395667b8d0588df9ebd6fc36a12"
    },
    {
        "logtime": "2019/07/03 12:15:28",
        "logdata": ""
    },
    {
        "logtime": "2019/07/03 12:15:31",
        "logdata": "url"
    },
    {
        "logtime": "2019/07/03 12:15:31",
        "logdata": "http://apis.juhe.cn/ip/ip2addr?ip=58.23.48.188&key=74bb0395667b8d0588df9ebd6fc36a12"
    },
    {
        "logtime": "2019/07/03 12:15:31",
        "logdata": ""
    },
    {
        "logtime": "2019/07/03 12:15:31",
        "logdata": "url"
    },
    {
        "logtime": "2019/07/03 12:15:31",
        "logdata": "http://apis.juhe.cn/ip/ip2addr?ip=58.23.48.188&key=74bb0395667b8d0588df9ebd6fc36a12"
    },
    {
        "logtime": "2019/07/03 12:15:31",
        "logdata": ""
    },
    {
        "logtime": "2019/07/03 12:15:31",
        "logdata": "url"
    },
    {
        "logtime": "2019/07/03 12:15:31",
        "logdata": "http://apis.juhe.cn/ip/ip2addr?ip=58.23.48.188&key=74bb0395667b8d0588df9ebd6fc36a12"
    },
    {
        "logtime": "2019/07/03 12:15:31",
        "logdata": ""
    },
    {
        "logtime": "2019/07/03 12:15:31",
        "logdata": "url"
    },
    {
        "logtime": "2019/07/03 12:15:31",
        "logdata": "http://apis.juhe.cn/ip/ip2addr?ip=58.23.48.188&key=74bb0395667b8d0588df9ebd6fc36a12"
    },
    {
        "logtime": "2019/07/03 12:15:31",
        "logdata": ""
    }
]