[
    {
        "logtime": "2019/07/02 09:49:03",
        "logdata": "LogonScene.onceExcute"
    },
    {
        "logtime": "2019/07/02 09:49:03",
        "logdata": "http://www.fuannainc.top/"
    },
    {
        "logtime": "2019/07/02 09:49:03",
        "logdata": "url"
    },
    {
        "logtime": "2019/07/02 09:49:03",
        "logdata": "http://www.fuannainc.top//ws/MobileInterface.ashx?action=GetMobileLoginNotice"
    },
    {
        "logtime": "2019/07/02 09:49:03",
        "logdata": ""
    },
    {
        "logtime": "2019/07/02 09:49:05",
        "logdata": "url"
    },
    {
        "logtime": "2019/07/02 09:49:05",
        "logdata": "http://apis.juhe.cn/ip/ip2addr?ip=58.23.48.188&key=74bb0395667b8d0588df9ebd6fc36a12"
    },
    {
        "logtime": "2019/07/02 09:49:05",
        "logdata": ""
    },
    {
        "logtime": "2019/07/02 09:49:05",
        "logdata": "onLogonCallBack"
    },
    {
        "logtime": "2019/07/02 09:49:05",
        "logdata": "http://www.fuannainc.top/"
    },
    {
        "logtime": "2019/07/02 09:49:05",
        "logdata": "url"
    },
    {
        "logtime": "2019/07/02 09:49:05",
        "logdata": "http://www.fuannainc.top//WS/MobileInterface.ashx"
    },
    {
        "logtime": "2019/07/02 09:49:05",
        "logdata": "action=GetMobileShareConfig&userid=119947&time=1562032145&signature=F3F4C35975201024AFC8F3AECBBB20A6"
    },
    {
        "logtime": "2019/07/02 09:49:06",
        "logdata": "url"
    },
    {
        "logtime": "2019/07/02 09:49:06",
        "logdata": "http://www.fuannainc.top//WS/MobileInterface.ashx?action=GetMobileRollNotice"
    },
    {
        "logtime": "2019/07/02 09:49:06",
        "logdata": ""
    },
    {
        "logtime": "2019/07/02 09:49:08",
        "logdata": "url"
    },
    {
        "logtime": "2019/07/02 09:49:08",
        "logdata": "http://apis.juhe.cn/ip/ip2addr?ip=58.23.48.188&key=74bb0395667b8d0588df9ebd6fc36a12"
    },
    {
        "logtime": "2019/07/02 09:49:08",
        "logdata": ""
    },
    {
        "logtime": "2019/07/02 09:49:08",
        "logdata": {
            "_ServerResVersion": 10,
            "_Active": true,
            "_KindVersion": "101122049",
            "_KindType": 1,
            "_Module": "xiuxian/shuiguolaba/",
            "_KindID": "406",
            "_Type": "xiuxian",
            "_KindName": "xiuxian.shuiguolaba.",
            "nEnterRoomIndex": 1,
            "_SortId": 0
        }
    },
    {
        "logtime": "2019/07/02 09:49:08",
        "logdata": "modulestr"
    },
    {
        "logtime": "2019/07/02 09:49:08",
        "logdata": "xiuxian/shuiguolaba/"
    },
    {
        "logtime": "2019/07/02 09:49:14",
        "logdata": null
    },
    {
        "logtime": "2019/07/02 09:49:14",
        "logdata": "onEnterGame"
    },
    {
        "logtime": "2019/07/02 09:49:14",
        "logdata": {
            "_ServerResVersion": 10,
            "_Active": true,
            "_KindVersion": "101122049",
            "_KindType": 1,
            "_Module": "xiuxian/shuiguolaba/",
            "_KindID": "406",
            "_Type": "xiuxian",
            "_KindName": "xiuxian.shuiguolaba.",
            "nEnterRoomIndex": 1,
            "_SortId": 0
        }
    },
    {
        "logtime": "2019/07/02 09:49:14",
        "logdata": "GlobalUserItem.getCurGameKind()"
    },
    {
        "logtime": "2019/07/02 09:49:14",
        "logdata": 406
    },
    {
        "logtime": "2019/07/02 09:49:15",
        "logdata": "url"
    },
    {
        "logtime": "2019/07/02 09:49:15",
        "logdata": "http://apis.juhe.cn/ip/ip2addr?ip=58.23.48.188&key=74bb0395667b8d0588df9ebd6fc36a12"
    },
    {
        "logtime": "2019/07/02 09:49:15",
        "logdata": ""
    },
    {
        "logtime": "2019/07/02 09:49:16",
        "logdata": {
            "_ServerResVersion": 10,
            "_Active": true,
            "_KindVersion": "101122049",
            "_KindType": 1,
            "_Module": "xiuxian/shuiguolaba/",
            "_KindID": "406",
            "_Type": "xiuxian",
            "nSitChair": 65535,
            "_KindName": "xiuxian.shuiguolaba.",
            "nEnterRoomIndex": 1,
            "nSitTable": 65535,
            "_SortId": 0
        }
    },
    {
        "logtime": "2019/07/02 09:49:16",
        "logdata": "modulestr"
    },
    {
        "logtime": "2019/07/02 09:49:16",
        "logdata": "xiuxian/shuiguolaba/"
    },
    {
        "logtime": "2019/07/02 09:49:22",
        "logdata": "url"
    },
    {
        "logtime": "2019/07/02 09:49:22",
        "logdata": "http://www.fuannainc.top//ws/MobileInterface.ashx"
    },
    {
        "logtime": "2019/07/02 09:49:22",
        "logdata": "action=getpaylist"
    },
    {
        "logtime": "2019/07/02 09:49:23",
        "logdata": "url"
    },
    {
        "logtime": "2019/07/02 09:49:23",
        "logdata": "http://www.fuannainc.top//WS/MobileInterface.ashx"
    },
    {
        "logtime": "2019/07/02 09:49:23",
        "logdata": "action=getagentpay"
    },
    {
        "logtime": "2019/07/02 09:49:30",
        "logdata": "url"
    },
    {
        "logtime": "2019/07/02 09:49:30",
        "logdata": "http://www.fuannainc.top//ws/MobileInterface.ashx"
    },
    {
        "logtime": "2019/07/02 09:49:30",
        "logdata": "action=getpaylist"
    },
    {
        "logtime": "2019/07/02 09:49:30",
        "logdata": "url"
    },
    {
        "logtime": "2019/07/02 09:49:30",
        "logdata": "http://www.fuannainc.top//WS/MobileInterface.ashx"
    },
    {
        "logtime": "2019/07/02 09:49:30",
        "logdata": "action=getagentpay"
    },
    {
        "logtime": "2019/07/02 09:49:33",
        "logdata": "url"
    },
    {
        "logtime": "2019/07/02 09:49:33",
        "logdata": "http://apis.juhe.cn/ip/ip2addr?ip=58.23.48.188&key=74bb0395667b8d0588df9ebd6fc36a12"
    },
    {
        "logtime": "2019/07/02 09:49:33",
        "logdata": ""
    },
    {
        "logtime": "2019/07/02 09:49:33",
        "logdata": {
            "_ServerResVersion": 10,
            "_Active": true,
            "_KindVersion": "101122049",
            "_KindType": 1,
            "_Module": "xiuxian/shuiguolaba/",
            "_KindID": "406",
            "_Type": "xiuxian",
            "nSitChair": 65535,
            "_KindName": "xiuxian.shuiguolaba.",
            "nEnterRoomIndex": 1,
            "nSitTable": 65535,
            "_SortId": 0
        }
    },
    {
        "logtime": "2019/07/02 09:49:33",
        "logdata": "modulestr"
    },
    {
        "logtime": "2019/07/02 09:49:33",
        "logdata": "xiuxian/shuiguolaba/"
    },
    {
        "logtime": "2019/07/02 09:49:37",
        "logdata": "url"
    },
    {
        "logtime": "2019/07/02 09:49:37",
        "logdata": "http://www.fuannainc.top//ws/MobileInterface.ashx"
    },
    {
        "logtime": "2019/07/02 09:49:37",
        "logdata": "action=getpaylist"
    },
    {
        "logtime": "2019/07/02 09:49:37",
        "logdata": "url"
    },
    {
        "logtime": "2019/07/02 09:49:37",
        "logdata": "http://www.fuannainc.top//WS/MobileInterface.ashx"
    },
    {
        "logtime": "2019/07/02 09:49:37",
        "logdata": "action=getagentpay"
    }
]