[
    {
        "logtime": "2019/05/16 15:34:11",
        "logdata": "url"
    },
    {
        "logtime": "2019/05/16 15:34:11",
        "logdata": "http://apis.juhe.cn/ip/ip2addr?ip=183.53.107.65&key=74bb0395667b8d0588df9ebd6fc36a12"
    },
    {
        "logtime": "2019/05/16 15:34:11",
        "logdata": ""
    },
    {
        "logtime": "2019/05/16 15:34:11",
        "logdata": "url"
    },
    {
        "logtime": "2019/05/16 15:34:11",
        "logdata": "http://apis.juhe.cn/ip/ip2addr?ip=171.14.179.28&key=74bb0395667b8d0588df9ebd6fc36a12"
    },
    {
        "logtime": "2019/05/16 15:34:11",
        "logdata": ""
    },
    {
        "logtime": "2019/05/16 15:34:11",
        "logdata": "url"
    },
    {
        "logtime": "2019/05/16 15:34:11",
        "logdata": "http://apis.juhe.cn/ip/ip2addr?ip=36.57.182.125&key=74bb0395667b8d0588df9ebd6fc36a12"
    },
    {
        "logtime": "2019/05/16 15:34:11",
        "logdata": ""
    },
    {
        "logtime": "2019/05/16 15:34:11",
        "logdata": "url"
    },
    {
        "logtime": "2019/05/16 15:34:11",
        "logdata": "http://apis.juhe.cn/ip/ip2addr?ip=222.95.122.205&key=74bb0395667b8d0588df9ebd6fc36a12"
    },
    {
        "logtime": "2019/05/16 15:34:11",
        "logdata": ""
    },
    {
        "logtime": "2019/05/16 15:34:11",
        "logdata": "url"
    },
    {
        "logtime": "2019/05/16 15:34:11",
        "logdata": "http://apis.juhe.cn/ip/ip2addr?ip=61.233.207.74&key=74bb0395667b8d0588df9ebd6fc36a12"
    },
    {
        "logtime": "2019/05/16 15:34:11",
        "logdata": ""
    },
    {
        "logtime": "2019/05/16 15:34:11",
        "logdata": "url"
    },
    {
        "logtime": "2019/05/16 15:34:11",
        "logdata": "http://apis.juhe.cn/ip/ip2addr?ip=61.235.125.165&key=74bb0395667b8d0588df9ebd6fc36a12"
    },
    {
        "logtime": "2019/05/16 15:34:11",
        "logdata": ""
    },
    {
        "logtime": "2019/05/16 15:34:11",
        "logdata": "url"
    },
    {
        "logtime": "2019/05/16 15:34:11",
        "logdata": "http://apis.juhe.cn/ip/ip2addr?ip=171.13.25.31&key=74bb0395667b8d0588df9ebd6fc36a12"
    },
    {
        "logtime": "2019/05/16 15:34:11",
        "logdata": ""
    },
    {
        "logtime": "2019/05/16 15:34:11",
        "logdata": "url"
    },
    {
        "logtime": "2019/05/16 15:34:11",
        "logdata": "http://apis.juhe.cn/ip/ip2addr?ip=106.90.152.66&key=74bb0395667b8d0588df9ebd6fc36a12"
    },
    {
        "logtime": "2019/05/16 15:34:11",
        "logdata": ""
    },
    {
        "logtime": "2019/05/16 15:34:11",
        "logdata": "url"
    },
    {
        "logtime": "2019/05/16 15:34:11",
        "logdata": "http://apis.juhe.cn/ip/ip2addr?ip=106.92.232.182&key=74bb0395667b8d0588df9ebd6fc36a12"
    },
    {
        "logtime": "2019/05/16 15:34:11",
        "logdata": ""
    },
    {
        "logtime": "2019/05/16 15:34:11",
        "logdata": "url"
    },
    {
        "logtime": "2019/05/16 15:34:11",
        "logdata": "http://apis.juhe.cn/ip/ip2addr?ip=121.77.32.216&key=74bb0395667b8d0588df9ebd6fc36a12"
    },
    {
        "logtime": "2019/05/16 15:34:11",
        "logdata": ""
    },
    {
        "logtime": "2019/05/16 15:34:11",
        "logdata": "url"
    },
    {
        "logtime": "2019/05/16 15:34:11",
        "logdata": "http://apis.juhe.cn/ip/ip2addr?ip=171.8.192.107&key=74bb0395667b8d0588df9ebd6fc36a12"
    },
    {
        "logtime": "2019/05/16 15:34:11",
        "logdata": ""
    },
    {
        "logtime": "2019/05/16 15:34:11",
        "logdata": "url"
    },
    {
        "logtime": "2019/05/16 15:34:11",
        "logdata": "http://apis.juhe.cn/ip/ip2addr?ip=61.232.220.204&key=74bb0395667b8d0588df9ebd6fc36a12"
    },
    {
        "logtime": "2019/05/16 15:34:11",
        "logdata": ""
    },
    {
        "logtime": "2019/05/16 15:34:11",
        "logdata": "url"
    },
    {
        "logtime": "2019/05/16 15:34:11",
        "logdata": "http://apis.juhe.cn/ip/ip2addr?ip=61.232.200.202&key=74bb0395667b8d0588df9ebd6fc36a12"
    },
    {
        "logtime": "2019/05/16 15:34:11",
        "logdata": ""
    },
    {
        "logtime": "2019/05/16 15:34:11",
        "logdata": "url"
    },
    {
        "logtime": "2019/05/16 15:34:11",
        "logdata": "http://apis.juhe.cn/ip/ip2addr?ip=61.233.100.194&key=74bb0395667b8d0588df9ebd6fc36a12"
    },
    {
        "logtime": "2019/05/16 15:34:11",
        "logdata": ""
    },
    {
        "logtime": "2019/05/16 15:34:11",
        "logdata": "url"
    },
    {
        "logtime": "2019/05/16 15:34:11",
        "logdata": "http://apis.juhe.cn/ip/ip2addr?ip=61.232.87.69&key=74bb0395667b8d0588df9ebd6fc36a12"
    },
    {
        "logtime": "2019/05/16 15:34:12",
        "logdata": ""
    },
    {
        "logtime": "2019/05/16 15:34:12",
        "logdata": "url"
    },
    {
        "logtime": "2019/05/16 15:34:12",
        "logdata": "http://apis.juhe.cn/ip/ip2addr?ip=182.84.18.166&key=74bb0395667b8d0588df9ebd6fc36a12"
    },
    {
        "logtime": "2019/05/16 15:34:12",
        "logdata": ""
    },
    {
        "logtime": "2019/05/16 15:34:12",
        "logdata": "url"
    },
    {
        "logtime": "2019/05/16 15:34:12",
        "logdata": "http://apis.juhe.cn/ip/ip2addr?ip=36.59.30.30&key=74bb0395667b8d0588df9ebd6fc36a12"
    },
    {
        "logtime": "2019/05/16 15:34:12",
        "logdata": ""
    },
    {
        "logtime": "2019/05/16 15:34:12",
        "logdata": "url"
    },
    {
        "logtime": "2019/05/16 15:34:12",
        "logdata": "http://apis.juhe.cn/ip/ip2addr?ip=139.214.100.6&key=74bb0395667b8d0588df9ebd6fc36a12"
    },
    {
        "logtime": "2019/05/16 15:34:12",
        "logdata": ""
    },
    {
        "logtime": "2019/05/16 15:34:12",
        "logdata": "url"
    },
    {
        "logtime": "2019/05/16 15:34:12",
        "logdata": "http://apis.juhe.cn/ip/ip2addr?ip=106.93.253.14&key=74bb0395667b8d0588df9ebd6fc36a12"
    },
    {
        "logtime": "2019/05/16 15:34:12",
        "logdata": ""
    },
    {
        "logtime": "2019/05/16 15:34:12",
        "logdata": "url"
    },
    {
        "logtime": "2019/05/16 15:34:12",
        "logdata": "http://apis.juhe.cn/ip/ip2addr?ip=123.235.54.13&key=74bb0395667b8d0588df9ebd6fc36a12"
    },
    {
        "logtime": "2019/05/16 15:34:12",
        "logdata": ""
    },
    {
        "logtime": "2019/05/16 15:34:12",
        "logdata": "url"
    },
    {
        "logtime": "2019/05/16 15:34:12",
        "logdata": "http://apis.juhe.cn/ip/ip2addr?ip=171.9.179.81&key=74bb0395667b8d0588df9ebd6fc36a12"
    },
    {
        "logtime": "2019/05/16 15:34:12",
        "logdata": ""
    },
    {
        "logtime": "2019/05/16 15:34:12",
        "logdata": "url"
    },
    {
        "logtime": "2019/05/16 15:34:12",
        "logdata": "http://apis.juhe.cn/ip/ip2addr?ip=139.212.139.118&key=74bb0395667b8d0588df9ebd6fc36a12"
    },
    {
        "logtime": "2019/05/16 15:34:12",
        "logdata": ""
    },
    {
        "logtime": "2019/05/16 15:34:12",
        "logdata": "url"
    },
    {
        "logtime": "2019/05/16 15:34:12",
        "logdata": "http://apis.juhe.cn/ip/ip2addr?ip=139.201.161.151&key=74bb0395667b8d0588df9ebd6fc36a12"
    },
    {
        "logtime": "2019/05/16 15:34:12",
        "logdata": ""
    },
    {
        "logtime": "2019/05/16 15:34:12",
        "logdata": "url"
    },
    {
        "logtime": "2019/05/16 15:34:12",
        "logdata": "http://apis.juhe.cn/ip/ip2addr?ip=106.82.113.180&key=74bb0395667b8d0588df9ebd6fc36a12"
    },
    {
        "logtime": "2019/05/16 15:34:12",
        "logdata": ""
    },
    {
        "logtime": "2019/05/16 15:34:12",
        "logdata": "url"
    },
    {
        "logtime": "2019/05/16 15:34:12",
        "logdata": "http://apis.juhe.cn/ip/ip2addr?ip=106.91.254.38&key=74bb0395667b8d0588df9ebd6fc36a12"
    },
    {
        "logtime": "2019/05/16 15:34:12",
        "logdata": ""
    },
    {
        "logtime": "2019/05/16 15:34:12",
        "logdata": "url"
    },
    {
        "logtime": "2019/05/16 15:34:12",
        "logdata": "http://apis.juhe.cn/ip/ip2addr?ip=61.234.21.4&key=74bb0395667b8d0588df9ebd6fc36a12"
    },
    {
        "logtime": "2019/05/16 15:34:12",
        "logdata": ""
    },
    {
        "logtime": "2019/05/16 15:34:12",
        "logdata": "url"
    },
    {
        "logtime": "2019/05/16 15:34:12",
        "logdata": "http://apis.juhe.cn/ip/ip2addr?ip=222.24.44.47&key=74bb0395667b8d0588df9ebd6fc36a12"
    },
    {
        "logtime": "2019/05/16 15:34:12",
        "logdata": ""
    },
    {
        "logtime": "2019/05/16 15:34:12",
        "logdata": "url"
    },
    {
        "logtime": "2019/05/16 15:34:12",
        "logdata": "http://apis.juhe.cn/ip/ip2addr?ip=171.13.234.102&key=74bb0395667b8d0588df9ebd6fc36a12"
    },
    {
        "logtime": "2019/05/16 15:34:12",
        "logdata": ""
    },
    {
        "logtime": "2019/05/16 15:34:12",
        "logdata": "url"
    },
    {
        "logtime": "2019/05/16 15:34:12",
        "logdata": "http://apis.juhe.cn/ip/ip2addr?ip=123.234.226.39&key=74bb0395667b8d0588df9ebd6fc36a12"
    },
    {
        "logtime": "2019/05/16 15:34:12",
        "logdata": ""
    },
    {
        "logtime": "2019/05/16 15:34:12",
        "logdata": "url"
    },
    {
        "logtime": "2019/05/16 15:34:12",
        "logdata": "http://apis.juhe.cn/ip/ip2addr?ip=171.12.64.147&key=74bb0395667b8d0588df9ebd6fc36a12"
    },
    {
        "logtime": "2019/05/16 15:34:12",
        "logdata": ""
    },
    {
        "logtime": "2019/05/16 15:34:12",
        "logdata": "url"
    },
    {
        "logtime": "2019/05/16 15:34:12",
        "logdata": "http://apis.juhe.cn/ip/ip2addr?ip=121.76.1.227&key=74bb0395667b8d0588df9ebd6fc36a12"
    },
    {
        "logtime": "2019/05/16 15:34:12",
        "logdata": ""
    },
    {
        "logtime": "2019/05/16 15:34:12",
        "logdata": "url"
    },
    {
        "logtime": "2019/05/16 15:34:12",
        "logdata": "http://apis.juhe.cn/ip/ip2addr?ip=61.235.125.165&key=74bb0395667b8d0588df9ebd6fc36a12"
    },
    {
        "logtime": "2019/05/16 15:34:12",
        "logdata": ""
    },
    {
        "logtime": "2019/05/16 15:34:12",
        "logdata": "url"
    },
    {
        "logtime": "2019/05/16 15:34:12",
        "logdata": "http://apis.juhe.cn/ip/ip2addr?ip=183.53.107.65&key=74bb0395667b8d0588df9ebd6fc36a12"
    },
    {
        "logtime": "2019/05/16 15:34:12",
        "logdata": ""
    },
    {
        "logtime": "2019/05/16 15:34:12",
        "logdata": "url"
    },
    {
        "logtime": "2019/05/16 15:34:12",
        "logdata": "http://apis.juhe.cn/ip/ip2addr?ip=171.13.25.31&key=74bb0395667b8d0588df9ebd6fc36a12"
    },
    {
        "logtime": "2019/05/16 15:34:12",
        "logdata": ""
    },
    {
        "logtime": "2019/05/16 15:34:12",
        "logdata": "url"
    },
    {
        "logtime": "2019/05/16 15:34:12",
        "logdata": "http://apis.juhe.cn/ip/ip2addr?ip=171.9.179.81&key=74bb0395667b8d0588df9ebd6fc36a12"
    },
    {
        "logtime": "2019/05/16 15:34:12",
        "logdata": ""
    },
    {
        "logtime": "2019/05/16 15:34:12",
        "logdata": "url"
    },
    {
        "logtime": "2019/05/16 15:34:12",
        "logdata": "http://apis.juhe.cn/ip/ip2addr?ip=139.201.161.151&key=74bb0395667b8d0588df9ebd6fc36a12"
    },
    {
        "logtime": "2019/05/16 15:34:12",
        "logdata": ""
    },
    {
        "logtime": "2019/05/16 15:34:12",
        "logdata": "url"
    },
    {
        "logtime": "2019/05/16 15:34:12",
        "logdata": "http://apis.juhe.cn/ip/ip2addr?ip=139.214.100.6&key=74bb0395667b8d0588df9ebd6fc36a12"
    },
    {
        "logtime": "2019/05/16 15:34:12",
        "logdata": ""
    },
    {
        "logtime": "2019/05/16 15:34:12",
        "logdata": "url"
    },
    {
        "logtime": "2019/05/16 15:34:12",
        "logdata": "http://apis.juhe.cn/ip/ip2addr?ip=36.57.182.125&key=74bb0395667b8d0588df9ebd6fc36a12"
    },
    {
        "logtime": "2019/05/16 15:34:12",
        "logdata": ""
    },
    {
        "logtime": "2019/05/16 15:34:12",
        "logdata": "url"
    },
    {
        "logtime": "2019/05/16 15:34:12",
        "logdata": "http://apis.juhe.cn/ip/ip2addr?ip=123.235.54.13&key=74bb0395667b8d0588df9ebd6fc36a12"
    },
    {
        "logtime": "2019/05/16 15:34:12",
        "logdata": ""
    },
    {
        "logtime": "2019/05/16 15:34:12",
        "logdata": "url"
    },
    {
        "logtime": "2019/05/16 15:34:12",
        "logdata": "http://apis.juhe.cn/ip/ip2addr?ip=121.76.1.227&key=74bb0395667b8d0588df9ebd6fc36a12"
    },
    {
        "logtime": "2019/05/16 15:34:12",
        "logdata": ""
    },
    {
        "logtime": "2019/05/16 15:34:12",
        "logdata": "url"
    },
    {
        "logtime": "2019/05/16 15:34:12",
        "logdata": "http://apis.juhe.cn/ip/ip2addr?ip=61.232.220.204&key=74bb0395667b8d0588df9ebd6fc36a12"
    },
    {
        "logtime": "2019/05/16 15:34:12",
        "logdata": ""
    },
    {
        "logtime": "2019/05/16 15:34:12",
        "logdata": "url"
    },
    {
        "logtime": "2019/05/16 15:34:12",
        "logdata": "http://apis.juhe.cn/ip/ip2addr?ip=182.84.18.166&key=74bb0395667b8d0588df9ebd6fc36a12"
    },
    {
        "logtime": "2019/05/16 15:34:12",
        "logdata": ""
    },
    {
        "logtime": "2019/05/16 15:34:12",
        "logdata": "url"
    },
    {
        "logtime": "2019/05/16 15:34:12",
        "logdata": "http://apis.juhe.cn/ip/ip2addr?ip=171.13.234.102&key=74bb0395667b8d0588df9ebd6fc36a12"
    },
    {
        "logtime": "2019/05/16 15:34:12",
        "logdata": ""
    },
    {
        "logtime": "2019/05/16 15:34:12",
        "logdata": "url"
    },
    {
        "logtime": "2019/05/16 15:34:12",
        "logdata": "http://apis.juhe.cn/ip/ip2addr?ip=171.12.64.147&key=74bb0395667b8d0588df9ebd6fc36a12"
    },
    {
        "logtime": "2019/05/16 15:34:12",
        "logdata": ""
    },
    {
        "logtime": "2019/05/16 15:34:23",
        "logdata": "[string \".\\client/src/view/mediator/ViewMediator.lua\"]:114: module 'game.qipai.landnoshuffle.src.views.GameLayer' not found:\n\tno field package.preload['game.qipai.landnoshuffle.src.views.GameLayer']\n\tno file '.\\game\\qipai\\landnoshuffle\\src\\views\\GameLayer.lua'\n\tno file 'D:\\qipaiv1client\\Debug.win32\\lua\\game\\qipai\\landnoshuffle\\src\\views\\GameLayer.lua'\n\tno file 'D:\\qipaiv1client\\Debug.win32\\lua\\game\\qipai\\landnoshuffle\\src\\views\\GameLayer\\init.lua'\n\tno file '.\\game\\qipai\\landnoshuffle\\src\\views\\GameLayer.dll'\n\tno file 'D:\\qipaiv1client\\Debug.win32\\game\\qipai\\landnoshuffle\\src\\views\\GameLayer.dll'\n\tno file 'D:\\qipaiv1client\\Debug.win32\\loadall.dll'\n\tno file '.\\game.dll'\n\tno file 'D:\\qipaiv1client\\Debug.win32\\game.dll'\n\tno file 'D:\\qipaiv1client\\Debug.win32\\loadall.dll'\nstack traceback:\n\t[string \".\\client/src/view/mediator/ViewMediator.lua\"]:114: in function 'notify'\n\t[string \".\\framework/puremvc/patterns/observer/Observe...\"]:85: in function 'notifyObserver'\n\t[string \".\\framework/puremvc/core/View.lua\"]:113: in function 'notifyObservers'\n\t[string \".\\framework/puremvc/patterns/facade/Facade.lua\"]:331: in function 'notifyObservers'\n\t[string \".\\framework/puremvc/patterns/facade/Facade.lua\"]:314: in function 'sendNotification'\n\t[string \".\\client/src/plaza/models/GameFrameEngine.lua\"]:619: in function 'LoadGameView'\n\t[string \".\\client/src/plaza/models/GameFrameEngine.lua\"]:737: in function 'onSocketUserStatus'\n\t[string \".\\client/src/plaza/models/GameFrameEngine.lua\"]:323: in function 'onSocketUserEvent'\n\t[string \".\\client/src/plaza/models/GameFrameEngine.lua\"]:113: in function 'onSocketEvent'\n\t[string \".\\client/src/plaza/models/BaseFrame.lua\"]:134: in function 'onSocketCallBack'\n\t[string \".\\client/src/plaza/models/BaseFrame.lua\"]:90: in function <[string \".\\client/src/plaza/models/BaseFrame.lua\"]:89>"
    },
    {
        "logtime": "2019/05/16 15:34:23",
        "logdata": "url"
    },
    {
        "logtime": "2019/05/16 15:34:23",
        "logdata": "http://apis.juhe.cn/ip/ip2addr?ip=123.235.54.13&key=74bb0395667b8d0588df9ebd6fc36a12"
    },
    {
        "logtime": "2019/05/16 15:34:23",
        "logdata": ""
    },
    {
        "logtime": "2019/05/16 15:34:23",
        "logdata": "url"
    },
    {
        "logtime": "2019/05/16 15:34:23",
        "logdata": "http://apis.juhe.cn/ip/ip2addr?ip=183.53.107.65&key=74bb0395667b8d0588df9ebd6fc36a12"
    },
    {
        "logtime": "2019/05/16 15:34:23",
        "logdata": ""
    },
    {
        "logtime": "2019/05/16 15:34:23",
        "logdata": "url"
    },
    {
        "logtime": "2019/05/16 15:34:23",
        "logdata": "http://apis.juhe.cn/ip/ip2addr?ip=61.232.220.204&key=74bb0395667b8d0588df9ebd6fc36a12"
    },
    {
        "logtime": "2019/05/16 15:34:23",
        "logdata": ""
    },
    {
        "logtime": "2019/05/16 15:34:23",
        "logdata": "url"
    },
    {
        "logtime": "2019/05/16 15:34:23",
        "logdata": "http://apis.juhe.cn/ip/ip2addr?ip=36.57.182.125&key=74bb0395667b8d0588df9ebd6fc36a12"
    },
    {
        "logtime": "2019/05/16 15:34:23",
        "logdata": ""
    },
    {
        "logtime": "2019/05/16 15:34:23",
        "logdata": "url"
    },
    {
        "logtime": "2019/05/16 15:34:23",
        "logdata": "http://apis.juhe.cn/ip/ip2addr?ip=171.13.234.102&key=74bb0395667b8d0588df9ebd6fc36a12"
    },
    {
        "logtime": "2019/05/16 15:34:23",
        "logdata": ""
    },
    {
        "logtime": "2019/05/16 15:34:23",
        "logdata": "url"
    },
    {
        "logtime": "2019/05/16 15:34:23",
        "logdata": "http://apis.juhe.cn/ip/ip2addr?ip=61.235.125.165&key=74bb0395667b8d0588df9ebd6fc36a12"
    },
    {
        "logtime": "2019/05/16 15:34:23",
        "logdata": ""
    },
    {
        "logtime": "2019/05/16 15:34:23",
        "logdata": "url"
    },
    {
        "logtime": "2019/05/16 15:34:23",
        "logdata": "http://apis.juhe.cn/ip/ip2addr?ip=121.76.1.227&key=74bb0395667b8d0588df9ebd6fc36a12"
    },
    {
        "logtime": "2019/05/16 15:34:23",
        "logdata": ""
    },
    {
        "logtime": "2019/05/16 15:34:23",
        "logdata": "url"
    },
    {
        "logtime": "2019/05/16 15:34:23",
        "logdata": "http://apis.juhe.cn/ip/ip2addr?ip=171.12.64.147&key=74bb0395667b8d0588df9ebd6fc36a12"
    },
    {
        "logtime": "2019/05/16 15:34:23",
        "logdata": ""
    },
    {
        "logtime": "2019/05/16 15:34:23",
        "logdata": "url"
    },
    {
        "logtime": "2019/05/16 15:34:23",
        "logdata": "http://apis.juhe.cn/ip/ip2addr?ip=171.13.25.31&key=74bb0395667b8d0588df9ebd6fc36a12"
    },
    {
        "logtime": "2019/05/16 15:34:23",
        "logdata": ""
    },
    {
        "logtime": "2019/05/16 15:34:36",
        "logdata": "url"
    },
    {
        "logtime": "2019/05/16 15:34:36",
        "logdata": "http://apis.juhe.cn/ip/ip2addr?ip=210.30.7.131&key=74bb0395667b8d0588df9ebd6fc36a12"
    },
    {
        "logtime": "2019/05/16 15:34:36",
        "logdata": ""
    },
    {
        "logtime": "2019/05/16 15:34:51",
        "logdata": "url"
    },
    {
        "logtime": "2019/05/16 15:34:51",
        "logdata": "http://apis.juhe.cn/ip/ip2addr?ip=139.200.71.36&key=74bb0395667b8d0588df9ebd6fc36a12"
    },
    {
        "logtime": "2019/05/16 15:34:51",
        "logdata": ""
    }
]