[
    {
        "logtime": "2019/07/01 16:54:07",
        "logdata": "url"
    },
    {
        "logtime": "2019/07/01 16:54:07",
        "logdata": "http://www.fuannainc.top//WS/MobileInterface.ashx"
    },
    {
        "logtime": "2019/07/01 16:54:07",
        "logdata": "action=GetScoreInfo&userid=119947&time=1561971247&signature=76F8BC9335D71C670CCDB2E3A22FDF3A"
    },
    {
        "logtime": "2019/07/01 16:54:07",
        "logdata": "url"
    },
    {
        "logtime": "2019/07/01 16:54:07",
        "logdata": "http://apis.juhe.cn/ip/ip2addr?ip=58.23.48.188&key=74bb0395667b8d0588df9ebd6fc36a12"
    },
    {
        "logtime": "2019/07/01 16:54:07",
        "logdata": ""
    },
    {
        "logtime": "2019/07/01 16:54:07",
        "logdata": "url"
    },
    {
        "logtime": "2019/07/01 16:54:07",
        "logdata": "http://apis.juhe.cn/ip/ip2addr?ip=58.23.48.188&key=74bb0395667b8d0588df9ebd6fc36a12"
    },
    {
        "logtime": "2019/07/01 16:54:07",
        "logdata": ""
    },
    {
        "logtime": "2019/07/01 16:54:07",
        "logdata": "url"
    },
    {
        "logtime": "2019/07/01 16:54:07",
        "logdata": "http://apis.juhe.cn/ip/ip2addr?ip=58.23.48.188&key=74bb0395667b8d0588df9ebd6fc36a12"
    },
    {
        "logtime": "2019/07/01 16:54:07",
        "logdata": ""
    },
    {
        "logtime": "2019/07/01 16:54:07",
        "logdata": "url"
    },
    {
        "logtime": "2019/07/01 16:54:07",
        "logdata": "http://apis.juhe.cn/ip/ip2addr?ip=58.23.48.188&key=74bb0395667b8d0588df9ebd6fc36a12"
    },
    {
        "logtime": "2019/07/01 16:54:07",
        "logdata": ""
    },
    {
        "logtime": "2019/07/01 16:54:11",
        "logdata": "LogonScene.onceExcute"
    },
    {
        "logtime": "2019/07/01 16:54:11",
        "logdata": "http://www.fuannainc.top/"
    },
    {
        "logtime": "2019/07/01 16:54:11",
        "logdata": "url"
    },
    {
        "logtime": "2019/07/01 16:54:11",
        "logdata": "http://www.fuannainc.top//ws/MobileInterface.ashx?action=GetMobileLoginNotice"
    },
    {
        "logtime": "2019/07/01 16:54:11",
        "logdata": ""
    },
    {
        "logtime": "2019/07/01 16:54:13",
        "logdata": "url"
    },
    {
        "logtime": "2019/07/01 16:54:13",
        "logdata": "http://apis.juhe.cn/ip/ip2addr?ip=58.23.48.188&key=74bb0395667b8d0588df9ebd6fc36a12"
    },
    {
        "logtime": "2019/07/01 16:54:13",
        "logdata": ""
    },
    {
        "logtime": "2019/07/01 16:54:13",
        "logdata": "onLogonCallBack"
    },
    {
        "logtime": "2019/07/01 16:54:13",
        "logdata": "http://www.fuannainc.top/"
    },
    {
        "logtime": "2019/07/01 16:54:13",
        "logdata": "url"
    },
    {
        "logtime": "2019/07/01 16:54:13",
        "logdata": "http://www.fuannainc.top//WS/MobileInterface.ashx"
    },
    {
        "logtime": "2019/07/01 16:54:13",
        "logdata": "action=GetMobileShareConfig&userid=119947&time=1561971253&signature=FD5CDE28E3DFD03F1C54E587CEA6B1D8"
    },
    {
        "logtime": "2019/07/01 16:54:15",
        "logdata": "url"
    },
    {
        "logtime": "2019/07/01 16:54:15",
        "logdata": "http://www.fuannainc.top//WS/MobileInterface.ashx?action=GetMobileRollNotice"
    },
    {
        "logtime": "2019/07/01 16:54:15",
        "logdata": ""
    },
    {
        "logtime": "2019/07/01 16:54:21",
        "logdata": "LogonScene.onceExcute"
    },
    {
        "logtime": "2019/07/01 16:54:21",
        "logdata": "http://www.fuannainc.top/"
    },
    {
        "logtime": "2019/07/01 16:54:22",
        "logdata": "url"
    },
    {
        "logtime": "2019/07/01 16:54:22",
        "logdata": "http://www.fuannainc.top//ws/MobileInterface.ashx?action=GetMobileLoginNotice"
    },
    {
        "logtime": "2019/07/01 16:54:22",
        "logdata": ""
    },
    {
        "logtime": "2019/07/01 16:54:23",
        "logdata": "url"
    },
    {
        "logtime": "2019/07/01 16:54:23",
        "logdata": "http://apis.juhe.cn/ip/ip2addr?ip=58.23.48.188&key=74bb0395667b8d0588df9ebd6fc36a12"
    },
    {
        "logtime": "2019/07/01 16:54:23",
        "logdata": ""
    },
    {
        "logtime": "2019/07/01 16:54:23",
        "logdata": "onLogonCallBack"
    },
    {
        "logtime": "2019/07/01 16:54:23",
        "logdata": "http://www.fuannainc.top/"
    },
    {
        "logtime": "2019/07/01 16:54:23",
        "logdata": "url"
    },
    {
        "logtime": "2019/07/01 16:54:23",
        "logdata": "http://www.fuannainc.top//WS/MobileInterface.ashx"
    },
    {
        "logtime": "2019/07/01 16:54:23",
        "logdata": "action=GetMobileShareConfig&userid=119947&time=1561971263&signature=CBF2F413EE92DDFCB1125A564AABEF40"
    },
    {
        "logtime": "2019/07/01 16:54:25",
        "logdata": "url"
    },
    {
        "logtime": "2019/07/01 16:54:25",
        "logdata": "http://www.fuannainc.top//WS/MobileInterface.ashx?action=GetMobileRollNotice"
    },
    {
        "logtime": "2019/07/01 16:54:25",
        "logdata": ""
    },
    {
        "logtime": "2019/07/01 16:54:27",
        "logdata": "url"
    },
    {
        "logtime": "2019/07/01 16:54:27",
        "logdata": "http://apis.juhe.cn/ip/ip2addr?ip=58.23.48.188&key=74bb0395667b8d0588df9ebd6fc36a12"
    },
    {
        "logtime": "2019/07/01 16:54:27",
        "logdata": ""
    },
    {
        "logtime": "2019/07/01 16:54:27",
        "logdata": "url"
    },
    {
        "logtime": "2019/07/01 16:54:27",
        "logdata": "http://apis.juhe.cn/ip/ip2addr?ip=58.23.48.188&key=74bb0395667b8d0588df9ebd6fc36a12"
    },
    {
        "logtime": "2019/07/01 16:54:27",
        "logdata": ""
    },
    {
        "logtime": "2019/07/01 16:54:27",
        "logdata": "url"
    },
    {
        "logtime": "2019/07/01 16:54:27",
        "logdata": "http://apis.juhe.cn/ip/ip2addr?ip=58.23.48.188&key=74bb0395667b8d0588df9ebd6fc36a12"
    },
    {
        "logtime": "2019/07/01 16:54:27",
        "logdata": ""
    },
    {
        "logtime": "2019/07/01 16:54:27",
        "logdata": "url"
    },
    {
        "logtime": "2019/07/01 16:54:27",
        "logdata": "http://apis.juhe.cn/ip/ip2addr?ip=58.23.48.188&key=74bb0395667b8d0588df9ebd6fc36a12"
    },
    {
        "logtime": "2019/07/01 16:54:27",
        "logdata": ""
    },
    {
        "logtime": "2019/07/01 16:54:27",
        "logdata": "url"
    },
    {
        "logtime": "2019/07/01 16:54:27",
        "logdata": "http://apis.juhe.cn/ip/ip2addr?ip=58.23.48.188&key=74bb0395667b8d0588df9ebd6fc36a12"
    },
    {
        "logtime": "2019/07/01 16:54:27",
        "logdata": ""
    },
    {
        "logtime": "2019/07/01 16:54:27",
        "logdata": "url"
    },
    {
        "logtime": "2019/07/01 16:54:27",
        "logdata": "http://apis.juhe.cn/ip/ip2addr?ip=58.23.48.188&key=74bb0395667b8d0588df9ebd6fc36a12"
    },
    {
        "logtime": "2019/07/01 16:54:27",
        "logdata": ""
    },
    {
        "logtime": "2019/07/01 16:54:27",
        "logdata": {
            "_ServerResVersion": 10,
            "_Active": true,
            "_KindVersion": "101122049",
            "_KindType": 1,
            "_Module": "xiuxian/shuiguolaba/",
            "_KindID": "406",
            "_Type": "xiuxian",
            "_KindName": "xiuxian.shuiguolaba.",
            "nEnterRoomIndex": 1,
            "_SortId": 0
        }
    },
    {
        "logtime": "2019/07/01 16:54:27",
        "logdata": "modulestr"
    },
    {
        "logtime": "2019/07/01 16:54:27",
        "logdata": "xiuxian/shuiguolaba/"
    },
    {
        "logtime": "2019/07/01 16:54:42",
        "logdata": "[string \".\\game/xiuxian/shuiguolaba/src/views/layer/Ga...\"]:702: attempt to perform arithmetic on local 'a' (a table value)\nstack traceback:\n\t[string \".\\game/xiuxian/shuiguolaba/src/views/layer/Ga...\"]:544: in function <[string \".\\game/xiuxian/shuiguolaba/src/views/layer/Ga...\"]:540>"
    },
    {
        "logtime": "2019/07/01 16:54:46",
        "logdata": null
    },
    {
        "logtime": "2019/07/01 16:54:46",
        "logdata": "onEnterGame"
    },
    {
        "logtime": "2019/07/01 16:54:46",
        "logdata": {
            "_ServerResVersion": 10,
            "_Active": true,
            "_KindVersion": "101122049",
            "_KindType": 1,
            "_Module": "xiuxian/shuiguolaba/",
            "_KindID": "406",
            "_Type": "xiuxian",
            "_KindName": "xiuxian.shuiguolaba.",
            "nEnterRoomIndex": 1,
            "_SortId": 0
        }
    },
    {
        "logtime": "2019/07/01 16:54:47",
        "logdata": "GlobalUserItem.getCurGameKind()"
    },
    {
        "logtime": "2019/07/01 16:54:47",
        "logdata": 406
    },
    {
        "logtime": "2019/07/01 16:54:51",
        "logdata": "LogonScene.onceExcute"
    },
    {
        "logtime": "2019/07/01 16:54:51",
        "logdata": "http://www.fuannainc.top/"
    },
    {
        "logtime": "2019/07/01 16:54:51",
        "logdata": "url"
    },
    {
        "logtime": "2019/07/01 16:54:51",
        "logdata": "http://www.fuannainc.top//ws/MobileInterface.ashx?action=GetMobileLoginNotice"
    },
    {
        "logtime": "2019/07/01 16:54:51",
        "logdata": ""
    },
    {
        "logtime": "2019/07/01 16:54:53",
        "logdata": "url"
    },
    {
        "logtime": "2019/07/01 16:54:53",
        "logdata": "http://apis.juhe.cn/ip/ip2addr?ip=58.23.48.188&key=74bb0395667b8d0588df9ebd6fc36a12"
    },
    {
        "logtime": "2019/07/01 16:54:53",
        "logdata": ""
    },
    {
        "logtime": "2019/07/01 16:54:53",
        "logdata": "onLogonCallBack"
    },
    {
        "logtime": "2019/07/01 16:54:53",
        "logdata": "http://www.fuannainc.top/"
    },
    {
        "logtime": "2019/07/01 16:54:53",
        "logdata": "url"
    },
    {
        "logtime": "2019/07/01 16:54:53",
        "logdata": "http://www.fuannainc.top//WS/MobileInterface.ashx"
    },
    {
        "logtime": "2019/07/01 16:54:53",
        "logdata": "action=GetMobileShareConfig&userid=119947&time=1561971293&signature=B62183D517E3DB948D075C5E4F7382C2"
    },
    {
        "logtime": "2019/07/01 16:54:55",
        "logdata": "url"
    },
    {
        "logtime": "2019/07/01 16:54:55",
        "logdata": "http://www.fuannainc.top//WS/MobileInterface.ashx?action=GetMobileRollNotice"
    },
    {
        "logtime": "2019/07/01 16:54:55",
        "logdata": ""
    },
    {
        "logtime": "2019/07/01 16:54:56",
        "logdata": "url"
    },
    {
        "logtime": "2019/07/01 16:54:56",
        "logdata": "http://apis.juhe.cn/ip/ip2addr?ip=58.23.48.188&key=74bb0395667b8d0588df9ebd6fc36a12"
    },
    {
        "logtime": "2019/07/01 16:54:56",
        "logdata": ""
    },
    {
        "logtime": "2019/07/01 16:54:56",
        "logdata": "url"
    },
    {
        "logtime": "2019/07/01 16:54:56",
        "logdata": "http://apis.juhe.cn/ip/ip2addr?ip=58.23.48.188&key=74bb0395667b8d0588df9ebd6fc36a12"
    },
    {
        "logtime": "2019/07/01 16:54:56",
        "logdata": ""
    },
    {
        "logtime": "2019/07/01 16:54:56",
        "logdata": "url"
    },
    {
        "logtime": "2019/07/01 16:54:56",
        "logdata": "http://apis.juhe.cn/ip/ip2addr?ip=58.23.48.188&key=74bb0395667b8d0588df9ebd6fc36a12"
    },
    {
        "logtime": "2019/07/01 16:54:56",
        "logdata": ""
    },
    {
        "logtime": "2019/07/01 16:54:56",
        "logdata": "url"
    },
    {
        "logtime": "2019/07/01 16:54:56",
        "logdata": "http://apis.juhe.cn/ip/ip2addr?ip=58.23.48.188&key=74bb0395667b8d0588df9ebd6fc36a12"
    },
    {
        "logtime": "2019/07/01 16:54:56",
        "logdata": ""
    },
    {
        "logtime": "2019/07/01 16:54:56",
        "logdata": "url"
    },
    {
        "logtime": "2019/07/01 16:54:56",
        "logdata": "http://apis.juhe.cn/ip/ip2addr?ip=58.23.48.188&key=74bb0395667b8d0588df9ebd6fc36a12"
    },
    {
        "logtime": "2019/07/01 16:54:56",
        "logdata": ""
    },
    {
        "logtime": "2019/07/01 16:54:57",
        "logdata": "url"
    },
    {
        "logtime": "2019/07/01 16:54:57",
        "logdata": "http://apis.juhe.cn/ip/ip2addr?ip=58.23.48.188&key=74bb0395667b8d0588df9ebd6fc36a12"
    },
    {
        "logtime": "2019/07/01 16:54:57",
        "logdata": ""
    },
    {
        "logtime": "2019/07/01 16:54:57",
        "logdata": {
            "_ServerResVersion": 10,
            "_Active": true,
            "_KindVersion": "101122049",
            "_KindType": 1,
            "_Module": "xiuxian/shuiguolaba/",
            "_KindID": "406",
            "_Type": "xiuxian",
            "_KindName": "xiuxian.shuiguolaba.",
            "nEnterRoomIndex": 1,
            "_SortId": 0
        }
    },
    {
        "logtime": "2019/07/01 16:54:57",
        "logdata": "modulestr"
    },
    {
        "logtime": "2019/07/01 16:54:57",
        "logdata": "xiuxian/shuiguolaba/"
    }
]