[
    {
        "logtime": "2019/07/08 19:00:55",
        "logdata": "LogonScene.onceExcute"
    },
    {
        "logtime": "2019/07/08 19:00:55",
        "logdata": "http://www.fuannainc.top/"
    },
    {
        "logtime": "2019/07/08 19:00:55",
        "logdata": "url"
    },
    {
        "logtime": "2019/07/08 19:00:55",
        "logdata": "http://www.fuannainc.top//ws/MobileInterface.ashx?action=GetMobileLoginNotice"
    },
    {
        "logtime": "2019/07/08 19:00:55",
        "logdata": ""
    },
    {
        "logtime": "2019/07/08 19:00:59",
        "logdata": "onLogonCallBack"
    },
    {
        "logtime": "2019/07/08 19:00:59",
        "logdata": "http://www.fuannainc.top/"
    },
    {
        "logtime": "2019/07/08 19:00:59",
        "logdata": "url"
    },
    {
        "logtime": "2019/07/08 19:00:59",
        "logdata": "http://www.fuannainc.top//WS/MobileInterface.ashx"
    },
    {
        "logtime": "2019/07/08 19:00:59",
        "logdata": "action=GetMobileShareConfig&userid=119902&time=1562583659&signature=B286D0B42F29BFE99ABA98DFDD42CBF1"
    }
]