[
    {
        "logtime": "2019/07/08 19:12:00",
        "logdata": "keys2"
    },
    {
        "logtime": "2019/07/08 19:12:00",
        "logdata": "byte"
    },
    {
        "logtime": "2019/07/08 19:12:00",
        "logdata": "keys2"
    },
    {
        "logtime": "2019/07/08 19:12:00",
        "logdata": "word"
    },
    {
        "logtime": "2019/07/08 19:12:00",
        "logdata": "keys2"
    },
    {
        "logtime": "2019/07/08 19:12:00",
        "logdata": "word"
    },
    {
        "logtime": "2019/07/08 19:12:00",
        "logdata": "keys2"
    },
    {
        "logtime": "2019/07/08 19:12:00",
        "logdata": "word"
    },
    {
        "logtime": "2019/07/08 19:12:00",
        "logdata": "keys2"
    },
    {
        "logtime": "2019/07/08 19:12:00",
        "logdata": "word"
    },
    {
        "logtime": "2019/07/08 19:12:00",
        "logdata": "keys2"
    },
    {
        "logtime": "2019/07/08 19:12:00",
        "logdata": "double"
    },
    {
        "logtime": "2019/07/08 19:12:00",
        "logdata": "keys2"
    },
    {
        "logtime": "2019/07/08 19:12:00",
        "logdata": "double"
    },
    {
        "logtime": "2019/07/08 19:12:00",
        "logdata": "keys2"
    },
    {
        "logtime": "2019/07/08 19:12:00",
        "logdata": "double"
    },
    {
        "logtime": "2019/07/08 19:12:00",
        "logdata": "keys2"
    },
    {
        "logtime": "2019/07/08 19:12:00",
        "logdata": "string"
    },
    {
        "logtime": "2019/07/08 19:12:00",
        "logdata": "keys2"
    },
    {
        "logtime": "2019/07/08 19:12:00",
        "logdata": "string"
    },
    {
        "logtime": "2019/07/08 19:12:00",
        "logdata": "keys2"
    },
    {
        "logtime": "2019/07/08 19:12:00",
        "logdata": "double"
    },
    {
        "logtime": "2019/07/08 19:12:00",
        "logdata": "keys2"
    },
    {
        "logtime": "2019/07/08 19:12:00",
        "logdata": "string"
    },
    {
        "logtime": "2019/07/08 19:12:01",
        "logdata": "url"
    },
    {
        "logtime": "2019/07/08 19:12:01",
        "logdata": "http://www.fuannainc.top//WS/MobileInterface.ashx"
    },
    {
        "logtime": "2019/07/08 19:12:01",
        "logdata": "action=gettixianrecord&userid=119939&signature=A00FBE7BB0BE8CA9F8607F35D0F890AE&time=1562584321&number=20&page=1"
    },
    {
        "logtime": "2019/07/08 19:12:07",
        "logdata": "keys2"
    },
    {
        "logtime": "2019/07/08 19:12:07",
        "logdata": "byte"
    },
    {
        "logtime": "2019/07/08 19:12:07",
        "logdata": "keys2"
    },
    {
        "logtime": "2019/07/08 19:12:07",
        "logdata": "word"
    },
    {
        "logtime": "2019/07/08 19:12:08",
        "logdata": "keys2"
    },
    {
        "logtime": "2019/07/08 19:12:08",
        "logdata": "word"
    },
    {
        "logtime": "2019/07/08 19:12:08",
        "logdata": "keys2"
    },
    {
        "logtime": "2019/07/08 19:12:08",
        "logdata": "word"
    },
    {
        "logtime": "2019/07/08 19:12:08",
        "logdata": "keys2"
    },
    {
        "logtime": "2019/07/08 19:12:08",
        "logdata": "word"
    },
    {
        "logtime": "2019/07/08 19:12:08",
        "logdata": "keys2"
    },
    {
        "logtime": "2019/07/08 19:12:08",
        "logdata": "double"
    },
    {
        "logtime": "2019/07/08 19:12:08",
        "logdata": "keys2"
    },
    {
        "logtime": "2019/07/08 19:12:08",
        "logdata": "double"
    },
    {
        "logtime": "2019/07/08 19:12:08",
        "logdata": "keys2"
    },
    {
        "logtime": "2019/07/08 19:12:08",
        "logdata": "double"
    },
    {
        "logtime": "2019/07/08 19:12:59",
        "logdata": "LogonScene.onceExcute"
    },
    {
        "logtime": "2019/07/08 19:12:59",
        "logdata": "http://www.fuannainc.top/"
    },
    {
        "logtime": "2019/07/08 19:12:59",
        "logdata": "url"
    },
    {
        "logtime": "2019/07/08 19:12:59",
        "logdata": "http://www.fuannainc.top//ws/MobileInterface.ashx?action=GetMobileLoginNotice"
    },
    {
        "logtime": "2019/07/08 19:12:59",
        "logdata": ""
    }
]