[
    {
        "logtime": "2019/06/17 11:00:00",
        "logdata": "url"
    },
    {
        "logtime": "2019/06/17 11:00:00",
        "logdata": "http://apis.juhe.cn/ip/ip2addr?ip=61.236.125.245&key=74bb0395667b8d0588df9ebd6fc36a12"
    },
    {
        "logtime": "2019/06/17 11:00:00",
        "logdata": ""
    },
    {
        "logtime": "2019/06/17 11:00:00",
        "logdata": "url"
    },
    {
        "logtime": "2019/06/17 11:00:00",
        "logdata": "http://apis.juhe.cn/ip/ip2addr?ip=182.89.124.230&key=74bb0395667b8d0588df9ebd6fc36a12"
    },
    {
        "logtime": "2019/06/17 11:00:00",
        "logdata": ""
    },
    {
        "logtime": "2019/06/17 11:00:00",
        "logdata": "url"
    },
    {
        "logtime": "2019/06/17 11:00:00",
        "logdata": "http://apis.juhe.cn/ip/ip2addr?ip=210.33.142.87&key=74bb0395667b8d0588df9ebd6fc36a12"
    },
    {
        "logtime": "2019/06/17 11:00:00",
        "logdata": ""
    },
    {
        "logtime": "2019/06/17 11:00:00",
        "logdata": "url"
    },
    {
        "logtime": "2019/06/17 11:00:00",
        "logdata": "http://apis.juhe.cn/ip/ip2addr?ip=36.60.51.195&key=74bb0395667b8d0588df9ebd6fc36a12"
    },
    {
        "logtime": "2019/06/17 11:00:00",
        "logdata": ""
    },
    {
        "logtime": "2019/06/17 11:00:00",
        "logdata": "url"
    },
    {
        "logtime": "2019/06/17 11:00:00",
        "logdata": "http://apis.juhe.cn/ip/ip2addr?ip=222.53.155.224&key=74bb0395667b8d0588df9ebd6fc36a12"
    },
    {
        "logtime": "2019/06/17 11:00:00",
        "logdata": ""
    },
    {
        "logtime": "2019/06/17 11:00:00",
        "logdata": "url"
    },
    {
        "logtime": "2019/06/17 11:00:00",
        "logdata": "http://apis.juhe.cn/ip/ip2addr?ip=171.14.157.142&key=74bb0395667b8d0588df9ebd6fc36a12"
    },
    {
        "logtime": "2019/06/17 11:00:00",
        "logdata": ""
    },
    {
        "logtime": "2019/06/17 11:00:00",
        "logdata": "url"
    },
    {
        "logtime": "2019/06/17 11:00:00",
        "logdata": "http://apis.juhe.cn/ip/ip2addr?ip=182.92.163.139&key=74bb0395667b8d0588df9ebd6fc36a12"
    },
    {
        "logtime": "2019/06/17 11:00:00",
        "logdata": ""
    },
    {
        "logtime": "2019/06/17 11:00:00",
        "logdata": "url"
    },
    {
        "logtime": "2019/06/17 11:00:00",
        "logdata": "http://apis.juhe.cn/ip/ip2addr?ip=210.46.6.10&key=74bb0395667b8d0588df9ebd6fc36a12"
    },
    {
        "logtime": "2019/06/17 11:00:00",
        "logdata": ""
    },
    {
        "logtime": "2019/06/17 11:00:00",
        "logdata": "url"
    },
    {
        "logtime": "2019/06/17 11:00:00",
        "logdata": "http://apis.juhe.cn/ip/ip2addr?ip=106.86.233.251&key=74bb0395667b8d0588df9ebd6fc36a12"
    },
    {
        "logtime": "2019/06/17 11:00:00",
        "logdata": ""
    },
    {
        "logtime": "2019/06/17 11:00:00",
        "logdata": "url"
    },
    {
        "logtime": "2019/06/17 11:00:00",
        "logdata": "http://apis.juhe.cn/ip/ip2addr?ip=222.45.164.234&key=74bb0395667b8d0588df9ebd6fc36a12"
    },
    {
        "logtime": "2019/06/17 11:00:00",
        "logdata": ""
    },
    {
        "logtime": "2019/06/17 11:00:00",
        "logdata": "url"
    },
    {
        "logtime": "2019/06/17 11:00:00",
        "logdata": "http://apis.juhe.cn/ip/ip2addr?ip=210.46.114.39&key=74bb0395667b8d0588df9ebd6fc36a12"
    },
    {
        "logtime": "2019/06/17 11:00:00",
        "logdata": ""
    },
    {
        "logtime": "2019/06/17 11:00:00",
        "logdata": "url"
    },
    {
        "logtime": "2019/06/17 11:00:00",
        "logdata": "http://apis.juhe.cn/ip/ip2addr?ip=36.59.42.123&key=74bb0395667b8d0588df9ebd6fc36a12"
    },
    {
        "logtime": "2019/06/17 11:00:00",
        "logdata": ""
    },
    {
        "logtime": "2019/06/17 11:00:00",
        "logdata": "url"
    },
    {
        "logtime": "2019/06/17 11:00:00",
        "logdata": "http://apis.juhe.cn/ip/ip2addr?ip=36.58.55.140&key=74bb0395667b8d0588df9ebd6fc36a12"
    },
    {
        "logtime": "2019/06/17 11:00:00",
        "logdata": ""
    },
    {
        "logtime": "2019/06/17 11:00:00",
        "logdata": "url"
    },
    {
        "logtime": "2019/06/17 11:00:00",
        "logdata": "http://apis.juhe.cn/ip/ip2addr?ip=61.235.97.155&key=74bb0395667b8d0588df9ebd6fc36a12"
    },
    {
        "logtime": "2019/06/17 11:00:00",
        "logdata": ""
    },
    {
        "logtime": "2019/06/17 11:00:00",
        "logdata": "url"
    },
    {
        "logtime": "2019/06/17 11:00:00",
        "logdata": "http://apis.juhe.cn/ip/ip2addr?ip=222.83.39.8&key=74bb0395667b8d0588df9ebd6fc36a12"
    },
    {
        "logtime": "2019/06/17 11:00:00",
        "logdata": ""
    },
    {
        "logtime": "2019/06/17 11:00:00",
        "logdata": "url"
    },
    {
        "logtime": "2019/06/17 11:00:00",
        "logdata": "http://apis.juhe.cn/ip/ip2addr?ip=139.201.166.95&key=74bb0395667b8d0588df9ebd6fc36a12"
    },
    {
        "logtime": "2019/06/17 11:00:00",
        "logdata": ""
    },
    {
        "logtime": "2019/06/17 11:00:00",
        "logdata": "url"
    },
    {
        "logtime": "2019/06/17 11:00:00",
        "logdata": "http://apis.juhe.cn/ip/ip2addr?ip=61.235.5.99&key=74bb0395667b8d0588df9ebd6fc36a12"
    },
    {
        "logtime": "2019/06/17 11:00:00",
        "logdata": ""
    },
    {
        "logtime": "2019/06/17 11:00:00",
        "logdata": "url"
    },
    {
        "logtime": "2019/06/17 11:00:00",
        "logdata": "http://apis.juhe.cn/ip/ip2addr?ip=222.70.167.135&key=74bb0395667b8d0588df9ebd6fc36a12"
    },
    {
        "logtime": "2019/06/17 11:00:00",
        "logdata": ""
    },
    {
        "logtime": "2019/06/17 11:00:00",
        "logdata": "url"
    },
    {
        "logtime": "2019/06/17 11:00:00",
        "logdata": "http://apis.juhe.cn/ip/ip2addr?ip=210.43.240.18&key=74bb0395667b8d0588df9ebd6fc36a12"
    },
    {
        "logtime": "2019/06/17 11:00:00",
        "logdata": ""
    },
    {
        "logtime": "2019/06/17 11:00:00",
        "logdata": "url"
    },
    {
        "logtime": "2019/06/17 11:00:00",
        "logdata": "http://apis.juhe.cn/ip/ip2addr?ip=139.213.38.105&key=74bb0395667b8d0588df9ebd6fc36a12"
    },
    {
        "logtime": "2019/06/17 11:00:00",
        "logdata": ""
    },
    {
        "logtime": "2019/06/17 11:00:00",
        "logdata": "url"
    },
    {
        "logtime": "2019/06/17 11:00:00",
        "logdata": "http://apis.juhe.cn/ip/ip2addr?ip=182.80.241.20&key=74bb0395667b8d0588df9ebd6fc36a12"
    },
    {
        "logtime": "2019/06/17 11:00:00",
        "logdata": ""
    },
    {
        "logtime": "2019/06/17 11:00:00",
        "logdata": "url"
    },
    {
        "logtime": "2019/06/17 11:00:00",
        "logdata": "http://apis.juhe.cn/ip/ip2addr?ip=210.26.168.110&key=74bb0395667b8d0588df9ebd6fc36a12"
    },
    {
        "logtime": "2019/06/17 11:00:00",
        "logdata": ""
    },
    {
        "logtime": "2019/06/17 11:00:00",
        "logdata": "url"
    },
    {
        "logtime": "2019/06/17 11:00:00",
        "logdata": "http://apis.juhe.cn/ip/ip2addr?ip=61.233.110.184&key=74bb0395667b8d0588df9ebd6fc36a12"
    },
    {
        "logtime": "2019/06/17 11:00:00",
        "logdata": ""
    },
    {
        "logtime": "2019/06/17 11:00:00",
        "logdata": "url"
    },
    {
        "logtime": "2019/06/17 11:00:00",
        "logdata": "http://apis.juhe.cn/ip/ip2addr?ip=121.76.68.156&key=74bb0395667b8d0588df9ebd6fc36a12"
    },
    {
        "logtime": "2019/06/17 11:00:00",
        "logdata": ""
    },
    {
        "logtime": "2019/06/17 11:00:00",
        "logdata": "url"
    },
    {
        "logtime": "2019/06/17 11:00:00",
        "logdata": "http://apis.juhe.cn/ip/ip2addr?ip=182.89.115.28&key=74bb0395667b8d0588df9ebd6fc36a12"
    },
    {
        "logtime": "2019/06/17 11:00:00",
        "logdata": ""
    },
    {
        "logtime": "2019/06/17 11:00:00",
        "logdata": "url"
    },
    {
        "logtime": "2019/06/17 11:00:00",
        "logdata": "http://apis.juhe.cn/ip/ip2addr?ip=123.235.85.9&key=74bb0395667b8d0588df9ebd6fc36a12"
    },
    {
        "logtime": "2019/06/17 11:00:00",
        "logdata": ""
    },
    {
        "logtime": "2019/06/17 11:00:00",
        "logdata": "url"
    },
    {
        "logtime": "2019/06/17 11:00:00",
        "logdata": "http://apis.juhe.cn/ip/ip2addr?ip=139.215.80.97&key=74bb0395667b8d0588df9ebd6fc36a12"
    },
    {
        "logtime": "2019/06/17 11:00:00",
        "logdata": ""
    },
    {
        "logtime": "2019/06/17 11:00:00",
        "logdata": "url"
    },
    {
        "logtime": "2019/06/17 11:00:00",
        "logdata": "http://apis.juhe.cn/ip/ip2addr?ip=139.210.173.72&key=74bb0395667b8d0588df9ebd6fc36a12"
    },
    {
        "logtime": "2019/06/17 11:00:00",
        "logdata": ""
    },
    {
        "logtime": "2019/06/17 11:00:00",
        "logdata": "url"
    },
    {
        "logtime": "2019/06/17 11:00:00",
        "logdata": "http://apis.juhe.cn/ip/ip2addr?ip=106.94.127.177&key=74bb0395667b8d0588df9ebd6fc36a12"
    },
    {
        "logtime": "2019/06/17 11:00:00",
        "logdata": ""
    },
    {
        "logtime": "2019/06/17 11:00:00",
        "logdata": "url"
    },
    {
        "logtime": "2019/06/17 11:00:00",
        "logdata": "http://apis.juhe.cn/ip/ip2addr?ip=139.203.52.152&key=74bb0395667b8d0588df9ebd6fc36a12"
    },
    {
        "logtime": "2019/06/17 11:00:00",
        "logdata": ""
    },
    {
        "logtime": "2019/06/17 11:00:00",
        "logdata": "url"
    },
    {
        "logtime": "2019/06/17 11:00:00",
        "logdata": "http://apis.juhe.cn/ip/ip2addr?ip=171.8.248.123&key=74bb0395667b8d0588df9ebd6fc36a12"
    },
    {
        "logtime": "2019/06/17 11:00:00",
        "logdata": ""
    },
    {
        "logtime": "2019/06/17 11:00:00",
        "logdata": "url"
    },
    {
        "logtime": "2019/06/17 11:00:00",
        "logdata": "http://apis.juhe.cn/ip/ip2addr?ip=61.235.58.25&key=74bb0395667b8d0588df9ebd6fc36a12"
    },
    {
        "logtime": "2019/06/17 11:00:00",
        "logdata": ""
    },
    {
        "logtime": "2019/06/17 11:00:00",
        "logdata": "url"
    },
    {
        "logtime": "2019/06/17 11:00:00",
        "logdata": "http://apis.juhe.cn/ip/ip2addr?ip=222.56.183.224&key=74bb0395667b8d0588df9ebd6fc36a12"
    },
    {
        "logtime": "2019/06/17 11:00:00",
        "logdata": ""
    },
    {
        "logtime": "2019/06/17 11:00:00",
        "logdata": "url"
    },
    {
        "logtime": "2019/06/17 11:00:00",
        "logdata": "http://apis.juhe.cn/ip/ip2addr?ip=210.37.193.218&key=74bb0395667b8d0588df9ebd6fc36a12"
    },
    {
        "logtime": "2019/06/17 11:00:00",
        "logdata": ""
    },
    {
        "logtime": "2019/06/17 11:00:00",
        "logdata": "url"
    },
    {
        "logtime": "2019/06/17 11:00:00",
        "logdata": "http://apis.juhe.cn/ip/ip2addr?ip=36.59.7.217&key=74bb0395667b8d0588df9ebd6fc36a12"
    },
    {
        "logtime": "2019/06/17 11:00:00",
        "logdata": ""
    },
    {
        "logtime": "2019/06/17 11:00:00",
        "logdata": "url"
    },
    {
        "logtime": "2019/06/17 11:00:00",
        "logdata": "http://apis.juhe.cn/ip/ip2addr?ip=123.233.238.100&key=74bb0395667b8d0588df9ebd6fc36a12"
    },
    {
        "logtime": "2019/06/17 11:00:00",
        "logdata": ""
    },
    {
        "logtime": "2019/06/17 11:00:00",
        "logdata": "url"
    },
    {
        "logtime": "2019/06/17 11:00:00",
        "logdata": "http://apis.juhe.cn/ip/ip2addr?ip=222.65.193.118&key=74bb0395667b8d0588df9ebd6fc36a12"
    },
    {
        "logtime": "2019/06/17 11:00:00",
        "logdata": ""
    },
    {
        "logtime": "2019/06/17 11:00:00",
        "logdata": "url"
    },
    {
        "logtime": "2019/06/17 11:00:00",
        "logdata": "http://apis.juhe.cn/ip/ip2addr?ip=182.90.194.8&key=74bb0395667b8d0588df9ebd6fc36a12"
    },
    {
        "logtime": "2019/06/17 11:00:00",
        "logdata": ""
    },
    {
        "logtime": "2019/06/17 11:00:00",
        "logdata": "url"
    },
    {
        "logtime": "2019/06/17 11:00:00",
        "logdata": "http://apis.juhe.cn/ip/ip2addr?ip=121.76.177.30&key=74bb0395667b8d0588df9ebd6fc36a12"
    },
    {
        "logtime": "2019/06/17 11:00:00",
        "logdata": ""
    },
    {
        "logtime": "2019/06/17 11:00:00",
        "logdata": "url"
    },
    {
        "logtime": "2019/06/17 11:00:00",
        "logdata": "http://apis.juhe.cn/ip/ip2addr?ip=171.10.140.50&key=74bb0395667b8d0588df9ebd6fc36a12"
    },
    {
        "logtime": "2019/06/17 11:00:00",
        "logdata": ""
    },
    {
        "logtime": "2019/06/17 11:00:00",
        "logdata": "url"
    },
    {
        "logtime": "2019/06/17 11:00:00",
        "logdata": "http://apis.juhe.cn/ip/ip2addr?ip=182.91.18.217&key=74bb0395667b8d0588df9ebd6fc36a12"
    },
    {
        "logtime": "2019/06/17 11:00:00",
        "logdata": ""
    },
    {
        "logtime": "2019/06/17 11:00:00",
        "logdata": "url"
    },
    {
        "logtime": "2019/06/17 11:00:00",
        "logdata": "http://apis.juhe.cn/ip/ip2addr?ip=222.59.54.164&key=74bb0395667b8d0588df9ebd6fc36a12"
    },
    {
        "logtime": "2019/06/17 11:00:00",
        "logdata": ""
    },
    {
        "logtime": "2019/06/17 11:00:00",
        "logdata": "url"
    },
    {
        "logtime": "2019/06/17 11:00:00",
        "logdata": "http://apis.juhe.cn/ip/ip2addr?ip=171.11.55.42&key=74bb0395667b8d0588df9ebd6fc36a12"
    },
    {
        "logtime": "2019/06/17 11:00:00",
        "logdata": ""
    },
    {
        "logtime": "2019/06/17 11:00:00",
        "logdata": "url"
    },
    {
        "logtime": "2019/06/17 11:00:00",
        "logdata": "http://apis.juhe.cn/ip/ip2addr?ip=121.77.88.197&key=74bb0395667b8d0588df9ebd6fc36a12"
    },
    {
        "logtime": "2019/06/17 11:00:00",
        "logdata": ""
    },
    {
        "logtime": "2019/06/17 11:00:00",
        "logdata": "url"
    },
    {
        "logtime": "2019/06/17 11:00:00",
        "logdata": "http://apis.juhe.cn/ip/ip2addr?ip=222.55.155.180&key=74bb0395667b8d0588df9ebd6fc36a12"
    },
    {
        "logtime": "2019/06/17 11:00:00",
        "logdata": ""
    },
    {
        "logtime": "2019/06/17 11:00:00",
        "logdata": "url"
    },
    {
        "logtime": "2019/06/17 11:00:00",
        "logdata": "http://apis.juhe.cn/ip/ip2addr?ip=121.77.143.31&key=74bb0395667b8d0588df9ebd6fc36a12"
    },
    {
        "logtime": "2019/06/17 11:00:00",
        "logdata": ""
    },
    {
        "logtime": "2019/06/17 11:00:00",
        "logdata": "url"
    },
    {
        "logtime": "2019/06/17 11:00:00",
        "logdata": "http://apis.juhe.cn/ip/ip2addr?ip=121.76.239.198&key=74bb0395667b8d0588df9ebd6fc36a12"
    },
    {
        "logtime": "2019/06/17 11:00:00",
        "logdata": ""
    },
    {
        "logtime": "2019/06/17 11:00:00",
        "logdata": "url"
    },
    {
        "logtime": "2019/06/17 11:00:00",
        "logdata": "http://apis.juhe.cn/ip/ip2addr?ip=139.200.156.98&key=74bb0395667b8d0588df9ebd6fc36a12"
    },
    {
        "logtime": "2019/06/17 11:00:00",
        "logdata": ""
    },
    {
        "logtime": "2019/06/17 11:00:00",
        "logdata": "url"
    },
    {
        "logtime": "2019/06/17 11:00:00",
        "logdata": "http://apis.juhe.cn/ip/ip2addr?ip=182.84.54.140&key=74bb0395667b8d0588df9ebd6fc36a12"
    },
    {
        "logtime": "2019/06/17 11:00:00",
        "logdata": ""
    },
    {
        "logtime": "2019/06/17 11:00:00",
        "logdata": "url"
    },
    {
        "logtime": "2019/06/17 11:00:00",
        "logdata": "http://apis.juhe.cn/ip/ip2addr?ip=36.63.191.13&key=74bb0395667b8d0588df9ebd6fc36a12"
    },
    {
        "logtime": "2019/06/17 11:00:00",
        "logdata": ""
    },
    {
        "logtime": "2019/06/17 11:00:00",
        "logdata": "url"
    },
    {
        "logtime": "2019/06/17 11:00:00",
        "logdata": "http://apis.juhe.cn/ip/ip2addr?ip=36.59.41.19&key=74bb0395667b8d0588df9ebd6fc36a12"
    },
    {
        "logtime": "2019/06/17 11:00:00",
        "logdata": ""
    },
    {
        "logtime": "2019/06/17 11:00:00",
        "logdata": "url"
    },
    {
        "logtime": "2019/06/17 11:00:00",
        "logdata": "http://apis.juhe.cn/ip/ip2addr?ip=210.32.60.241&key=74bb0395667b8d0588df9ebd6fc36a12"
    },
    {
        "logtime": "2019/06/17 11:00:00",
        "logdata": ""
    },
    {
        "logtime": "2019/06/17 11:00:00",
        "logdata": "url"
    },
    {
        "logtime": "2019/06/17 11:00:00",
        "logdata": "http://apis.juhe.cn/ip/ip2addr?ip=171.14.18.108&key=74bb0395667b8d0588df9ebd6fc36a12"
    },
    {
        "logtime": "2019/06/17 11:00:00",
        "logdata": ""
    },
    {
        "logtime": "2019/06/17 11:00:00",
        "logdata": "url"
    },
    {
        "logtime": "2019/06/17 11:00:00",
        "logdata": "http://apis.juhe.cn/ip/ip2addr?ip=210.32.190.211&key=74bb0395667b8d0588df9ebd6fc36a12"
    },
    {
        "logtime": "2019/06/17 11:00:00",
        "logdata": ""
    },
    {
        "logtime": "2019/06/17 11:00:00",
        "logdata": "url"
    },
    {
        "logtime": "2019/06/17 11:00:00",
        "logdata": "http://apis.juhe.cn/ip/ip2addr?ip=222.66.100.17&key=74bb0395667b8d0588df9ebd6fc36a12"
    },
    {
        "logtime": "2019/06/17 11:00:00",
        "logdata": ""
    },
    {
        "logtime": "2019/06/17 11:00:00",
        "logdata": "url"
    },
    {
        "logtime": "2019/06/17 11:00:00",
        "logdata": "http://apis.juhe.cn/ip/ip2addr?ip=123.234.226.79&key=74bb0395667b8d0588df9ebd6fc36a12"
    },
    {
        "logtime": "2019/06/17 11:00:00",
        "logdata": ""
    },
    {
        "logtime": "2019/06/17 11:00:00",
        "logdata": "url"
    },
    {
        "logtime": "2019/06/17 11:00:00",
        "logdata": "http://apis.juhe.cn/ip/ip2addr?ip=36.60.218.56&key=74bb0395667b8d0588df9ebd6fc36a12"
    },
    {
        "logtime": "2019/06/17 11:00:00",
        "logdata": ""
    },
    {
        "logtime": "2019/06/17 11:00:00",
        "logdata": "url"
    },
    {
        "logtime": "2019/06/17 11:00:00",
        "logdata": "http://apis.juhe.cn/ip/ip2addr?ip=222.26.153.68&key=74bb0395667b8d0588df9ebd6fc36a12"
    },
    {
        "logtime": "2019/06/17 11:00:00",
        "logdata": ""
    },
    {
        "logtime": "2019/06/17 11:00:00",
        "logdata": "url"
    },
    {
        "logtime": "2019/06/17 11:00:00",
        "logdata": "http://apis.juhe.cn/ip/ip2addr?ip=210.35.181.217&key=74bb0395667b8d0588df9ebd6fc36a12"
    },
    {
        "logtime": "2019/06/17 11:00:00",
        "logdata": ""
    },
    {
        "logtime": "2019/06/17 11:00:00",
        "logdata": "url"
    },
    {
        "logtime": "2019/06/17 11:00:00",
        "logdata": "http://apis.juhe.cn/ip/ip2addr?ip=222.42.20.0&key=74bb0395667b8d0588df9ebd6fc36a12"
    },
    {
        "logtime": "2019/06/17 11:00:00",
        "logdata": ""
    },
    {
        "logtime": "2019/06/17 11:00:00",
        "logdata": "url"
    },
    {
        "logtime": "2019/06/17 11:00:00",
        "logdata": "http://apis.juhe.cn/ip/ip2addr?ip=139.210.183.7&key=74bb0395667b8d0588df9ebd6fc36a12"
    },
    {
        "logtime": "2019/06/17 11:00:00",
        "logdata": ""
    },
    {
        "logtime": "2019/06/17 11:00:00",
        "logdata": "url"
    },
    {
        "logtime": "2019/06/17 11:00:00",
        "logdata": "http://apis.juhe.cn/ip/ip2addr?ip=121.76.5.155&key=74bb0395667b8d0588df9ebd6fc36a12"
    },
    {
        "logtime": "2019/06/17 11:00:00",
        "logdata": ""
    },
    {
        "logtime": "2019/06/17 11:00:00",
        "logdata": "url"
    },
    {
        "logtime": "2019/06/17 11:00:00",
        "logdata": "http://apis.juhe.cn/ip/ip2addr?ip=61.232.25.182&key=74bb0395667b8d0588df9ebd6fc36a12"
    },
    {
        "logtime": "2019/06/17 11:00:00",
        "logdata": ""
    },
    {
        "logtime": "2019/06/17 11:00:00",
        "logdata": "url"
    },
    {
        "logtime": "2019/06/17 11:00:00",
        "logdata": "http://apis.juhe.cn/ip/ip2addr?ip=61.232.139.10&key=74bb0395667b8d0588df9ebd6fc36a12"
    },
    {
        "logtime": "2019/06/17 11:00:00",
        "logdata": ""
    },
    {
        "logtime": "2019/06/17 11:00:00",
        "logdata": "url"
    },
    {
        "logtime": "2019/06/17 11:00:00",
        "logdata": "http://apis.juhe.cn/ip/ip2addr?ip=123.235.150.53&key=74bb0395667b8d0588df9ebd6fc36a12"
    },
    {
        "logtime": "2019/06/17 11:00:00",
        "logdata": ""
    },
    {
        "logtime": "2019/06/17 11:00:00",
        "logdata": "url"
    },
    {
        "logtime": "2019/06/17 11:00:00",
        "logdata": "http://apis.juhe.cn/ip/ip2addr?ip=121.76.163.237&key=74bb0395667b8d0588df9ebd6fc36a12"
    },
    {
        "logtime": "2019/06/17 11:00:00",
        "logdata": ""
    },
    {
        "logtime": "2019/06/17 11:00:00",
        "logdata": "url"
    },
    {
        "logtime": "2019/06/17 11:00:00",
        "logdata": "http://apis.juhe.cn/ip/ip2addr?ip=123.234.115.60&key=74bb0395667b8d0588df9ebd6fc36a12"
    },
    {
        "logtime": "2019/06/17 11:00:00",
        "logdata": ""
    },
    {
        "logtime": "2019/06/17 11:00:00",
        "logdata": {
            "_ServerResVersion": 6,
            "_Active": true,
            "_KindVersion": "101122049",
            "_KindType": 2,
            "_Module": "yule/redninebattle/",
            "_KindID": "109",
            "_Type": "yule",
            "nSitChair": 65535,
            "_KindName": "yule.redninebattle.",
            "nEnterRoomIndex": 1,
            "nSitTable": 65535,
            "_SortId": 12
        }
    },
    {
        "logtime": "2019/06/17 11:00:00",
        "logdata": "modulestr"
    },
    {
        "logtime": "2019/06/17 11:00:00",
        "logdata": "yule/redninebattle/"
    },
    {
        "logtime": "2019/06/17 11:00:00",
        "logdata": "url"
    },
    {
        "logtime": "2019/06/17 11:00:00",
        "logdata": "http://apis.juhe.cn/ip/ip2addr?ip=222.17.234.203&key=74bb0395667b8d0588df9ebd6fc36a12"
    },
    {
        "logtime": "2019/06/17 11:00:00",
        "logdata": ""
    },
    {
        "logtime": "2019/06/17 11:00:00",
        "logdata": "url"
    },
    {
        "logtime": "2019/06/17 11:00:00",
        "logdata": "http://apis.juhe.cn/ip/ip2addr?ip=182.86.197.139&key=74bb0395667b8d0588df9ebd6fc36a12"
    },
    {
        "logtime": "2019/06/17 11:00:00",
        "logdata": ""
    },
    {
        "logtime": "2019/06/17 11:00:00",
        "logdata": "url"
    },
    {
        "logtime": "2019/06/17 11:00:00",
        "logdata": "http://apis.juhe.cn/ip/ip2addr?ip=139.207.108.242&key=74bb0395667b8d0588df9ebd6fc36a12"
    },
    {
        "logtime": "2019/06/17 11:00:00",
        "logdata": ""
    },
    {
        "logtime": "2019/06/17 11:00:00",
        "logdata": "url"
    },
    {
        "logtime": "2019/06/17 11:00:00",
        "logdata": "http://apis.juhe.cn/ip/ip2addr?ip=61.236.35.179&key=74bb0395667b8d0588df9ebd6fc36a12"
    },
    {
        "logtime": "2019/06/17 11:00:00",
        "logdata": ""
    },
    {
        "logtime": "2019/06/17 11:00:00",
        "logdata": "url"
    },
    {
        "logtime": "2019/06/17 11:00:00",
        "logdata": "http://apis.juhe.cn/ip/ip2addr?ip=171.15.123.193&key=74bb0395667b8d0588df9ebd6fc36a12"
    },
    {
        "logtime": "2019/06/17 11:00:00",
        "logdata": ""
    },
    {
        "logtime": "2019/06/17 11:00:00",
        "logdata": "url"
    },
    {
        "logtime": "2019/06/17 11:00:00",
        "logdata": "http://apis.juhe.cn/ip/ip2addr?ip=210.40.199.189&key=74bb0395667b8d0588df9ebd6fc36a12"
    },
    {
        "logtime": "2019/06/17 11:00:00",
        "logdata": ""
    },
    {
        "logtime": "2019/06/17 11:00:00",
        "logdata": "url"
    },
    {
        "logtime": "2019/06/17 11:00:00",
        "logdata": "http://apis.juhe.cn/ip/ip2addr?ip=139.215.119.194&key=74bb0395667b8d0588df9ebd6fc36a12"
    },
    {
        "logtime": "2019/06/17 11:00:00",
        "logdata": ""
    },
    {
        "logtime": "2019/06/17 11:00:00",
        "logdata": "url"
    },
    {
        "logtime": "2019/06/17 11:00:00",
        "logdata": "http://apis.juhe.cn/ip/ip2addr?ip=139.208.43.217&key=74bb0395667b8d0588df9ebd6fc36a12"
    },
    {
        "logtime": "2019/06/17 11:00:00",
        "logdata": ""
    },
    {
        "logtime": "2019/06/17 11:00:00",
        "logdata": "url"
    },
    {
        "logtime": "2019/06/17 11:00:00",
        "logdata": "http://apis.juhe.cn/ip/ip2addr?ip=106.90.156.121&key=74bb0395667b8d0588df9ebd6fc36a12"
    },
    {
        "logtime": "2019/06/17 11:00:00",
        "logdata": ""
    },
    {
        "logtime": "2019/06/17 11:00:00",
        "logdata": "url"
    },
    {
        "logtime": "2019/06/17 11:00:00",
        "logdata": "http://apis.juhe.cn/ip/ip2addr?ip=121.77.71.247&key=74bb0395667b8d0588df9ebd6fc36a12"
    },
    {
        "logtime": "2019/06/17 11:00:00",
        "logdata": ""
    },
    {
        "logtime": "2019/06/17 11:00:00",
        "logdata": "url"
    },
    {
        "logtime": "2019/06/17 11:00:00",
        "logdata": "http://apis.juhe.cn/ip/ip2addr?ip=171.8.51.71&key=74bb0395667b8d0588df9ebd6fc36a12"
    },
    {
        "logtime": "2019/06/17 11:00:00",
        "logdata": ""
    },
    {
        "logtime": "2019/06/17 11:00:00",
        "logdata": "url"
    },
    {
        "logtime": "2019/06/17 11:00:00",
        "logdata": "http://apis.juhe.cn/ip/ip2addr?ip=36.59.42.123&key=74bb0395667b8d0588df9ebd6fc36a12"
    },
    {
        "logtime": "2019/06/17 11:00:00",
        "logdata": ""
    },
    {
        "logtime": "2019/06/17 11:00:00",
        "logdata": "url"
    },
    {
        "logtime": "2019/06/17 11:00:00",
        "logdata": "http://apis.juhe.cn/ip/ip2addr?ip=61.235.58.25&key=74bb0395667b8d0588df9ebd6fc36a12"
    },
    {
        "logtime": "2019/06/17 11:00:00",
        "logdata": ""
    },
    {
        "logtime": "2019/06/17 11:00:01",
        "logdata": "url"
    },
    {
        "logtime": "2019/06/17 11:00:01",
        "logdata": "http://apis.juhe.cn/ip/ip2addr?ip=182.90.194.8&key=74bb0395667b8d0588df9ebd6fc36a12"
    },
    {
        "logtime": "2019/06/17 11:00:01",
        "logdata": ""
    },
    {
        "logtime": "2019/06/17 11:00:01",
        "logdata": "url"
    },
    {
        "logtime": "2019/06/17 11:00:01",
        "logdata": "http://apis.juhe.cn/ip/ip2addr?ip=210.35.181.217&key=74bb0395667b8d0588df9ebd6fc36a12"
    },
    {
        "logtime": "2019/06/17 11:00:01",
        "logdata": ""
    },
    {
        "logtime": "2019/06/17 11:00:01",
        "logdata": "url"
    },
    {
        "logtime": "2019/06/17 11:00:01",
        "logdata": "http://apis.juhe.cn/ip/ip2addr?ip=222.26.153.68&key=74bb0395667b8d0588df9ebd6fc36a12"
    },
    {
        "logtime": "2019/06/17 11:00:01",
        "logdata": ""
    }
]