[
    {
        "logtime": "2019/07/19 10:45:24",
        "logdata": "LogonScene.onceExcute"
    },
    {
        "logtime": "2019/07/19 10:45:24",
        "logdata": "http://www.fuannabbs.top/"
    },
    {
        "logtime": "2019/07/19 10:45:24",
        "logdata": "url"
    },
    {
        "logtime": "2019/07/19 10:45:24",
        "logdata": "http://www.fuannabbs.top//ws/MobileInterface.ashx?action=GetMobileLoginNotice"
    },
    {
        "logtime": "2019/07/19 10:45:24",
        "logdata": ""
    }
]