[
    {
        "logtime": "2019/07/09 10:54:00",
        "logdata": "keys2"
    },
    {
        "logtime": "2019/07/09 10:54:00",
        "logdata": "byte"
    },
    {
        "logtime": "2019/07/09 10:54:00",
        "logdata": "keys2"
    },
    {
        "logtime": "2019/07/09 10:54:00",
        "logdata": "word"
    },
    {
        "logtime": "2019/07/09 10:54:00",
        "logdata": "keys2"
    },
    {
        "logtime": "2019/07/09 10:54:00",
        "logdata": "word"
    },
    {
        "logtime": "2019/07/09 10:54:00",
        "logdata": "keys2"
    },
    {
        "logtime": "2019/07/09 10:54:00",
        "logdata": "word"
    },
    {
        "logtime": "2019/07/09 10:54:00",
        "logdata": "keys2"
    },
    {
        "logtime": "2019/07/09 10:54:00",
        "logdata": "word"
    },
    {
        "logtime": "2019/07/09 10:54:00",
        "logdata": "keys2"
    },
    {
        "logtime": "2019/07/09 10:54:00",
        "logdata": "double"
    },
    {
        "logtime": "2019/07/09 10:54:00",
        "logdata": "keys2"
    },
    {
        "logtime": "2019/07/09 10:54:00",
        "logdata": "double"
    },
    {
        "logtime": "2019/07/09 10:54:00",
        "logdata": "keys2"
    },
    {
        "logtime": "2019/07/09 10:54:00",
        "logdata": "double"
    },
    {
        "logtime": "2019/07/09 10:54:00",
        "logdata": "keys2"
    },
    {
        "logtime": "2019/07/09 10:54:00",
        "logdata": "string"
    },
    {
        "logtime": "2019/07/09 10:54:00",
        "logdata": "keys2"
    },
    {
        "logtime": "2019/07/09 10:54:00",
        "logdata": "string"
    },
    {
        "logtime": "2019/07/09 10:54:00",
        "logdata": "keys2"
    },
    {
        "logtime": "2019/07/09 10:54:00",
        "logdata": "double"
    },
    {
        "logtime": "2019/07/09 10:54:00",
        "logdata": "keys2"
    },
    {
        "logtime": "2019/07/09 10:54:00",
        "logdata": "string"
    },
    {
        "logtime": "2019/07/09 10:54:50",
        "logdata": "LogonScene.onceExcute"
    },
    {
        "logtime": "2019/07/09 10:54:50",
        "logdata": "http://www.fuannainc.top/"
    },
    {
        "logtime": "2019/07/09 10:54:50",
        "logdata": "url"
    },
    {
        "logtime": "2019/07/09 10:54:50",
        "logdata": "http://www.fuannainc.top//ws/MobileInterface.ashx?action=GetMobileLoginNotice"
    },
    {
        "logtime": "2019/07/09 10:54:50",
        "logdata": ""
    },
    {
        "logtime": "2019/07/09 10:54:52",
        "logdata": "onLogonCallBack"
    },
    {
        "logtime": "2019/07/09 10:54:52",
        "logdata": "http://www.fuannainc.top/"
    },
    {
        "logtime": "2019/07/09 10:54:52",
        "logdata": "url"
    },
    {
        "logtime": "2019/07/09 10:54:52",
        "logdata": "http://www.fuannainc.top//WS/MobileInterface.ashx"
    },
    {
        "logtime": "2019/07/09 10:54:52",
        "logdata": "action=GetMobileShareConfig&userid=119895&time=1562640892&signature=A1A5CF068D28C6F1FA624C3208D55C19"
    },
    {
        "logtime": "2019/07/09 10:54:54",
        "logdata": "url"
    },
    {
        "logtime": "2019/07/09 10:54:54",
        "logdata": "http://www.fuannainc.top//WS/MobileInterface.ashx?action=GetMobileRollNotice"
    },
    {
        "logtime": "2019/07/09 10:54:54",
        "logdata": ""
    }
]