[
    {
        "logtime": "2019/07/09 11:58:44",
        "logdata": "LogonScene.onceExcute"
    },
    {
        "logtime": "2019/07/09 11:58:44",
        "logdata": "http://www.fuannainc.top/"
    },
    {
        "logtime": "2019/07/09 11:58:44",
        "logdata": "url"
    },
    {
        "logtime": "2019/07/09 11:58:44",
        "logdata": "http://www.fuannainc.top//ws/MobileInterface.ashx?action=GetMobileLoginNotice"
    },
    {
        "logtime": "2019/07/09 11:58:44",
        "logdata": ""
    },
    {
        "logtime": "2019/07/09 11:58:46",
        "logdata": "onLogonCallBack"
    },
    {
        "logtime": "2019/07/09 11:58:46",
        "logdata": "http://www.fuannainc.top/"
    },
    {
        "logtime": "2019/07/09 11:58:46",
        "logdata": "url"
    },
    {
        "logtime": "2019/07/09 11:58:46",
        "logdata": "http://www.fuannainc.top//WS/MobileInterface.ashx"
    },
    {
        "logtime": "2019/07/09 11:58:46",
        "logdata": "action=GetMobileShareConfig&userid=119909&time=1562644726&signature=E03C12A7750503D38FBA99039570A727"
    },
    {
        "logtime": "2019/07/09 11:58:47",
        "logdata": "url"
    },
    {
        "logtime": "2019/07/09 11:58:47",
        "logdata": "http://www.fuannainc.top//WS/MobileInterface.ashx?action=GetMobileRollNotice"
    },
    {
        "logtime": "2019/07/09 11:58:47",
        "logdata": ""
    },
    {
        "logtime": "2019/07/09 11:58:58",
        "logdata": "keys2"
    },
    {
        "logtime": "2019/07/09 11:58:58",
        "logdata": "byte"
    },
    {
        "logtime": "2019/07/09 11:58:58",
        "logdata": "keys2"
    },
    {
        "logtime": "2019/07/09 11:58:58",
        "logdata": "word"
    },
    {
        "logtime": "2019/07/09 11:58:58",
        "logdata": "keys2"
    },
    {
        "logtime": "2019/07/09 11:58:58",
        "logdata": "word"
    },
    {
        "logtime": "2019/07/09 11:58:58",
        "logdata": "keys2"
    },
    {
        "logtime": "2019/07/09 11:58:58",
        "logdata": "word"
    },
    {
        "logtime": "2019/07/09 11:58:58",
        "logdata": "keys2"
    },
    {
        "logtime": "2019/07/09 11:58:58",
        "logdata": "word"
    },
    {
        "logtime": "2019/07/09 11:58:58",
        "logdata": "keys2"
    },
    {
        "logtime": "2019/07/09 11:58:58",
        "logdata": "double"
    },
    {
        "logtime": "2019/07/09 11:58:58",
        "logdata": "keys2"
    },
    {
        "logtime": "2019/07/09 11:58:58",
        "logdata": "double"
    },
    {
        "logtime": "2019/07/09 11:58:58",
        "logdata": "keys2"
    },
    {
        "logtime": "2019/07/09 11:58:58",
        "logdata": "double"
    },
    {
        "logtime": "2019/07/09 11:58:59",
        "logdata": "keys2"
    },
    {
        "logtime": "2019/07/09 11:58:59",
        "logdata": "byte"
    },
    {
        "logtime": "2019/07/09 11:58:59",
        "logdata": "keys2"
    },
    {
        "logtime": "2019/07/09 11:58:59",
        "logdata": "word"
    },
    {
        "logtime": "2019/07/09 11:58:59",
        "logdata": "keys2"
    },
    {
        "logtime": "2019/07/09 11:58:59",
        "logdata": "word"
    },
    {
        "logtime": "2019/07/09 11:58:59",
        "logdata": "keys2"
    },
    {
        "logtime": "2019/07/09 11:58:59",
        "logdata": "word"
    },
    {
        "logtime": "2019/07/09 11:58:59",
        "logdata": "keys2"
    },
    {
        "logtime": "2019/07/09 11:58:59",
        "logdata": "word"
    },
    {
        "logtime": "2019/07/09 11:58:59",
        "logdata": "keys2"
    },
    {
        "logtime": "2019/07/09 11:58:59",
        "logdata": "double"
    },
    {
        "logtime": "2019/07/09 11:58:59",
        "logdata": "keys2"
    },
    {
        "logtime": "2019/07/09 11:58:59",
        "logdata": "double"
    },
    {
        "logtime": "2019/07/09 11:58:59",
        "logdata": "keys2"
    },
    {
        "logtime": "2019/07/09 11:58:59",
        "logdata": "double"
    },
    {
        "logtime": "2019/07/09 11:58:59",
        "logdata": "keys2"
    },
    {
        "logtime": "2019/07/09 11:58:59",
        "logdata": "string"
    },
    {
        "logtime": "2019/07/09 11:58:59",
        "logdata": "keys2"
    },
    {
        "logtime": "2019/07/09 11:58:59",
        "logdata": "string"
    },
    {
        "logtime": "2019/07/09 11:58:59",
        "logdata": "keys2"
    },
    {
        "logtime": "2019/07/09 11:58:59",
        "logdata": "double"
    },
    {
        "logtime": "2019/07/09 11:58:59",
        "logdata": "keys2"
    },
    {
        "logtime": "2019/07/09 11:58:59",
        "logdata": "string"
    }
]