[
    {
        "logtime": "2019/05/16 17:35:07",
        "logdata": "LogonScene.onceExcute"
    },
    {
        "logtime": "2019/05/16 17:35:07",
        "logdata": "http://www.fuannabbs.top/"
    },
    {
        "logtime": "2019/05/16 17:35:07",
        "logdata": "url"
    },
    {
        "logtime": "2019/05/16 17:35:07",
        "logdata": "http://www.fuannabbs.top//ws/MobileInterface.ashx?action=GetMobileLoginNotice"
    },
    {
        "logtime": "2019/05/16 17:35:07",
        "logdata": ""
    }
]