[
    {
        "logtime": "2019/07/16 15:00:01",
        "logdata": "keys2"
    },
    {
        "logtime": "2019/07/16 15:00:01",
        "logdata": "byte"
    },
    {
        "logtime": "2019/07/16 15:00:01",
        "logdata": "keys2"
    },
    {
        "logtime": "2019/07/16 15:00:01",
        "logdata": "word"
    },
    {
        "logtime": "2019/07/16 15:00:01",
        "logdata": "keys2"
    },
    {
        "logtime": "2019/07/16 15:00:01",
        "logdata": "word"
    },
    {
        "logtime": "2019/07/16 15:00:01",
        "logdata": "keys2"
    },
    {
        "logtime": "2019/07/16 15:00:01",
        "logdata": "bool"
    },
    {
        "logtime": "2019/07/16 15:00:01",
        "logdata": "keys2"
    },
    {
        "logtime": "2019/07/16 15:00:01",
        "logdata": "byte"
    },
    {
        "logtime": "2019/07/16 15:00:06",
        "logdata": "keys2"
    },
    {
        "logtime": "2019/07/16 15:00:06",
        "logdata": "byte"
    },
    {
        "logtime": "2019/07/16 15:00:06",
        "logdata": "keys2"
    },
    {
        "logtime": "2019/07/16 15:00:06",
        "logdata": "word"
    },
    {
        "logtime": "2019/07/16 15:00:06",
        "logdata": "keys2"
    },
    {
        "logtime": "2019/07/16 15:00:06",
        "logdata": "word"
    },
    {
        "logtime": "2019/07/16 15:00:06",
        "logdata": "keys2"
    },
    {
        "logtime": "2019/07/16 15:00:06",
        "logdata": "bool"
    },
    {
        "logtime": "2019/07/16 15:00:06",
        "logdata": "keys2"
    },
    {
        "logtime": "2019/07/16 15:00:06",
        "logdata": "byte"
    },
    {
        "logtime": "2019/07/16 15:00:07",
        "logdata": "keys2"
    },
    {
        "logtime": "2019/07/16 15:00:07",
        "logdata": "byte"
    },
    {
        "logtime": "2019/07/16 15:00:07",
        "logdata": "keys2"
    },
    {
        "logtime": "2019/07/16 15:00:07",
        "logdata": "word"
    },
    {
        "logtime": "2019/07/16 15:00:07",
        "logdata": "keys2"
    },
    {
        "logtime": "2019/07/16 15:00:07",
        "logdata": "word"
    },
    {
        "logtime": "2019/07/16 15:00:07",
        "logdata": "keys2"
    },
    {
        "logtime": "2019/07/16 15:00:07",
        "logdata": "int"
    },
    {
        "logtime": "2019/07/16 15:00:07",
        "logdata": "keys2"
    },
    {
        "logtime": "2019/07/16 15:00:07",
        "logdata": "bool"
    },
    {
        "logtime": "2019/07/16 15:00:07",
        "logdata": "keys2"
    },
    {
        "logtime": "2019/07/16 15:00:07",
        "logdata": "byte"
    },
    {
        "logtime": "2019/07/16 15:00:07",
        "logdata": "keys2"
    },
    {
        "logtime": "2019/07/16 15:00:07",
        "logdata": "byte"
    },
    {
        "logtime": "2019/07/16 15:00:07",
        "logdata": "keys2"
    },
    {
        "logtime": "2019/07/16 15:00:07",
        "logdata": "bool"
    },
    {
        "logtime": "2019/07/16 15:00:07",
        "logdata": "keys2"
    },
    {
        "logtime": "2019/07/16 15:00:07",
        "logdata": "word"
    },
    {
        "logtime": "2019/07/16 15:00:12",
        "logdata": "keys2"
    },
    {
        "logtime": "2019/07/16 15:00:12",
        "logdata": "byte"
    },
    {
        "logtime": "2019/07/16 15:00:12",
        "logdata": "keys2"
    },
    {
        "logtime": "2019/07/16 15:00:12",
        "logdata": "word"
    },
    {
        "logtime": "2019/07/16 15:00:12",
        "logdata": "keys2"
    },
    {
        "logtime": "2019/07/16 15:00:12",
        "logdata": "word"
    },
    {
        "logtime": "2019/07/16 15:00:12",
        "logdata": "keys2"
    },
    {
        "logtime": "2019/07/16 15:00:12",
        "logdata": "bool"
    },
    {
        "logtime": "2019/07/16 15:00:12",
        "logdata": "keys2"
    },
    {
        "logtime": "2019/07/16 15:00:12",
        "logdata": "byte"
    },
    {
        "logtime": "2019/07/16 15:00:18",
        "logdata": "keys2"
    },
    {
        "logtime": "2019/07/16 15:00:18",
        "logdata": "byte"
    },
    {
        "logtime": "2019/07/16 15:00:18",
        "logdata": "keys2"
    },
    {
        "logtime": "2019/07/16 15:00:18",
        "logdata": "word"
    },
    {
        "logtime": "2019/07/16 15:00:18",
        "logdata": "keys2"
    },
    {
        "logtime": "2019/07/16 15:00:18",
        "logdata": "word"
    },
    {
        "logtime": "2019/07/16 15:00:18",
        "logdata": "keys2"
    },
    {
        "logtime": "2019/07/16 15:00:18",
        "logdata": "bool"
    },
    {
        "logtime": "2019/07/16 15:00:18",
        "logdata": "keys2"
    },
    {
        "logtime": "2019/07/16 15:00:18",
        "logdata": "byte"
    },
    {
        "logtime": "2019/07/16 15:00:25",
        "logdata": "keys2"
    },
    {
        "logtime": "2019/07/16 15:00:25",
        "logdata": "byte"
    },
    {
        "logtime": "2019/07/16 15:00:25",
        "logdata": "keys2"
    },
    {
        "logtime": "2019/07/16 15:00:25",
        "logdata": "word"
    },
    {
        "logtime": "2019/07/16 15:00:25",
        "logdata": "keys2"
    },
    {
        "logtime": "2019/07/16 15:00:25",
        "logdata": "word"
    },
    {
        "logtime": "2019/07/16 15:00:25",
        "logdata": "keys2"
    },
    {
        "logtime": "2019/07/16 15:00:25",
        "logdata": "int"
    },
    {
        "logtime": "2019/07/16 15:00:25",
        "logdata": "keys2"
    },
    {
        "logtime": "2019/07/16 15:00:25",
        "logdata": "bool"
    },
    {
        "logtime": "2019/07/16 15:00:25",
        "logdata": "keys2"
    },
    {
        "logtime": "2019/07/16 15:00:25",
        "logdata": "byte"
    },
    {
        "logtime": "2019/07/16 15:00:25",
        "logdata": "keys2"
    },
    {
        "logtime": "2019/07/16 15:00:25",
        "logdata": "byte"
    },
    {
        "logtime": "2019/07/16 15:00:25",
        "logdata": "keys2"
    },
    {
        "logtime": "2019/07/16 15:00:25",
        "logdata": "bool"
    },
    {
        "logtime": "2019/07/16 15:00:25",
        "logdata": "keys2"
    },
    {
        "logtime": "2019/07/16 15:00:25",
        "logdata": "word"
    },
    {
        "logtime": "2019/07/16 15:00:28",
        "logdata": "keys2"
    },
    {
        "logtime": "2019/07/16 15:00:28",
        "logdata": "byte"
    },
    {
        "logtime": "2019/07/16 15:00:28",
        "logdata": "keys2"
    },
    {
        "logtime": "2019/07/16 15:00:28",
        "logdata": "word"
    },
    {
        "logtime": "2019/07/16 15:00:28",
        "logdata": "keys2"
    },
    {
        "logtime": "2019/07/16 15:00:28",
        "logdata": "word"
    },
    {
        "logtime": "2019/07/16 15:00:28",
        "logdata": "keys2"
    },
    {
        "logtime": "2019/07/16 15:00:28",
        "logdata": "int"
    },
    {
        "logtime": "2019/07/16 15:00:28",
        "logdata": "keys2"
    },
    {
        "logtime": "2019/07/16 15:00:28",
        "logdata": "bool"
    },
    {
        "logtime": "2019/07/16 15:00:28",
        "logdata": "keys2"
    },
    {
        "logtime": "2019/07/16 15:00:28",
        "logdata": "byte"
    },
    {
        "logtime": "2019/07/16 15:00:28",
        "logdata": "keys2"
    },
    {
        "logtime": "2019/07/16 15:00:28",
        "logdata": "byte"
    },
    {
        "logtime": "2019/07/16 15:00:28",
        "logdata": "keys2"
    },
    {
        "logtime": "2019/07/16 15:00:28",
        "logdata": "bool"
    },
    {
        "logtime": "2019/07/16 15:00:28",
        "logdata": "keys2"
    },
    {
        "logtime": "2019/07/16 15:00:28",
        "logdata": "word"
    },
    {
        "logtime": "2019/07/16 15:00:32",
        "logdata": "keys2"
    },
    {
        "logtime": "2019/07/16 15:00:32",
        "logdata": "byte"
    },
    {
        "logtime": "2019/07/16 15:00:32",
        "logdata": "keys2"
    },
    {
        "logtime": "2019/07/16 15:00:32",
        "logdata": "word"
    },
    {
        "logtime": "2019/07/16 15:00:32",
        "logdata": "keys2"
    },
    {
        "logtime": "2019/07/16 15:00:32",
        "logdata": "word"
    },
    {
        "logtime": "2019/07/16 15:00:32",
        "logdata": "keys2"
    },
    {
        "logtime": "2019/07/16 15:00:32",
        "logdata": "bool"
    },
    {
        "logtime": "2019/07/16 15:00:32",
        "logdata": "keys2"
    },
    {
        "logtime": "2019/07/16 15:00:32",
        "logdata": "byte"
    },
    {
        "logtime": "2019/07/16 15:00:33",
        "logdata": "keys2"
    },
    {
        "logtime": "2019/07/16 15:00:33",
        "logdata": "byte"
    },
    {
        "logtime": "2019/07/16 15:00:33",
        "logdata": "keys2"
    },
    {
        "logtime": "2019/07/16 15:00:33",
        "logdata": "word"
    },
    {
        "logtime": "2019/07/16 15:00:33",
        "logdata": "keys2"
    },
    {
        "logtime": "2019/07/16 15:00:33",
        "logdata": "word"
    },
    {
        "logtime": "2019/07/16 15:00:33",
        "logdata": "keys2"
    },
    {
        "logtime": "2019/07/16 15:00:33",
        "logdata": "bool"
    },
    {
        "logtime": "2019/07/16 15:00:33",
        "logdata": "keys2"
    },
    {
        "logtime": "2019/07/16 15:00:33",
        "logdata": "byte"
    },
    {
        "logtime": "2019/07/16 15:00:37",
        "logdata": "keys2"
    },
    {
        "logtime": "2019/07/16 15:00:37",
        "logdata": "byte"
    },
    {
        "logtime": "2019/07/16 15:00:37",
        "logdata": "keys2"
    },
    {
        "logtime": "2019/07/16 15:00:37",
        "logdata": "word"
    },
    {
        "logtime": "2019/07/16 15:00:37",
        "logdata": "keys2"
    },
    {
        "logtime": "2019/07/16 15:00:37",
        "logdata": "word"
    },
    {
        "logtime": "2019/07/16 15:00:37",
        "logdata": "keys2"
    },
    {
        "logtime": "2019/07/16 15:00:37",
        "logdata": "int"
    },
    {
        "logtime": "2019/07/16 15:00:37",
        "logdata": "keys2"
    },
    {
        "logtime": "2019/07/16 15:00:37",
        "logdata": "bool"
    },
    {
        "logtime": "2019/07/16 15:00:37",
        "logdata": "keys2"
    },
    {
        "logtime": "2019/07/16 15:00:37",
        "logdata": "byte"
    },
    {
        "logtime": "2019/07/16 15:00:37",
        "logdata": "keys2"
    },
    {
        "logtime": "2019/07/16 15:00:37",
        "logdata": "byte"
    },
    {
        "logtime": "2019/07/16 15:00:37",
        "logdata": "keys2"
    },
    {
        "logtime": "2019/07/16 15:00:37",
        "logdata": "bool"
    },
    {
        "logtime": "2019/07/16 15:00:37",
        "logdata": "keys2"
    },
    {
        "logtime": "2019/07/16 15:00:37",
        "logdata": "word"
    },
    {
        "logtime": "2019/07/16 15:00:42",
        "logdata": "keys2"
    },
    {
        "logtime": "2019/07/16 15:00:42",
        "logdata": "byte"
    },
    {
        "logtime": "2019/07/16 15:00:42",
        "logdata": "keys2"
    },
    {
        "logtime": "2019/07/16 15:00:42",
        "logdata": "word"
    },
    {
        "logtime": "2019/07/16 15:00:42",
        "logdata": "keys2"
    },
    {
        "logtime": "2019/07/16 15:00:42",
        "logdata": "word"
    },
    {
        "logtime": "2019/07/16 15:00:42",
        "logdata": "keys2"
    },
    {
        "logtime": "2019/07/16 15:00:42",
        "logdata": "bool"
    },
    {
        "logtime": "2019/07/16 15:00:42",
        "logdata": "keys2"
    },
    {
        "logtime": "2019/07/16 15:00:42",
        "logdata": "byte"
    },
    {
        "logtime": "2019/07/16 15:00:43",
        "logdata": "keys2"
    },
    {
        "logtime": "2019/07/16 15:00:43",
        "logdata": "byte"
    },
    {
        "logtime": "2019/07/16 15:00:43",
        "logdata": "keys2"
    },
    {
        "logtime": "2019/07/16 15:00:43",
        "logdata": "word"
    },
    {
        "logtime": "2019/07/16 15:00:43",
        "logdata": "keys2"
    },
    {
        "logtime": "2019/07/16 15:00:43",
        "logdata": "word"
    },
    {
        "logtime": "2019/07/16 15:00:43",
        "logdata": "keys2"
    },
    {
        "logtime": "2019/07/16 15:00:43",
        "logdata": "bool"
    },
    {
        "logtime": "2019/07/16 15:00:43",
        "logdata": "keys2"
    },
    {
        "logtime": "2019/07/16 15:00:43",
        "logdata": "byte"
    },
    {
        "logtime": "2019/07/16 15:00:47",
        "logdata": "keys2"
    },
    {
        "logtime": "2019/07/16 15:00:47",
        "logdata": "byte"
    },
    {
        "logtime": "2019/07/16 15:00:47",
        "logdata": "keys2"
    },
    {
        "logtime": "2019/07/16 15:00:47",
        "logdata": "word"
    },
    {
        "logtime": "2019/07/16 15:00:47",
        "logdata": "keys2"
    },
    {
        "logtime": "2019/07/16 15:00:47",
        "logdata": "word"
    },
    {
        "logtime": "2019/07/16 15:00:47",
        "logdata": "keys2"
    },
    {
        "logtime": "2019/07/16 15:00:47",
        "logdata": "int"
    },
    {
        "logtime": "2019/07/16 15:00:47",
        "logdata": "keys2"
    },
    {
        "logtime": "2019/07/16 15:00:47",
        "logdata": "bool"
    },
    {
        "logtime": "2019/07/16 15:00:47",
        "logdata": "keys2"
    },
    {
        "logtime": "2019/07/16 15:00:47",
        "logdata": "byte"
    },
    {
        "logtime": "2019/07/16 15:00:47",
        "logdata": "keys2"
    },
    {
        "logtime": "2019/07/16 15:00:47",
        "logdata": "byte"
    },
    {
        "logtime": "2019/07/16 15:00:47",
        "logdata": "keys2"
    },
    {
        "logtime": "2019/07/16 15:00:47",
        "logdata": "bool"
    },
    {
        "logtime": "2019/07/16 15:00:47",
        "logdata": "keys2"
    },
    {
        "logtime": "2019/07/16 15:00:47",
        "logdata": "word"
    },
    {
        "logtime": "2019/07/16 15:00:54",
        "logdata": "keys2"
    },
    {
        "logtime": "2019/07/16 15:00:54",
        "logdata": "byte"
    },
    {
        "logtime": "2019/07/16 15:00:54",
        "logdata": "keys2"
    },
    {
        "logtime": "2019/07/16 15:00:54",
        "logdata": "word"
    },
    {
        "logtime": "2019/07/16 15:00:54",
        "logdata": "keys2"
    },
    {
        "logtime": "2019/07/16 15:00:54",
        "logdata": "word"
    },
    {
        "logtime": "2019/07/16 15:00:54",
        "logdata": "keys2"
    },
    {
        "logtime": "2019/07/16 15:00:54",
        "logdata": "bool"
    },
    {
        "logtime": "2019/07/16 15:00:54",
        "logdata": "keys2"
    },
    {
        "logtime": "2019/07/16 15:00:54",
        "logdata": "byte"
    },
    {
        "logtime": "2019/07/16 15:00:55",
        "logdata": "keys2"
    },
    {
        "logtime": "2019/07/16 15:00:55",
        "logdata": "byte"
    },
    {
        "logtime": "2019/07/16 15:00:55",
        "logdata": "keys2"
    },
    {
        "logtime": "2019/07/16 15:00:55",
        "logdata": "word"
    },
    {
        "logtime": "2019/07/16 15:00:55",
        "logdata": "keys2"
    },
    {
        "logtime": "2019/07/16 15:00:55",
        "logdata": "word"
    },
    {
        "logtime": "2019/07/16 15:00:55",
        "logdata": "keys2"
    },
    {
        "logtime": "2019/07/16 15:00:55",
        "logdata": "bool"
    },
    {
        "logtime": "2019/07/16 15:00:55",
        "logdata": "keys2"
    },
    {
        "logtime": "2019/07/16 15:00:55",
        "logdata": "byte"
    },
    {
        "logtime": "2019/07/16 15:00:59",
        "logdata": "keys2"
    },
    {
        "logtime": "2019/07/16 15:00:59",
        "logdata": "byte"
    },
    {
        "logtime": "2019/07/16 15:00:59",
        "logdata": "keys2"
    },
    {
        "logtime": "2019/07/16 15:00:59",
        "logdata": "word"
    },
    {
        "logtime": "2019/07/16 15:00:59",
        "logdata": "keys2"
    },
    {
        "logtime": "2019/07/16 15:00:59",
        "logdata": "word"
    },
    {
        "logtime": "2019/07/16 15:00:59",
        "logdata": "keys2"
    },
    {
        "logtime": "2019/07/16 15:00:59",
        "logdata": "int"
    },
    {
        "logtime": "2019/07/16 15:00:59",
        "logdata": "keys2"
    },
    {
        "logtime": "2019/07/16 15:00:59",
        "logdata": "bool"
    },
    {
        "logtime": "2019/07/16 15:00:59",
        "logdata": "keys2"
    },
    {
        "logtime": "2019/07/16 15:00:59",
        "logdata": "byte"
    },
    {
        "logtime": "2019/07/16 15:00:59",
        "logdata": "keys2"
    },
    {
        "logtime": "2019/07/16 15:00:59",
        "logdata": "byte"
    },
    {
        "logtime": "2019/07/16 15:00:59",
        "logdata": "keys2"
    },
    {
        "logtime": "2019/07/16 15:00:59",
        "logdata": "bool"
    },
    {
        "logtime": "2019/07/16 15:00:59",
        "logdata": "keys2"
    },
    {
        "logtime": "2019/07/16 15:00:59",
        "logdata": "word"
    }
]