[
    {
        "logtime": "2019/07/09 15:08:46",
        "logdata": "LogonScene.onceExcute"
    },
    {
        "logtime": "2019/07/09 15:08:46",
        "logdata": "http://www.fuannainc.top/"
    },
    {
        "logtime": "2019/07/09 15:08:46",
        "logdata": "url"
    },
    {
        "logtime": "2019/07/09 15:08:46",
        "logdata": "http://www.fuannainc.top//ws/MobileInterface.ashx?action=GetMobileLoginNotice"
    },
    {
        "logtime": "2019/07/09 15:08:46",
        "logdata": ""
    },
    {
        "logtime": "2019/07/09 15:08:47",
        "logdata": "onLogonCallBack"
    },
    {
        "logtime": "2019/07/09 15:08:47",
        "logdata": "http://www.fuannainc.top/"
    },
    {
        "logtime": "2019/07/09 15:08:47",
        "logdata": "url"
    },
    {
        "logtime": "2019/07/09 15:08:47",
        "logdata": "http://www.fuannainc.top//WS/MobileInterface.ashx"
    },
    {
        "logtime": "2019/07/09 15:08:47",
        "logdata": "action=GetMobileShareConfig&userid=119943&time=1562656127&signature=A9624404434B1F941EB1D2F355635228"
    },
    {
        "logtime": "2019/07/09 15:08:49",
        "logdata": "url"
    },
    {
        "logtime": "2019/07/09 15:08:49",
        "logdata": "http://www.fuannainc.top//WS/MobileInterface.ashx?action=GetMobileRollNotice"
    },
    {
        "logtime": "2019/07/09 15:08:49",
        "logdata": ""
    },
    {
        "logtime": "2019/07/09 15:08:52",
        "logdata": "keys2"
    },
    {
        "logtime": "2019/07/09 15:08:52",
        "logdata": "byte"
    },
    {
        "logtime": "2019/07/09 15:08:52",
        "logdata": "keys2"
    },
    {
        "logtime": "2019/07/09 15:08:52",
        "logdata": "word"
    },
    {
        "logtime": "2019/07/09 15:08:52",
        "logdata": "keys2"
    },
    {
        "logtime": "2019/07/09 15:08:52",
        "logdata": "word"
    },
    {
        "logtime": "2019/07/09 15:08:52",
        "logdata": "keys2"
    },
    {
        "logtime": "2019/07/09 15:08:52",
        "logdata": "word"
    },
    {
        "logtime": "2019/07/09 15:08:52",
        "logdata": "keys2"
    },
    {
        "logtime": "2019/07/09 15:08:52",
        "logdata": "word"
    },
    {
        "logtime": "2019/07/09 15:08:52",
        "logdata": "keys2"
    },
    {
        "logtime": "2019/07/09 15:08:52",
        "logdata": "double"
    },
    {
        "logtime": "2019/07/09 15:08:52",
        "logdata": "keys2"
    },
    {
        "logtime": "2019/07/09 15:08:52",
        "logdata": "double"
    },
    {
        "logtime": "2019/07/09 15:08:52",
        "logdata": "keys2"
    },
    {
        "logtime": "2019/07/09 15:08:52",
        "logdata": "double"
    },
    {
        "logtime": "2019/07/09 15:08:52",
        "logdata": "keys2"
    },
    {
        "logtime": "2019/07/09 15:08:52",
        "logdata": "string"
    },
    {
        "logtime": "2019/07/09 15:08:52",
        "logdata": "keys2"
    },
    {
        "logtime": "2019/07/09 15:08:52",
        "logdata": "string"
    },
    {
        "logtime": "2019/07/09 15:08:52",
        "logdata": "keys2"
    },
    {
        "logtime": "2019/07/09 15:08:52",
        "logdata": "double"
    },
    {
        "logtime": "2019/07/09 15:08:52",
        "logdata": "keys2"
    },
    {
        "logtime": "2019/07/09 15:08:52",
        "logdata": "string"
    }
]