[
    {
        "logtime": "2019/05/23 17:41:01",
        "logdata": "LogonScene.onceExcute"
    },
    {
        "logtime": "2019/05/23 17:41:01",
        "logdata": "http://www.fuannainc.top/"
    },
    {
        "logtime": "2019/05/23 17:41:01",
        "logdata": "url"
    },
    {
        "logtime": "2019/05/23 17:41:01",
        "logdata": "http://www.fuannainc.top//ws/MobileInterface.ashx?action=GetMobileLoginNotice"
    },
    {
        "logtime": "2019/05/23 17:41:01",
        "logdata": ""
    },
    {
        "logtime": "2019/05/23 17:41:05",
        "logdata": "url"
    },
    {
        "logtime": "2019/05/23 17:41:05",
        "logdata": "http://apis.juhe.cn/ip/ip2addr?ip=113.77.82.124&key=74bb0395667b8d0588df9ebd6fc36a12"
    },
    {
        "logtime": "2019/05/23 17:41:05",
        "logdata": ""
    },
    {
        "logtime": "2019/05/23 17:41:05",
        "logdata": "onLogonCallBack"
    },
    {
        "logtime": "2019/05/23 17:41:05",
        "logdata": "http://www.fuannainc.top/"
    },
    {
        "logtime": "2019/05/23 17:41:05",
        "logdata": "url"
    },
    {
        "logtime": "2019/05/23 17:41:05",
        "logdata": "http://www.fuannainc.top//WS/MobileInterface.ashx"
    },
    {
        "logtime": "2019/05/23 17:41:05",
        "logdata": "action=GetMobileShareConfig&userid=119944&time=1558604465&signature=E947B6D0D4398B484A258C6F828BA1DC"
    },
    {
        "logtime": "2019/05/23 17:41:08",
        "logdata": "url"
    },
    {
        "logtime": "2019/05/23 17:41:08",
        "logdata": "http://www.fuannainc.top//WS/MobileInterface.ashx?action=GetMobileRollNotice"
    },
    {
        "logtime": "2019/05/23 17:41:08",
        "logdata": ""
    }
]