[
    {
        "logtime": "2019/07/05 10:53:14",
        "logdata": "LogonScene.onceExcute"
    },
    {
        "logtime": "2019/07/05 10:53:14",
        "logdata": "http://www.fuannainc.top/"
    },
    {
        "logtime": "2019/07/05 10:53:14",
        "logdata": "url"
    },
    {
        "logtime": "2019/07/05 10:53:14",
        "logdata": "http://www.fuannainc.top//ws/MobileInterface.ashx?action=GetMobileLoginNotice"
    },
    {
        "logtime": "2019/07/05 10:53:14",
        "logdata": ""
    },
    {
        "logtime": "2019/07/05 10:53:17",
        "logdata": "url"
    },
    {
        "logtime": "2019/07/05 10:53:17",
        "logdata": "http://apis.juhe.cn/ip/ip2addr?ip=58.23.49.18&key=74bb0395667b8d0588df9ebd6fc36a12"
    },
    {
        "logtime": "2019/07/05 10:53:17",
        "logdata": ""
    },
    {
        "logtime": "2019/07/05 10:53:17",
        "logdata": "onLogonCallBack"
    },
    {
        "logtime": "2019/07/05 10:53:17",
        "logdata": "http://www.fuannainc.top/"
    },
    {
        "logtime": "2019/07/05 10:53:17",
        "logdata": "url"
    },
    {
        "logtime": "2019/07/05 10:53:17",
        "logdata": "http://www.fuannainc.top//WS/MobileInterface.ashx"
    },
    {
        "logtime": "2019/07/05 10:53:17",
        "logdata": "action=GetMobileShareConfig&userid=120187&time=1562295197&signature=30554CF7B08FA7073BEF36133E8A2897"
    },
    {
        "logtime": "2019/07/05 10:53:19",
        "logdata": "url"
    },
    {
        "logtime": "2019/07/05 10:53:19",
        "logdata": "http://www.fuannainc.top//WS/MobileInterface.ashx?action=GetMobileRollNotice"
    },
    {
        "logtime": "2019/07/05 10:53:19",
        "logdata": ""
    }
]