[
    {
        "logtime": "2019/07/24 17:09:34",
        "logdata": "LogonScene.onceExcute"
    },
    {
        "logtime": "2019/07/24 17:09:34",
        "logdata": "http://www.fuannabbs.top/"
    },
    {
        "logtime": "2019/07/24 17:09:34",
        "logdata": "url"
    },
    {
        "logtime": "2019/07/24 17:09:34",
        "logdata": "http://www.fuannabbs.top//ws/MobileInterface.ashx?action=GetMobileLoginNotice"
    },
    {
        "logtime": "2019/07/24 17:09:34",
        "logdata": ""
    },
    {
        "logtime": "2019/07/24 17:09:36",
        "logdata": "onLogonCallBack"
    },
    {
        "logtime": "2019/07/24 17:09:36",
        "logdata": "http://www.fuannabbs.top/"
    },
    {
        "logtime": "2019/07/24 17:09:36",
        "logdata": "url"
    },
    {
        "logtime": "2019/07/24 17:09:36",
        "logdata": "http://www.fuannabbs.top//WS/MobileInterface.ashx"
    },
    {
        "logtime": "2019/07/24 17:09:36",
        "logdata": "action=GetMobileShareConfig&userid=119949&time=1563959376&signature=5AA48CABF172325118BE30B536DEE0D6"
    },
    {
        "logtime": "2019/07/24 17:09:38",
        "logdata": "url"
    },
    {
        "logtime": "2019/07/24 17:09:38",
        "logdata": "http://www.fuannabbs.top//WS/MobileInterface.ashx?action=GetMobileRollNotice"
    },
    {
        "logtime": "2019/07/24 17:09:38",
        "logdata": ""
    }
]