[
    {
        "logtime": "2019/07/09 11:06:00",
        "logdata": "url"
    },
    {
        "logtime": "2019/07/09 11:06:00",
        "logdata": "http://www.fuannainc.top//WS/MobileInterface.ashx?action=GetMobileRollNotice"
    },
    {
        "logtime": "2019/07/09 11:06:00",
        "logdata": ""
    },
    {
        "logtime": "2019/07/09 11:06:16",
        "logdata": "keys2"
    },
    {
        "logtime": "2019/07/09 11:06:16",
        "logdata": "byte"
    },
    {
        "logtime": "2019/07/09 11:06:16",
        "logdata": "keys2"
    },
    {
        "logtime": "2019/07/09 11:06:16",
        "logdata": "word"
    },
    {
        "logtime": "2019/07/09 11:06:16",
        "logdata": "keys2"
    },
    {
        "logtime": "2019/07/09 11:06:16",
        "logdata": "word"
    },
    {
        "logtime": "2019/07/09 11:06:16",
        "logdata": "keys2"
    },
    {
        "logtime": "2019/07/09 11:06:16",
        "logdata": "word"
    },
    {
        "logtime": "2019/07/09 11:06:16",
        "logdata": "keys2"
    },
    {
        "logtime": "2019/07/09 11:06:16",
        "logdata": "word"
    },
    {
        "logtime": "2019/07/09 11:06:16",
        "logdata": "keys2"
    },
    {
        "logtime": "2019/07/09 11:06:16",
        "logdata": "double"
    },
    {
        "logtime": "2019/07/09 11:06:16",
        "logdata": "keys2"
    },
    {
        "logtime": "2019/07/09 11:06:16",
        "logdata": "double"
    },
    {
        "logtime": "2019/07/09 11:06:16",
        "logdata": "keys2"
    },
    {
        "logtime": "2019/07/09 11:06:16",
        "logdata": "double"
    },
    {
        "logtime": "2019/07/09 11:06:17",
        "logdata": "keys2"
    },
    {
        "logtime": "2019/07/09 11:06:17",
        "logdata": "byte"
    },
    {
        "logtime": "2019/07/09 11:06:17",
        "logdata": "keys2"
    },
    {
        "logtime": "2019/07/09 11:06:17",
        "logdata": "word"
    },
    {
        "logtime": "2019/07/09 11:06:17",
        "logdata": "keys2"
    },
    {
        "logtime": "2019/07/09 11:06:17",
        "logdata": "word"
    },
    {
        "logtime": "2019/07/09 11:06:17",
        "logdata": "keys2"
    },
    {
        "logtime": "2019/07/09 11:06:17",
        "logdata": "word"
    },
    {
        "logtime": "2019/07/09 11:06:17",
        "logdata": "keys2"
    },
    {
        "logtime": "2019/07/09 11:06:17",
        "logdata": "word"
    },
    {
        "logtime": "2019/07/09 11:06:17",
        "logdata": "keys2"
    },
    {
        "logtime": "2019/07/09 11:06:17",
        "logdata": "double"
    },
    {
        "logtime": "2019/07/09 11:06:17",
        "logdata": "keys2"
    },
    {
        "logtime": "2019/07/09 11:06:17",
        "logdata": "double"
    },
    {
        "logtime": "2019/07/09 11:06:17",
        "logdata": "keys2"
    },
    {
        "logtime": "2019/07/09 11:06:17",
        "logdata": "double"
    },
    {
        "logtime": "2019/07/09 11:06:17",
        "logdata": "keys2"
    },
    {
        "logtime": "2019/07/09 11:06:17",
        "logdata": "string"
    },
    {
        "logtime": "2019/07/09 11:06:17",
        "logdata": "keys2"
    },
    {
        "logtime": "2019/07/09 11:06:17",
        "logdata": "string"
    },
    {
        "logtime": "2019/07/09 11:06:17",
        "logdata": "keys2"
    },
    {
        "logtime": "2019/07/09 11:06:17",
        "logdata": "double"
    },
    {
        "logtime": "2019/07/09 11:06:17",
        "logdata": "keys2"
    },
    {
        "logtime": "2019/07/09 11:06:17",
        "logdata": "string"
    },
    {
        "logtime": "2019/07/09 11:06:39",
        "logdata": "LogonScene.onceExcute"
    },
    {
        "logtime": "2019/07/09 11:06:39",
        "logdata": "http://www.fuannainc.top/"
    },
    {
        "logtime": "2019/07/09 11:06:39",
        "logdata": "url"
    },
    {
        "logtime": "2019/07/09 11:06:39",
        "logdata": "http://www.fuannainc.top//ws/MobileInterface.ashx?action=GetMobileLoginNotice"
    },
    {
        "logtime": "2019/07/09 11:06:39",
        "logdata": ""
    },
    {
        "logtime": "2019/07/09 11:06:41",
        "logdata": "onLogonCallBack"
    },
    {
        "logtime": "2019/07/09 11:06:41",
        "logdata": "http://www.fuannainc.top/"
    },
    {
        "logtime": "2019/07/09 11:06:41",
        "logdata": "url"
    },
    {
        "logtime": "2019/07/09 11:06:41",
        "logdata": "http://www.fuannainc.top//WS/MobileInterface.ashx"
    },
    {
        "logtime": "2019/07/09 11:06:41",
        "logdata": "action=GetMobileShareConfig&userid=119941&time=1562641601&signature=7CD74ED24EA0D74CA8647A7D1F310B5A"
    },
    {
        "logtime": "2019/07/09 11:06:42",
        "logdata": "url"
    },
    {
        "logtime": "2019/07/09 11:06:42",
        "logdata": "http://www.fuannainc.top//WS/MobileInterface.ashx?action=GetMobileRollNotice"
    },
    {
        "logtime": "2019/07/09 11:06:42",
        "logdata": ""
    },
    {
        "logtime": "2019/07/09 11:06:54",
        "logdata": "keys2"
    },
    {
        "logtime": "2019/07/09 11:06:54",
        "logdata": "byte"
    },
    {
        "logtime": "2019/07/09 11:06:54",
        "logdata": "keys2"
    },
    {
        "logtime": "2019/07/09 11:06:54",
        "logdata": "word"
    },
    {
        "logtime": "2019/07/09 11:06:54",
        "logdata": "keys2"
    },
    {
        "logtime": "2019/07/09 11:06:54",
        "logdata": "word"
    },
    {
        "logtime": "2019/07/09 11:06:54",
        "logdata": "keys2"
    },
    {
        "logtime": "2019/07/09 11:06:54",
        "logdata": "word"
    },
    {
        "logtime": "2019/07/09 11:06:54",
        "logdata": "keys2"
    },
    {
        "logtime": "2019/07/09 11:06:54",
        "logdata": "word"
    },
    {
        "logtime": "2019/07/09 11:06:54",
        "logdata": "keys2"
    },
    {
        "logtime": "2019/07/09 11:06:54",
        "logdata": "double"
    },
    {
        "logtime": "2019/07/09 11:06:54",
        "logdata": "keys2"
    },
    {
        "logtime": "2019/07/09 11:06:54",
        "logdata": "double"
    },
    {
        "logtime": "2019/07/09 11:06:54",
        "logdata": "keys2"
    },
    {
        "logtime": "2019/07/09 11:06:54",
        "logdata": "double"
    },
    {
        "logtime": "2019/07/09 11:06:55",
        "logdata": "keys2"
    },
    {
        "logtime": "2019/07/09 11:06:55",
        "logdata": "byte"
    },
    {
        "logtime": "2019/07/09 11:06:55",
        "logdata": "keys2"
    },
    {
        "logtime": "2019/07/09 11:06:55",
        "logdata": "word"
    },
    {
        "logtime": "2019/07/09 11:06:55",
        "logdata": "keys2"
    },
    {
        "logtime": "2019/07/09 11:06:55",
        "logdata": "word"
    },
    {
        "logtime": "2019/07/09 11:06:55",
        "logdata": "keys2"
    },
    {
        "logtime": "2019/07/09 11:06:55",
        "logdata": "word"
    },
    {
        "logtime": "2019/07/09 11:06:55",
        "logdata": "keys2"
    },
    {
        "logtime": "2019/07/09 11:06:55",
        "logdata": "word"
    },
    {
        "logtime": "2019/07/09 11:06:55",
        "logdata": "keys2"
    },
    {
        "logtime": "2019/07/09 11:06:55",
        "logdata": "double"
    },
    {
        "logtime": "2019/07/09 11:06:55",
        "logdata": "keys2"
    },
    {
        "logtime": "2019/07/09 11:06:55",
        "logdata": "double"
    },
    {
        "logtime": "2019/07/09 11:06:55",
        "logdata": "keys2"
    },
    {
        "logtime": "2019/07/09 11:06:55",
        "logdata": "double"
    },
    {
        "logtime": "2019/07/09 11:06:55",
        "logdata": "keys2"
    },
    {
        "logtime": "2019/07/09 11:06:55",
        "logdata": "string"
    },
    {
        "logtime": "2019/07/09 11:06:55",
        "logdata": "keys2"
    },
    {
        "logtime": "2019/07/09 11:06:55",
        "logdata": "string"
    },
    {
        "logtime": "2019/07/09 11:06:55",
        "logdata": "keys2"
    },
    {
        "logtime": "2019/07/09 11:06:55",
        "logdata": "double"
    },
    {
        "logtime": "2019/07/09 11:06:55",
        "logdata": "keys2"
    },
    {
        "logtime": "2019/07/09 11:06:55",
        "logdata": "string"
    }
]