[
    {
        "logtime": "2019/05/18 16:55:43",
        "logdata": "LogonScene.onceExcute"
    },
    {
        "logtime": "2019/05/18 16:55:43",
        "logdata": "http://www.fuannainc.top/"
    },
    {
        "logtime": "2019/05/18 16:55:44",
        "logdata": "url"
    },
    {
        "logtime": "2019/05/18 16:55:44",
        "logdata": "http://www.fuannainc.top//ws/MobileInterface.ashx?action=GetMobileLoginNotice"
    },
    {
        "logtime": "2019/05/18 16:55:44",
        "logdata": ""
    },
    {
        "logtime": "2019/05/18 16:55:46",
        "logdata": "url"
    },
    {
        "logtime": "2019/05/18 16:55:46",
        "logdata": "http://apis.juhe.cn/ip/ip2addr?ip=113.77.83.199&key=74bb0395667b8d0588df9ebd6fc36a12"
    },
    {
        "logtime": "2019/05/18 16:55:46",
        "logdata": ""
    },
    {
        "logtime": "2019/05/18 16:55:46",
        "logdata": "onLogonCallBack"
    },
    {
        "logtime": "2019/05/18 16:55:46",
        "logdata": "http://www.fuannainc.top/"
    },
    {
        "logtime": "2019/05/18 16:55:46",
        "logdata": "url"
    },
    {
        "logtime": "2019/05/18 16:55:46",
        "logdata": "http://www.fuannainc.top//WS/MobileInterface.ashx"
    },
    {
        "logtime": "2019/05/18 16:55:46",
        "logdata": "action=GetMobileShareConfig&userid=119928&time=1558169746&signature=258463FBDC33B6CDBC599667E5706522"
    },
    {
        "logtime": "2019/05/18 16:55:48",
        "logdata": "url"
    },
    {
        "logtime": "2019/05/18 16:55:48",
        "logdata": "http://www.fuannainc.top//WS/MobileInterface.ashx?action=GetMobileRollNotice"
    },
    {
        "logtime": "2019/05/18 16:55:48",
        "logdata": ""
    }
]