[
    {
        "logtime": "2019/07/09 12:04:22",
        "logdata": "LogonScene.onceExcute"
    },
    {
        "logtime": "2019/07/09 12:04:22",
        "logdata": "http://www.fuannainc.top/"
    },
    {
        "logtime": "2019/07/09 12:04:22",
        "logdata": "url"
    },
    {
        "logtime": "2019/07/09 12:04:22",
        "logdata": "http://www.fuannainc.top//ws/MobileInterface.ashx?action=GetMobileLoginNotice"
    },
    {
        "logtime": "2019/07/09 12:04:22",
        "logdata": ""
    },
    {
        "logtime": "2019/07/09 12:04:23",
        "logdata": "onLogonCallBack"
    },
    {
        "logtime": "2019/07/09 12:04:23",
        "logdata": "http://www.fuannainc.top/"
    },
    {
        "logtime": "2019/07/09 12:04:23",
        "logdata": "url"
    },
    {
        "logtime": "2019/07/09 12:04:23",
        "logdata": "http://www.fuannainc.top//WS/MobileInterface.ashx"
    },
    {
        "logtime": "2019/07/09 12:04:23",
        "logdata": "action=GetMobileShareConfig&userid=119903&time=1562645063&signature=A03FDA856AB1903C4640AD7D487500EE"
    },
    {
        "logtime": "2019/07/09 12:04:25",
        "logdata": "url"
    },
    {
        "logtime": "2019/07/09 12:04:25",
        "logdata": "http://www.fuannainc.top//WS/MobileInterface.ashx?action=GetMobileRollNotice"
    },
    {
        "logtime": "2019/07/09 12:04:25",
        "logdata": ""
    },
    {
        "logtime": "2019/07/09 12:04:32",
        "logdata": "keys2"
    },
    {
        "logtime": "2019/07/09 12:04:32",
        "logdata": "byte"
    },
    {
        "logtime": "2019/07/09 12:04:32",
        "logdata": "keys2"
    },
    {
        "logtime": "2019/07/09 12:04:32",
        "logdata": "word"
    },
    {
        "logtime": "2019/07/09 12:04:32",
        "logdata": "keys2"
    },
    {
        "logtime": "2019/07/09 12:04:32",
        "logdata": "word"
    },
    {
        "logtime": "2019/07/09 12:04:32",
        "logdata": "keys2"
    },
    {
        "logtime": "2019/07/09 12:04:32",
        "logdata": "word"
    },
    {
        "logtime": "2019/07/09 12:04:32",
        "logdata": "keys2"
    },
    {
        "logtime": "2019/07/09 12:04:32",
        "logdata": "word"
    },
    {
        "logtime": "2019/07/09 12:04:32",
        "logdata": "keys2"
    },
    {
        "logtime": "2019/07/09 12:04:32",
        "logdata": "double"
    },
    {
        "logtime": "2019/07/09 12:04:32",
        "logdata": "keys2"
    },
    {
        "logtime": "2019/07/09 12:04:32",
        "logdata": "double"
    },
    {
        "logtime": "2019/07/09 12:04:32",
        "logdata": "keys2"
    },
    {
        "logtime": "2019/07/09 12:04:32",
        "logdata": "double"
    },
    {
        "logtime": "2019/07/09 12:04:32",
        "logdata": "keys2"
    },
    {
        "logtime": "2019/07/09 12:04:32",
        "logdata": "string"
    },
    {
        "logtime": "2019/07/09 12:04:32",
        "logdata": "keys2"
    },
    {
        "logtime": "2019/07/09 12:04:32",
        "logdata": "string"
    },
    {
        "logtime": "2019/07/09 12:04:32",
        "logdata": "keys2"
    },
    {
        "logtime": "2019/07/09 12:04:32",
        "logdata": "double"
    },
    {
        "logtime": "2019/07/09 12:04:32",
        "logdata": "keys2"
    },
    {
        "logtime": "2019/07/09 12:04:32",
        "logdata": "string"
    }
]