[
    {
        "logtime": "2019/07/01 15:46:52",
        "logdata": "LogonScene.onceExcute"
    },
    {
        "logtime": "2019/07/01 15:46:52",
        "logdata": "http://www.fuannainc.top/"
    },
    {
        "logtime": "2019/07/01 15:46:52",
        "logdata": "url"
    },
    {
        "logtime": "2019/07/01 15:46:52",
        "logdata": "http://www.fuannainc.top//ws/MobileInterface.ashx?action=GetMobileLoginNotice"
    },
    {
        "logtime": "2019/07/01 15:46:52",
        "logdata": ""
    },
    {
        "logtime": "2019/07/01 15:46:54",
        "logdata": "url"
    },
    {
        "logtime": "2019/07/01 15:46:54",
        "logdata": "http://apis.juhe.cn/ip/ip2addr?ip=58.23.48.188&key=74bb0395667b8d0588df9ebd6fc36a12"
    },
    {
        "logtime": "2019/07/01 15:46:54",
        "logdata": ""
    },
    {
        "logtime": "2019/07/01 15:46:54",
        "logdata": "onLogonCallBack"
    },
    {
        "logtime": "2019/07/01 15:46:54",
        "logdata": "http://www.fuannainc.top/"
    },
    {
        "logtime": "2019/07/01 15:46:54",
        "logdata": "url"
    },
    {
        "logtime": "2019/07/01 15:46:54",
        "logdata": "http://www.fuannainc.top//WS/MobileInterface.ashx"
    },
    {
        "logtime": "2019/07/01 15:46:54",
        "logdata": "action=GetMobileShareConfig&userid=119892&time=1561967214&signature=6BD31FDC4517316F1DF0F8DE25D52143"
    },
    {
        "logtime": "2019/07/01 15:46:56",
        "logdata": "url"
    },
    {
        "logtime": "2019/07/01 15:46:56",
        "logdata": "http://www.fuannainc.top//WS/MobileInterface.ashx?action=GetMobileRollNotice"
    },
    {
        "logtime": "2019/07/01 15:46:56",
        "logdata": ""
    }
]