[
    {
        "logtime": "2019/07/03 12:32:22",
        "logdata": "LogonScene.onceExcute"
    },
    {
        "logtime": "2019/07/03 12:32:22",
        "logdata": "http://www.fuannainc.top/"
    },
    {
        "logtime": "2019/07/03 12:32:22",
        "logdata": "url"
    },
    {
        "logtime": "2019/07/03 12:32:22",
        "logdata": "http://www.fuannainc.top//ws/MobileInterface.ashx?action=GetMobileLoginNotice"
    },
    {
        "logtime": "2019/07/03 12:32:22",
        "logdata": ""
    },
    {
        "logtime": "2019/07/03 12:32:24",
        "logdata": "url"
    },
    {
        "logtime": "2019/07/03 12:32:24",
        "logdata": "http://apis.juhe.cn/ip/ip2addr?ip=58.23.48.188&key=74bb0395667b8d0588df9ebd6fc36a12"
    },
    {
        "logtime": "2019/07/03 12:32:24",
        "logdata": ""
    },
    {
        "logtime": "2019/07/03 12:32:24",
        "logdata": "onLogonCallBack"
    },
    {
        "logtime": "2019/07/03 12:32:24",
        "logdata": "http://www.fuannainc.top/"
    },
    {
        "logtime": "2019/07/03 12:32:24",
        "logdata": "url"
    },
    {
        "logtime": "2019/07/03 12:32:24",
        "logdata": "http://www.fuannainc.top//WS/MobileInterface.ashx"
    },
    {
        "logtime": "2019/07/03 12:32:24",
        "logdata": "action=GetMobileShareConfig&userid=120187&time=1562128344&signature=1792C42F4E92CC0E0537BB88C64870B7"
    },
    {
        "logtime": "2019/07/03 12:32:26",
        "logdata": "url"
    },
    {
        "logtime": "2019/07/03 12:32:26",
        "logdata": "http://www.fuannainc.top//WS/MobileInterface.ashx?action=GetMobileRollNotice"
    },
    {
        "logtime": "2019/07/03 12:32:26",
        "logdata": ""
    },
    {
        "logtime": "2019/07/03 12:32:29",
        "logdata": null
    },
    {
        "logtime": "2019/07/03 12:32:29",
        "logdata": "onEnterGame"
    },
    {
        "logtime": "2019/07/03 12:32:29",
        "logdata": {
            "_ServerResVersion": 10,
            "_Active": true,
            "_KindVersion": "101122049",
            "_KindType": 1,
            "_Module": "xiuxian/shuiguolaba/",
            "_KindID": "406",
            "_Type": "xiuxian",
            "_KindName": "xiuxian.shuiguolaba.",
            "_SortId": 0
        }
    },
    {
        "logtime": "2019/07/03 12:32:30",
        "logdata": "GlobalUserItem.getCurGameKind()"
    },
    {
        "logtime": "2019/07/03 12:32:30",
        "logdata": 406
    },
    {
        "logtime": "2019/07/03 12:32:30",
        "logdata": "url"
    },
    {
        "logtime": "2019/07/03 12:32:30",
        "logdata": "http://apis.juhe.cn/ip/ip2addr?ip=58.23.48.188&key=74bb0395667b8d0588df9ebd6fc36a12"
    },
    {
        "logtime": "2019/07/03 12:32:30",
        "logdata": ""
    },
    {
        "logtime": "2019/07/03 12:32:30",
        "logdata": "url"
    },
    {
        "logtime": "2019/07/03 12:32:30",
        "logdata": "http://apis.juhe.cn/ip/ip2addr?ip=58.23.48.188&key=74bb0395667b8d0588df9ebd6fc36a12"
    },
    {
        "logtime": "2019/07/03 12:32:30",
        "logdata": ""
    },
    {
        "logtime": "2019/07/03 12:32:30",
        "logdata": "url"
    },
    {
        "logtime": "2019/07/03 12:32:30",
        "logdata": "http://apis.juhe.cn/ip/ip2addr?ip=58.23.48.188&key=74bb0395667b8d0588df9ebd6fc36a12"
    },
    {
        "logtime": "2019/07/03 12:32:30",
        "logdata": ""
    },
    {
        "logtime": "2019/07/03 12:32:30",
        "logdata": "url"
    },
    {
        "logtime": "2019/07/03 12:32:30",
        "logdata": "http://apis.juhe.cn/ip/ip2addr?ip=58.23.48.188&key=74bb0395667b8d0588df9ebd6fc36a12"
    },
    {
        "logtime": "2019/07/03 12:32:31",
        "logdata": ""
    },
    {
        "logtime": "2019/07/03 12:32:31",
        "logdata": {
            "_ServerResVersion": 10,
            "_Active": true,
            "_KindVersion": "101122049",
            "_KindType": 1,
            "_Module": "xiuxian/shuiguolaba/",
            "_KindID": "406",
            "_Type": "xiuxian",
            "nSitChair": 65535,
            "_KindName": "xiuxian.shuiguolaba.",
            "nEnterRoomIndex": 1,
            "nSitTable": 65535,
            "_SortId": 0
        }
    },
    {
        "logtime": "2019/07/03 12:32:31",
        "logdata": "modulestr"
    },
    {
        "logtime": "2019/07/03 12:32:31",
        "logdata": "xiuxian/shuiguolaba/"
    },
    {
        "logtime": "2019/07/03 12:32:43",
        "logdata": "LogonScene.onceExcute"
    },
    {
        "logtime": "2019/07/03 12:32:43",
        "logdata": "http://www.fuannainc.top/"
    },
    {
        "logtime": "2019/07/03 12:32:43",
        "logdata": "url"
    },
    {
        "logtime": "2019/07/03 12:32:43",
        "logdata": "http://www.fuannainc.top//ws/MobileInterface.ashx?action=GetMobileLoginNotice"
    },
    {
        "logtime": "2019/07/03 12:32:43",
        "logdata": ""
    }
]