[
    {
        "logtime": "2019/07/02 16:08:41",
        "logdata": "[string \".\\client/src/controller/command/UnLoadViewCom...\"]:241: [string \".\\client/src/controller/command/UnLoadViewCom...\"]:166: [string \".\\client/src/controller/command/UnLoadViewCom...\"]:45: [string \".\\client/src/controller/command/UnLoadViewCom...\"]:39: [string \".\\client/src/controller/command/LoadViewComma...\"]:325: [string \".\\game/xiuxian/shuiguolaba/src/views/layer/Ga...\"]:231: attempt to index global 'Button_Stop' (a nil value)\nstack traceback:\n\t[string \".\\client/src/controller/command/UnLoadViewCom...\"]:241: in function 'handler'\n\t[string \".\\framework/notify/event.lua\"]:167: in function 'call_handlers'\n\t[string \".\\framework/notify/event.lua\"]:305: in function 'emit'\n\t[string \".\\view/base/BaseLayer.lua\"]:135: in function 'emit'\n\t[string \".\\view/base/BaseLayer.lua\"]:97: in function 'exitViewFinished'\n\t[string \".\\client/src/app/views/layer/other/PopWait.lua\"]:39: in function <[string \".\\client/src/app/views/layer/other/PopWait.lua\"]:38>"
    },
    {
        "logtime": "2019/07/02 16:08:45",
        "logdata": "LogonScene.onceExcute"
    },
    {
        "logtime": "2019/07/02 16:08:45",
        "logdata": "http://www.fuannainc.top/"
    },
    {
        "logtime": "2019/07/02 16:08:45",
        "logdata": "url"
    },
    {
        "logtime": "2019/07/02 16:08:45",
        "logdata": "http://www.fuannainc.top//ws/MobileInterface.ashx?action=GetMobileLoginNotice"
    },
    {
        "logtime": "2019/07/02 16:08:45",
        "logdata": ""
    },
    {
        "logtime": "2019/07/02 16:08:48",
        "logdata": "url"
    },
    {
        "logtime": "2019/07/02 16:08:48",
        "logdata": "http://apis.juhe.cn/ip/ip2addr?ip=58.23.48.188&key=74bb0395667b8d0588df9ebd6fc36a12"
    },
    {
        "logtime": "2019/07/02 16:08:48",
        "logdata": ""
    },
    {
        "logtime": "2019/07/02 16:08:48",
        "logdata": "onLogonCallBack"
    },
    {
        "logtime": "2019/07/02 16:08:48",
        "logdata": "http://www.fuannainc.top/"
    },
    {
        "logtime": "2019/07/02 16:08:48",
        "logdata": "url"
    },
    {
        "logtime": "2019/07/02 16:08:48",
        "logdata": "http://www.fuannainc.top//WS/MobileInterface.ashx"
    },
    {
        "logtime": "2019/07/02 16:08:48",
        "logdata": "action=GetMobileShareConfig&userid=120187&time=1562054928&signature=459C1B1080AB6A83E766737B81F414A0"
    },
    {
        "logtime": "2019/07/02 16:08:49",
        "logdata": "url"
    },
    {
        "logtime": "2019/07/02 16:08:49",
        "logdata": "http://www.fuannainc.top//WS/MobileInterface.ashx?action=GetMobileRollNotice"
    },
    {
        "logtime": "2019/07/02 16:08:49",
        "logdata": ""
    },
    {
        "logtime": "2019/07/02 16:08:51",
        "logdata": "url"
    },
    {
        "logtime": "2019/07/02 16:08:51",
        "logdata": "http://apis.juhe.cn/ip/ip2addr?ip=58.23.48.188&key=74bb0395667b8d0588df9ebd6fc36a12"
    },
    {
        "logtime": "2019/07/02 16:08:51",
        "logdata": ""
    },
    {
        "logtime": "2019/07/02 16:08:51",
        "logdata": "url"
    },
    {
        "logtime": "2019/07/02 16:08:51",
        "logdata": "http://apis.juhe.cn/ip/ip2addr?ip=58.23.48.188&key=74bb0395667b8d0588df9ebd6fc36a12"
    },
    {
        "logtime": "2019/07/02 16:08:51",
        "logdata": ""
    },
    {
        "logtime": "2019/07/02 16:08:51",
        "logdata": {
            "_ServerResVersion": 10,
            "_Active": true,
            "_KindVersion": "101122049",
            "_KindType": 1,
            "_Module": "xiuxian/shuiguolaba/",
            "_KindID": "406",
            "_Type": "xiuxian",
            "_KindName": "xiuxian.shuiguolaba.",
            "nEnterRoomIndex": 1,
            "_SortId": 0
        }
    },
    {
        "logtime": "2019/07/02 16:08:51",
        "logdata": "modulestr"
    },
    {
        "logtime": "2019/07/02 16:08:51",
        "logdata": "xiuxian/shuiguolaba/"
    },
    {
        "logtime": "2019/07/02 16:08:55",
        "logdata": null
    },
    {
        "logtime": "2019/07/02 16:08:55",
        "logdata": "onEnterGame"
    },
    {
        "logtime": "2019/07/02 16:08:55",
        "logdata": {
            "_ServerResVersion": 10,
            "_Active": true,
            "_KindVersion": "101122049",
            "_KindType": 1,
            "_Module": "xiuxian/shuiguolaba/",
            "_KindID": "406",
            "_Type": "xiuxian",
            "_KindName": "xiuxian.shuiguolaba.",
            "nEnterRoomIndex": 1,
            "_SortId": 0
        }
    },
    {
        "logtime": "2019/07/02 16:08:56",
        "logdata": "GlobalUserItem.getCurGameKind()"
    },
    {
        "logtime": "2019/07/02 16:08:56",
        "logdata": 406
    },
    {
        "logtime": "2019/07/02 16:08:57",
        "logdata": "url"
    },
    {
        "logtime": "2019/07/02 16:08:57",
        "logdata": "http://apis.juhe.cn/ip/ip2addr?ip=58.23.48.188&key=74bb0395667b8d0588df9ebd6fc36a12"
    },
    {
        "logtime": "2019/07/02 16:08:57",
        "logdata": ""
    },
    {
        "logtime": "2019/07/02 16:08:57",
        "logdata": "url"
    },
    {
        "logtime": "2019/07/02 16:08:57",
        "logdata": "http://apis.juhe.cn/ip/ip2addr?ip=58.23.48.188&key=74bb0395667b8d0588df9ebd6fc36a12"
    },
    {
        "logtime": "2019/07/02 16:08:57",
        "logdata": ""
    },
    {
        "logtime": "2019/07/02 16:08:57",
        "logdata": {
            "_ServerResVersion": 10,
            "_Active": true,
            "_KindVersion": "101122049",
            "_KindType": 1,
            "_Module": "xiuxian/shuiguolaba/",
            "_KindID": "406",
            "_Type": "xiuxian",
            "nSitChair": 65535,
            "_KindName": "xiuxian.shuiguolaba.",
            "nEnterRoomIndex": 1,
            "nSitTable": 65535,
            "_SortId": 0
        }
    },
    {
        "logtime": "2019/07/02 16:08:57",
        "logdata": "modulestr"
    },
    {
        "logtime": "2019/07/02 16:08:57",
        "logdata": "xiuxian/shuiguolaba/"
    }
]