[
    {
        "logtime": "2019/05/26 15:10:57",
        "logdata": "LogonScene.onceExcute"
    },
    {
        "logtime": "2019/05/26 15:10:57",
        "logdata": "http://www.fuannainc.top/"
    },
    {
        "logtime": "2019/05/26 15:10:58",
        "logdata": "url"
    },
    {
        "logtime": "2019/05/26 15:10:58",
        "logdata": "http://www.fuannainc.top//ws/MobileInterface.ashx?action=GetMobileLoginNotice"
    },
    {
        "logtime": "2019/05/26 15:10:58",
        "logdata": ""
    }
]