[
    {
        "logtime": "2009/01/01 06:55:34",
        "logdata": "LogonScene.onceExcute"
    },
    {
        "logtime": "2009/01/01 06:55:34",
        "logdata": "http://www.fuannainc.top/"
    },
    {
        "logtime": "2009/01/01 06:55:35",
        "logdata": "url"
    },
    {
        "logtime": "2009/01/01 06:55:35",
        "logdata": "http://www.fuannainc.top//ws/MobileInterface.ashx?action=GetMobileLoginNotice"
    },
    {
        "logtime": "2009/01/01 06:55:35",
        "logdata": ""
    },
    {
        "logtime": "2009/01/01 06:55:40",
        "logdata": "url"
    },
    {
        "logtime": "2009/01/01 06:55:40",
        "logdata": "http://apis.juhe.cn/ip/ip2addr?ip=183.53.107.223&key=74bb0395667b8d0588df9ebd6fc36a12"
    },
    {
        "logtime": "2009/01/01 06:55:40",
        "logdata": ""
    },
    {
        "logtime": "2009/01/01 06:55:40",
        "logdata": "onLogonCallBack"
    },
    {
        "logtime": "2009/01/01 06:55:40",
        "logdata": "http://www.fuannainc.top/"
    },
    {
        "logtime": "2009/01/01 06:55:40",
        "logdata": "url"
    },
    {
        "logtime": "2009/01/01 06:55:40",
        "logdata": "http://www.fuannainc.top//WS/MobileInterface.ashx"
    },
    {
        "logtime": "2009/01/01 06:55:40",
        "logdata": "action=GetMobileShareConfig&userid=119892&time=1230764140&signature=0FB4B0E84E479D003EE7A1D1929552E9"
    },
    {
        "logtime": "2009/01/01 06:55:43",
        "logdata": "url"
    },
    {
        "logtime": "2009/01/01 06:55:43",
        "logdata": "http://www.fuannainc.top//WS/MobileInterface.ashx?action=GetMobileRollNotice"
    },
    {
        "logtime": "2009/01/01 06:55:43",
        "logdata": ""
    }
]