[
    {
        "logtime": "2019/05/18 17:38:00",
        "logdata": "url"
    },
    {
        "logtime": "2019/05/18 17:38:00",
        "logdata": "http://apis.juhe.cn/ip/ip2addr?ip=113.77.83.199&key=74bb0395667b8d0588df9ebd6fc36a12"
    },
    {
        "logtime": "2019/05/18 17:38:00",
        "logdata": ""
    },
    {
        "logtime": "2019/05/18 17:38:00",
        "logdata": "onLogonCallBack"
    },
    {
        "logtime": "2019/05/18 17:38:00",
        "logdata": "http://www.fuannainc.top/"
    },
    {
        "logtime": "2019/05/18 17:38:00",
        "logdata": "url"
    },
    {
        "logtime": "2019/05/18 17:38:00",
        "logdata": "http://www.fuannainc.top//WS/MobileInterface.ashx"
    },
    {
        "logtime": "2019/05/18 17:38:00",
        "logdata": "action=GetMobileShareConfig&userid=119892&time=1558172280&signature=6B5FAB3C35382708E2CAADC880033D48"
    },
    {
        "logtime": "2019/05/18 17:38:02",
        "logdata": "url"
    },
    {
        "logtime": "2019/05/18 17:38:02",
        "logdata": "http://www.fuannainc.top//WS/MobileInterface.ashx?action=GetMobileRollNotice"
    },
    {
        "logtime": "2019/05/18 17:38:02",
        "logdata": ""
    },
    {
        "logtime": "2019/05/18 17:38:09",
        "logdata": "onWillViewEnter"
    }
]