[
    {
        "logtime": "2019/05/26 15:11:00",
        "logdata": "url"
    },
    {
        "logtime": "2019/05/26 15:11:00",
        "logdata": "http://apis.juhe.cn/ip/ip2addr?ip=113.77.81.126&key=74bb0395667b8d0588df9ebd6fc36a12"
    },
    {
        "logtime": "2019/05/26 15:11:00",
        "logdata": ""
    },
    {
        "logtime": "2019/05/26 15:11:00",
        "logdata": "onLogonCallBack"
    },
    {
        "logtime": "2019/05/26 15:11:00",
        "logdata": "http://www.fuannainc.top/"
    },
    {
        "logtime": "2019/05/26 15:11:00",
        "logdata": "url"
    },
    {
        "logtime": "2019/05/26 15:11:00",
        "logdata": "http://www.fuannainc.top//WS/MobileInterface.ashx"
    },
    {
        "logtime": "2019/05/26 15:11:00",
        "logdata": "action=GetMobileShareConfig&userid=119926&time=1558854660&signature=0385F48547B385AD2EB077E6E338C6C0"
    },
    {
        "logtime": "2019/05/26 15:11:04",
        "logdata": "url"
    },
    {
        "logtime": "2019/05/26 15:11:04",
        "logdata": "http://www.fuannainc.top//WS/MobileInterface.ashx?action=GetMobileRollNotice"
    },
    {
        "logtime": "2019/05/26 15:11:04",
        "logdata": ""
    },
    {
        "logtime": "2019/05/26 15:11:10",
        "logdata": 4
    },
    {
        "logtime": "2019/05/26 15:11:10",
        "logdata": "onEnterGame"
    },
    {
        "logtime": "2019/05/26 15:11:10",
        "logdata": {
            "_ServerResVersion": 4,
            "_Active": true,
            "_KindVersion": "101122049",
            "_KindType": 2,
            "_Module": "xiuxian/zhongfabai/",
            "_KindID": "105",
            "_Type": "xiuxian",
            "_KindName": "xiuxian.zhongfabai.",
            "_SortId": 8
        }
    },
    {
        "logtime": "2019/05/26 15:11:10",
        "logdata": "url"
    },
    {
        "logtime": "2019/05/26 15:11:10",
        "logdata": "http://apis.juhe.cn/ip/ip2addr?ip=113.77.81.126&key=74bb0395667b8d0588df9ebd6fc36a12"
    },
    {
        "logtime": "2019/05/26 15:11:10",
        "logdata": ""
    },
    {
        "logtime": "2019/05/26 15:11:10",
        "logdata": "url"
    },
    {
        "logtime": "2019/05/26 15:11:10",
        "logdata": "http://apis.juhe.cn/ip/ip2addr?ip=121.77.119.166&key=74bb0395667b8d0588df9ebd6fc36a12"
    },
    {
        "logtime": "2019/05/26 15:11:10",
        "logdata": ""
    },
    {
        "logtime": "2019/05/26 15:11:10",
        "logdata": "url"
    },
    {
        "logtime": "2019/05/26 15:11:10",
        "logdata": "http://apis.juhe.cn/ip/ip2addr?ip=210.35.86.229&key=74bb0395667b8d0588df9ebd6fc36a12"
    },
    {
        "logtime": "2019/05/26 15:11:10",
        "logdata": ""
    },
    {
        "logtime": "2019/05/26 15:11:10",
        "logdata": "url"
    },
    {
        "logtime": "2019/05/26 15:11:10",
        "logdata": "http://apis.juhe.cn/ip/ip2addr?ip=210.43.42.22&key=74bb0395667b8d0588df9ebd6fc36a12"
    },
    {
        "logtime": "2019/05/26 15:11:10",
        "logdata": ""
    },
    {
        "logtime": "2019/05/26 15:11:10",
        "logdata": "url"
    },
    {
        "logtime": "2019/05/26 15:11:10",
        "logdata": "http://apis.juhe.cn/ip/ip2addr?ip=210.38.134.77&key=74bb0395667b8d0588df9ebd6fc36a12"
    },
    {
        "logtime": "2019/05/26 15:11:10",
        "logdata": ""
    },
    {
        "logtime": "2019/05/26 15:11:10",
        "logdata": "url"
    },
    {
        "logtime": "2019/05/26 15:11:10",
        "logdata": "http://apis.juhe.cn/ip/ip2addr?ip=123.232.191.206&key=74bb0395667b8d0588df9ebd6fc36a12"
    },
    {
        "logtime": "2019/05/26 15:11:10",
        "logdata": ""
    },
    {
        "logtime": "2019/05/26 15:11:10",
        "logdata": "url"
    },
    {
        "logtime": "2019/05/26 15:11:10",
        "logdata": "http://apis.juhe.cn/ip/ip2addr?ip=139.212.201.213&key=74bb0395667b8d0588df9ebd6fc36a12"
    },
    {
        "logtime": "2019/05/26 15:11:10",
        "logdata": ""
    },
    {
        "logtime": "2019/05/26 15:11:10",
        "logdata": "url"
    },
    {
        "logtime": "2019/05/26 15:11:10",
        "logdata": "http://apis.juhe.cn/ip/ip2addr?ip=139.197.148.71&key=74bb0395667b8d0588df9ebd6fc36a12"
    },
    {
        "logtime": "2019/05/26 15:11:10",
        "logdata": ""
    },
    {
        "logtime": "2019/05/26 15:11:10",
        "logdata": "url"
    },
    {
        "logtime": "2019/05/26 15:11:10",
        "logdata": "http://apis.juhe.cn/ip/ip2addr?ip=171.8.82.77&key=74bb0395667b8d0588df9ebd6fc36a12"
    },
    {
        "logtime": "2019/05/26 15:11:10",
        "logdata": ""
    },
    {
        "logtime": "2019/05/26 15:11:10",
        "logdata": "url"
    },
    {
        "logtime": "2019/05/26 15:11:10",
        "logdata": "http://apis.juhe.cn/ip/ip2addr?ip=210.44.73.121&key=74bb0395667b8d0588df9ebd6fc36a12"
    },
    {
        "logtime": "2019/05/26 15:11:10",
        "logdata": ""
    },
    {
        "logtime": "2019/05/26 15:11:10",
        "logdata": "url"
    },
    {
        "logtime": "2019/05/26 15:11:10",
        "logdata": "http://apis.juhe.cn/ip/ip2addr?ip=121.77.44.168&key=74bb0395667b8d0588df9ebd6fc36a12"
    },
    {
        "logtime": "2019/05/26 15:11:10",
        "logdata": ""
    },
    {
        "logtime": "2019/05/26 15:11:10",
        "logdata": "url"
    },
    {
        "logtime": "2019/05/26 15:11:10",
        "logdata": "http://apis.juhe.cn/ip/ip2addr?ip=123.233.231.48&key=74bb0395667b8d0588df9ebd6fc36a12"
    },
    {
        "logtime": "2019/05/26 15:11:10",
        "logdata": ""
    },
    {
        "logtime": "2019/05/26 15:11:10",
        "logdata": "url"
    },
    {
        "logtime": "2019/05/26 15:11:10",
        "logdata": "http://apis.juhe.cn/ip/ip2addr?ip=106.93.217.229&key=74bb0395667b8d0588df9ebd6fc36a12"
    },
    {
        "logtime": "2019/05/26 15:11:10",
        "logdata": ""
    },
    {
        "logtime": "2019/05/26 15:11:10",
        "logdata": "url"
    },
    {
        "logtime": "2019/05/26 15:11:10",
        "logdata": "http://apis.juhe.cn/ip/ip2addr?ip=182.80.42.233&key=74bb0395667b8d0588df9ebd6fc36a12"
    },
    {
        "logtime": "2019/05/26 15:11:10",
        "logdata": ""
    },
    {
        "logtime": "2019/05/26 15:11:10",
        "logdata": "url"
    },
    {
        "logtime": "2019/05/26 15:11:10",
        "logdata": "http://apis.juhe.cn/ip/ip2addr?ip=61.235.159.235&key=74bb0395667b8d0588df9ebd6fc36a12"
    },
    {
        "logtime": "2019/05/26 15:11:10",
        "logdata": ""
    },
    {
        "logtime": "2019/05/26 15:11:10",
        "logdata": "url"
    },
    {
        "logtime": "2019/05/26 15:11:10",
        "logdata": "http://apis.juhe.cn/ip/ip2addr?ip=36.60.150.106&key=74bb0395667b8d0588df9ebd6fc36a12"
    },
    {
        "logtime": "2019/05/26 15:11:10",
        "logdata": ""
    },
    {
        "logtime": "2019/05/26 15:11:10",
        "logdata": "url"
    },
    {
        "logtime": "2019/05/26 15:11:10",
        "logdata": "http://apis.juhe.cn/ip/ip2addr?ip=139.199.247.226&key=74bb0395667b8d0588df9ebd6fc36a12"
    },
    {
        "logtime": "2019/05/26 15:11:10",
        "logdata": ""
    },
    {
        "logtime": "2019/05/26 15:11:10",
        "logdata": "url"
    },
    {
        "logtime": "2019/05/26 15:11:10",
        "logdata": "http://apis.juhe.cn/ip/ip2addr?ip=139.214.70.206&key=74bb0395667b8d0588df9ebd6fc36a12"
    },
    {
        "logtime": "2019/05/26 15:11:10",
        "logdata": ""
    },
    {
        "logtime": "2019/05/26 15:11:10",
        "logdata": "url"
    },
    {
        "logtime": "2019/05/26 15:11:10",
        "logdata": "http://apis.juhe.cn/ip/ip2addr?ip=121.76.123.207&key=74bb0395667b8d0588df9ebd6fc36a12"
    },
    {
        "logtime": "2019/05/26 15:11:11",
        "logdata": ""
    },
    {
        "logtime": "2019/05/26 15:11:11",
        "logdata": "url"
    },
    {
        "logtime": "2019/05/26 15:11:11",
        "logdata": "http://apis.juhe.cn/ip/ip2addr?ip=171.8.218.100&key=74bb0395667b8d0588df9ebd6fc36a12"
    },
    {
        "logtime": "2019/05/26 15:11:11",
        "logdata": ""
    },
    {
        "logtime": "2019/05/26 15:11:11",
        "logdata": "url"
    },
    {
        "logtime": "2019/05/26 15:11:11",
        "logdata": "http://apis.juhe.cn/ip/ip2addr?ip=123.232.201.201&key=74bb0395667b8d0588df9ebd6fc36a12"
    },
    {
        "logtime": "2019/05/26 15:11:11",
        "logdata": ""
    },
    {
        "logtime": "2019/05/26 15:11:11",
        "logdata": "url"
    },
    {
        "logtime": "2019/05/26 15:11:11",
        "logdata": "http://apis.juhe.cn/ip/ip2addr?ip=106.86.54.129&key=74bb0395667b8d0588df9ebd6fc36a12"
    },
    {
        "logtime": "2019/05/26 15:11:11",
        "logdata": ""
    },
    {
        "logtime": "2019/05/26 15:11:11",
        "logdata": "url"
    },
    {
        "logtime": "2019/05/26 15:11:11",
        "logdata": "http://apis.juhe.cn/ip/ip2addr?ip=222.31.126.155&key=74bb0395667b8d0588df9ebd6fc36a12"
    },
    {
        "logtime": "2019/05/26 15:11:11",
        "logdata": ""
    },
    {
        "logtime": "2019/05/26 15:11:11",
        "logdata": "url"
    },
    {
        "logtime": "2019/05/26 15:11:11",
        "logdata": "http://apis.juhe.cn/ip/ip2addr?ip=182.91.238.185&key=74bb0395667b8d0588df9ebd6fc36a12"
    },
    {
        "logtime": "2019/05/26 15:11:11",
        "logdata": ""
    },
    {
        "logtime": "2019/05/26 15:11:11",
        "logdata": "url"
    },
    {
        "logtime": "2019/05/26 15:11:11",
        "logdata": "http://apis.juhe.cn/ip/ip2addr?ip=123.233.197.191&key=74bb0395667b8d0588df9ebd6fc36a12"
    },
    {
        "logtime": "2019/05/26 15:11:11",
        "logdata": ""
    },
    {
        "logtime": "2019/05/26 15:11:11",
        "logdata": "url"
    },
    {
        "logtime": "2019/05/26 15:11:11",
        "logdata": "http://apis.juhe.cn/ip/ip2addr?ip=171.15.5.165&key=74bb0395667b8d0588df9ebd6fc36a12"
    },
    {
        "logtime": "2019/05/26 15:11:11",
        "logdata": ""
    },
    {
        "logtime": "2019/05/26 15:11:11",
        "logdata": "url"
    },
    {
        "logtime": "2019/05/26 15:11:11",
        "logdata": "http://apis.juhe.cn/ip/ip2addr?ip=171.14.253.86&key=74bb0395667b8d0588df9ebd6fc36a12"
    },
    {
        "logtime": "2019/05/26 15:11:11",
        "logdata": ""
    },
    {
        "logtime": "2019/05/26 15:11:11",
        "logdata": "url"
    },
    {
        "logtime": "2019/05/26 15:11:11",
        "logdata": "http://apis.juhe.cn/ip/ip2addr?ip=222.54.90.52&key=74bb0395667b8d0588df9ebd6fc36a12"
    },
    {
        "logtime": "2019/05/26 15:11:11",
        "logdata": ""
    },
    {
        "logtime": "2019/05/26 15:11:11",
        "logdata": "url"
    },
    {
        "logtime": "2019/05/26 15:11:11",
        "logdata": "http://apis.juhe.cn/ip/ip2addr?ip=222.19.45.62&key=74bb0395667b8d0588df9ebd6fc36a12"
    },
    {
        "logtime": "2019/05/26 15:11:11",
        "logdata": ""
    },
    {
        "logtime": "2019/05/26 15:11:11",
        "logdata": "url"
    },
    {
        "logtime": "2019/05/26 15:11:11",
        "logdata": "http://apis.juhe.cn/ip/ip2addr?ip=61.237.206.182&key=74bb0395667b8d0588df9ebd6fc36a12"
    },
    {
        "logtime": "2019/05/26 15:11:11",
        "logdata": ""
    },
    {
        "logtime": "2019/05/26 15:11:11",
        "logdata": "url"
    },
    {
        "logtime": "2019/05/26 15:11:11",
        "logdata": "http://apis.juhe.cn/ip/ip2addr?ip=36.57.209.173&key=74bb0395667b8d0588df9ebd6fc36a12"
    },
    {
        "logtime": "2019/05/26 15:11:11",
        "logdata": ""
    },
    {
        "logtime": "2019/05/26 15:11:11",
        "logdata": "url"
    },
    {
        "logtime": "2019/05/26 15:11:11",
        "logdata": "http://apis.juhe.cn/ip/ip2addr?ip=36.60.150.106&key=74bb0395667b8d0588df9ebd6fc36a12"
    },
    {
        "logtime": "2019/05/26 15:11:11",
        "logdata": ""
    },
    {
        "logtime": "2019/05/26 15:11:11",
        "logdata": "url"
    },
    {
        "logtime": "2019/05/26 15:11:11",
        "logdata": "http://apis.juhe.cn/ip/ip2addr?ip=123.232.191.206&key=74bb0395667b8d0588df9ebd6fc36a12"
    },
    {
        "logtime": "2019/05/26 15:11:11",
        "logdata": ""
    },
    {
        "logtime": "2019/05/26 15:11:11",
        "logdata": "url"
    },
    {
        "logtime": "2019/05/26 15:11:11",
        "logdata": "http://apis.juhe.cn/ip/ip2addr?ip=61.235.159.235&key=74bb0395667b8d0588df9ebd6fc36a12"
    },
    {
        "logtime": "2019/05/26 15:11:11",
        "logdata": ""
    },
    {
        "logtime": "2019/05/26 15:11:11",
        "logdata": "url"
    },
    {
        "logtime": "2019/05/26 15:11:11",
        "logdata": "http://apis.juhe.cn/ip/ip2addr?ip=106.93.217.229&key=74bb0395667b8d0588df9ebd6fc36a12"
    },
    {
        "logtime": "2019/05/26 15:11:11",
        "logdata": ""
    },
    {
        "logtime": "2019/05/26 15:11:11",
        "logdata": "url"
    },
    {
        "logtime": "2019/05/26 15:11:11",
        "logdata": "http://apis.juhe.cn/ip/ip2addr?ip=123.232.201.201&key=74bb0395667b8d0588df9ebd6fc36a12"
    },
    {
        "logtime": "2019/05/26 15:11:11",
        "logdata": ""
    },
    {
        "logtime": "2019/05/26 15:11:11",
        "logdata": "url"
    },
    {
        "logtime": "2019/05/26 15:11:11",
        "logdata": "http://apis.juhe.cn/ip/ip2addr?ip=139.199.247.226&key=74bb0395667b8d0588df9ebd6fc36a12"
    },
    {
        "logtime": "2019/05/26 15:11:11",
        "logdata": ""
    },
    {
        "logtime": "2019/05/26 15:11:11",
        "logdata": "url"
    },
    {
        "logtime": "2019/05/26 15:11:11",
        "logdata": "http://apis.juhe.cn/ip/ip2addr?ip=123.233.197.191&key=74bb0395667b8d0588df9ebd6fc36a12"
    },
    {
        "logtime": "2019/05/26 15:11:11",
        "logdata": ""
    },
    {
        "logtime": "2019/05/26 15:11:11",
        "logdata": "url"
    },
    {
        "logtime": "2019/05/26 15:11:11",
        "logdata": "http://apis.juhe.cn/ip/ip2addr?ip=106.86.54.129&key=74bb0395667b8d0588df9ebd6fc36a12"
    },
    {
        "logtime": "2019/05/26 15:11:11",
        "logdata": ""
    },
    {
        "logtime": "2019/05/26 15:11:11",
        "logdata": "url"
    },
    {
        "logtime": "2019/05/26 15:11:11",
        "logdata": "http://apis.juhe.cn/ip/ip2addr?ip=182.91.238.185&key=74bb0395667b8d0588df9ebd6fc36a12"
    },
    {
        "logtime": "2019/05/26 15:11:11",
        "logdata": ""
    },
    {
        "logtime": "2019/05/26 15:11:11",
        "logdata": "url"
    },
    {
        "logtime": "2019/05/26 15:11:11",
        "logdata": "http://apis.juhe.cn/ip/ip2addr?ip=171.15.5.165&key=74bb0395667b8d0588df9ebd6fc36a12"
    },
    {
        "logtime": "2019/05/26 15:11:11",
        "logdata": ""
    },
    {
        "logtime": "2019/05/26 15:11:11",
        "logdata": "url"
    },
    {
        "logtime": "2019/05/26 15:11:11",
        "logdata": "http://apis.juhe.cn/ip/ip2addr?ip=171.14.253.86&key=74bb0395667b8d0588df9ebd6fc36a12"
    },
    {
        "logtime": "2019/05/26 15:11:11",
        "logdata": ""
    },
    {
        "logtime": "2019/05/26 15:11:11",
        "logdata": "url"
    },
    {
        "logtime": "2019/05/26 15:11:11",
        "logdata": "http://apis.juhe.cn/ip/ip2addr?ip=222.19.45.62&key=74bb0395667b8d0588df9ebd6fc36a12"
    },
    {
        "logtime": "2019/05/26 15:11:11",
        "logdata": ""
    },
    {
        "logtime": "2019/05/26 15:11:11",
        "logdata": {
            "_ServerResVersion": 4,
            "_Active": true,
            "_KindVersion": "101122049",
            "_KindType": 2,
            "_Module": "xiuxian/zhongfabai/",
            "_KindID": "105",
            "_Type": "xiuxian",
            "nSitChair": 65535,
            "_KindName": "xiuxian.zhongfabai.",
            "nEnterRoomIndex": 1,
            "nSitTable": 65535,
            "_SortId": 8
        }
    },
    {
        "logtime": "2019/05/26 15:11:11",
        "logdata": "modulestr"
    },
    {
        "logtime": "2019/05/26 15:11:11",
        "logdata": "xiuxian/zhongfabai/"
    },
    {
        "logtime": "2019/05/26 15:11:13",
        "logdata": "url"
    },
    {
        "logtime": "2019/05/26 15:11:13",
        "logdata": "http://apis.juhe.cn/ip/ip2addr?ip=61.235.159.235&key=74bb0395667b8d0588df9ebd6fc36a12"
    },
    {
        "logtime": "2019/05/26 15:11:13",
        "logdata": ""
    },
    {
        "logtime": "2019/05/26 15:11:13",
        "logdata": "url"
    },
    {
        "logtime": "2019/05/26 15:11:13",
        "logdata": "http://apis.juhe.cn/ip/ip2addr?ip=36.60.150.106&key=74bb0395667b8d0588df9ebd6fc36a12"
    },
    {
        "logtime": "2019/05/26 15:11:13",
        "logdata": ""
    },
    {
        "logtime": "2019/05/26 15:11:13",
        "logdata": "url"
    },
    {
        "logtime": "2019/05/26 15:11:13",
        "logdata": "http://apis.juhe.cn/ip/ip2addr?ip=123.232.191.206&key=74bb0395667b8d0588df9ebd6fc36a12"
    },
    {
        "logtime": "2019/05/26 15:11:13",
        "logdata": ""
    },
    {
        "logtime": "2019/05/26 15:11:13",
        "logdata": "url"
    },
    {
        "logtime": "2019/05/26 15:11:13",
        "logdata": "http://apis.juhe.cn/ip/ip2addr?ip=106.93.217.229&key=74bb0395667b8d0588df9ebd6fc36a12"
    },
    {
        "logtime": "2019/05/26 15:11:13",
        "logdata": ""
    },
    {
        "logtime": "2019/05/26 15:11:13",
        "logdata": "url"
    },
    {
        "logtime": "2019/05/26 15:11:13",
        "logdata": "http://apis.juhe.cn/ip/ip2addr?ip=123.233.197.191&key=74bb0395667b8d0588df9ebd6fc36a12"
    },
    {
        "logtime": "2019/05/26 15:11:13",
        "logdata": ""
    },
    {
        "logtime": "2019/05/26 15:11:13",
        "logdata": "url"
    },
    {
        "logtime": "2019/05/26 15:11:13",
        "logdata": "http://apis.juhe.cn/ip/ip2addr?ip=123.232.201.201&key=74bb0395667b8d0588df9ebd6fc36a12"
    },
    {
        "logtime": "2019/05/26 15:11:13",
        "logdata": ""
    },
    {
        "logtime": "2019/05/26 15:11:13",
        "logdata": "url"
    },
    {
        "logtime": "2019/05/26 15:11:13",
        "logdata": "http://apis.juhe.cn/ip/ip2addr?ip=182.91.238.185&key=74bb0395667b8d0588df9ebd6fc36a12"
    },
    {
        "logtime": "2019/05/26 15:11:13",
        "logdata": ""
    },
    {
        "logtime": "2019/05/26 15:11:13",
        "logdata": "url"
    },
    {
        "logtime": "2019/05/26 15:11:13",
        "logdata": "http://apis.juhe.cn/ip/ip2addr?ip=139.199.247.226&key=74bb0395667b8d0588df9ebd6fc36a12"
    },
    {
        "logtime": "2019/05/26 15:11:13",
        "logdata": ""
    },
    {
        "logtime": "2019/05/26 15:11:13",
        "logdata": "url"
    },
    {
        "logtime": "2019/05/26 15:11:13",
        "logdata": "http://apis.juhe.cn/ip/ip2addr?ip=106.86.54.129&key=74bb0395667b8d0588df9ebd6fc36a12"
    },
    {
        "logtime": "2019/05/26 15:11:13",
        "logdata": ""
    },
    {
        "logtime": "2019/05/26 15:11:13",
        "logdata": "url"
    },
    {
        "logtime": "2019/05/26 15:11:13",
        "logdata": "http://apis.juhe.cn/ip/ip2addr?ip=222.19.45.62&key=74bb0395667b8d0588df9ebd6fc36a12"
    },
    {
        "logtime": "2019/05/26 15:11:13",
        "logdata": ""
    },
    {
        "logtime": "2019/05/26 15:11:13",
        "logdata": "url"
    },
    {
        "logtime": "2019/05/26 15:11:13",
        "logdata": "http://apis.juhe.cn/ip/ip2addr?ip=171.14.253.86&key=74bb0395667b8d0588df9ebd6fc36a12"
    },
    {
        "logtime": "2019/05/26 15:11:13",
        "logdata": ""
    },
    {
        "logtime": "2019/05/26 15:11:13",
        "logdata": "url"
    },
    {
        "logtime": "2019/05/26 15:11:13",
        "logdata": "http://apis.juhe.cn/ip/ip2addr?ip=171.15.5.165&key=74bb0395667b8d0588df9ebd6fc36a12"
    },
    {
        "logtime": "2019/05/26 15:11:14",
        "logdata": ""
    },
    {
        "logtime": "2019/05/26 15:11:23",
        "logdata": 4
    },
    {
        "logtime": "2019/05/26 15:11:23",
        "logdata": "onEnterGame"
    },
    {
        "logtime": "2019/05/26 15:11:23",
        "logdata": {
            "_ServerResVersion": 4,
            "_Active": true,
            "_KindVersion": "101122049",
            "_KindType": 2,
            "_Module": "xiuxian/zhongfabai/",
            "_KindID": "105",
            "_Type": "xiuxian",
            "nSitChair": 65535,
            "_KindName": "xiuxian.zhongfabai.",
            "nEnterRoomIndex": 1,
            "nSitTable": 65535,
            "_SortId": 8
        }
    },
    {
        "logtime": "2019/05/26 15:11:23",
        "logdata": "url"
    },
    {
        "logtime": "2019/05/26 15:11:23",
        "logdata": "http://apis.juhe.cn/ip/ip2addr?ip=113.77.81.126&key=74bb0395667b8d0588df9ebd6fc36a12"
    },
    {
        "logtime": "2019/05/26 15:11:23",
        "logdata": ""
    },
    {
        "logtime": "2019/05/26 15:11:23",
        "logdata": "url"
    },
    {
        "logtime": "2019/05/26 15:11:23",
        "logdata": "http://apis.juhe.cn/ip/ip2addr?ip=121.77.171.182&key=74bb0395667b8d0588df9ebd6fc36a12"
    },
    {
        "logtime": "2019/05/26 15:11:23",
        "logdata": ""
    },
    {
        "logtime": "2019/05/26 15:11:23",
        "logdata": "url"
    },
    {
        "logtime": "2019/05/26 15:11:23",
        "logdata": "http://apis.juhe.cn/ip/ip2addr?ip=61.235.112.250&key=74bb0395667b8d0588df9ebd6fc36a12"
    },
    {
        "logtime": "2019/05/26 15:11:23",
        "logdata": ""
    },
    {
        "logtime": "2019/05/26 15:11:23",
        "logdata": "url"
    },
    {
        "logtime": "2019/05/26 15:11:23",
        "logdata": "http://apis.juhe.cn/ip/ip2addr?ip=222.63.117.34&key=74bb0395667b8d0588df9ebd6fc36a12"
    },
    {
        "logtime": "2019/05/26 15:11:23",
        "logdata": ""
    },
    {
        "logtime": "2019/05/26 15:11:23",
        "logdata": "url"
    },
    {
        "logtime": "2019/05/26 15:11:23",
        "logdata": "http://apis.juhe.cn/ip/ip2addr?ip=222.21.191.209&key=74bb0395667b8d0588df9ebd6fc36a12"
    },
    {
        "logtime": "2019/05/26 15:11:23",
        "logdata": ""
    },
    {
        "logtime": "2019/05/26 15:11:23",
        "logdata": "url"
    },
    {
        "logtime": "2019/05/26 15:11:23",
        "logdata": "http://apis.juhe.cn/ip/ip2addr?ip=171.11.209.101&key=74bb0395667b8d0588df9ebd6fc36a12"
    },
    {
        "logtime": "2019/05/26 15:11:23",
        "logdata": ""
    },
    {
        "logtime": "2019/05/26 15:11:23",
        "logdata": "url"
    },
    {
        "logtime": "2019/05/26 15:11:23",
        "logdata": "http://apis.juhe.cn/ip/ip2addr?ip=61.236.64.11&key=74bb0395667b8d0588df9ebd6fc36a12"
    },
    {
        "logtime": "2019/05/26 15:11:23",
        "logdata": ""
    },
    {
        "logtime": "2019/05/26 15:11:23",
        "logdata": "url"
    },
    {
        "logtime": "2019/05/26 15:11:23",
        "logdata": "http://apis.juhe.cn/ip/ip2addr?ip=171.9.98.144&key=74bb0395667b8d0588df9ebd6fc36a12"
    },
    {
        "logtime": "2019/05/26 15:11:23",
        "logdata": ""
    },
    {
        "logtime": "2019/05/26 15:11:23",
        "logdata": "url"
    },
    {
        "logtime": "2019/05/26 15:11:23",
        "logdata": "http://apis.juhe.cn/ip/ip2addr?ip=106.80.179.43&key=74bb0395667b8d0588df9ebd6fc36a12"
    },
    {
        "logtime": "2019/05/26 15:11:23",
        "logdata": ""
    },
    {
        "logtime": "2019/05/26 15:11:23",
        "logdata": "url"
    },
    {
        "logtime": "2019/05/26 15:11:23",
        "logdata": "http://apis.juhe.cn/ip/ip2addr?ip=139.201.183.81&key=74bb0395667b8d0588df9ebd6fc36a12"
    },
    {
        "logtime": "2019/05/26 15:11:23",
        "logdata": ""
    },
    {
        "logtime": "2019/05/26 15:11:23",
        "logdata": "url"
    },
    {
        "logtime": "2019/05/26 15:11:23",
        "logdata": "http://apis.juhe.cn/ip/ip2addr?ip=139.199.44.132&key=74bb0395667b8d0588df9ebd6fc36a12"
    },
    {
        "logtime": "2019/05/26 15:11:23",
        "logdata": ""
    },
    {
        "logtime": "2019/05/26 15:11:23",
        "logdata": "url"
    },
    {
        "logtime": "2019/05/26 15:11:23",
        "logdata": "http://apis.juhe.cn/ip/ip2addr?ip=61.237.26.227&key=74bb0395667b8d0588df9ebd6fc36a12"
    },
    {
        "logtime": "2019/05/26 15:11:23",
        "logdata": ""
    },
    {
        "logtime": "2019/05/26 15:11:23",
        "logdata": "url"
    },
    {
        "logtime": "2019/05/26 15:11:23",
        "logdata": "http://apis.juhe.cn/ip/ip2addr?ip=139.201.14.187&key=74bb0395667b8d0588df9ebd6fc36a12"
    },
    {
        "logtime": "2019/05/26 15:11:23",
        "logdata": ""
    },
    {
        "logtime": "2019/05/26 15:11:23",
        "logdata": "url"
    },
    {
        "logtime": "2019/05/26 15:11:23",
        "logdata": "http://apis.juhe.cn/ip/ip2addr?ip=182.88.151.40&key=74bb0395667b8d0588df9ebd6fc36a12"
    },
    {
        "logtime": "2019/05/26 15:11:23",
        "logdata": ""
    },
    {
        "logtime": "2019/05/26 15:11:23",
        "logdata": "url"
    },
    {
        "logtime": "2019/05/26 15:11:23",
        "logdata": "http://apis.juhe.cn/ip/ip2addr?ip=171.8.252.229&key=74bb0395667b8d0588df9ebd6fc36a12"
    },
    {
        "logtime": "2019/05/26 15:11:23",
        "logdata": ""
    },
    {
        "logtime": "2019/05/26 15:11:23",
        "logdata": "url"
    },
    {
        "logtime": "2019/05/26 15:11:23",
        "logdata": "http://apis.juhe.cn/ip/ip2addr?ip=210.45.182.101&key=74bb0395667b8d0588df9ebd6fc36a12"
    },
    {
        "logtime": "2019/05/26 15:11:23",
        "logdata": ""
    },
    {
        "logtime": "2019/05/26 15:11:23",
        "logdata": "url"
    },
    {
        "logtime": "2019/05/26 15:11:24",
        "logdata": "http://apis.juhe.cn/ip/ip2addr?ip=106.80.100.205&key=74bb0395667b8d0588df9ebd6fc36a12"
    },
    {
        "logtime": "2019/05/26 15:11:24",
        "logdata": ""
    },
    {
        "logtime": "2019/05/26 15:11:24",
        "logdata": "url"
    },
    {
        "logtime": "2019/05/26 15:11:24",
        "logdata": "http://apis.juhe.cn/ip/ip2addr?ip=61.235.227.103&key=74bb0395667b8d0588df9ebd6fc36a12"
    },
    {
        "logtime": "2019/05/26 15:11:24",
        "logdata": ""
    },
    {
        "logtime": "2019/05/26 15:11:24",
        "logdata": "url"
    },
    {
        "logtime": "2019/05/26 15:11:24",
        "logdata": "http://apis.juhe.cn/ip/ip2addr?ip=210.44.155.216&key=74bb0395667b8d0588df9ebd6fc36a12"
    },
    {
        "logtime": "2019/05/26 15:11:24",
        "logdata": ""
    },
    {
        "logtime": "2019/05/26 15:11:24",
        "logdata": "url"
    },
    {
        "logtime": "2019/05/26 15:11:24",
        "logdata": "http://apis.juhe.cn/ip/ip2addr?ip=222.83.255.106&key=74bb0395667b8d0588df9ebd6fc36a12"
    },
    {
        "logtime": "2019/05/26 15:11:24",
        "logdata": ""
    },
    {
        "logtime": "2019/05/26 15:11:24",
        "logdata": "url"
    },
    {
        "logtime": "2019/05/26 15:11:24",
        "logdata": "http://apis.juhe.cn/ip/ip2addr?ip=182.85.123.190&key=74bb0395667b8d0588df9ebd6fc36a12"
    },
    {
        "logtime": "2019/05/26 15:11:24",
        "logdata": ""
    },
    {
        "logtime": "2019/05/26 15:11:24",
        "logdata": "url"
    },
    {
        "logtime": "2019/05/26 15:11:24",
        "logdata": "http://apis.juhe.cn/ip/ip2addr?ip=210.36.13.109&key=74bb0395667b8d0588df9ebd6fc36a12"
    },
    {
        "logtime": "2019/05/26 15:11:24",
        "logdata": ""
    },
    {
        "logtime": "2019/05/26 15:11:24",
        "logdata": "url"
    },
    {
        "logtime": "2019/05/26 15:11:24",
        "logdata": "http://apis.juhe.cn/ip/ip2addr?ip=171.13.235.52&key=74bb0395667b8d0588df9ebd6fc36a12"
    },
    {
        "logtime": "2019/05/26 15:11:24",
        "logdata": ""
    },
    {
        "logtime": "2019/05/26 15:11:24",
        "logdata": "url"
    },
    {
        "logtime": "2019/05/26 15:11:24",
        "logdata": "http://apis.juhe.cn/ip/ip2addr?ip=36.56.99.125&key=74bb0395667b8d0588df9ebd6fc36a12"
    },
    {
        "logtime": "2019/05/26 15:11:24",
        "logdata": ""
    },
    {
        "logtime": "2019/05/26 15:11:24",
        "logdata": "url"
    },
    {
        "logtime": "2019/05/26 15:11:24",
        "logdata": "http://apis.juhe.cn/ip/ip2addr?ip=106.94.168.148&key=74bb0395667b8d0588df9ebd6fc36a12"
    },
    {
        "logtime": "2019/05/26 15:11:24",
        "logdata": ""
    },
    {
        "logtime": "2019/05/26 15:11:24",
        "logdata": "url"
    },
    {
        "logtime": "2019/05/26 15:11:24",
        "logdata": "http://apis.juhe.cn/ip/ip2addr?ip=36.63.107.174&key=74bb0395667b8d0588df9ebd6fc36a12"
    },
    {
        "logtime": "2019/05/26 15:11:24",
        "logdata": ""
    },
    {
        "logtime": "2019/05/26 15:11:24",
        "logdata": "url"
    },
    {
        "logtime": "2019/05/26 15:11:24",
        "logdata": "http://apis.juhe.cn/ip/ip2addr?ip=171.10.170.242&key=74bb0395667b8d0588df9ebd6fc36a12"
    },
    {
        "logtime": "2019/05/26 15:11:24",
        "logdata": ""
    },
    {
        "logtime": "2019/05/26 15:11:24",
        "logdata": "url"
    },
    {
        "logtime": "2019/05/26 15:11:24",
        "logdata": "http://apis.juhe.cn/ip/ip2addr?ip=182.83.14.88&key=74bb0395667b8d0588df9ebd6fc36a12"
    },
    {
        "logtime": "2019/05/26 15:11:24",
        "logdata": ""
    },
    {
        "logtime": "2019/05/26 15:11:24",
        "logdata": "url"
    },
    {
        "logtime": "2019/05/26 15:11:24",
        "logdata": "http://apis.juhe.cn/ip/ip2addr?ip=182.88.172.79&key=74bb0395667b8d0588df9ebd6fc36a12"
    },
    {
        "logtime": "2019/05/26 15:11:24",
        "logdata": ""
    },
    {
        "logtime": "2019/05/26 15:11:24",
        "logdata": "url"
    },
    {
        "logtime": "2019/05/26 15:11:24",
        "logdata": "http://apis.juhe.cn/ip/ip2addr?ip=210.25.55.177&key=74bb0395667b8d0588df9ebd6fc36a12"
    },
    {
        "logtime": "2019/05/26 15:11:24",
        "logdata": ""
    },
    {
        "logtime": "2019/05/26 15:11:24",
        "logdata": "url"
    },
    {
        "logtime": "2019/05/26 15:11:24",
        "logdata": "http://apis.juhe.cn/ip/ip2addr?ip=121.77.129.57&key=74bb0395667b8d0588df9ebd6fc36a12"
    },
    {
        "logtime": "2019/05/26 15:11:24",
        "logdata": ""
    },
    {
        "logtime": "2019/05/26 15:11:24",
        "logdata": {
            "_ServerResVersion": 4,
            "_Active": true,
            "_KindVersion": "101122049",
            "_KindType": 2,
            "_Module": "xiuxian/zhongfabai/",
            "_KindID": "105",
            "_Type": "xiuxian",
            "nSitChair": 65535,
            "_KindName": "xiuxian.zhongfabai.",
            "nEnterRoomIndex": 1,
            "nSitTable": 65535,
            "_SortId": 8
        }
    },
    {
        "logtime": "2019/05/26 15:11:24",
        "logdata": "modulestr"
    },
    {
        "logtime": "2019/05/26 15:11:24",
        "logdata": "xiuxian/zhongfabai/"
    },
    {
        "logtime": "2019/05/26 15:11:24",
        "logdata": "url"
    },
    {
        "logtime": "2019/05/26 15:11:24",
        "logdata": "http://apis.juhe.cn/ip/ip2addr?ip=121.77.171.182&key=74bb0395667b8d0588df9ebd6fc36a12"
    },
    {
        "logtime": "2019/05/26 15:11:24",
        "logdata": ""
    },
    {
        "logtime": "2019/05/26 15:11:24",
        "logdata": "url"
    },
    {
        "logtime": "2019/05/26 15:11:24",
        "logdata": "http://apis.juhe.cn/ip/ip2addr?ip=182.85.123.190&key=74bb0395667b8d0588df9ebd6fc36a12"
    },
    {
        "logtime": "2019/05/26 15:11:24",
        "logdata": ""
    },
    {
        "logtime": "2019/05/26 15:11:24",
        "logdata": "url"
    },
    {
        "logtime": "2019/05/26 15:11:24",
        "logdata": "http://apis.juhe.cn/ip/ip2addr?ip=210.45.182.101&key=74bb0395667b8d0588df9ebd6fc36a12"
    },
    {
        "logtime": "2019/05/26 15:11:25",
        "logdata": ""
    },
    {
        "logtime": "2019/05/26 15:11:25",
        "logdata": "url"
    },
    {
        "logtime": "2019/05/26 15:11:25",
        "logdata": "http://apis.juhe.cn/ip/ip2addr?ip=210.36.13.109&key=74bb0395667b8d0588df9ebd6fc36a12"
    },
    {
        "logtime": "2019/05/26 15:11:25",
        "logdata": ""
    },
    {
        "logtime": "2019/05/26 15:11:25",
        "logdata": "url"
    },
    {
        "logtime": "2019/05/26 15:11:25",
        "logdata": "http://apis.juhe.cn/ip/ip2addr?ip=106.80.100.205&key=74bb0395667b8d0588df9ebd6fc36a12"
    },
    {
        "logtime": "2019/05/26 15:11:25",
        "logdata": ""
    },
    {
        "logtime": "2019/05/26 15:11:25",
        "logdata": "url"
    },
    {
        "logtime": "2019/05/26 15:11:25",
        "logdata": "http://apis.juhe.cn/ip/ip2addr?ip=36.63.107.174&key=74bb0395667b8d0588df9ebd6fc36a12"
    },
    {
        "logtime": "2019/05/26 15:11:25",
        "logdata": ""
    },
    {
        "logtime": "2019/05/26 15:11:25",
        "logdata": "url"
    },
    {
        "logtime": "2019/05/26 15:11:25",
        "logdata": "http://apis.juhe.cn/ip/ip2addr?ip=171.13.235.52&key=74bb0395667b8d0588df9ebd6fc36a12"
    },
    {
        "logtime": "2019/05/26 15:11:25",
        "logdata": ""
    },
    {
        "logtime": "2019/05/26 15:11:25",
        "logdata": "url"
    },
    {
        "logtime": "2019/05/26 15:11:25",
        "logdata": "http://apis.juhe.cn/ip/ip2addr?ip=210.44.155.216&key=74bb0395667b8d0588df9ebd6fc36a12"
    },
    {
        "logtime": "2019/05/26 15:11:25",
        "logdata": ""
    },
    {
        "logtime": "2019/05/26 15:11:25",
        "logdata": "url"
    },
    {
        "logtime": "2019/05/26 15:11:25",
        "logdata": "http://apis.juhe.cn/ip/ip2addr?ip=222.83.255.106&key=74bb0395667b8d0588df9ebd6fc36a12"
    },
    {
        "logtime": "2019/05/26 15:11:25",
        "logdata": ""
    },
    {
        "logtime": "2019/05/26 15:11:25",
        "logdata": "url"
    },
    {
        "logtime": "2019/05/26 15:11:25",
        "logdata": "http://apis.juhe.cn/ip/ip2addr?ip=182.88.151.40&key=74bb0395667b8d0588df9ebd6fc36a12"
    },
    {
        "logtime": "2019/05/26 15:11:25",
        "logdata": ""
    },
    {
        "logtime": "2019/05/26 15:11:25",
        "logdata": "url"
    },
    {
        "logtime": "2019/05/26 15:11:25",
        "logdata": "http://apis.juhe.cn/ip/ip2addr?ip=106.94.168.148&key=74bb0395667b8d0588df9ebd6fc36a12"
    },
    {
        "logtime": "2019/05/26 15:11:25",
        "logdata": ""
    },
    {
        "logtime": "2019/05/26 15:11:25",
        "logdata": "url"
    },
    {
        "logtime": "2019/05/26 15:11:25",
        "logdata": "http://apis.juhe.cn/ip/ip2addr?ip=171.10.170.242&key=74bb0395667b8d0588df9ebd6fc36a12"
    },
    {
        "logtime": "2019/05/26 15:11:25",
        "logdata": ""
    },
    {
        "logtime": "2019/05/26 15:11:25",
        "logdata": "url"
    },
    {
        "logtime": "2019/05/26 15:11:25",
        "logdata": "http://apis.juhe.cn/ip/ip2addr?ip=182.88.172.79&key=74bb0395667b8d0588df9ebd6fc36a12"
    },
    {
        "logtime": "2019/05/26 15:11:25",
        "logdata": ""
    },
    {
        "logtime": "2019/05/26 15:11:25",
        "logdata": "url"
    },
    {
        "logtime": "2019/05/26 15:11:25",
        "logdata": "http://apis.juhe.cn/ip/ip2addr?ip=182.83.14.88&key=74bb0395667b8d0588df9ebd6fc36a12"
    },
    {
        "logtime": "2019/05/26 15:11:25",
        "logdata": ""
    },
    {
        "logtime": "2019/05/26 15:11:25",
        "logdata": "url"
    },
    {
        "logtime": "2019/05/26 15:11:25",
        "logdata": "http://apis.juhe.cn/ip/ip2addr?ip=121.77.129.57&key=74bb0395667b8d0588df9ebd6fc36a12"
    },
    {
        "logtime": "2019/05/26 15:11:25",
        "logdata": ""
    },
    {
        "logtime": "2019/05/26 15:11:25",
        "logdata": "url"
    },
    {
        "logtime": "2019/05/26 15:11:25",
        "logdata": "http://apis.juhe.cn/ip/ip2addr?ip=121.77.171.182&key=74bb0395667b8d0588df9ebd6fc36a12"
    },
    {
        "logtime": "2019/05/26 15:11:25",
        "logdata": ""
    },
    {
        "logtime": "2019/05/26 15:11:25",
        "logdata": "url"
    },
    {
        "logtime": "2019/05/26 15:11:25",
        "logdata": "http://apis.juhe.cn/ip/ip2addr?ip=106.80.100.205&key=74bb0395667b8d0588df9ebd6fc36a12"
    },
    {
        "logtime": "2019/05/26 15:11:25",
        "logdata": ""
    },
    {
        "logtime": "2019/05/26 15:11:25",
        "logdata": "url"
    },
    {
        "logtime": "2019/05/26 15:11:25",
        "logdata": "http://apis.juhe.cn/ip/ip2addr?ip=210.45.182.101&key=74bb0395667b8d0588df9ebd6fc36a12"
    },
    {
        "logtime": "2019/05/26 15:11:25",
        "logdata": ""
    },
    {
        "logtime": "2019/05/26 15:11:25",
        "logdata": "url"
    },
    {
        "logtime": "2019/05/26 15:11:25",
        "logdata": "http://apis.juhe.cn/ip/ip2addr?ip=182.83.14.88&key=74bb0395667b8d0588df9ebd6fc36a12"
    },
    {
        "logtime": "2019/05/26 15:11:25",
        "logdata": ""
    },
    {
        "logtime": "2019/05/26 15:11:26",
        "logdata": "url"
    },
    {
        "logtime": "2019/05/26 15:11:26",
        "logdata": "http://apis.juhe.cn/ip/ip2addr?ip=171.13.235.52&key=74bb0395667b8d0588df9ebd6fc36a12"
    },
    {
        "logtime": "2019/05/26 15:11:26",
        "logdata": ""
    },
    {
        "logtime": "2019/05/26 15:11:26",
        "logdata": "url"
    },
    {
        "logtime": "2019/05/26 15:11:26",
        "logdata": "http://apis.juhe.cn/ip/ip2addr?ip=182.85.123.190&key=74bb0395667b8d0588df9ebd6fc36a12"
    },
    {
        "logtime": "2019/05/26 15:11:26",
        "logdata": ""
    },
    {
        "logtime": "2019/05/26 15:11:26",
        "logdata": "url"
    },
    {
        "logtime": "2019/05/26 15:11:26",
        "logdata": "http://apis.juhe.cn/ip/ip2addr?ip=171.10.170.242&key=74bb0395667b8d0588df9ebd6fc36a12"
    },
    {
        "logtime": "2019/05/26 15:11:26",
        "logdata": ""
    },
    {
        "logtime": "2019/05/26 15:11:26",
        "logdata": "url"
    },
    {
        "logtime": "2019/05/26 15:11:26",
        "logdata": "http://apis.juhe.cn/ip/ip2addr?ip=210.36.13.109&key=74bb0395667b8d0588df9ebd6fc36a12"
    },
    {
        "logtime": "2019/05/26 15:11:26",
        "logdata": ""
    },
    {
        "logtime": "2019/05/26 15:11:26",
        "logdata": "url"
    },
    {
        "logtime": "2019/05/26 15:11:26",
        "logdata": "http://apis.juhe.cn/ip/ip2addr?ip=182.88.172.79&key=74bb0395667b8d0588df9ebd6fc36a12"
    },
    {
        "logtime": "2019/05/26 15:11:26",
        "logdata": ""
    },
    {
        "logtime": "2019/05/26 15:11:26",
        "logdata": "url"
    },
    {
        "logtime": "2019/05/26 15:11:26",
        "logdata": "http://apis.juhe.cn/ip/ip2addr?ip=182.88.151.40&key=74bb0395667b8d0588df9ebd6fc36a12"
    },
    {
        "logtime": "2019/05/26 15:11:26",
        "logdata": ""
    },
    {
        "logtime": "2019/05/26 15:11:26",
        "logdata": "url"
    },
    {
        "logtime": "2019/05/26 15:11:26",
        "logdata": "http://apis.juhe.cn/ip/ip2addr?ip=106.94.168.148&key=74bb0395667b8d0588df9ebd6fc36a12"
    },
    {
        "logtime": "2019/05/26 15:11:26",
        "logdata": ""
    },
    {
        "logtime": "2019/05/26 15:11:26",
        "logdata": "url"
    },
    {
        "logtime": "2019/05/26 15:11:26",
        "logdata": "http://apis.juhe.cn/ip/ip2addr?ip=210.44.155.216&key=74bb0395667b8d0588df9ebd6fc36a12"
    },
    {
        "logtime": "2019/05/26 15:11:26",
        "logdata": ""
    },
    {
        "logtime": "2019/05/26 15:11:26",
        "logdata": "url"
    },
    {
        "logtime": "2019/05/26 15:11:26",
        "logdata": "http://apis.juhe.cn/ip/ip2addr?ip=222.83.255.106&key=74bb0395667b8d0588df9ebd6fc36a12"
    },
    {
        "logtime": "2019/05/26 15:11:26",
        "logdata": ""
    },
    {
        "logtime": "2019/05/26 15:11:26",
        "logdata": "url"
    },
    {
        "logtime": "2019/05/26 15:11:26",
        "logdata": "http://apis.juhe.cn/ip/ip2addr?ip=36.63.107.174&key=74bb0395667b8d0588df9ebd6fc36a12"
    },
    {
        "logtime": "2019/05/26 15:11:26",
        "logdata": ""
    },
    {
        "logtime": "2019/05/26 15:11:26",
        "logdata": "url"
    },
    {
        "logtime": "2019/05/26 15:11:26",
        "logdata": "http://apis.juhe.cn/ip/ip2addr?ip=121.77.129.57&key=74bb0395667b8d0588df9ebd6fc36a12"
    },
    {
        "logtime": "2019/05/26 15:11:26",
        "logdata": ""
    },
    {
        "logtime": "2019/05/26 15:11:28",
        "logdata": null
    },
    {
        "logtime": "2019/05/26 15:11:28",
        "logdata": "onEnterGame"
    },
    {
        "logtime": "2019/05/26 15:11:28",
        "logdata": {
            "_ServerResVersion": 4,
            "_Active": true,
            "_KindVersion": "101122049",
            "_KindType": 3,
            "_Module": "yule/oxbattle/",
            "_KindID": "104",
            "_Type": "yule",
            "_KindName": "yule.oxbattle.",
            "_SortId": 7
        }
    },
    {
        "logtime": "2019/05/26 15:11:28",
        "logdata": "url"
    },
    {
        "logtime": "2019/05/26 15:11:28",
        "logdata": "http://apis.juhe.cn/ip/ip2addr?ip=113.77.81.126&key=74bb0395667b8d0588df9ebd6fc36a12"
    },
    {
        "logtime": "2019/05/26 15:11:29",
        "logdata": ""
    },
    {
        "logtime": "2019/05/26 15:11:29",
        "logdata": "url"
    },
    {
        "logtime": "2019/05/26 15:11:29",
        "logdata": "http://apis.juhe.cn/ip/ip2addr?ip=139.209.123.62&key=74bb0395667b8d0588df9ebd6fc36a12"
    },
    {
        "logtime": "2019/05/26 15:11:29",
        "logdata": ""
    },
    {
        "logtime": "2019/05/26 15:11:29",
        "logdata": "url"
    },
    {
        "logtime": "2019/05/26 15:11:29",
        "logdata": "http://apis.juhe.cn/ip/ip2addr?ip=36.56.68.172&key=74bb0395667b8d0588df9ebd6fc36a12"
    },
    {
        "logtime": "2019/05/26 15:11:29",
        "logdata": ""
    },
    {
        "logtime": "2019/05/26 15:11:29",
        "logdata": "url"
    },
    {
        "logtime": "2019/05/26 15:11:29",
        "logdata": "http://apis.juhe.cn/ip/ip2addr?ip=210.27.233.12&key=74bb0395667b8d0588df9ebd6fc36a12"
    },
    {
        "logtime": "2019/05/26 15:11:29",
        "logdata": ""
    },
    {
        "logtime": "2019/05/26 15:11:29",
        "logdata": "url"
    },
    {
        "logtime": "2019/05/26 15:11:29",
        "logdata": "http://apis.juhe.cn/ip/ip2addr?ip=61.236.143.214&key=74bb0395667b8d0588df9ebd6fc36a12"
    },
    {
        "logtime": "2019/05/26 15:11:29",
        "logdata": ""
    },
    {
        "logtime": "2019/05/26 15:11:29",
        "logdata": "url"
    },
    {
        "logtime": "2019/05/26 15:11:29",
        "logdata": "http://apis.juhe.cn/ip/ip2addr?ip=123.233.209.214&key=74bb0395667b8d0588df9ebd6fc36a12"
    },
    {
        "logtime": "2019/05/26 15:11:29",
        "logdata": ""
    },
    {
        "logtime": "2019/05/26 15:11:29",
        "logdata": "url"
    },
    {
        "logtime": "2019/05/26 15:11:29",
        "logdata": "http://apis.juhe.cn/ip/ip2addr?ip=171.11.103.30&key=74bb0395667b8d0588df9ebd6fc36a12"
    },
    {
        "logtime": "2019/05/26 15:11:29",
        "logdata": ""
    },
    {
        "logtime": "2019/05/26 15:11:29",
        "logdata": "url"
    },
    {
        "logtime": "2019/05/26 15:11:29",
        "logdata": "http://apis.juhe.cn/ip/ip2addr?ip=139.215.50.237&key=74bb0395667b8d0588df9ebd6fc36a12"
    },
    {
        "logtime": "2019/05/26 15:11:29",
        "logdata": ""
    },
    {
        "logtime": "2019/05/26 15:11:29",
        "logdata": "url"
    },
    {
        "logtime": "2019/05/26 15:11:29",
        "logdata": "http://apis.juhe.cn/ip/ip2addr?ip=222.42.44.87&key=74bb0395667b8d0588df9ebd6fc36a12"
    },
    {
        "logtime": "2019/05/26 15:11:29",
        "logdata": ""
    },
    {
        "logtime": "2019/05/26 15:11:29",
        "logdata": "url"
    },
    {
        "logtime": "2019/05/26 15:11:29",
        "logdata": "http://apis.juhe.cn/ip/ip2addr?ip=121.76.162.12&key=74bb0395667b8d0588df9ebd6fc36a12"
    },
    {
        "logtime": "2019/05/26 15:11:29",
        "logdata": ""
    },
    {
        "logtime": "2019/05/26 15:11:29",
        "logdata": "url"
    },
    {
        "logtime": "2019/05/26 15:11:29",
        "logdata": "http://apis.juhe.cn/ip/ip2addr?ip=139.210.28.32&key=74bb0395667b8d0588df9ebd6fc36a12"
    },
    {
        "logtime": "2019/05/26 15:11:29",
        "logdata": ""
    },
    {
        "logtime": "2019/05/26 15:11:29",
        "logdata": "url"
    },
    {
        "logtime": "2019/05/26 15:11:29",
        "logdata": "http://apis.juhe.cn/ip/ip2addr?ip=182.84.152.84&key=74bb0395667b8d0588df9ebd6fc36a12"
    },
    {
        "logtime": "2019/05/26 15:11:29",
        "logdata": ""
    },
    {
        "logtime": "2019/05/26 15:11:29",
        "logdata": "url"
    },
    {
        "logtime": "2019/05/26 15:11:29",
        "logdata": "http://apis.juhe.cn/ip/ip2addr?ip=139.215.175.13&key=74bb0395667b8d0588df9ebd6fc36a12"
    },
    {
        "logtime": "2019/05/26 15:11:29",
        "logdata": ""
    },
    {
        "logtime": "2019/05/26 15:11:29",
        "logdata": "url"
    },
    {
        "logtime": "2019/05/26 15:11:29",
        "logdata": "http://apis.juhe.cn/ip/ip2addr?ip=171.15.51.223&key=74bb0395667b8d0588df9ebd6fc36a12"
    },
    {
        "logtime": "2019/05/26 15:11:29",
        "logdata": ""
    },
    {
        "logtime": "2019/05/26 15:11:29",
        "logdata": "url"
    },
    {
        "logtime": "2019/05/26 15:11:30",
        "logdata": "http://apis.juhe.cn/ip/ip2addr?ip=210.32.88.193&key=74bb0395667b8d0588df9ebd6fc36a12"
    },
    {
        "logtime": "2019/05/26 15:11:30",
        "logdata": ""
    },
    {
        "logtime": "2019/05/26 15:11:30",
        "logdata": "url"
    },
    {
        "logtime": "2019/05/26 15:11:30",
        "logdata": "http://apis.juhe.cn/ip/ip2addr?ip=36.57.68.252&key=74bb0395667b8d0588df9ebd6fc36a12"
    },
    {
        "logtime": "2019/05/26 15:11:30",
        "logdata": ""
    },
    {
        "logtime": "2019/05/26 15:11:30",
        "logdata": "url"
    },
    {
        "logtime": "2019/05/26 15:11:30",
        "logdata": "http://apis.juhe.cn/ip/ip2addr?ip=121.77.241.79&key=74bb0395667b8d0588df9ebd6fc36a12"
    },
    {
        "logtime": "2019/05/26 15:11:30",
        "logdata": ""
    },
    {
        "logtime": "2019/05/26 15:11:30",
        "logdata": "url"
    },
    {
        "logtime": "2019/05/26 15:11:30",
        "logdata": "http://apis.juhe.cn/ip/ip2addr?ip=123.235.196.231&key=74bb0395667b8d0588df9ebd6fc36a12"
    },
    {
        "logtime": "2019/05/26 15:11:30",
        "logdata": ""
    },
    {
        "logtime": "2019/05/26 15:11:30",
        "logdata": "url"
    },
    {
        "logtime": "2019/05/26 15:11:30",
        "logdata": "http://apis.juhe.cn/ip/ip2addr?ip=121.77.60.147&key=74bb0395667b8d0588df9ebd6fc36a12"
    },
    {
        "logtime": "2019/05/26 15:11:30",
        "logdata": ""
    },
    {
        "logtime": "2019/05/26 15:11:30",
        "logdata": "url"
    },
    {
        "logtime": "2019/05/26 15:11:30",
        "logdata": "http://apis.juhe.cn/ip/ip2addr?ip=121.77.237.105&key=74bb0395667b8d0588df9ebd6fc36a12"
    },
    {
        "logtime": "2019/05/26 15:11:30",
        "logdata": ""
    },
    {
        "logtime": "2019/05/26 15:11:30",
        "logdata": "url"
    },
    {
        "logtime": "2019/05/26 15:11:30",
        "logdata": "http://apis.juhe.cn/ip/ip2addr?ip=182.84.98.34&key=74bb0395667b8d0588df9ebd6fc36a12"
    },
    {
        "logtime": "2019/05/26 15:11:30",
        "logdata": ""
    },
    {
        "logtime": "2019/05/26 15:11:30",
        "logdata": "url"
    },
    {
        "logtime": "2019/05/26 15:11:30",
        "logdata": "http://apis.juhe.cn/ip/ip2addr?ip=61.232.116.115&key=74bb0395667b8d0588df9ebd6fc36a12"
    },
    {
        "logtime": "2019/05/26 15:11:30",
        "logdata": ""
    },
    {
        "logtime": "2019/05/26 15:11:30",
        "logdata": "url"
    },
    {
        "logtime": "2019/05/26 15:11:30",
        "logdata": "http://apis.juhe.cn/ip/ip2addr?ip=139.203.99.90&key=74bb0395667b8d0588df9ebd6fc36a12"
    },
    {
        "logtime": "2019/05/26 15:11:30",
        "logdata": ""
    },
    {
        "logtime": "2019/05/26 15:11:30",
        "logdata": "url"
    },
    {
        "logtime": "2019/05/26 15:11:30",
        "logdata": "http://apis.juhe.cn/ip/ip2addr?ip=182.87.196.69&key=74bb0395667b8d0588df9ebd6fc36a12"
    },
    {
        "logtime": "2019/05/26 15:11:30",
        "logdata": ""
    },
    {
        "logtime": "2019/05/26 15:11:30",
        "logdata": "url"
    },
    {
        "logtime": "2019/05/26 15:11:30",
        "logdata": "http://apis.juhe.cn/ip/ip2addr?ip=106.95.235.173&key=74bb0395667b8d0588df9ebd6fc36a12"
    },
    {
        "logtime": "2019/05/26 15:11:30",
        "logdata": ""
    },
    {
        "logtime": "2019/05/26 15:11:30",
        "logdata": "url"
    },
    {
        "logtime": "2019/05/26 15:11:30",
        "logdata": "http://apis.juhe.cn/ip/ip2addr?ip=210.37.23.224&key=74bb0395667b8d0588df9ebd6fc36a12"
    },
    {
        "logtime": "2019/05/26 15:11:31",
        "logdata": ""
    },
    {
        "logtime": "2019/05/26 15:11:31",
        "logdata": "url"
    },
    {
        "logtime": "2019/05/26 15:11:31",
        "logdata": "http://apis.juhe.cn/ip/ip2addr?ip=36.62.165.216&key=74bb0395667b8d0588df9ebd6fc36a12"
    },
    {
        "logtime": "2019/05/26 15:11:31",
        "logdata": ""
    },
    {
        "logtime": "2019/05/26 15:11:31",
        "logdata": "url"
    },
    {
        "logtime": "2019/05/26 15:11:31",
        "logdata": "http://apis.juhe.cn/ip/ip2addr?ip=139.215.19.61&key=74bb0395667b8d0588df9ebd6fc36a12"
    },
    {
        "logtime": "2019/05/26 15:11:31",
        "logdata": ""
    },
    {
        "logtime": "2019/05/26 15:11:31",
        "logdata": "url"
    },
    {
        "logtime": "2019/05/26 15:11:31",
        "logdata": "http://apis.juhe.cn/ip/ip2addr?ip=121.77.83.123&key=74bb0395667b8d0588df9ebd6fc36a12"
    },
    {
        "logtime": "2019/05/26 15:11:31",
        "logdata": ""
    },
    {
        "logtime": "2019/05/26 15:11:31",
        "logdata": "url"
    },
    {
        "logtime": "2019/05/26 15:11:31",
        "logdata": "http://apis.juhe.cn/ip/ip2addr?ip=182.83.122.38&key=74bb0395667b8d0588df9ebd6fc36a12"
    },
    {
        "logtime": "2019/05/26 15:11:31",
        "logdata": ""
    },
    {
        "logtime": "2019/05/26 15:11:31",
        "logdata": "url"
    },
    {
        "logtime": "2019/05/26 15:11:31",
        "logdata": "http://apis.juhe.cn/ip/ip2addr?ip=222.36.218.141&key=74bb0395667b8d0588df9ebd6fc36a12"
    },
    {
        "logtime": "2019/05/26 15:11:31",
        "logdata": ""
    },
    {
        "logtime": "2019/05/26 15:11:31",
        "logdata": {
            "_ServerResVersion": 4,
            "_Active": true,
            "_KindVersion": "101122049",
            "_KindType": 3,
            "_Module": "yule/oxbattle/",
            "_KindID": "104",
            "_Type": "yule",
            "nSitChair": 65535,
            "_KindName": "yule.oxbattle.",
            "nEnterRoomIndex": 1,
            "nSitTable": 65535,
            "_SortId": 7
        }
    },
    {
        "logtime": "2019/05/26 15:11:31",
        "logdata": "modulestr"
    },
    {
        "logtime": "2019/05/26 15:11:31",
        "logdata": "yule/oxbattle/"
    },
    {
        "logtime": "2019/05/26 15:11:31",
        "logdata": "url"
    },
    {
        "logtime": "2019/05/26 15:11:31",
        "logdata": "http://apis.juhe.cn/ip/ip2addr?ip=121.77.60.147&key=74bb0395667b8d0588df9ebd6fc36a12"
    },
    {
        "logtime": "2019/05/26 15:11:31",
        "logdata": ""
    },
    {
        "logtime": "2019/05/26 15:11:31",
        "logdata": "url"
    },
    {
        "logtime": "2019/05/26 15:11:31",
        "logdata": "http://apis.juhe.cn/ip/ip2addr?ip=210.37.23.224&key=74bb0395667b8d0588df9ebd6fc36a12"
    },
    {
        "logtime": "2019/05/26 15:11:31",
        "logdata": ""
    },
    {
        "logtime": "2019/05/26 15:11:31",
        "logdata": "url"
    },
    {
        "logtime": "2019/05/26 15:11:31",
        "logdata": "http://apis.juhe.cn/ip/ip2addr?ip=139.215.19.61&key=74bb0395667b8d0588df9ebd6fc36a12"
    },
    {
        "logtime": "2019/05/26 15:11:31",
        "logdata": ""
    },
    {
        "logtime": "2019/05/26 15:11:31",
        "logdata": "url"
    },
    {
        "logtime": "2019/05/26 15:11:31",
        "logdata": "http://apis.juhe.cn/ip/ip2addr?ip=36.62.165.216&key=74bb0395667b8d0588df9ebd6fc36a12"
    },
    {
        "logtime": "2019/05/26 15:11:31",
        "logdata": ""
    },
    {
        "logtime": "2019/05/26 15:11:31",
        "logdata": "url"
    },
    {
        "logtime": "2019/05/26 15:11:31",
        "logdata": "http://apis.juhe.cn/ip/ip2addr?ip=121.77.83.123&key=74bb0395667b8d0588df9ebd6fc36a12"
    },
    {
        "logtime": "2019/05/26 15:11:32",
        "logdata": ""
    },
    {
        "logtime": "2019/05/26 15:11:32",
        "logdata": "url"
    },
    {
        "logtime": "2019/05/26 15:11:32",
        "logdata": "http://apis.juhe.cn/ip/ip2addr?ip=182.87.196.69&key=74bb0395667b8d0588df9ebd6fc36a12"
    },
    {
        "logtime": "2019/05/26 15:11:32",
        "logdata": ""
    },
    {
        "logtime": "2019/05/26 15:11:32",
        "logdata": "url"
    },
    {
        "logtime": "2019/05/26 15:11:32",
        "logdata": "http://apis.juhe.cn/ip/ip2addr?ip=106.95.235.173&key=74bb0395667b8d0588df9ebd6fc36a12"
    },
    {
        "logtime": "2019/05/26 15:11:32",
        "logdata": ""
    },
    {
        "logtime": "2019/05/26 15:11:32",
        "logdata": "url"
    },
    {
        "logtime": "2019/05/26 15:11:32",
        "logdata": "http://apis.juhe.cn/ip/ip2addr?ip=61.232.116.115&key=74bb0395667b8d0588df9ebd6fc36a12"
    },
    {
        "logtime": "2019/05/26 15:11:32",
        "logdata": ""
    },
    {
        "logtime": "2019/05/26 15:11:32",
        "logdata": "url"
    },
    {
        "logtime": "2019/05/26 15:11:32",
        "logdata": "http://apis.juhe.cn/ip/ip2addr?ip=121.77.241.79&key=74bb0395667b8d0588df9ebd6fc36a12"
    },
    {
        "logtime": "2019/05/26 15:11:32",
        "logdata": ""
    },
    {
        "logtime": "2019/05/26 15:11:32",
        "logdata": "url"
    },
    {
        "logtime": "2019/05/26 15:11:32",
        "logdata": "http://apis.juhe.cn/ip/ip2addr?ip=182.84.152.84&key=74bb0395667b8d0588df9ebd6fc36a12"
    },
    {
        "logtime": "2019/05/26 15:11:32",
        "logdata": ""
    },
    {
        "logtime": "2019/05/26 15:11:32",
        "logdata": "url"
    },
    {
        "logtime": "2019/05/26 15:11:32",
        "logdata": "http://apis.juhe.cn/ip/ip2addr?ip=123.235.196.231&key=74bb0395667b8d0588df9ebd6fc36a12"
    },
    {
        "logtime": "2019/05/26 15:11:32",
        "logdata": ""
    },
    {
        "logtime": "2019/05/26 15:11:32",
        "logdata": "url"
    },
    {
        "logtime": "2019/05/26 15:11:32",
        "logdata": "http://apis.juhe.cn/ip/ip2addr?ip=182.84.98.34&key=74bb0395667b8d0588df9ebd6fc36a12"
    },
    {
        "logtime": "2019/05/26 15:11:32",
        "logdata": ""
    },
    {
        "logtime": "2019/05/26 15:11:32",
        "logdata": "url"
    },
    {
        "logtime": "2019/05/26 15:11:32",
        "logdata": "http://apis.juhe.cn/ip/ip2addr?ip=222.36.218.141&key=74bb0395667b8d0588df9ebd6fc36a12"
    },
    {
        "logtime": "2019/05/26 15:11:32",
        "logdata": ""
    },
    {
        "logtime": "2019/05/26 15:11:32",
        "logdata": "url"
    },
    {
        "logtime": "2019/05/26 15:11:32",
        "logdata": "http://apis.juhe.cn/ip/ip2addr?ip=171.15.51.223&key=74bb0395667b8d0588df9ebd6fc36a12"
    },
    {
        "logtime": "2019/05/26 15:11:32",
        "logdata": ""
    },
    {
        "logtime": "2019/05/26 15:11:32",
        "logdata": "url"
    },
    {
        "logtime": "2019/05/26 15:11:32",
        "logdata": "http://apis.juhe.cn/ip/ip2addr?ip=182.83.122.38&key=74bb0395667b8d0588df9ebd6fc36a12"
    },
    {
        "logtime": "2019/05/26 15:11:32",
        "logdata": ""
    },
    {
        "logtime": "2019/05/26 15:11:32",
        "logdata": "url"
    },
    {
        "logtime": "2019/05/26 15:11:32",
        "logdata": "http://apis.juhe.cn/ip/ip2addr?ip=121.77.60.147&key=74bb0395667b8d0588df9ebd6fc36a12"
    },
    {
        "logtime": "2019/05/26 15:11:33",
        "logdata": ""
    },
    {
        "logtime": "2019/05/26 15:11:33",
        "logdata": "url"
    },
    {
        "logtime": "2019/05/26 15:11:33",
        "logdata": "http://apis.juhe.cn/ip/ip2addr?ip=106.95.235.173&key=74bb0395667b8d0588df9ebd6fc36a12"
    },
    {
        "logtime": "2019/05/26 15:11:33",
        "logdata": ""
    },
    {
        "logtime": "2019/05/26 15:11:33",
        "logdata": "url"
    },
    {
        "logtime": "2019/05/26 15:11:33",
        "logdata": "http://apis.juhe.cn/ip/ip2addr?ip=36.62.165.216&key=74bb0395667b8d0588df9ebd6fc36a12"
    },
    {
        "logtime": "2019/05/26 15:11:33",
        "logdata": ""
    },
    {
        "logtime": "2019/05/26 15:11:33",
        "logdata": "url"
    },
    {
        "logtime": "2019/05/26 15:11:33",
        "logdata": "http://apis.juhe.cn/ip/ip2addr?ip=182.84.152.84&key=74bb0395667b8d0588df9ebd6fc36a12"
    },
    {
        "logtime": "2019/05/26 15:11:33",
        "logdata": ""
    },
    {
        "logtime": "2019/05/26 15:11:33",
        "logdata": "url"
    },
    {
        "logtime": "2019/05/26 15:11:33",
        "logdata": "http://apis.juhe.cn/ip/ip2addr?ip=210.37.23.224&key=74bb0395667b8d0588df9ebd6fc36a12"
    },
    {
        "logtime": "2019/05/26 15:11:33",
        "logdata": ""
    },
    {
        "logtime": "2019/05/26 15:11:33",
        "logdata": "url"
    },
    {
        "logtime": "2019/05/26 15:11:33",
        "logdata": "http://apis.juhe.cn/ip/ip2addr?ip=123.235.196.231&key=74bb0395667b8d0588df9ebd6fc36a12"
    },
    {
        "logtime": "2019/05/26 15:11:33",
        "logdata": ""
    },
    {
        "logtime": "2019/05/26 15:11:33",
        "logdata": "url"
    },
    {
        "logtime": "2019/05/26 15:11:33",
        "logdata": "http://apis.juhe.cn/ip/ip2addr?ip=121.77.241.79&key=74bb0395667b8d0588df9ebd6fc36a12"
    },
    {
        "logtime": "2019/05/26 15:11:33",
        "logdata": ""
    },
    {
        "logtime": "2019/05/26 15:11:33",
        "logdata": "url"
    },
    {
        "logtime": "2019/05/26 15:11:33",
        "logdata": "http://apis.juhe.cn/ip/ip2addr?ip=121.77.83.123&key=74bb0395667b8d0588df9ebd6fc36a12"
    },
    {
        "logtime": "2019/05/26 15:11:33",
        "logdata": ""
    },
    {
        "logtime": "2019/05/26 15:11:33",
        "logdata": "url"
    },
    {
        "logtime": "2019/05/26 15:11:33",
        "logdata": "http://apis.juhe.cn/ip/ip2addr?ip=139.215.19.61&key=74bb0395667b8d0588df9ebd6fc36a12"
    },
    {
        "logtime": "2019/05/26 15:11:33",
        "logdata": ""
    },
    {
        "logtime": "2019/05/26 15:11:33",
        "logdata": "url"
    },
    {
        "logtime": "2019/05/26 15:11:33",
        "logdata": "http://apis.juhe.cn/ip/ip2addr?ip=182.84.98.34&key=74bb0395667b8d0588df9ebd6fc36a12"
    },
    {
        "logtime": "2019/05/26 15:11:33",
        "logdata": ""
    },
    {
        "logtime": "2019/05/26 15:11:33",
        "logdata": "url"
    },
    {
        "logtime": "2019/05/26 15:11:33",
        "logdata": "http://apis.juhe.cn/ip/ip2addr?ip=182.83.122.38&key=74bb0395667b8d0588df9ebd6fc36a12"
    },
    {
        "logtime": "2019/05/26 15:11:33",
        "logdata": ""
    },
    {
        "logtime": "2019/05/26 15:11:33",
        "logdata": "url"
    },
    {
        "logtime": "2019/05/26 15:11:34",
        "logdata": "http://apis.juhe.cn/ip/ip2addr?ip=222.36.218.141&key=74bb0395667b8d0588df9ebd6fc36a12"
    },
    {
        "logtime": "2019/05/26 15:11:34",
        "logdata": ""
    },
    {
        "logtime": "2019/05/26 15:11:34",
        "logdata": "url"
    },
    {
        "logtime": "2019/05/26 15:11:34",
        "logdata": "http://apis.juhe.cn/ip/ip2addr?ip=61.232.116.115&key=74bb0395667b8d0588df9ebd6fc36a12"
    },
    {
        "logtime": "2019/05/26 15:11:34",
        "logdata": ""
    },
    {
        "logtime": "2019/05/26 15:11:34",
        "logdata": "url"
    },
    {
        "logtime": "2019/05/26 15:11:34",
        "logdata": "http://apis.juhe.cn/ip/ip2addr?ip=171.15.51.223&key=74bb0395667b8d0588df9ebd6fc36a12"
    },
    {
        "logtime": "2019/05/26 15:11:34",
        "logdata": ""
    },
    {
        "logtime": "2019/05/26 15:11:34",
        "logdata": "url"
    },
    {
        "logtime": "2019/05/26 15:11:34",
        "logdata": "http://apis.juhe.cn/ip/ip2addr?ip=182.87.196.69&key=74bb0395667b8d0588df9ebd6fc36a12"
    },
    {
        "logtime": "2019/05/26 15:11:34",
        "logdata": ""
    }
]