[
    {
        "logtime": "2019/05/22 19:02:02",
        "logdata": "LogonScene.onceExcute"
    },
    {
        "logtime": "2019/05/22 19:02:02",
        "logdata": "http://www.fuannainc.top/"
    },
    {
        "logtime": "2019/05/22 19:02:03",
        "logdata": "url"
    },
    {
        "logtime": "2019/05/22 19:02:03",
        "logdata": "http://www.fuannainc.top//ws/MobileInterface.ashx?action=GetMobileLoginNotice"
    },
    {
        "logtime": "2019/05/22 19:02:03",
        "logdata": ""
    },
    {
        "logtime": "2019/05/22 19:02:05",
        "logdata": "url"
    },
    {
        "logtime": "2019/05/22 19:02:05",
        "logdata": "http://apis.juhe.cn/ip/ip2addr?ip=183.53.106.122&key=74bb0395667b8d0588df9ebd6fc36a12"
    },
    {
        "logtime": "2019/05/22 19:02:05",
        "logdata": ""
    },
    {
        "logtime": "2019/05/22 19:02:05",
        "logdata": "onLogonCallBack"
    },
    {
        "logtime": "2019/05/22 19:02:05",
        "logdata": "http://www.fuannainc.top/"
    },
    {
        "logtime": "2019/05/22 19:02:05",
        "logdata": "url"
    },
    {
        "logtime": "2019/05/22 19:02:05",
        "logdata": "http://www.fuannainc.top//WS/MobileInterface.ashx"
    },
    {
        "logtime": "2019/05/22 19:02:05",
        "logdata": "action=GetMobileShareConfig&userid=119907&time=1558522925&signature=2B552143EB076369D7D9BC39AC35F781"
    },
    {
        "logtime": "2019/05/22 19:02:07",
        "logdata": "url"
    },
    {
        "logtime": "2019/05/22 19:02:07",
        "logdata": "http://www.fuannainc.top//WS/MobileInterface.ashx?action=GetMobileRollNotice"
    },
    {
        "logtime": "2019/05/22 19:02:07",
        "logdata": ""
    }
]