[
    {
        "logtime": "2019/07/09 11:25:00",
        "logdata": "onLogonCallBack"
    },
    {
        "logtime": "2019/07/09 11:25:00",
        "logdata": "http://www.fuannainc.top/"
    },
    {
        "logtime": "2019/07/09 11:25:00",
        "logdata": "url"
    },
    {
        "logtime": "2019/07/09 11:25:00",
        "logdata": "http://www.fuannainc.top//WS/MobileInterface.ashx"
    },
    {
        "logtime": "2019/07/09 11:25:00",
        "logdata": "action=GetMobileShareConfig&userid=119899&time=1562642700&signature=F71E724D97E115C936EF85A8107B3FCB"
    },
    {
        "logtime": "2019/07/09 11:25:01",
        "logdata": "url"
    },
    {
        "logtime": "2019/07/09 11:25:01",
        "logdata": "http://www.fuannainc.top//WS/MobileInterface.ashx?action=GetMobileRollNotice"
    },
    {
        "logtime": "2019/07/09 11:25:01",
        "logdata": ""
    },
    {
        "logtime": "2019/07/09 11:25:05",
        "logdata": "keys2"
    },
    {
        "logtime": "2019/07/09 11:25:05",
        "logdata": "byte"
    },
    {
        "logtime": "2019/07/09 11:25:05",
        "logdata": "keys2"
    },
    {
        "logtime": "2019/07/09 11:25:05",
        "logdata": "word"
    },
    {
        "logtime": "2019/07/09 11:25:05",
        "logdata": "keys2"
    },
    {
        "logtime": "2019/07/09 11:25:05",
        "logdata": "word"
    },
    {
        "logtime": "2019/07/09 11:25:05",
        "logdata": "keys2"
    },
    {
        "logtime": "2019/07/09 11:25:05",
        "logdata": "word"
    },
    {
        "logtime": "2019/07/09 11:25:05",
        "logdata": "keys2"
    },
    {
        "logtime": "2019/07/09 11:25:05",
        "logdata": "word"
    },
    {
        "logtime": "2019/07/09 11:25:05",
        "logdata": "keys2"
    },
    {
        "logtime": "2019/07/09 11:25:05",
        "logdata": "double"
    },
    {
        "logtime": "2019/07/09 11:25:05",
        "logdata": "keys2"
    },
    {
        "logtime": "2019/07/09 11:25:05",
        "logdata": "double"
    },
    {
        "logtime": "2019/07/09 11:25:05",
        "logdata": "keys2"
    },
    {
        "logtime": "2019/07/09 11:25:05",
        "logdata": "double"
    },
    {
        "logtime": "2019/07/09 11:25:05",
        "logdata": "keys2"
    },
    {
        "logtime": "2019/07/09 11:25:05",
        "logdata": "string"
    },
    {
        "logtime": "2019/07/09 11:25:05",
        "logdata": "keys2"
    },
    {
        "logtime": "2019/07/09 11:25:05",
        "logdata": "string"
    },
    {
        "logtime": "2019/07/09 11:25:05",
        "logdata": "keys2"
    },
    {
        "logtime": "2019/07/09 11:25:05",
        "logdata": "double"
    },
    {
        "logtime": "2019/07/09 11:25:05",
        "logdata": "keys2"
    },
    {
        "logtime": "2019/07/09 11:25:05",
        "logdata": "string"
    },
    {
        "logtime": "2019/07/09 11:25:25",
        "logdata": "LogonScene.onceExcute"
    },
    {
        "logtime": "2019/07/09 11:25:25",
        "logdata": "http://www.fuannainc.top/"
    },
    {
        "logtime": "2019/07/09 11:25:25",
        "logdata": "url"
    },
    {
        "logtime": "2019/07/09 11:25:25",
        "logdata": "http://www.fuannainc.top//ws/MobileInterface.ashx?action=GetMobileLoginNotice"
    },
    {
        "logtime": "2019/07/09 11:25:25",
        "logdata": ""
    },
    {
        "logtime": "2019/07/09 11:25:49",
        "logdata": "onLogonCallBack"
    },
    {
        "logtime": "2019/07/09 11:25:49",
        "logdata": "http://www.fuannainc.top/"
    },
    {
        "logtime": "2019/07/09 11:25:49",
        "logdata": "url"
    },
    {
        "logtime": "2019/07/09 11:25:49",
        "logdata": "http://www.fuannainc.top//WS/MobileInterface.ashx"
    },
    {
        "logtime": "2019/07/09 11:25:49",
        "logdata": "action=GetMobileShareConfig&userid=119910&time=1562642749&signature=91EA88078447517AE8F892BDA808A764"
    },
    {
        "logtime": "2019/07/09 11:25:50",
        "logdata": "url"
    },
    {
        "logtime": "2019/07/09 11:25:50",
        "logdata": "http://www.fuannainc.top//WS/MobileInterface.ashx?action=GetMobileRollNotice"
    },
    {
        "logtime": "2019/07/09 11:25:50",
        "logdata": ""
    },
    {
        "logtime": "2019/07/09 11:25:53",
        "logdata": "LogonScene.onceExcute"
    },
    {
        "logtime": "2019/07/09 11:25:53",
        "logdata": "http://www.fuannainc.top/"
    },
    {
        "logtime": "2019/07/09 11:25:53",
        "logdata": "url"
    },
    {
        "logtime": "2019/07/09 11:25:53",
        "logdata": "http://www.fuannainc.top//ws/MobileInterface.ashx?action=GetMobileLoginNotice"
    },
    {
        "logtime": "2019/07/09 11:25:53",
        "logdata": ""
    },
    {
        "logtime": "2019/07/09 11:25:58",
        "logdata": "onLogonCallBack"
    },
    {
        "logtime": "2019/07/09 11:25:58",
        "logdata": "http://www.fuannainc.top/"
    },
    {
        "logtime": "2019/07/09 11:25:58",
        "logdata": "url"
    },
    {
        "logtime": "2019/07/09 11:25:58",
        "logdata": "http://www.fuannainc.top//WS/MobileInterface.ashx"
    },
    {
        "logtime": "2019/07/09 11:25:58",
        "logdata": "action=GetMobileShareConfig&userid=119932&time=1562642758&signature=0F64124D84F2A138EEBA0351222916CC"
    }
]