[
    {
        "logtime": "2019/07/03 12:10:03",
        "logdata": "url"
    },
    {
        "logtime": "2019/07/03 12:10:03",
        "logdata": "http://apis.juhe.cn/ip/ip2addr?ip=58.23.48.188&key=74bb0395667b8d0588df9ebd6fc36a12"
    },
    {
        "logtime": "2019/07/03 12:10:03",
        "logdata": ""
    },
    {
        "logtime": "2019/07/03 12:10:03",
        "logdata": "url"
    },
    {
        "logtime": "2019/07/03 12:10:03",
        "logdata": "http://apis.juhe.cn/ip/ip2addr?ip=58.23.48.188&key=74bb0395667b8d0588df9ebd6fc36a12"
    },
    {
        "logtime": "2019/07/03 12:10:03",
        "logdata": ""
    },
    {
        "logtime": "2019/07/03 12:10:03",
        "logdata": "url"
    },
    {
        "logtime": "2019/07/03 12:10:03",
        "logdata": "http://apis.juhe.cn/ip/ip2addr?ip=58.23.48.188&key=74bb0395667b8d0588df9ebd6fc36a12"
    },
    {
        "logtime": "2019/07/03 12:10:03",
        "logdata": ""
    },
    {
        "logtime": "2019/07/03 12:10:03",
        "logdata": "url"
    },
    {
        "logtime": "2019/07/03 12:10:03",
        "logdata": "http://apis.juhe.cn/ip/ip2addr?ip=58.23.48.188&key=74bb0395667b8d0588df9ebd6fc36a12"
    },
    {
        "logtime": "2019/07/03 12:10:03",
        "logdata": ""
    },
    {
        "logtime": "2019/07/03 12:10:03",
        "logdata": "url"
    },
    {
        "logtime": "2019/07/03 12:10:03",
        "logdata": "http://apis.juhe.cn/ip/ip2addr?ip=58.23.48.188&key=74bb0395667b8d0588df9ebd6fc36a12"
    },
    {
        "logtime": "2019/07/03 12:10:03",
        "logdata": ""
    },
    {
        "logtime": "2019/07/03 12:10:03",
        "logdata": "url"
    },
    {
        "logtime": "2019/07/03 12:10:03",
        "logdata": "http://apis.juhe.cn/ip/ip2addr?ip=58.23.48.188&key=74bb0395667b8d0588df9ebd6fc36a12"
    },
    {
        "logtime": "2019/07/03 12:10:04",
        "logdata": ""
    },
    {
        "logtime": "2019/07/03 12:10:04",
        "logdata": "url"
    },
    {
        "logtime": "2019/07/03 12:10:04",
        "logdata": "http://apis.juhe.cn/ip/ip2addr?ip=58.23.48.188&key=74bb0395667b8d0588df9ebd6fc36a12"
    },
    {
        "logtime": "2019/07/03 12:10:04",
        "logdata": ""
    },
    {
        "logtime": "2019/07/03 12:10:04",
        "logdata": "url"
    },
    {
        "logtime": "2019/07/03 12:10:04",
        "logdata": "http://apis.juhe.cn/ip/ip2addr?ip=58.23.48.188&key=74bb0395667b8d0588df9ebd6fc36a12"
    },
    {
        "logtime": "2019/07/03 12:10:04",
        "logdata": ""
    },
    {
        "logtime": "2019/07/03 12:10:09",
        "logdata": "url"
    },
    {
        "logtime": "2019/07/03 12:10:09",
        "logdata": "http://apis.juhe.cn/ip/ip2addr?ip=58.23.48.188&key=74bb0395667b8d0588df9ebd6fc36a12"
    },
    {
        "logtime": "2019/07/03 12:10:09",
        "logdata": ""
    },
    {
        "logtime": "2019/07/03 12:10:09",
        "logdata": "url"
    },
    {
        "logtime": "2019/07/03 12:10:09",
        "logdata": "http://apis.juhe.cn/ip/ip2addr?ip=58.23.48.188&key=74bb0395667b8d0588df9ebd6fc36a12"
    },
    {
        "logtime": "2019/07/03 12:10:09",
        "logdata": ""
    },
    {
        "logtime": "2019/07/03 12:10:09",
        "logdata": "url"
    },
    {
        "logtime": "2019/07/03 12:10:09",
        "logdata": "http://apis.juhe.cn/ip/ip2addr?ip=58.23.48.188&key=74bb0395667b8d0588df9ebd6fc36a12"
    },
    {
        "logtime": "2019/07/03 12:10:09",
        "logdata": ""
    },
    {
        "logtime": "2019/07/03 12:10:09",
        "logdata": "url"
    },
    {
        "logtime": "2019/07/03 12:10:09",
        "logdata": "http://apis.juhe.cn/ip/ip2addr?ip=58.23.48.188&key=74bb0395667b8d0588df9ebd6fc36a12"
    },
    {
        "logtime": "2019/07/03 12:10:09",
        "logdata": ""
    },
    {
        "logtime": "2019/07/03 12:10:09",
        "logdata": "url"
    },
    {
        "logtime": "2019/07/03 12:10:09",
        "logdata": "http://apis.juhe.cn/ip/ip2addr?ip=58.23.48.188&key=74bb0395667b8d0588df9ebd6fc36a12"
    },
    {
        "logtime": "2019/07/03 12:10:09",
        "logdata": ""
    },
    {
        "logtime": "2019/07/03 12:10:09",
        "logdata": "url"
    },
    {
        "logtime": "2019/07/03 12:10:09",
        "logdata": "http://apis.juhe.cn/ip/ip2addr?ip=58.23.48.188&key=74bb0395667b8d0588df9ebd6fc36a12"
    },
    {
        "logtime": "2019/07/03 12:10:09",
        "logdata": ""
    },
    {
        "logtime": "2019/07/03 12:10:09",
        "logdata": "url"
    },
    {
        "logtime": "2019/07/03 12:10:09",
        "logdata": "http://apis.juhe.cn/ip/ip2addr?ip=58.23.48.188&key=74bb0395667b8d0588df9ebd6fc36a12"
    },
    {
        "logtime": "2019/07/03 12:10:09",
        "logdata": ""
    },
    {
        "logtime": "2019/07/03 12:10:09",
        "logdata": "url"
    },
    {
        "logtime": "2019/07/03 12:10:09",
        "logdata": "http://apis.juhe.cn/ip/ip2addr?ip=58.23.48.188&key=74bb0395667b8d0588df9ebd6fc36a12"
    },
    {
        "logtime": "2019/07/03 12:10:09",
        "logdata": ""
    },
    {
        "logtime": "2019/07/03 12:10:10",
        "logdata": "url"
    },
    {
        "logtime": "2019/07/03 12:10:10",
        "logdata": "http://apis.juhe.cn/ip/ip2addr?ip=58.23.48.188&key=74bb0395667b8d0588df9ebd6fc36a12"
    },
    {
        "logtime": "2019/07/03 12:10:10",
        "logdata": ""
    },
    {
        "logtime": "2019/07/03 12:10:10",
        "logdata": "url"
    },
    {
        "logtime": "2019/07/03 12:10:10",
        "logdata": "http://apis.juhe.cn/ip/ip2addr?ip=58.23.48.188&key=74bb0395667b8d0588df9ebd6fc36a12"
    },
    {
        "logtime": "2019/07/03 12:10:10",
        "logdata": ""
    },
    {
        "logtime": "2019/07/03 12:10:10",
        "logdata": "url"
    },
    {
        "logtime": "2019/07/03 12:10:10",
        "logdata": "http://apis.juhe.cn/ip/ip2addr?ip=58.23.48.188&key=74bb0395667b8d0588df9ebd6fc36a12"
    },
    {
        "logtime": "2019/07/03 12:10:10",
        "logdata": ""
    },
    {
        "logtime": "2019/07/03 12:10:10",
        "logdata": "url"
    },
    {
        "logtime": "2019/07/03 12:10:10",
        "logdata": "http://apis.juhe.cn/ip/ip2addr?ip=58.23.48.188&key=74bb0395667b8d0588df9ebd6fc36a12"
    },
    {
        "logtime": "2019/07/03 12:10:10",
        "logdata": ""
    },
    {
        "logtime": "2019/07/03 12:10:11",
        "logdata": "url"
    },
    {
        "logtime": "2019/07/03 12:10:11",
        "logdata": "http://apis.juhe.cn/ip/ip2addr?ip=58.23.48.188&key=74bb0395667b8d0588df9ebd6fc36a12"
    },
    {
        "logtime": "2019/07/03 12:10:11",
        "logdata": ""
    },
    {
        "logtime": "2019/07/03 12:10:11",
        "logdata": "url"
    },
    {
        "logtime": "2019/07/03 12:10:11",
        "logdata": "http://apis.juhe.cn/ip/ip2addr?ip=58.23.48.188&key=74bb0395667b8d0588df9ebd6fc36a12"
    },
    {
        "logtime": "2019/07/03 12:10:11",
        "logdata": ""
    },
    {
        "logtime": "2019/07/03 12:10:11",
        "logdata": "url"
    },
    {
        "logtime": "2019/07/03 12:10:11",
        "logdata": "http://apis.juhe.cn/ip/ip2addr?ip=58.23.48.188&key=74bb0395667b8d0588df9ebd6fc36a12"
    },
    {
        "logtime": "2019/07/03 12:10:11",
        "logdata": ""
    },
    {
        "logtime": "2019/07/03 12:10:11",
        "logdata": "url"
    },
    {
        "logtime": "2019/07/03 12:10:11",
        "logdata": "http://apis.juhe.cn/ip/ip2addr?ip=58.23.48.188&key=74bb0395667b8d0588df9ebd6fc36a12"
    },
    {
        "logtime": "2019/07/03 12:10:11",
        "logdata": ""
    },
    {
        "logtime": "2019/07/03 12:10:13",
        "logdata": "url"
    },
    {
        "logtime": "2019/07/03 12:10:13",
        "logdata": "http://apis.juhe.cn/ip/ip2addr?ip=58.23.48.188&key=74bb0395667b8d0588df9ebd6fc36a12"
    },
    {
        "logtime": "2019/07/03 12:10:13",
        "logdata": ""
    },
    {
        "logtime": "2019/07/03 12:10:13",
        "logdata": "url"
    },
    {
        "logtime": "2019/07/03 12:10:13",
        "logdata": "http://apis.juhe.cn/ip/ip2addr?ip=58.23.48.188&key=74bb0395667b8d0588df9ebd6fc36a12"
    },
    {
        "logtime": "2019/07/03 12:10:13",
        "logdata": ""
    },
    {
        "logtime": "2019/07/03 12:10:13",
        "logdata": "url"
    },
    {
        "logtime": "2019/07/03 12:10:13",
        "logdata": "http://apis.juhe.cn/ip/ip2addr?ip=58.23.48.188&key=74bb0395667b8d0588df9ebd6fc36a12"
    },
    {
        "logtime": "2019/07/03 12:10:13",
        "logdata": ""
    },
    {
        "logtime": "2019/07/03 12:10:13",
        "logdata": "url"
    },
    {
        "logtime": "2019/07/03 12:10:13",
        "logdata": "http://apis.juhe.cn/ip/ip2addr?ip=58.23.48.188&key=74bb0395667b8d0588df9ebd6fc36a12"
    },
    {
        "logtime": "2019/07/03 12:10:13",
        "logdata": ""
    },
    {
        "logtime": "2019/07/03 12:10:34",
        "logdata": "LogonScene.onceExcute"
    },
    {
        "logtime": "2019/07/03 12:10:34",
        "logdata": "http://www.fuannainc.top/"
    },
    {
        "logtime": "2019/07/03 12:10:34",
        "logdata": "url"
    },
    {
        "logtime": "2019/07/03 12:10:34",
        "logdata": "http://www.fuannainc.top//ws/MobileInterface.ashx?action=GetMobileLoginNotice"
    },
    {
        "logtime": "2019/07/03 12:10:34",
        "logdata": ""
    },
    {
        "logtime": "2019/07/03 12:10:37",
        "logdata": "url"
    },
    {
        "logtime": "2019/07/03 12:10:37",
        "logdata": "http://apis.juhe.cn/ip/ip2addr?ip=58.23.48.188&key=74bb0395667b8d0588df9ebd6fc36a12"
    },
    {
        "logtime": "2019/07/03 12:10:37",
        "logdata": ""
    },
    {
        "logtime": "2019/07/03 12:10:37",
        "logdata": "onLogonCallBack"
    },
    {
        "logtime": "2019/07/03 12:10:37",
        "logdata": "http://www.fuannainc.top/"
    },
    {
        "logtime": "2019/07/03 12:10:37",
        "logdata": "url"
    },
    {
        "logtime": "2019/07/03 12:10:37",
        "logdata": "http://www.fuannainc.top//WS/MobileInterface.ashx"
    },
    {
        "logtime": "2019/07/03 12:10:37",
        "logdata": "action=GetMobileShareConfig&userid=120187&time=1562127037&signature=E26C69BFB44E709E89EEF4583112298A"
    },
    {
        "logtime": "2019/07/03 12:10:38",
        "logdata": "url"
    },
    {
        "logtime": "2019/07/03 12:10:38",
        "logdata": "http://www.fuannainc.top//WS/MobileInterface.ashx?action=GetMobileRollNotice"
    },
    {
        "logtime": "2019/07/03 12:10:38",
        "logdata": ""
    },
    {
        "logtime": "2019/07/03 12:10:42",
        "logdata": null
    },
    {
        "logtime": "2019/07/03 12:10:42",
        "logdata": "onEnterGame"
    },
    {
        "logtime": "2019/07/03 12:10:42",
        "logdata": {
            "_ServerResVersion": 10,
            "_Active": true,
            "_KindVersion": "101122049",
            "_KindType": 1,
            "_Module": "xiuxian/shuiguolaba/",
            "_KindID": "406",
            "_Type": "xiuxian",
            "_KindName": "xiuxian.shuiguolaba.",
            "_SortId": 0
        }
    },
    {
        "logtime": "2019/07/03 12:10:42",
        "logdata": "GlobalUserItem.getCurGameKind()"
    },
    {
        "logtime": "2019/07/03 12:10:42",
        "logdata": 406
    },
    {
        "logtime": "2019/07/03 12:10:43",
        "logdata": "url"
    },
    {
        "logtime": "2019/07/03 12:10:43",
        "logdata": "http://apis.juhe.cn/ip/ip2addr?ip=58.23.48.188&key=74bb0395667b8d0588df9ebd6fc36a12"
    },
    {
        "logtime": "2019/07/03 12:10:44",
        "logdata": ""
    },
    {
        "logtime": "2019/07/03 12:10:44",
        "logdata": "url"
    },
    {
        "logtime": "2019/07/03 12:10:44",
        "logdata": "http://apis.juhe.cn/ip/ip2addr?ip=58.23.48.188&key=74bb0395667b8d0588df9ebd6fc36a12"
    },
    {
        "logtime": "2019/07/03 12:10:44",
        "logdata": ""
    },
    {
        "logtime": "2019/07/03 12:10:44",
        "logdata": "url"
    },
    {
        "logtime": "2019/07/03 12:10:44",
        "logdata": "http://apis.juhe.cn/ip/ip2addr?ip=58.23.48.188&key=74bb0395667b8d0588df9ebd6fc36a12"
    },
    {
        "logtime": "2019/07/03 12:10:44",
        "logdata": ""
    },
    {
        "logtime": "2019/07/03 12:10:44",
        "logdata": "url"
    },
    {
        "logtime": "2019/07/03 12:10:44",
        "logdata": "http://apis.juhe.cn/ip/ip2addr?ip=58.23.48.188&key=74bb0395667b8d0588df9ebd6fc36a12"
    },
    {
        "logtime": "2019/07/03 12:10:44",
        "logdata": ""
    },
    {
        "logtime": "2019/07/03 12:10:44",
        "logdata": {
            "_ServerResVersion": 10,
            "_Active": true,
            "_KindVersion": "101122049",
            "_KindType": 1,
            "_Module": "xiuxian/shuiguolaba/",
            "_KindID": "406",
            "_Type": "xiuxian",
            "nSitChair": 65535,
            "_KindName": "xiuxian.shuiguolaba.",
            "nEnterRoomIndex": 1,
            "nSitTable": 65535,
            "_SortId": 0
        }
    },
    {
        "logtime": "2019/07/03 12:10:44",
        "logdata": "modulestr"
    },
    {
        "logtime": "2019/07/03 12:10:44",
        "logdata": "xiuxian/shuiguolaba/"
    },
    {
        "logtime": "2019/07/03 12:10:54",
        "logdata": "url"
    },
    {
        "logtime": "2019/07/03 12:10:54",
        "logdata": "http://apis.juhe.cn/ip/ip2addr?ip=58.23.48.188&key=74bb0395667b8d0588df9ebd6fc36a12"
    },
    {
        "logtime": "2019/07/03 12:10:54",
        "logdata": ""
    },
    {
        "logtime": "2019/07/03 12:10:54",
        "logdata": "url"
    },
    {
        "logtime": "2019/07/03 12:10:54",
        "logdata": "http://apis.juhe.cn/ip/ip2addr?ip=58.23.48.188&key=74bb0395667b8d0588df9ebd6fc36a12"
    },
    {
        "logtime": "2019/07/03 12:10:54",
        "logdata": ""
    },
    {
        "logtime": "2019/07/03 12:10:54",
        "logdata": "url"
    },
    {
        "logtime": "2019/07/03 12:10:54",
        "logdata": "http://apis.juhe.cn/ip/ip2addr?ip=58.23.48.188&key=74bb0395667b8d0588df9ebd6fc36a12"
    },
    {
        "logtime": "2019/07/03 12:10:54",
        "logdata": ""
    },
    {
        "logtime": "2019/07/03 12:10:54",
        "logdata": "url"
    },
    {
        "logtime": "2019/07/03 12:10:54",
        "logdata": "http://apis.juhe.cn/ip/ip2addr?ip=58.23.48.188&key=74bb0395667b8d0588df9ebd6fc36a12"
    },
    {
        "logtime": "2019/07/03 12:10:54",
        "logdata": ""
    },
    {
        "logtime": "2019/07/03 12:10:56",
        "logdata": "url"
    },
    {
        "logtime": "2019/07/03 12:10:56",
        "logdata": "http://apis.juhe.cn/ip/ip2addr?ip=58.23.48.188&key=74bb0395667b8d0588df9ebd6fc36a12"
    },
    {
        "logtime": "2019/07/03 12:10:56",
        "logdata": ""
    },
    {
        "logtime": "2019/07/03 12:10:56",
        "logdata": "url"
    },
    {
        "logtime": "2019/07/03 12:10:56",
        "logdata": "http://apis.juhe.cn/ip/ip2addr?ip=58.23.48.188&key=74bb0395667b8d0588df9ebd6fc36a12"
    },
    {
        "logtime": "2019/07/03 12:10:56",
        "logdata": ""
    },
    {
        "logtime": "2019/07/03 12:10:56",
        "logdata": "url"
    },
    {
        "logtime": "2019/07/03 12:10:56",
        "logdata": "http://apis.juhe.cn/ip/ip2addr?ip=58.23.48.188&key=74bb0395667b8d0588df9ebd6fc36a12"
    },
    {
        "logtime": "2019/07/03 12:10:56",
        "logdata": ""
    },
    {
        "logtime": "2019/07/03 12:10:56",
        "logdata": "url"
    },
    {
        "logtime": "2019/07/03 12:10:56",
        "logdata": "http://apis.juhe.cn/ip/ip2addr?ip=58.23.48.188&key=74bb0395667b8d0588df9ebd6fc36a12"
    },
    {
        "logtime": "2019/07/03 12:10:56",
        "logdata": ""
    },
    {
        "logtime": "2019/07/03 12:10:57",
        "logdata": "url"
    },
    {
        "logtime": "2019/07/03 12:10:57",
        "logdata": "http://apis.juhe.cn/ip/ip2addr?ip=58.23.48.188&key=74bb0395667b8d0588df9ebd6fc36a12"
    },
    {
        "logtime": "2019/07/03 12:10:57",
        "logdata": ""
    },
    {
        "logtime": "2019/07/03 12:10:57",
        "logdata": "url"
    },
    {
        "logtime": "2019/07/03 12:10:57",
        "logdata": "http://apis.juhe.cn/ip/ip2addr?ip=58.23.48.188&key=74bb0395667b8d0588df9ebd6fc36a12"
    },
    {
        "logtime": "2019/07/03 12:10:57",
        "logdata": ""
    },
    {
        "logtime": "2019/07/03 12:10:57",
        "logdata": "url"
    },
    {
        "logtime": "2019/07/03 12:10:57",
        "logdata": "http://apis.juhe.cn/ip/ip2addr?ip=58.23.48.188&key=74bb0395667b8d0588df9ebd6fc36a12"
    },
    {
        "logtime": "2019/07/03 12:10:57",
        "logdata": ""
    },
    {
        "logtime": "2019/07/03 12:10:57",
        "logdata": "url"
    },
    {
        "logtime": "2019/07/03 12:10:57",
        "logdata": "http://apis.juhe.cn/ip/ip2addr?ip=58.23.48.188&key=74bb0395667b8d0588df9ebd6fc36a12"
    },
    {
        "logtime": "2019/07/03 12:10:57",
        "logdata": ""
    },
    {
        "logtime": "2019/07/03 12:10:58",
        "logdata": "url"
    },
    {
        "logtime": "2019/07/03 12:10:58",
        "logdata": "http://apis.juhe.cn/ip/ip2addr?ip=58.23.48.188&key=74bb0395667b8d0588df9ebd6fc36a12"
    },
    {
        "logtime": "2019/07/03 12:10:58",
        "logdata": ""
    },
    {
        "logtime": "2019/07/03 12:10:58",
        "logdata": "url"
    },
    {
        "logtime": "2019/07/03 12:10:58",
        "logdata": "http://apis.juhe.cn/ip/ip2addr?ip=58.23.48.188&key=74bb0395667b8d0588df9ebd6fc36a12"
    },
    {
        "logtime": "2019/07/03 12:10:58",
        "logdata": ""
    },
    {
        "logtime": "2019/07/03 12:10:58",
        "logdata": "url"
    },
    {
        "logtime": "2019/07/03 12:10:58",
        "logdata": "http://apis.juhe.cn/ip/ip2addr?ip=58.23.48.188&key=74bb0395667b8d0588df9ebd6fc36a12"
    },
    {
        "logtime": "2019/07/03 12:10:58",
        "logdata": ""
    },
    {
        "logtime": "2019/07/03 12:10:58",
        "logdata": "url"
    },
    {
        "logtime": "2019/07/03 12:10:58",
        "logdata": "http://apis.juhe.cn/ip/ip2addr?ip=58.23.48.188&key=74bb0395667b8d0588df9ebd6fc36a12"
    },
    {
        "logtime": "2019/07/03 12:10:58",
        "logdata": ""
    }
]