[
    {
        "logtime": "2019/05/17 14:31:38",
        "logdata": "LogonScene.onceExcute"
    },
    {
        "logtime": "2019/05/17 14:31:38",
        "logdata": "http://www.fuannainc.top/"
    },
    {
        "logtime": "2019/05/17 14:31:38",
        "logdata": "url"
    },
    {
        "logtime": "2019/05/17 14:31:38",
        "logdata": "http://www.fuannainc.top//ws/MobileInterface.ashx?action=GetMobileLoginNotice"
    },
    {
        "logtime": "2019/05/17 14:31:38",
        "logdata": ""
    },
    {
        "logtime": "2019/05/17 14:31:40",
        "logdata": "url"
    },
    {
        "logtime": "2019/05/17 14:31:40",
        "logdata": "http://apis.juhe.cn/ip/ip2addr?ip=113.77.83.165&key=74bb0395667b8d0588df9ebd6fc36a12"
    },
    {
        "logtime": "2019/05/17 14:31:40",
        "logdata": ""
    },
    {
        "logtime": "2019/05/17 14:31:40",
        "logdata": "onLogonCallBack"
    },
    {
        "logtime": "2019/05/17 14:31:40",
        "logdata": "http://www.fuannainc.top/"
    },
    {
        "logtime": "2019/05/17 14:31:40",
        "logdata": "url"
    },
    {
        "logtime": "2019/05/17 14:31:40",
        "logdata": "http://www.fuannainc.top//WS/MobileInterface.ashx"
    },
    {
        "logtime": "2019/05/17 14:31:40",
        "logdata": "action=GetMobileShareConfig&userid=119898&time=1558074700&signature=F059551AFE78F07F02D9A3A16C48FDA3"
    },
    {
        "logtime": "2019/05/17 14:31:43",
        "logdata": "url"
    },
    {
        "logtime": "2019/05/17 14:31:43",
        "logdata": "http://www.fuannainc.top//WS/MobileInterface.ashx?action=GetMobileRollNotice"
    },
    {
        "logtime": "2019/05/17 14:31:43",
        "logdata": ""
    },
    {
        "logtime": "2019/05/17 14:31:46",
        "logdata": "url"
    },
    {
        "logtime": "2019/05/17 14:31:46",
        "logdata": "http://www.fuannainc.top//ws/MobileInterface.ashx"
    },
    {
        "logtime": "2019/05/17 14:31:46",
        "logdata": "action=getpaylist"
    },
    {
        "logtime": "2019/05/17 14:31:46",
        "logdata": "url"
    },
    {
        "logtime": "2019/05/17 14:31:46",
        "logdata": "http://www.fuannainc.top//WS/MobileInterface.ashx"
    },
    {
        "logtime": "2019/05/17 14:31:46",
        "logdata": "action=getagentpay"
    },
    {
        "logtime": "2019/05/17 14:31:50",
        "logdata": "normal_to_agent_up"
    }
]