[
    {
        "logtime": "2019/05/17 13:44:00",
        "logdata": "url"
    },
    {
        "logtime": "2019/05/17 13:44:00",
        "logdata": "http://www.fuannainc.top//WS/MobileInterface.ashx?action=GetMobileRollNotice"
    },
    {
        "logtime": "2019/05/17 13:44:00",
        "logdata": ""
    },
    {
        "logtime": "2019/05/17 13:44:08",
        "logdata": "url"
    },
    {
        "logtime": "2019/05/17 13:44:08",
        "logdata": "http://www.fuannainc.top//WS/MobileInterface.ashx"
    },
    {
        "logtime": "2019/05/17 13:44:08",
        "logdata": "action=gettixianrecord&userid=119934&signature=5C45E4C2A26CE7A465E3C4C03FF8459A&time=1558071848&number=20&page=1"
    },
    {
        "logtime": "2019/05/17 13:44:09",
        "logdata": "url"
    },
    {
        "logtime": "2019/05/17 13:44:09",
        "logdata": "http://www.fuannainc.top//WS/MobileInterface.ashx"
    },
    {
        "logtime": "2019/05/17 13:44:09",
        "logdata": "action=gettixianrecord&userid=119934&signature=AE493C6E1F78CFFB1F06B142CC678FD8&time=1558071849&number=20&page=1"
    },
    {
        "logtime": "2019/05/17 13:44:11",
        "logdata": "url"
    },
    {
        "logtime": "2019/05/17 13:44:11",
        "logdata": "http://www.fuannainc.top//WS/MobileInterface.ashx"
    },
    {
        "logtime": "2019/05/17 13:44:11",
        "logdata": "action=gettixianrecord&userid=119934&signature=BB4C4D1FB22C54610AE9391D1A489515&time=1558071851&number=20&page=1"
    }
]