[
    {
        "logtime": "2019/07/01 14:26:47",
        "logdata": "LogonScene.onceExcute"
    },
    {
        "logtime": "2019/07/01 14:26:47",
        "logdata": "http://www.fuannainc.top/"
    },
    {
        "logtime": "2019/07/01 14:26:47",
        "logdata": "url"
    },
    {
        "logtime": "2019/07/01 14:26:47",
        "logdata": "http://www.fuannainc.top//ws/MobileInterface.ashx?action=GetMobileLoginNotice"
    },
    {
        "logtime": "2019/07/01 14:26:47",
        "logdata": ""
    },
    {
        "logtime": "2019/07/01 14:26:48",
        "logdata": "url"
    },
    {
        "logtime": "2019/07/01 14:26:48",
        "logdata": "http://apis.juhe.cn/ip/ip2addr?ip=58.23.48.188&key=74bb0395667b8d0588df9ebd6fc36a12"
    },
    {
        "logtime": "2019/07/01 14:26:48",
        "logdata": ""
    },
    {
        "logtime": "2019/07/01 14:26:48",
        "logdata": "onLogonCallBack"
    },
    {
        "logtime": "2019/07/01 14:26:48",
        "logdata": "http://www.fuannainc.top/"
    },
    {
        "logtime": "2019/07/01 14:26:48",
        "logdata": "url"
    },
    {
        "logtime": "2019/07/01 14:26:48",
        "logdata": "http://www.fuannainc.top//WS/MobileInterface.ashx"
    },
    {
        "logtime": "2019/07/01 14:26:48",
        "logdata": "action=GetMobileShareConfig&userid=119926&time=1561962408&signature=510F246F9C6801B7D8463D8B0CF99001"
    },
    {
        "logtime": "2019/07/01 14:26:50",
        "logdata": "url"
    },
    {
        "logtime": "2019/07/01 14:26:50",
        "logdata": "http://www.fuannainc.top//WS/MobileInterface.ashx?action=GetMobileRollNotice"
    },
    {
        "logtime": "2019/07/01 14:26:50",
        "logdata": ""
    },
    {
        "logtime": "2019/07/01 14:26:54",
        "logdata": null
    },
    {
        "logtime": "2019/07/01 14:26:54",
        "logdata": "onEnterGame"
    },
    {
        "logtime": "2019/07/01 14:26:54",
        "logdata": {
            "_ServerResVersion": 10,
            "_Active": true,
            "_KindVersion": "101122049",
            "_KindType": 1,
            "_Module": "xiuxian/shuiguolaba/",
            "_KindID": "406",
            "_Type": "xiuxian",
            "_KindName": "xiuxian.shuiguolaba.",
            "_SortId": 0
        }
    },
    {
        "logtime": "2019/07/01 14:26:54",
        "logdata": "GlobalUserItem.getCurGameKind()"
    },
    {
        "logtime": "2019/07/01 14:26:54",
        "logdata": 406
    },
    {
        "logtime": "2019/07/01 14:26:55",
        "logdata": "url"
    },
    {
        "logtime": "2019/07/01 14:26:55",
        "logdata": "http://apis.juhe.cn/ip/ip2addr?ip=58.23.48.188&key=74bb0395667b8d0588df9ebd6fc36a12"
    },
    {
        "logtime": "2019/07/01 14:26:56",
        "logdata": ""
    },
    {
        "logtime": "2019/07/01 14:26:56",
        "logdata": {
            "_ServerResVersion": 10,
            "_Active": true,
            "_KindVersion": "101122049",
            "_KindType": 1,
            "_Module": "xiuxian/shuiguolaba/",
            "_KindID": "406",
            "_Type": "xiuxian",
            "nSitChair": 65535,
            "_KindName": "xiuxian.shuiguolaba.",
            "nEnterRoomIndex": 1,
            "nSitTable": 65535,
            "_SortId": 0
        }
    },
    {
        "logtime": "2019/07/01 14:26:56",
        "logdata": "modulestr"
    },
    {
        "logtime": "2019/07/01 14:26:56",
        "logdata": "xiuxian/shuiguolaba/"
    }
]