[
    {
        "logtime": "2019/07/02 15:22:04",
        "logdata": "LogonScene.onceExcute"
    },
    {
        "logtime": "2019/07/02 15:22:04",
        "logdata": "http://www.fuannainc.top/"
    },
    {
        "logtime": "2019/07/02 15:22:04",
        "logdata": "url"
    },
    {
        "logtime": "2019/07/02 15:22:04",
        "logdata": "http://www.fuannainc.top//ws/MobileInterface.ashx?action=GetMobileLoginNotice"
    },
    {
        "logtime": "2019/07/02 15:22:04",
        "logdata": ""
    },
    {
        "logtime": "2019/07/02 15:22:08",
        "logdata": "url"
    },
    {
        "logtime": "2019/07/02 15:22:08",
        "logdata": "http://apis.juhe.cn/ip/ip2addr?ip=58.23.48.188&key=74bb0395667b8d0588df9ebd6fc36a12"
    },
    {
        "logtime": "2019/07/02 15:22:08",
        "logdata": ""
    },
    {
        "logtime": "2019/07/02 15:22:08",
        "logdata": "onLogonCallBack"
    },
    {
        "logtime": "2019/07/02 15:22:08",
        "logdata": "http://www.fuannainc.top/"
    },
    {
        "logtime": "2019/07/02 15:22:08",
        "logdata": "url"
    },
    {
        "logtime": "2019/07/02 15:22:08",
        "logdata": "http://www.fuannainc.top//WS/MobileInterface.ashx"
    },
    {
        "logtime": "2019/07/02 15:22:08",
        "logdata": "action=GetMobileShareConfig&userid=119947&time=1562052128&signature=E80AE5779D1CFE672A8ED52686E357DA"
    },
    {
        "logtime": "2019/07/02 15:22:09",
        "logdata": "url"
    },
    {
        "logtime": "2019/07/02 15:22:09",
        "logdata": "http://www.fuannainc.top//WS/MobileInterface.ashx?action=GetMobileRollNotice"
    },
    {
        "logtime": "2019/07/02 15:22:09",
        "logdata": ""
    },
    {
        "logtime": "2019/07/02 15:22:13",
        "logdata": null
    },
    {
        "logtime": "2019/07/02 15:22:13",
        "logdata": "onEnterGame"
    },
    {
        "logtime": "2019/07/02 15:22:13",
        "logdata": {
            "_ServerResVersion": 10,
            "_Active": true,
            "_KindVersion": "101122049",
            "_KindType": 1,
            "_Module": "xiuxian/shuiguolaba/",
            "_KindID": "406",
            "_Type": "xiuxian",
            "_KindName": "xiuxian.shuiguolaba.",
            "_SortId": 0
        }
    },
    {
        "logtime": "2019/07/02 15:22:13",
        "logdata": "GlobalUserItem.getCurGameKind()"
    },
    {
        "logtime": "2019/07/02 15:22:13",
        "logdata": 406
    },
    {
        "logtime": "2019/07/02 15:22:14",
        "logdata": "url"
    },
    {
        "logtime": "2019/07/02 15:22:14",
        "logdata": "http://apis.juhe.cn/ip/ip2addr?ip=58.23.48.188&key=74bb0395667b8d0588df9ebd6fc36a12"
    },
    {
        "logtime": "2019/07/02 15:22:15",
        "logdata": ""
    },
    {
        "logtime": "2019/07/02 15:22:23",
        "logdata": "LogonScene.onceExcute"
    },
    {
        "logtime": "2019/07/02 15:22:23",
        "logdata": "http://www.fuannainc.top/"
    },
    {
        "logtime": "2019/07/02 15:22:23",
        "logdata": "url"
    },
    {
        "logtime": "2019/07/02 15:22:23",
        "logdata": "http://www.fuannainc.top//ws/MobileInterface.ashx?action=GetMobileLoginNotice"
    },
    {
        "logtime": "2019/07/02 15:22:23",
        "logdata": ""
    },
    {
        "logtime": "2019/07/02 15:22:25",
        "logdata": "url"
    },
    {
        "logtime": "2019/07/02 15:22:25",
        "logdata": "http://apis.juhe.cn/ip/ip2addr?ip=58.23.48.188&key=74bb0395667b8d0588df9ebd6fc36a12"
    },
    {
        "logtime": "2019/07/02 15:22:25",
        "logdata": ""
    },
    {
        "logtime": "2019/07/02 15:22:25",
        "logdata": "onLogonCallBack"
    },
    {
        "logtime": "2019/07/02 15:22:25",
        "logdata": "http://www.fuannainc.top/"
    },
    {
        "logtime": "2019/07/02 15:22:25",
        "logdata": "url"
    },
    {
        "logtime": "2019/07/02 15:22:25",
        "logdata": "http://www.fuannainc.top//WS/MobileInterface.ashx"
    },
    {
        "logtime": "2019/07/02 15:22:25",
        "logdata": "action=GetMobileShareConfig&userid=119947&time=1562052145&signature=E2618B6E89FA8A5937109BB83F0DB5B4"
    },
    {
        "logtime": "2019/07/02 15:22:27",
        "logdata": "url"
    },
    {
        "logtime": "2019/07/02 15:22:27",
        "logdata": "http://www.fuannainc.top//WS/MobileInterface.ashx?action=GetMobileRollNotice"
    },
    {
        "logtime": "2019/07/02 15:22:27",
        "logdata": ""
    },
    {
        "logtime": "2019/07/02 15:22:30",
        "logdata": null
    },
    {
        "logtime": "2019/07/02 15:22:30",
        "logdata": "onEnterGame"
    },
    {
        "logtime": "2019/07/02 15:22:30",
        "logdata": {
            "_ServerResVersion": 10,
            "_Active": true,
            "_KindVersion": "101122049",
            "_KindType": 1,
            "_Module": "xiuxian/shuiguolaba/",
            "_KindID": "406",
            "_Type": "xiuxian",
            "_KindName": "xiuxian.shuiguolaba.",
            "_SortId": 0
        }
    },
    {
        "logtime": "2019/07/02 15:22:30",
        "logdata": "GlobalUserItem.getCurGameKind()"
    },
    {
        "logtime": "2019/07/02 15:22:30",
        "logdata": 406
    },
    {
        "logtime": "2019/07/02 15:22:31",
        "logdata": "url"
    },
    {
        "logtime": "2019/07/02 15:22:31",
        "logdata": "http://apis.juhe.cn/ip/ip2addr?ip=58.23.48.188&key=74bb0395667b8d0588df9ebd6fc36a12"
    },
    {
        "logtime": "2019/07/02 15:22:31",
        "logdata": ""
    }
]