[
    {
        "logtime": "2019/05/22 18:50:44",
        "logdata": "LogonScene.onceExcute"
    },
    {
        "logtime": "2019/05/22 18:50:44",
        "logdata": "http://www.fuannainc.top/"
    },
    {
        "logtime": "2019/05/22 18:50:44",
        "logdata": "url"
    },
    {
        "logtime": "2019/05/22 18:50:44",
        "logdata": "http://www.fuannainc.top//ws/MobileInterface.ashx?action=GetMobileLoginNotice"
    },
    {
        "logtime": "2019/05/22 18:50:44",
        "logdata": ""
    },
    {
        "logtime": "2019/05/22 18:50:46",
        "logdata": "url"
    },
    {
        "logtime": "2019/05/22 18:50:46",
        "logdata": "http://apis.juhe.cn/ip/ip2addr?ip=183.53.106.122&key=74bb0395667b8d0588df9ebd6fc36a12"
    },
    {
        "logtime": "2019/05/22 18:50:46",
        "logdata": ""
    },
    {
        "logtime": "2019/05/22 18:50:46",
        "logdata": "onLogonCallBack"
    },
    {
        "logtime": "2019/05/22 18:50:46",
        "logdata": "http://www.fuannainc.top/"
    },
    {
        "logtime": "2019/05/22 18:50:46",
        "logdata": "url"
    },
    {
        "logtime": "2019/05/22 18:50:46",
        "logdata": "http://www.fuannainc.top//WS/MobileInterface.ashx"
    },
    {
        "logtime": "2019/05/22 18:50:46",
        "logdata": "action=GetMobileShareConfig&userid=119890&time=1558522246&signature=41FA38D9B5146919578FE904F9776EAB"
    },
    {
        "logtime": "2019/05/22 18:50:48",
        "logdata": "url"
    },
    {
        "logtime": "2019/05/22 18:50:48",
        "logdata": "http://www.fuannainc.top//WS/MobileInterface.ashx?action=GetMobileRollNotice"
    },
    {
        "logtime": "2019/05/22 18:50:48",
        "logdata": ""
    }
]