[
    {
        "logtime": "2019/05/16 11:08:55",
        "logdata": "LogonScene.onceExcute"
    },
    {
        "logtime": "2019/05/16 11:08:55",
        "logdata": "http://www.fuannainc.top/"
    },
    {
        "logtime": "2019/05/16 11:08:55",
        "logdata": "url"
    },
    {
        "logtime": "2019/05/16 11:08:55",
        "logdata": "http://www.fuannainc.top//ws/MobileInterface.ashx?action=GetMobileLoginNotice"
    },
    {
        "logtime": "2019/05/16 11:08:55",
        "logdata": ""
    },
    {
        "logtime": "2019/05/16 11:08:57",
        "logdata": "url"
    },
    {
        "logtime": "2019/05/16 11:08:57",
        "logdata": "http://apis.juhe.cn/ip/ip2addr?ip=183.53.107.65&key=74bb0395667b8d0588df9ebd6fc36a12"
    },
    {
        "logtime": "2019/05/16 11:08:57",
        "logdata": ""
    },
    {
        "logtime": "2019/05/16 11:08:57",
        "logdata": "onLogonCallBack"
    },
    {
        "logtime": "2019/05/16 11:08:57",
        "logdata": "http://www.fuannainc.top/"
    },
    {
        "logtime": "2019/05/16 11:08:57",
        "logdata": "url"
    },
    {
        "logtime": "2019/05/16 11:08:57",
        "logdata": "http://www.fuannainc.top//WS/MobileInterface.ashx"
    },
    {
        "logtime": "2019/05/16 11:08:57",
        "logdata": "action=GetMobileShareConfig&userid=119907&time=1557976137&signature=6DAAFFF3A8BF6298621B1B992FD6D482"
    }
]