[
    {
        "logtime": "2019/07/03 12:26:11",
        "logdata": "LogonScene.onceExcute"
    },
    {
        "logtime": "2019/07/03 12:26:11",
        "logdata": "http://www.fuannainc.top/"
    },
    {
        "logtime": "2019/07/03 12:26:11",
        "logdata": "url"
    },
    {
        "logtime": "2019/07/03 12:26:11",
        "logdata": "http://www.fuannainc.top//ws/MobileInterface.ashx?action=GetMobileLoginNotice"
    },
    {
        "logtime": "2019/07/03 12:26:11",
        "logdata": ""
    },
    {
        "logtime": "2019/07/03 12:26:13",
        "logdata": "url"
    },
    {
        "logtime": "2019/07/03 12:26:13",
        "logdata": "http://apis.juhe.cn/ip/ip2addr?ip=58.23.48.188&key=74bb0395667b8d0588df9ebd6fc36a12"
    },
    {
        "logtime": "2019/07/03 12:26:13",
        "logdata": ""
    },
    {
        "logtime": "2019/07/03 12:26:13",
        "logdata": "onLogonCallBack"
    },
    {
        "logtime": "2019/07/03 12:26:13",
        "logdata": "http://www.fuannainc.top/"
    },
    {
        "logtime": "2019/07/03 12:26:13",
        "logdata": "url"
    },
    {
        "logtime": "2019/07/03 12:26:13",
        "logdata": "http://www.fuannainc.top//WS/MobileInterface.ashx"
    },
    {
        "logtime": "2019/07/03 12:26:13",
        "logdata": "action=GetMobileShareConfig&userid=120187&time=1562127973&signature=80D42E7F75EB304C17BC1CA92E42ACD9"
    },
    {
        "logtime": "2019/07/03 12:26:14",
        "logdata": "url"
    },
    {
        "logtime": "2019/07/03 12:26:14",
        "logdata": "http://www.fuannainc.top//WS/MobileInterface.ashx?action=GetMobileRollNotice"
    },
    {
        "logtime": "2019/07/03 12:26:14",
        "logdata": ""
    },
    {
        "logtime": "2019/07/03 12:26:16",
        "logdata": "url"
    },
    {
        "logtime": "2019/07/03 12:26:16",
        "logdata": "http://apis.juhe.cn/ip/ip2addr?ip=58.23.48.188&key=74bb0395667b8d0588df9ebd6fc36a12"
    },
    {
        "logtime": "2019/07/03 12:26:16",
        "logdata": ""
    },
    {
        "logtime": "2019/07/03 12:26:16",
        "logdata": "url"
    },
    {
        "logtime": "2019/07/03 12:26:16",
        "logdata": "http://apis.juhe.cn/ip/ip2addr?ip=58.23.48.188&key=74bb0395667b8d0588df9ebd6fc36a12"
    },
    {
        "logtime": "2019/07/03 12:26:16",
        "logdata": ""
    },
    {
        "logtime": "2019/07/03 12:26:16",
        "logdata": "url"
    },
    {
        "logtime": "2019/07/03 12:26:16",
        "logdata": "http://apis.juhe.cn/ip/ip2addr?ip=58.23.48.188&key=74bb0395667b8d0588df9ebd6fc36a12"
    },
    {
        "logtime": "2019/07/03 12:26:16",
        "logdata": ""
    },
    {
        "logtime": "2019/07/03 12:26:16",
        "logdata": "url"
    },
    {
        "logtime": "2019/07/03 12:26:16",
        "logdata": "http://apis.juhe.cn/ip/ip2addr?ip=58.23.48.188&key=74bb0395667b8d0588df9ebd6fc36a12"
    },
    {
        "logtime": "2019/07/03 12:26:16",
        "logdata": ""
    },
    {
        "logtime": "2019/07/03 12:26:16",
        "logdata": {
            "_ServerResVersion": 10,
            "_Active": true,
            "_KindVersion": "101122049",
            "_KindType": 1,
            "_Module": "xiuxian/shuiguolaba/",
            "_KindID": "406",
            "_Type": "xiuxian",
            "_KindName": "xiuxian.shuiguolaba.",
            "nEnterRoomIndex": 1,
            "_SortId": 0
        }
    },
    {
        "logtime": "2019/07/03 12:26:16",
        "logdata": "modulestr"
    },
    {
        "logtime": "2019/07/03 12:26:16",
        "logdata": "xiuxian/shuiguolaba/"
    },
    {
        "logtime": "2019/07/03 12:26:21",
        "logdata": null
    },
    {
        "logtime": "2019/07/03 12:26:21",
        "logdata": "onEnterGame"
    },
    {
        "logtime": "2019/07/03 12:26:21",
        "logdata": {
            "_ServerResVersion": 10,
            "_Active": true,
            "_KindVersion": "101122049",
            "_KindType": 1,
            "_Module": "xiuxian/shuiguolaba/",
            "_KindID": "406",
            "_Type": "xiuxian",
            "_KindName": "xiuxian.shuiguolaba.",
            "nEnterRoomIndex": 1,
            "_SortId": 0
        }
    },
    {
        "logtime": "2019/07/03 12:26:22",
        "logdata": "GlobalUserItem.getCurGameKind()"
    },
    {
        "logtime": "2019/07/03 12:26:22",
        "logdata": 406
    },
    {
        "logtime": "2019/07/03 12:26:23",
        "logdata": "url"
    },
    {
        "logtime": "2019/07/03 12:26:23",
        "logdata": "http://apis.juhe.cn/ip/ip2addr?ip=58.23.48.188&key=74bb0395667b8d0588df9ebd6fc36a12"
    },
    {
        "logtime": "2019/07/03 12:26:23",
        "logdata": ""
    },
    {
        "logtime": "2019/07/03 12:26:23",
        "logdata": "url"
    },
    {
        "logtime": "2019/07/03 12:26:23",
        "logdata": "http://apis.juhe.cn/ip/ip2addr?ip=58.23.48.188&key=74bb0395667b8d0588df9ebd6fc36a12"
    },
    {
        "logtime": "2019/07/03 12:26:23",
        "logdata": ""
    },
    {
        "logtime": "2019/07/03 12:26:23",
        "logdata": "url"
    },
    {
        "logtime": "2019/07/03 12:26:23",
        "logdata": "http://apis.juhe.cn/ip/ip2addr?ip=58.23.48.188&key=74bb0395667b8d0588df9ebd6fc36a12"
    },
    {
        "logtime": "2019/07/03 12:26:23",
        "logdata": ""
    },
    {
        "logtime": "2019/07/03 12:26:23",
        "logdata": "url"
    },
    {
        "logtime": "2019/07/03 12:26:23",
        "logdata": "http://apis.juhe.cn/ip/ip2addr?ip=58.23.48.188&key=74bb0395667b8d0588df9ebd6fc36a12"
    },
    {
        "logtime": "2019/07/03 12:26:23",
        "logdata": ""
    },
    {
        "logtime": "2019/07/03 12:26:23",
        "logdata": {
            "_ServerResVersion": 10,
            "_Active": true,
            "_KindVersion": "101122049",
            "_KindType": 1,
            "_Module": "xiuxian/shuiguolaba/",
            "_KindID": "406",
            "_Type": "xiuxian",
            "nSitChair": 65535,
            "_KindName": "xiuxian.shuiguolaba.",
            "nEnterRoomIndex": 1,
            "nSitTable": 65535,
            "_SortId": 0
        }
    },
    {
        "logtime": "2019/07/03 12:26:23",
        "logdata": "modulestr"
    },
    {
        "logtime": "2019/07/03 12:26:23",
        "logdata": "xiuxian/shuiguolaba/"
    }
]