[
    {
        "logtime": "2019/07/02 16:16:12",
        "logdata": "url"
    },
    {
        "logtime": "2019/07/02 16:16:12",
        "logdata": "http://apis.juhe.cn/ip/ip2addr?ip=58.23.48.188&key=74bb0395667b8d0588df9ebd6fc36a12"
    },
    {
        "logtime": "2019/07/02 16:16:12",
        "logdata": ""
    },
    {
        "logtime": "2019/07/02 16:16:12",
        "logdata": "url"
    },
    {
        "logtime": "2019/07/02 16:16:12",
        "logdata": "http://apis.juhe.cn/ip/ip2addr?ip=58.23.48.188&key=74bb0395667b8d0588df9ebd6fc36a12"
    },
    {
        "logtime": "2019/07/02 16:16:12",
        "logdata": ""
    },
    {
        "logtime": "2019/07/02 16:16:12",
        "logdata": {
            "_ServerResVersion": 10,
            "_Active": true,
            "_KindVersion": "101122049",
            "_KindType": 1,
            "_Module": "xiuxian/shuiguolaba/",
            "_KindID": "406",
            "_Type": "xiuxian",
            "nSitChair": 65535,
            "_KindName": "xiuxian.shuiguolaba.",
            "nEnterRoomIndex": 1,
            "nSitTable": 65535,
            "_SortId": 0
        }
    },
    {
        "logtime": "2019/07/02 16:16:12",
        "logdata": "modulestr"
    },
    {
        "logtime": "2019/07/02 16:16:12",
        "logdata": "xiuxian/shuiguolaba/"
    },
    {
        "logtime": "2019/07/02 16:16:16",
        "logdata": "LogonScene.onceExcute"
    },
    {
        "logtime": "2019/07/02 16:16:16",
        "logdata": "http://www.fuannainc.top/"
    },
    {
        "logtime": "2019/07/02 16:16:16",
        "logdata": "url"
    },
    {
        "logtime": "2019/07/02 16:16:16",
        "logdata": "http://www.fuannainc.top//ws/MobileInterface.ashx?action=GetMobileLoginNotice"
    },
    {
        "logtime": "2019/07/02 16:16:16",
        "logdata": ""
    },
    {
        "logtime": "2019/07/02 16:16:18",
        "logdata": "url"
    },
    {
        "logtime": "2019/07/02 16:16:18",
        "logdata": "http://apis.juhe.cn/ip/ip2addr?ip=58.23.48.188&key=74bb0395667b8d0588df9ebd6fc36a12"
    },
    {
        "logtime": "2019/07/02 16:16:18",
        "logdata": ""
    },
    {
        "logtime": "2019/07/02 16:16:18",
        "logdata": "onLogonCallBack"
    },
    {
        "logtime": "2019/07/02 16:16:18",
        "logdata": "http://www.fuannainc.top/"
    },
    {
        "logtime": "2019/07/02 16:16:18",
        "logdata": "url"
    },
    {
        "logtime": "2019/07/02 16:16:18",
        "logdata": "http://www.fuannainc.top//WS/MobileInterface.ashx"
    },
    {
        "logtime": "2019/07/02 16:16:18",
        "logdata": "action=GetMobileShareConfig&userid=120187&time=1562055378&signature=68B71AD8DCE1AD2E46BC5FD8198466B2"
    },
    {
        "logtime": "2019/07/02 16:16:20",
        "logdata": "url"
    },
    {
        "logtime": "2019/07/02 16:16:20",
        "logdata": "http://www.fuannainc.top//WS/MobileInterface.ashx?action=GetMobileRollNotice"
    },
    {
        "logtime": "2019/07/02 16:16:20",
        "logdata": ""
    },
    {
        "logtime": "2019/07/02 16:16:22",
        "logdata": "url"
    },
    {
        "logtime": "2019/07/02 16:16:22",
        "logdata": "http://apis.juhe.cn/ip/ip2addr?ip=58.23.48.188&key=74bb0395667b8d0588df9ebd6fc36a12"
    },
    {
        "logtime": "2019/07/02 16:16:22",
        "logdata": ""
    },
    {
        "logtime": "2019/07/02 16:16:22",
        "logdata": "url"
    },
    {
        "logtime": "2019/07/02 16:16:22",
        "logdata": "http://apis.juhe.cn/ip/ip2addr?ip=58.23.48.188&key=74bb0395667b8d0588df9ebd6fc36a12"
    },
    {
        "logtime": "2019/07/02 16:16:22",
        "logdata": ""
    },
    {
        "logtime": "2019/07/02 16:16:22",
        "logdata": {
            "_ServerResVersion": 10,
            "_Active": true,
            "_KindVersion": "101122049",
            "_KindType": 1,
            "_Module": "xiuxian/shuiguolaba/",
            "_KindID": "406",
            "_Type": "xiuxian",
            "_KindName": "xiuxian.shuiguolaba.",
            "nEnterRoomIndex": 1,
            "_SortId": 0
        }
    },
    {
        "logtime": "2019/07/02 16:16:22",
        "logdata": "modulestr"
    },
    {
        "logtime": "2019/07/02 16:16:23",
        "logdata": "xiuxian/shuiguolaba/"
    },
    {
        "logtime": "2019/07/02 16:16:26",
        "logdata": null
    },
    {
        "logtime": "2019/07/02 16:16:26",
        "logdata": "onEnterGame"
    },
    {
        "logtime": "2019/07/02 16:16:26",
        "logdata": {
            "_ServerResVersion": 10,
            "_Active": true,
            "_KindVersion": "101122049",
            "_KindType": 1,
            "_Module": "xiuxian/shuiguolaba/",
            "_KindID": "406",
            "_Type": "xiuxian",
            "_KindName": "xiuxian.shuiguolaba.",
            "nEnterRoomIndex": 1,
            "_SortId": 0
        }
    },
    {
        "logtime": "2019/07/02 16:16:26",
        "logdata": "GlobalUserItem.getCurGameKind()"
    },
    {
        "logtime": "2019/07/02 16:16:26",
        "logdata": 406
    },
    {
        "logtime": "2019/07/02 16:16:28",
        "logdata": "url"
    },
    {
        "logtime": "2019/07/02 16:16:28",
        "logdata": "http://apis.juhe.cn/ip/ip2addr?ip=58.23.48.188&key=74bb0395667b8d0588df9ebd6fc36a12"
    },
    {
        "logtime": "2019/07/02 16:16:28",
        "logdata": ""
    },
    {
        "logtime": "2019/07/02 16:16:28",
        "logdata": "url"
    },
    {
        "logtime": "2019/07/02 16:16:28",
        "logdata": "http://apis.juhe.cn/ip/ip2addr?ip=58.23.48.188&key=74bb0395667b8d0588df9ebd6fc36a12"
    },
    {
        "logtime": "2019/07/02 16:16:28",
        "logdata": ""
    },
    {
        "logtime": "2019/07/02 16:16:28",
        "logdata": {
            "_ServerResVersion": 10,
            "_Active": true,
            "_KindVersion": "101122049",
            "_KindType": 1,
            "_Module": "xiuxian/shuiguolaba/",
            "_KindID": "406",
            "_Type": "xiuxian",
            "nSitChair": 65535,
            "_KindName": "xiuxian.shuiguolaba.",
            "nEnterRoomIndex": 1,
            "nSitTable": 65535,
            "_SortId": 0
        }
    },
    {
        "logtime": "2019/07/02 16:16:28",
        "logdata": "modulestr"
    },
    {
        "logtime": "2019/07/02 16:16:28",
        "logdata": "xiuxian/shuiguolaba/"
    }
]