[
    {
        "logtime": "2019/05/24 17:24:49",
        "logdata": "LogonScene.onceExcute"
    },
    {
        "logtime": "2019/05/24 17:24:49",
        "logdata": "http://www.fuannainc.top/"
    },
    {
        "logtime": "2019/05/24 17:24:49",
        "logdata": "url"
    },
    {
        "logtime": "2019/05/24 17:24:49",
        "logdata": "http://www.fuannainc.top//ws/MobileInterface.ashx?action=GetMobileLoginNotice"
    },
    {
        "logtime": "2019/05/24 17:24:49",
        "logdata": ""
    },
    {
        "logtime": "2019/05/24 17:24:59",
        "logdata": "url"
    },
    {
        "logtime": "2019/05/24 17:24:59",
        "logdata": "http://apis.juhe.cn/ip/ip2addr?ip=113.77.82.100&key=74bb0395667b8d0588df9ebd6fc36a12"
    },
    {
        "logtime": "2019/05/24 17:24:59",
        "logdata": ""
    },
    {
        "logtime": "2019/05/24 17:24:59",
        "logdata": "onLogonCallBack"
    },
    {
        "logtime": "2019/05/24 17:24:59",
        "logdata": "http://www.fuannainc.top/"
    },
    {
        "logtime": "2019/05/24 17:24:59",
        "logdata": "url"
    },
    {
        "logtime": "2019/05/24 17:24:59",
        "logdata": "http://www.fuannainc.top//WS/MobileInterface.ashx"
    },
    {
        "logtime": "2019/05/24 17:24:59",
        "logdata": "action=GetMobileShareConfig&userid=119802&time=1558689899&signature=CEA0CFE37948466A319628DAB1934B9C"
    }
]