[
    {
        "logtime": "2019/05/17 11:06:17",
        "logdata": "url"
    },
    {
        "logtime": "2019/05/17 11:06:17",
        "logdata": "http://apis.juhe.cn/ip/ip2addr?ip=113.77.83.165&key=74bb0395667b8d0588df9ebd6fc36a12"
    },
    {
        "logtime": "2019/05/17 11:06:17",
        "logdata": ""
    },
    {
        "logtime": "2019/05/17 11:06:17",
        "logdata": "onLogonCallBack"
    },
    {
        "logtime": "2019/05/17 11:06:17",
        "logdata": "http://www.fuannainc.top/"
    },
    {
        "logtime": "2019/05/17 11:06:17",
        "logdata": "url"
    },
    {
        "logtime": "2019/05/17 11:06:17",
        "logdata": "http://www.fuannainc.top//WS/MobileInterface.ashx"
    },
    {
        "logtime": "2019/05/17 11:06:17",
        "logdata": "action=GetMobileShareConfig&userid=119911&time=1558062377&signature=23FAF245AFB9FF359A4A6CD9CE28FF4F"
    },
    {
        "logtime": "2019/05/17 11:06:20",
        "logdata": "url"
    },
    {
        "logtime": "2019/05/17 11:06:20",
        "logdata": "http://www.fuannainc.top//WS/MobileInterface.ashx?action=GetMobileRollNotice"
    },
    {
        "logtime": "2019/05/17 11:06:20",
        "logdata": ""
    }
]