[
    {
        "logtime": "2019/07/03 17:29:35",
        "logdata": "url"
    },
    {
        "logtime": "2019/07/03 17:29:35",
        "logdata": "http://apis.juhe.cn/ip/ip2addr?ip=58.23.49.18&key=74bb0395667b8d0588df9ebd6fc36a12"
    },
    {
        "logtime": "2019/07/03 17:29:35",
        "logdata": ""
    },
    {
        "logtime": "2019/07/03 17:29:35",
        "logdata": "onLogonCallBack"
    },
    {
        "logtime": "2019/07/03 17:29:35",
        "logdata": "http://www.fuannainc.top/"
    },
    {
        "logtime": "2019/07/03 17:29:35",
        "logdata": "url"
    },
    {
        "logtime": "2019/07/03 17:29:35",
        "logdata": "http://www.fuannainc.top//WS/MobileInterface.ashx"
    },
    {
        "logtime": "2019/07/03 17:29:35",
        "logdata": "action=GetMobileShareConfig&userid=120188&time=1562146175&signature=956B1D30B76998066F18300A7CF44310"
    },
    {
        "logtime": "2019/07/03 17:29:37",
        "logdata": "url"
    },
    {
        "logtime": "2019/07/03 17:29:37",
        "logdata": "http://www.fuannainc.top//WS/MobileInterface.ashx?action=GetMobileRollNotice"
    },
    {
        "logtime": "2019/07/03 17:29:37",
        "logdata": ""
    },
    {
        "logtime": "2019/07/03 17:29:45",
        "logdata": "url"
    },
    {
        "logtime": "2019/07/03 17:29:45",
        "logdata": "http://www.fuannainc.top//WS/MobileInterface.ashx"
    },
    {
        "logtime": "2019/07/03 17:29:45",
        "logdata": "action=GetScoreInfo&userid=120188&time=1562146185&signature=704BC87DCBF683AB41DC1F2B0BD9565C"
    }
]