[
    {
        "logtime": "2019/05/16 11:02:53",
        "logdata": "LogonScene.onceExcute"
    },
    {
        "logtime": "2019/05/16 11:02:53",
        "logdata": "http://www.fuannainc.top/"
    },
    {
        "logtime": "2019/05/16 11:02:53",
        "logdata": "url"
    },
    {
        "logtime": "2019/05/16 11:02:53",
        "logdata": "http://www.fuannainc.top//ws/MobileInterface.ashx?action=GetMobileLoginNotice"
    },
    {
        "logtime": "2019/05/16 11:02:53",
        "logdata": ""
    },
    {
        "logtime": "2019/05/16 11:02:55",
        "logdata": "url"
    },
    {
        "logtime": "2019/05/16 11:02:55",
        "logdata": "http://apis.juhe.cn/ip/ip2addr?ip=183.53.107.65&key=74bb0395667b8d0588df9ebd6fc36a12"
    },
    {
        "logtime": "2019/05/16 11:02:55",
        "logdata": ""
    },
    {
        "logtime": "2019/05/16 11:02:55",
        "logdata": "onLogonCallBack"
    },
    {
        "logtime": "2019/05/16 11:02:55",
        "logdata": "http://www.fuannainc.top/"
    },
    {
        "logtime": "2019/05/16 11:02:55",
        "logdata": "url"
    },
    {
        "logtime": "2019/05/16 11:02:55",
        "logdata": "http://www.fuannainc.top//WS/MobileInterface.ashx"
    },
    {
        "logtime": "2019/05/16 11:02:55",
        "logdata": "action=GetMobileShareConfig&userid=119923&time=1557975775&signature=A95FEF17D255F02D6D2C2A0958DB5C5A"
    },
    {
        "logtime": "2019/05/16 11:02:58",
        "logdata": "url"
    },
    {
        "logtime": "2019/05/16 11:02:58",
        "logdata": "http://www.fuannainc.top//WS/MobileInterface.ashx?action=GetMobileRollNotice"
    },
    {
        "logtime": "2019/05/16 11:02:58",
        "logdata": ""
    }
]