[
    {
        "logtime": "2019/07/02 11:46:00",
        "logdata": "url"
    },
    {
        "logtime": "2019/07/02 11:46:00",
        "logdata": "http://www.fuannainc.top//WS/MobileInterface.ashx?action=GetMobileRollNotice"
    },
    {
        "logtime": "2019/07/02 11:46:00",
        "logdata": ""
    },
    {
        "logtime": "2019/07/02 11:46:04",
        "logdata": null
    },
    {
        "logtime": "2019/07/02 11:46:04",
        "logdata": "onEnterGame"
    },
    {
        "logtime": "2019/07/02 11:46:04",
        "logdata": {
            "_ServerResVersion": 10,
            "_Active": true,
            "_KindVersion": "101122049",
            "_KindType": 1,
            "_Module": "xiuxian/shuiguolaba/",
            "_KindID": "406",
            "_Type": "xiuxian",
            "_KindName": "xiuxian.shuiguolaba.",
            "_SortId": 0
        }
    },
    {
        "logtime": "2019/07/02 11:46:04",
        "logdata": "GlobalUserItem.getCurGameKind()"
    },
    {
        "logtime": "2019/07/02 11:46:04",
        "logdata": 406
    },
    {
        "logtime": "2019/07/02 11:46:06",
        "logdata": "url"
    },
    {
        "logtime": "2019/07/02 11:46:06",
        "logdata": "http://apis.juhe.cn/ip/ip2addr?ip=58.23.48.188&key=74bb0395667b8d0588df9ebd6fc36a12"
    },
    {
        "logtime": "2019/07/02 11:46:06",
        "logdata": ""
    },
    {
        "logtime": "2019/07/02 11:46:06",
        "logdata": {
            "_ServerResVersion": 10,
            "_Active": true,
            "_KindVersion": "101122049",
            "_KindType": 1,
            "_Module": "xiuxian/shuiguolaba/",
            "_KindID": "406",
            "_Type": "xiuxian",
            "nSitChair": 65535,
            "_KindName": "xiuxian.shuiguolaba.",
            "nEnterRoomIndex": 1,
            "nSitTable": 65535,
            "_SortId": 0
        }
    },
    {
        "logtime": "2019/07/02 11:46:06",
        "logdata": "modulestr"
    },
    {
        "logtime": "2019/07/02 11:46:06",
        "logdata": "xiuxian/shuiguolaba/"
    },
    {
        "logtime": "2019/07/02 11:46:12",
        "logdata": "url"
    },
    {
        "logtime": "2019/07/02 11:46:12",
        "logdata": "http://apis.juhe.cn/ip/ip2addr?ip=58.23.48.188&key=74bb0395667b8d0588df9ebd6fc36a12"
    },
    {
        "logtime": "2019/07/02 11:46:12",
        "logdata": ""
    },
    {
        "logtime": "2019/07/02 11:46:21",
        "logdata": "LogonScene.onceExcute"
    },
    {
        "logtime": "2019/07/02 11:46:21",
        "logdata": "http://www.fuannainc.top/"
    },
    {
        "logtime": "2019/07/02 11:46:21",
        "logdata": "url"
    },
    {
        "logtime": "2019/07/02 11:46:21",
        "logdata": "http://www.fuannainc.top//ws/MobileInterface.ashx?action=GetMobileLoginNotice"
    },
    {
        "logtime": "2019/07/02 11:46:21",
        "logdata": ""
    },
    {
        "logtime": "2019/07/02 11:46:24",
        "logdata": "url"
    },
    {
        "logtime": "2019/07/02 11:46:24",
        "logdata": "http://apis.juhe.cn/ip/ip2addr?ip=58.23.48.188&key=74bb0395667b8d0588df9ebd6fc36a12"
    },
    {
        "logtime": "2019/07/02 11:46:24",
        "logdata": ""
    },
    {
        "logtime": "2019/07/02 11:46:24",
        "logdata": "onLogonCallBack"
    },
    {
        "logtime": "2019/07/02 11:46:24",
        "logdata": "http://www.fuannainc.top/"
    },
    {
        "logtime": "2019/07/02 11:46:24",
        "logdata": "url"
    },
    {
        "logtime": "2019/07/02 11:46:24",
        "logdata": "http://www.fuannainc.top//WS/MobileInterface.ashx"
    },
    {
        "logtime": "2019/07/02 11:46:24",
        "logdata": "action=GetMobileShareConfig&userid=119947&time=1562039184&signature=9FF704862D2E1CF1F643A77F7360A9E4"
    },
    {
        "logtime": "2019/07/02 11:46:26",
        "logdata": "url"
    },
    {
        "logtime": "2019/07/02 11:46:26",
        "logdata": "http://www.fuannainc.top//WS/MobileInterface.ashx?action=GetMobileRollNotice"
    },
    {
        "logtime": "2019/07/02 11:46:26",
        "logdata": ""
    },
    {
        "logtime": "2019/07/02 11:46:27",
        "logdata": "url"
    },
    {
        "logtime": "2019/07/02 11:46:27",
        "logdata": "http://apis.juhe.cn/ip/ip2addr?ip=58.23.48.188&key=74bb0395667b8d0588df9ebd6fc36a12"
    },
    {
        "logtime": "2019/07/02 11:46:27",
        "logdata": ""
    },
    {
        "logtime": "2019/07/02 11:46:27",
        "logdata": {
            "_ServerResVersion": 10,
            "_Active": true,
            "_KindVersion": "101122049",
            "_KindType": 1,
            "_Module": "xiuxian/shuiguolaba/",
            "_KindID": "406",
            "_Type": "xiuxian",
            "_KindName": "xiuxian.shuiguolaba.",
            "nEnterRoomIndex": 1,
            "_SortId": 0
        }
    },
    {
        "logtime": "2019/07/02 11:46:27",
        "logdata": "modulestr"
    },
    {
        "logtime": "2019/07/02 11:46:27",
        "logdata": "xiuxian/shuiguolaba/"
    },
    {
        "logtime": "2019/07/02 11:46:49",
        "logdata": "[string \".\\game/xiuxian/shuiguolaba/src/views/GameLaye...\"]:706: attempt to compare number with nil\nstack traceback:\n\t[string \".\\game/xiuxian/shuiguolaba/src/views/layer/Ga...\"]:963: in function 'onButtonClickedEvent'\n\t[string \".\\game/xiuxian/shuiguolaba/src/views/layer/Ga...\"]:174: in function <[string \".\\game/xiuxian/shuiguolaba/src/views/layer/Ga...\"]:167>"
    },
    {
        "logtime": "2019/07/02 11:46:52",
        "logdata": "LogonScene.onceExcute"
    },
    {
        "logtime": "2019/07/02 11:46:52",
        "logdata": "http://www.fuannainc.top/"
    },
    {
        "logtime": "2019/07/02 11:46:52",
        "logdata": "url"
    },
    {
        "logtime": "2019/07/02 11:46:52",
        "logdata": "http://www.fuannainc.top//ws/MobileInterface.ashx?action=GetMobileLoginNotice"
    },
    {
        "logtime": "2019/07/02 11:46:52",
        "logdata": ""
    },
    {
        "logtime": "2019/07/02 11:46:54",
        "logdata": "url"
    },
    {
        "logtime": "2019/07/02 11:46:54",
        "logdata": "http://apis.juhe.cn/ip/ip2addr?ip=58.23.48.188&key=74bb0395667b8d0588df9ebd6fc36a12"
    },
    {
        "logtime": "2019/07/02 11:46:54",
        "logdata": ""
    },
    {
        "logtime": "2019/07/02 11:46:54",
        "logdata": "onLogonCallBack"
    },
    {
        "logtime": "2019/07/02 11:46:54",
        "logdata": "http://www.fuannainc.top/"
    },
    {
        "logtime": "2019/07/02 11:46:54",
        "logdata": "url"
    },
    {
        "logtime": "2019/07/02 11:46:54",
        "logdata": "http://www.fuannainc.top//WS/MobileInterface.ashx"
    },
    {
        "logtime": "2019/07/02 11:46:54",
        "logdata": "action=GetMobileShareConfig&userid=119947&time=1562039214&signature=E6C318BCFB5231D50E99D7F589AF931A"
    },
    {
        "logtime": "2019/07/02 11:46:56",
        "logdata": "url"
    },
    {
        "logtime": "2019/07/02 11:46:56",
        "logdata": "http://www.fuannainc.top//WS/MobileInterface.ashx?action=GetMobileRollNotice"
    },
    {
        "logtime": "2019/07/02 11:46:56",
        "logdata": ""
    },
    {
        "logtime": "2019/07/02 11:46:58",
        "logdata": "url"
    },
    {
        "logtime": "2019/07/02 11:46:58",
        "logdata": "http://apis.juhe.cn/ip/ip2addr?ip=58.23.48.188&key=74bb0395667b8d0588df9ebd6fc36a12"
    },
    {
        "logtime": "2019/07/02 11:46:58",
        "logdata": ""
    },
    {
        "logtime": "2019/07/02 11:46:58",
        "logdata": {
            "_ServerResVersion": 10,
            "_Active": true,
            "_KindVersion": "101122049",
            "_KindType": 1,
            "_Module": "xiuxian/shuiguolaba/",
            "_KindID": "406",
            "_Type": "xiuxian",
            "_KindName": "xiuxian.shuiguolaba.",
            "nEnterRoomIndex": 1,
            "_SortId": 0
        }
    },
    {
        "logtime": "2019/07/02 11:46:58",
        "logdata": "modulestr"
    },
    {
        "logtime": "2019/07/02 11:46:58",
        "logdata": "xiuxian/shuiguolaba/"
    }
]