[
    {
        "logtime": "2019/05/16 11:10:43",
        "logdata": "LogonScene.onceExcute"
    },
    {
        "logtime": "2019/05/16 11:10:43",
        "logdata": "http://www.fuannainc.top/"
    },
    {
        "logtime": "2019/05/16 11:10:43",
        "logdata": "url"
    },
    {
        "logtime": "2019/05/16 11:10:43",
        "logdata": "http://www.fuannainc.top//ws/MobileInterface.ashx?action=GetMobileLoginNotice"
    },
    {
        "logtime": "2019/05/16 11:10:43",
        "logdata": ""
    },
    {
        "logtime": "2019/05/16 11:10:45",
        "logdata": "url"
    },
    {
        "logtime": "2019/05/16 11:10:45",
        "logdata": "http://apis.juhe.cn/ip/ip2addr?ip=183.53.107.65&key=74bb0395667b8d0588df9ebd6fc36a12"
    },
    {
        "logtime": "2019/05/16 11:10:45",
        "logdata": ""
    },
    {
        "logtime": "2019/05/16 11:10:45",
        "logdata": "onLogonCallBack"
    },
    {
        "logtime": "2019/05/16 11:10:45",
        "logdata": "http://www.fuannainc.top/"
    },
    {
        "logtime": "2019/05/16 11:10:45",
        "logdata": "url"
    },
    {
        "logtime": "2019/05/16 11:10:45",
        "logdata": "http://www.fuannainc.top//WS/MobileInterface.ashx"
    },
    {
        "logtime": "2019/05/16 11:10:45",
        "logdata": "action=GetMobileShareConfig&userid=119905&time=1557976245&signature=03B4996449203C20D38115F1B449CD23"
    },
    {
        "logtime": "2019/05/16 11:10:48",
        "logdata": "url"
    },
    {
        "logtime": "2019/05/16 11:10:48",
        "logdata": "http://www.fuannainc.top//WS/MobileInterface.ashx?action=GetMobileRollNotice"
    },
    {
        "logtime": "2019/05/16 11:10:48",
        "logdata": ""
    }
]