[
    {
        "logtime": "2019/07/24 14:13:32",
        "logdata": "LogonScene.onceExcute"
    },
    {
        "logtime": "2019/07/24 14:13:32",
        "logdata": "http://www.fuannabbs.top/"
    },
    {
        "logtime": "2019/07/24 14:13:32",
        "logdata": "url"
    },
    {
        "logtime": "2019/07/24 14:13:32",
        "logdata": "http://www.fuannabbs.top//ws/MobileInterface.ashx?action=GetMobileLoginNotice"
    },
    {
        "logtime": "2019/07/24 14:13:32",
        "logdata": ""
    },
    {
        "logtime": "2019/07/24 14:13:34",
        "logdata": "onLogonCallBack"
    },
    {
        "logtime": "2019/07/24 14:13:34",
        "logdata": "http://www.fuannabbs.top/"
    },
    {
        "logtime": "2019/07/24 14:13:34",
        "logdata": "url"
    },
    {
        "logtime": "2019/07/24 14:13:34",
        "logdata": "http://www.fuannabbs.top//WS/MobileInterface.ashx"
    },
    {
        "logtime": "2019/07/24 14:13:34",
        "logdata": "action=GetMobileShareConfig&userid=119938&time=1563948814&signature=D246F612C87A010548893F8B628BAB59"
    },
    {
        "logtime": "2019/07/24 14:13:36",
        "logdata": "url"
    },
    {
        "logtime": "2019/07/24 14:13:36",
        "logdata": "http://www.fuannabbs.top//WS/MobileInterface.ashx?action=GetMobileRollNotice"
    },
    {
        "logtime": "2019/07/24 14:13:36",
        "logdata": ""
    },
    {
        "logtime": "2019/07/24 14:13:52",
        "logdata": "[string \".\\client/src/plaza/views/ClientScene.lua\"]:1189: attempt to index local 'radioGroupLayout' (a nil value)\nstack traceback:\n\t[string \".\\client/src/plaza/views/ClientScene.lua\"]:1170: in function 'onEnterTransitionFinish'\n\t[string \".\\client/src/controller/command/LoadViewComma...\"]:235: in function <[string \".\\client/src/controller/command/LoadViewComma...\"]:229>"
    }
]