[
    {
        "logtime": "2019/05/17 13:43:55",
        "logdata": "LogonScene.onceExcute"
    },
    {
        "logtime": "2019/05/17 13:43:55",
        "logdata": "http://www.fuannainc.top/"
    },
    {
        "logtime": "2019/05/17 13:43:55",
        "logdata": "url"
    },
    {
        "logtime": "2019/05/17 13:43:55",
        "logdata": "http://www.fuannainc.top//ws/MobileInterface.ashx?action=GetMobileLoginNotice"
    },
    {
        "logtime": "2019/05/17 13:43:55",
        "logdata": ""
    },
    {
        "logtime": "2019/05/17 13:43:57",
        "logdata": "url"
    },
    {
        "logtime": "2019/05/17 13:43:57",
        "logdata": "http://apis.juhe.cn/ip/ip2addr?ip=113.77.83.165&key=74bb0395667b8d0588df9ebd6fc36a12"
    },
    {
        "logtime": "2019/05/17 13:43:57",
        "logdata": ""
    },
    {
        "logtime": "2019/05/17 13:43:57",
        "logdata": "onLogonCallBack"
    },
    {
        "logtime": "2019/05/17 13:43:57",
        "logdata": "http://www.fuannainc.top/"
    },
    {
        "logtime": "2019/05/17 13:43:57",
        "logdata": "url"
    },
    {
        "logtime": "2019/05/17 13:43:57",
        "logdata": "http://www.fuannainc.top//WS/MobileInterface.ashx"
    },
    {
        "logtime": "2019/05/17 13:43:57",
        "logdata": "action=GetMobileShareConfig&userid=119934&time=1558071837&signature=BB8405675979FB765A5F7E08E6B36F6A"
    }
]