[
    {
        "logtime": "2019/07/05 16:56:01",
        "logdata": "LogonScene.onceExcute"
    },
    {
        "logtime": "2019/07/05 16:56:01",
        "logdata": "http://www.fuannainc.top/"
    },
    {
        "logtime": "2019/07/05 16:56:01",
        "logdata": "url"
    },
    {
        "logtime": "2019/07/05 16:56:01",
        "logdata": "http://www.fuannainc.top//ws/MobileInterface.ashx?action=GetMobileLoginNotice"
    },
    {
        "logtime": "2019/07/05 16:56:01",
        "logdata": ""
    },
    {
        "logtime": "2019/07/05 16:56:02",
        "logdata": "url"
    },
    {
        "logtime": "2019/07/05 16:56:02",
        "logdata": "http://apis.juhe.cn/ip/ip2addr?ip=58.23.49.18&key=74bb0395667b8d0588df9ebd6fc36a12"
    },
    {
        "logtime": "2019/07/05 16:56:02",
        "logdata": ""
    },
    {
        "logtime": "2019/07/05 16:56:02",
        "logdata": "onLogonCallBack"
    },
    {
        "logtime": "2019/07/05 16:56:02",
        "logdata": "http://www.fuannainc.top/"
    },
    {
        "logtime": "2019/07/05 16:56:02",
        "logdata": "url"
    },
    {
        "logtime": "2019/07/05 16:56:02",
        "logdata": "http://www.fuannainc.top//WS/MobileInterface.ashx"
    },
    {
        "logtime": "2019/07/05 16:56:02",
        "logdata": "action=GetMobileShareConfig&userid=120187&time=1562316962&signature=B529949E8EDE0823520725B509175222"
    },
    {
        "logtime": "2019/07/05 16:56:04",
        "logdata": "url"
    },
    {
        "logtime": "2019/07/05 16:56:04",
        "logdata": "http://www.fuannainc.top//WS/MobileInterface.ashx?action=GetMobileRollNotice"
    },
    {
        "logtime": "2019/07/05 16:56:04",
        "logdata": ""
    },
    {
        "logtime": "2019/07/05 16:56:28",
        "logdata": "LogonScene.onceExcute"
    },
    {
        "logtime": "2019/07/05 16:56:28",
        "logdata": "http://www.fuannainc.top/"
    },
    {
        "logtime": "2019/07/05 16:56:28",
        "logdata": "url"
    },
    {
        "logtime": "2019/07/05 16:56:28",
        "logdata": "http://www.fuannainc.top//ws/MobileInterface.ashx?action=GetMobileLoginNotice"
    },
    {
        "logtime": "2019/07/05 16:56:28",
        "logdata": ""
    },
    {
        "logtime": "2019/07/05 16:56:30",
        "logdata": "url"
    },
    {
        "logtime": "2019/07/05 16:56:30",
        "logdata": "http://apis.juhe.cn/ip/ip2addr?ip=58.23.49.18&key=74bb0395667b8d0588df9ebd6fc36a12"
    },
    {
        "logtime": "2019/07/05 16:56:30",
        "logdata": ""
    },
    {
        "logtime": "2019/07/05 16:56:30",
        "logdata": "onLogonCallBack"
    },
    {
        "logtime": "2019/07/05 16:56:30",
        "logdata": "http://www.fuannainc.top/"
    },
    {
        "logtime": "2019/07/05 16:56:30",
        "logdata": "url"
    },
    {
        "logtime": "2019/07/05 16:56:30",
        "logdata": "http://www.fuannainc.top//WS/MobileInterface.ashx"
    },
    {
        "logtime": "2019/07/05 16:56:30",
        "logdata": "action=GetMobileShareConfig&userid=120187&time=1562316990&signature=35D3F38055E48754665F9ECE7F80EDCC"
    },
    {
        "logtime": "2019/07/05 16:56:32",
        "logdata": "url"
    },
    {
        "logtime": "2019/07/05 16:56:32",
        "logdata": "http://www.fuannainc.top//WS/MobileInterface.ashx?action=GetMobileRollNotice"
    },
    {
        "logtime": "2019/07/05 16:56:32",
        "logdata": ""
    }
]