[
    {
        "logtime": "2019/07/02 18:24:01",
        "logdata": "url"
    },
    {
        "logtime": "2019/07/02 18:24:01",
        "logdata": "http://apis.juhe.cn/ip/ip2addr?ip=58.23.48.188&key=74bb0395667b8d0588df9ebd6fc36a12"
    },
    {
        "logtime": "2019/07/02 18:24:01",
        "logdata": ""
    },
    {
        "logtime": "2019/07/02 18:24:01",
        "logdata": "url"
    },
    {
        "logtime": "2019/07/02 18:24:01",
        "logdata": "http://apis.juhe.cn/ip/ip2addr?ip=58.23.48.188&key=74bb0395667b8d0588df9ebd6fc36a12"
    },
    {
        "logtime": "2019/07/02 18:24:01",
        "logdata": ""
    },
    {
        "logtime": "2019/07/02 18:24:01",
        "logdata": "url"
    },
    {
        "logtime": "2019/07/02 18:24:01",
        "logdata": "http://apis.juhe.cn/ip/ip2addr?ip=58.23.48.188&key=74bb0395667b8d0588df9ebd6fc36a12"
    },
    {
        "logtime": "2019/07/02 18:24:01",
        "logdata": ""
    },
    {
        "logtime": "2019/07/02 18:24:01",
        "logdata": "url"
    },
    {
        "logtime": "2019/07/02 18:24:01",
        "logdata": "http://apis.juhe.cn/ip/ip2addr?ip=58.23.48.188&key=74bb0395667b8d0588df9ebd6fc36a12"
    },
    {
        "logtime": "2019/07/02 18:24:01",
        "logdata": ""
    },
    {
        "logtime": "2019/07/02 18:24:01",
        "logdata": {
            "_ServerResVersion": 10,
            "_Active": true,
            "_KindVersion": "101122049",
            "_KindType": 1,
            "_Module": "xiuxian/shuiguolaba/",
            "_KindID": "406",
            "_Type": "xiuxian",
            "_KindName": "xiuxian.shuiguolaba.",
            "nEnterRoomIndex": 1,
            "_SortId": 0
        }
    },
    {
        "logtime": "2019/07/02 18:24:01",
        "logdata": "modulestr"
    },
    {
        "logtime": "2019/07/02 18:24:01",
        "logdata": "xiuxian/shuiguolaba/"
    },
    {
        "logtime": "2019/07/02 18:24:37",
        "logdata": "LogonScene.onceExcute"
    },
    {
        "logtime": "2019/07/02 18:24:37",
        "logdata": "http://www.fuannainc.top/"
    },
    {
        "logtime": "2019/07/02 18:24:37",
        "logdata": "url"
    },
    {
        "logtime": "2019/07/02 18:24:37",
        "logdata": "http://www.fuannainc.top//ws/MobileInterface.ashx?action=GetMobileLoginNotice"
    },
    {
        "logtime": "2019/07/02 18:24:37",
        "logdata": ""
    },
    {
        "logtime": "2019/07/02 18:24:39",
        "logdata": "url"
    },
    {
        "logtime": "2019/07/02 18:24:39",
        "logdata": "http://apis.juhe.cn/ip/ip2addr?ip=58.23.48.188&key=74bb0395667b8d0588df9ebd6fc36a12"
    },
    {
        "logtime": "2019/07/02 18:24:39",
        "logdata": ""
    },
    {
        "logtime": "2019/07/02 18:24:39",
        "logdata": "onLogonCallBack"
    },
    {
        "logtime": "2019/07/02 18:24:39",
        "logdata": "http://www.fuannainc.top/"
    },
    {
        "logtime": "2019/07/02 18:24:39",
        "logdata": "url"
    },
    {
        "logtime": "2019/07/02 18:24:39",
        "logdata": "http://www.fuannainc.top//WS/MobileInterface.ashx"
    },
    {
        "logtime": "2019/07/02 18:24:39",
        "logdata": "action=GetMobileShareConfig&userid=120187&time=1562063079&signature=B998D5189FEC028EDB62B0906B485D4B"
    },
    {
        "logtime": "2019/07/02 18:24:41",
        "logdata": "url"
    },
    {
        "logtime": "2019/07/02 18:24:41",
        "logdata": "http://www.fuannainc.top//WS/MobileInterface.ashx?action=GetMobileRollNotice"
    },
    {
        "logtime": "2019/07/02 18:24:41",
        "logdata": ""
    },
    {
        "logtime": "2019/07/02 18:24:43",
        "logdata": "url"
    },
    {
        "logtime": "2019/07/02 18:24:43",
        "logdata": "http://apis.juhe.cn/ip/ip2addr?ip=58.23.48.188&key=74bb0395667b8d0588df9ebd6fc36a12"
    },
    {
        "logtime": "2019/07/02 18:24:43",
        "logdata": ""
    },
    {
        "logtime": "2019/07/02 18:24:43",
        "logdata": "url"
    },
    {
        "logtime": "2019/07/02 18:24:43",
        "logdata": "http://apis.juhe.cn/ip/ip2addr?ip=58.23.48.188&key=74bb0395667b8d0588df9ebd6fc36a12"
    },
    {
        "logtime": "2019/07/02 18:24:43",
        "logdata": ""
    },
    {
        "logtime": "2019/07/02 18:24:43",
        "logdata": "url"
    },
    {
        "logtime": "2019/07/02 18:24:43",
        "logdata": "http://apis.juhe.cn/ip/ip2addr?ip=58.23.48.188&key=74bb0395667b8d0588df9ebd6fc36a12"
    },
    {
        "logtime": "2019/07/02 18:24:43",
        "logdata": ""
    },
    {
        "logtime": "2019/07/02 18:24:43",
        "logdata": "url"
    },
    {
        "logtime": "2019/07/02 18:24:43",
        "logdata": "http://apis.juhe.cn/ip/ip2addr?ip=58.23.48.188&key=74bb0395667b8d0588df9ebd6fc36a12"
    },
    {
        "logtime": "2019/07/02 18:24:43",
        "logdata": ""
    },
    {
        "logtime": "2019/07/02 18:24:43",
        "logdata": {
            "_ServerResVersion": 10,
            "_Active": true,
            "_KindVersion": "101122049",
            "_KindType": 1,
            "_Module": "xiuxian/shuiguolaba/",
            "_KindID": "406",
            "_Type": "xiuxian",
            "_KindName": "xiuxian.shuiguolaba.",
            "nEnterRoomIndex": 1,
            "_SortId": 0
        }
    },
    {
        "logtime": "2019/07/02 18:24:43",
        "logdata": "modulestr"
    },
    {
        "logtime": "2019/07/02 18:24:43",
        "logdata": "xiuxian/shuiguolaba/"
    },
    {
        "logtime": "2019/07/02 18:24:51",
        "logdata": "LogonScene.onceExcute"
    },
    {
        "logtime": "2019/07/02 18:24:51",
        "logdata": "http://www.fuannainc.top/"
    },
    {
        "logtime": "2019/07/02 18:24:51",
        "logdata": "url"
    },
    {
        "logtime": "2019/07/02 18:24:51",
        "logdata": "http://www.fuannainc.top//ws/MobileInterface.ashx?action=GetMobileLoginNotice"
    },
    {
        "logtime": "2019/07/02 18:24:51",
        "logdata": ""
    },
    {
        "logtime": "2019/07/02 18:24:54",
        "logdata": "url"
    },
    {
        "logtime": "2019/07/02 18:24:54",
        "logdata": "http://apis.juhe.cn/ip/ip2addr?ip=58.23.48.188&key=74bb0395667b8d0588df9ebd6fc36a12"
    },
    {
        "logtime": "2019/07/02 18:24:54",
        "logdata": ""
    },
    {
        "logtime": "2019/07/02 18:24:54",
        "logdata": "onLogonCallBack"
    },
    {
        "logtime": "2019/07/02 18:24:54",
        "logdata": "http://www.fuannainc.top/"
    },
    {
        "logtime": "2019/07/02 18:24:54",
        "logdata": "url"
    },
    {
        "logtime": "2019/07/02 18:24:54",
        "logdata": "http://www.fuannainc.top//WS/MobileInterface.ashx"
    },
    {
        "logtime": "2019/07/02 18:24:54",
        "logdata": "action=GetMobileShareConfig&userid=120187&time=1562063094&signature=A94B87B0BC372564F691EB6FEF9416B5"
    },
    {
        "logtime": "2019/07/02 18:24:56",
        "logdata": "url"
    },
    {
        "logtime": "2019/07/02 18:24:56",
        "logdata": "http://www.fuannainc.top//WS/MobileInterface.ashx?action=GetMobileRollNotice"
    },
    {
        "logtime": "2019/07/02 18:24:56",
        "logdata": ""
    },
    {
        "logtime": "2019/07/02 18:24:57",
        "logdata": "url"
    },
    {
        "logtime": "2019/07/02 18:24:57",
        "logdata": "http://apis.juhe.cn/ip/ip2addr?ip=58.23.48.188&key=74bb0395667b8d0588df9ebd6fc36a12"
    },
    {
        "logtime": "2019/07/02 18:24:57",
        "logdata": ""
    },
    {
        "logtime": "2019/07/02 18:24:57",
        "logdata": "url"
    },
    {
        "logtime": "2019/07/02 18:24:57",
        "logdata": "http://apis.juhe.cn/ip/ip2addr?ip=58.23.48.188&key=74bb0395667b8d0588df9ebd6fc36a12"
    },
    {
        "logtime": "2019/07/02 18:24:57",
        "logdata": ""
    },
    {
        "logtime": "2019/07/02 18:24:57",
        "logdata": "url"
    },
    {
        "logtime": "2019/07/02 18:24:57",
        "logdata": "http://apis.juhe.cn/ip/ip2addr?ip=58.23.48.188&key=74bb0395667b8d0588df9ebd6fc36a12"
    },
    {
        "logtime": "2019/07/02 18:24:57",
        "logdata": ""
    },
    {
        "logtime": "2019/07/02 18:24:57",
        "logdata": "url"
    },
    {
        "logtime": "2019/07/02 18:24:57",
        "logdata": "http://apis.juhe.cn/ip/ip2addr?ip=58.23.48.188&key=74bb0395667b8d0588df9ebd6fc36a12"
    },
    {
        "logtime": "2019/07/02 18:24:57",
        "logdata": ""
    },
    {
        "logtime": "2019/07/02 18:24:57",
        "logdata": {
            "_ServerResVersion": 10,
            "_Active": true,
            "_KindVersion": "101122049",
            "_KindType": 1,
            "_Module": "xiuxian/shuiguolaba/",
            "_KindID": "406",
            "_Type": "xiuxian",
            "_KindName": "xiuxian.shuiguolaba.",
            "nEnterRoomIndex": 1,
            "_SortId": 0
        }
    },
    {
        "logtime": "2019/07/02 18:24:57",
        "logdata": "modulestr"
    },
    {
        "logtime": "2019/07/02 18:24:57",
        "logdata": "xiuxian/shuiguolaba/"
    }
]