[
    {
        "logtime": "2019/07/20 15:15:00",
        "logdata": "[string \".\\client/src/plaza/mediator/ExchangeMediator.lua\"]:199: attempt to call method 'emit' (a nil value)\nstack traceback:\n\t[string \".\\app/models/AppDF.lua\"]:444: in function <[string \".\\app/models/AppDF.lua\"]:441>"
    },
    {
        "logtime": "2019/07/20 15:15:01",
        "logdata": "[string \".\\client/src/plaza/mediator/ExchangeMediator.lua\"]:199: attempt to call method 'emit' (a nil value)\nstack traceback:\n\t[string \".\\app/models/AppDF.lua\"]:444: in function <[string \".\\app/models/AppDF.lua\"]:441>"
    },
    {
        "logtime": "2019/07/20 15:15:02",
        "logdata": "[string \".\\client/src/plaza/mediator/ExchangeMediator.lua\"]:199: attempt to call method 'emit' (a nil value)\nstack traceback:\n\t[string \".\\app/models/AppDF.lua\"]:444: in function <[string \".\\app/models/AppDF.lua\"]:441>"
    },
    {
        "logtime": "2019/07/20 15:15:03",
        "logdata": "[string \".\\client/src/plaza/mediator/ExchangeMediator.lua\"]:199: attempt to call method 'emit' (a nil value)\nstack traceback:\n\t[string \".\\app/models/AppDF.lua\"]:444: in function <[string \".\\app/models/AppDF.lua\"]:441>"
    },
    {
        "logtime": "2019/07/20 15:15:04",
        "logdata": "[string \".\\client/src/plaza/mediator/ExchangeMediator.lua\"]:199: attempt to call method 'emit' (a nil value)\nstack traceback:\n\t[string \".\\app/models/AppDF.lua\"]:444: in function <[string \".\\app/models/AppDF.lua\"]:441>"
    },
    {
        "logtime": "2019/07/20 15:15:05",
        "logdata": "[string \".\\client/src/plaza/mediator/ExchangeMediator.lua\"]:199: attempt to call method 'emit' (a nil value)\nstack traceback:\n\t[string \".\\app/models/AppDF.lua\"]:444: in function <[string \".\\app/models/AppDF.lua\"]:441>"
    },
    {
        "logtime": "2019/07/20 15:15:06",
        "logdata": "[string \".\\client/src/plaza/mediator/ExchangeMediator.lua\"]:199: attempt to call method 'emit' (a nil value)\nstack traceback:\n\t[string \".\\app/models/AppDF.lua\"]:444: in function <[string \".\\app/models/AppDF.lua\"]:441>"
    },
    {
        "logtime": "2019/07/20 15:15:07",
        "logdata": "[string \".\\client/src/plaza/mediator/ExchangeMediator.lua\"]:199: attempt to call method 'emit' (a nil value)\nstack traceback:\n\t[string \".\\app/models/AppDF.lua\"]:444: in function <[string \".\\app/models/AppDF.lua\"]:441>"
    },
    {
        "logtime": "2019/07/20 15:15:08",
        "logdata": "[string \".\\client/src/plaza/mediator/ExchangeMediator.lua\"]:199: attempt to call method 'emit' (a nil value)\nstack traceback:\n\t[string \".\\app/models/AppDF.lua\"]:444: in function <[string \".\\app/models/AppDF.lua\"]:441>"
    },
    {
        "logtime": "2019/07/20 15:15:09",
        "logdata": "[string \".\\client/src/plaza/mediator/ExchangeMediator.lua\"]:199: attempt to call method 'emit' (a nil value)\nstack traceback:\n\t[string \".\\app/models/AppDF.lua\"]:444: in function <[string \".\\app/models/AppDF.lua\"]:441>"
    },
    {
        "logtime": "2019/07/20 15:15:10",
        "logdata": "[string \".\\client/src/plaza/mediator/ExchangeMediator.lua\"]:199: attempt to call method 'emit' (a nil value)\nstack traceback:\n\t[string \".\\app/models/AppDF.lua\"]:444: in function <[string \".\\app/models/AppDF.lua\"]:441>"
    },
    {
        "logtime": "2019/07/20 15:15:11",
        "logdata": "[string \".\\client/src/plaza/mediator/ExchangeMediator.lua\"]:199: attempt to call method 'emit' (a nil value)\nstack traceback:\n\t[string \".\\app/models/AppDF.lua\"]:444: in function <[string \".\\app/models/AppDF.lua\"]:441>"
    },
    {
        "logtime": "2019/07/20 15:15:12",
        "logdata": "[string \".\\client/src/plaza/mediator/ExchangeMediator.lua\"]:199: attempt to call method 'emit' (a nil value)\nstack traceback:\n\t[string \".\\app/models/AppDF.lua\"]:444: in function <[string \".\\app/models/AppDF.lua\"]:441>"
    },
    {
        "logtime": "2019/07/20 15:15:13",
        "logdata": "[string \".\\client/src/plaza/mediator/ExchangeMediator.lua\"]:199: attempt to call method 'emit' (a nil value)\nstack traceback:\n\t[string \".\\app/models/AppDF.lua\"]:444: in function <[string \".\\app/models/AppDF.lua\"]:441>"
    },
    {
        "logtime": "2019/07/20 15:15:14",
        "logdata": "[string \".\\client/src/plaza/mediator/ExchangeMediator.lua\"]:199: attempt to call method 'emit' (a nil value)\nstack traceback:\n\t[string \".\\app/models/AppDF.lua\"]:444: in function <[string \".\\app/models/AppDF.lua\"]:441>"
    },
    {
        "logtime": "2019/07/20 15:15:15",
        "logdata": "[string \".\\client/src/plaza/mediator/ExchangeMediator.lua\"]:199: attempt to call method 'emit' (a nil value)\nstack traceback:\n\t[string \".\\app/models/AppDF.lua\"]:444: in function <[string \".\\app/models/AppDF.lua\"]:441>"
    },
    {
        "logtime": "2019/07/20 15:15:16",
        "logdata": "[string \".\\client/src/plaza/mediator/ExchangeMediator.lua\"]:199: attempt to call method 'emit' (a nil value)\nstack traceback:\n\t[string \".\\app/models/AppDF.lua\"]:444: in function <[string \".\\app/models/AppDF.lua\"]:441>"
    },
    {
        "logtime": "2019/07/20 15:15:17",
        "logdata": "[string \".\\client/src/plaza/mediator/ExchangeMediator.lua\"]:199: attempt to call method 'emit' (a nil value)\nstack traceback:\n\t[string \".\\app/models/AppDF.lua\"]:444: in function <[string \".\\app/models/AppDF.lua\"]:441>"
    },
    {
        "logtime": "2019/07/20 15:15:18",
        "logdata": "[string \".\\client/src/plaza/mediator/ExchangeMediator.lua\"]:199: attempt to call method 'emit' (a nil value)\nstack traceback:\n\t[string \".\\app/models/AppDF.lua\"]:444: in function <[string \".\\app/models/AppDF.lua\"]:441>"
    },
    {
        "logtime": "2019/07/20 15:15:19",
        "logdata": "[string \".\\client/src/plaza/mediator/ExchangeMediator.lua\"]:199: attempt to call method 'emit' (a nil value)\nstack traceback:\n\t[string \".\\app/models/AppDF.lua\"]:444: in function <[string \".\\app/models/AppDF.lua\"]:441>"
    },
    {
        "logtime": "2019/07/20 15:15:20",
        "logdata": "[string \".\\client/src/plaza/mediator/ExchangeMediator.lua\"]:199: attempt to call method 'emit' (a nil value)\nstack traceback:\n\t[string \".\\app/models/AppDF.lua\"]:444: in function <[string \".\\app/models/AppDF.lua\"]:441>"
    },
    {
        "logtime": "2019/07/20 15:15:21",
        "logdata": "[string \".\\client/src/plaza/mediator/ExchangeMediator.lua\"]:199: attempt to call method 'emit' (a nil value)\nstack traceback:\n\t[string \".\\app/models/AppDF.lua\"]:444: in function <[string \".\\app/models/AppDF.lua\"]:441>"
    },
    {
        "logtime": "2019/07/20 15:15:22",
        "logdata": "[string \".\\client/src/plaza/mediator/ExchangeMediator.lua\"]:199: attempt to call method 'emit' (a nil value)\nstack traceback:\n\t[string \".\\app/models/AppDF.lua\"]:444: in function <[string \".\\app/models/AppDF.lua\"]:441>"
    },
    {
        "logtime": "2019/07/20 15:15:23",
        "logdata": "[string \".\\client/src/plaza/mediator/ExchangeMediator.lua\"]:199: attempt to call method 'emit' (a nil value)\nstack traceback:\n\t[string \".\\app/models/AppDF.lua\"]:444: in function <[string \".\\app/models/AppDF.lua\"]:441>"
    },
    {
        "logtime": "2019/07/20 15:15:24",
        "logdata": "[string \".\\client/src/plaza/mediator/ExchangeMediator.lua\"]:199: attempt to call method 'emit' (a nil value)\nstack traceback:\n\t[string \".\\app/models/AppDF.lua\"]:444: in function <[string \".\\app/models/AppDF.lua\"]:441>"
    },
    {
        "logtime": "2019/07/20 15:15:25",
        "logdata": "[string \".\\client/src/plaza/mediator/ExchangeMediator.lua\"]:199: attempt to call method 'emit' (a nil value)\nstack traceback:\n\t[string \".\\app/models/AppDF.lua\"]:444: in function <[string \".\\app/models/AppDF.lua\"]:441>"
    },
    {
        "logtime": "2019/07/20 15:15:26",
        "logdata": "[string \".\\client/src/plaza/mediator/ExchangeMediator.lua\"]:199: attempt to call method 'emit' (a nil value)\nstack traceback:\n\t[string \".\\app/models/AppDF.lua\"]:444: in function <[string \".\\app/models/AppDF.lua\"]:441>"
    },
    {
        "logtime": "2019/07/20 15:15:27",
        "logdata": "[string \".\\client/src/plaza/mediator/ExchangeMediator.lua\"]:199: attempt to call method 'emit' (a nil value)\nstack traceback:\n\t[string \".\\app/models/AppDF.lua\"]:444: in function <[string \".\\app/models/AppDF.lua\"]:441>"
    },
    {
        "logtime": "2019/07/20 15:15:28",
        "logdata": "[string \".\\client/src/plaza/mediator/ExchangeMediator.lua\"]:199: attempt to call method 'emit' (a nil value)\nstack traceback:\n\t[string \".\\app/models/AppDF.lua\"]:444: in function <[string \".\\app/models/AppDF.lua\"]:441>"
    },
    {
        "logtime": "2019/07/20 15:15:29",
        "logdata": "[string \".\\client/src/plaza/mediator/ExchangeMediator.lua\"]:199: attempt to call method 'emit' (a nil value)\nstack traceback:\n\t[string \".\\app/models/AppDF.lua\"]:444: in function <[string \".\\app/models/AppDF.lua\"]:441>"
    },
    {
        "logtime": "2019/07/20 15:15:30",
        "logdata": "[string \".\\client/src/plaza/mediator/ExchangeMediator.lua\"]:199: attempt to call method 'emit' (a nil value)\nstack traceback:\n\t[string \".\\app/models/AppDF.lua\"]:444: in function <[string \".\\app/models/AppDF.lua\"]:441>"
    },
    {
        "logtime": "2019/07/20 15:15:31",
        "logdata": "[string \".\\client/src/plaza/mediator/ExchangeMediator.lua\"]:199: attempt to call method 'emit' (a nil value)\nstack traceback:\n\t[string \".\\app/models/AppDF.lua\"]:444: in function <[string \".\\app/models/AppDF.lua\"]:441>"
    },
    {
        "logtime": "2019/07/20 15:15:32",
        "logdata": "[string \".\\client/src/plaza/mediator/ExchangeMediator.lua\"]:199: attempt to call method 'emit' (a nil value)\nstack traceback:\n\t[string \".\\app/models/AppDF.lua\"]:444: in function <[string \".\\app/models/AppDF.lua\"]:441>"
    },
    {
        "logtime": "2019/07/20 15:15:33",
        "logdata": "[string \".\\client/src/plaza/mediator/ExchangeMediator.lua\"]:199: attempt to call method 'emit' (a nil value)\nstack traceback:\n\t[string \".\\app/models/AppDF.lua\"]:444: in function <[string \".\\app/models/AppDF.lua\"]:441>"
    },
    {
        "logtime": "2019/07/20 15:15:34",
        "logdata": "[string \".\\client/src/plaza/mediator/ExchangeMediator.lua\"]:199: attempt to call method 'emit' (a nil value)\nstack traceback:\n\t[string \".\\app/models/AppDF.lua\"]:444: in function <[string \".\\app/models/AppDF.lua\"]:441>"
    },
    {
        "logtime": "2019/07/20 15:15:35",
        "logdata": "[string \".\\client/src/plaza/mediator/ExchangeMediator.lua\"]:199: attempt to call method 'emit' (a nil value)\nstack traceback:\n\t[string \".\\app/models/AppDF.lua\"]:444: in function <[string \".\\app/models/AppDF.lua\"]:441>"
    },
    {
        "logtime": "2019/07/20 15:15:36",
        "logdata": "[string \".\\client/src/plaza/mediator/ExchangeMediator.lua\"]:199: attempt to call method 'emit' (a nil value)\nstack traceback:\n\t[string \".\\app/models/AppDF.lua\"]:444: in function <[string \".\\app/models/AppDF.lua\"]:441>"
    },
    {
        "logtime": "2019/07/20 15:15:37",
        "logdata": "[string \".\\client/src/plaza/mediator/ExchangeMediator.lua\"]:199: attempt to call method 'emit' (a nil value)\nstack traceback:\n\t[string \".\\app/models/AppDF.lua\"]:444: in function <[string \".\\app/models/AppDF.lua\"]:441>"
    },
    {
        "logtime": "2019/07/20 15:15:38",
        "logdata": "[string \".\\client/src/plaza/mediator/ExchangeMediator.lua\"]:199: attempt to call method 'emit' (a nil value)\nstack traceback:\n\t[string \".\\app/models/AppDF.lua\"]:444: in function <[string \".\\app/models/AppDF.lua\"]:441>"
    },
    {
        "logtime": "2019/07/20 15:15:39",
        "logdata": "[string \".\\client/src/plaza/mediator/ExchangeMediator.lua\"]:199: attempt to call method 'emit' (a nil value)\nstack traceback:\n\t[string \".\\app/models/AppDF.lua\"]:444: in function <[string \".\\app/models/AppDF.lua\"]:441>"
    },
    {
        "logtime": "2019/07/20 15:15:40",
        "logdata": "[string \".\\client/src/plaza/mediator/ExchangeMediator.lua\"]:199: attempt to call method 'emit' (a nil value)\nstack traceback:\n\t[string \".\\app/models/AppDF.lua\"]:444: in function <[string \".\\app/models/AppDF.lua\"]:441>"
    },
    {
        "logtime": "2019/07/20 15:15:41",
        "logdata": "[string \".\\client/src/plaza/mediator/ExchangeMediator.lua\"]:199: attempt to call method 'emit' (a nil value)\nstack traceback:\n\t[string \".\\app/models/AppDF.lua\"]:444: in function <[string \".\\app/models/AppDF.lua\"]:441>"
    },
    {
        "logtime": "2019/07/20 15:15:42",
        "logdata": "[string \".\\client/src/plaza/mediator/ExchangeMediator.lua\"]:199: attempt to call method 'emit' (a nil value)\nstack traceback:\n\t[string \".\\app/models/AppDF.lua\"]:444: in function <[string \".\\app/models/AppDF.lua\"]:441>"
    },
    {
        "logtime": "2019/07/20 15:15:43",
        "logdata": "[string \".\\client/src/plaza/mediator/ExchangeMediator.lua\"]:199: attempt to call method 'emit' (a nil value)\nstack traceback:\n\t[string \".\\app/models/AppDF.lua\"]:444: in function <[string \".\\app/models/AppDF.lua\"]:441>"
    },
    {
        "logtime": "2019/07/20 15:15:44",
        "logdata": "[string \".\\client/src/plaza/mediator/ExchangeMediator.lua\"]:199: attempt to call method 'emit' (a nil value)\nstack traceback:\n\t[string \".\\app/models/AppDF.lua\"]:444: in function <[string \".\\app/models/AppDF.lua\"]:441>"
    },
    {
        "logtime": "2019/07/20 15:15:45",
        "logdata": "[string \".\\client/src/plaza/mediator/ExchangeMediator.lua\"]:199: attempt to call method 'emit' (a nil value)\nstack traceback:\n\t[string \".\\app/models/AppDF.lua\"]:444: in function <[string \".\\app/models/AppDF.lua\"]:441>"
    },
    {
        "logtime": "2019/07/20 15:15:46",
        "logdata": "[string \".\\client/src/plaza/mediator/ExchangeMediator.lua\"]:199: attempt to call method 'emit' (a nil value)\nstack traceback:\n\t[string \".\\app/models/AppDF.lua\"]:444: in function <[string \".\\app/models/AppDF.lua\"]:441>"
    },
    {
        "logtime": "2019/07/20 15:15:47",
        "logdata": "[string \".\\client/src/plaza/mediator/ExchangeMediator.lua\"]:199: attempt to call method 'emit' (a nil value)\nstack traceback:\n\t[string \".\\app/models/AppDF.lua\"]:444: in function <[string \".\\app/models/AppDF.lua\"]:441>"
    },
    {
        "logtime": "2019/07/20 15:15:48",
        "logdata": "[string \".\\client/src/plaza/mediator/ExchangeMediator.lua\"]:199: attempt to call method 'emit' (a nil value)\nstack traceback:\n\t[string \".\\app/models/AppDF.lua\"]:444: in function <[string \".\\app/models/AppDF.lua\"]:441>"
    },
    {
        "logtime": "2019/07/20 15:15:49",
        "logdata": "[string \".\\client/src/plaza/mediator/ExchangeMediator.lua\"]:199: attempt to call method 'emit' (a nil value)\nstack traceback:\n\t[string \".\\app/models/AppDF.lua\"]:444: in function <[string \".\\app/models/AppDF.lua\"]:441>"
    },
    {
        "logtime": "2019/07/20 15:15:50",
        "logdata": "[string \".\\client/src/plaza/mediator/ExchangeMediator.lua\"]:199: attempt to call method 'emit' (a nil value)\nstack traceback:\n\t[string \".\\app/models/AppDF.lua\"]:444: in function <[string \".\\app/models/AppDF.lua\"]:441>"
    },
    {
        "logtime": "2019/07/20 15:15:51",
        "logdata": "[string \".\\client/src/plaza/mediator/ExchangeMediator.lua\"]:199: attempt to call method 'emit' (a nil value)\nstack traceback:\n\t[string \".\\app/models/AppDF.lua\"]:444: in function <[string \".\\app/models/AppDF.lua\"]:441>"
    },
    {
        "logtime": "2019/07/20 15:15:52",
        "logdata": "[string \".\\client/src/plaza/mediator/ExchangeMediator.lua\"]:199: attempt to call method 'emit' (a nil value)\nstack traceback:\n\t[string \".\\app/models/AppDF.lua\"]:444: in function <[string \".\\app/models/AppDF.lua\"]:441>"
    },
    {
        "logtime": "2019/07/20 15:15:53",
        "logdata": "[string \".\\client/src/plaza/mediator/ExchangeMediator.lua\"]:199: attempt to call method 'emit' (a nil value)\nstack traceback:\n\t[string \".\\app/models/AppDF.lua\"]:444: in function <[string \".\\app/models/AppDF.lua\"]:441>"
    },
    {
        "logtime": "2019/07/20 15:15:54",
        "logdata": "[string \".\\client/src/plaza/mediator/ExchangeMediator.lua\"]:199: attempt to call method 'emit' (a nil value)\nstack traceback:\n\t[string \".\\app/models/AppDF.lua\"]:444: in function <[string \".\\app/models/AppDF.lua\"]:441>"
    },
    {
        "logtime": "2019/07/20 15:15:55",
        "logdata": "[string \".\\client/src/plaza/mediator/ExchangeMediator.lua\"]:199: attempt to call method 'emit' (a nil value)\nstack traceback:\n\t[string \".\\app/models/AppDF.lua\"]:444: in function <[string \".\\app/models/AppDF.lua\"]:441>"
    },
    {
        "logtime": "2019/07/20 15:15:56",
        "logdata": "[string \".\\client/src/plaza/mediator/ExchangeMediator.lua\"]:199: attempt to call method 'emit' (a nil value)\nstack traceback:\n\t[string \".\\app/models/AppDF.lua\"]:444: in function <[string \".\\app/models/AppDF.lua\"]:441>"
    },
    {
        "logtime": "2019/07/20 15:15:57",
        "logdata": "[string \".\\client/src/plaza/mediator/ExchangeMediator.lua\"]:199: attempt to call method 'emit' (a nil value)\nstack traceback:\n\t[string \".\\app/models/AppDF.lua\"]:444: in function <[string \".\\app/models/AppDF.lua\"]:441>"
    },
    {
        "logtime": "2019/07/20 15:15:58",
        "logdata": "[string \".\\client/src/plaza/mediator/ExchangeMediator.lua\"]:199: attempt to call method 'emit' (a nil value)\nstack traceback:\n\t[string \".\\app/models/AppDF.lua\"]:444: in function <[string \".\\app/models/AppDF.lua\"]:441>"
    },
    {
        "logtime": "2019/07/20 15:15:59",
        "logdata": "[string \".\\client/src/plaza/mediator/ExchangeMediator.lua\"]:199: attempt to call method 'emit' (a nil value)\nstack traceback:\n\t[string \".\\app/models/AppDF.lua\"]:444: in function <[string \".\\app/models/AppDF.lua\"]:441>"
    }
]