[
    {
        "logtime": "2019/07/03 15:11:33",
        "logdata": "url"
    },
    {
        "logtime": "2019/07/03 15:11:33",
        "logdata": "http://www.fuannainc.top//WS/MobileInterface.ashx"
    },
    {
        "logtime": "2019/07/03 15:11:33",
        "logdata": "action=GetScoreInfo&userid=120188&time=1562137893&signature=573C806E2BE1D1AA076B033A64540C3F"
    },
    {
        "logtime": "2019/07/03 15:11:42",
        "logdata": "LogonScene.onceExcute"
    },
    {
        "logtime": "2019/07/03 15:11:42",
        "logdata": "http://www.fuannainc.top/"
    },
    {
        "logtime": "2019/07/03 15:11:42",
        "logdata": "url"
    },
    {
        "logtime": "2019/07/03 15:11:42",
        "logdata": "http://www.fuannainc.top//ws/MobileInterface.ashx?action=GetMobileLoginNotice"
    },
    {
        "logtime": "2019/07/03 15:11:42",
        "logdata": ""
    },
    {
        "logtime": "2019/07/03 15:11:45",
        "logdata": "url"
    },
    {
        "logtime": "2019/07/03 15:11:45",
        "logdata": "http://apis.juhe.cn/ip/ip2addr?ip=58.23.49.18&key=74bb0395667b8d0588df9ebd6fc36a12"
    },
    {
        "logtime": "2019/07/03 15:11:45",
        "logdata": ""
    },
    {
        "logtime": "2019/07/03 15:11:45",
        "logdata": "onLogonCallBack"
    },
    {
        "logtime": "2019/07/03 15:11:45",
        "logdata": "http://www.fuannainc.top/"
    },
    {
        "logtime": "2019/07/03 15:11:45",
        "logdata": "url"
    },
    {
        "logtime": "2019/07/03 15:11:45",
        "logdata": "http://www.fuannainc.top//WS/MobileInterface.ashx"
    },
    {
        "logtime": "2019/07/03 15:11:45",
        "logdata": "action=GetMobileShareConfig&userid=120188&time=1562137905&signature=3A57E02E2332279CAA244231D091AE7F"
    },
    {
        "logtime": "2019/07/03 15:11:46",
        "logdata": "url"
    },
    {
        "logtime": "2019/07/03 15:11:46",
        "logdata": "http://www.fuannainc.top//WS/MobileInterface.ashx?action=GetMobileRollNotice"
    },
    {
        "logtime": "2019/07/03 15:11:46",
        "logdata": ""
    },
    {
        "logtime": "2019/07/03 15:11:50",
        "logdata": null
    },
    {
        "logtime": "2019/07/03 15:11:50",
        "logdata": "onEnterGame"
    },
    {
        "logtime": "2019/07/03 15:11:50",
        "logdata": {
            "_ServerResVersion": 10,
            "_Active": true,
            "_KindVersion": "101122049",
            "_KindType": 1,
            "_Module": "xiuxian/shuiguolaba/",
            "_KindID": "406",
            "_Type": "xiuxian",
            "_KindName": "xiuxian.shuiguolaba.",
            "_SortId": 0
        }
    },
    {
        "logtime": "2019/07/03 15:11:50",
        "logdata": "GlobalUserItem.getCurGameKind()"
    },
    {
        "logtime": "2019/07/03 15:11:50",
        "logdata": 406
    },
    {
        "logtime": "2019/07/03 15:11:51",
        "logdata": "url"
    },
    {
        "logtime": "2019/07/03 15:11:51",
        "logdata": "http://apis.juhe.cn/ip/ip2addr?ip=58.23.49.18&key=74bb0395667b8d0588df9ebd6fc36a12"
    },
    {
        "logtime": "2019/07/03 15:11:51",
        "logdata": ""
    },
    {
        "logtime": "2019/07/03 15:11:51",
        "logdata": "url"
    },
    {
        "logtime": "2019/07/03 15:11:51",
        "logdata": "http://apis.juhe.cn/ip/ip2addr?ip=58.23.48.188&key=74bb0395667b8d0588df9ebd6fc36a12"
    },
    {
        "logtime": "2019/07/03 15:11:51",
        "logdata": ""
    },
    {
        "logtime": "2019/07/03 15:11:51",
        "logdata": "url"
    },
    {
        "logtime": "2019/07/03 15:11:51",
        "logdata": "http://apis.juhe.cn/ip/ip2addr?ip=58.23.48.188&key=74bb0395667b8d0588df9ebd6fc36a12"
    },
    {
        "logtime": "2019/07/03 15:11:51",
        "logdata": ""
    },
    {
        "logtime": "2019/07/03 15:11:51",
        "logdata": "url"
    },
    {
        "logtime": "2019/07/03 15:11:51",
        "logdata": "http://apis.juhe.cn/ip/ip2addr?ip=58.23.48.188&key=74bb0395667b8d0588df9ebd6fc36a12"
    },
    {
        "logtime": "2019/07/03 15:11:51",
        "logdata": ""
    },
    {
        "logtime": "2019/07/03 15:11:51",
        "logdata": "url"
    },
    {
        "logtime": "2019/07/03 15:11:51",
        "logdata": "http://apis.juhe.cn/ip/ip2addr?ip=58.23.48.188&key=74bb0395667b8d0588df9ebd6fc36a12"
    },
    {
        "logtime": "2019/07/03 15:11:51",
        "logdata": ""
    },
    {
        "logtime": "2019/07/03 15:11:51",
        "logdata": {
            "_ServerResVersion": 10,
            "_Active": true,
            "_KindVersion": "101122049",
            "_KindType": 1,
            "_Module": "xiuxian/shuiguolaba/",
            "_KindID": "406",
            "_Type": "xiuxian",
            "nSitChair": 65535,
            "_KindName": "xiuxian.shuiguolaba.",
            "nEnterRoomIndex": 1,
            "nSitTable": 65535,
            "_SortId": 0
        }
    },
    {
        "logtime": "2019/07/03 15:11:51",
        "logdata": "modulestr"
    },
    {
        "logtime": "2019/07/03 15:11:51",
        "logdata": "xiuxian/shuiguolaba/"
    }
]