[
    {
        "logtime": "2019/07/01 20:04:27",
        "logdata": "url"
    },
    {
        "logtime": "2019/07/01 20:04:27",
        "logdata": "http://www.fuannainc.top//ws/MobileInterface.ashx"
    },
    {
        "logtime": "2019/07/01 20:04:27",
        "logdata": "action=getpaylist"
    },
    {
        "logtime": "2019/07/01 20:04:27",
        "logdata": "url"
    },
    {
        "logtime": "2019/07/01 20:04:27",
        "logdata": "http://www.fuannainc.top//WS/MobileInterface.ashx"
    },
    {
        "logtime": "2019/07/01 20:04:27",
        "logdata": "action=getagentpay"
    },
    {
        "logtime": "2019/07/01 20:04:40",
        "logdata": "url"
    },
    {
        "logtime": "2019/07/01 20:04:40",
        "logdata": "http://www.fuannainc.top//ws/MobileInterface.ashx"
    },
    {
        "logtime": "2019/07/01 20:04:40",
        "logdata": "action=getpaylist"
    },
    {
        "logtime": "2019/07/01 20:04:41",
        "logdata": "url"
    },
    {
        "logtime": "2019/07/01 20:04:41",
        "logdata": "http://www.fuannainc.top//WS/MobileInterface.ashx"
    },
    {
        "logtime": "2019/07/01 20:04:41",
        "logdata": "action=getagentpay"
    },
    {
        "logtime": "2019/07/01 20:04:43",
        "logdata": "url"
    },
    {
        "logtime": "2019/07/01 20:04:43",
        "logdata": "http://www.fuannainc.top//ws/MobileInterface.ashx"
    },
    {
        "logtime": "2019/07/01 20:04:43",
        "logdata": "action=getpaylist"
    },
    {
        "logtime": "2019/07/01 20:04:43",
        "logdata": "url"
    },
    {
        "logtime": "2019/07/01 20:04:43",
        "logdata": "http://www.fuannainc.top//WS/MobileInterface.ashx"
    },
    {
        "logtime": "2019/07/01 20:04:43",
        "logdata": "action=getagentpay"
    },
    {
        "logtime": "2019/07/01 20:04:47",
        "logdata": "url"
    },
    {
        "logtime": "2019/07/01 20:04:47",
        "logdata": "http://www.fuannainc.top//ws/MobileInterface.ashx"
    },
    {
        "logtime": "2019/07/01 20:04:47",
        "logdata": "action=getpaylist"
    },
    {
        "logtime": "2019/07/01 20:04:47",
        "logdata": "url"
    },
    {
        "logtime": "2019/07/01 20:04:47",
        "logdata": "http://www.fuannainc.top//WS/MobileInterface.ashx"
    },
    {
        "logtime": "2019/07/01 20:04:48",
        "logdata": "action=getagentpay"
    }
]