[
    {
        "logtime": "2019/05/24 16:56:13",
        "logdata": "LogonScene.onceExcute"
    },
    {
        "logtime": "2019/05/24 16:56:13",
        "logdata": "http://www.fuannainc.top/"
    },
    {
        "logtime": "2019/05/24 16:56:13",
        "logdata": "url"
    },
    {
        "logtime": "2019/05/24 16:56:13",
        "logdata": "http://www.fuannainc.top//ws/MobileInterface.ashx?action=GetMobileLoginNotice"
    },
    {
        "logtime": "2019/05/24 16:56:13",
        "logdata": ""
    },
    {
        "logtime": "2019/05/24 16:56:19",
        "logdata": "url"
    },
    {
        "logtime": "2019/05/24 16:56:19",
        "logdata": "http://apis.juhe.cn/ip/ip2addr?ip=113.77.82.100&key=74bb0395667b8d0588df9ebd6fc36a12"
    },
    {
        "logtime": "2019/05/24 16:56:19",
        "logdata": ""
    },
    {
        "logtime": "2019/05/24 16:56:19",
        "logdata": "onLogonCallBack"
    },
    {
        "logtime": "2019/05/24 16:56:19",
        "logdata": "http://www.fuannainc.top/"
    },
    {
        "logtime": "2019/05/24 16:56:19",
        "logdata": "url"
    },
    {
        "logtime": "2019/05/24 16:56:19",
        "logdata": "http://www.fuannainc.top//WS/MobileInterface.ashx"
    },
    {
        "logtime": "2019/05/24 16:56:19",
        "logdata": "action=GetMobileShareConfig&userid=119927&time=1558688179&signature=F47FB91B713AA0D0B23308D7D6B29F7E"
    },
    {
        "logtime": "2019/05/24 16:56:22",
        "logdata": "url"
    },
    {
        "logtime": "2019/05/24 16:56:22",
        "logdata": "http://www.fuannainc.top//WS/MobileInterface.ashx?action=GetMobileRollNotice"
    },
    {
        "logtime": "2019/05/24 16:56:22",
        "logdata": ""
    },
    {
        "logtime": "2019/05/24 16:56:49",
        "logdata": "LogonScene.onceExcute"
    },
    {
        "logtime": "2019/05/24 16:56:49",
        "logdata": "http://www.fuannainc.top/"
    },
    {
        "logtime": "2019/05/24 16:56:50",
        "logdata": "url"
    },
    {
        "logtime": "2019/05/24 16:56:50",
        "logdata": "http://www.fuannainc.top//ws/MobileInterface.ashx?action=GetMobileLoginNotice"
    },
    {
        "logtime": "2019/05/24 16:56:50",
        "logdata": ""
    },
    {
        "logtime": "2019/05/24 16:56:51",
        "logdata": "url"
    },
    {
        "logtime": "2019/05/24 16:56:51",
        "logdata": "http://apis.juhe.cn/ip/ip2addr?ip=113.77.82.100&key=74bb0395667b8d0588df9ebd6fc36a12"
    },
    {
        "logtime": "2019/05/24 16:56:51",
        "logdata": ""
    },
    {
        "logtime": "2019/05/24 16:56:51",
        "logdata": "onLogonCallBack"
    },
    {
        "logtime": "2019/05/24 16:56:51",
        "logdata": "http://www.fuannainc.top/"
    },
    {
        "logtime": "2019/05/24 16:56:51",
        "logdata": "url"
    },
    {
        "logtime": "2019/05/24 16:56:51",
        "logdata": "http://www.fuannainc.top//WS/MobileInterface.ashx"
    },
    {
        "logtime": "2019/05/24 16:56:51",
        "logdata": "action=GetMobileShareConfig&userid=119936&time=1558688211&signature=A24F224106C9B151B5035D1ABF6C62DC"
    },
    {
        "logtime": "2019/05/24 16:56:54",
        "logdata": "url"
    },
    {
        "logtime": "2019/05/24 16:56:54",
        "logdata": "http://www.fuannainc.top//WS/MobileInterface.ashx?action=GetMobileRollNotice"
    },
    {
        "logtime": "2019/05/24 16:56:54",
        "logdata": ""
    }
]