[
    {
        "logtime": "2019/05/16 16:13:16",
        "logdata": "LogonScene.onceExcute"
    },
    {
        "logtime": "2019/05/16 16:13:16",
        "logdata": "http://www.fuannabbs.top/"
    },
    {
        "logtime": "2019/05/16 16:13:16",
        "logdata": "url"
    },
    {
        "logtime": "2019/05/16 16:13:16",
        "logdata": "http://www.fuannabbs.top//ws/MobileInterface.ashx?action=GetMobileLoginNotice"
    },
    {
        "logtime": "2019/05/16 16:13:16",
        "logdata": ""
    },
    {
        "logtime": "2019/05/16 16:13:18",
        "logdata": "url"
    },
    {
        "logtime": "2019/05/16 16:13:18",
        "logdata": "http://apis.juhe.cn/ip/ip2addr?ip=183.53.107.65&key=74bb0395667b8d0588df9ebd6fc36a12"
    },
    {
        "logtime": "2019/05/16 16:13:18",
        "logdata": ""
    },
    {
        "logtime": "2019/05/16 16:13:18",
        "logdata": "onLogonCallBack"
    },
    {
        "logtime": "2019/05/16 16:13:18",
        "logdata": "http://www.fuannabbs.top/"
    },
    {
        "logtime": "2019/05/16 16:13:18",
        "logdata": "url"
    },
    {
        "logtime": "2019/05/16 16:13:18",
        "logdata": "http://www.fuannabbs.top//WS/MobileInterface.ashx"
    },
    {
        "logtime": "2019/05/16 16:13:18",
        "logdata": "action=GetMobileShareConfig&userid=119919&time=1557994398&signature=A91508CB840F3A382AF589834F05831A"
    },
    {
        "logtime": "2019/05/16 16:13:21",
        "logdata": "url"
    },
    {
        "logtime": "2019/05/16 16:13:21",
        "logdata": "http://www.fuannabbs.top//WS/MobileInterface.ashx?action=GetMobileRollNotice"
    },
    {
        "logtime": "2019/05/16 16:13:21",
        "logdata": ""
    }
]