[
    {
        "logtime": "2019/05/22 17:31:19",
        "logdata": "LogonScene.onceExcute"
    },
    {
        "logtime": "2019/05/22 17:31:19",
        "logdata": "http://www.fuannainc.top/"
    },
    {
        "logtime": "2019/05/22 17:31:19",
        "logdata": "url"
    },
    {
        "logtime": "2019/05/22 17:31:19",
        "logdata": "http://www.fuannainc.top//ws/MobileInterface.ashx?action=GetMobileLoginNotice"
    },
    {
        "logtime": "2019/05/22 17:31:20",
        "logdata": ""
    },
    {
        "logtime": "2019/05/22 17:31:22",
        "logdata": "url"
    },
    {
        "logtime": "2019/05/22 17:31:22",
        "logdata": "http://apis.juhe.cn/ip/ip2addr?ip=183.53.106.122&key=74bb0395667b8d0588df9ebd6fc36a12"
    },
    {
        "logtime": "2019/05/22 17:31:22",
        "logdata": ""
    },
    {
        "logtime": "2019/05/22 17:31:22",
        "logdata": "onLogonCallBack"
    },
    {
        "logtime": "2019/05/22 17:31:22",
        "logdata": "http://www.fuannainc.top/"
    },
    {
        "logtime": "2019/05/22 17:31:22",
        "logdata": "url"
    },
    {
        "logtime": "2019/05/22 17:31:22",
        "logdata": "http://www.fuannainc.top//WS/MobileInterface.ashx"
    },
    {
        "logtime": "2019/05/22 17:31:22",
        "logdata": "action=GetMobileShareConfig&userid=119934&time=1558517482&signature=18A6A6B61B9E6C5F77E650FCE4B1779A"
    },
    {
        "logtime": "2019/05/22 17:31:25",
        "logdata": "url"
    },
    {
        "logtime": "2019/05/22 17:31:25",
        "logdata": "http://www.fuannainc.top//WS/MobileInterface.ashx?action=GetMobileRollNotice"
    },
    {
        "logtime": "2019/05/22 17:31:25",
        "logdata": ""
    }
]