[
    {
        "logtime": "2019/06/18 18:13:32",
        "logdata": "LogonScene.onceExcute"
    },
    {
        "logtime": "2019/06/18 18:13:32",
        "logdata": "http://www.fuannainc.top/"
    },
    {
        "logtime": "2019/06/18 18:13:32",
        "logdata": "url"
    },
    {
        "logtime": "2019/06/18 18:13:32",
        "logdata": "http://www.fuannainc.top//ws/MobileInterface.ashx?action=GetMobileLoginNotice"
    },
    {
        "logtime": "2019/06/18 18:13:32",
        "logdata": ""
    },
    {
        "logtime": "2019/06/18 18:13:35",
        "logdata": "url"
    },
    {
        "logtime": "2019/06/18 18:13:35",
        "logdata": "http://apis.juhe.cn/ip/ip2addr?ip=36.249.132.170&key=74bb0395667b8d0588df9ebd6fc36a12"
    },
    {
        "logtime": "2019/06/18 18:13:35",
        "logdata": ""
    },
    {
        "logtime": "2019/06/18 18:13:35",
        "logdata": "onLogonCallBack"
    },
    {
        "logtime": "2019/06/18 18:13:35",
        "logdata": "http://www.fuannainc.top/"
    },
    {
        "logtime": "2019/06/18 18:13:35",
        "logdata": "url"
    },
    {
        "logtime": "2019/06/18 18:13:35",
        "logdata": "http://www.fuannainc.top//WS/MobileInterface.ashx"
    },
    {
        "logtime": "2019/06/18 18:13:35",
        "logdata": "action=GetMobileShareConfig&userid=119932&time=1560852815&signature=FDE0845A6DDB4433A81E6073BDB5E6E2"
    },
    {
        "logtime": "2019/06/18 18:13:37",
        "logdata": "url"
    },
    {
        "logtime": "2019/06/18 18:13:37",
        "logdata": "http://www.fuannainc.top//WS/MobileInterface.ashx?action=GetMobileRollNotice"
    },
    {
        "logtime": "2019/06/18 18:13:37",
        "logdata": ""
    }
]