[
    {
        "logtime": "2019/05/20 17:28:44",
        "logdata": [
            {
                "main": 6,
                "kindid": 109,
                "len": 70,
                "sub": 8
            },
            {
                "main": 6,
                "kindid": 109,
                "len": 8,
                "sub": 4
            }
        ]
    },
    {
        "logtime": "2019/05/20 17:28:44",
        "logdata": [
            {
                "main": 6,
                "kindid": 109,
                "len": 70,
                "sub": 8
            },
            {
                "main": 6,
                "kindid": 109,
                "len": 8,
                "sub": 4
            }
        ]
    }
]