[
    {
        "logtime": "2019/05/16 16:07:28",
        "logdata": "LogonScene.onceExcute"
    },
    {
        "logtime": "2019/05/16 16:07:28",
        "logdata": "http://www.fuannainc.top/"
    },
    {
        "logtime": "2019/05/16 16:07:28",
        "logdata": "url"
    },
    {
        "logtime": "2019/05/16 16:07:28",
        "logdata": "http://www.fuannainc.top//ws/MobileInterface.ashx?action=GetMobileLoginNotice"
    },
    {
        "logtime": "2019/05/16 16:07:28",
        "logdata": ""
    },
    {
        "logtime": "2019/05/16 16:07:30",
        "logdata": "url"
    },
    {
        "logtime": "2019/05/16 16:07:30",
        "logdata": "http://apis.juhe.cn/ip/ip2addr?ip=183.53.107.65&key=74bb0395667b8d0588df9ebd6fc36a12"
    },
    {
        "logtime": "2019/05/16 16:07:30",
        "logdata": ""
    },
    {
        "logtime": "2019/05/16 16:07:30",
        "logdata": "onLogonCallBack"
    },
    {
        "logtime": "2019/05/16 16:07:30",
        "logdata": "http://www.fuannainc.top/"
    },
    {
        "logtime": "2019/05/16 16:07:30",
        "logdata": "url"
    },
    {
        "logtime": "2019/05/16 16:07:30",
        "logdata": "http://www.fuannainc.top//WS/MobileInterface.ashx"
    },
    {
        "logtime": "2019/05/16 16:07:30",
        "logdata": "action=GetMobileShareConfig&userid=119919&time=1557994050&signature=35491F22E63A6762828BDA9C9FA6BDC6"
    },
    {
        "logtime": "2019/05/16 16:07:33",
        "logdata": "url"
    },
    {
        "logtime": "2019/05/16 16:07:33",
        "logdata": "http://www.fuannainc.top//WS/MobileInterface.ashx?action=GetMobileRollNotice"
    },
    {
        "logtime": "2019/05/16 16:07:33",
        "logdata": ""
    }
]