[
    {
        "logtime": "2019/05/16 18:45:07",
        "logdata": "LogonScene.onceExcute"
    },
    {
        "logtime": "2019/05/16 18:45:07",
        "logdata": "http://www.fuannabbs.top/"
    },
    {
        "logtime": "2019/05/16 18:45:08",
        "logdata": "url"
    },
    {
        "logtime": "2019/05/16 18:45:08",
        "logdata": "http://www.fuannabbs.top//ws/MobileInterface.ashx?action=GetMobileLoginNotice"
    },
    {
        "logtime": "2019/05/16 18:45:08",
        "logdata": ""
    },
    {
        "logtime": "2019/05/16 18:45:09",
        "logdata": "url"
    },
    {
        "logtime": "2019/05/16 18:45:09",
        "logdata": "http://apis.juhe.cn/ip/ip2addr?ip=183.53.107.65&key=74bb0395667b8d0588df9ebd6fc36a12"
    },
    {
        "logtime": "2019/05/16 18:45:09",
        "logdata": ""
    },
    {
        "logtime": "2019/05/16 18:45:09",
        "logdata": "onLogonCallBack"
    },
    {
        "logtime": "2019/05/16 18:45:09",
        "logdata": "http://www.fuannabbs.top/"
    },
    {
        "logtime": "2019/05/16 18:45:09",
        "logdata": "url"
    },
    {
        "logtime": "2019/05/16 18:45:09",
        "logdata": "http://www.fuannabbs.top//WS/MobileInterface.ashx"
    },
    {
        "logtime": "2019/05/16 18:45:09",
        "logdata": "action=GetMobileShareConfig&userid=120790&time=1558003509&signature=65AA0F89BD32BD0A60DF67F53E736218"
    },
    {
        "logtime": "2019/05/16 18:45:12",
        "logdata": "url"
    },
    {
        "logtime": "2019/05/16 18:45:12",
        "logdata": "http://www.fuannabbs.top//WS/MobileInterface.ashx?action=GetMobileRollNotice"
    },
    {
        "logtime": "2019/05/16 18:45:12",
        "logdata": ""
    }
]