[
    {
        "logtime": "2019/05/23 19:02:16",
        "logdata": "LogonScene.onceExcute"
    },
    {
        "logtime": "2019/05/23 19:02:16",
        "logdata": "http://www.fuannainc.top/"
    },
    {
        "logtime": "2019/05/23 19:02:17",
        "logdata": "url"
    },
    {
        "logtime": "2019/05/23 19:02:17",
        "logdata": "http://www.fuannainc.top//ws/MobileInterface.ashx?action=GetMobileLoginNotice"
    },
    {
        "logtime": "2019/05/23 19:02:17",
        "logdata": ""
    },
    {
        "logtime": "2019/05/23 19:02:57",
        "logdata": "LogonScene.onceExcute"
    },
    {
        "logtime": "2019/05/23 19:02:57",
        "logdata": "http://www.fuannainc.top/"
    },
    {
        "logtime": "2019/05/23 19:02:58",
        "logdata": "url"
    },
    {
        "logtime": "2019/05/23 19:02:58",
        "logdata": "http://www.fuannainc.top//ws/MobileInterface.ashx?action=GetMobileLoginNotice"
    },
    {
        "logtime": "2019/05/23 19:02:58",
        "logdata": ""
    }
]