[
    {
        "logtime": "2019/07/03 11:07:29",
        "logdata": "url"
    },
    {
        "logtime": "2019/07/03 11:07:29",
        "logdata": "http://apis.juhe.cn/ip/ip2addr?ip=58.23.48.188&key=74bb0395667b8d0588df9ebd6fc36a12"
    },
    {
        "logtime": "2019/07/03 11:07:29",
        "logdata": ""
    },
    {
        "logtime": "2019/07/03 11:07:29",
        "logdata": "onLogonCallBack"
    },
    {
        "logtime": "2019/07/03 11:07:29",
        "logdata": "http://www.fuannainc.top/"
    },
    {
        "logtime": "2019/07/03 11:07:29",
        "logdata": "url"
    },
    {
        "logtime": "2019/07/03 11:07:29",
        "logdata": "http://www.fuannainc.top//WS/MobileInterface.ashx"
    },
    {
        "logtime": "2019/07/03 11:07:29",
        "logdata": "action=GetMobileShareConfig&userid=120187&time=1562123249&signature=66C58C7DD7A155679D2738880FC49B2D"
    },
    {
        "logtime": "2019/07/03 11:07:31",
        "logdata": "url"
    },
    {
        "logtime": "2019/07/03 11:07:31",
        "logdata": "http://www.fuannainc.top//WS/MobileInterface.ashx?action=GetMobileRollNotice"
    },
    {
        "logtime": "2019/07/03 11:07:31",
        "logdata": ""
    },
    {
        "logtime": "2019/07/03 11:07:35",
        "logdata": null
    },
    {
        "logtime": "2019/07/03 11:07:35",
        "logdata": "onEnterGame"
    },
    {
        "logtime": "2019/07/03 11:07:35",
        "logdata": {
            "_ServerResVersion": 10,
            "_Active": true,
            "_KindVersion": "101122049",
            "_KindType": 1,
            "_Module": "xiuxian/shuiguolaba/",
            "_KindID": "406",
            "_Type": "xiuxian",
            "_KindName": "xiuxian.shuiguolaba.",
            "_SortId": 0
        }
    },
    {
        "logtime": "2019/07/03 11:07:36",
        "logdata": "GlobalUserItem.getCurGameKind()"
    },
    {
        "logtime": "2019/07/03 11:07:36",
        "logdata": 406
    },
    {
        "logtime": "2019/07/03 11:07:37",
        "logdata": "url"
    },
    {
        "logtime": "2019/07/03 11:07:37",
        "logdata": "http://apis.juhe.cn/ip/ip2addr?ip=58.23.48.188&key=74bb0395667b8d0588df9ebd6fc36a12"
    },
    {
        "logtime": "2019/07/03 11:07:37",
        "logdata": ""
    },
    {
        "logtime": "2019/07/03 11:07:37",
        "logdata": "url"
    },
    {
        "logtime": "2019/07/03 11:07:37",
        "logdata": "http://apis.juhe.cn/ip/ip2addr?ip=58.23.48.188&key=74bb0395667b8d0588df9ebd6fc36a12"
    },
    {
        "logtime": "2019/07/03 11:07:37",
        "logdata": ""
    },
    {
        "logtime": "2019/07/03 11:07:37",
        "logdata": "url"
    },
    {
        "logtime": "2019/07/03 11:07:37",
        "logdata": "http://apis.juhe.cn/ip/ip2addr?ip=58.23.48.188&key=74bb0395667b8d0588df9ebd6fc36a12"
    },
    {
        "logtime": "2019/07/03 11:07:37",
        "logdata": ""
    },
    {
        "logtime": "2019/07/03 11:07:37",
        "logdata": "url"
    },
    {
        "logtime": "2019/07/03 11:07:37",
        "logdata": "http://apis.juhe.cn/ip/ip2addr?ip=58.23.48.188&key=74bb0395667b8d0588df9ebd6fc36a12"
    },
    {
        "logtime": "2019/07/03 11:07:37",
        "logdata": ""
    },
    {
        "logtime": "2019/07/03 11:07:37",
        "logdata": {
            "_ServerResVersion": 10,
            "_Active": true,
            "_KindVersion": "101122049",
            "_KindType": 1,
            "_Module": "xiuxian/shuiguolaba/",
            "_KindID": "406",
            "_Type": "xiuxian",
            "nSitChair": 65535,
            "_KindName": "xiuxian.shuiguolaba.",
            "nEnterRoomIndex": 1,
            "nSitTable": 65535,
            "_SortId": 0
        }
    },
    {
        "logtime": "2019/07/03 11:07:37",
        "logdata": "modulestr"
    },
    {
        "logtime": "2019/07/03 11:07:37",
        "logdata": "xiuxian/shuiguolaba/"
    }
]