[
    {
        "logtime": "2019/07/02 14:13:13",
        "logdata": null
    },
    {
        "logtime": "2019/07/02 14:13:13",
        "logdata": "onEnterGame"
    },
    {
        "logtime": "2019/07/02 14:13:13",
        "logdata": {
            "_ServerResVersion": 10,
            "_Active": true,
            "_KindVersion": "101122049",
            "_KindType": 1,
            "_Module": "xiuxian/shuiguolaba/",
            "_KindID": "406",
            "_Type": "xiuxian",
            "nSitChair": 65535,
            "_KindName": "xiuxian.shuiguolaba.",
            "nEnterRoomIndex": 1,
            "nSitTable": 65535,
            "_SortId": 0
        }
    },
    {
        "logtime": "2019/07/02 14:13:13",
        "logdata": "GlobalUserItem.getCurGameKind()"
    },
    {
        "logtime": "2019/07/02 14:13:13",
        "logdata": 406
    },
    {
        "logtime": "2019/07/02 14:13:14",
        "logdata": "url"
    },
    {
        "logtime": "2019/07/02 14:13:14",
        "logdata": "http://apis.juhe.cn/ip/ip2addr?ip=58.23.48.188&key=74bb0395667b8d0588df9ebd6fc36a12"
    },
    {
        "logtime": "2019/07/02 14:13:14",
        "logdata": ""
    },
    {
        "logtime": "2019/07/02 14:13:14",
        "logdata": {
            "_ServerResVersion": 10,
            "_Active": true,
            "_KindVersion": "101122049",
            "_KindType": 1,
            "_Module": "xiuxian/shuiguolaba/",
            "_KindID": "406",
            "_Type": "xiuxian",
            "nSitChair": 65535,
            "_KindName": "xiuxian.shuiguolaba.",
            "nEnterRoomIndex": 1,
            "nSitTable": 65535,
            "_SortId": 0
        }
    },
    {
        "logtime": "2019/07/02 14:13:14",
        "logdata": "modulestr"
    },
    {
        "logtime": "2019/07/02 14:13:14",
        "logdata": "xiuxian/shuiguolaba/"
    },
    {
        "logtime": "2019/07/02 14:13:29",
        "logdata": "LogonScene.onceExcute"
    },
    {
        "logtime": "2019/07/02 14:13:29",
        "logdata": "http://www.fuannainc.top/"
    },
    {
        "logtime": "2019/07/02 14:13:29",
        "logdata": "url"
    },
    {
        "logtime": "2019/07/02 14:13:29",
        "logdata": "http://www.fuannainc.top//ws/MobileInterface.ashx?action=GetMobileLoginNotice"
    },
    {
        "logtime": "2019/07/02 14:13:29",
        "logdata": ""
    },
    {
        "logtime": "2019/07/02 14:13:35",
        "logdata": "url"
    },
    {
        "logtime": "2019/07/02 14:13:35",
        "logdata": "http://apis.juhe.cn/ip/ip2addr?ip=58.23.48.188&key=74bb0395667b8d0588df9ebd6fc36a12"
    },
    {
        "logtime": "2019/07/02 14:13:35",
        "logdata": ""
    },
    {
        "logtime": "2019/07/02 14:13:35",
        "logdata": "onLogonCallBack"
    },
    {
        "logtime": "2019/07/02 14:13:35",
        "logdata": "http://www.fuannainc.top/"
    },
    {
        "logtime": "2019/07/02 14:13:35",
        "logdata": "url"
    },
    {
        "logtime": "2019/07/02 14:13:35",
        "logdata": "http://www.fuannainc.top//WS/MobileInterface.ashx"
    },
    {
        "logtime": "2019/07/02 14:13:35",
        "logdata": "action=GetMobileShareConfig&userid=119947&time=1562048015&signature=5C736244D947B948E37206A70336F06F"
    },
    {
        "logtime": "2019/07/02 14:13:36",
        "logdata": "url"
    },
    {
        "logtime": "2019/07/02 14:13:36",
        "logdata": "http://www.fuannainc.top//WS/MobileInterface.ashx?action=GetMobileRollNotice"
    },
    {
        "logtime": "2019/07/02 14:13:36",
        "logdata": ""
    },
    {
        "logtime": "2019/07/02 14:13:38",
        "logdata": "url"
    },
    {
        "logtime": "2019/07/02 14:13:38",
        "logdata": "http://apis.juhe.cn/ip/ip2addr?ip=58.23.48.188&key=74bb0395667b8d0588df9ebd6fc36a12"
    },
    {
        "logtime": "2019/07/02 14:13:38",
        "logdata": ""
    },
    {
        "logtime": "2019/07/02 14:13:38",
        "logdata": {
            "_ServerResVersion": 10,
            "_Active": true,
            "_KindVersion": "101122049",
            "_KindType": 1,
            "_Module": "xiuxian/shuiguolaba/",
            "_KindID": "406",
            "_Type": "xiuxian",
            "_KindName": "xiuxian.shuiguolaba.",
            "nEnterRoomIndex": 1,
            "_SortId": 0
        }
    },
    {
        "logtime": "2019/07/02 14:13:39",
        "logdata": "modulestr"
    },
    {
        "logtime": "2019/07/02 14:13:39",
        "logdata": "xiuxian/shuiguolaba/"
    },
    {
        "logtime": "2019/07/02 14:13:44",
        "logdata": null
    },
    {
        "logtime": "2019/07/02 14:13:44",
        "logdata": "onEnterGame"
    },
    {
        "logtime": "2019/07/02 14:13:44",
        "logdata": {
            "_ServerResVersion": 10,
            "_Active": true,
            "_KindVersion": "101122049",
            "_KindType": 1,
            "_Module": "xiuxian/shuiguolaba/",
            "_KindID": "406",
            "_Type": "xiuxian",
            "_KindName": "xiuxian.shuiguolaba.",
            "nEnterRoomIndex": 1,
            "_SortId": 0
        }
    },
    {
        "logtime": "2019/07/02 14:13:44",
        "logdata": "GlobalUserItem.getCurGameKind()"
    },
    {
        "logtime": "2019/07/02 14:13:44",
        "logdata": 406
    },
    {
        "logtime": "2019/07/02 14:13:46",
        "logdata": null
    },
    {
        "logtime": "2019/07/02 14:13:46",
        "logdata": "onEnterGame"
    },
    {
        "logtime": "2019/07/02 14:13:46",
        "logdata": {
            "_ServerResVersion": 10,
            "_Active": true,
            "_KindVersion": "101122049",
            "_KindType": 1,
            "_Module": "xiuxian/shuiguolaba/",
            "_KindID": "406",
            "_Type": "xiuxian",
            "_KindName": "xiuxian.shuiguolaba.",
            "nEnterRoomIndex": 1,
            "_SortId": 0
        }
    },
    {
        "logtime": "2019/07/02 14:13:46",
        "logdata": "GlobalUserItem.getCurGameKind()"
    },
    {
        "logtime": "2019/07/02 14:13:46",
        "logdata": 406
    },
    {
        "logtime": "2019/07/02 14:13:47",
        "logdata": "url"
    },
    {
        "logtime": "2019/07/02 14:13:47",
        "logdata": "http://apis.juhe.cn/ip/ip2addr?ip=58.23.48.188&key=74bb0395667b8d0588df9ebd6fc36a12"
    },
    {
        "logtime": "2019/07/02 14:13:47",
        "logdata": ""
    },
    {
        "logtime": "2019/07/02 14:13:48",
        "logdata": {
            "_ServerResVersion": 10,
            "_Active": true,
            "_KindVersion": "101122049",
            "_KindType": 1,
            "_Module": "xiuxian/shuiguolaba/",
            "_KindID": "406",
            "_Type": "xiuxian",
            "nSitChair": 65535,
            "_KindName": "xiuxian.shuiguolaba.",
            "nEnterRoomIndex": 1,
            "nSitTable": 65535,
            "_SortId": 0
        }
    },
    {
        "logtime": "2019/07/02 14:13:48",
        "logdata": "modulestr"
    },
    {
        "logtime": "2019/07/02 14:13:48",
        "logdata": "xiuxian/shuiguolaba/"
    }
]