[
    {
        "logtime": "2019/05/16 10:50:13",
        "logdata": "LogonScene.onceExcute"
    },
    {
        "logtime": "2019/05/16 10:50:13",
        "logdata": "http://www.fuannainc.top/"
    },
    {
        "logtime": "2019/05/16 10:50:13",
        "logdata": "url"
    },
    {
        "logtime": "2019/05/16 10:50:13",
        "logdata": "http://www.fuannainc.top//ws/MobileInterface.ashx?action=GetMobileLoginNotice"
    },
    {
        "logtime": "2019/05/16 10:50:13",
        "logdata": ""
    },
    {
        "logtime": "2019/05/16 10:50:16",
        "logdata": "url"
    },
    {
        "logtime": "2019/05/16 10:50:16",
        "logdata": "http://apis.juhe.cn/ip/ip2addr?ip=183.53.107.65&key=74bb0395667b8d0588df9ebd6fc36a12"
    },
    {
        "logtime": "2019/05/16 10:50:16",
        "logdata": ""
    },
    {
        "logtime": "2019/05/16 10:50:16",
        "logdata": "onLogonCallBack"
    },
    {
        "logtime": "2019/05/16 10:50:16",
        "logdata": "http://www.fuannainc.top/"
    },
    {
        "logtime": "2019/05/16 10:50:16",
        "logdata": "url"
    },
    {
        "logtime": "2019/05/16 10:50:16",
        "logdata": "http://www.fuannainc.top//WS/MobileInterface.ashx"
    },
    {
        "logtime": "2019/05/16 10:50:16",
        "logdata": "action=GetMobileShareConfig&userid=119897&time=1557975016&signature=7B4F9459B110F1614E226FF509EC8258"
    },
    {
        "logtime": "2019/05/16 10:50:19",
        "logdata": "url"
    },
    {
        "logtime": "2019/05/16 10:50:19",
        "logdata": "http://www.fuannainc.top//WS/MobileInterface.ashx?action=GetMobileRollNotice"
    },
    {
        "logtime": "2019/05/16 10:50:19",
        "logdata": ""
    }
]