[
    {
        "logtime": "2019/05/14 16:11:13",
        "logdata": "LogonScene.onceExcute"
    },
    {
        "logtime": "2019/05/14 16:11:13",
        "logdata": "http://www.fuannainc.top/"
    },
    {
        "logtime": "2019/05/14 16:11:13",
        "logdata": "url"
    },
    {
        "logtime": "2019/05/14 16:11:13",
        "logdata": "http://www.fuannainc.top//ws/MobileInterface.ashx?action=GetMobileLoginNotice"
    },
    {
        "logtime": "2019/05/14 16:11:13",
        "logdata": ""
    },
    {
        "logtime": "2019/05/14 16:11:48",
        "logdata": "url"
    },
    {
        "logtime": "2019/05/14 16:11:48",
        "logdata": "http://apis.juhe.cn/ip/ip2addr?ip=183.53.107.103&key=74bb0395667b8d0588df9ebd6fc36a12"
    },
    {
        "logtime": "2019/05/14 16:11:48",
        "logdata": ""
    },
    {
        "logtime": "2019/05/14 16:11:48",
        "logdata": "onLogonCallBack"
    },
    {
        "logtime": "2019/05/14 16:11:48",
        "logdata": "http://www.fuannainc.top/"
    },
    {
        "logtime": "2019/05/14 16:11:48",
        "logdata": "url"
    },
    {
        "logtime": "2019/05/14 16:11:48",
        "logdata": "http://www.fuannainc.top//WS/MobileInterface.ashx"
    },
    {
        "logtime": "2019/05/14 16:11:49",
        "logdata": "action=GetMobileShareConfig&userid=120790&time=1557821508&signature=2358C4C700EF8912924B8AE10B81C9F6"
    },
    {
        "logtime": "2019/05/14 16:11:51",
        "logdata": "url"
    },
    {
        "logtime": "2019/05/14 16:11:51",
        "logdata": "http://www.fuannainc.top//WS/MobileInterface.ashx?action=GetMobileRollNotice"
    },
    {
        "logtime": "2019/05/14 16:11:51",
        "logdata": ""
    }
]