[
    {
        "logtime": "2019/05/16 11:55:26",
        "logdata": "LogonScene.onceExcute"
    },
    {
        "logtime": "2019/05/16 11:55:26",
        "logdata": "http://www.fuannainc.top/"
    },
    {
        "logtime": "2019/05/16 11:55:27",
        "logdata": "url"
    },
    {
        "logtime": "2019/05/16 11:55:27",
        "logdata": "http://www.fuannainc.top//ws/MobileInterface.ashx?action=GetMobileLoginNotice"
    },
    {
        "logtime": "2019/05/16 11:55:27",
        "logdata": ""
    },
    {
        "logtime": "2019/05/16 11:55:28",
        "logdata": "url"
    },
    {
        "logtime": "2019/05/16 11:55:28",
        "logdata": "http://apis.juhe.cn/ip/ip2addr?ip=183.53.107.65&key=74bb0395667b8d0588df9ebd6fc36a12"
    },
    {
        "logtime": "2019/05/16 11:55:28",
        "logdata": ""
    },
    {
        "logtime": "2019/05/16 11:55:28",
        "logdata": "onLogonCallBack"
    },
    {
        "logtime": "2019/05/16 11:55:28",
        "logdata": "http://www.fuannainc.top/"
    },
    {
        "logtime": "2019/05/16 11:55:28",
        "logdata": "url"
    },
    {
        "logtime": "2019/05/16 11:55:28",
        "logdata": "http://www.fuannainc.top//WS/MobileInterface.ashx"
    },
    {
        "logtime": "2019/05/16 11:55:28",
        "logdata": "action=GetMobileShareConfig&userid=119927&time=1557978928&signature=1E048179EA9212E7FFE02164A47F821F"
    },
    {
        "logtime": "2019/05/16 11:55:31",
        "logdata": "url"
    },
    {
        "logtime": "2019/05/16 11:55:31",
        "logdata": "http://www.fuannainc.top//WS/MobileInterface.ashx?action=GetMobileRollNotice"
    },
    {
        "logtime": "2019/05/16 11:55:31",
        "logdata": ""
    }
]