[
    {
        "logtime": "2019/07/02 19:28:02",
        "logdata": "LogonScene.onceExcute"
    },
    {
        "logtime": "2019/07/02 19:28:02",
        "logdata": "http://www.fuannainc.top/"
    },
    {
        "logtime": "2019/07/02 19:28:02",
        "logdata": "url"
    },
    {
        "logtime": "2019/07/02 19:28:02",
        "logdata": "http://www.fuannainc.top//ws/MobileInterface.ashx?action=GetMobileLoginNotice"
    },
    {
        "logtime": "2019/07/02 19:28:02",
        "logdata": ""
    },
    {
        "logtime": "2019/07/02 19:28:05",
        "logdata": "url"
    },
    {
        "logtime": "2019/07/02 19:28:05",
        "logdata": "http://apis.juhe.cn/ip/ip2addr?ip=58.23.48.188&key=74bb0395667b8d0588df9ebd6fc36a12"
    },
    {
        "logtime": "2019/07/02 19:28:05",
        "logdata": ""
    },
    {
        "logtime": "2019/07/02 19:28:05",
        "logdata": "onLogonCallBack"
    },
    {
        "logtime": "2019/07/02 19:28:05",
        "logdata": "http://www.fuannainc.top/"
    },
    {
        "logtime": "2019/07/02 19:28:05",
        "logdata": "url"
    },
    {
        "logtime": "2019/07/02 19:28:05",
        "logdata": "http://www.fuannainc.top//WS/MobileInterface.ashx"
    },
    {
        "logtime": "2019/07/02 19:28:05",
        "logdata": "action=GetMobileShareConfig&userid=120187&time=1562066885&signature=9786824BE30B664247B10C79BBD742ED"
    },
    {
        "logtime": "2019/07/02 19:28:06",
        "logdata": "url"
    },
    {
        "logtime": "2019/07/02 19:28:06",
        "logdata": "http://www.fuannainc.top//WS/MobileInterface.ashx?action=GetMobileRollNotice"
    },
    {
        "logtime": "2019/07/02 19:28:06",
        "logdata": ""
    },
    {
        "logtime": "2019/07/02 19:28:08",
        "logdata": "url"
    },
    {
        "logtime": "2019/07/02 19:28:08",
        "logdata": "http://apis.juhe.cn/ip/ip2addr?ip=58.23.48.188&key=74bb0395667b8d0588df9ebd6fc36a12"
    },
    {
        "logtime": "2019/07/02 19:28:08",
        "logdata": ""
    },
    {
        "logtime": "2019/07/02 19:28:08",
        "logdata": "url"
    },
    {
        "logtime": "2019/07/02 19:28:08",
        "logdata": "http://apis.juhe.cn/ip/ip2addr?ip=58.23.48.188&key=74bb0395667b8d0588df9ebd6fc36a12"
    },
    {
        "logtime": "2019/07/02 19:28:08",
        "logdata": ""
    },
    {
        "logtime": "2019/07/02 19:28:08",
        "logdata": "url"
    },
    {
        "logtime": "2019/07/02 19:28:08",
        "logdata": "http://apis.juhe.cn/ip/ip2addr?ip=58.23.48.188&key=74bb0395667b8d0588df9ebd6fc36a12"
    },
    {
        "logtime": "2019/07/02 19:28:08",
        "logdata": ""
    },
    {
        "logtime": "2019/07/02 19:28:08",
        "logdata": "url"
    },
    {
        "logtime": "2019/07/02 19:28:08",
        "logdata": "http://apis.juhe.cn/ip/ip2addr?ip=58.23.48.188&key=74bb0395667b8d0588df9ebd6fc36a12"
    },
    {
        "logtime": "2019/07/02 19:28:08",
        "logdata": ""
    },
    {
        "logtime": "2019/07/02 19:28:08",
        "logdata": {
            "_ServerResVersion": 10,
            "_Active": true,
            "_KindVersion": "101122049",
            "_KindType": 1,
            "_Module": "xiuxian/shuiguolaba/",
            "_KindID": "406",
            "_Type": "xiuxian",
            "_KindName": "xiuxian.shuiguolaba.",
            "nEnterRoomIndex": 1,
            "_SortId": 0
        }
    },
    {
        "logtime": "2019/07/02 19:28:08",
        "logdata": "modulestr"
    },
    {
        "logtime": "2019/07/02 19:28:08",
        "logdata": "xiuxian/shuiguolaba/"
    },
    {
        "logtime": "2019/07/02 19:28:18",
        "logdata": "LogonScene.onceExcute"
    },
    {
        "logtime": "2019/07/02 19:28:18",
        "logdata": "http://www.fuannainc.top/"
    },
    {
        "logtime": "2019/07/02 19:28:18",
        "logdata": "url"
    },
    {
        "logtime": "2019/07/02 19:28:18",
        "logdata": "http://www.fuannainc.top//ws/MobileInterface.ashx?action=GetMobileLoginNotice"
    },
    {
        "logtime": "2019/07/02 19:28:18",
        "logdata": ""
    },
    {
        "logtime": "2019/07/02 19:28:21",
        "logdata": "url"
    },
    {
        "logtime": "2019/07/02 19:28:21",
        "logdata": "http://apis.juhe.cn/ip/ip2addr?ip=58.23.48.188&key=74bb0395667b8d0588df9ebd6fc36a12"
    },
    {
        "logtime": "2019/07/02 19:28:21",
        "logdata": ""
    },
    {
        "logtime": "2019/07/02 19:28:21",
        "logdata": "onLogonCallBack"
    },
    {
        "logtime": "2019/07/02 19:28:21",
        "logdata": "http://www.fuannainc.top/"
    },
    {
        "logtime": "2019/07/02 19:28:21",
        "logdata": "url"
    },
    {
        "logtime": "2019/07/02 19:28:21",
        "logdata": "http://www.fuannainc.top//WS/MobileInterface.ashx"
    },
    {
        "logtime": "2019/07/02 19:28:21",
        "logdata": "action=GetMobileShareConfig&userid=120187&time=1562066901&signature=D188F1539DE921CD15D4F5F48A435B2B"
    },
    {
        "logtime": "2019/07/02 19:28:23",
        "logdata": "url"
    },
    {
        "logtime": "2019/07/02 19:28:23",
        "logdata": "http://www.fuannainc.top//WS/MobileInterface.ashx?action=GetMobileRollNotice"
    },
    {
        "logtime": "2019/07/02 19:28:23",
        "logdata": ""
    },
    {
        "logtime": "2019/07/02 19:28:24",
        "logdata": "url"
    },
    {
        "logtime": "2019/07/02 19:28:24",
        "logdata": "http://apis.juhe.cn/ip/ip2addr?ip=58.23.48.188&key=74bb0395667b8d0588df9ebd6fc36a12"
    },
    {
        "logtime": "2019/07/02 19:28:24",
        "logdata": ""
    },
    {
        "logtime": "2019/07/02 19:28:24",
        "logdata": "url"
    },
    {
        "logtime": "2019/07/02 19:28:24",
        "logdata": "http://apis.juhe.cn/ip/ip2addr?ip=58.23.48.188&key=74bb0395667b8d0588df9ebd6fc36a12"
    },
    {
        "logtime": "2019/07/02 19:28:24",
        "logdata": ""
    },
    {
        "logtime": "2019/07/02 19:28:24",
        "logdata": "url"
    },
    {
        "logtime": "2019/07/02 19:28:24",
        "logdata": "http://apis.juhe.cn/ip/ip2addr?ip=58.23.48.188&key=74bb0395667b8d0588df9ebd6fc36a12"
    },
    {
        "logtime": "2019/07/02 19:28:24",
        "logdata": ""
    },
    {
        "logtime": "2019/07/02 19:28:24",
        "logdata": "url"
    },
    {
        "logtime": "2019/07/02 19:28:24",
        "logdata": "http://apis.juhe.cn/ip/ip2addr?ip=58.23.48.188&key=74bb0395667b8d0588df9ebd6fc36a12"
    },
    {
        "logtime": "2019/07/02 19:28:24",
        "logdata": ""
    },
    {
        "logtime": "2019/07/02 19:28:25",
        "logdata": {
            "_ServerResVersion": 10,
            "_Active": true,
            "_KindVersion": "101122049",
            "_KindType": 1,
            "_Module": "xiuxian/shuiguolaba/",
            "_KindID": "406",
            "_Type": "xiuxian",
            "_KindName": "xiuxian.shuiguolaba.",
            "nEnterRoomIndex": 1,
            "_SortId": 0
        }
    },
    {
        "logtime": "2019/07/02 19:28:25",
        "logdata": "modulestr"
    },
    {
        "logtime": "2019/07/02 19:28:25",
        "logdata": "xiuxian/shuiguolaba/"
    },
    {
        "logtime": "2019/07/02 19:28:40",
        "logdata": "LogonScene.onceExcute"
    },
    {
        "logtime": "2019/07/02 19:28:40",
        "logdata": "http://www.fuannainc.top/"
    },
    {
        "logtime": "2019/07/02 19:28:40",
        "logdata": "url"
    },
    {
        "logtime": "2019/07/02 19:28:40",
        "logdata": "http://www.fuannainc.top//ws/MobileInterface.ashx?action=GetMobileLoginNotice"
    },
    {
        "logtime": "2019/07/02 19:28:40",
        "logdata": ""
    },
    {
        "logtime": "2019/07/02 19:28:43",
        "logdata": "url"
    },
    {
        "logtime": "2019/07/02 19:28:43",
        "logdata": "http://apis.juhe.cn/ip/ip2addr?ip=58.23.48.188&key=74bb0395667b8d0588df9ebd6fc36a12"
    },
    {
        "logtime": "2019/07/02 19:28:43",
        "logdata": ""
    },
    {
        "logtime": "2019/07/02 19:28:43",
        "logdata": "onLogonCallBack"
    },
    {
        "logtime": "2019/07/02 19:28:43",
        "logdata": "http://www.fuannainc.top/"
    },
    {
        "logtime": "2019/07/02 19:28:43",
        "logdata": "url"
    },
    {
        "logtime": "2019/07/02 19:28:43",
        "logdata": "http://www.fuannainc.top//WS/MobileInterface.ashx"
    },
    {
        "logtime": "2019/07/02 19:28:43",
        "logdata": "action=GetMobileShareConfig&userid=120187&time=1562066923&signature=23DA6CD889A266C94A513674B5B403A9"
    },
    {
        "logtime": "2019/07/02 19:28:45",
        "logdata": "url"
    },
    {
        "logtime": "2019/07/02 19:28:45",
        "logdata": "http://www.fuannainc.top//WS/MobileInterface.ashx?action=GetMobileRollNotice"
    },
    {
        "logtime": "2019/07/02 19:28:45",
        "logdata": ""
    },
    {
        "logtime": "2019/07/02 19:28:47",
        "logdata": "url"
    },
    {
        "logtime": "2019/07/02 19:28:47",
        "logdata": "http://apis.juhe.cn/ip/ip2addr?ip=58.23.48.188&key=74bb0395667b8d0588df9ebd6fc36a12"
    },
    {
        "logtime": "2019/07/02 19:28:47",
        "logdata": ""
    },
    {
        "logtime": "2019/07/02 19:28:47",
        "logdata": "url"
    },
    {
        "logtime": "2019/07/02 19:28:47",
        "logdata": "http://apis.juhe.cn/ip/ip2addr?ip=58.23.48.188&key=74bb0395667b8d0588df9ebd6fc36a12"
    },
    {
        "logtime": "2019/07/02 19:28:47",
        "logdata": ""
    },
    {
        "logtime": "2019/07/02 19:28:47",
        "logdata": "url"
    },
    {
        "logtime": "2019/07/02 19:28:47",
        "logdata": "http://apis.juhe.cn/ip/ip2addr?ip=58.23.48.188&key=74bb0395667b8d0588df9ebd6fc36a12"
    },
    {
        "logtime": "2019/07/02 19:28:47",
        "logdata": ""
    },
    {
        "logtime": "2019/07/02 19:28:47",
        "logdata": "url"
    },
    {
        "logtime": "2019/07/02 19:28:47",
        "logdata": "http://apis.juhe.cn/ip/ip2addr?ip=58.23.48.188&key=74bb0395667b8d0588df9ebd6fc36a12"
    },
    {
        "logtime": "2019/07/02 19:28:47",
        "logdata": ""
    },
    {
        "logtime": "2019/07/02 19:28:47",
        "logdata": {
            "_ServerResVersion": 10,
            "_Active": true,
            "_KindVersion": "101122049",
            "_KindType": 1,
            "_Module": "xiuxian/shuiguolaba/",
            "_KindID": "406",
            "_Type": "xiuxian",
            "_KindName": "xiuxian.shuiguolaba.",
            "nEnterRoomIndex": 1,
            "_SortId": 0
        }
    },
    {
        "logtime": "2019/07/02 19:28:47",
        "logdata": "modulestr"
    },
    {
        "logtime": "2019/07/02 19:28:47",
        "logdata": "xiuxian/shuiguolaba/"
    }
]