[
    {
        "logtime": "2019/05/17 18:07:45",
        "logdata": "LogonScene.onceExcute"
    },
    {
        "logtime": "2019/05/17 18:07:45",
        "logdata": "http://www.fuannainc.top/"
    },
    {
        "logtime": "2019/05/17 18:07:46",
        "logdata": "url"
    },
    {
        "logtime": "2019/05/17 18:07:46",
        "logdata": "http://www.fuannainc.top//ws/MobileInterface.ashx?action=GetMobileLoginNotice"
    },
    {
        "logtime": "2019/05/17 18:07:46",
        "logdata": ""
    },
    {
        "logtime": "2019/05/17 18:07:47",
        "logdata": "url"
    },
    {
        "logtime": "2019/05/17 18:07:47",
        "logdata": "http://apis.juhe.cn/ip/ip2addr?ip=113.77.83.165&key=74bb0395667b8d0588df9ebd6fc36a12"
    },
    {
        "logtime": "2019/05/17 18:07:47",
        "logdata": ""
    },
    {
        "logtime": "2019/05/17 18:07:47",
        "logdata": "onLogonCallBack"
    },
    {
        "logtime": "2019/05/17 18:07:47",
        "logdata": "http://www.fuannainc.top/"
    },
    {
        "logtime": "2019/05/17 18:07:47",
        "logdata": "url"
    },
    {
        "logtime": "2019/05/17 18:07:47",
        "logdata": "http://www.fuannainc.top//WS/MobileInterface.ashx"
    },
    {
        "logtime": "2019/05/17 18:07:47",
        "logdata": "action=GetMobileShareConfig&userid=119897&time=1558087667&signature=8CA18FC205CEEFE0B5AEF1D3AB9CD12E"
    },
    {
        "logtime": "2019/05/17 18:07:50",
        "logdata": "url"
    },
    {
        "logtime": "2019/05/17 18:07:50",
        "logdata": "http://www.fuannainc.top//WS/MobileInterface.ashx?action=GetMobileRollNotice"
    },
    {
        "logtime": "2019/05/17 18:07:50",
        "logdata": ""
    },
    {
        "logtime": "2019/05/17 18:07:57",
        "logdata": "url"
    },
    {
        "logtime": "2019/05/17 18:07:57",
        "logdata": "http://www.fuannainc.top//ws/MobileInterface.ashx?action=GetMobileLoginNotice"
    },
    {
        "logtime": "2019/05/17 18:07:57",
        "logdata": ""
    }
]