[
    {
        "logtime": "2019/05/18 12:29:06",
        "logdata": "LogonScene.onceExcute"
    },
    {
        "logtime": "2019/05/18 12:29:06",
        "logdata": "http://www.fuannainc.top/"
    },
    {
        "logtime": "2019/05/18 12:29:06",
        "logdata": "url"
    },
    {
        "logtime": "2019/05/18 12:29:06",
        "logdata": "http://www.fuannainc.top//ws/MobileInterface.ashx?action=GetMobileLoginNotice"
    },
    {
        "logtime": "2019/05/18 12:29:06",
        "logdata": ""
    },
    {
        "logtime": "2019/05/18 12:29:08",
        "logdata": "url"
    },
    {
        "logtime": "2019/05/18 12:29:08",
        "logdata": "http://apis.juhe.cn/ip/ip2addr?ip=113.77.83.199&key=74bb0395667b8d0588df9ebd6fc36a12"
    },
    {
        "logtime": "2019/05/18 12:29:08",
        "logdata": ""
    },
    {
        "logtime": "2019/05/18 12:29:08",
        "logdata": "onLogonCallBack"
    },
    {
        "logtime": "2019/05/18 12:29:08",
        "logdata": "http://www.fuannainc.top/"
    },
    {
        "logtime": "2019/05/18 12:29:08",
        "logdata": "url"
    },
    {
        "logtime": "2019/05/18 12:29:08",
        "logdata": "http://www.fuannainc.top//WS/MobileInterface.ashx"
    },
    {
        "logtime": "2019/05/18 12:29:08",
        "logdata": "action=GetMobileShareConfig&userid=119912&time=1558153748&signature=ABF5079A342515F392024DF12FF348D4"
    },
    {
        "logtime": "2019/05/18 12:29:10",
        "logdata": "url"
    },
    {
        "logtime": "2019/05/18 12:29:10",
        "logdata": "http://www.fuannainc.top//WS/MobileInterface.ashx?action=GetMobileRollNotice"
    },
    {
        "logtime": "2019/05/18 12:29:10",
        "logdata": ""
    },
    {
        "logtime": "2019/05/18 12:29:14",
        "logdata": "url"
    },
    {
        "logtime": "2019/05/18 12:29:14",
        "logdata": "http://www.fuannainc.top//ws/MobileInterface.ashx"
    },
    {
        "logtime": "2019/05/18 12:29:14",
        "logdata": "action=getpaylist"
    },
    {
        "logtime": "2019/05/18 12:29:14",
        "logdata": "url"
    },
    {
        "logtime": "2019/05/18 12:29:14",
        "logdata": "http://www.fuannainc.top//WS/MobileInterface.ashx"
    },
    {
        "logtime": "2019/05/18 12:29:14",
        "logdata": "action=getagentpay"
    }
]