[
    {
        "logtime": "2019/07/02 18:07:03",
        "logdata": "LogonScene.onceExcute"
    },
    {
        "logtime": "2019/07/02 18:07:03",
        "logdata": "http://www.fuannainc.top/"
    },
    {
        "logtime": "2019/07/02 18:07:04",
        "logdata": "url"
    },
    {
        "logtime": "2019/07/02 18:07:04",
        "logdata": "http://www.fuannainc.top//ws/MobileInterface.ashx?action=GetMobileLoginNotice"
    },
    {
        "logtime": "2019/07/02 18:07:04",
        "logdata": ""
    },
    {
        "logtime": "2019/07/02 18:07:09",
        "logdata": "url"
    },
    {
        "logtime": "2019/07/02 18:07:09",
        "logdata": "http://apis.juhe.cn/ip/ip2addr?ip=58.23.48.188&key=74bb0395667b8d0588df9ebd6fc36a12"
    },
    {
        "logtime": "2019/07/02 18:07:09",
        "logdata": ""
    },
    {
        "logtime": "2019/07/02 18:07:09",
        "logdata": "onLogonCallBack"
    },
    {
        "logtime": "2019/07/02 18:07:09",
        "logdata": "http://www.fuannainc.top/"
    },
    {
        "logtime": "2019/07/02 18:07:09",
        "logdata": "url"
    },
    {
        "logtime": "2019/07/02 18:07:09",
        "logdata": "http://www.fuannainc.top//WS/MobileInterface.ashx"
    },
    {
        "logtime": "2019/07/02 18:07:09",
        "logdata": "action=GetMobileShareConfig&userid=120187&time=1562062029&signature=FC76AAD45B277C4D80DE13CCC3D534D8"
    },
    {
        "logtime": "2019/07/02 18:07:11",
        "logdata": "url"
    },
    {
        "logtime": "2019/07/02 18:07:11",
        "logdata": "http://www.fuannainc.top//WS/MobileInterface.ashx?action=GetMobileRollNotice"
    },
    {
        "logtime": "2019/07/02 18:07:11",
        "logdata": ""
    },
    {
        "logtime": "2019/07/02 18:07:15",
        "logdata": null
    },
    {
        "logtime": "2019/07/02 18:07:15",
        "logdata": "onEnterGame"
    },
    {
        "logtime": "2019/07/02 18:07:15",
        "logdata": {
            "_ServerResVersion": 10,
            "_Active": true,
            "_KindVersion": "101122049",
            "_KindType": 1,
            "_Module": "xiuxian/shuiguolaba/",
            "_KindID": "406",
            "_Type": "xiuxian",
            "_KindName": "xiuxian.shuiguolaba.",
            "_SortId": 0
        }
    },
    {
        "logtime": "2019/07/02 18:07:15",
        "logdata": "GlobalUserItem.getCurGameKind()"
    },
    {
        "logtime": "2019/07/02 18:07:15",
        "logdata": 406
    },
    {
        "logtime": "2019/07/02 18:07:17",
        "logdata": "url"
    },
    {
        "logtime": "2019/07/02 18:07:17",
        "logdata": "http://apis.juhe.cn/ip/ip2addr?ip=58.23.48.188&key=74bb0395667b8d0588df9ebd6fc36a12"
    },
    {
        "logtime": "2019/07/02 18:07:17",
        "logdata": ""
    },
    {
        "logtime": "2019/07/02 18:07:17",
        "logdata": "url"
    },
    {
        "logtime": "2019/07/02 18:07:17",
        "logdata": "http://apis.juhe.cn/ip/ip2addr?ip=58.23.48.188&key=74bb0395667b8d0588df9ebd6fc36a12"
    },
    {
        "logtime": "2019/07/02 18:07:17",
        "logdata": ""
    },
    {
        "logtime": "2019/07/02 18:07:17",
        "logdata": "url"
    },
    {
        "logtime": "2019/07/02 18:07:17",
        "logdata": "http://apis.juhe.cn/ip/ip2addr?ip=58.23.48.188&key=74bb0395667b8d0588df9ebd6fc36a12"
    },
    {
        "logtime": "2019/07/02 18:07:17",
        "logdata": ""
    },
    {
        "logtime": "2019/07/02 18:07:17",
        "logdata": "url"
    },
    {
        "logtime": "2019/07/02 18:07:17",
        "logdata": "http://apis.juhe.cn/ip/ip2addr?ip=58.23.48.188&key=74bb0395667b8d0588df9ebd6fc36a12"
    },
    {
        "logtime": "2019/07/02 18:07:17",
        "logdata": ""
    },
    {
        "logtime": "2019/07/02 18:07:17",
        "logdata": "url"
    },
    {
        "logtime": "2019/07/02 18:07:17",
        "logdata": "http://apis.juhe.cn/ip/ip2addr?ip=58.23.48.188&key=74bb0395667b8d0588df9ebd6fc36a12"
    },
    {
        "logtime": "2019/07/02 18:07:17",
        "logdata": ""
    },
    {
        "logtime": "2019/07/02 18:07:17",
        "logdata": {
            "_ServerResVersion": 10,
            "_Active": true,
            "_KindVersion": "101122049",
            "_KindType": 1,
            "_Module": "xiuxian/shuiguolaba/",
            "_KindID": "406",
            "_Type": "xiuxian",
            "nSitChair": 65535,
            "_KindName": "xiuxian.shuiguolaba.",
            "nEnterRoomIndex": 1,
            "nSitTable": 65535,
            "_SortId": 0
        }
    },
    {
        "logtime": "2019/07/02 18:07:17",
        "logdata": "modulestr"
    },
    {
        "logtime": "2019/07/02 18:07:17",
        "logdata": "xiuxian/shuiguolaba/"
    }
]