[
    {
        "logtime": "2019/05/16 17:26:20",
        "logdata": "url"
    },
    {
        "logtime": "2019/05/16 17:26:20",
        "logdata": "http://www.fuannabbs.top//ws/MobileInterface.ashx"
    },
    {
        "logtime": "2019/05/16 17:26:20",
        "logdata": "action=getpaylist"
    },
    {
        "logtime": "2019/05/16 17:26:20",
        "logdata": "url"
    },
    {
        "logtime": "2019/05/16 17:26:20",
        "logdata": "http://www.fuannabbs.top//WS/MobileInterface.ashx"
    },
    {
        "logtime": "2019/05/16 17:26:20",
        "logdata": "action=getagentpay"
    }
]