[
    {
        "logtime": "2019/05/24 17:28:18",
        "logdata": "LogonScene.onceExcute"
    },
    {
        "logtime": "2019/05/24 17:28:18",
        "logdata": "http://www.fuannainc.top/"
    },
    {
        "logtime": "2019/05/24 17:28:18",
        "logdata": "url"
    },
    {
        "logtime": "2019/05/24 17:28:18",
        "logdata": "http://www.fuannainc.top//ws/MobileInterface.ashx?action=GetMobileLoginNotice"
    },
    {
        "logtime": "2019/05/24 17:28:18",
        "logdata": ""
    },
    {
        "logtime": "2019/05/24 17:28:20",
        "logdata": "url"
    },
    {
        "logtime": "2019/05/24 17:28:20",
        "logdata": "http://apis.juhe.cn/ip/ip2addr?ip=113.77.82.100&key=74bb0395667b8d0588df9ebd6fc36a12"
    },
    {
        "logtime": "2019/05/24 17:28:20",
        "logdata": ""
    },
    {
        "logtime": "2019/05/24 17:28:20",
        "logdata": "onLogonCallBack"
    },
    {
        "logtime": "2019/05/24 17:28:20",
        "logdata": "http://www.fuannainc.top/"
    },
    {
        "logtime": "2019/05/24 17:28:20",
        "logdata": "url"
    },
    {
        "logtime": "2019/05/24 17:28:20",
        "logdata": "http://www.fuannainc.top//WS/MobileInterface.ashx"
    },
    {
        "logtime": "2019/05/24 17:28:20",
        "logdata": "action=GetMobileShareConfig&userid=119912&time=1558690100&signature=790A8E7E5C0B9221AEB8CD58D86D8043"
    },
    {
        "logtime": "2019/05/24 17:28:22",
        "logdata": "url"
    },
    {
        "logtime": "2019/05/24 17:28:22",
        "logdata": "http://www.fuannainc.top//WS/MobileInterface.ashx?action=GetMobileRollNotice"
    },
    {
        "logtime": "2019/05/24 17:28:22",
        "logdata": ""
    }
]