[
    {
        "logtime": "2019/07/01 19:53:23",
        "logdata": "[string \".\\game/xiuxian/shuiguolaba/src/views/layer/Ga...\"]:937: attempt to index field 'Button_Menu' (a nil value)\nstack traceback:\n\t[string \".\\game/xiuxian/shuiguolaba/src/views/layer/Ga...\"]:174: in function <[string \".\\game/xiuxian/shuiguolaba/src/views/layer/Ga...\"]:167>"
    },
    {
        "logtime": "2019/07/01 19:53:30",
        "logdata": "url"
    },
    {
        "logtime": "2019/07/01 19:53:30",
        "logdata": "http://apis.juhe.cn/ip/ip2addr?ip=58.23.48.188&key=74bb0395667b8d0588df9ebd6fc36a12"
    },
    {
        "logtime": "2019/07/01 19:53:30",
        "logdata": ""
    },
    {
        "logtime": "2019/07/01 19:53:30",
        "logdata": "url"
    },
    {
        "logtime": "2019/07/01 19:53:30",
        "logdata": "http://apis.juhe.cn/ip/ip2addr?ip=58.23.48.188&key=74bb0395667b8d0588df9ebd6fc36a12"
    },
    {
        "logtime": "2019/07/01 19:53:30",
        "logdata": ""
    },
    {
        "logtime": "2019/07/01 19:53:30",
        "logdata": "url"
    },
    {
        "logtime": "2019/07/01 19:53:30",
        "logdata": "http://apis.juhe.cn/ip/ip2addr?ip=58.23.48.188&key=74bb0395667b8d0588df9ebd6fc36a12"
    },
    {
        "logtime": "2019/07/01 19:53:30",
        "logdata": ""
    },
    {
        "logtime": "2019/07/01 19:53:30",
        "logdata": "url"
    },
    {
        "logtime": "2019/07/01 19:53:30",
        "logdata": "http://apis.juhe.cn/ip/ip2addr?ip=58.23.48.188&key=74bb0395667b8d0588df9ebd6fc36a12"
    },
    {
        "logtime": "2019/07/01 19:53:30",
        "logdata": ""
    },
    {
        "logtime": "2019/07/01 19:53:30",
        "logdata": "url"
    },
    {
        "logtime": "2019/07/01 19:53:30",
        "logdata": "http://apis.juhe.cn/ip/ip2addr?ip=58.23.48.188&key=74bb0395667b8d0588df9ebd6fc36a12"
    },
    {
        "logtime": "2019/07/01 19:53:30",
        "logdata": ""
    },
    {
        "logtime": "2019/07/01 19:53:30",
        "logdata": "url"
    },
    {
        "logtime": "2019/07/01 19:53:30",
        "logdata": "http://apis.juhe.cn/ip/ip2addr?ip=58.23.48.188&key=74bb0395667b8d0588df9ebd6fc36a12"
    },
    {
        "logtime": "2019/07/01 19:53:30",
        "logdata": ""
    },
    {
        "logtime": "2019/07/01 19:53:30",
        "logdata": {
            "_ServerResVersion": 10,
            "_Active": true,
            "_KindVersion": "101122049",
            "_KindType": 1,
            "_Module": "xiuxian/shuiguolaba/",
            "_KindID": "406",
            "_Type": "xiuxian",
            "nSitChair": 65535,
            "_KindName": "xiuxian.shuiguolaba.",
            "nEnterRoomIndex": 1,
            "nSitTable": 65535,
            "_SortId": 0
        }
    },
    {
        "logtime": "2019/07/01 19:53:30",
        "logdata": "modulestr"
    },
    {
        "logtime": "2019/07/01 19:53:30",
        "logdata": "xiuxian/shuiguolaba/"
    },
    {
        "logtime": "2019/07/01 19:53:32",
        "logdata": "[string \".\\game/xiuxian/shuiguolaba/src/views/layer/Ga...\"]:937: attempt to index field 'Button_Menu' (a nil value)\nstack traceback:\n\t[string \".\\game/xiuxian/shuiguolaba/src/views/layer/Ga...\"]:174: in function <[string \".\\game/xiuxian/shuiguolaba/src/views/layer/Ga...\"]:167>"
    },
    {
        "logtime": "2019/07/01 19:53:33",
        "logdata": "[string \".\\game/xiuxian/shuiguolaba/src/views/layer/Ga...\"]:937: attempt to index field 'Button_Menu' (a nil value)\nstack traceback:\n\t[string \".\\game/xiuxian/shuiguolaba/src/views/layer/Ga...\"]:174: in function <[string \".\\game/xiuxian/shuiguolaba/src/views/layer/Ga...\"]:167>"
    }
]