[
    {
        "logtime": "2019/07/01 15:16:02",
        "logdata": "LogonScene.onceExcute"
    },
    {
        "logtime": "2019/07/01 15:16:02",
        "logdata": "http://www.fuannainc.top/"
    },
    {
        "logtime": "2019/07/01 15:16:02",
        "logdata": "url"
    },
    {
        "logtime": "2019/07/01 15:16:02",
        "logdata": "http://www.fuannainc.top//ws/MobileInterface.ashx?action=GetMobileLoginNotice"
    },
    {
        "logtime": "2019/07/01 15:16:02",
        "logdata": ""
    },
    {
        "logtime": "2019/07/01 15:16:04",
        "logdata": "url"
    },
    {
        "logtime": "2019/07/01 15:16:04",
        "logdata": "http://apis.juhe.cn/ip/ip2addr?ip=58.23.48.188&key=74bb0395667b8d0588df9ebd6fc36a12"
    },
    {
        "logtime": "2019/07/01 15:16:04",
        "logdata": ""
    },
    {
        "logtime": "2019/07/01 15:16:04",
        "logdata": "onLogonCallBack"
    },
    {
        "logtime": "2019/07/01 15:16:04",
        "logdata": "http://www.fuannainc.top/"
    },
    {
        "logtime": "2019/07/01 15:16:04",
        "logdata": "url"
    },
    {
        "logtime": "2019/07/01 15:16:04",
        "logdata": "http://www.fuannainc.top//WS/MobileInterface.ashx"
    },
    {
        "logtime": "2019/07/01 15:16:04",
        "logdata": "action=GetMobileShareConfig&userid=119929&time=1561965364&signature=4050EFC66FE5B82F0290B4D4265709D8"
    },
    {
        "logtime": "2019/07/01 15:16:06",
        "logdata": "url"
    },
    {
        "logtime": "2019/07/01 15:16:06",
        "logdata": "http://www.fuannainc.top//WS/MobileInterface.ashx?action=GetMobileRollNotice"
    },
    {
        "logtime": "2019/07/01 15:16:06",
        "logdata": ""
    },
    {
        "logtime": "2019/07/01 15:16:10",
        "logdata": null
    },
    {
        "logtime": "2019/07/01 15:16:10",
        "logdata": "onEnterGame"
    },
    {
        "logtime": "2019/07/01 15:16:10",
        "logdata": {
            "_ServerResVersion": 10,
            "_Active": true,
            "_KindVersion": "101122049",
            "_KindType": 1,
            "_Module": "xiuxian/shuiguolaba/",
            "_KindID": "406",
            "_Type": "xiuxian",
            "_KindName": "xiuxian.shuiguolaba.",
            "_SortId": 0
        }
    },
    {
        "logtime": "2019/07/01 15:16:11",
        "logdata": "GlobalUserItem.getCurGameKind()"
    },
    {
        "logtime": "2019/07/01 15:16:11",
        "logdata": 406
    },
    {
        "logtime": "2019/07/01 15:16:12",
        "logdata": "url"
    },
    {
        "logtime": "2019/07/01 15:16:12",
        "logdata": "http://apis.juhe.cn/ip/ip2addr?ip=58.23.48.188&key=74bb0395667b8d0588df9ebd6fc36a12"
    },
    {
        "logtime": "2019/07/01 15:16:12",
        "logdata": ""
    },
    {
        "logtime": "2019/07/01 15:16:12",
        "logdata": "url"
    },
    {
        "logtime": "2019/07/01 15:16:12",
        "logdata": "http://apis.juhe.cn/ip/ip2addr?ip=58.23.48.188&key=74bb0395667b8d0588df9ebd6fc36a12"
    },
    {
        "logtime": "2019/07/01 15:16:12",
        "logdata": ""
    },
    {
        "logtime": "2019/07/01 15:16:12",
        "logdata": "url"
    },
    {
        "logtime": "2019/07/01 15:16:12",
        "logdata": "http://apis.juhe.cn/ip/ip2addr?ip=58.23.48.188&key=74bb0395667b8d0588df9ebd6fc36a12"
    },
    {
        "logtime": "2019/07/01 15:16:12",
        "logdata": ""
    },
    {
        "logtime": "2019/07/01 15:16:12",
        "logdata": {
            "_ServerResVersion": 10,
            "_Active": true,
            "_KindVersion": "101122049",
            "_KindType": 1,
            "_Module": "xiuxian/shuiguolaba/",
            "_KindID": "406",
            "_Type": "xiuxian",
            "nSitChair": 65535,
            "_KindName": "xiuxian.shuiguolaba.",
            "nEnterRoomIndex": 1,
            "nSitTable": 65535,
            "_SortId": 0
        }
    },
    {
        "logtime": "2019/07/01 15:16:12",
        "logdata": "modulestr"
    },
    {
        "logtime": "2019/07/01 15:16:12",
        "logdata": "xiuxian/shuiguolaba/"
    },
    {
        "logtime": "2019/07/01 15:16:38",
        "logdata": "url"
    },
    {
        "logtime": "2019/07/01 15:16:38",
        "logdata": "http://www.fuannainc.top//WS/MobileInterface.ashx"
    },
    {
        "logtime": "2019/07/01 15:16:38",
        "logdata": "action=GetScoreInfo&userid=119929&time=1561965398&signature=90470B6FB65E8A72653875E6155DC515"
    }
]