[
    {
        "logtime": "2019/07/02 18:22:09",
        "logdata": "LogonScene.onceExcute"
    },
    {
        "logtime": "2019/07/02 18:22:09",
        "logdata": "http://www.fuannainc.top/"
    },
    {
        "logtime": "2019/07/02 18:22:09",
        "logdata": "url"
    },
    {
        "logtime": "2019/07/02 18:22:09",
        "logdata": "http://www.fuannainc.top//ws/MobileInterface.ashx?action=GetMobileLoginNotice"
    },
    {
        "logtime": "2019/07/02 18:22:09",
        "logdata": ""
    },
    {
        "logtime": "2019/07/02 18:22:11",
        "logdata": "url"
    },
    {
        "logtime": "2019/07/02 18:22:11",
        "logdata": "http://apis.juhe.cn/ip/ip2addr?ip=58.23.48.188&key=74bb0395667b8d0588df9ebd6fc36a12"
    },
    {
        "logtime": "2019/07/02 18:22:11",
        "logdata": ""
    },
    {
        "logtime": "2019/07/02 18:22:11",
        "logdata": "onLogonCallBack"
    },
    {
        "logtime": "2019/07/02 18:22:11",
        "logdata": "http://www.fuannainc.top/"
    },
    {
        "logtime": "2019/07/02 18:22:11",
        "logdata": "url"
    },
    {
        "logtime": "2019/07/02 18:22:11",
        "logdata": "http://www.fuannainc.top//WS/MobileInterface.ashx"
    },
    {
        "logtime": "2019/07/02 18:22:11",
        "logdata": "action=GetMobileShareConfig&userid=120187&time=1562062931&signature=E255170583190DB2CEF06F09BE709307"
    },
    {
        "logtime": "2019/07/02 18:22:12",
        "logdata": "url"
    },
    {
        "logtime": "2019/07/02 18:22:12",
        "logdata": "http://www.fuannainc.top//WS/MobileInterface.ashx?action=GetMobileRollNotice"
    },
    {
        "logtime": "2019/07/02 18:22:13",
        "logdata": ""
    },
    {
        "logtime": "2019/07/02 18:22:16",
        "logdata": null
    },
    {
        "logtime": "2019/07/02 18:22:16",
        "logdata": "onEnterGame"
    },
    {
        "logtime": "2019/07/02 18:22:16",
        "logdata": {
            "_ServerResVersion": 10,
            "_Active": true,
            "_KindVersion": "101122049",
            "_KindType": 1,
            "_Module": "xiuxian/shuiguolaba/",
            "_KindID": "406",
            "_Type": "xiuxian",
            "_KindName": "xiuxian.shuiguolaba.",
            "_SortId": 0
        }
    },
    {
        "logtime": "2019/07/02 18:22:16",
        "logdata": "GlobalUserItem.getCurGameKind()"
    },
    {
        "logtime": "2019/07/02 18:22:16",
        "logdata": 406
    },
    {
        "logtime": "2019/07/02 18:22:18",
        "logdata": "url"
    },
    {
        "logtime": "2019/07/02 18:22:18",
        "logdata": "http://apis.juhe.cn/ip/ip2addr?ip=58.23.48.188&key=74bb0395667b8d0588df9ebd6fc36a12"
    },
    {
        "logtime": "2019/07/02 18:22:18",
        "logdata": ""
    },
    {
        "logtime": "2019/07/02 18:22:18",
        "logdata": "url"
    },
    {
        "logtime": "2019/07/02 18:22:18",
        "logdata": "http://apis.juhe.cn/ip/ip2addr?ip=58.23.48.188&key=74bb0395667b8d0588df9ebd6fc36a12"
    },
    {
        "logtime": "2019/07/02 18:22:18",
        "logdata": ""
    },
    {
        "logtime": "2019/07/02 18:22:18",
        "logdata": "url"
    },
    {
        "logtime": "2019/07/02 18:22:18",
        "logdata": "http://apis.juhe.cn/ip/ip2addr?ip=58.23.48.188&key=74bb0395667b8d0588df9ebd6fc36a12"
    },
    {
        "logtime": "2019/07/02 18:22:18",
        "logdata": ""
    },
    {
        "logtime": "2019/07/02 18:22:18",
        "logdata": "url"
    },
    {
        "logtime": "2019/07/02 18:22:18",
        "logdata": "http://apis.juhe.cn/ip/ip2addr?ip=58.23.48.188&key=74bb0395667b8d0588df9ebd6fc36a12"
    },
    {
        "logtime": "2019/07/02 18:22:18",
        "logdata": ""
    },
    {
        "logtime": "2019/07/02 18:22:42",
        "logdata": "error loading module 'game.xiuxian.shuiguolaba.src.views.layer.GameViewLayer' from file '.\\game\\xiuxian\\shuiguolaba\\src\\views\\layer\\GameViewLayer.lua':\n\t...me\\xiuxian\\shuiguolaba\\src\\views\\layer\\GameViewLayer.lua:170: unexpected symbol near '-'\nstack traceback:\n\t[C]: in function 'req'\n\t[string \".\\game/xiuxian/shuiguolaba/src/views/GameLaye...\"]:11: in main chunk\n\t[C]: in function 'require'\n\t[string \".\\client/src/view/mediator/ViewMediator.lua\"]:114: in function 'notify'\n\t[string \".\\framework/puremvc/patterns/observer/Observe...\"]:85: in function 'notifyObserver'\n\t[string \".\\framework/puremvc/core/View.lua\"]:113: in function 'notifyObservers'\n\t[string \".\\framework/puremvc/patterns/facade/Facade.lua\"]:331: in function 'notifyObservers'\n\t[string \".\\framework/puremvc/patterns/facade/Facade.lua\"]:314: in function 'sendNotification'\n\t[string \".\\client/src/plaza/models/GameFrameEngine.lua\"]:619: in function 'LoadGameView'\n\t[string \".\\client/src/plaza/models/GameFrameEngine.lua\"]:737: in function 'onSocketUserStatus'\n\t[string \".\\client/src/plaza/models/GameFrameEngine.lua\"]:323: in function 'onSocketUserEvent'\n\t[string \".\\client/src/plaza/models/GameFrameEngine.lua\"]:113: in function 'onSocketEvent'\n\t[string \".\\client/src/plaza/models/BaseFrame.lua\"]:141: in function 'onSocketCallBack'\n\t[string \".\\client/src/plaza/models/BaseFrame.lua\"]:97: in function <[string \".\\client/src/plaza/models/BaseFrame.lua\"]:96>"
    },
    {
        "logtime": "2019/07/02 18:22:43",
        "logdata": "LogonScene.onceExcute"
    },
    {
        "logtime": "2019/07/02 18:22:43",
        "logdata": "http://www.fuannainc.top/"
    },
    {
        "logtime": "2019/07/02 18:22:43",
        "logdata": "url"
    },
    {
        "logtime": "2019/07/02 18:22:43",
        "logdata": "http://www.fuannainc.top//ws/MobileInterface.ashx?action=GetMobileLoginNotice"
    },
    {
        "logtime": "2019/07/02 18:22:43",
        "logdata": ""
    },
    {
        "logtime": "2019/07/02 18:22:45",
        "logdata": "url"
    },
    {
        "logtime": "2019/07/02 18:22:45",
        "logdata": "http://apis.juhe.cn/ip/ip2addr?ip=58.23.48.188&key=74bb0395667b8d0588df9ebd6fc36a12"
    },
    {
        "logtime": "2019/07/02 18:22:45",
        "logdata": ""
    },
    {
        "logtime": "2019/07/02 18:22:45",
        "logdata": "onLogonCallBack"
    },
    {
        "logtime": "2019/07/02 18:22:45",
        "logdata": "http://www.fuannainc.top/"
    },
    {
        "logtime": "2019/07/02 18:22:45",
        "logdata": "url"
    },
    {
        "logtime": "2019/07/02 18:22:45",
        "logdata": "http://www.fuannainc.top//WS/MobileInterface.ashx"
    },
    {
        "logtime": "2019/07/02 18:22:45",
        "logdata": "action=GetMobileShareConfig&userid=120187&time=1562062965&signature=F44E90DE132C7AAF2FB097E2E5D313A8"
    },
    {
        "logtime": "2019/07/02 18:22:47",
        "logdata": "url"
    },
    {
        "logtime": "2019/07/02 18:22:47",
        "logdata": "http://www.fuannainc.top//WS/MobileInterface.ashx?action=GetMobileRollNotice"
    },
    {
        "logtime": "2019/07/02 18:22:47",
        "logdata": ""
    },
    {
        "logtime": "2019/07/02 18:22:51",
        "logdata": null
    },
    {
        "logtime": "2019/07/02 18:22:51",
        "logdata": "onEnterGame"
    },
    {
        "logtime": "2019/07/02 18:22:51",
        "logdata": {
            "_ServerResVersion": 10,
            "_Active": true,
            "_KindVersion": "101122049",
            "_KindType": 1,
            "_Module": "xiuxian/shuiguolaba/",
            "_KindID": "406",
            "_Type": "xiuxian",
            "_KindName": "xiuxian.shuiguolaba.",
            "_SortId": 0
        }
    },
    {
        "logtime": "2019/07/02 18:22:51",
        "logdata": "GlobalUserItem.getCurGameKind()"
    },
    {
        "logtime": "2019/07/02 18:22:51",
        "logdata": 406
    },
    {
        "logtime": "2019/07/02 18:22:52",
        "logdata": "url"
    },
    {
        "logtime": "2019/07/02 18:22:52",
        "logdata": "http://apis.juhe.cn/ip/ip2addr?ip=58.23.48.188&key=74bb0395667b8d0588df9ebd6fc36a12"
    },
    {
        "logtime": "2019/07/02 18:22:52",
        "logdata": ""
    },
    {
        "logtime": "2019/07/02 18:22:52",
        "logdata": "url"
    },
    {
        "logtime": "2019/07/02 18:22:52",
        "logdata": "http://apis.juhe.cn/ip/ip2addr?ip=58.23.48.188&key=74bb0395667b8d0588df9ebd6fc36a12"
    },
    {
        "logtime": "2019/07/02 18:22:52",
        "logdata": ""
    },
    {
        "logtime": "2019/07/02 18:22:52",
        "logdata": "url"
    },
    {
        "logtime": "2019/07/02 18:22:52",
        "logdata": "http://apis.juhe.cn/ip/ip2addr?ip=58.23.48.188&key=74bb0395667b8d0588df9ebd6fc36a12"
    },
    {
        "logtime": "2019/07/02 18:22:52",
        "logdata": ""
    },
    {
        "logtime": "2019/07/02 18:22:52",
        "logdata": "url"
    },
    {
        "logtime": "2019/07/02 18:22:52",
        "logdata": "http://apis.juhe.cn/ip/ip2addr?ip=58.23.48.188&key=74bb0395667b8d0588df9ebd6fc36a12"
    },
    {
        "logtime": "2019/07/02 18:22:52",
        "logdata": ""
    },
    {
        "logtime": "2019/07/02 18:22:53",
        "logdata": {
            "_ServerResVersion": 10,
            "_Active": true,
            "_KindVersion": "101122049",
            "_KindType": 1,
            "_Module": "xiuxian/shuiguolaba/",
            "_KindID": "406",
            "_Type": "xiuxian",
            "nSitChair": 65535,
            "_KindName": "xiuxian.shuiguolaba.",
            "nEnterRoomIndex": 1,
            "nSitTable": 65535,
            "_SortId": 0
        }
    },
    {
        "logtime": "2019/07/02 18:22:53",
        "logdata": "modulestr"
    },
    {
        "logtime": "2019/07/02 18:22:53",
        "logdata": "xiuxian/shuiguolaba/"
    }
]