[
    {
        "logtime": "2019/05/22 18:57:02",
        "logdata": "url"
    },
    {
        "logtime": "2019/05/22 18:57:02",
        "logdata": "http://www.fuannainc.top//WS/MobileInterface.ashx"
    },
    {
        "logtime": "2019/05/22 18:57:02",
        "logdata": "action=GetScoreInfo&userid=119949&time=1558522622&signature=AA502CAFF1C3DD7767BCE0F810033CB1"
    },
    {
        "logtime": "2019/05/22 18:57:28",
        "logdata": "LogonScene.onceExcute"
    },
    {
        "logtime": "2019/05/22 18:57:28",
        "logdata": "http://www.fuannainc.top/"
    },
    {
        "logtime": "2019/05/22 18:57:29",
        "logdata": "url"
    },
    {
        "logtime": "2019/05/22 18:57:29",
        "logdata": "http://www.fuannainc.top//ws/MobileInterface.ashx?action=GetMobileLoginNotice"
    },
    {
        "logtime": "2019/05/22 18:57:29",
        "logdata": ""
    },
    {
        "logtime": "2019/05/22 18:57:30",
        "logdata": "url"
    },
    {
        "logtime": "2019/05/22 18:57:30",
        "logdata": "http://apis.juhe.cn/ip/ip2addr?ip=183.53.106.122&key=74bb0395667b8d0588df9ebd6fc36a12"
    },
    {
        "logtime": "2019/05/22 18:57:30",
        "logdata": ""
    },
    {
        "logtime": "2019/05/22 18:57:30",
        "logdata": "onLogonCallBack"
    },
    {
        "logtime": "2019/05/22 18:57:30",
        "logdata": "http://www.fuannainc.top/"
    },
    {
        "logtime": "2019/05/22 18:57:30",
        "logdata": "url"
    },
    {
        "logtime": "2019/05/22 18:57:30",
        "logdata": "http://www.fuannainc.top//WS/MobileInterface.ashx"
    },
    {
        "logtime": "2019/05/22 18:57:30",
        "logdata": "action=GetMobileShareConfig&userid=119944&time=1558522650&signature=F8A1115FF134025E447CB825D1817B02"
    },
    {
        "logtime": "2019/05/22 18:57:33",
        "logdata": "url"
    },
    {
        "logtime": "2019/05/22 18:57:33",
        "logdata": "http://www.fuannainc.top//WS/MobileInterface.ashx?action=GetMobileRollNotice"
    },
    {
        "logtime": "2019/05/22 18:57:33",
        "logdata": ""
    }
]