[
    {
        "logtime": "2019/05/18 11:35:04",
        "logdata": "LogonScene.onceExcute"
    },
    {
        "logtime": "2019/05/18 11:35:04",
        "logdata": "http://www.fuannainc.top/"
    },
    {
        "logtime": "2019/05/18 11:35:05",
        "logdata": "url"
    },
    {
        "logtime": "2019/05/18 11:35:05",
        "logdata": "http://www.fuannainc.top//ws/MobileInterface.ashx?action=GetMobileLoginNotice"
    },
    {
        "logtime": "2019/05/18 11:35:05",
        "logdata": ""
    },
    {
        "logtime": "2019/05/18 11:35:09",
        "logdata": "url"
    },
    {
        "logtime": "2019/05/18 11:35:09",
        "logdata": "http://apis.juhe.cn/ip/ip2addr?ip=113.77.83.199&key=74bb0395667b8d0588df9ebd6fc36a12"
    },
    {
        "logtime": "2019/05/18 11:35:09",
        "logdata": ""
    },
    {
        "logtime": "2019/05/18 11:35:09",
        "logdata": "onLogonCallBack"
    },
    {
        "logtime": "2019/05/18 11:35:09",
        "logdata": "http://www.fuannainc.top/"
    },
    {
        "logtime": "2019/05/18 11:35:09",
        "logdata": "url"
    },
    {
        "logtime": "2019/05/18 11:35:09",
        "logdata": "http://www.fuannainc.top//WS/MobileInterface.ashx"
    },
    {
        "logtime": "2019/05/18 11:35:09",
        "logdata": "action=GetMobileShareConfig&userid=119941&time=1558150509&signature=F9E2807C679D563423AA18978659BA65"
    },
    {
        "logtime": "2019/05/18 11:35:13",
        "logdata": "url"
    },
    {
        "logtime": "2019/05/18 11:35:13",
        "logdata": "http://www.fuannainc.top//WS/MobileInterface.ashx?action=GetMobileRollNotice"
    },
    {
        "logtime": "2019/05/18 11:35:13",
        "logdata": ""
    },
    {
        "logtime": "2019/05/18 11:35:13",
        "logdata": "url"
    },
    {
        "logtime": "2019/05/18 11:35:13",
        "logdata": "http://apis.juhe.cn/ip/ip2addr?ip=113.77.83.199&key=74bb0395667b8d0588df9ebd6fc36a12"
    },
    {
        "logtime": "2019/05/18 11:35:13",
        "logdata": ""
    },
    {
        "logtime": "2019/05/18 11:35:13",
        "logdata": "onLogonCallBack"
    },
    {
        "logtime": "2019/05/18 11:35:13",
        "logdata": "http://www.fuannainc.top/"
    },
    {
        "logtime": "2019/05/18 11:35:13",
        "logdata": "url"
    },
    {
        "logtime": "2019/05/18 11:35:13",
        "logdata": "http://www.fuannainc.top//WS/MobileInterface.ashx"
    },
    {
        "logtime": "2019/05/18 11:35:13",
        "logdata": "action=GetMobileShareConfig&userid=119894&time=1558150513&signature=6186006FD44524C427A76E91CB2F000D"
    },
    {
        "logtime": "2019/05/18 11:35:15",
        "logdata": "url"
    },
    {
        "logtime": "2019/05/18 11:35:15",
        "logdata": "http://www.fuannainc.top//WS/MobileInterface.ashx?action=GetMobileRollNotice"
    },
    {
        "logtime": "2019/05/18 11:35:15",
        "logdata": ""
    },
    {
        "logtime": "2019/05/18 11:35:27",
        "logdata": "LogonScene.onceExcute"
    },
    {
        "logtime": "2019/05/18 11:35:27",
        "logdata": "http://www.fuannainc.top/"
    },
    {
        "logtime": "2019/05/18 11:35:27",
        "logdata": "url"
    },
    {
        "logtime": "2019/05/18 11:35:27",
        "logdata": "http://www.fuannainc.top//ws/MobileInterface.ashx?action=GetMobileLoginNotice"
    },
    {
        "logtime": "2019/05/18 11:35:27",
        "logdata": ""
    },
    {
        "logtime": "2019/05/18 11:35:56",
        "logdata": "url"
    },
    {
        "logtime": "2019/05/18 11:35:56",
        "logdata": "http://apis.juhe.cn/ip/ip2addr?ip=113.77.83.199&key=74bb0395667b8d0588df9ebd6fc36a12"
    },
    {
        "logtime": "2019/05/18 11:35:56",
        "logdata": ""
    },
    {
        "logtime": "2019/05/18 11:35:56",
        "logdata": "onLogonCallBack"
    },
    {
        "logtime": "2019/05/18 11:35:56",
        "logdata": "http://www.fuannainc.top/"
    },
    {
        "logtime": "2019/05/18 11:35:56",
        "logdata": "url"
    },
    {
        "logtime": "2019/05/18 11:35:56",
        "logdata": "http://www.fuannainc.top//WS/MobileInterface.ashx"
    },
    {
        "logtime": "2019/05/18 11:35:56",
        "logdata": "action=GetMobileShareConfig&userid=119919&time=1558150556&signature=16F058982CA99706FA5528B62B32BBA5"
    },
    {
        "logtime": "2019/05/18 11:35:59",
        "logdata": "url"
    },
    {
        "logtime": "2019/05/18 11:35:59",
        "logdata": "http://www.fuannainc.top//WS/MobileInterface.ashx?action=GetMobileRollNotice"
    },
    {
        "logtime": "2019/05/18 11:35:59",
        "logdata": ""
    },
    {
        "logtime": "2019/05/18 11:35:59",
        "logdata": "url"
    },
    {
        "logtime": "2019/05/18 11:35:59",
        "logdata": "http://apis.juhe.cn/ip/ip2addr?ip=113.77.83.199&key=74bb0395667b8d0588df9ebd6fc36a12"
    },
    {
        "logtime": "2019/05/18 11:35:59",
        "logdata": ""
    },
    {
        "logtime": "2019/05/18 11:35:59",
        "logdata": "onLogonCallBack"
    },
    {
        "logtime": "2019/05/18 11:35:59",
        "logdata": "http://www.fuannainc.top/"
    },
    {
        "logtime": "2019/05/18 11:35:59",
        "logdata": "url"
    },
    {
        "logtime": "2019/05/18 11:35:59",
        "logdata": "http://www.fuannainc.top//WS/MobileInterface.ashx"
    },
    {
        "logtime": "2019/05/18 11:35:59",
        "logdata": "action=GetMobileShareConfig&userid=119905&time=1558150559&signature=676BB187239A41F3EE39F3E2D952374F"
    }
]