[
    {
        "logtime": "2019/05/13 16:11:00",
        "logdata": "LogonScene.onceExcute"
    },
    {
        "logtime": "2019/05/13 16:11:00",
        "logdata": "http://www.fuannainc.top/"
    },
    {
        "logtime": "2019/05/13 16:11:00",
        "logdata": "url"
    },
    {
        "logtime": "2019/05/13 16:11:00",
        "logdata": "http://www.fuannainc.top//ws/MobileInterface.ashx?action=GetMobileLoginNotice"
    },
    {
        "logtime": "2019/05/13 16:11:00",
        "logdata": ""
    },
    {
        "logtime": "2019/05/13 16:11:06",
        "logdata": "url"
    },
    {
        "logtime": "2019/05/13 16:11:06",
        "logdata": "http://apis.juhe.cn/ip/ip2addr?ip=113.77.80.214&key=74bb0395667b8d0588df9ebd6fc36a12"
    },
    {
        "logtime": "2019/05/13 16:11:06",
        "logdata": ""
    },
    {
        "logtime": "2019/05/13 16:11:06",
        "logdata": "onLogonCallBack"
    },
    {
        "logtime": "2019/05/13 16:11:06",
        "logdata": "http://www.fuannainc.top/"
    },
    {
        "logtime": "2019/05/13 16:11:06",
        "logdata": "url"
    },
    {
        "logtime": "2019/05/13 16:11:06",
        "logdata": "http://www.fuannainc.top//WS/MobileInterface.ashx"
    },
    {
        "logtime": "2019/05/13 16:11:06",
        "logdata": "action=GetMobileShareConfig&userid=120774&time=1557735066&signature=6132030D7DACB2DE5D2B2D2FBC3EAFBE"
    },
    {
        "logtime": "2019/05/13 16:11:08",
        "logdata": "url"
    },
    {
        "logtime": "2019/05/13 16:11:08",
        "logdata": "http://www.fuannainc.top//WS/MobileInterface.ashx?action=GetMobileRollNotice"
    },
    {
        "logtime": "2019/05/13 16:11:08",
        "logdata": ""
    }
]