[
    {
        "logtime": "2019/05/17 15:04:15",
        "logdata": "LogonScene.onceExcute"
    },
    {
        "logtime": "2019/05/17 15:04:15",
        "logdata": "http://www.fuannabbs.top/"
    },
    {
        "logtime": "2019/05/17 15:04:15",
        "logdata": "url"
    },
    {
        "logtime": "2019/05/17 15:04:15",
        "logdata": "http://www.fuannabbs.top//ws/MobileInterface.ashx?action=GetMobileLoginNotice"
    },
    {
        "logtime": "2019/05/17 15:04:15",
        "logdata": ""
    },
    {
        "logtime": "2019/05/17 15:04:27",
        "logdata": "url"
    },
    {
        "logtime": "2019/05/17 15:04:27",
        "logdata": "http://apis.juhe.cn/ip/ip2addr?ip=113.77.83.165&key=74bb0395667b8d0588df9ebd6fc36a12"
    },
    {
        "logtime": "2019/05/17 15:04:27",
        "logdata": ""
    },
    {
        "logtime": "2019/05/17 15:04:27",
        "logdata": "onLogonCallBack"
    },
    {
        "logtime": "2019/05/17 15:04:27",
        "logdata": "http://www.fuannabbs.top/"
    },
    {
        "logtime": "2019/05/17 15:04:27",
        "logdata": "url"
    },
    {
        "logtime": "2019/05/17 15:04:27",
        "logdata": "http://www.fuannabbs.top//WS/MobileInterface.ashx"
    },
    {
        "logtime": "2019/05/17 15:04:27",
        "logdata": "action=GetMobileShareConfig&userid=120818&time=1558076667&signature=19A335538A3AE156649AD8595B4A06AA"
    },
    {
        "logtime": "2019/05/17 15:04:40",
        "logdata": "url"
    },
    {
        "logtime": "2019/05/17 15:04:40",
        "logdata": "http://apis.juhe.cn/ip/ip2addr?ip=113.77.83.165&key=74bb0395667b8d0588df9ebd6fc36a12"
    },
    {
        "logtime": "2019/05/17 15:04:40",
        "logdata": ""
    },
    {
        "logtime": "2019/05/17 15:04:40",
        "logdata": "onLogonCallBack"
    },
    {
        "logtime": "2019/05/17 15:04:40",
        "logdata": "http://www.fuannabbs.top/"
    },
    {
        "logtime": "2019/05/17 15:04:40",
        "logdata": "url"
    },
    {
        "logtime": "2019/05/17 15:04:40",
        "logdata": "http://www.fuannabbs.top//WS/MobileInterface.ashx"
    },
    {
        "logtime": "2019/05/17 15:04:40",
        "logdata": "action=GetMobileShareConfig&userid=120795&time=1558076680&signature=092FAFFE343EEE38BE57661AA9971AC7"
    },
    {
        "logtime": "2019/05/17 15:04:46",
        "logdata": "url"
    },
    {
        "logtime": "2019/05/17 15:04:46",
        "logdata": "http://apis.juhe.cn/ip/ip2addr?ip=113.77.83.165&key=74bb0395667b8d0588df9ebd6fc36a12"
    },
    {
        "logtime": "2019/05/17 15:04:46",
        "logdata": ""
    },
    {
        "logtime": "2019/05/17 15:04:46",
        "logdata": "onLogonCallBack"
    },
    {
        "logtime": "2019/05/17 15:04:46",
        "logdata": "http://www.fuannabbs.top/"
    },
    {
        "logtime": "2019/05/17 15:04:46",
        "logdata": "url"
    },
    {
        "logtime": "2019/05/17 15:04:46",
        "logdata": "http://www.fuannabbs.top//WS/MobileInterface.ashx"
    },
    {
        "logtime": "2019/05/17 15:04:46",
        "logdata": "action=GetMobileShareConfig&userid=120809&time=1558076686&signature=372A6C94F553FFD43A3F4E4C5DBABCA3"
    },
    {
        "logtime": "2019/05/17 15:04:52",
        "logdata": "url"
    },
    {
        "logtime": "2019/05/17 15:04:52",
        "logdata": "http://www.fuannabbs.top//WS/MobileInterface.ashx?action=GetMobileRollNotice"
    },
    {
        "logtime": "2019/05/17 15:04:52",
        "logdata": ""
    }
]