[
    {
        "logtime": "2009/01/01 06:56:25",
        "logdata": "LogonScene.onceExcute"
    },
    {
        "logtime": "2009/01/01 06:56:25",
        "logdata": "http://www.fuannainc.top/"
    },
    {
        "logtime": "2009/01/01 06:56:25",
        "logdata": "url"
    },
    {
        "logtime": "2009/01/01 06:56:25",
        "logdata": "http://www.fuannainc.top//ws/MobileInterface.ashx?action=GetMobileLoginNotice"
    },
    {
        "logtime": "2009/01/01 06:56:25",
        "logdata": ""
    },
    {
        "logtime": "2009/01/01 06:56:27",
        "logdata": "url"
    },
    {
        "logtime": "2009/01/01 06:56:27",
        "logdata": "http://apis.juhe.cn/ip/ip2addr?ip=183.53.107.223&key=74bb0395667b8d0588df9ebd6fc36a12"
    },
    {
        "logtime": "2009/01/01 06:56:27",
        "logdata": ""
    },
    {
        "logtime": "2009/01/01 06:56:27",
        "logdata": "onLogonCallBack"
    },
    {
        "logtime": "2009/01/01 06:56:27",
        "logdata": "http://www.fuannainc.top/"
    },
    {
        "logtime": "2009/01/01 06:56:27",
        "logdata": "url"
    },
    {
        "logtime": "2009/01/01 06:56:27",
        "logdata": "http://www.fuannainc.top//WS/MobileInterface.ashx"
    },
    {
        "logtime": "2009/01/01 06:56:27",
        "logdata": "action=GetMobileShareConfig&userid=119908&time=1230764187&signature=65F57A5B07F2CCD7C5B58FD3D83EBAF9"
    }
]