[
    {
        "logtime": "2019/07/02 10:06:50",
        "logdata": "LogonScene.onceExcute"
    },
    {
        "logtime": "2019/07/02 10:06:50",
        "logdata": "http://www.fuannainc.top/"
    },
    {
        "logtime": "2019/07/02 10:06:50",
        "logdata": "url"
    },
    {
        "logtime": "2019/07/02 10:06:50",
        "logdata": "http://www.fuannainc.top//ws/MobileInterface.ashx?action=GetMobileLoginNotice"
    },
    {
        "logtime": "2019/07/02 10:06:50",
        "logdata": ""
    },
    {
        "logtime": "2019/07/02 10:06:54",
        "logdata": "url"
    },
    {
        "logtime": "2019/07/02 10:06:54",
        "logdata": "http://apis.juhe.cn/ip/ip2addr?ip=58.23.48.188&key=74bb0395667b8d0588df9ebd6fc36a12"
    },
    {
        "logtime": "2019/07/02 10:06:54",
        "logdata": ""
    },
    {
        "logtime": "2019/07/02 10:06:54",
        "logdata": "onLogonCallBack"
    },
    {
        "logtime": "2019/07/02 10:06:54",
        "logdata": "http://www.fuannainc.top/"
    },
    {
        "logtime": "2019/07/02 10:06:54",
        "logdata": "url"
    },
    {
        "logtime": "2019/07/02 10:06:54",
        "logdata": "http://www.fuannainc.top//WS/MobileInterface.ashx"
    },
    {
        "logtime": "2019/07/02 10:06:54",
        "logdata": "action=GetMobileShareConfig&userid=119947&time=1562033214&signature=6A56FE2F71770DF26400CEB5CB22AF3E"
    },
    {
        "logtime": "2019/07/02 10:06:56",
        "logdata": "url"
    },
    {
        "logtime": "2019/07/02 10:06:56",
        "logdata": "http://www.fuannainc.top//WS/MobileInterface.ashx?action=GetMobileRollNotice"
    },
    {
        "logtime": "2019/07/02 10:06:56",
        "logdata": ""
    }
]