[
    {
        "logtime": "2019/05/16 10:25:00",
        "logdata": "LogonScene.onceExcute"
    },
    {
        "logtime": "2019/05/16 10:25:00",
        "logdata": "http://www.fuannainc.top/"
    },
    {
        "logtime": "2019/05/16 10:25:00",
        "logdata": "url"
    },
    {
        "logtime": "2019/05/16 10:25:00",
        "logdata": "http://www.fuannainc.top//ws/MobileInterface.ashx?action=GetMobileLoginNotice"
    },
    {
        "logtime": "2019/05/16 10:25:00",
        "logdata": ""
    },
    {
        "logtime": "2019/05/16 10:25:23",
        "logdata": "url"
    },
    {
        "logtime": "2019/05/16 10:25:23",
        "logdata": "http://apis.juhe.cn/ip/ip2addr?ip=183.53.107.65&key=74bb0395667b8d0588df9ebd6fc36a12"
    },
    {
        "logtime": "2019/05/16 10:25:23",
        "logdata": ""
    },
    {
        "logtime": "2019/05/16 10:25:23",
        "logdata": "onLogonCallBack"
    },
    {
        "logtime": "2019/05/16 10:25:23",
        "logdata": "http://www.fuannainc.top/"
    },
    {
        "logtime": "2019/05/16 10:25:23",
        "logdata": "url"
    },
    {
        "logtime": "2019/05/16 10:25:23",
        "logdata": "http://www.fuannainc.top//WS/MobileInterface.ashx"
    },
    {
        "logtime": "2019/05/16 10:25:23",
        "logdata": "action=GetMobileShareConfig&userid=119919&time=1557973523&signature=D6C8CE4D7D5BF27B0AF8DB547774C56E"
    },
    {
        "logtime": "2019/05/16 10:25:26",
        "logdata": "url"
    },
    {
        "logtime": "2019/05/16 10:25:26",
        "logdata": "http://www.fuannainc.top//WS/MobileInterface.ashx?action=GetMobileRollNotice"
    },
    {
        "logtime": "2019/05/16 10:25:26",
        "logdata": ""
    },
    {
        "logtime": "2019/05/16 10:25:28",
        "logdata": "onWillViewEnter"
    },
    {
        "logtime": "2019/05/16 10:25:35",
        "logdata": "onWillViewExit"
    },
    {
        "logtime": "2019/05/16 10:25:35",
        "logdata": "onWillViewExit"
    },
    {
        "logtime": "2019/05/16 10:25:36",
        "logdata": "onWillViewEnter"
    }
]