[
    {
        "logtime": "2019/07/02 18:58:34",
        "logdata": "LogonScene.onceExcute"
    },
    {
        "logtime": "2019/07/02 18:58:34",
        "logdata": "http://www.fuannainc.top/"
    },
    {
        "logtime": "2019/07/02 18:58:34",
        "logdata": "url"
    },
    {
        "logtime": "2019/07/02 18:58:34",
        "logdata": "http://www.fuannainc.top//ws/MobileInterface.ashx?action=GetMobileLoginNotice"
    },
    {
        "logtime": "2019/07/02 18:58:34",
        "logdata": ""
    },
    {
        "logtime": "2019/07/02 18:58:35",
        "logdata": "url"
    },
    {
        "logtime": "2019/07/02 18:58:35",
        "logdata": "http://apis.juhe.cn/ip/ip2addr?ip=58.23.48.188&key=74bb0395667b8d0588df9ebd6fc36a12"
    },
    {
        "logtime": "2019/07/02 18:58:35",
        "logdata": ""
    },
    {
        "logtime": "2019/07/02 18:58:35",
        "logdata": "onLogonCallBack"
    },
    {
        "logtime": "2019/07/02 18:58:35",
        "logdata": "http://www.fuannainc.top/"
    },
    {
        "logtime": "2019/07/02 18:58:35",
        "logdata": "url"
    },
    {
        "logtime": "2019/07/02 18:58:35",
        "logdata": "http://www.fuannainc.top//WS/MobileInterface.ashx"
    },
    {
        "logtime": "2019/07/02 18:58:35",
        "logdata": "action=GetMobileShareConfig&userid=120187&time=1562065115&signature=12539A103B09A79372B84EB3A06B761F"
    },
    {
        "logtime": "2019/07/02 18:58:37",
        "logdata": "url"
    },
    {
        "logtime": "2019/07/02 18:58:37",
        "logdata": "http://www.fuannainc.top//WS/MobileInterface.ashx?action=GetMobileRollNotice"
    },
    {
        "logtime": "2019/07/02 18:58:37",
        "logdata": ""
    },
    {
        "logtime": "2019/07/02 18:58:38",
        "logdata": "url"
    },
    {
        "logtime": "2019/07/02 18:58:38",
        "logdata": "http://apis.juhe.cn/ip/ip2addr?ip=58.23.48.188&key=74bb0395667b8d0588df9ebd6fc36a12"
    },
    {
        "logtime": "2019/07/02 18:58:38",
        "logdata": ""
    },
    {
        "logtime": "2019/07/02 18:58:38",
        "logdata": "onLogonCallBack"
    },
    {
        "logtime": "2019/07/02 18:58:38",
        "logdata": "http://www.fuannainc.top/"
    },
    {
        "logtime": "2019/07/02 18:58:38",
        "logdata": "url"
    },
    {
        "logtime": "2019/07/02 18:58:38",
        "logdata": "http://www.fuannainc.top//WS/MobileInterface.ashx"
    },
    {
        "logtime": "2019/07/02 18:58:38",
        "logdata": "action=GetMobileShareConfig&userid=120187&time=1562065118&signature=A7C6318B20C8B60EF1A3381814AC69C6"
    },
    {
        "logtime": "2019/07/02 18:58:39",
        "logdata": "url"
    },
    {
        "logtime": "2019/07/02 18:58:39",
        "logdata": "http://www.fuannainc.top//WS/MobileInterface.ashx?action=GetMobileRollNotice"
    },
    {
        "logtime": "2019/07/02 18:58:39",
        "logdata": ""
    },
    {
        "logtime": "2019/07/02 18:58:42",
        "logdata": "[string \".\\client/src/controller/command/LoadViewComma...\"]:288: attempt to call method 'attach' (a nil value)\nstack traceback:\n\t[string \".\\framework/notify/event.lua\"]:167: in function 'call_handlers'\n\t[string \".\\framework/notify/event.lua\"]:305: in function 'emit'\n\t[string \".\\view/base/BaseLayer.lua\"]:135: in function 'emit'\n\t[string \".\\view/base/BaseLayer.lua\"]:37: in function 'loadFinished'\n\t[string \".\\view/base/BaseLayer.lua\"]:31: in function <[string \".\\view/base/BaseLayer.lua\"]:30>"
    },
    {
        "logtime": "2019/07/02 18:58:42",
        "logdata": "[string \".\\client/src/view/mediator/ClientSceneMediato...\"]:31: attempt to call method 'emit' (a nil value)\nstack traceback:\n\t[string \".\\framework/puremvc/patterns/observer/Observe...\"]:85: in function 'notifyObserver'\n\t[string \".\\framework/puremvc/core/View.lua\"]:113: in function 'notifyObservers'\n\t[string \".\\framework/puremvc/patterns/facade/Facade.lua\"]:331: in function 'notifyObservers'\n\t[string \".\\framework/puremvc/patterns/facade/Facade.lua\"]:314: in function 'sendNotification'\n\t[string \".\\client/src/plaza/views/ClientScene.lua\"]:2835: in function <[string \".\\client/src/plaza/views/ClientScene.lua\"]:2826>\n\t[C]: in function 'dispatchEvent'\n\t[string \".\\client/src/plaza/models/CheckinFrame.lua\"]:124: in function 'onSubCheckinResult'\n\t[string \".\\client/src/plaza/models/CheckinFrame.lua\"]:57: in function 'onSocketEvent'\n\t[string \".\\client/src/plaza/models/BaseFrame.lua\"]:141: in function 'onSocketCallBack'\n\t[string \".\\client/src/plaza/models/BaseFrame.lua\"]:97: in function <[string \".\\client/src/plaza/models/BaseFrame.lua\"]:96>"
    },
    {
        "logtime": "2019/07/02 18:58:42",
        "logdata": "[string \".\\view/base/BaseLayer.lua\"]:31: attempt to call method 'loadFinished' (a nil value)\nstack traceback:"
    },
    {
        "logtime": "2019/07/02 18:58:42",
        "logdata": "[string \".\\view/base/BaseLayer.lua\"]:31: attempt to call method 'loadFinished' (a nil value)\nstack traceback:"
    },
    {
        "logtime": "2019/07/02 18:58:42",
        "logdata": "[string \".\\view/base/BaseLayer.lua\"]:31: attempt to call method 'loadFinished' (a nil value)\nstack traceback:"
    },
    {
        "logtime": "2019/07/02 18:58:42",
        "logdata": "[string \".\\view/base/BaseLayer.lua\"]:31: attempt to call method 'loadFinished' (a nil value)\nstack traceback:"
    },
    {
        "logtime": "2019/07/02 18:58:42",
        "logdata": "[string \".\\view/base/BaseLayer.lua\"]:31: attempt to call method 'loadFinished' (a nil value)\nstack traceback:"
    },
    {
        "logtime": "2019/07/02 18:58:42",
        "logdata": "[string \".\\view/base/BaseLayer.lua\"]:31: attempt to call method 'loadFinished' (a nil value)\nstack traceback:"
    },
    {
        "logtime": "2019/07/02 18:58:42",
        "logdata": "[string \".\\view/base/BaseLayer.lua\"]:31: attempt to call method 'loadFinished' (a nil value)\nstack traceback:"
    },
    {
        "logtime": "2019/07/02 18:58:42",
        "logdata": "[string \".\\view/base/BaseLayer.lua\"]:31: attempt to call method 'loadFinished' (a nil value)\nstack traceback:"
    },
    {
        "logtime": "2019/07/02 18:58:42",
        "logdata": "[string \".\\view/base/BaseLayer.lua\"]:31: attempt to call method 'loadFinished' (a nil value)\nstack traceback:"
    },
    {
        "logtime": "2019/07/02 18:58:42",
        "logdata": "[string \".\\view/base/BaseLayer.lua\"]:31: attempt to call method 'loadFinished' (a nil value)\nstack traceback:"
    },
    {
        "logtime": "2019/07/02 18:58:42",
        "logdata": "[string \".\\view/base/BaseLayer.lua\"]:31: attempt to call method 'loadFinished' (a nil value)\nstack traceback:"
    },
    {
        "logtime": "2019/07/02 18:58:42",
        "logdata": "[string \".\\view/base/BaseLayer.lua\"]:31: attempt to call method 'loadFinished' (a nil value)\nstack traceback:"
    },
    {
        "logtime": "2019/07/02 18:58:42",
        "logdata": "[string \".\\view/base/BaseLayer.lua\"]:31: attempt to call method 'loadFinished' (a nil value)\nstack traceback:"
    },
    {
        "logtime": "2019/07/02 18:58:42",
        "logdata": "[string \".\\view/base/BaseLayer.lua\"]:31: attempt to call method 'loadFinished' (a nil value)\nstack traceback:"
    },
    {
        "logtime": "2019/07/02 18:58:42",
        "logdata": "[string \".\\view/base/BaseLayer.lua\"]:31: attempt to call method 'loadFinished' (a nil value)\nstack traceback:"
    },
    {
        "logtime": "2019/07/02 18:58:42",
        "logdata": "[string \".\\view/base/BaseLayer.lua\"]:31: attempt to call method 'loadFinished' (a nil value)\nstack traceback:"
    },
    {
        "logtime": "2019/07/02 18:58:42",
        "logdata": "[string \".\\view/base/BaseLayer.lua\"]:31: attempt to call method 'loadFinished' (a nil value)\nstack traceback:"
    },
    {
        "logtime": "2019/07/02 18:58:42",
        "logdata": "[string \".\\view/base/BaseLayer.lua\"]:31: attempt to call method 'loadFinished' (a nil value)\nstack traceback:"
    },
    {
        "logtime": "2019/07/02 18:58:42",
        "logdata": "[string \".\\view/base/BaseLayer.lua\"]:31: attempt to call method 'loadFinished' (a nil value)\nstack traceback:"
    },
    {
        "logtime": "2019/07/02 18:58:42",
        "logdata": "[string \".\\view/base/BaseLayer.lua\"]:31: attempt to call method 'loadFinished' (a nil value)\nstack traceback:"
    },
    {
        "logtime": "2019/07/02 18:58:42",
        "logdata": "[string \".\\view/base/BaseLayer.lua\"]:31: attempt to call method 'loadFinished' (a nil value)\nstack traceback:"
    },
    {
        "logtime": "2019/07/02 18:58:42",
        "logdata": "[string \".\\view/base/BaseLayer.lua\"]:31: attempt to call method 'loadFinished' (a nil value)\nstack traceback:"
    },
    {
        "logtime": "2019/07/02 18:58:42",
        "logdata": "[string \".\\view/base/BaseLayer.lua\"]:31: attempt to call method 'loadFinished' (a nil value)\nstack traceback:"
    },
    {
        "logtime": "2019/07/02 18:58:42",
        "logdata": "[string \".\\view/base/BaseLayer.lua\"]:31: attempt to call method 'loadFinished' (a nil value)\nstack traceback:"
    },
    {
        "logtime": "2019/07/02 18:58:42",
        "logdata": "[string \".\\view/base/BaseLayer.lua\"]:31: attempt to call method 'loadFinished' (a nil value)\nstack traceback:"
    },
    {
        "logtime": "2019/07/02 18:58:42",
        "logdata": "[string \".\\view/base/BaseLayer.lua\"]:31: attempt to call method 'loadFinished' (a nil value)\nstack traceback:"
    },
    {
        "logtime": "2019/07/02 18:58:42",
        "logdata": "[string \".\\view/base/BaseLayer.lua\"]:31: attempt to call method 'loadFinished' (a nil value)\nstack traceback:"
    },
    {
        "logtime": "2019/07/02 18:58:42",
        "logdata": "[string \".\\view/base/BaseLayer.lua\"]:31: attempt to call method 'loadFinished' (a nil value)\nstack traceback:"
    },
    {
        "logtime": "2019/07/02 18:58:42",
        "logdata": "[string \".\\view/base/BaseLayer.lua\"]:31: attempt to call method 'loadFinished' (a nil value)\nstack traceback:"
    },
    {
        "logtime": "2019/07/02 18:58:42",
        "logdata": "[string \".\\view/base/BaseLayer.lua\"]:31: attempt to call method 'loadFinished' (a nil value)\nstack traceback:"
    },
    {
        "logtime": "2019/07/02 18:58:42",
        "logdata": "[string \".\\view/base/BaseLayer.lua\"]:31: attempt to call method 'loadFinished' (a nil value)\nstack traceback:"
    },
    {
        "logtime": "2019/07/02 18:58:42",
        "logdata": "[string \".\\view/base/BaseLayer.lua\"]:31: attempt to call method 'loadFinished' (a nil value)\nstack traceback:"
    },
    {
        "logtime": "2019/07/02 18:58:42",
        "logdata": "[string \".\\view/base/BaseLayer.lua\"]:31: attempt to call method 'loadFinished' (a nil value)\nstack traceback:"
    },
    {
        "logtime": "2019/07/02 18:58:42",
        "logdata": "[string \".\\view/base/BaseLayer.lua\"]:31: attempt to call method 'loadFinished' (a nil value)\nstack traceback:"
    },
    {
        "logtime": "2019/07/02 18:58:42",
        "logdata": "[string \".\\view/base/BaseLayer.lua\"]:31: attempt to call method 'loadFinished' (a nil value)\nstack traceback:"
    },
    {
        "logtime": "2019/07/02 18:58:42",
        "logdata": "[string \".\\view/base/BaseLayer.lua\"]:31: attempt to call method 'loadFinished' (a nil value)\nstack traceback:"
    },
    {
        "logtime": "2019/07/02 18:58:42",
        "logdata": "[string \".\\view/base/BaseLayer.lua\"]:31: attempt to call method 'loadFinished' (a nil value)\nstack traceback:"
    },
    {
        "logtime": "2019/07/02 18:58:42",
        "logdata": "[string \".\\view/base/BaseLayer.lua\"]:31: attempt to call method 'loadFinished' (a nil value)\nstack traceback:"
    },
    {
        "logtime": "2019/07/02 18:58:42",
        "logdata": "[string \".\\view/base/BaseLayer.lua\"]:31: attempt to call method 'loadFinished' (a nil value)\nstack traceback:"
    },
    {
        "logtime": "2019/07/02 18:58:42",
        "logdata": "[string \".\\view/base/BaseLayer.lua\"]:31: attempt to call method 'loadFinished' (a nil value)\nstack traceback:"
    },
    {
        "logtime": "2019/07/02 18:58:42",
        "logdata": "[string \".\\view/base/BaseLayer.lua\"]:31: attempt to call method 'loadFinished' (a nil value)\nstack traceback:"
    },
    {
        "logtime": "2019/07/02 18:58:42",
        "logdata": "[string \".\\view/base/BaseLayer.lua\"]:31: attempt to call method 'loadFinished' (a nil value)\nstack traceback:"
    },
    {
        "logtime": "2019/07/02 18:58:42",
        "logdata": "[string \".\\view/base/BaseLayer.lua\"]:31: attempt to call method 'loadFinished' (a nil value)\nstack traceback:"
    },
    {
        "logtime": "2019/07/02 18:58:42",
        "logdata": "[string \".\\view/base/BaseLayer.lua\"]:31: attempt to call method 'loadFinished' (a nil value)\nstack traceback:"
    },
    {
        "logtime": "2019/07/02 18:58:42",
        "logdata": "[string \".\\view/base/BaseLayer.lua\"]:31: attempt to call method 'loadFinished' (a nil value)\nstack traceback:"
    },
    {
        "logtime": "2019/07/02 18:58:42",
        "logdata": "[string \".\\view/base/BaseLayer.lua\"]:31: attempt to call method 'loadFinished' (a nil value)\nstack traceback:"
    },
    {
        "logtime": "2019/07/02 18:58:42",
        "logdata": "[string \".\\view/base/BaseLayer.lua\"]:31: attempt to call method 'loadFinished' (a nil value)\nstack traceback:"
    },
    {
        "logtime": "2019/07/02 18:58:42",
        "logdata": "[string \".\\view/base/BaseLayer.lua\"]:31: attempt to call method 'loadFinished' (a nil value)\nstack traceback:"
    },
    {
        "logtime": "2019/07/02 18:58:42",
        "logdata": "[string \".\\view/base/BaseLayer.lua\"]:31: attempt to call method 'loadFinished' (a nil value)\nstack traceback:"
    },
    {
        "logtime": "2019/07/02 18:58:43",
        "logdata": "[string \".\\view/base/BaseLayer.lua\"]:31: attempt to call method 'loadFinished' (a nil value)\nstack traceback:"
    },
    {
        "logtime": "2019/07/02 18:58:43",
        "logdata": "[string \".\\view/base/BaseLayer.lua\"]:31: attempt to call method 'loadFinished' (a nil value)\nstack traceback:"
    },
    {
        "logtime": "2019/07/02 18:58:43",
        "logdata": "[string \".\\view/base/BaseLayer.lua\"]:31: attempt to call method 'loadFinished' (a nil value)\nstack traceback:"
    },
    {
        "logtime": "2019/07/02 18:58:43",
        "logdata": "[string \".\\view/base/BaseLayer.lua\"]:31: attempt to call method 'loadFinished' (a nil value)\nstack traceback:"
    },
    {
        "logtime": "2019/07/02 18:58:43",
        "logdata": "[string \".\\view/base/BaseLayer.lua\"]:31: attempt to call method 'loadFinished' (a nil value)\nstack traceback:"
    },
    {
        "logtime": "2019/07/02 18:58:43",
        "logdata": "[string \".\\view/base/BaseLayer.lua\"]:31: attempt to call method 'loadFinished' (a nil value)\nstack traceback:"
    },
    {
        "logtime": "2019/07/02 18:58:43",
        "logdata": "[string \".\\view/base/BaseLayer.lua\"]:31: attempt to call method 'loadFinished' (a nil value)\nstack traceback:"
    },
    {
        "logtime": "2019/07/02 18:58:43",
        "logdata": "[string \".\\view/base/BaseLayer.lua\"]:31: attempt to call method 'loadFinished' (a nil value)\nstack traceback:"
    },
    {
        "logtime": "2019/07/02 18:58:43",
        "logdata": "[string \".\\view/base/BaseLayer.lua\"]:31: attempt to call method 'loadFinished' (a nil value)\nstack traceback:"
    },
    {
        "logtime": "2019/07/02 18:58:43",
        "logdata": "[string \".\\view/base/BaseLayer.lua\"]:31: attempt to call method 'loadFinished' (a nil value)\nstack traceback:"
    },
    {
        "logtime": "2019/07/02 18:58:43",
        "logdata": "[string \".\\view/base/BaseLayer.lua\"]:31: attempt to call method 'loadFinished' (a nil value)\nstack traceback:"
    },
    {
        "logtime": "2019/07/02 18:58:43",
        "logdata": "[string \".\\view/base/BaseLayer.lua\"]:31: attempt to call method 'loadFinished' (a nil value)\nstack traceback:"
    },
    {
        "logtime": "2019/07/02 18:58:43",
        "logdata": "[string \".\\view/base/BaseLayer.lua\"]:31: attempt to call method 'loadFinished' (a nil value)\nstack traceback:"
    },
    {
        "logtime": "2019/07/02 18:58:43",
        "logdata": "[string \".\\view/base/BaseLayer.lua\"]:31: attempt to call method 'loadFinished' (a nil value)\nstack traceback:"
    },
    {
        "logtime": "2019/07/02 18:58:43",
        "logdata": "[string \".\\view/base/BaseLayer.lua\"]:31: attempt to call method 'loadFinished' (a nil value)\nstack traceback:"
    },
    {
        "logtime": "2019/07/02 18:58:43",
        "logdata": "[string \".\\view/base/BaseLayer.lua\"]:31: attempt to call method 'loadFinished' (a nil value)\nstack traceback:"
    },
    {
        "logtime": "2019/07/02 18:58:43",
        "logdata": "[string \".\\view/base/BaseLayer.lua\"]:31: attempt to call method 'loadFinished' (a nil value)\nstack traceback:"
    },
    {
        "logtime": "2019/07/02 18:58:43",
        "logdata": "[string \".\\view/base/BaseLayer.lua\"]:31: attempt to call method 'loadFinished' (a nil value)\nstack traceback:"
    },
    {
        "logtime": "2019/07/02 18:58:43",
        "logdata": "[string \".\\view/base/BaseLayer.lua\"]:31: attempt to call method 'loadFinished' (a nil value)\nstack traceback:"
    },
    {
        "logtime": "2019/07/02 18:58:43",
        "logdata": "[string \".\\view/base/BaseLayer.lua\"]:31: attempt to call method 'loadFinished' (a nil value)\nstack traceback:"
    },
    {
        "logtime": "2019/07/02 18:58:43",
        "logdata": "[string \".\\view/base/BaseLayer.lua\"]:31: attempt to call method 'loadFinished' (a nil value)\nstack traceback:"
    },
    {
        "logtime": "2019/07/02 18:58:43",
        "logdata": "[string \".\\view/base/BaseLayer.lua\"]:31: attempt to call method 'loadFinished' (a nil value)\nstack traceback:"
    },
    {
        "logtime": "2019/07/02 18:58:46",
        "logdata": "LogonScene.onceExcute"
    },
    {
        "logtime": "2019/07/02 18:58:46",
        "logdata": "http://www.fuannainc.top/"
    },
    {
        "logtime": "2019/07/02 18:58:46",
        "logdata": "url"
    },
    {
        "logtime": "2019/07/02 18:58:46",
        "logdata": "http://www.fuannainc.top//ws/MobileInterface.ashx?action=GetMobileLoginNotice"
    },
    {
        "logtime": "2019/07/02 18:58:46",
        "logdata": ""
    },
    {
        "logtime": "2019/07/02 18:58:50",
        "logdata": "url"
    },
    {
        "logtime": "2019/07/02 18:58:50",
        "logdata": "http://apis.juhe.cn/ip/ip2addr?ip=58.23.48.188&key=74bb0395667b8d0588df9ebd6fc36a12"
    },
    {
        "logtime": "2019/07/02 18:58:50",
        "logdata": ""
    },
    {
        "logtime": "2019/07/02 18:58:50",
        "logdata": "onLogonCallBack"
    },
    {
        "logtime": "2019/07/02 18:58:50",
        "logdata": "http://www.fuannainc.top/"
    },
    {
        "logtime": "2019/07/02 18:58:50",
        "logdata": "url"
    },
    {
        "logtime": "2019/07/02 18:58:50",
        "logdata": "http://www.fuannainc.top//WS/MobileInterface.ashx"
    },
    {
        "logtime": "2019/07/02 18:58:50",
        "logdata": "action=GetMobileShareConfig&userid=120187&time=1562065130&signature=AE60CEF50DC44DE06B18CAC09FC87262"
    },
    {
        "logtime": "2019/07/02 18:58:51",
        "logdata": "url"
    },
    {
        "logtime": "2019/07/02 18:58:51",
        "logdata": "http://www.fuannainc.top//WS/MobileInterface.ashx?action=GetMobileRollNotice"
    },
    {
        "logtime": "2019/07/02 18:58:52",
        "logdata": ""
    },
    {
        "logtime": "2019/07/02 18:58:55",
        "logdata": null
    },
    {
        "logtime": "2019/07/02 18:58:55",
        "logdata": "onEnterGame"
    },
    {
        "logtime": "2019/07/02 18:58:55",
        "logdata": {
            "_ServerResVersion": 10,
            "_Active": true,
            "_KindVersion": "101122049",
            "_KindType": 1,
            "_Module": "xiuxian/shuiguolaba/",
            "_KindID": "406",
            "_Type": "xiuxian",
            "_KindName": "xiuxian.shuiguolaba.",
            "_SortId": 0
        }
    },
    {
        "logtime": "2019/07/02 18:58:56",
        "logdata": "GlobalUserItem.getCurGameKind()"
    },
    {
        "logtime": "2019/07/02 18:58:56",
        "logdata": 406
    },
    {
        "logtime": "2019/07/02 18:58:57",
        "logdata": "url"
    },
    {
        "logtime": "2019/07/02 18:58:57",
        "logdata": "http://apis.juhe.cn/ip/ip2addr?ip=58.23.48.188&key=74bb0395667b8d0588df9ebd6fc36a12"
    },
    {
        "logtime": "2019/07/02 18:58:57",
        "logdata": ""
    },
    {
        "logtime": "2019/07/02 18:58:57",
        "logdata": "url"
    },
    {
        "logtime": "2019/07/02 18:58:57",
        "logdata": "http://apis.juhe.cn/ip/ip2addr?ip=58.23.48.188&key=74bb0395667b8d0588df9ebd6fc36a12"
    },
    {
        "logtime": "2019/07/02 18:58:57",
        "logdata": ""
    },
    {
        "logtime": "2019/07/02 18:58:57",
        "logdata": "url"
    },
    {
        "logtime": "2019/07/02 18:58:57",
        "logdata": "http://apis.juhe.cn/ip/ip2addr?ip=58.23.48.188&key=74bb0395667b8d0588df9ebd6fc36a12"
    },
    {
        "logtime": "2019/07/02 18:58:57",
        "logdata": ""
    },
    {
        "logtime": "2019/07/02 18:58:57",
        "logdata": "url"
    },
    {
        "logtime": "2019/07/02 18:58:57",
        "logdata": "http://apis.juhe.cn/ip/ip2addr?ip=58.23.48.188&key=74bb0395667b8d0588df9ebd6fc36a12"
    },
    {
        "logtime": "2019/07/02 18:58:57",
        "logdata": ""
    },
    {
        "logtime": "2019/07/02 18:58:57",
        "logdata": {
            "_ServerResVersion": 10,
            "_Active": true,
            "_KindVersion": "101122049",
            "_KindType": 1,
            "_Module": "xiuxian/shuiguolaba/",
            "_KindID": "406",
            "_Type": "xiuxian",
            "nSitChair": 65535,
            "_KindName": "xiuxian.shuiguolaba.",
            "nEnterRoomIndex": 1,
            "nSitTable": 65535,
            "_SortId": 0
        }
    },
    {
        "logtime": "2019/07/02 18:58:57",
        "logdata": "modulestr"
    },
    {
        "logtime": "2019/07/02 18:58:57",
        "logdata": "xiuxian/shuiguolaba/"
    }
]