[
    {
        "logtime": "2019/05/13 17:27:14",
        "logdata": "LogonScene.onceExcute"
    },
    {
        "logtime": "2019/05/13 17:27:14",
        "logdata": "http://www.fuannainc.top/"
    },
    {
        "logtime": "2019/05/13 17:27:20",
        "logdata": "url"
    },
    {
        "logtime": "2019/05/13 17:27:20",
        "logdata": "http://www.fuannainc.top//ws/MobileInterface.ashx?action=GetMobileLoginNotice"
    },
    {
        "logtime": "2019/05/13 17:27:20",
        "logdata": ""
    },
    {
        "logtime": "2019/05/13 17:27:45",
        "logdata": "url"
    },
    {
        "logtime": "2019/05/13 17:27:45",
        "logdata": "http://apis.juhe.cn/ip/ip2addr?ip=113.77.80.214&key=74bb0395667b8d0588df9ebd6fc36a12"
    },
    {
        "logtime": "2019/05/13 17:27:45",
        "logdata": ""
    },
    {
        "logtime": "2019/05/13 17:27:45",
        "logdata": "onLogonCallBack"
    },
    {
        "logtime": "2019/05/13 17:27:45",
        "logdata": "http://www.fuannainc.top/"
    },
    {
        "logtime": "2019/05/13 17:27:45",
        "logdata": "url"
    },
    {
        "logtime": "2019/05/13 17:27:45",
        "logdata": "http://www.fuannainc.top//WS/MobileInterface.ashx"
    },
    {
        "logtime": "2019/05/13 17:27:45",
        "logdata": "action=GetMobileShareConfig&userid=120782&time=1557739665&signature=D0E8FD084C537D4A34B6C604319E4809"
    },
    {
        "logtime": "2019/05/13 17:27:47",
        "logdata": "url"
    },
    {
        "logtime": "2019/05/13 17:27:47",
        "logdata": "http://www.fuannainc.top//WS/MobileInterface.ashx?action=GetMobileRollNotice"
    },
    {
        "logtime": "2019/05/13 17:27:47",
        "logdata": ""
    },
    {
        "logtime": "2019/05/13 17:27:59",
        "logdata": {}
    }
]