[
    {
        "logtime": "2019/07/02 19:26:16",
        "logdata": "LogonScene.onceExcute"
    },
    {
        "logtime": "2019/07/02 19:26:16",
        "logdata": "http://www.fuannainc.top/"
    },
    {
        "logtime": "2019/07/02 19:26:16",
        "logdata": "url"
    },
    {
        "logtime": "2019/07/02 19:26:16",
        "logdata": "http://www.fuannainc.top//ws/MobileInterface.ashx?action=GetMobileLoginNotice"
    },
    {
        "logtime": "2019/07/02 19:26:16",
        "logdata": ""
    },
    {
        "logtime": "2019/07/02 19:26:18",
        "logdata": "url"
    },
    {
        "logtime": "2019/07/02 19:26:18",
        "logdata": "http://apis.juhe.cn/ip/ip2addr?ip=58.23.48.188&key=74bb0395667b8d0588df9ebd6fc36a12"
    },
    {
        "logtime": "2019/07/02 19:26:18",
        "logdata": ""
    },
    {
        "logtime": "2019/07/02 19:26:18",
        "logdata": "onLogonCallBack"
    },
    {
        "logtime": "2019/07/02 19:26:18",
        "logdata": "http://www.fuannainc.top/"
    },
    {
        "logtime": "2019/07/02 19:26:18",
        "logdata": "url"
    },
    {
        "logtime": "2019/07/02 19:26:18",
        "logdata": "http://www.fuannainc.top//WS/MobileInterface.ashx"
    },
    {
        "logtime": "2019/07/02 19:26:18",
        "logdata": "action=GetMobileShareConfig&userid=120187&time=1562066778&signature=4EA0CA3E5FB303E22F1C89895B616B56"
    },
    {
        "logtime": "2019/07/02 19:26:19",
        "logdata": "url"
    },
    {
        "logtime": "2019/07/02 19:26:19",
        "logdata": "http://www.fuannainc.top//WS/MobileInterface.ashx?action=GetMobileRollNotice"
    },
    {
        "logtime": "2019/07/02 19:26:19",
        "logdata": ""
    },
    {
        "logtime": "2019/07/02 19:26:21",
        "logdata": "url"
    },
    {
        "logtime": "2019/07/02 19:26:21",
        "logdata": "http://apis.juhe.cn/ip/ip2addr?ip=58.23.48.188&key=74bb0395667b8d0588df9ebd6fc36a12"
    },
    {
        "logtime": "2019/07/02 19:26:21",
        "logdata": ""
    },
    {
        "logtime": "2019/07/02 19:26:21",
        "logdata": "url"
    },
    {
        "logtime": "2019/07/02 19:26:21",
        "logdata": "http://apis.juhe.cn/ip/ip2addr?ip=58.23.48.188&key=74bb0395667b8d0588df9ebd6fc36a12"
    },
    {
        "logtime": "2019/07/02 19:26:21",
        "logdata": ""
    },
    {
        "logtime": "2019/07/02 19:26:21",
        "logdata": "url"
    },
    {
        "logtime": "2019/07/02 19:26:21",
        "logdata": "http://apis.juhe.cn/ip/ip2addr?ip=58.23.48.188&key=74bb0395667b8d0588df9ebd6fc36a12"
    },
    {
        "logtime": "2019/07/02 19:26:21",
        "logdata": ""
    },
    {
        "logtime": "2019/07/02 19:26:21",
        "logdata": "url"
    },
    {
        "logtime": "2019/07/02 19:26:21",
        "logdata": "http://apis.juhe.cn/ip/ip2addr?ip=58.23.48.188&key=74bb0395667b8d0588df9ebd6fc36a12"
    },
    {
        "logtime": "2019/07/02 19:26:21",
        "logdata": ""
    },
    {
        "logtime": "2019/07/02 19:26:21",
        "logdata": {
            "_ServerResVersion": 10,
            "_Active": true,
            "_KindVersion": "101122049",
            "_KindType": 1,
            "_Module": "xiuxian/shuiguolaba/",
            "_KindID": "406",
            "_Type": "xiuxian",
            "_KindName": "xiuxian.shuiguolaba.",
            "nEnterRoomIndex": 1,
            "_SortId": 0
        }
    },
    {
        "logtime": "2019/07/02 19:26:21",
        "logdata": "modulestr"
    },
    {
        "logtime": "2019/07/02 19:26:21",
        "logdata": "xiuxian/shuiguolaba/"
    },
    {
        "logtime": "2019/07/02 19:26:59",
        "logdata": "LogonScene.onceExcute"
    },
    {
        "logtime": "2019/07/02 19:26:59",
        "logdata": "http://www.fuannainc.top/"
    },
    {
        "logtime": "2019/07/02 19:26:59",
        "logdata": "url"
    },
    {
        "logtime": "2019/07/02 19:26:59",
        "logdata": "http://www.fuannainc.top//ws/MobileInterface.ashx?action=GetMobileLoginNotice"
    },
    {
        "logtime": "2019/07/02 19:26:59",
        "logdata": ""
    }
]