[
    {
        "logtime": "2019/07/03 12:19:04",
        "logdata": null
    },
    {
        "logtime": "2019/07/03 12:19:04",
        "logdata": "onEnterGame"
    },
    {
        "logtime": "2019/07/03 12:19:04",
        "logdata": {
            "_ServerResVersion": 10,
            "_Active": true,
            "_KindVersion": "101122049",
            "_KindType": 1,
            "_Module": "xiuxian/shuiguolaba/",
            "_KindID": "406",
            "_Type": "xiuxian",
            "_KindName": "xiuxian.shuiguolaba.",
            "nEnterRoomIndex": 1,
            "_SortId": 0
        }
    },
    {
        "logtime": "2019/07/03 12:19:04",
        "logdata": "GlobalUserItem.getCurGameKind()"
    },
    {
        "logtime": "2019/07/03 12:19:04",
        "logdata": 406
    },
    {
        "logtime": "2019/07/03 12:19:05",
        "logdata": "url"
    },
    {
        "logtime": "2019/07/03 12:19:05",
        "logdata": "http://apis.juhe.cn/ip/ip2addr?ip=58.23.48.188&key=74bb0395667b8d0588df9ebd6fc36a12"
    },
    {
        "logtime": "2019/07/03 12:19:05",
        "logdata": ""
    },
    {
        "logtime": "2019/07/03 12:19:05",
        "logdata": "url"
    },
    {
        "logtime": "2019/07/03 12:19:05",
        "logdata": "http://apis.juhe.cn/ip/ip2addr?ip=58.23.48.188&key=74bb0395667b8d0588df9ebd6fc36a12"
    },
    {
        "logtime": "2019/07/03 12:19:05",
        "logdata": ""
    },
    {
        "logtime": "2019/07/03 12:19:05",
        "logdata": "url"
    },
    {
        "logtime": "2019/07/03 12:19:05",
        "logdata": "http://apis.juhe.cn/ip/ip2addr?ip=58.23.48.188&key=74bb0395667b8d0588df9ebd6fc36a12"
    },
    {
        "logtime": "2019/07/03 12:19:05",
        "logdata": ""
    },
    {
        "logtime": "2019/07/03 12:19:05",
        "logdata": "url"
    },
    {
        "logtime": "2019/07/03 12:19:05",
        "logdata": "http://apis.juhe.cn/ip/ip2addr?ip=58.23.48.188&key=74bb0395667b8d0588df9ebd6fc36a12"
    },
    {
        "logtime": "2019/07/03 12:19:05",
        "logdata": ""
    },
    {
        "logtime": "2019/07/03 12:19:06",
        "logdata": {
            "_ServerResVersion": 10,
            "_Active": true,
            "_KindVersion": "101122049",
            "_KindType": 1,
            "_Module": "xiuxian/shuiguolaba/",
            "_KindID": "406",
            "_Type": "xiuxian",
            "nSitChair": 65535,
            "_KindName": "xiuxian.shuiguolaba.",
            "nEnterRoomIndex": 1,
            "nSitTable": 65535,
            "_SortId": 0
        }
    },
    {
        "logtime": "2019/07/03 12:19:06",
        "logdata": "modulestr"
    },
    {
        "logtime": "2019/07/03 12:19:06",
        "logdata": "xiuxian/shuiguolaba/"
    },
    {
        "logtime": "2019/07/03 12:19:08",
        "logdata": "url"
    },
    {
        "logtime": "2019/07/03 12:19:08",
        "logdata": "http://apis.juhe.cn/ip/ip2addr?ip=58.23.48.188&key=74bb0395667b8d0588df9ebd6fc36a12"
    },
    {
        "logtime": "2019/07/03 12:19:08",
        "logdata": ""
    },
    {
        "logtime": "2019/07/03 12:19:08",
        "logdata": "url"
    },
    {
        "logtime": "2019/07/03 12:19:08",
        "logdata": "http://apis.juhe.cn/ip/ip2addr?ip=58.23.48.188&key=74bb0395667b8d0588df9ebd6fc36a12"
    },
    {
        "logtime": "2019/07/03 12:19:08",
        "logdata": ""
    },
    {
        "logtime": "2019/07/03 12:19:08",
        "logdata": "url"
    },
    {
        "logtime": "2019/07/03 12:19:08",
        "logdata": "http://apis.juhe.cn/ip/ip2addr?ip=58.23.48.188&key=74bb0395667b8d0588df9ebd6fc36a12"
    },
    {
        "logtime": "2019/07/03 12:19:08",
        "logdata": ""
    },
    {
        "logtime": "2019/07/03 12:19:08",
        "logdata": "url"
    },
    {
        "logtime": "2019/07/03 12:19:08",
        "logdata": "http://apis.juhe.cn/ip/ip2addr?ip=58.23.48.188&key=74bb0395667b8d0588df9ebd6fc36a12"
    },
    {
        "logtime": "2019/07/03 12:19:08",
        "logdata": ""
    },
    {
        "logtime": "2019/07/03 12:19:08",
        "logdata": "url"
    },
    {
        "logtime": "2019/07/03 12:19:08",
        "logdata": "http://apis.juhe.cn/ip/ip2addr?ip=58.23.48.188&key=74bb0395667b8d0588df9ebd6fc36a12"
    },
    {
        "logtime": "2019/07/03 12:19:08",
        "logdata": ""
    },
    {
        "logtime": "2019/07/03 12:19:08",
        "logdata": "url"
    },
    {
        "logtime": "2019/07/03 12:19:08",
        "logdata": "http://apis.juhe.cn/ip/ip2addr?ip=58.23.48.188&key=74bb0395667b8d0588df9ebd6fc36a12"
    },
    {
        "logtime": "2019/07/03 12:19:08",
        "logdata": ""
    },
    {
        "logtime": "2019/07/03 12:19:08",
        "logdata": "url"
    },
    {
        "logtime": "2019/07/03 12:19:08",
        "logdata": "http://apis.juhe.cn/ip/ip2addr?ip=58.23.48.188&key=74bb0395667b8d0588df9ebd6fc36a12"
    },
    {
        "logtime": "2019/07/03 12:19:08",
        "logdata": ""
    },
    {
        "logtime": "2019/07/03 12:19:08",
        "logdata": "url"
    },
    {
        "logtime": "2019/07/03 12:19:08",
        "logdata": "http://apis.juhe.cn/ip/ip2addr?ip=58.23.48.188&key=74bb0395667b8d0588df9ebd6fc36a12"
    },
    {
        "logtime": "2019/07/03 12:19:08",
        "logdata": ""
    },
    {
        "logtime": "2019/07/03 12:19:12",
        "logdata": "url"
    },
    {
        "logtime": "2019/07/03 12:19:12",
        "logdata": "http://apis.juhe.cn/ip/ip2addr?ip=58.23.48.188&key=74bb0395667b8d0588df9ebd6fc36a12"
    },
    {
        "logtime": "2019/07/03 12:19:12",
        "logdata": ""
    },
    {
        "logtime": "2019/07/03 12:19:12",
        "logdata": "url"
    },
    {
        "logtime": "2019/07/03 12:19:12",
        "logdata": "http://apis.juhe.cn/ip/ip2addr?ip=58.23.48.188&key=74bb0395667b8d0588df9ebd6fc36a12"
    },
    {
        "logtime": "2019/07/03 12:19:12",
        "logdata": ""
    },
    {
        "logtime": "2019/07/03 12:19:12",
        "logdata": "url"
    },
    {
        "logtime": "2019/07/03 12:19:12",
        "logdata": "http://apis.juhe.cn/ip/ip2addr?ip=58.23.48.188&key=74bb0395667b8d0588df9ebd6fc36a12"
    },
    {
        "logtime": "2019/07/03 12:19:12",
        "logdata": ""
    },
    {
        "logtime": "2019/07/03 12:19:12",
        "logdata": "url"
    },
    {
        "logtime": "2019/07/03 12:19:12",
        "logdata": "http://apis.juhe.cn/ip/ip2addr?ip=58.23.48.188&key=74bb0395667b8d0588df9ebd6fc36a12"
    },
    {
        "logtime": "2019/07/03 12:19:12",
        "logdata": ""
    },
    {
        "logtime": "2019/07/03 12:19:13",
        "logdata": "url"
    },
    {
        "logtime": "2019/07/03 12:19:13",
        "logdata": "http://apis.juhe.cn/ip/ip2addr?ip=58.23.48.188&key=74bb0395667b8d0588df9ebd6fc36a12"
    },
    {
        "logtime": "2019/07/03 12:19:13",
        "logdata": ""
    },
    {
        "logtime": "2019/07/03 12:19:13",
        "logdata": "url"
    },
    {
        "logtime": "2019/07/03 12:19:13",
        "logdata": "http://apis.juhe.cn/ip/ip2addr?ip=58.23.48.188&key=74bb0395667b8d0588df9ebd6fc36a12"
    },
    {
        "logtime": "2019/07/03 12:19:13",
        "logdata": ""
    },
    {
        "logtime": "2019/07/03 12:19:13",
        "logdata": "url"
    },
    {
        "logtime": "2019/07/03 12:19:13",
        "logdata": "http://apis.juhe.cn/ip/ip2addr?ip=58.23.48.188&key=74bb0395667b8d0588df9ebd6fc36a12"
    },
    {
        "logtime": "2019/07/03 12:19:13",
        "logdata": ""
    },
    {
        "logtime": "2019/07/03 12:19:13",
        "logdata": "url"
    },
    {
        "logtime": "2019/07/03 12:19:13",
        "logdata": "http://apis.juhe.cn/ip/ip2addr?ip=58.23.48.188&key=74bb0395667b8d0588df9ebd6fc36a12"
    },
    {
        "logtime": "2019/07/03 12:19:13",
        "logdata": ""
    },
    {
        "logtime": "2019/07/03 12:19:59",
        "logdata": "LogonScene.onceExcute"
    },
    {
        "logtime": "2019/07/03 12:19:59",
        "logdata": "http://www.fuannainc.top/"
    },
    {
        "logtime": "2019/07/03 12:19:59",
        "logdata": "url"
    },
    {
        "logtime": "2019/07/03 12:19:59",
        "logdata": "http://www.fuannainc.top//ws/MobileInterface.ashx?action=GetMobileLoginNotice"
    },
    {
        "logtime": "2019/07/03 12:19:59",
        "logdata": ""
    }
]