[
    {
        "logtime": "2019/05/18 16:13:46",
        "logdata": "LogonScene.onceExcute"
    },
    {
        "logtime": "2019/05/18 16:13:46",
        "logdata": "http://www.fuannainc.top/"
    },
    {
        "logtime": "2019/05/18 16:13:46",
        "logdata": "url"
    },
    {
        "logtime": "2019/05/18 16:13:46",
        "logdata": "http://www.fuannainc.top//ws/MobileInterface.ashx?action=GetMobileLoginNotice"
    },
    {
        "logtime": "2019/05/18 16:13:46",
        "logdata": ""
    },
    {
        "logtime": "2019/05/18 16:13:47",
        "logdata": "url"
    },
    {
        "logtime": "2019/05/18 16:13:47",
        "logdata": "http://apis.juhe.cn/ip/ip2addr?ip=113.77.83.199&key=74bb0395667b8d0588df9ebd6fc36a12"
    },
    {
        "logtime": "2019/05/18 16:13:47",
        "logdata": ""
    },
    {
        "logtime": "2019/05/18 16:13:47",
        "logdata": "onLogonCallBack"
    },
    {
        "logtime": "2019/05/18 16:13:47",
        "logdata": "http://www.fuannainc.top/"
    },
    {
        "logtime": "2019/05/18 16:13:47",
        "logdata": "url"
    },
    {
        "logtime": "2019/05/18 16:13:47",
        "logdata": "http://www.fuannainc.top//WS/MobileInterface.ashx"
    },
    {
        "logtime": "2019/05/18 16:13:47",
        "logdata": "action=GetMobileShareConfig&userid=119905&time=1558167227&signature=9A3A01D9D90ADDB7C17E6A898E3F6FC8"
    },
    {
        "logtime": "2019/05/18 16:13:50",
        "logdata": "url"
    },
    {
        "logtime": "2019/05/18 16:13:50",
        "logdata": "http://www.fuannainc.top//WS/MobileInterface.ashx?action=GetMobileRollNotice"
    },
    {
        "logtime": "2019/05/18 16:13:50",
        "logdata": ""
    }
]