[
    {
        "logtime": "2019/05/22 16:49:40",
        "logdata": "LogonScene.onceExcute"
    },
    {
        "logtime": "2019/05/22 16:49:41",
        "logdata": "http://www.fuannainc.top/"
    },
    {
        "logtime": "2019/05/22 16:49:41",
        "logdata": "url"
    },
    {
        "logtime": "2019/05/22 16:49:41",
        "logdata": "http://www.fuannainc.top//ws/MobileInterface.ashx?action=GetMobileLoginNotice"
    },
    {
        "logtime": "2019/05/22 16:49:41",
        "logdata": ""
    },
    {
        "logtime": "2019/05/22 16:49:43",
        "logdata": "url"
    },
    {
        "logtime": "2019/05/22 16:49:43",
        "logdata": "http://apis.juhe.cn/ip/ip2addr?ip=183.53.106.122&key=74bb0395667b8d0588df9ebd6fc36a12"
    },
    {
        "logtime": "2019/05/22 16:49:43",
        "logdata": ""
    },
    {
        "logtime": "2019/05/22 16:49:43",
        "logdata": "onLogonCallBack"
    },
    {
        "logtime": "2019/05/22 16:49:43",
        "logdata": "http://www.fuannainc.top/"
    },
    {
        "logtime": "2019/05/22 16:49:43",
        "logdata": "url"
    },
    {
        "logtime": "2019/05/22 16:49:43",
        "logdata": "http://www.fuannainc.top//WS/MobileInterface.ashx"
    },
    {
        "logtime": "2019/05/22 16:49:43",
        "logdata": "action=GetMobileShareConfig&userid=119941&time=1558514983&signature=B53ABF025FC863262F6681FC2CDE6131"
    },
    {
        "logtime": "2019/05/22 16:49:45",
        "logdata": "url"
    },
    {
        "logtime": "2019/05/22 16:49:45",
        "logdata": "http://www.fuannainc.top//WS/MobileInterface.ashx?action=GetMobileRollNotice"
    },
    {
        "logtime": "2019/05/22 16:49:45",
        "logdata": ""
    },
    {
        "logtime": "2019/05/22 16:49:52",
        "logdata": null
    },
    {
        "logtime": "2019/05/22 16:49:52",
        "logdata": "onEnterGame"
    },
    {
        "logtime": "2019/05/22 16:49:52",
        "logdata": {
            "_ServerResVersion": 2,
            "_Active": true,
            "_KindVersion": "101122049",
            "_KindType": 2,
            "_Module": "yule/sparrowhz/",
            "_KindID": "389",
            "_Type": "yule",
            "_KindName": "yule.sparrowhz.",
            "_SortId": 1
        }
    },
    {
        "logtime": "2019/05/22 16:49:52",
        "logdata": "GlobalUserItem.getCurGameKind()"
    },
    {
        "logtime": "2019/05/22 16:49:52",
        "logdata": 389
    },
    {
        "logtime": "2019/05/22 16:49:53",
        "logdata": "url"
    },
    {
        "logtime": "2019/05/22 16:49:53",
        "logdata": "http://apis.juhe.cn/ip/ip2addr?ip=183.53.106.122&key=74bb0395667b8d0588df9ebd6fc36a12"
    },
    {
        "logtime": "2019/05/22 16:49:53",
        "logdata": ""
    },
    {
        "logtime": "2019/05/22 16:49:54",
        "logdata": {
            "_ServerResVersion": 2,
            "_Active": true,
            "_KindVersion": "101122049",
            "_KindType": 2,
            "_Module": "yule/sparrowhz/",
            "_KindID": "389",
            "_Type": "yule",
            "nSitChair": 65535,
            "_KindName": "yule.sparrowhz.",
            "nEnterRoomIndex": 1,
            "nSitTable": 65535,
            "_SortId": 1
        }
    },
    {
        "logtime": "2019/05/22 16:49:54",
        "logdata": "modulestr"
    },
    {
        "logtime": "2019/05/22 16:49:54",
        "logdata": "yule/sparrowhz/"
    }
]