[
    {
        "logtime": "2019/07/02 18:57:13",
        "logdata": "url"
    },
    {
        "logtime": "2019/07/02 18:57:13",
        "logdata": "http://www.fuannainc.top//WS/MobileInterface.ashx"
    },
    {
        "logtime": "2019/07/02 18:57:13",
        "logdata": "action=GetScoreInfo&userid=120187&time=1562065033&signature=AAF15C337F11242C4361B2B17765C9FC"
    },
    {
        "logtime": "2019/07/02 18:57:15",
        "logdata": "url"
    },
    {
        "logtime": "2019/07/02 18:57:15",
        "logdata": "http://apis.juhe.cn/ip/ip2addr?ip=58.23.48.188&key=74bb0395667b8d0588df9ebd6fc36a12"
    },
    {
        "logtime": "2019/07/02 18:57:15",
        "logdata": ""
    },
    {
        "logtime": "2019/07/02 18:57:15",
        "logdata": "url"
    },
    {
        "logtime": "2019/07/02 18:57:15",
        "logdata": "http://apis.juhe.cn/ip/ip2addr?ip=58.23.48.188&key=74bb0395667b8d0588df9ebd6fc36a12"
    },
    {
        "logtime": "2019/07/02 18:57:15",
        "logdata": ""
    },
    {
        "logtime": "2019/07/02 18:57:15",
        "logdata": "url"
    },
    {
        "logtime": "2019/07/02 18:57:15",
        "logdata": "http://apis.juhe.cn/ip/ip2addr?ip=58.23.48.188&key=74bb0395667b8d0588df9ebd6fc36a12"
    },
    {
        "logtime": "2019/07/02 18:57:15",
        "logdata": ""
    },
    {
        "logtime": "2019/07/02 18:57:15",
        "logdata": "url"
    },
    {
        "logtime": "2019/07/02 18:57:15",
        "logdata": "http://apis.juhe.cn/ip/ip2addr?ip=58.23.48.188&key=74bb0395667b8d0588df9ebd6fc36a12"
    },
    {
        "logtime": "2019/07/02 18:57:15",
        "logdata": ""
    },
    {
        "logtime": "2019/07/02 18:57:15",
        "logdata": {
            "_ServerResVersion": 10,
            "_Active": true,
            "_KindVersion": "101122049",
            "_KindType": 1,
            "_Module": "xiuxian/shuiguolaba/",
            "_KindID": "406",
            "_Type": "xiuxian",
            "nSitChair": 65535,
            "_KindName": "xiuxian.shuiguolaba.",
            "nEnterRoomIndex": 1,
            "nSitTable": 65535,
            "_SortId": 0
        }
    },
    {
        "logtime": "2019/07/02 18:57:15",
        "logdata": "modulestr"
    },
    {
        "logtime": "2019/07/02 18:57:15",
        "logdata": "xiuxian/shuiguolaba/"
    }
]