[
    {
        "logtime": "2019/05/18 17:46:06",
        "logdata": "LogonScene.onceExcute"
    },
    {
        "logtime": "2019/05/18 17:46:06",
        "logdata": "http://www.fuannainc.top/"
    },
    {
        "logtime": "2019/05/18 17:46:07",
        "logdata": "url"
    },
    {
        "logtime": "2019/05/18 17:46:07",
        "logdata": "http://www.fuannainc.top//ws/MobileInterface.ashx?action=GetMobileLoginNotice"
    },
    {
        "logtime": "2019/05/18 17:46:07",
        "logdata": ""
    },
    {
        "logtime": "2019/05/18 17:46:09",
        "logdata": "url"
    },
    {
        "logtime": "2019/05/18 17:46:09",
        "logdata": "http://apis.juhe.cn/ip/ip2addr?ip=113.77.83.199&key=74bb0395667b8d0588df9ebd6fc36a12"
    },
    {
        "logtime": "2019/05/18 17:46:09",
        "logdata": ""
    },
    {
        "logtime": "2019/05/18 17:46:09",
        "logdata": "onLogonCallBack"
    },
    {
        "logtime": "2019/05/18 17:46:09",
        "logdata": "http://www.fuannainc.top/"
    },
    {
        "logtime": "2019/05/18 17:46:09",
        "logdata": "url"
    },
    {
        "logtime": "2019/05/18 17:46:09",
        "logdata": "http://www.fuannainc.top//WS/MobileInterface.ashx"
    },
    {
        "logtime": "2019/05/18 17:46:09",
        "logdata": "action=GetMobileShareConfig&userid=119939&time=1558172769&signature=112655123EF3BAAB05A77FE304BE9B38"
    },
    {
        "logtime": "2019/05/18 17:46:12",
        "logdata": "url"
    },
    {
        "logtime": "2019/05/18 17:46:12",
        "logdata": "http://www.fuannainc.top//WS/MobileInterface.ashx?action=GetMobileRollNotice"
    },
    {
        "logtime": "2019/05/18 17:46:12",
        "logdata": ""
    },
    {
        "logtime": "2019/05/18 17:46:14",
        "logdata": "onWillViewEnter"
    }
]