[
    {
        "logtime": "2019/05/16 18:50:19",
        "logdata": "LogonScene.onceExcute"
    },
    {
        "logtime": "2019/05/16 18:50:19",
        "logdata": "http://www.fuannabbs.top/"
    },
    {
        "logtime": "2019/05/16 18:50:20",
        "logdata": "url"
    },
    {
        "logtime": "2019/05/16 18:50:20",
        "logdata": "http://www.fuannabbs.top//ws/MobileInterface.ashx?action=GetMobileLoginNotice"
    },
    {
        "logtime": "2019/05/16 18:50:20",
        "logdata": ""
    },
    {
        "logtime": "2019/05/16 18:50:25",
        "logdata": "url"
    },
    {
        "logtime": "2019/05/16 18:50:25",
        "logdata": "http://apis.juhe.cn/ip/ip2addr?ip=183.53.107.65&key=74bb0395667b8d0588df9ebd6fc36a12"
    },
    {
        "logtime": "2019/05/16 18:50:25",
        "logdata": ""
    },
    {
        "logtime": "2019/05/16 18:50:25",
        "logdata": "onLogonCallBack"
    },
    {
        "logtime": "2019/05/16 18:50:25",
        "logdata": "http://www.fuannabbs.top/"
    },
    {
        "logtime": "2019/05/16 18:50:25",
        "logdata": "url"
    },
    {
        "logtime": "2019/05/16 18:50:25",
        "logdata": "http://www.fuannabbs.top//WS/MobileInterface.ashx"
    },
    {
        "logtime": "2019/05/16 18:50:25",
        "logdata": "action=GetMobileShareConfig&userid=120820&time=1558003825&signature=5C22121B22E9BA1684975D37B7E96979"
    },
    {
        "logtime": "2019/05/16 18:50:35",
        "logdata": "url"
    },
    {
        "logtime": "2019/05/16 18:50:35",
        "logdata": "http://apis.juhe.cn/ip/ip2addr?ip=183.53.107.65&key=74bb0395667b8d0588df9ebd6fc36a12"
    },
    {
        "logtime": "2019/05/16 18:50:35",
        "logdata": ""
    },
    {
        "logtime": "2019/05/16 18:50:35",
        "logdata": "onLogonCallBack"
    },
    {
        "logtime": "2019/05/16 18:50:35",
        "logdata": "http://www.fuannabbs.top/"
    },
    {
        "logtime": "2019/05/16 18:50:35",
        "logdata": "url"
    },
    {
        "logtime": "2019/05/16 18:50:35",
        "logdata": "http://www.fuannabbs.top//WS/MobileInterface.ashx"
    },
    {
        "logtime": "2019/05/16 18:50:35",
        "logdata": "action=GetMobileShareConfig&userid=120821&time=1558003835&signature=438A36905519965D3005FB9C35DA3062"
    }
]