[
    {
        "logtime": "2019/07/09 14:33:20",
        "logdata": "keys2"
    },
    {
        "logtime": "2019/07/09 14:33:20",
        "logdata": "byte"
    },
    {
        "logtime": "2019/07/09 14:33:20",
        "logdata": "keys2"
    },
    {
        "logtime": "2019/07/09 14:33:20",
        "logdata": "word"
    },
    {
        "logtime": "2019/07/09 14:33:20",
        "logdata": "keys2"
    },
    {
        "logtime": "2019/07/09 14:33:20",
        "logdata": "word"
    },
    {
        "logtime": "2019/07/09 14:33:20",
        "logdata": "keys2"
    },
    {
        "logtime": "2019/07/09 14:33:20",
        "logdata": "word"
    },
    {
        "logtime": "2019/07/09 14:33:20",
        "logdata": "keys2"
    },
    {
        "logtime": "2019/07/09 14:33:20",
        "logdata": "word"
    },
    {
        "logtime": "2019/07/09 14:33:20",
        "logdata": "keys2"
    },
    {
        "logtime": "2019/07/09 14:33:20",
        "logdata": "double"
    },
    {
        "logtime": "2019/07/09 14:33:20",
        "logdata": "keys2"
    },
    {
        "logtime": "2019/07/09 14:33:20",
        "logdata": "double"
    },
    {
        "logtime": "2019/07/09 14:33:20",
        "logdata": "keys2"
    },
    {
        "logtime": "2019/07/09 14:33:20",
        "logdata": "double"
    },
    {
        "logtime": "2019/07/09 14:33:36",
        "logdata": "LogonScene.onceExcute"
    },
    {
        "logtime": "2019/07/09 14:33:36",
        "logdata": "http://www.fuannainc.top/"
    },
    {
        "logtime": "2019/07/09 14:33:36",
        "logdata": "url"
    },
    {
        "logtime": "2019/07/09 14:33:36",
        "logdata": "http://www.fuannainc.top//ws/MobileInterface.ashx?action=GetMobileLoginNotice"
    },
    {
        "logtime": "2019/07/09 14:33:36",
        "logdata": ""
    },
    {
        "logtime": "2019/07/09 14:33:44",
        "logdata": "onLogonCallBack"
    },
    {
        "logtime": "2019/07/09 14:33:44",
        "logdata": "http://www.fuannainc.top/"
    },
    {
        "logtime": "2019/07/09 14:33:44",
        "logdata": "url"
    },
    {
        "logtime": "2019/07/09 14:33:44",
        "logdata": "http://www.fuannainc.top//WS/MobileInterface.ashx"
    },
    {
        "logtime": "2019/07/09 14:33:44",
        "logdata": "action=GetMobileShareConfig&userid=119796&time=1562654024&signature=1BC698A5B760F736CDAE7251D0CBA1EF"
    },
    {
        "logtime": "2019/07/09 14:33:45",
        "logdata": "url"
    },
    {
        "logtime": "2019/07/09 14:33:45",
        "logdata": "http://www.fuannainc.top//WS/MobileInterface.ashx?action=GetMobileRollNotice"
    },
    {
        "logtime": "2019/07/09 14:33:45",
        "logdata": ""
    },
    {
        "logtime": "2019/07/09 14:33:51",
        "logdata": "keys2"
    },
    {
        "logtime": "2019/07/09 14:33:51",
        "logdata": "byte"
    },
    {
        "logtime": "2019/07/09 14:33:51",
        "logdata": "keys2"
    },
    {
        "logtime": "2019/07/09 14:33:51",
        "logdata": "word"
    },
    {
        "logtime": "2019/07/09 14:33:51",
        "logdata": "keys2"
    },
    {
        "logtime": "2019/07/09 14:33:51",
        "logdata": "word"
    },
    {
        "logtime": "2019/07/09 14:33:51",
        "logdata": "keys2"
    },
    {
        "logtime": "2019/07/09 14:33:51",
        "logdata": "word"
    },
    {
        "logtime": "2019/07/09 14:33:51",
        "logdata": "keys2"
    },
    {
        "logtime": "2019/07/09 14:33:51",
        "logdata": "word"
    },
    {
        "logtime": "2019/07/09 14:33:51",
        "logdata": "keys2"
    },
    {
        "logtime": "2019/07/09 14:33:51",
        "logdata": "double"
    },
    {
        "logtime": "2019/07/09 14:33:51",
        "logdata": "keys2"
    },
    {
        "logtime": "2019/07/09 14:33:51",
        "logdata": "double"
    },
    {
        "logtime": "2019/07/09 14:33:51",
        "logdata": "keys2"
    },
    {
        "logtime": "2019/07/09 14:33:51",
        "logdata": "double"
    },
    {
        "logtime": "2019/07/09 14:33:51",
        "logdata": "keys2"
    },
    {
        "logtime": "2019/07/09 14:33:51",
        "logdata": "string"
    },
    {
        "logtime": "2019/07/09 14:33:51",
        "logdata": "keys2"
    },
    {
        "logtime": "2019/07/09 14:33:51",
        "logdata": "string"
    },
    {
        "logtime": "2019/07/09 14:33:51",
        "logdata": "keys2"
    },
    {
        "logtime": "2019/07/09 14:33:51",
        "logdata": "double"
    },
    {
        "logtime": "2019/07/09 14:33:51",
        "logdata": "keys2"
    },
    {
        "logtime": "2019/07/09 14:33:51",
        "logdata": "string"
    }
]