[
    {
        "logtime": "2019/07/09 10:55:04",
        "logdata": "keys2"
    },
    {
        "logtime": "2019/07/09 10:55:04",
        "logdata": "byte"
    },
    {
        "logtime": "2019/07/09 10:55:04",
        "logdata": "keys2"
    },
    {
        "logtime": "2019/07/09 10:55:04",
        "logdata": "word"
    },
    {
        "logtime": "2019/07/09 10:55:04",
        "logdata": "keys2"
    },
    {
        "logtime": "2019/07/09 10:55:04",
        "logdata": "word"
    },
    {
        "logtime": "2019/07/09 10:55:04",
        "logdata": "keys2"
    },
    {
        "logtime": "2019/07/09 10:55:04",
        "logdata": "word"
    },
    {
        "logtime": "2019/07/09 10:55:04",
        "logdata": "keys2"
    },
    {
        "logtime": "2019/07/09 10:55:04",
        "logdata": "word"
    },
    {
        "logtime": "2019/07/09 10:55:04",
        "logdata": "keys2"
    },
    {
        "logtime": "2019/07/09 10:55:04",
        "logdata": "double"
    },
    {
        "logtime": "2019/07/09 10:55:04",
        "logdata": "keys2"
    },
    {
        "logtime": "2019/07/09 10:55:04",
        "logdata": "double"
    },
    {
        "logtime": "2019/07/09 10:55:04",
        "logdata": "keys2"
    },
    {
        "logtime": "2019/07/09 10:55:04",
        "logdata": "double"
    },
    {
        "logtime": "2019/07/09 10:55:05",
        "logdata": "keys2"
    },
    {
        "logtime": "2019/07/09 10:55:05",
        "logdata": "byte"
    },
    {
        "logtime": "2019/07/09 10:55:05",
        "logdata": "keys2"
    },
    {
        "logtime": "2019/07/09 10:55:05",
        "logdata": "word"
    },
    {
        "logtime": "2019/07/09 10:55:05",
        "logdata": "keys2"
    },
    {
        "logtime": "2019/07/09 10:55:05",
        "logdata": "word"
    },
    {
        "logtime": "2019/07/09 10:55:05",
        "logdata": "keys2"
    },
    {
        "logtime": "2019/07/09 10:55:05",
        "logdata": "word"
    },
    {
        "logtime": "2019/07/09 10:55:05",
        "logdata": "keys2"
    },
    {
        "logtime": "2019/07/09 10:55:05",
        "logdata": "word"
    },
    {
        "logtime": "2019/07/09 10:55:05",
        "logdata": "keys2"
    },
    {
        "logtime": "2019/07/09 10:55:05",
        "logdata": "double"
    },
    {
        "logtime": "2019/07/09 10:55:05",
        "logdata": "keys2"
    },
    {
        "logtime": "2019/07/09 10:55:05",
        "logdata": "double"
    },
    {
        "logtime": "2019/07/09 10:55:05",
        "logdata": "keys2"
    },
    {
        "logtime": "2019/07/09 10:55:05",
        "logdata": "double"
    },
    {
        "logtime": "2019/07/09 10:55:05",
        "logdata": "keys2"
    },
    {
        "logtime": "2019/07/09 10:55:05",
        "logdata": "string"
    },
    {
        "logtime": "2019/07/09 10:55:05",
        "logdata": "keys2"
    },
    {
        "logtime": "2019/07/09 10:55:05",
        "logdata": "string"
    },
    {
        "logtime": "2019/07/09 10:55:05",
        "logdata": "keys2"
    },
    {
        "logtime": "2019/07/09 10:55:05",
        "logdata": "double"
    },
    {
        "logtime": "2019/07/09 10:55:05",
        "logdata": "keys2"
    },
    {
        "logtime": "2019/07/09 10:55:05",
        "logdata": "string"
    },
    {
        "logtime": "2019/07/09 10:55:43",
        "logdata": "LogonScene.onceExcute"
    },
    {
        "logtime": "2019/07/09 10:55:43",
        "logdata": "http://www.fuannainc.top/"
    },
    {
        "logtime": "2019/07/09 10:55:43",
        "logdata": "url"
    },
    {
        "logtime": "2019/07/09 10:55:43",
        "logdata": "http://www.fuannainc.top//ws/MobileInterface.ashx?action=GetMobileLoginNotice"
    },
    {
        "logtime": "2019/07/09 10:55:43",
        "logdata": ""
    },
    {
        "logtime": "2019/07/09 10:55:45",
        "logdata": "onLogonCallBack"
    },
    {
        "logtime": "2019/07/09 10:55:45",
        "logdata": "http://www.fuannainc.top/"
    },
    {
        "logtime": "2019/07/09 10:55:45",
        "logdata": "url"
    },
    {
        "logtime": "2019/07/09 10:55:45",
        "logdata": "http://www.fuannainc.top//WS/MobileInterface.ashx"
    },
    {
        "logtime": "2019/07/09 10:55:45",
        "logdata": "action=GetMobileShareConfig&userid=119938&time=1562640945&signature=7CEDB0A5606C1CA9FC2FFB2F5A8561A4"
    },
    {
        "logtime": "2019/07/09 10:55:46",
        "logdata": "url"
    },
    {
        "logtime": "2019/07/09 10:55:46",
        "logdata": "http://www.fuannainc.top//WS/MobileInterface.ashx?action=GetMobileRollNotice"
    },
    {
        "logtime": "2019/07/09 10:55:46",
        "logdata": ""
    },
    {
        "logtime": "2019/07/09 10:55:56",
        "logdata": "keys2"
    },
    {
        "logtime": "2019/07/09 10:55:56",
        "logdata": "byte"
    },
    {
        "logtime": "2019/07/09 10:55:56",
        "logdata": "keys2"
    },
    {
        "logtime": "2019/07/09 10:55:56",
        "logdata": "word"
    },
    {
        "logtime": "2019/07/09 10:55:56",
        "logdata": "keys2"
    },
    {
        "logtime": "2019/07/09 10:55:56",
        "logdata": "word"
    },
    {
        "logtime": "2019/07/09 10:55:56",
        "logdata": "keys2"
    },
    {
        "logtime": "2019/07/09 10:55:56",
        "logdata": "word"
    },
    {
        "logtime": "2019/07/09 10:55:56",
        "logdata": "keys2"
    },
    {
        "logtime": "2019/07/09 10:55:56",
        "logdata": "word"
    },
    {
        "logtime": "2019/07/09 10:55:56",
        "logdata": "keys2"
    },
    {
        "logtime": "2019/07/09 10:55:56",
        "logdata": "double"
    },
    {
        "logtime": "2019/07/09 10:55:56",
        "logdata": "keys2"
    },
    {
        "logtime": "2019/07/09 10:55:56",
        "logdata": "double"
    },
    {
        "logtime": "2019/07/09 10:55:56",
        "logdata": "keys2"
    },
    {
        "logtime": "2019/07/09 10:55:56",
        "logdata": "double"
    },
    {
        "logtime": "2019/07/09 10:55:57",
        "logdata": "keys2"
    },
    {
        "logtime": "2019/07/09 10:55:57",
        "logdata": "byte"
    },
    {
        "logtime": "2019/07/09 10:55:57",
        "logdata": "keys2"
    },
    {
        "logtime": "2019/07/09 10:55:57",
        "logdata": "word"
    },
    {
        "logtime": "2019/07/09 10:55:57",
        "logdata": "keys2"
    },
    {
        "logtime": "2019/07/09 10:55:57",
        "logdata": "word"
    },
    {
        "logtime": "2019/07/09 10:55:57",
        "logdata": "keys2"
    },
    {
        "logtime": "2019/07/09 10:55:57",
        "logdata": "word"
    },
    {
        "logtime": "2019/07/09 10:55:57",
        "logdata": "keys2"
    },
    {
        "logtime": "2019/07/09 10:55:57",
        "logdata": "word"
    },
    {
        "logtime": "2019/07/09 10:55:57",
        "logdata": "keys2"
    },
    {
        "logtime": "2019/07/09 10:55:57",
        "logdata": "double"
    },
    {
        "logtime": "2019/07/09 10:55:57",
        "logdata": "keys2"
    },
    {
        "logtime": "2019/07/09 10:55:57",
        "logdata": "double"
    },
    {
        "logtime": "2019/07/09 10:55:57",
        "logdata": "keys2"
    },
    {
        "logtime": "2019/07/09 10:55:57",
        "logdata": "double"
    },
    {
        "logtime": "2019/07/09 10:55:57",
        "logdata": "keys2"
    },
    {
        "logtime": "2019/07/09 10:55:57",
        "logdata": "string"
    },
    {
        "logtime": "2019/07/09 10:55:57",
        "logdata": "keys2"
    },
    {
        "logtime": "2019/07/09 10:55:57",
        "logdata": "string"
    },
    {
        "logtime": "2019/07/09 10:55:57",
        "logdata": "keys2"
    },
    {
        "logtime": "2019/07/09 10:55:57",
        "logdata": "double"
    },
    {
        "logtime": "2019/07/09 10:55:57",
        "logdata": "keys2"
    },
    {
        "logtime": "2019/07/09 10:55:57",
        "logdata": "string"
    }
]