[
    {
        "logtime": "2019/05/18 12:23:02",
        "logdata": "url"
    },
    {
        "logtime": "2019/05/18 12:23:02",
        "logdata": "http://apis.juhe.cn/ip/ip2addr?ip=113.77.83.199&key=74bb0395667b8d0588df9ebd6fc36a12"
    },
    {
        "logtime": "2019/05/18 12:23:02",
        "logdata": ""
    },
    {
        "logtime": "2019/05/18 12:23:02",
        "logdata": "onLogonCallBack"
    },
    {
        "logtime": "2019/05/18 12:23:02",
        "logdata": "http://www.fuannainc.top/"
    },
    {
        "logtime": "2019/05/18 12:23:02",
        "logdata": "url"
    },
    {
        "logtime": "2019/05/18 12:23:02",
        "logdata": "http://www.fuannainc.top//WS/MobileInterface.ashx"
    },
    {
        "logtime": "2019/05/18 12:23:02",
        "logdata": "action=GetMobileShareConfig&userid=119791&time=1558153382&signature=0C1FD9CBF30A63B7E8C1FF9CC7FA9D38"
    },
    {
        "logtime": "2019/05/18 12:23:05",
        "logdata": "url"
    },
    {
        "logtime": "2019/05/18 12:23:05",
        "logdata": "http://www.fuannainc.top//WS/MobileInterface.ashx?action=GetMobileRollNotice"
    },
    {
        "logtime": "2019/05/18 12:23:05",
        "logdata": ""
    },
    {
        "logtime": "2019/05/18 12:23:06",
        "logdata": "url"
    },
    {
        "logtime": "2019/05/18 12:23:06",
        "logdata": "http://apis.juhe.cn/ip/ip2addr?ip=113.77.83.199&key=74bb0395667b8d0588df9ebd6fc36a12"
    },
    {
        "logtime": "2019/05/18 12:23:06",
        "logdata": ""
    },
    {
        "logtime": "2019/05/18 12:23:06",
        "logdata": "onLogonCallBack"
    },
    {
        "logtime": "2019/05/18 12:23:06",
        "logdata": "http://www.fuannainc.top/"
    },
    {
        "logtime": "2019/05/18 12:23:06",
        "logdata": "url"
    },
    {
        "logtime": "2019/05/18 12:23:06",
        "logdata": "http://www.fuannainc.top//WS/MobileInterface.ashx"
    },
    {
        "logtime": "2019/05/18 12:23:06",
        "logdata": "action=GetMobileShareConfig&userid=119913&time=1558153386&signature=178E0DFB6E4EA28224E73EE3A292E1EE"
    },
    {
        "logtime": "2019/05/18 12:23:07",
        "logdata": "url"
    },
    {
        "logtime": "2019/05/18 12:23:07",
        "logdata": "http://www.fuannainc.top//WS/MobileInterface.ashx?action=GetMobileRollNotice"
    },
    {
        "logtime": "2019/05/18 12:23:07",
        "logdata": ""
    }
]