[
    {
        "logtime": "2019/06/17 10:07:15",
        "logdata": "LogonScene.onceExcute"
    },
    {
        "logtime": "2019/06/17 10:07:15",
        "logdata": "http://www.fuannainc.top/"
    },
    {
        "logtime": "2019/06/17 10:07:16",
        "logdata": "url"
    },
    {
        "logtime": "2019/06/17 10:07:16",
        "logdata": "http://www.fuannainc.top//ws/MobileInterface.ashx?action=GetMobileLoginNotice"
    },
    {
        "logtime": "2019/06/17 10:07:16",
        "logdata": ""
    },
    {
        "logtime": "2019/06/17 10:07:19",
        "logdata": "url"
    },
    {
        "logtime": "2019/06/17 10:07:19",
        "logdata": "http://apis.juhe.cn/ip/ip2addr?ip=36.249.132.170&key=74bb0395667b8d0588df9ebd6fc36a12"
    },
    {
        "logtime": "2019/06/17 10:07:19",
        "logdata": ""
    },
    {
        "logtime": "2019/06/17 10:07:19",
        "logdata": "onLogonCallBack"
    },
    {
        "logtime": "2019/06/17 10:07:19",
        "logdata": "http://www.fuannainc.top/"
    },
    {
        "logtime": "2019/06/17 10:07:19",
        "logdata": "url"
    },
    {
        "logtime": "2019/06/17 10:07:19",
        "logdata": "http://www.fuannainc.top//WS/MobileInterface.ashx"
    },
    {
        "logtime": "2019/06/17 10:07:19",
        "logdata": "action=GetMobileShareConfig&userid=119928&time=1560737239&signature=030BA70E10E1403993EB688FEE7E5CF3"
    },
    {
        "logtime": "2019/06/17 10:07:21",
        "logdata": "url"
    },
    {
        "logtime": "2019/06/17 10:07:21",
        "logdata": "http://www.fuannainc.top//WS/MobileInterface.ashx?action=GetMobileRollNotice"
    },
    {
        "logtime": "2019/06/17 10:07:21",
        "logdata": ""
    },
    {
        "logtime": "2019/06/17 10:07:26",
        "logdata": "[string \".\\client/src/plaza/views/LogonScene.lua\"]:591: attempt to index field 'newServerList' (a nil value)\nstack traceback:\n\t[string \".\\app/models/AppDF.lua\"]:391: in function <[string \".\\app/models/AppDF.lua\"]:388>"
    },
    {
        "logtime": "2019/06/17 10:07:27",
        "logdata": "[string \".\\client/src/plaza/views/LogonScene.lua\"]:591: attempt to index field 'newServerList' (a nil value)\nstack traceback:\n\t[string \".\\app/models/AppDF.lua\"]:391: in function <[string \".\\app/models/AppDF.lua\"]:388>"
    },
    {
        "logtime": "2019/06/17 10:07:28",
        "logdata": "[string \".\\client/src/plaza/views/LogonScene.lua\"]:591: attempt to index field 'newServerList' (a nil value)\nstack traceback:\n\t[string \".\\app/models/AppDF.lua\"]:391: in function <[string \".\\app/models/AppDF.lua\"]:388>"
    },
    {
        "logtime": "2019/06/17 10:07:29",
        "logdata": "[string \".\\client/src/plaza/views/LogonScene.lua\"]:591: attempt to index field 'newServerList' (a nil value)\nstack traceback:\n\t[string \".\\app/models/AppDF.lua\"]:391: in function <[string \".\\app/models/AppDF.lua\"]:388>"
    },
    {
        "logtime": "2019/06/17 10:07:30",
        "logdata": "[string \".\\client/src/plaza/views/LogonScene.lua\"]:591: attempt to index field 'newServerList' (a nil value)\nstack traceback:\n\t[string \".\\app/models/AppDF.lua\"]:391: in function <[string \".\\app/models/AppDF.lua\"]:388>"
    },
    {
        "logtime": "2019/06/17 10:07:31",
        "logdata": "[string \".\\client/src/plaza/views/LogonScene.lua\"]:591: attempt to index field 'newServerList' (a nil value)\nstack traceback:\n\t[string \".\\app/models/AppDF.lua\"]:391: in function <[string \".\\app/models/AppDF.lua\"]:388>"
    },
    {
        "logtime": "2019/06/17 10:07:32",
        "logdata": "[string \".\\client/src/plaza/views/LogonScene.lua\"]:591: attempt to index field 'newServerList' (a nil value)\nstack traceback:\n\t[string \".\\app/models/AppDF.lua\"]:391: in function <[string \".\\app/models/AppDF.lua\"]:388>"
    },
    {
        "logtime": "2019/06/17 10:07:33",
        "logdata": 4
    },
    {
        "logtime": "2019/06/17 10:07:33",
        "logdata": "onEnterGame"
    },
    {
        "logtime": "2019/06/17 10:07:33",
        "logdata": {
            "_ServerResVersion": 4,
            "_Active": true,
            "_KindVersion": "101122049",
            "_KindType": 2,
            "_Module": "xiuxian/zhongfabai/",
            "_KindID": "105",
            "_Type": "xiuxian",
            "_KindName": "xiuxian.zhongfabai.",
            "_SortId": 8
        }
    },
    {
        "logtime": "2019/06/17 10:07:33",
        "logdata": "url"
    },
    {
        "logtime": "2019/06/17 10:07:33",
        "logdata": "http://apis.juhe.cn/ip/ip2addr?ip=36.249.132.170&key=74bb0395667b8d0588df9ebd6fc36a12"
    },
    {
        "logtime": "2019/06/17 10:07:33",
        "logdata": ""
    },
    {
        "logtime": "2019/06/17 10:07:33",
        "logdata": "url"
    },
    {
        "logtime": "2019/06/17 10:07:33",
        "logdata": "http://apis.juhe.cn/ip/ip2addr?ip=106.93.151.37&key=74bb0395667b8d0588df9ebd6fc36a12"
    },
    {
        "logtime": "2019/06/17 10:07:33",
        "logdata": ""
    },
    {
        "logtime": "2019/06/17 10:07:33",
        "logdata": "url"
    },
    {
        "logtime": "2019/06/17 10:07:33",
        "logdata": "http://apis.juhe.cn/ip/ip2addr?ip=123.234.217.32&key=74bb0395667b8d0588df9ebd6fc36a12"
    },
    {
        "logtime": "2019/06/17 10:07:33",
        "logdata": ""
    },
    {
        "logtime": "2019/06/17 10:07:33",
        "logdata": "url"
    },
    {
        "logtime": "2019/06/17 10:07:33",
        "logdata": "http://apis.juhe.cn/ip/ip2addr?ip=106.83.116.87&key=74bb0395667b8d0588df9ebd6fc36a12"
    },
    {
        "logtime": "2019/06/17 10:07:33",
        "logdata": ""
    },
    {
        "logtime": "2019/06/17 10:07:33",
        "logdata": "url"
    },
    {
        "logtime": "2019/06/17 10:07:33",
        "logdata": "http://apis.juhe.cn/ip/ip2addr?ip=123.233.112.123&key=74bb0395667b8d0588df9ebd6fc36a12"
    },
    {
        "logtime": "2019/06/17 10:07:33",
        "logdata": ""
    },
    {
        "logtime": "2019/06/17 10:07:33",
        "logdata": "url"
    },
    {
        "logtime": "2019/06/17 10:07:33",
        "logdata": "http://apis.juhe.cn/ip/ip2addr?ip=222.32.27.202&key=74bb0395667b8d0588df9ebd6fc36a12"
    },
    {
        "logtime": "2019/06/17 10:07:33",
        "logdata": ""
    },
    {
        "logtime": "2019/06/17 10:07:33",
        "logdata": "url"
    },
    {
        "logtime": "2019/06/17 10:07:33",
        "logdata": "http://apis.juhe.cn/ip/ip2addr?ip=171.13.163.223&key=74bb0395667b8d0588df9ebd6fc36a12"
    },
    {
        "logtime": "2019/06/17 10:07:33",
        "logdata": ""
    },
    {
        "logtime": "2019/06/17 10:07:33",
        "logdata": "url"
    },
    {
        "logtime": "2019/06/17 10:07:33",
        "logdata": "http://apis.juhe.cn/ip/ip2addr?ip=222.24.101.178&key=74bb0395667b8d0588df9ebd6fc36a12"
    },
    {
        "logtime": "2019/06/17 10:07:33",
        "logdata": ""
    },
    {
        "logtime": "2019/06/17 10:07:33",
        "logdata": "url"
    },
    {
        "logtime": "2019/06/17 10:07:33",
        "logdata": "http://apis.juhe.cn/ip/ip2addr?ip=171.13.168.230&key=74bb0395667b8d0588df9ebd6fc36a12"
    },
    {
        "logtime": "2019/06/17 10:07:33",
        "logdata": ""
    },
    {
        "logtime": "2019/06/17 10:07:33",
        "logdata": "url"
    },
    {
        "logtime": "2019/06/17 10:07:33",
        "logdata": "http://apis.juhe.cn/ip/ip2addr?ip=171.11.5.207&key=74bb0395667b8d0588df9ebd6fc36a12"
    },
    {
        "logtime": "2019/06/17 10:07:33",
        "logdata": ""
    },
    {
        "logtime": "2019/06/17 10:07:33",
        "logdata": "url"
    },
    {
        "logtime": "2019/06/17 10:07:33",
        "logdata": "http://apis.juhe.cn/ip/ip2addr?ip=121.76.129.79&key=74bb0395667b8d0588df9ebd6fc36a12"
    },
    {
        "logtime": "2019/06/17 10:07:33",
        "logdata": ""
    },
    {
        "logtime": "2019/06/17 10:07:33",
        "logdata": "url"
    },
    {
        "logtime": "2019/06/17 10:07:33",
        "logdata": "http://apis.juhe.cn/ip/ip2addr?ip=123.232.201.172&key=74bb0395667b8d0588df9ebd6fc36a12"
    },
    {
        "logtime": "2019/06/17 10:07:33",
        "logdata": ""
    },
    {
        "logtime": "2019/06/17 10:07:33",
        "logdata": "url"
    },
    {
        "logtime": "2019/06/17 10:07:33",
        "logdata": "http://apis.juhe.cn/ip/ip2addr?ip=61.234.196.47&key=74bb0395667b8d0588df9ebd6fc36a12"
    },
    {
        "logtime": "2019/06/17 10:07:33",
        "logdata": ""
    },
    {
        "logtime": "2019/06/17 10:07:33",
        "logdata": "url"
    },
    {
        "logtime": "2019/06/17 10:07:33",
        "logdata": "http://apis.juhe.cn/ip/ip2addr?ip=171.11.161.112&key=74bb0395667b8d0588df9ebd6fc36a12"
    },
    {
        "logtime": "2019/06/17 10:07:33",
        "logdata": ""
    },
    {
        "logtime": "2019/06/17 10:07:33",
        "logdata": "url"
    },
    {
        "logtime": "2019/06/17 10:07:33",
        "logdata": "http://apis.juhe.cn/ip/ip2addr?ip=36.58.121.204&key=74bb0395667b8d0588df9ebd6fc36a12"
    },
    {
        "logtime": "2019/06/17 10:07:33",
        "logdata": ""
    },
    {
        "logtime": "2019/06/17 10:07:33",
        "logdata": "url"
    },
    {
        "logtime": "2019/06/17 10:07:33",
        "logdata": "http://apis.juhe.cn/ip/ip2addr?ip=106.82.230.144&key=74bb0395667b8d0588df9ebd6fc36a12"
    },
    {
        "logtime": "2019/06/17 10:07:33",
        "logdata": ""
    },
    {
        "logtime": "2019/06/17 10:07:33",
        "logdata": "url"
    },
    {
        "logtime": "2019/06/17 10:07:33",
        "logdata": "http://apis.juhe.cn/ip/ip2addr?ip=121.77.236.250&key=74bb0395667b8d0588df9ebd6fc36a12"
    },
    {
        "logtime": "2019/06/17 10:07:33",
        "logdata": ""
    },
    {
        "logtime": "2019/06/17 10:07:33",
        "logdata": "url"
    },
    {
        "logtime": "2019/06/17 10:07:33",
        "logdata": "http://apis.juhe.cn/ip/ip2addr?ip=210.41.240.239&key=74bb0395667b8d0588df9ebd6fc36a12"
    },
    {
        "logtime": "2019/06/17 10:07:33",
        "logdata": ""
    },
    {
        "logtime": "2019/06/17 10:07:33",
        "logdata": "url"
    },
    {
        "logtime": "2019/06/17 10:07:33",
        "logdata": "http://apis.juhe.cn/ip/ip2addr?ip=61.236.27.192&key=74bb0395667b8d0588df9ebd6fc36a12"
    },
    {
        "logtime": "2019/06/17 10:07:33",
        "logdata": ""
    },
    {
        "logtime": "2019/06/17 10:07:33",
        "logdata": "url"
    },
    {
        "logtime": "2019/06/17 10:07:33",
        "logdata": "http://apis.juhe.cn/ip/ip2addr?ip=123.235.2.143&key=74bb0395667b8d0588df9ebd6fc36a12"
    },
    {
        "logtime": "2019/06/17 10:07:33",
        "logdata": ""
    },
    {
        "logtime": "2019/06/17 10:07:33",
        "logdata": "url"
    },
    {
        "logtime": "2019/06/17 10:07:33",
        "logdata": "http://apis.juhe.cn/ip/ip2addr?ip=123.233.169.230&key=74bb0395667b8d0588df9ebd6fc36a12"
    },
    {
        "logtime": "2019/06/17 10:07:33",
        "logdata": ""
    },
    {
        "logtime": "2019/06/17 10:07:33",
        "logdata": "url"
    },
    {
        "logtime": "2019/06/17 10:07:33",
        "logdata": "http://apis.juhe.cn/ip/ip2addr?ip=61.233.211.21&key=74bb0395667b8d0588df9ebd6fc36a12"
    },
    {
        "logtime": "2019/06/17 10:07:33",
        "logdata": ""
    },
    {
        "logtime": "2019/06/17 10:07:33",
        "logdata": "url"
    },
    {
        "logtime": "2019/06/17 10:07:33",
        "logdata": "http://apis.juhe.cn/ip/ip2addr?ip=106.88.142.148&key=74bb0395667b8d0588df9ebd6fc36a12"
    },
    {
        "logtime": "2019/06/17 10:07:33",
        "logdata": ""
    },
    {
        "logtime": "2019/06/17 10:07:33",
        "logdata": "url"
    },
    {
        "logtime": "2019/06/17 10:07:33",
        "logdata": "http://apis.juhe.cn/ip/ip2addr?ip=182.89.96.216&key=74bb0395667b8d0588df9ebd6fc36a12"
    },
    {
        "logtime": "2019/06/17 10:07:33",
        "logdata": ""
    },
    {
        "logtime": "2019/06/17 10:07:33",
        "logdata": "url"
    },
    {
        "logtime": "2019/06/17 10:07:33",
        "logdata": "http://apis.juhe.cn/ip/ip2addr?ip=123.233.109.129&key=74bb0395667b8d0588df9ebd6fc36a12"
    },
    {
        "logtime": "2019/06/17 10:07:33",
        "logdata": ""
    },
    {
        "logtime": "2019/06/17 10:07:33",
        "logdata": "url"
    },
    {
        "logtime": "2019/06/17 10:07:34",
        "logdata": "http://apis.juhe.cn/ip/ip2addr?ip=61.236.67.104&key=74bb0395667b8d0588df9ebd6fc36a12"
    },
    {
        "logtime": "2019/06/17 10:07:34",
        "logdata": ""
    },
    {
        "logtime": "2019/06/17 10:07:34",
        "logdata": "url"
    },
    {
        "logtime": "2019/06/17 10:07:34",
        "logdata": "http://apis.juhe.cn/ip/ip2addr?ip=121.76.12.69&key=74bb0395667b8d0588df9ebd6fc36a12"
    },
    {
        "logtime": "2019/06/17 10:07:34",
        "logdata": ""
    },
    {
        "logtime": "2019/06/17 10:07:34",
        "logdata": "url"
    },
    {
        "logtime": "2019/06/17 10:07:34",
        "logdata": "http://apis.juhe.cn/ip/ip2addr?ip=171.8.113.253&key=74bb0395667b8d0588df9ebd6fc36a12"
    },
    {
        "logtime": "2019/06/17 10:07:34",
        "logdata": ""
    },
    {
        "logtime": "2019/06/17 10:07:34",
        "logdata": "url"
    },
    {
        "logtime": "2019/06/17 10:07:34",
        "logdata": "http://apis.juhe.cn/ip/ip2addr?ip=106.90.182.129&key=74bb0395667b8d0588df9ebd6fc36a12"
    },
    {
        "logtime": "2019/06/17 10:07:34",
        "logdata": ""
    },
    {
        "logtime": "2019/06/17 10:07:34",
        "logdata": "url"
    },
    {
        "logtime": "2019/06/17 10:07:34",
        "logdata": "http://apis.juhe.cn/ip/ip2addr?ip=61.235.9.2&key=74bb0395667b8d0588df9ebd6fc36a12"
    },
    {
        "logtime": "2019/06/17 10:07:34",
        "logdata": ""
    },
    {
        "logtime": "2019/06/17 10:07:34",
        "logdata": "url"
    },
    {
        "logtime": "2019/06/17 10:07:34",
        "logdata": "http://apis.juhe.cn/ip/ip2addr?ip=36.63.46.9&key=74bb0395667b8d0588df9ebd6fc36a12"
    },
    {
        "logtime": "2019/06/17 10:07:34",
        "logdata": ""
    },
    {
        "logtime": "2019/06/17 10:07:34",
        "logdata": "url"
    },
    {
        "logtime": "2019/06/17 10:07:34",
        "logdata": "http://apis.juhe.cn/ip/ip2addr?ip=106.89.120.253&key=74bb0395667b8d0588df9ebd6fc36a12"
    },
    {
        "logtime": "2019/06/17 10:07:34",
        "logdata": ""
    },
    {
        "logtime": "2019/06/17 10:07:34",
        "logdata": "url"
    },
    {
        "logtime": "2019/06/17 10:07:34",
        "logdata": "http://apis.juhe.cn/ip/ip2addr?ip=61.233.23.157&key=74bb0395667b8d0588df9ebd6fc36a12"
    },
    {
        "logtime": "2019/06/17 10:07:34",
        "logdata": ""
    },
    {
        "logtime": "2019/06/17 10:07:34",
        "logdata": "url"
    },
    {
        "logtime": "2019/06/17 10:07:34",
        "logdata": "http://apis.juhe.cn/ip/ip2addr?ip=222.26.249.5&key=74bb0395667b8d0588df9ebd6fc36a12"
    },
    {
        "logtime": "2019/06/17 10:07:34",
        "logdata": ""
    },
    {
        "logtime": "2019/06/17 10:07:34",
        "logdata": "url"
    },
    {
        "logtime": "2019/06/17 10:07:34",
        "logdata": "http://apis.juhe.cn/ip/ip2addr?ip=139.204.236.27&key=74bb0395667b8d0588df9ebd6fc36a12"
    },
    {
        "logtime": "2019/06/17 10:07:34",
        "logdata": ""
    },
    {
        "logtime": "2019/06/17 10:07:34",
        "logdata": "url"
    },
    {
        "logtime": "2019/06/17 10:07:34",
        "logdata": "http://apis.juhe.cn/ip/ip2addr?ip=171.15.29.226&key=74bb0395667b8d0588df9ebd6fc36a12"
    },
    {
        "logtime": "2019/06/17 10:07:34",
        "logdata": ""
    },
    {
        "logtime": "2019/06/17 10:07:34",
        "logdata": "url"
    },
    {
        "logtime": "2019/06/17 10:07:34",
        "logdata": "http://apis.juhe.cn/ip/ip2addr?ip=182.92.70.200&key=74bb0395667b8d0588df9ebd6fc36a12"
    },
    {
        "logtime": "2019/06/17 10:07:34",
        "logdata": ""
    },
    {
        "logtime": "2019/06/17 10:07:34",
        "logdata": "url"
    },
    {
        "logtime": "2019/06/17 10:07:34",
        "logdata": "http://apis.juhe.cn/ip/ip2addr?ip=171.10.251.230&key=74bb0395667b8d0588df9ebd6fc36a12"
    },
    {
        "logtime": "2019/06/17 10:07:34",
        "logdata": ""
    },
    {
        "logtime": "2019/06/17 10:07:34",
        "logdata": "url"
    },
    {
        "logtime": "2019/06/17 10:07:34",
        "logdata": "http://apis.juhe.cn/ip/ip2addr?ip=36.61.63.138&key=74bb0395667b8d0588df9ebd6fc36a12"
    },
    {
        "logtime": "2019/06/17 10:07:34",
        "logdata": ""
    },
    {
        "logtime": "2019/06/17 10:07:34",
        "logdata": "url"
    },
    {
        "logtime": "2019/06/17 10:07:34",
        "logdata": "http://apis.juhe.cn/ip/ip2addr?ip=106.89.248.143&key=74bb0395667b8d0588df9ebd6fc36a12"
    },
    {
        "logtime": "2019/06/17 10:07:34",
        "logdata": ""
    },
    {
        "logtime": "2019/06/17 10:07:34",
        "logdata": "url"
    },
    {
        "logtime": "2019/06/17 10:07:34",
        "logdata": "http://apis.juhe.cn/ip/ip2addr?ip=222.91.139.136&key=74bb0395667b8d0588df9ebd6fc36a12"
    },
    {
        "logtime": "2019/06/17 10:07:34",
        "logdata": ""
    },
    {
        "logtime": "2019/06/17 10:07:34",
        "logdata": "url"
    },
    {
        "logtime": "2019/06/17 10:07:34",
        "logdata": "http://apis.juhe.cn/ip/ip2addr?ip=210.37.149.23&key=74bb0395667b8d0588df9ebd6fc36a12"
    },
    {
        "logtime": "2019/06/17 10:07:34",
        "logdata": ""
    },
    {
        "logtime": "2019/06/17 10:07:34",
        "logdata": "url"
    },
    {
        "logtime": "2019/06/17 10:07:34",
        "logdata": "http://apis.juhe.cn/ip/ip2addr?ip=139.204.206.215&key=74bb0395667b8d0588df9ebd6fc36a12"
    },
    {
        "logtime": "2019/06/17 10:07:34",
        "logdata": ""
    },
    {
        "logtime": "2019/06/17 10:07:34",
        "logdata": "url"
    },
    {
        "logtime": "2019/06/17 10:07:34",
        "logdata": "http://apis.juhe.cn/ip/ip2addr?ip=139.202.122.128&key=74bb0395667b8d0588df9ebd6fc36a12"
    },
    {
        "logtime": "2019/06/17 10:07:34",
        "logdata": ""
    },
    {
        "logtime": "2019/06/17 10:07:34",
        "logdata": "url"
    },
    {
        "logtime": "2019/06/17 10:07:34",
        "logdata": "http://apis.juhe.cn/ip/ip2addr?ip=222.57.238.70&key=74bb0395667b8d0588df9ebd6fc36a12"
    },
    {
        "logtime": "2019/06/17 10:07:34",
        "logdata": ""
    },
    {
        "logtime": "2019/06/17 10:07:34",
        "logdata": "url"
    },
    {
        "logtime": "2019/06/17 10:07:34",
        "logdata": "http://apis.juhe.cn/ip/ip2addr?ip=106.87.235.217&key=74bb0395667b8d0588df9ebd6fc36a12"
    },
    {
        "logtime": "2019/06/17 10:07:34",
        "logdata": ""
    },
    {
        "logtime": "2019/06/17 10:07:34",
        "logdata": "url"
    },
    {
        "logtime": "2019/06/17 10:07:34",
        "logdata": "http://apis.juhe.cn/ip/ip2addr?ip=61.235.215.76&key=74bb0395667b8d0588df9ebd6fc36a12"
    },
    {
        "logtime": "2019/06/17 10:07:34",
        "logdata": ""
    },
    {
        "logtime": "2019/06/17 10:07:34",
        "logdata": "url"
    },
    {
        "logtime": "2019/06/17 10:07:34",
        "logdata": "http://apis.juhe.cn/ip/ip2addr?ip=210.40.191.172&key=74bb0395667b8d0588df9ebd6fc36a12"
    },
    {
        "logtime": "2019/06/17 10:07:34",
        "logdata": ""
    },
    {
        "logtime": "2019/06/17 10:07:34",
        "logdata": "url"
    },
    {
        "logtime": "2019/06/17 10:07:34",
        "logdata": "http://apis.juhe.cn/ip/ip2addr?ip=182.90.239.49&key=74bb0395667b8d0588df9ebd6fc36a12"
    },
    {
        "logtime": "2019/06/17 10:07:34",
        "logdata": ""
    },
    {
        "logtime": "2019/06/17 10:07:34",
        "logdata": "url"
    },
    {
        "logtime": "2019/06/17 10:07:34",
        "logdata": "http://apis.juhe.cn/ip/ip2addr?ip=61.235.196.225&key=74bb0395667b8d0588df9ebd6fc36a12"
    },
    {
        "logtime": "2019/06/17 10:07:34",
        "logdata": ""
    },
    {
        "logtime": "2019/06/17 10:07:34",
        "logdata": "url"
    },
    {
        "logtime": "2019/06/17 10:07:34",
        "logdata": "http://apis.juhe.cn/ip/ip2addr?ip=61.233.188.221&key=74bb0395667b8d0588df9ebd6fc36a12"
    },
    {
        "logtime": "2019/06/17 10:07:34",
        "logdata": ""
    },
    {
        "logtime": "2019/06/17 10:07:34",
        "logdata": "url"
    },
    {
        "logtime": "2019/06/17 10:07:34",
        "logdata": "http://apis.juhe.cn/ip/ip2addr?ip=106.93.25.102&key=74bb0395667b8d0588df9ebd6fc36a12"
    },
    {
        "logtime": "2019/06/17 10:07:34",
        "logdata": ""
    },
    {
        "logtime": "2019/06/17 10:07:34",
        "logdata": "url"
    },
    {
        "logtime": "2019/06/17 10:07:34",
        "logdata": "http://apis.juhe.cn/ip/ip2addr?ip=106.81.225.4&key=74bb0395667b8d0588df9ebd6fc36a12"
    },
    {
        "logtime": "2019/06/17 10:07:34",
        "logdata": ""
    },
    {
        "logtime": "2019/06/17 10:07:34",
        "logdata": "url"
    },
    {
        "logtime": "2019/06/17 10:07:34",
        "logdata": "http://apis.juhe.cn/ip/ip2addr?ip=106.94.20.218&key=74bb0395667b8d0588df9ebd6fc36a12"
    },
    {
        "logtime": "2019/06/17 10:07:34",
        "logdata": ""
    },
    {
        "logtime": "2019/06/17 10:07:34",
        "logdata": "url"
    },
    {
        "logtime": "2019/06/17 10:07:34",
        "logdata": "http://apis.juhe.cn/ip/ip2addr?ip=106.92.74.11&key=74bb0395667b8d0588df9ebd6fc36a12"
    },
    {
        "logtime": "2019/06/17 10:07:34",
        "logdata": ""
    },
    {
        "logtime": "2019/06/17 10:07:34",
        "logdata": "url"
    },
    {
        "logtime": "2019/06/17 10:07:34",
        "logdata": "http://apis.juhe.cn/ip/ip2addr?ip=139.200.70.99&key=74bb0395667b8d0588df9ebd6fc36a12"
    },
    {
        "logtime": "2019/06/17 10:07:34",
        "logdata": ""
    },
    {
        "logtime": "2019/06/17 10:07:34",
        "logdata": "url"
    },
    {
        "logtime": "2019/06/17 10:07:34",
        "logdata": "http://apis.juhe.cn/ip/ip2addr?ip=123.232.157.166&key=74bb0395667b8d0588df9ebd6fc36a12"
    },
    {
        "logtime": "2019/06/17 10:07:34",
        "logdata": ""
    },
    {
        "logtime": "2019/06/17 10:07:34",
        "logdata": "url"
    },
    {
        "logtime": "2019/06/17 10:07:34",
        "logdata": "http://apis.juhe.cn/ip/ip2addr?ip=139.203.52.218&key=74bb0395667b8d0588df9ebd6fc36a12"
    },
    {
        "logtime": "2019/06/17 10:07:34",
        "logdata": ""
    },
    {
        "logtime": "2019/06/17 10:07:34",
        "logdata": "url"
    },
    {
        "logtime": "2019/06/17 10:07:34",
        "logdata": "http://apis.juhe.cn/ip/ip2addr?ip=121.76.15.67&key=74bb0395667b8d0588df9ebd6fc36a12"
    },
    {
        "logtime": "2019/06/17 10:07:34",
        "logdata": ""
    },
    {
        "logtime": "2019/06/17 10:07:34",
        "logdata": "url"
    },
    {
        "logtime": "2019/06/17 10:07:34",
        "logdata": "http://apis.juhe.cn/ip/ip2addr?ip=171.15.84.19&key=74bb0395667b8d0588df9ebd6fc36a12"
    },
    {
        "logtime": "2019/06/17 10:07:34",
        "logdata": ""
    },
    {
        "logtime": "2019/06/17 10:07:34",
        "logdata": "url"
    },
    {
        "logtime": "2019/06/17 10:07:34",
        "logdata": "http://apis.juhe.cn/ip/ip2addr?ip=36.57.180.29&key=74bb0395667b8d0588df9ebd6fc36a12"
    },
    {
        "logtime": "2019/06/17 10:07:34",
        "logdata": ""
    },
    {
        "logtime": "2019/06/17 10:07:34",
        "logdata": "url"
    },
    {
        "logtime": "2019/06/17 10:07:34",
        "logdata": "http://apis.juhe.cn/ip/ip2addr?ip=36.60.1.214&key=74bb0395667b8d0588df9ebd6fc36a12"
    },
    {
        "logtime": "2019/06/17 10:07:34",
        "logdata": ""
    },
    {
        "logtime": "2019/06/17 10:07:34",
        "logdata": "url"
    },
    {
        "logtime": "2019/06/17 10:07:34",
        "logdata": "http://apis.juhe.cn/ip/ip2addr?ip=171.13.206.212&key=74bb0395667b8d0588df9ebd6fc36a12"
    },
    {
        "logtime": "2019/06/17 10:07:34",
        "logdata": ""
    },
    {
        "logtime": "2019/06/17 10:07:34",
        "logdata": "url"
    },
    {
        "logtime": "2019/06/17 10:07:34",
        "logdata": "http://apis.juhe.cn/ip/ip2addr?ip=171.8.38.176&key=74bb0395667b8d0588df9ebd6fc36a12"
    },
    {
        "logtime": "2019/06/17 10:07:34",
        "logdata": ""
    },
    {
        "logtime": "2019/06/17 10:07:34",
        "logdata": "url"
    },
    {
        "logtime": "2019/06/17 10:07:34",
        "logdata": "http://apis.juhe.cn/ip/ip2addr?ip=106.85.185.150&key=74bb0395667b8d0588df9ebd6fc36a12"
    },
    {
        "logtime": "2019/06/17 10:07:34",
        "logdata": ""
    },
    {
        "logtime": "2019/06/17 10:07:34",
        "logdata": "url"
    },
    {
        "logtime": "2019/06/17 10:07:34",
        "logdata": "http://apis.juhe.cn/ip/ip2addr?ip=121.76.191.151&key=74bb0395667b8d0588df9ebd6fc36a12"
    },
    {
        "logtime": "2019/06/17 10:07:34",
        "logdata": ""
    },
    {
        "logtime": "2019/06/17 10:07:34",
        "logdata": "url"
    },
    {
        "logtime": "2019/06/17 10:07:34",
        "logdata": "http://apis.juhe.cn/ip/ip2addr?ip=222.63.118.178&key=74bb0395667b8d0588df9ebd6fc36a12"
    },
    {
        "logtime": "2019/06/17 10:07:34",
        "logdata": ""
    },
    {
        "logtime": "2019/06/17 10:07:34",
        "logdata": "url"
    },
    {
        "logtime": "2019/06/17 10:07:34",
        "logdata": "http://apis.juhe.cn/ip/ip2addr?ip=36.56.4.145&key=74bb0395667b8d0588df9ebd6fc36a12"
    },
    {
        "logtime": "2019/06/17 10:07:34",
        "logdata": ""
    },
    {
        "logtime": "2019/06/17 10:07:34",
        "logdata": "url"
    },
    {
        "logtime": "2019/06/17 10:07:34",
        "logdata": "http://apis.juhe.cn/ip/ip2addr?ip=121.77.39.234&key=74bb0395667b8d0588df9ebd6fc36a12"
    },
    {
        "logtime": "2019/06/17 10:07:34",
        "logdata": ""
    },
    {
        "logtime": "2019/06/17 10:07:34",
        "logdata": "url"
    },
    {
        "logtime": "2019/06/17 10:07:34",
        "logdata": "http://apis.juhe.cn/ip/ip2addr?ip=36.63.104.237&key=74bb0395667b8d0588df9ebd6fc36a12"
    },
    {
        "logtime": "2019/06/17 10:07:34",
        "logdata": ""
    },
    {
        "logtime": "2019/06/17 10:07:34",
        "logdata": "url"
    },
    {
        "logtime": "2019/06/17 10:07:34",
        "logdata": "http://apis.juhe.cn/ip/ip2addr?ip=36.57.190.145&key=74bb0395667b8d0588df9ebd6fc36a12"
    },
    {
        "logtime": "2019/06/17 10:07:34",
        "logdata": ""
    },
    {
        "logtime": "2019/06/17 10:07:34",
        "logdata": "url"
    },
    {
        "logtime": "2019/06/17 10:07:34",
        "logdata": "http://apis.juhe.cn/ip/ip2addr?ip=106.91.48.252&key=74bb0395667b8d0588df9ebd6fc36a12"
    },
    {
        "logtime": "2019/06/17 10:07:34",
        "logdata": ""
    },
    {
        "logtime": "2019/06/17 10:07:34",
        "logdata": "url"
    },
    {
        "logtime": "2019/06/17 10:07:34",
        "logdata": "http://apis.juhe.cn/ip/ip2addr?ip=222.70.206.183&key=74bb0395667b8d0588df9ebd6fc36a12"
    },
    {
        "logtime": "2019/06/17 10:07:34",
        "logdata": ""
    },
    {
        "logtime": "2019/06/17 10:07:34",
        "logdata": "url"
    },
    {
        "logtime": "2019/06/17 10:07:34",
        "logdata": "http://apis.juhe.cn/ip/ip2addr?ip=182.80.143.20&key=74bb0395667b8d0588df9ebd6fc36a12"
    },
    {
        "logtime": "2019/06/17 10:07:34",
        "logdata": ""
    },
    {
        "logtime": "2019/06/17 10:07:34",
        "logdata": "url"
    },
    {
        "logtime": "2019/06/17 10:07:34",
        "logdata": "http://apis.juhe.cn/ip/ip2addr?ip=182.86.208.31&key=74bb0395667b8d0588df9ebd6fc36a12"
    },
    {
        "logtime": "2019/06/17 10:07:34",
        "logdata": ""
    },
    {
        "logtime": "2019/06/17 10:07:34",
        "logdata": "url"
    },
    {
        "logtime": "2019/06/17 10:07:35",
        "logdata": "http://apis.juhe.cn/ip/ip2addr?ip=222.21.74.84&key=74bb0395667b8d0588df9ebd6fc36a12"
    },
    {
        "logtime": "2019/06/17 10:07:35",
        "logdata": ""
    },
    {
        "logtime": "2019/06/17 10:07:35",
        "logdata": "url"
    },
    {
        "logtime": "2019/06/17 10:07:35",
        "logdata": "http://apis.juhe.cn/ip/ip2addr?ip=123.235.138.52&key=74bb0395667b8d0588df9ebd6fc36a12"
    },
    {
        "logtime": "2019/06/17 10:07:35",
        "logdata": ""
    },
    {
        "logtime": "2019/06/17 10:07:35",
        "logdata": "url"
    },
    {
        "logtime": "2019/06/17 10:07:35",
        "logdata": "http://apis.juhe.cn/ip/ip2addr?ip=222.92.147.171&key=74bb0395667b8d0588df9ebd6fc36a12"
    },
    {
        "logtime": "2019/06/17 10:07:35",
        "logdata": ""
    },
    {
        "logtime": "2019/06/17 10:07:35",
        "logdata": "url"
    },
    {
        "logtime": "2019/06/17 10:07:35",
        "logdata": "http://apis.juhe.cn/ip/ip2addr?ip=139.196.50.223&key=74bb0395667b8d0588df9ebd6fc36a12"
    },
    {
        "logtime": "2019/06/17 10:07:35",
        "logdata": ""
    },
    {
        "logtime": "2019/06/17 10:07:35",
        "logdata": "url"
    },
    {
        "logtime": "2019/06/17 10:07:35",
        "logdata": "http://apis.juhe.cn/ip/ip2addr?ip=61.235.183.56&key=74bb0395667b8d0588df9ebd6fc36a12"
    },
    {
        "logtime": "2019/06/17 10:07:35",
        "logdata": ""
    },
    {
        "logtime": "2019/06/17 10:07:35",
        "logdata": "url"
    },
    {
        "logtime": "2019/06/17 10:07:35",
        "logdata": "http://apis.juhe.cn/ip/ip2addr?ip=222.21.219.177&key=74bb0395667b8d0588df9ebd6fc36a12"
    },
    {
        "logtime": "2019/06/17 10:07:35",
        "logdata": ""
    },
    {
        "logtime": "2019/06/17 10:07:35",
        "logdata": "url"
    },
    {
        "logtime": "2019/06/17 10:07:35",
        "logdata": "http://apis.juhe.cn/ip/ip2addr?ip=182.80.108.67&key=74bb0395667b8d0588df9ebd6fc36a12"
    },
    {
        "logtime": "2019/06/17 10:07:35",
        "logdata": ""
    },
    {
        "logtime": "2019/06/17 10:07:35",
        "logdata": "url"
    },
    {
        "logtime": "2019/06/17 10:07:35",
        "logdata": "http://apis.juhe.cn/ip/ip2addr?ip=106.87.2.241&key=74bb0395667b8d0588df9ebd6fc36a12"
    },
    {
        "logtime": "2019/06/17 10:07:35",
        "logdata": ""
    },
    {
        "logtime": "2019/06/17 10:07:35",
        "logdata": "url"
    },
    {
        "logtime": "2019/06/17 10:07:35",
        "logdata": "http://apis.juhe.cn/ip/ip2addr?ip=210.40.218.32&key=74bb0395667b8d0588df9ebd6fc36a12"
    },
    {
        "logtime": "2019/06/17 10:07:35",
        "logdata": ""
    },
    {
        "logtime": "2019/06/17 10:07:35",
        "logdata": "url"
    },
    {
        "logtime": "2019/06/17 10:07:35",
        "logdata": "http://apis.juhe.cn/ip/ip2addr?ip=121.76.127.92&key=74bb0395667b8d0588df9ebd6fc36a12"
    },
    {
        "logtime": "2019/06/17 10:07:35",
        "logdata": ""
    },
    {
        "logtime": "2019/06/17 10:07:35",
        "logdata": "url"
    },
    {
        "logtime": "2019/06/17 10:07:35",
        "logdata": "http://apis.juhe.cn/ip/ip2addr?ip=36.61.62.101&key=74bb0395667b8d0588df9ebd6fc36a12"
    },
    {
        "logtime": "2019/06/17 10:07:35",
        "logdata": ""
    },
    {
        "logtime": "2019/06/17 10:07:35",
        "logdata": "url"
    },
    {
        "logtime": "2019/06/17 10:07:35",
        "logdata": "http://apis.juhe.cn/ip/ip2addr?ip=36.59.0.143&key=74bb0395667b8d0588df9ebd6fc36a12"
    },
    {
        "logtime": "2019/06/17 10:07:35",
        "logdata": ""
    },
    {
        "logtime": "2019/06/17 10:07:35",
        "logdata": "url"
    },
    {
        "logtime": "2019/06/17 10:07:35",
        "logdata": "http://apis.juhe.cn/ip/ip2addr?ip=36.61.120.112&key=74bb0395667b8d0588df9ebd6fc36a12"
    },
    {
        "logtime": "2019/06/17 10:07:35",
        "logdata": ""
    },
    {
        "logtime": "2019/06/17 10:07:35",
        "logdata": "url"
    },
    {
        "logtime": "2019/06/17 10:07:35",
        "logdata": "http://apis.juhe.cn/ip/ip2addr?ip=61.233.3.129&key=74bb0395667b8d0588df9ebd6fc36a12"
    },
    {
        "logtime": "2019/06/17 10:07:35",
        "logdata": ""
    },
    {
        "logtime": "2019/06/17 10:07:35",
        "logdata": "url"
    },
    {
        "logtime": "2019/06/17 10:07:35",
        "logdata": "http://apis.juhe.cn/ip/ip2addr?ip=61.235.239.162&key=74bb0395667b8d0588df9ebd6fc36a12"
    },
    {
        "logtime": "2019/06/17 10:07:35",
        "logdata": ""
    },
    {
        "logtime": "2019/06/17 10:07:35",
        "logdata": "url"
    },
    {
        "logtime": "2019/06/17 10:07:35",
        "logdata": "http://apis.juhe.cn/ip/ip2addr?ip=222.72.106.143&key=74bb0395667b8d0588df9ebd6fc36a12"
    },
    {
        "logtime": "2019/06/17 10:07:35",
        "logdata": ""
    },
    {
        "logtime": "2019/06/17 10:07:35",
        "logdata": "url"
    },
    {
        "logtime": "2019/06/17 10:07:35",
        "logdata": "http://apis.juhe.cn/ip/ip2addr?ip=61.237.220.83&key=74bb0395667b8d0588df9ebd6fc36a12"
    },
    {
        "logtime": "2019/06/17 10:07:35",
        "logdata": ""
    },
    {
        "logtime": "2019/06/17 10:07:35",
        "logdata": "url"
    },
    {
        "logtime": "2019/06/17 10:07:35",
        "logdata": "http://apis.juhe.cn/ip/ip2addr?ip=222.41.164.159&key=74bb0395667b8d0588df9ebd6fc36a12"
    },
    {
        "logtime": "2019/06/17 10:07:35",
        "logdata": ""
    },
    {
        "logtime": "2019/06/17 10:07:35",
        "logdata": "url"
    },
    {
        "logtime": "2019/06/17 10:07:35",
        "logdata": "http://apis.juhe.cn/ip/ip2addr?ip=182.84.129.71&key=74bb0395667b8d0588df9ebd6fc36a12"
    },
    {
        "logtime": "2019/06/17 10:07:35",
        "logdata": ""
    },
    {
        "logtime": "2019/06/17 10:07:35",
        "logdata": "url"
    },
    {
        "logtime": "2019/06/17 10:07:35",
        "logdata": "http://apis.juhe.cn/ip/ip2addr?ip=36.63.162.62&key=74bb0395667b8d0588df9ebd6fc36a12"
    },
    {
        "logtime": "2019/06/17 10:07:35",
        "logdata": ""
    },
    {
        "logtime": "2019/06/17 10:07:35",
        "logdata": "url"
    },
    {
        "logtime": "2019/06/17 10:07:35",
        "logdata": "http://apis.juhe.cn/ip/ip2addr?ip=106.92.9.23&key=74bb0395667b8d0588df9ebd6fc36a12"
    },
    {
        "logtime": "2019/06/17 10:07:35",
        "logdata": ""
    },
    {
        "logtime": "2019/06/17 10:07:35",
        "logdata": "url"
    },
    {
        "logtime": "2019/06/17 10:07:35",
        "logdata": "http://apis.juhe.cn/ip/ip2addr?ip=61.236.13.163&key=74bb0395667b8d0588df9ebd6fc36a12"
    },
    {
        "logtime": "2019/06/17 10:07:35",
        "logdata": ""
    },
    {
        "logtime": "2019/06/17 10:07:35",
        "logdata": "url"
    },
    {
        "logtime": "2019/06/17 10:07:35",
        "logdata": "http://apis.juhe.cn/ip/ip2addr?ip=222.38.240.92&key=74bb0395667b8d0588df9ebd6fc36a12"
    },
    {
        "logtime": "2019/06/17 10:07:35",
        "logdata": ""
    },
    {
        "logtime": "2019/06/17 10:07:35",
        "logdata": "url"
    },
    {
        "logtime": "2019/06/17 10:07:35",
        "logdata": "http://apis.juhe.cn/ip/ip2addr?ip=61.236.201.214&key=74bb0395667b8d0588df9ebd6fc36a12"
    },
    {
        "logtime": "2019/06/17 10:07:35",
        "logdata": ""
    },
    {
        "logtime": "2019/06/17 10:07:35",
        "logdata": "url"
    },
    {
        "logtime": "2019/06/17 10:07:35",
        "logdata": "http://apis.juhe.cn/ip/ip2addr?ip=123.232.204.235&key=74bb0395667b8d0588df9ebd6fc36a12"
    },
    {
        "logtime": "2019/06/17 10:07:35",
        "logdata": ""
    },
    {
        "logtime": "2019/06/17 10:07:35",
        "logdata": "url"
    },
    {
        "logtime": "2019/06/17 10:07:35",
        "logdata": "http://apis.juhe.cn/ip/ip2addr?ip=222.50.155.33&key=74bb0395667b8d0588df9ebd6fc36a12"
    },
    {
        "logtime": "2019/06/17 10:07:35",
        "logdata": ""
    },
    {
        "logtime": "2019/06/17 10:07:35",
        "logdata": "url"
    },
    {
        "logtime": "2019/06/17 10:07:35",
        "logdata": "http://apis.juhe.cn/ip/ip2addr?ip=171.9.130.16&key=74bb0395667b8d0588df9ebd6fc36a12"
    },
    {
        "logtime": "2019/06/17 10:07:35",
        "logdata": ""
    },
    {
        "logtime": "2019/06/17 10:07:35",
        "logdata": "url"
    },
    {
        "logtime": "2019/06/17 10:07:35",
        "logdata": "http://apis.juhe.cn/ip/ip2addr?ip=61.233.28.124&key=74bb0395667b8d0588df9ebd6fc36a12"
    },
    {
        "logtime": "2019/06/17 10:07:35",
        "logdata": ""
    },
    {
        "logtime": "2019/06/17 10:07:35",
        "logdata": "url"
    },
    {
        "logtime": "2019/06/17 10:07:35",
        "logdata": "http://apis.juhe.cn/ip/ip2addr?ip=121.77.43.227&key=74bb0395667b8d0588df9ebd6fc36a12"
    },
    {
        "logtime": "2019/06/17 10:07:35",
        "logdata": ""
    },
    {
        "logtime": "2019/06/17 10:07:35",
        "logdata": "url"
    },
    {
        "logtime": "2019/06/17 10:07:35",
        "logdata": "http://apis.juhe.cn/ip/ip2addr?ip=106.89.128.201&key=74bb0395667b8d0588df9ebd6fc36a12"
    },
    {
        "logtime": "2019/06/17 10:07:35",
        "logdata": ""
    },
    {
        "logtime": "2019/06/17 10:07:35",
        "logdata": "url"
    },
    {
        "logtime": "2019/06/17 10:07:35",
        "logdata": "http://apis.juhe.cn/ip/ip2addr?ip=61.233.93.204&key=74bb0395667b8d0588df9ebd6fc36a12"
    },
    {
        "logtime": "2019/06/17 10:07:35",
        "logdata": ""
    },
    {
        "logtime": "2019/06/17 10:07:35",
        "logdata": "url"
    },
    {
        "logtime": "2019/06/17 10:07:35",
        "logdata": "http://apis.juhe.cn/ip/ip2addr?ip=139.215.151.236&key=74bb0395667b8d0588df9ebd6fc36a12"
    },
    {
        "logtime": "2019/06/17 10:07:35",
        "logdata": ""
    },
    {
        "logtime": "2019/06/17 10:07:36",
        "logdata": "url"
    },
    {
        "logtime": "2019/06/17 10:07:36",
        "logdata": "http://apis.juhe.cn/ip/ip2addr?ip=123.232.222.101&key=74bb0395667b8d0588df9ebd6fc36a12"
    },
    {
        "logtime": "2019/06/17 10:07:36",
        "logdata": ""
    },
    {
        "logtime": "2019/06/17 10:07:36",
        "logdata": "url"
    },
    {
        "logtime": "2019/06/17 10:07:36",
        "logdata": "http://apis.juhe.cn/ip/ip2addr?ip=210.41.198.223&key=74bb0395667b8d0588df9ebd6fc36a12"
    },
    {
        "logtime": "2019/06/17 10:07:36",
        "logdata": ""
    },
    {
        "logtime": "2019/06/17 10:07:36",
        "logdata": "url"
    },
    {
        "logtime": "2019/06/17 10:07:36",
        "logdata": "http://apis.juhe.cn/ip/ip2addr?ip=171.13.243.38&key=74bb0395667b8d0588df9ebd6fc36a12"
    },
    {
        "logtime": "2019/06/17 10:07:36",
        "logdata": ""
    },
    {
        "logtime": "2019/06/17 10:07:36",
        "logdata": "url"
    },
    {
        "logtime": "2019/06/17 10:07:36",
        "logdata": "http://apis.juhe.cn/ip/ip2addr?ip=182.85.10.189&key=74bb0395667b8d0588df9ebd6fc36a12"
    },
    {
        "logtime": "2019/06/17 10:07:36",
        "logdata": ""
    },
    {
        "logtime": "2019/06/17 10:07:36",
        "logdata": "url"
    },
    {
        "logtime": "2019/06/17 10:07:36",
        "logdata": "http://apis.juhe.cn/ip/ip2addr?ip=222.27.21.30&key=74bb0395667b8d0588df9ebd6fc36a12"
    },
    {
        "logtime": "2019/06/17 10:07:36",
        "logdata": ""
    },
    {
        "logtime": "2019/06/17 10:07:36",
        "logdata": "url"
    },
    {
        "logtime": "2019/06/17 10:07:36",
        "logdata": "http://apis.juhe.cn/ip/ip2addr?ip=106.83.199.7&key=74bb0395667b8d0588df9ebd6fc36a12"
    },
    {
        "logtime": "2019/06/17 10:07:36",
        "logdata": ""
    },
    {
        "logtime": "2019/06/17 10:07:36",
        "logdata": "url"
    },
    {
        "logtime": "2019/06/17 10:07:36",
        "logdata": "http://apis.juhe.cn/ip/ip2addr?ip=106.90.157.243&key=74bb0395667b8d0588df9ebd6fc36a12"
    },
    {
        "logtime": "2019/06/17 10:07:36",
        "logdata": ""
    },
    {
        "logtime": "2019/06/17 10:07:36",
        "logdata": "url"
    },
    {
        "logtime": "2019/06/17 10:07:36",
        "logdata": "http://apis.juhe.cn/ip/ip2addr?ip=121.76.71.138&key=74bb0395667b8d0588df9ebd6fc36a12"
    },
    {
        "logtime": "2019/06/17 10:07:36",
        "logdata": ""
    },
    {
        "logtime": "2019/06/17 10:07:36",
        "logdata": "url"
    },
    {
        "logtime": "2019/06/17 10:07:36",
        "logdata": "http://apis.juhe.cn/ip/ip2addr?ip=210.32.79.29&key=74bb0395667b8d0588df9ebd6fc36a12"
    },
    {
        "logtime": "2019/06/17 10:07:36",
        "logdata": ""
    },
    {
        "logtime": "2019/06/17 10:07:36",
        "logdata": "url"
    },
    {
        "logtime": "2019/06/17 10:07:36",
        "logdata": "http://apis.juhe.cn/ip/ip2addr?ip=61.233.200.254&key=74bb0395667b8d0588df9ebd6fc36a12"
    },
    {
        "logtime": "2019/06/17 10:07:36",
        "logdata": ""
    },
    {
        "logtime": "2019/06/17 10:07:36",
        "logdata": "url"
    },
    {
        "logtime": "2019/06/17 10:07:36",
        "logdata": "http://apis.juhe.cn/ip/ip2addr?ip=61.237.245.109&key=74bb0395667b8d0588df9ebd6fc36a12"
    },
    {
        "logtime": "2019/06/17 10:07:36",
        "logdata": ""
    },
    {
        "logtime": "2019/06/17 10:07:36",
        "logdata": "url"
    },
    {
        "logtime": "2019/06/17 10:07:36",
        "logdata": "http://apis.juhe.cn/ip/ip2addr?ip=36.60.134.64&key=74bb0395667b8d0588df9ebd6fc36a12"
    },
    {
        "logtime": "2019/06/17 10:07:36",
        "logdata": ""
    },
    {
        "logtime": "2019/06/17 10:07:36",
        "logdata": "url"
    },
    {
        "logtime": "2019/06/17 10:07:36",
        "logdata": "http://apis.juhe.cn/ip/ip2addr?ip=182.81.32.169&key=74bb0395667b8d0588df9ebd6fc36a12"
    },
    {
        "logtime": "2019/06/17 10:07:36",
        "logdata": ""
    },
    {
        "logtime": "2019/06/17 10:07:36",
        "logdata": "url"
    },
    {
        "logtime": "2019/06/17 10:07:36",
        "logdata": "http://apis.juhe.cn/ip/ip2addr?ip=121.77.114.76&key=74bb0395667b8d0588df9ebd6fc36a12"
    },
    {
        "logtime": "2019/06/17 10:07:36",
        "logdata": ""
    },
    {
        "logtime": "2019/06/17 10:07:36",
        "logdata": "url"
    },
    {
        "logtime": "2019/06/17 10:07:36",
        "logdata": "http://apis.juhe.cn/ip/ip2addr?ip=171.10.54.238&key=74bb0395667b8d0588df9ebd6fc36a12"
    },
    {
        "logtime": "2019/06/17 10:07:36",
        "logdata": ""
    },
    {
        "logtime": "2019/06/17 10:07:36",
        "logdata": "url"
    },
    {
        "logtime": "2019/06/17 10:07:36",
        "logdata": "http://apis.juhe.cn/ip/ip2addr?ip=36.59.58.193&key=74bb0395667b8d0588df9ebd6fc36a12"
    },
    {
        "logtime": "2019/06/17 10:07:36",
        "logdata": ""
    },
    {
        "logtime": "2019/06/17 10:07:36",
        "logdata": "url"
    },
    {
        "logtime": "2019/06/17 10:07:36",
        "logdata": "http://apis.juhe.cn/ip/ip2addr?ip=139.199.49.171&key=74bb0395667b8d0588df9ebd6fc36a12"
    },
    {
        "logtime": "2019/06/17 10:07:36",
        "logdata": ""
    },
    {
        "logtime": "2019/06/17 10:07:36",
        "logdata": "url"
    },
    {
        "logtime": "2019/06/17 10:07:36",
        "logdata": "http://apis.juhe.cn/ip/ip2addr?ip=182.87.67.44&key=74bb0395667b8d0588df9ebd6fc36a12"
    },
    {
        "logtime": "2019/06/17 10:07:36",
        "logdata": ""
    },
    {
        "logtime": "2019/06/17 10:07:36",
        "logdata": "url"
    },
    {
        "logtime": "2019/06/17 10:07:36",
        "logdata": "http://apis.juhe.cn/ip/ip2addr?ip=61.237.164.255&key=74bb0395667b8d0588df9ebd6fc36a12"
    },
    {
        "logtime": "2019/06/17 10:07:36",
        "logdata": ""
    },
    {
        "logtime": "2019/06/17 10:07:36",
        "logdata": "url"
    },
    {
        "logtime": "2019/06/17 10:07:36",
        "logdata": "http://apis.juhe.cn/ip/ip2addr?ip=171.11.174.136&key=74bb0395667b8d0588df9ebd6fc36a12"
    },
    {
        "logtime": "2019/06/17 10:07:36",
        "logdata": ""
    },
    {
        "logtime": "2019/06/17 10:07:36",
        "logdata": "url"
    },
    {
        "logtime": "2019/06/17 10:07:36",
        "logdata": "http://apis.juhe.cn/ip/ip2addr?ip=123.233.91.245&key=74bb0395667b8d0588df9ebd6fc36a12"
    },
    {
        "logtime": "2019/06/17 10:07:36",
        "logdata": ""
    },
    {
        "logtime": "2019/06/17 10:07:36",
        "logdata": "url"
    },
    {
        "logtime": "2019/06/17 10:07:36",
        "logdata": "http://apis.juhe.cn/ip/ip2addr?ip=171.14.90.61&key=74bb0395667b8d0588df9ebd6fc36a12"
    },
    {
        "logtime": "2019/06/17 10:07:36",
        "logdata": ""
    },
    {
        "logtime": "2019/06/17 10:07:36",
        "logdata": "url"
    },
    {
        "logtime": "2019/06/17 10:07:36",
        "logdata": "http://apis.juhe.cn/ip/ip2addr?ip=61.235.51.96&key=74bb0395667b8d0588df9ebd6fc36a12"
    },
    {
        "logtime": "2019/06/17 10:07:36",
        "logdata": ""
    },
    {
        "logtime": "2019/06/17 10:07:36",
        "logdata": "url"
    },
    {
        "logtime": "2019/06/17 10:07:36",
        "logdata": "http://apis.juhe.cn/ip/ip2addr?ip=121.77.178.190&key=74bb0395667b8d0588df9ebd6fc36a12"
    },
    {
        "logtime": "2019/06/17 10:07:36",
        "logdata": ""
    },
    {
        "logtime": "2019/06/17 10:07:36",
        "logdata": "url"
    },
    {
        "logtime": "2019/06/17 10:07:36",
        "logdata": "http://apis.juhe.cn/ip/ip2addr?ip=106.84.46.106&key=74bb0395667b8d0588df9ebd6fc36a12"
    },
    {
        "logtime": "2019/06/17 10:07:36",
        "logdata": ""
    },
    {
        "logtime": "2019/06/17 10:07:36",
        "logdata": "url"
    },
    {
        "logtime": "2019/06/17 10:07:36",
        "logdata": "http://apis.juhe.cn/ip/ip2addr?ip=106.89.229.195&key=74bb0395667b8d0588df9ebd6fc36a12"
    },
    {
        "logtime": "2019/06/17 10:07:36",
        "logdata": ""
    },
    {
        "logtime": "2019/06/17 10:07:36",
        "logdata": "url"
    },
    {
        "logtime": "2019/06/17 10:07:36",
        "logdata": "http://apis.juhe.cn/ip/ip2addr?ip=139.204.157.37&key=74bb0395667b8d0588df9ebd6fc36a12"
    },
    {
        "logtime": "2019/06/17 10:07:36",
        "logdata": ""
    },
    {
        "logtime": "2019/06/17 10:07:37",
        "logdata": "url"
    },
    {
        "logtime": "2019/06/17 10:07:37",
        "logdata": "http://apis.juhe.cn/ip/ip2addr?ip=210.30.0.87&key=74bb0395667b8d0588df9ebd6fc36a12"
    },
    {
        "logtime": "2019/06/17 10:07:37",
        "logdata": ""
    },
    {
        "logtime": "2019/06/17 10:07:37",
        "logdata": "url"
    },
    {
        "logtime": "2019/06/17 10:07:37",
        "logdata": "http://apis.juhe.cn/ip/ip2addr?ip=222.85.220.165&key=74bb0395667b8d0588df9ebd6fc36a12"
    },
    {
        "logtime": "2019/06/17 10:07:37",
        "logdata": ""
    },
    {
        "logtime": "2019/06/17 10:07:37",
        "logdata": "url"
    },
    {
        "logtime": "2019/06/17 10:07:37",
        "logdata": "http://apis.juhe.cn/ip/ip2addr?ip=61.236.163.174&key=74bb0395667b8d0588df9ebd6fc36a12"
    },
    {
        "logtime": "2019/06/17 10:07:37",
        "logdata": ""
    },
    {
        "logtime": "2019/06/17 10:07:37",
        "logdata": "url"
    },
    {
        "logtime": "2019/06/17 10:07:37",
        "logdata": "http://apis.juhe.cn/ip/ip2addr?ip=106.86.205.153&key=74bb0395667b8d0588df9ebd6fc36a12"
    },
    {
        "logtime": "2019/06/17 10:07:37",
        "logdata": ""
    },
    {
        "logtime": "2019/06/17 10:07:37",
        "logdata": "url"
    },
    {
        "logtime": "2019/06/17 10:07:37",
        "logdata": "http://apis.juhe.cn/ip/ip2addr?ip=106.94.216.128&key=74bb0395667b8d0588df9ebd6fc36a12"
    },
    {
        "logtime": "2019/06/17 10:07:37",
        "logdata": ""
    },
    {
        "logtime": "2019/06/17 10:07:37",
        "logdata": "url"
    },
    {
        "logtime": "2019/06/17 10:07:37",
        "logdata": "http://apis.juhe.cn/ip/ip2addr?ip=222.90.248.22&key=74bb0395667b8d0588df9ebd6fc36a12"
    },
    {
        "logtime": "2019/06/17 10:07:37",
        "logdata": ""
    },
    {
        "logtime": "2019/06/17 10:07:37",
        "logdata": "url"
    },
    {
        "logtime": "2019/06/17 10:07:37",
        "logdata": "http://apis.juhe.cn/ip/ip2addr?ip=171.13.240.99&key=74bb0395667b8d0588df9ebd6fc36a12"
    },
    {
        "logtime": "2019/06/17 10:07:37",
        "logdata": ""
    },
    {
        "logtime": "2019/06/17 10:07:37",
        "logdata": "url"
    },
    {
        "logtime": "2019/06/17 10:07:37",
        "logdata": "http://apis.juhe.cn/ip/ip2addr?ip=222.63.157.5&key=74bb0395667b8d0588df9ebd6fc36a12"
    },
    {
        "logtime": "2019/06/17 10:07:37",
        "logdata": ""
    },
    {
        "logtime": "2019/06/17 10:07:37",
        "logdata": "url"
    },
    {
        "logtime": "2019/06/17 10:07:37",
        "logdata": "http://apis.juhe.cn/ip/ip2addr?ip=139.198.164.37&key=74bb0395667b8d0588df9ebd6fc36a12"
    },
    {
        "logtime": "2019/06/17 10:07:37",
        "logdata": ""
    },
    {
        "logtime": "2019/06/17 10:07:37",
        "logdata": "url"
    },
    {
        "logtime": "2019/06/17 10:07:37",
        "logdata": "http://apis.juhe.cn/ip/ip2addr?ip=171.13.119.89&key=74bb0395667b8d0588df9ebd6fc36a12"
    },
    {
        "logtime": "2019/06/17 10:07:37",
        "logdata": ""
    },
    {
        "logtime": "2019/06/17 10:07:37",
        "logdata": "url"
    },
    {
        "logtime": "2019/06/17 10:07:37",
        "logdata": "http://apis.juhe.cn/ip/ip2addr?ip=61.236.127.12&key=74bb0395667b8d0588df9ebd6fc36a12"
    },
    {
        "logtime": "2019/06/17 10:07:37",
        "logdata": ""
    },
    {
        "logtime": "2019/06/17 10:07:37",
        "logdata": "url"
    },
    {
        "logtime": "2019/06/17 10:07:37",
        "logdata": "http://apis.juhe.cn/ip/ip2addr?ip=182.91.114.194&key=74bb0395667b8d0588df9ebd6fc36a12"
    },
    {
        "logtime": "2019/06/17 10:07:37",
        "logdata": ""
    },
    {
        "logtime": "2019/06/17 10:07:37",
        "logdata": "url"
    },
    {
        "logtime": "2019/06/17 10:07:37",
        "logdata": "http://apis.juhe.cn/ip/ip2addr?ip=123.234.118.128&key=74bb0395667b8d0588df9ebd6fc36a12"
    },
    {
        "logtime": "2019/06/17 10:07:37",
        "logdata": ""
    },
    {
        "logtime": "2019/06/17 10:07:37",
        "logdata": "url"
    },
    {
        "logtime": "2019/06/17 10:07:37",
        "logdata": "http://apis.juhe.cn/ip/ip2addr?ip=171.9.204.209&key=74bb0395667b8d0588df9ebd6fc36a12"
    },
    {
        "logtime": "2019/06/17 10:07:37",
        "logdata": ""
    },
    {
        "logtime": "2019/06/17 10:07:37",
        "logdata": "url"
    },
    {
        "logtime": "2019/06/17 10:07:37",
        "logdata": "http://apis.juhe.cn/ip/ip2addr?ip=139.197.151.234&key=74bb0395667b8d0588df9ebd6fc36a12"
    },
    {
        "logtime": "2019/06/17 10:07:37",
        "logdata": ""
    },
    {
        "logtime": "2019/06/17 10:07:37",
        "logdata": "url"
    },
    {
        "logtime": "2019/06/17 10:07:37",
        "logdata": "http://apis.juhe.cn/ip/ip2addr?ip=222.48.21.252&key=74bb0395667b8d0588df9ebd6fc36a12"
    },
    {
        "logtime": "2019/06/17 10:07:37",
        "logdata": ""
    },
    {
        "logtime": "2019/06/17 10:07:37",
        "logdata": "url"
    },
    {
        "logtime": "2019/06/17 10:07:37",
        "logdata": "http://apis.juhe.cn/ip/ip2addr?ip=139.213.46.14&key=74bb0395667b8d0588df9ebd6fc36a12"
    },
    {
        "logtime": "2019/06/17 10:07:37",
        "logdata": ""
    },
    {
        "logtime": "2019/06/17 10:07:37",
        "logdata": "url"
    },
    {
        "logtime": "2019/06/17 10:07:37",
        "logdata": "http://apis.juhe.cn/ip/ip2addr?ip=61.236.130.85&key=74bb0395667b8d0588df9ebd6fc36a12"
    },
    {
        "logtime": "2019/06/17 10:07:37",
        "logdata": ""
    },
    {
        "logtime": "2019/06/17 10:07:37",
        "logdata": "url"
    },
    {
        "logtime": "2019/06/17 10:07:37",
        "logdata": "http://apis.juhe.cn/ip/ip2addr?ip=36.59.20.90&key=74bb0395667b8d0588df9ebd6fc36a12"
    },
    {
        "logtime": "2019/06/17 10:07:37",
        "logdata": ""
    },
    {
        "logtime": "2019/06/17 10:07:37",
        "logdata": "url"
    },
    {
        "logtime": "2019/06/17 10:07:37",
        "logdata": "http://apis.juhe.cn/ip/ip2addr?ip=106.88.134.113&key=74bb0395667b8d0588df9ebd6fc36a12"
    },
    {
        "logtime": "2019/06/17 10:07:37",
        "logdata": ""
    },
    {
        "logtime": "2019/06/17 10:07:37",
        "logdata": "url"
    },
    {
        "logtime": "2019/06/17 10:07:37",
        "logdata": "http://apis.juhe.cn/ip/ip2addr?ip=121.77.45.204&key=74bb0395667b8d0588df9ebd6fc36a12"
    },
    {
        "logtime": "2019/06/17 10:07:37",
        "logdata": ""
    },
    {
        "logtime": "2019/06/17 10:07:37",
        "logdata": "url"
    },
    {
        "logtime": "2019/06/17 10:07:37",
        "logdata": "http://apis.juhe.cn/ip/ip2addr?ip=36.60.119.122&key=74bb0395667b8d0588df9ebd6fc36a12"
    },
    {
        "logtime": "2019/06/17 10:07:37",
        "logdata": ""
    },
    {
        "logtime": "2019/06/17 10:07:37",
        "logdata": "url"
    },
    {
        "logtime": "2019/06/17 10:07:37",
        "logdata": "http://apis.juhe.cn/ip/ip2addr?ip=210.47.111.119&key=74bb0395667b8d0588df9ebd6fc36a12"
    },
    {
        "logtime": "2019/06/17 10:07:37",
        "logdata": ""
    },
    {
        "logtime": "2019/06/17 10:07:37",
        "logdata": "url"
    },
    {
        "logtime": "2019/06/17 10:07:37",
        "logdata": "http://apis.juhe.cn/ip/ip2addr?ip=36.61.190.244&key=74bb0395667b8d0588df9ebd6fc36a12"
    },
    {
        "logtime": "2019/06/17 10:07:37",
        "logdata": ""
    },
    {
        "logtime": "2019/06/17 10:07:38",
        "logdata": "url"
    },
    {
        "logtime": "2019/06/17 10:07:38",
        "logdata": "http://apis.juhe.cn/ip/ip2addr?ip=36.60.199.208&key=74bb0395667b8d0588df9ebd6fc36a12"
    },
    {
        "logtime": "2019/06/17 10:07:38",
        "logdata": ""
    },
    {
        "logtime": "2019/06/17 10:07:38",
        "logdata": "url"
    },
    {
        "logtime": "2019/06/17 10:07:38",
        "logdata": "http://apis.juhe.cn/ip/ip2addr?ip=106.85.243.70&key=74bb0395667b8d0588df9ebd6fc36a12"
    },
    {
        "logtime": "2019/06/17 10:07:38",
        "logdata": ""
    },
    {
        "logtime": "2019/06/17 10:07:38",
        "logdata": "url"
    },
    {
        "logtime": "2019/06/17 10:07:38",
        "logdata": "http://apis.juhe.cn/ip/ip2addr?ip=123.232.0.105&key=74bb0395667b8d0588df9ebd6fc36a12"
    },
    {
        "logtime": "2019/06/17 10:07:38",
        "logdata": ""
    },
    {
        "logtime": "2019/06/17 10:07:38",
        "logdata": "url"
    },
    {
        "logtime": "2019/06/17 10:07:38",
        "logdata": "http://apis.juhe.cn/ip/ip2addr?ip=210.27.218.232&key=74bb0395667b8d0588df9ebd6fc36a12"
    },
    {
        "logtime": "2019/06/17 10:07:38",
        "logdata": ""
    },
    {
        "logtime": "2019/06/17 10:07:38",
        "logdata": "url"
    },
    {
        "logtime": "2019/06/17 10:07:38",
        "logdata": "http://apis.juhe.cn/ip/ip2addr?ip=139.204.58.29&key=74bb0395667b8d0588df9ebd6fc36a12"
    },
    {
        "logtime": "2019/06/17 10:07:38",
        "logdata": ""
    },
    {
        "logtime": "2019/06/17 10:07:38",
        "logdata": "url"
    },
    {
        "logtime": "2019/06/17 10:07:38",
        "logdata": "http://apis.juhe.cn/ip/ip2addr?ip=121.77.178.106&key=74bb0395667b8d0588df9ebd6fc36a12"
    },
    {
        "logtime": "2019/06/17 10:07:38",
        "logdata": ""
    },
    {
        "logtime": "2019/06/17 10:07:38",
        "logdata": "url"
    },
    {
        "logtime": "2019/06/17 10:07:38",
        "logdata": "http://apis.juhe.cn/ip/ip2addr?ip=121.77.102.138&key=74bb0395667b8d0588df9ebd6fc36a12"
    },
    {
        "logtime": "2019/06/17 10:07:38",
        "logdata": ""
    },
    {
        "logtime": "2019/06/17 10:07:38",
        "logdata": "url"
    },
    {
        "logtime": "2019/06/17 10:07:38",
        "logdata": "http://apis.juhe.cn/ip/ip2addr?ip=121.77.27.128&key=74bb0395667b8d0588df9ebd6fc36a12"
    },
    {
        "logtime": "2019/06/17 10:07:38",
        "logdata": ""
    },
    {
        "logtime": "2019/06/17 10:07:38",
        "logdata": "url"
    },
    {
        "logtime": "2019/06/17 10:07:38",
        "logdata": "http://apis.juhe.cn/ip/ip2addr?ip=182.84.63.194&key=74bb0395667b8d0588df9ebd6fc36a12"
    },
    {
        "logtime": "2019/06/17 10:07:38",
        "logdata": ""
    },
    {
        "logtime": "2019/06/17 10:07:38",
        "logdata": "url"
    },
    {
        "logtime": "2019/06/17 10:07:38",
        "logdata": "http://apis.juhe.cn/ip/ip2addr?ip=36.58.1.89&key=74bb0395667b8d0588df9ebd6fc36a12"
    },
    {
        "logtime": "2019/06/17 10:07:38",
        "logdata": ""
    },
    {
        "logtime": "2019/06/17 10:07:38",
        "logdata": "url"
    },
    {
        "logtime": "2019/06/17 10:07:38",
        "logdata": "http://apis.juhe.cn/ip/ip2addr?ip=106.81.201.64&key=74bb0395667b8d0588df9ebd6fc36a12"
    },
    {
        "logtime": "2019/06/17 10:07:38",
        "logdata": ""
    },
    {
        "logtime": "2019/06/17 10:07:38",
        "logdata": "url"
    },
    {
        "logtime": "2019/06/17 10:07:38",
        "logdata": "http://apis.juhe.cn/ip/ip2addr?ip=61.236.77.69&key=74bb0395667b8d0588df9ebd6fc36a12"
    },
    {
        "logtime": "2019/06/17 10:07:38",
        "logdata": ""
    },
    {
        "logtime": "2019/06/17 10:07:38",
        "logdata": "url"
    },
    {
        "logtime": "2019/06/17 10:07:38",
        "logdata": "http://apis.juhe.cn/ip/ip2addr?ip=123.233.186.107&key=74bb0395667b8d0588df9ebd6fc36a12"
    },
    {
        "logtime": "2019/06/17 10:07:38",
        "logdata": ""
    },
    {
        "logtime": "2019/06/17 10:07:38",
        "logdata": "url"
    },
    {
        "logtime": "2019/06/17 10:07:38",
        "logdata": "http://apis.juhe.cn/ip/ip2addr?ip=61.232.17.215&key=74bb0395667b8d0588df9ebd6fc36a12"
    },
    {
        "logtime": "2019/06/17 10:07:38",
        "logdata": ""
    },
    {
        "logtime": "2019/06/17 10:07:38",
        "logdata": "url"
    },
    {
        "logtime": "2019/06/17 10:07:38",
        "logdata": "http://apis.juhe.cn/ip/ip2addr?ip=61.235.155.153&key=74bb0395667b8d0588df9ebd6fc36a12"
    },
    {
        "logtime": "2019/06/17 10:07:38",
        "logdata": ""
    },
    {
        "logtime": "2019/06/17 10:07:38",
        "logdata": "url"
    },
    {
        "logtime": "2019/06/17 10:07:38",
        "logdata": "http://apis.juhe.cn/ip/ip2addr?ip=182.86.197.123&key=74bb0395667b8d0588df9ebd6fc36a12"
    },
    {
        "logtime": "2019/06/17 10:07:38",
        "logdata": ""
    },
    {
        "logtime": "2019/06/17 10:07:38",
        "logdata": "url"
    },
    {
        "logtime": "2019/06/17 10:07:38",
        "logdata": "http://apis.juhe.cn/ip/ip2addr?ip=139.214.139.29&key=74bb0395667b8d0588df9ebd6fc36a12"
    },
    {
        "logtime": "2019/06/17 10:07:38",
        "logdata": ""
    },
    {
        "logtime": "2019/06/17 10:07:38",
        "logdata": "url"
    },
    {
        "logtime": "2019/06/17 10:07:38",
        "logdata": "http://apis.juhe.cn/ip/ip2addr?ip=121.77.161.69&key=74bb0395667b8d0588df9ebd6fc36a12"
    },
    {
        "logtime": "2019/06/17 10:07:38",
        "logdata": ""
    },
    {
        "logtime": "2019/06/17 10:07:38",
        "logdata": "url"
    },
    {
        "logtime": "2019/06/17 10:07:38",
        "logdata": "http://apis.juhe.cn/ip/ip2addr?ip=139.196.214.134&key=74bb0395667b8d0588df9ebd6fc36a12"
    },
    {
        "logtime": "2019/06/17 10:07:38",
        "logdata": ""
    },
    {
        "logtime": "2019/06/17 10:07:38",
        "logdata": "url"
    },
    {
        "logtime": "2019/06/17 10:07:38",
        "logdata": "http://apis.juhe.cn/ip/ip2addr?ip=139.202.4.161&key=74bb0395667b8d0588df9ebd6fc36a12"
    },
    {
        "logtime": "2019/06/17 10:07:38",
        "logdata": ""
    },
    {
        "logtime": "2019/06/17 10:07:38",
        "logdata": "url"
    },
    {
        "logtime": "2019/06/17 10:07:38",
        "logdata": "http://apis.juhe.cn/ip/ip2addr?ip=222.85.230.232&key=74bb0395667b8d0588df9ebd6fc36a12"
    },
    {
        "logtime": "2019/06/17 10:07:38",
        "logdata": ""
    },
    {
        "logtime": "2019/06/17 10:07:39",
        "logdata": "url"
    },
    {
        "logtime": "2019/06/17 10:07:39",
        "logdata": "http://apis.juhe.cn/ip/ip2addr?ip=36.63.53.203&key=74bb0395667b8d0588df9ebd6fc36a12"
    },
    {
        "logtime": "2019/06/17 10:07:39",
        "logdata": ""
    },
    {
        "logtime": "2019/06/17 10:07:39",
        "logdata": "url"
    },
    {
        "logtime": "2019/06/17 10:07:39",
        "logdata": "http://apis.juhe.cn/ip/ip2addr?ip=210.43.6.90&key=74bb0395667b8d0588df9ebd6fc36a12"
    },
    {
        "logtime": "2019/06/17 10:07:39",
        "logdata": ""
    },
    {
        "logtime": "2019/06/17 10:07:39",
        "logdata": "url"
    },
    {
        "logtime": "2019/06/17 10:07:39",
        "logdata": "http://apis.juhe.cn/ip/ip2addr?ip=139.209.216.220&key=74bb0395667b8d0588df9ebd6fc36a12"
    },
    {
        "logtime": "2019/06/17 10:07:39",
        "logdata": ""
    },
    {
        "logtime": "2019/06/17 10:07:39",
        "logdata": "url"
    },
    {
        "logtime": "2019/06/17 10:07:39",
        "logdata": "http://apis.juhe.cn/ip/ip2addr?ip=171.11.182.197&key=74bb0395667b8d0588df9ebd6fc36a12"
    },
    {
        "logtime": "2019/06/17 10:07:39",
        "logdata": ""
    },
    {
        "logtime": "2019/06/17 10:07:39",
        "logdata": "url"
    },
    {
        "logtime": "2019/06/17 10:07:39",
        "logdata": "http://apis.juhe.cn/ip/ip2addr?ip=210.42.196.90&key=74bb0395667b8d0588df9ebd6fc36a12"
    },
    {
        "logtime": "2019/06/17 10:07:39",
        "logdata": ""
    },
    {
        "logtime": "2019/06/17 10:07:39",
        "logdata": "url"
    },
    {
        "logtime": "2019/06/17 10:07:39",
        "logdata": "http://apis.juhe.cn/ip/ip2addr?ip=36.58.190.196&key=74bb0395667b8d0588df9ebd6fc36a12"
    },
    {
        "logtime": "2019/06/17 10:07:39",
        "logdata": ""
    },
    {
        "logtime": "2019/06/17 10:07:39",
        "logdata": "url"
    },
    {
        "logtime": "2019/06/17 10:07:39",
        "logdata": "http://apis.juhe.cn/ip/ip2addr?ip=210.38.31.161&key=74bb0395667b8d0588df9ebd6fc36a12"
    },
    {
        "logtime": "2019/06/17 10:07:39",
        "logdata": ""
    },
    {
        "logtime": "2019/06/17 10:07:39",
        "logdata": "url"
    },
    {
        "logtime": "2019/06/17 10:07:39",
        "logdata": "http://apis.juhe.cn/ip/ip2addr?ip=123.232.100.27&key=74bb0395667b8d0588df9ebd6fc36a12"
    },
    {
        "logtime": "2019/06/17 10:07:39",
        "logdata": ""
    },
    {
        "logtime": "2019/06/17 10:07:39",
        "logdata": "url"
    },
    {
        "logtime": "2019/06/17 10:07:39",
        "logdata": "http://apis.juhe.cn/ip/ip2addr?ip=123.232.184.206&key=74bb0395667b8d0588df9ebd6fc36a12"
    },
    {
        "logtime": "2019/06/17 10:07:39",
        "logdata": ""
    },
    {
        "logtime": "2019/06/17 10:07:39",
        "logdata": "url"
    },
    {
        "logtime": "2019/06/17 10:07:39",
        "logdata": "http://apis.juhe.cn/ip/ip2addr?ip=123.235.79.234&key=74bb0395667b8d0588df9ebd6fc36a12"
    },
    {
        "logtime": "2019/06/17 10:07:39",
        "logdata": ""
    },
    {
        "logtime": "2019/06/17 10:07:39",
        "logdata": "url"
    },
    {
        "logtime": "2019/06/17 10:07:39",
        "logdata": "http://apis.juhe.cn/ip/ip2addr?ip=123.234.247.190&key=74bb0395667b8d0588df9ebd6fc36a12"
    },
    {
        "logtime": "2019/06/17 10:07:39",
        "logdata": ""
    },
    {
        "logtime": "2019/06/17 10:07:39",
        "logdata": "url"
    },
    {
        "logtime": "2019/06/17 10:07:39",
        "logdata": "http://apis.juhe.cn/ip/ip2addr?ip=182.91.43.59&key=74bb0395667b8d0588df9ebd6fc36a12"
    },
    {
        "logtime": "2019/06/17 10:07:39",
        "logdata": ""
    },
    {
        "logtime": "2019/06/17 10:07:39",
        "logdata": "url"
    },
    {
        "logtime": "2019/06/17 10:07:39",
        "logdata": "http://apis.juhe.cn/ip/ip2addr?ip=182.83.153.37&key=74bb0395667b8d0588df9ebd6fc36a12"
    },
    {
        "logtime": "2019/06/17 10:07:39",
        "logdata": ""
    },
    {
        "logtime": "2019/06/17 10:07:39",
        "logdata": "url"
    },
    {
        "logtime": "2019/06/17 10:07:39",
        "logdata": "http://apis.juhe.cn/ip/ip2addr?ip=139.208.85.39&key=74bb0395667b8d0588df9ebd6fc36a12"
    },
    {
        "logtime": "2019/06/17 10:07:39",
        "logdata": ""
    },
    {
        "logtime": "2019/06/17 10:07:39",
        "logdata": "url"
    },
    {
        "logtime": "2019/06/17 10:07:39",
        "logdata": "http://apis.juhe.cn/ip/ip2addr?ip=121.77.41.199&key=74bb0395667b8d0588df9ebd6fc36a12"
    },
    {
        "logtime": "2019/06/17 10:07:39",
        "logdata": ""
    },
    {
        "logtime": "2019/06/17 10:07:39",
        "logdata": "url"
    },
    {
        "logtime": "2019/06/17 10:07:39",
        "logdata": "http://apis.juhe.cn/ip/ip2addr?ip=222.71.37.208&key=74bb0395667b8d0588df9ebd6fc36a12"
    },
    {
        "logtime": "2019/06/17 10:07:39",
        "logdata": ""
    },
    {
        "logtime": "2019/06/17 10:07:39",
        "logdata": "url"
    },
    {
        "logtime": "2019/06/17 10:07:39",
        "logdata": "http://apis.juhe.cn/ip/ip2addr?ip=222.88.50.187&key=74bb0395667b8d0588df9ebd6fc36a12"
    },
    {
        "logtime": "2019/06/17 10:07:39",
        "logdata": ""
    },
    {
        "logtime": "2019/06/17 10:07:39",
        "logdata": "url"
    },
    {
        "logtime": "2019/06/17 10:07:39",
        "logdata": "http://apis.juhe.cn/ip/ip2addr?ip=36.61.147.67&key=74bb0395667b8d0588df9ebd6fc36a12"
    },
    {
        "logtime": "2019/06/17 10:07:39",
        "logdata": ""
    },
    {
        "logtime": "2019/06/17 10:07:39",
        "logdata": "[string \".\\client/src/plaza/views/LogonScene.lua\"]:591: attempt to index field 'newServerList' (a nil value)\nstack traceback:\n\t[string \".\\app/models/AppDF.lua\"]:391: in function <[string \".\\app/models/AppDF.lua\"]:388>"
    },
    {
        "logtime": "2019/06/17 10:07:39",
        "logdata": "url"
    },
    {
        "logtime": "2019/06/17 10:07:39",
        "logdata": "http://apis.juhe.cn/ip/ip2addr?ip=36.58.121.204&key=74bb0395667b8d0588df9ebd6fc36a12"
    },
    {
        "logtime": "2019/06/17 10:07:39",
        "logdata": ""
    },
    {
        "logtime": "2019/06/17 10:07:40",
        "logdata": "url"
    },
    {
        "logtime": "2019/06/17 10:07:40",
        "logdata": "http://apis.juhe.cn/ip/ip2addr?ip=123.232.201.172&key=74bb0395667b8d0588df9ebd6fc36a12"
    },
    {
        "logtime": "2019/06/17 10:07:40",
        "logdata": ""
    },
    {
        "logtime": "2019/06/17 10:07:40",
        "logdata": "url"
    },
    {
        "logtime": "2019/06/17 10:07:40",
        "logdata": "http://apis.juhe.cn/ip/ip2addr?ip=123.235.2.143&key=74bb0395667b8d0588df9ebd6fc36a12"
    },
    {
        "logtime": "2019/06/17 10:07:40",
        "logdata": ""
    },
    {
        "logtime": "2019/06/17 10:07:40",
        "logdata": "url"
    },
    {
        "logtime": "2019/06/17 10:07:40",
        "logdata": "http://apis.juhe.cn/ip/ip2addr?ip=121.77.236.250&key=74bb0395667b8d0588df9ebd6fc36a12"
    },
    {
        "logtime": "2019/06/17 10:07:40",
        "logdata": ""
    },
    {
        "logtime": "2019/06/17 10:07:40",
        "logdata": "url"
    },
    {
        "logtime": "2019/06/17 10:07:40",
        "logdata": "http://apis.juhe.cn/ip/ip2addr?ip=182.89.96.216&key=74bb0395667b8d0588df9ebd6fc36a12"
    },
    {
        "logtime": "2019/06/17 10:07:40",
        "logdata": ""
    },
    {
        "logtime": "2019/06/17 10:07:40",
        "logdata": "url"
    },
    {
        "logtime": "2019/06/17 10:07:40",
        "logdata": "http://apis.juhe.cn/ip/ip2addr?ip=171.8.113.253&key=74bb0395667b8d0588df9ebd6fc36a12"
    },
    {
        "logtime": "2019/06/17 10:07:40",
        "logdata": ""
    },
    {
        "logtime": "2019/06/17 10:07:40",
        "logdata": "url"
    },
    {
        "logtime": "2019/06/17 10:07:40",
        "logdata": "http://apis.juhe.cn/ip/ip2addr?ip=106.88.142.148&key=74bb0395667b8d0588df9ebd6fc36a12"
    },
    {
        "logtime": "2019/06/17 10:07:40",
        "logdata": ""
    },
    {
        "logtime": "2019/06/17 10:07:40",
        "logdata": "url"
    },
    {
        "logtime": "2019/06/17 10:07:40",
        "logdata": "http://apis.juhe.cn/ip/ip2addr?ip=61.236.67.104&key=74bb0395667b8d0588df9ebd6fc36a12"
    },
    {
        "logtime": "2019/06/17 10:07:40",
        "logdata": ""
    },
    {
        "logtime": "2019/06/17 10:07:40",
        "logdata": "url"
    },
    {
        "logtime": "2019/06/17 10:07:40",
        "logdata": "http://apis.juhe.cn/ip/ip2addr?ip=123.233.109.129&key=74bb0395667b8d0588df9ebd6fc36a12"
    },
    {
        "logtime": "2019/06/17 10:07:40",
        "logdata": ""
    },
    {
        "logtime": "2019/06/17 10:07:40",
        "logdata": "url"
    },
    {
        "logtime": "2019/06/17 10:07:40",
        "logdata": "http://apis.juhe.cn/ip/ip2addr?ip=210.41.240.239&key=74bb0395667b8d0588df9ebd6fc36a12"
    },
    {
        "logtime": "2019/06/17 10:07:40",
        "logdata": ""
    },
    {
        "logtime": "2019/06/17 10:07:40",
        "logdata": "url"
    },
    {
        "logtime": "2019/06/17 10:07:40",
        "logdata": "http://apis.juhe.cn/ip/ip2addr?ip=121.76.12.69&key=74bb0395667b8d0588df9ebd6fc36a12"
    },
    {
        "logtime": "2019/06/17 10:07:40",
        "logdata": ""
    },
    {
        "logtime": "2019/06/17 10:07:40",
        "logdata": "url"
    },
    {
        "logtime": "2019/06/17 10:07:40",
        "logdata": "http://apis.juhe.cn/ip/ip2addr?ip=36.63.46.9&key=74bb0395667b8d0588df9ebd6fc36a12"
    },
    {
        "logtime": "2019/06/17 10:07:40",
        "logdata": ""
    },
    {
        "logtime": "2019/06/17 10:07:40",
        "logdata": "url"
    },
    {
        "logtime": "2019/06/17 10:07:40",
        "logdata": "http://apis.juhe.cn/ip/ip2addr?ip=61.233.23.157&key=74bb0395667b8d0588df9ebd6fc36a12"
    },
    {
        "logtime": "2019/06/17 10:07:40",
        "logdata": ""
    },
    {
        "logtime": "2019/06/17 10:07:40",
        "logdata": "url"
    },
    {
        "logtime": "2019/06/17 10:07:40",
        "logdata": "http://apis.juhe.cn/ip/ip2addr?ip=171.15.29.226&key=74bb0395667b8d0588df9ebd6fc36a12"
    },
    {
        "logtime": "2019/06/17 10:07:40",
        "logdata": ""
    },
    {
        "logtime": "2019/06/17 10:07:40",
        "logdata": "url"
    },
    {
        "logtime": "2019/06/17 10:07:40",
        "logdata": "http://apis.juhe.cn/ip/ip2addr?ip=222.26.249.5&key=74bb0395667b8d0588df9ebd6fc36a12"
    },
    {
        "logtime": "2019/06/17 10:07:40",
        "logdata": ""
    },
    {
        "logtime": "2019/06/17 10:07:40",
        "logdata": "url"
    },
    {
        "logtime": "2019/06/17 10:07:40",
        "logdata": "http://apis.juhe.cn/ip/ip2addr?ip=106.89.248.143&key=74bb0395667b8d0588df9ebd6fc36a12"
    },
    {
        "logtime": "2019/06/17 10:07:40",
        "logdata": ""
    },
    {
        "logtime": "2019/06/17 10:07:40",
        "logdata": "url"
    },
    {
        "logtime": "2019/06/17 10:07:40",
        "logdata": "http://apis.juhe.cn/ip/ip2addr?ip=139.204.206.215&key=74bb0395667b8d0588df9ebd6fc36a12"
    },
    {
        "logtime": "2019/06/17 10:07:40",
        "logdata": ""
    },
    {
        "logtime": "2019/06/17 10:07:40",
        "logdata": "url"
    },
    {
        "logtime": "2019/06/17 10:07:40",
        "logdata": "http://apis.juhe.cn/ip/ip2addr?ip=210.37.149.23&key=74bb0395667b8d0588df9ebd6fc36a12"
    },
    {
        "logtime": "2019/06/17 10:07:40",
        "logdata": ""
    },
    {
        "logtime": "2019/06/17 10:07:40",
        "logdata": "url"
    },
    {
        "logtime": "2019/06/17 10:07:40",
        "logdata": "http://apis.juhe.cn/ip/ip2addr?ip=222.91.139.136&key=74bb0395667b8d0588df9ebd6fc36a12"
    },
    {
        "logtime": "2019/06/17 10:07:41",
        "logdata": ""
    },
    {
        "logtime": "2019/06/17 10:07:41",
        "logdata": "url"
    },
    {
        "logtime": "2019/06/17 10:07:41",
        "logdata": "http://apis.juhe.cn/ip/ip2addr?ip=171.13.168.230&key=74bb0395667b8d0588df9ebd6fc36a12"
    },
    {
        "logtime": "2019/06/17 10:07:41",
        "logdata": ""
    },
    {
        "logtime": "2019/06/17 10:07:41",
        "logdata": "url"
    },
    {
        "logtime": "2019/06/17 10:07:41",
        "logdata": "http://apis.juhe.cn/ip/ip2addr?ip=171.10.251.230&key=74bb0395667b8d0588df9ebd6fc36a12"
    },
    {
        "logtime": "2019/06/17 10:07:41",
        "logdata": ""
    },
    {
        "logtime": "2019/06/17 10:07:41",
        "logdata": "url"
    },
    {
        "logtime": "2019/06/17 10:07:41",
        "logdata": "http://apis.juhe.cn/ip/ip2addr?ip=61.236.27.192&key=74bb0395667b8d0588df9ebd6fc36a12"
    },
    {
        "logtime": "2019/06/17 10:07:41",
        "logdata": ""
    },
    {
        "logtime": "2019/06/17 10:07:41",
        "logdata": "url"
    },
    {
        "logtime": "2019/06/17 10:07:41",
        "logdata": "http://apis.juhe.cn/ip/ip2addr?ip=106.82.230.144&key=74bb0395667b8d0588df9ebd6fc36a12"
    },
    {
        "logtime": "2019/06/17 10:07:41",
        "logdata": ""
    },
    {
        "logtime": "2019/06/17 10:07:41",
        "logdata": "url"
    },
    {
        "logtime": "2019/06/17 10:07:41",
        "logdata": "http://apis.juhe.cn/ip/ip2addr?ip=139.202.122.128&key=74bb0395667b8d0588df9ebd6fc36a12"
    },
    {
        "logtime": "2019/06/17 10:07:41",
        "logdata": ""
    },
    {
        "logtime": "2019/06/17 10:07:41",
        "logdata": "url"
    },
    {
        "logtime": "2019/06/17 10:07:41",
        "logdata": "http://apis.juhe.cn/ip/ip2addr?ip=61.235.215.76&key=74bb0395667b8d0588df9ebd6fc36a12"
    },
    {
        "logtime": "2019/06/17 10:07:41",
        "logdata": ""
    },
    {
        "logtime": "2019/06/17 10:07:41",
        "logdata": "url"
    },
    {
        "logtime": "2019/06/17 10:07:41",
        "logdata": "http://apis.juhe.cn/ip/ip2addr?ip=106.90.182.129&key=74bb0395667b8d0588df9ebd6fc36a12"
    },
    {
        "logtime": "2019/06/17 10:07:41",
        "logdata": ""
    },
    {
        "logtime": "2019/06/17 10:07:41",
        "logdata": "url"
    },
    {
        "logtime": "2019/06/17 10:07:41",
        "logdata": "http://apis.juhe.cn/ip/ip2addr?ip=106.87.235.217&key=74bb0395667b8d0588df9ebd6fc36a12"
    },
    {
        "logtime": "2019/06/17 10:07:41",
        "logdata": ""
    },
    {
        "logtime": "2019/06/17 10:07:41",
        "logdata": "url"
    },
    {
        "logtime": "2019/06/17 10:07:41",
        "logdata": "http://apis.juhe.cn/ip/ip2addr?ip=222.57.238.70&key=74bb0395667b8d0588df9ebd6fc36a12"
    },
    {
        "logtime": "2019/06/17 10:07:41",
        "logdata": ""
    },
    {
        "logtime": "2019/06/17 10:07:41",
        "logdata": "url"
    },
    {
        "logtime": "2019/06/17 10:07:41",
        "logdata": "http://apis.juhe.cn/ip/ip2addr?ip=61.235.9.2&key=74bb0395667b8d0588df9ebd6fc36a12"
    },
    {
        "logtime": "2019/06/17 10:07:41",
        "logdata": ""
    },
    {
        "logtime": "2019/06/17 10:07:41",
        "logdata": "url"
    },
    {
        "logtime": "2019/06/17 10:07:41",
        "logdata": "http://apis.juhe.cn/ip/ip2addr?ip=123.233.169.230&key=74bb0395667b8d0588df9ebd6fc36a12"
    },
    {
        "logtime": "2019/06/17 10:07:41",
        "logdata": ""
    },
    {
        "logtime": "2019/06/17 10:07:41",
        "logdata": "url"
    },
    {
        "logtime": "2019/06/17 10:07:41",
        "logdata": "http://apis.juhe.cn/ip/ip2addr?ip=210.40.191.172&key=74bb0395667b8d0588df9ebd6fc36a12"
    },
    {
        "logtime": "2019/06/17 10:07:41",
        "logdata": ""
    },
    {
        "logtime": "2019/06/17 10:07:41",
        "logdata": "url"
    },
    {
        "logtime": "2019/06/17 10:07:41",
        "logdata": "http://apis.juhe.cn/ip/ip2addr?ip=106.94.20.218&key=74bb0395667b8d0588df9ebd6fc36a12"
    },
    {
        "logtime": "2019/06/17 10:07:41",
        "logdata": ""
    },
    {
        "logtime": "2019/06/17 10:07:41",
        "logdata": "url"
    },
    {
        "logtime": "2019/06/17 10:07:41",
        "logdata": "http://apis.juhe.cn/ip/ip2addr?ip=182.92.70.200&key=74bb0395667b8d0588df9ebd6fc36a12"
    },
    {
        "logtime": "2019/06/17 10:07:41",
        "logdata": ""
    },
    {
        "logtime": "2019/06/17 10:07:41",
        "logdata": "url"
    },
    {
        "logtime": "2019/06/17 10:07:41",
        "logdata": "http://apis.juhe.cn/ip/ip2addr?ip=61.233.188.221&key=74bb0395667b8d0588df9ebd6fc36a12"
    },
    {
        "logtime": "2019/06/17 10:07:41",
        "logdata": ""
    },
    {
        "logtime": "2019/06/17 10:07:41",
        "logdata": "url"
    },
    {
        "logtime": "2019/06/17 10:07:41",
        "logdata": "http://apis.juhe.cn/ip/ip2addr?ip=106.93.25.102&key=74bb0395667b8d0588df9ebd6fc36a12"
    },
    {
        "logtime": "2019/06/17 10:07:41",
        "logdata": ""
    },
    {
        "logtime": "2019/06/17 10:07:41",
        "logdata": "url"
    },
    {
        "logtime": "2019/06/17 10:07:41",
        "logdata": "http://apis.juhe.cn/ip/ip2addr?ip=139.203.52.218&key=74bb0395667b8d0588df9ebd6fc36a12"
    },
    {
        "logtime": "2019/06/17 10:07:42",
        "logdata": ""
    },
    {
        "logtime": "2019/06/17 10:07:42",
        "logdata": "url"
    },
    {
        "logtime": "2019/06/17 10:07:42",
        "logdata": "http://apis.juhe.cn/ip/ip2addr?ip=139.200.70.99&key=74bb0395667b8d0588df9ebd6fc36a12"
    },
    {
        "logtime": "2019/06/17 10:07:42",
        "logdata": ""
    },
    {
        "logtime": "2019/06/17 10:07:42",
        "logdata": "url"
    },
    {
        "logtime": "2019/06/17 10:07:42",
        "logdata": "http://apis.juhe.cn/ip/ip2addr?ip=36.61.63.138&key=74bb0395667b8d0588df9ebd6fc36a12"
    },
    {
        "logtime": "2019/06/17 10:07:42",
        "logdata": ""
    },
    {
        "logtime": "2019/06/17 10:07:42",
        "logdata": "url"
    },
    {
        "logtime": "2019/06/17 10:07:42",
        "logdata": "http://apis.juhe.cn/ip/ip2addr?ip=182.90.239.49&key=74bb0395667b8d0588df9ebd6fc36a12"
    },
    {
        "logtime": "2019/06/17 10:07:42",
        "logdata": ""
    },
    {
        "logtime": "2019/06/17 10:07:42",
        "logdata": "url"
    },
    {
        "logtime": "2019/06/17 10:07:42",
        "logdata": "http://apis.juhe.cn/ip/ip2addr?ip=106.81.225.4&key=74bb0395667b8d0588df9ebd6fc36a12"
    },
    {
        "logtime": "2019/06/17 10:07:42",
        "logdata": ""
    },
    {
        "logtime": "2019/06/17 10:07:42",
        "logdata": "url"
    },
    {
        "logtime": "2019/06/17 10:07:42",
        "logdata": "http://apis.juhe.cn/ip/ip2addr?ip=121.76.191.151&key=74bb0395667b8d0588df9ebd6fc36a12"
    },
    {
        "logtime": "2019/06/17 10:07:42",
        "logdata": ""
    },
    {
        "logtime": "2019/06/17 10:07:42",
        "logdata": "url"
    },
    {
        "logtime": "2019/06/17 10:07:42",
        "logdata": "http://apis.juhe.cn/ip/ip2addr?ip=61.235.183.56&key=74bb0395667b8d0588df9ebd6fc36a12"
    },
    {
        "logtime": "2019/06/17 10:07:42",
        "logdata": ""
    },
    {
        "logtime": "2019/06/17 10:07:42",
        "logdata": "url"
    },
    {
        "logtime": "2019/06/17 10:07:42",
        "logdata": "http://apis.juhe.cn/ip/ip2addr?ip=121.76.15.67&key=74bb0395667b8d0588df9ebd6fc36a12"
    },
    {
        "logtime": "2019/06/17 10:07:42",
        "logdata": ""
    },
    {
        "logtime": "2019/06/17 10:07:42",
        "logdata": "url"
    },
    {
        "logtime": "2019/06/17 10:07:42",
        "logdata": "http://apis.juhe.cn/ip/ip2addr?ip=171.8.38.176&key=74bb0395667b8d0588df9ebd6fc36a12"
    },
    {
        "logtime": "2019/06/17 10:07:42",
        "logdata": ""
    },
    {
        "logtime": "2019/06/17 10:07:42",
        "logdata": "url"
    },
    {
        "logtime": "2019/06/17 10:07:42",
        "logdata": "http://apis.juhe.cn/ip/ip2addr?ip=139.204.236.27&key=74bb0395667b8d0588df9ebd6fc36a12"
    },
    {
        "logtime": "2019/06/17 10:07:42",
        "logdata": ""
    },
    {
        "logtime": "2019/06/17 10:07:42",
        "logdata": "url"
    },
    {
        "logtime": "2019/06/17 10:07:42",
        "logdata": "http://apis.juhe.cn/ip/ip2addr?ip=61.235.196.225&key=74bb0395667b8d0588df9ebd6fc36a12"
    },
    {
        "logtime": "2019/06/17 10:07:42",
        "logdata": ""
    },
    {
        "logtime": "2019/06/17 10:07:42",
        "logdata": "url"
    },
    {
        "logtime": "2019/06/17 10:07:42",
        "logdata": "http://apis.juhe.cn/ip/ip2addr?ip=36.57.180.29&key=74bb0395667b8d0588df9ebd6fc36a12"
    },
    {
        "logtime": "2019/06/17 10:07:42",
        "logdata": ""
    },
    {
        "logtime": "2019/06/17 10:07:42",
        "logdata": "url"
    },
    {
        "logtime": "2019/06/17 10:07:42",
        "logdata": "http://apis.juhe.cn/ip/ip2addr?ip=171.13.206.212&key=74bb0395667b8d0588df9ebd6fc36a12"
    },
    {
        "logtime": "2019/06/17 10:07:42",
        "logdata": ""
    },
    {
        "logtime": "2019/06/17 10:07:42",
        "logdata": "url"
    },
    {
        "logtime": "2019/06/17 10:07:42",
        "logdata": "http://apis.juhe.cn/ip/ip2addr?ip=222.38.240.92&key=74bb0395667b8d0588df9ebd6fc36a12"
    },
    {
        "logtime": "2019/06/17 10:07:42",
        "logdata": ""
    },
    {
        "logtime": "2019/06/17 10:07:42",
        "logdata": "url"
    },
    {
        "logtime": "2019/06/17 10:07:42",
        "logdata": "http://apis.juhe.cn/ip/ip2addr?ip=36.63.104.237&key=74bb0395667b8d0588df9ebd6fc36a12"
    },
    {
        "logtime": "2019/06/17 10:07:42",
        "logdata": ""
    },
    {
        "logtime": "2019/06/17 10:07:42",
        "logdata": "url"
    },
    {
        "logtime": "2019/06/17 10:07:42",
        "logdata": "http://apis.juhe.cn/ip/ip2addr?ip=36.63.162.62&key=74bb0395667b8d0588df9ebd6fc36a12"
    },
    {
        "logtime": "2019/06/17 10:07:42",
        "logdata": ""
    },
    {
        "logtime": "2019/06/17 10:07:43",
        "logdata": "url"
    },
    {
        "logtime": "2019/06/17 10:07:43",
        "logdata": "http://apis.juhe.cn/ip/ip2addr?ip=123.232.204.235&key=74bb0395667b8d0588df9ebd6fc36a12"
    },
    {
        "logtime": "2019/06/17 10:07:43",
        "logdata": ""
    },
    {
        "logtime": "2019/06/17 10:07:43",
        "logdata": "url"
    },
    {
        "logtime": "2019/06/17 10:07:43",
        "logdata": "http://apis.juhe.cn/ip/ip2addr?ip=106.85.185.150&key=74bb0395667b8d0588df9ebd6fc36a12"
    },
    {
        "logtime": "2019/06/17 10:07:43",
        "logdata": ""
    },
    {
        "logtime": "2019/06/17 10:07:43",
        "logdata": "url"
    },
    {
        "logtime": "2019/06/17 10:07:43",
        "logdata": "http://apis.juhe.cn/ip/ip2addr?ip=182.80.108.67&key=74bb0395667b8d0588df9ebd6fc36a12"
    },
    {
        "logtime": "2019/06/17 10:07:43",
        "logdata": ""
    },
    {
        "logtime": "2019/06/17 10:07:43",
        "logdata": "url"
    },
    {
        "logtime": "2019/06/17 10:07:43",
        "logdata": "http://apis.juhe.cn/ip/ip2addr?ip=121.77.39.234&key=74bb0395667b8d0588df9ebd6fc36a12"
    },
    {
        "logtime": "2019/06/17 10:07:43",
        "logdata": ""
    },
    {
        "logtime": "2019/06/17 10:07:43",
        "logdata": "url"
    },
    {
        "logtime": "2019/06/17 10:07:43",
        "logdata": "http://apis.juhe.cn/ip/ip2addr?ip=222.21.74.84&key=74bb0395667b8d0588df9ebd6fc36a12"
    },
    {
        "logtime": "2019/06/17 10:07:43",
        "logdata": ""
    },
    {
        "logtime": "2019/06/17 10:07:43",
        "logdata": "url"
    },
    {
        "logtime": "2019/06/17 10:07:43",
        "logdata": "http://apis.juhe.cn/ip/ip2addr?ip=222.41.164.159&key=74bb0395667b8d0588df9ebd6fc36a12"
    },
    {
        "logtime": "2019/06/17 10:07:43",
        "logdata": ""
    },
    {
        "logtime": "2019/06/17 10:07:43",
        "logdata": "url"
    },
    {
        "logtime": "2019/06/17 10:07:43",
        "logdata": "http://apis.juhe.cn/ip/ip2addr?ip=106.91.48.252&key=74bb0395667b8d0588df9ebd6fc36a12"
    },
    {
        "logtime": "2019/06/17 10:07:43",
        "logdata": ""
    },
    {
        "logtime": "2019/06/17 10:07:43",
        "logdata": "url"
    },
    {
        "logtime": "2019/06/17 10:07:43",
        "logdata": "http://apis.juhe.cn/ip/ip2addr?ip=222.63.118.178&key=74bb0395667b8d0588df9ebd6fc36a12"
    },
    {
        "logtime": "2019/06/17 10:07:43",
        "logdata": ""
    },
    {
        "logtime": "2019/06/17 10:07:43",
        "logdata": "url"
    },
    {
        "logtime": "2019/06/17 10:07:43",
        "logdata": "http://apis.juhe.cn/ip/ip2addr?ip=36.57.190.145&key=74bb0395667b8d0588df9ebd6fc36a12"
    },
    {
        "logtime": "2019/06/17 10:07:43",
        "logdata": ""
    },
    {
        "logtime": "2019/06/17 10:07:43",
        "logdata": "url"
    },
    {
        "logtime": "2019/06/17 10:07:43",
        "logdata": "http://apis.juhe.cn/ip/ip2addr?ip=36.61.62.101&key=74bb0395667b8d0588df9ebd6fc36a12"
    },
    {
        "logtime": "2019/06/17 10:07:43",
        "logdata": ""
    },
    {
        "logtime": "2019/06/17 10:07:43",
        "logdata": "url"
    },
    {
        "logtime": "2019/06/17 10:07:43",
        "logdata": "http://apis.juhe.cn/ip/ip2addr?ip=36.60.1.214&key=74bb0395667b8d0588df9ebd6fc36a12"
    },
    {
        "logtime": "2019/06/17 10:07:43",
        "logdata": ""
    },
    {
        "logtime": "2019/06/17 10:07:43",
        "logdata": "url"
    },
    {
        "logtime": "2019/06/17 10:07:43",
        "logdata": "http://apis.juhe.cn/ip/ip2addr?ip=61.235.239.162&key=74bb0395667b8d0588df9ebd6fc36a12"
    },
    {
        "logtime": "2019/06/17 10:07:43",
        "logdata": ""
    },
    {
        "logtime": "2019/06/17 10:07:43",
        "logdata": "url"
    },
    {
        "logtime": "2019/06/17 10:07:43",
        "logdata": "http://apis.juhe.cn/ip/ip2addr?ip=182.84.129.71&key=74bb0395667b8d0588df9ebd6fc36a12"
    },
    {
        "logtime": "2019/06/17 10:07:43",
        "logdata": ""
    },
    {
        "logtime": "2019/06/17 10:07:43",
        "logdata": "url"
    },
    {
        "logtime": "2019/06/17 10:07:43",
        "logdata": "http://apis.juhe.cn/ip/ip2addr?ip=222.70.206.183&key=74bb0395667b8d0588df9ebd6fc36a12"
    },
    {
        "logtime": "2019/06/17 10:07:43",
        "logdata": ""
    },
    {
        "logtime": "2019/06/17 10:07:43",
        "logdata": "url"
    },
    {
        "logtime": "2019/06/17 10:07:43",
        "logdata": "http://apis.juhe.cn/ip/ip2addr?ip=222.21.219.177&key=74bb0395667b8d0588df9ebd6fc36a12"
    },
    {
        "logtime": "2019/06/17 10:07:43",
        "logdata": ""
    },
    {
        "logtime": "2019/06/17 10:07:44",
        "logdata": "url"
    },
    {
        "logtime": "2019/06/17 10:07:44",
        "logdata": "http://apis.juhe.cn/ip/ip2addr?ip=36.56.4.145&key=74bb0395667b8d0588df9ebd6fc36a12"
    },
    {
        "logtime": "2019/06/17 10:07:44",
        "logdata": ""
    },
    {
        "logtime": "2019/06/17 10:07:44",
        "logdata": "url"
    },
    {
        "logtime": "2019/06/17 10:07:44",
        "logdata": "http://apis.juhe.cn/ip/ip2addr?ip=171.9.130.16&key=74bb0395667b8d0588df9ebd6fc36a12"
    },
    {
        "logtime": "2019/06/17 10:07:44",
        "logdata": ""
    },
    {
        "logtime": "2019/06/17 10:07:44",
        "logdata": "url"
    },
    {
        "logtime": "2019/06/17 10:07:44",
        "logdata": "http://apis.juhe.cn/ip/ip2addr?ip=61.236.201.214&key=74bb0395667b8d0588df9ebd6fc36a12"
    },
    {
        "logtime": "2019/06/17 10:07:44",
        "logdata": ""
    },
    {
        "logtime": "2019/06/17 10:07:44",
        "logdata": "url"
    },
    {
        "logtime": "2019/06/17 10:07:44",
        "logdata": "http://apis.juhe.cn/ip/ip2addr?ip=106.87.2.241&key=74bb0395667b8d0588df9ebd6fc36a12"
    },
    {
        "logtime": "2019/06/17 10:07:44",
        "logdata": ""
    },
    {
        "logtime": "2019/06/17 10:07:44",
        "logdata": "url"
    },
    {
        "logtime": "2019/06/17 10:07:44",
        "logdata": "http://apis.juhe.cn/ip/ip2addr?ip=61.233.3.129&key=74bb0395667b8d0588df9ebd6fc36a12"
    },
    {
        "logtime": "2019/06/17 10:07:44",
        "logdata": ""
    },
    {
        "logtime": "2019/06/17 10:07:44",
        "logdata": "url"
    },
    {
        "logtime": "2019/06/17 10:07:44",
        "logdata": "http://apis.juhe.cn/ip/ip2addr?ip=36.59.0.143&key=74bb0395667b8d0588df9ebd6fc36a12"
    },
    {
        "logtime": "2019/06/17 10:07:44",
        "logdata": ""
    },
    {
        "logtime": "2019/06/17 10:07:44",
        "logdata": "url"
    },
    {
        "logtime": "2019/06/17 10:07:44",
        "logdata": "http://apis.juhe.cn/ip/ip2addr?ip=61.233.28.124&key=74bb0395667b8d0588df9ebd6fc36a12"
    },
    {
        "logtime": "2019/06/17 10:07:44",
        "logdata": ""
    },
    {
        "logtime": "2019/06/17 10:07:44",
        "logdata": "url"
    },
    {
        "logtime": "2019/06/17 10:07:44",
        "logdata": "http://apis.juhe.cn/ip/ip2addr?ip=182.86.208.31&key=74bb0395667b8d0588df9ebd6fc36a12"
    },
    {
        "logtime": "2019/06/17 10:07:44",
        "logdata": ""
    },
    {
        "logtime": "2019/06/17 10:07:44",
        "logdata": "url"
    },
    {
        "logtime": "2019/06/17 10:07:44",
        "logdata": "http://apis.juhe.cn/ip/ip2addr?ip=106.89.128.201&key=74bb0395667b8d0588df9ebd6fc36a12"
    },
    {
        "logtime": "2019/06/17 10:07:44",
        "logdata": ""
    },
    {
        "logtime": "2019/06/17 10:07:44",
        "logdata": "url"
    },
    {
        "logtime": "2019/06/17 10:07:44",
        "logdata": "http://apis.juhe.cn/ip/ip2addr?ip=121.77.43.227&key=74bb0395667b8d0588df9ebd6fc36a12"
    },
    {
        "logtime": "2019/06/17 10:07:44",
        "logdata": ""
    },
    {
        "logtime": "2019/06/17 10:07:44",
        "logdata": "url"
    },
    {
        "logtime": "2019/06/17 10:07:44",
        "logdata": "http://apis.juhe.cn/ip/ip2addr?ip=171.15.84.19&key=74bb0395667b8d0588df9ebd6fc36a12"
    },
    {
        "logtime": "2019/06/17 10:07:44",
        "logdata": ""
    },
    {
        "logtime": "2019/06/17 10:07:44",
        "logdata": "url"
    },
    {
        "logtime": "2019/06/17 10:07:44",
        "logdata": "http://apis.juhe.cn/ip/ip2addr?ip=121.76.127.92&key=74bb0395667b8d0588df9ebd6fc36a12"
    },
    {
        "logtime": "2019/06/17 10:07:44",
        "logdata": ""
    },
    {
        "logtime": "2019/06/17 10:07:44",
        "logdata": "url"
    },
    {
        "logtime": "2019/06/17 10:07:44",
        "logdata": "http://apis.juhe.cn/ip/ip2addr?ip=171.13.243.38&key=74bb0395667b8d0588df9ebd6fc36a12"
    },
    {
        "logtime": "2019/06/17 10:07:44",
        "logdata": ""
    },
    {
        "logtime": "2019/06/17 10:07:44",
        "logdata": "url"
    },
    {
        "logtime": "2019/06/17 10:07:44",
        "logdata": "http://apis.juhe.cn/ip/ip2addr?ip=106.90.157.243&key=74bb0395667b8d0588df9ebd6fc36a12"
    },
    {
        "logtime": "2019/06/17 10:07:44",
        "logdata": ""
    }
]