[
    {
        "logtime": "2019/05/17 18:53:00",
        "logdata": "url"
    },
    {
        "logtime": "2019/05/17 18:53:00",
        "logdata": "http://apis.juhe.cn/ip/ip2addr?ip=113.77.83.165&key=74bb0395667b8d0588df9ebd6fc36a12"
    },
    {
        "logtime": "2019/05/17 18:53:00",
        "logdata": ""
    },
    {
        "logtime": "2019/05/17 18:53:00",
        "logdata": "onLogonCallBack"
    },
    {
        "logtime": "2019/05/17 18:53:00",
        "logdata": "http://www.fuannainc.top/"
    },
    {
        "logtime": "2019/05/17 18:53:00",
        "logdata": "url"
    },
    {
        "logtime": "2019/05/17 18:53:00",
        "logdata": "http://www.fuannainc.top//WS/MobileInterface.ashx"
    },
    {
        "logtime": "2019/05/17 18:53:00",
        "logdata": "action=GetMobileShareConfig&userid=119894&time=1558090380&signature=58E145BB58C99AD35DE6F939351A0920"
    }
]