[
    {
        "logtime": "2019/07/30 17:23:38",
        "logdata": "LogonScene.onceExcute"
    },
    {
        "logtime": "2019/07/30 17:23:38",
        "logdata": "http://www.fuannabbs.top/"
    },
    {
        "logtime": "2019/07/30 17:23:39",
        "logdata": "url"
    },
    {
        "logtime": "2019/07/30 17:23:39",
        "logdata": "http://www.fuannabbs.top//ws/MobileInterface.ashx?action=GetMobileLoginNotice"
    },
    {
        "logtime": "2019/07/30 17:23:39",
        "logdata": ""
    },
    {
        "logtime": "2019/07/30 17:23:41",
        "logdata": "onLogonCallBack"
    },
    {
        "logtime": "2019/07/30 17:23:41",
        "logdata": "http://www.fuannabbs.top/"
    },
    {
        "logtime": "2019/07/30 17:23:41",
        "logdata": "url"
    },
    {
        "logtime": "2019/07/30 17:23:41",
        "logdata": "http://www.fuannabbs.top//WS/MobileInterface.ashx"
    },
    {
        "logtime": "2019/07/30 17:23:41",
        "logdata": "action=GetMobileShareConfig&userid=119891&time=1564478621&signature=659EF2DC8FAA94B28342D736C8D73D61"
    },
    {
        "logtime": "2019/07/30 17:23:42",
        "logdata": "url"
    },
    {
        "logtime": "2019/07/30 17:23:42",
        "logdata": "http://www.fuannabbs.top//WS/MobileInterface.ashx?action=GetMobileRollNotice"
    },
    {
        "logtime": "2019/07/30 17:23:42",
        "logdata": ""
    },
    {
        "logtime": "2019/07/30 17:23:44",
        "logdata": 11
    },
    {
        "logtime": "2019/07/30 17:23:44",
        "logdata": "url"
    },
    {
        "logtime": "2019/07/30 17:23:44",
        "logdata": "http://154.48.228.19/download/test//game/qipai/landnoshuffle/res/filemd5List.json"
    },
    {
        "logtime": "2019/07/30 17:23:44",
        "logdata": ""
    }
]