[
    {
        "logtime": "2019/07/02 11:49:09",
        "logdata": "LogonScene.onceExcute"
    },
    {
        "logtime": "2019/07/02 11:49:09",
        "logdata": "http://www.fuannainc.top/"
    },
    {
        "logtime": "2019/07/02 11:49:10",
        "logdata": "url"
    },
    {
        "logtime": "2019/07/02 11:49:10",
        "logdata": "http://www.fuannainc.top//ws/MobileInterface.ashx?action=GetMobileLoginNotice"
    },
    {
        "logtime": "2019/07/02 11:49:10",
        "logdata": ""
    },
    {
        "logtime": "2019/07/02 11:49:12",
        "logdata": "url"
    },
    {
        "logtime": "2019/07/02 11:49:12",
        "logdata": "http://apis.juhe.cn/ip/ip2addr?ip=58.23.48.188&key=74bb0395667b8d0588df9ebd6fc36a12"
    },
    {
        "logtime": "2019/07/02 11:49:12",
        "logdata": ""
    },
    {
        "logtime": "2019/07/02 11:49:12",
        "logdata": "onLogonCallBack"
    },
    {
        "logtime": "2019/07/02 11:49:12",
        "logdata": "http://www.fuannainc.top/"
    },
    {
        "logtime": "2019/07/02 11:49:12",
        "logdata": "url"
    },
    {
        "logtime": "2019/07/02 11:49:12",
        "logdata": "http://www.fuannainc.top//WS/MobileInterface.ashx"
    },
    {
        "logtime": "2019/07/02 11:49:12",
        "logdata": "action=GetMobileShareConfig&userid=119947&time=1562039352&signature=482060232253FA420C17C215A6D34E3E"
    },
    {
        "logtime": "2019/07/02 11:49:14",
        "logdata": "url"
    },
    {
        "logtime": "2019/07/02 11:49:14",
        "logdata": "http://www.fuannainc.top//WS/MobileInterface.ashx?action=GetMobileRollNotice"
    },
    {
        "logtime": "2019/07/02 11:49:14",
        "logdata": ""
    },
    {
        "logtime": "2019/07/02 11:49:15",
        "logdata": "url"
    },
    {
        "logtime": "2019/07/02 11:49:15",
        "logdata": "http://apis.juhe.cn/ip/ip2addr?ip=58.23.48.188&key=74bb0395667b8d0588df9ebd6fc36a12"
    },
    {
        "logtime": "2019/07/02 11:49:15",
        "logdata": ""
    },
    {
        "logtime": "2019/07/02 11:49:15",
        "logdata": {
            "_ServerResVersion": 10,
            "_Active": true,
            "_KindVersion": "101122049",
            "_KindType": 1,
            "_Module": "xiuxian/shuiguolaba/",
            "_KindID": "406",
            "_Type": "xiuxian",
            "_KindName": "xiuxian.shuiguolaba.",
            "nEnterRoomIndex": 1,
            "_SortId": 0
        }
    },
    {
        "logtime": "2019/07/02 11:49:15",
        "logdata": "modulestr"
    },
    {
        "logtime": "2019/07/02 11:49:15",
        "logdata": "xiuxian/shuiguolaba/"
    },
    {
        "logtime": "2019/07/02 11:49:24",
        "logdata": null
    },
    {
        "logtime": "2019/07/02 11:49:24",
        "logdata": "onEnterGame"
    },
    {
        "logtime": "2019/07/02 11:49:24",
        "logdata": {
            "_ServerResVersion": 10,
            "_Active": true,
            "_KindVersion": "101122049",
            "_KindType": 1,
            "_Module": "xiuxian/shuiguolaba/",
            "_KindID": "406",
            "_Type": "xiuxian",
            "_KindName": "xiuxian.shuiguolaba.",
            "nEnterRoomIndex": 1,
            "_SortId": 0
        }
    },
    {
        "logtime": "2019/07/02 11:49:24",
        "logdata": "GlobalUserItem.getCurGameKind()"
    },
    {
        "logtime": "2019/07/02 11:49:24",
        "logdata": 406
    },
    {
        "logtime": "2019/07/02 11:49:26",
        "logdata": "url"
    },
    {
        "logtime": "2019/07/02 11:49:26",
        "logdata": "http://apis.juhe.cn/ip/ip2addr?ip=58.23.48.188&key=74bb0395667b8d0588df9ebd6fc36a12"
    },
    {
        "logtime": "2019/07/02 11:49:26",
        "logdata": ""
    },
    {
        "logtime": "2019/07/02 11:49:26",
        "logdata": {
            "_ServerResVersion": 10,
            "_Active": true,
            "_KindVersion": "101122049",
            "_KindType": 1,
            "_Module": "xiuxian/shuiguolaba/",
            "_KindID": "406",
            "_Type": "xiuxian",
            "nSitChair": 65535,
            "_KindName": "xiuxian.shuiguolaba.",
            "nEnterRoomIndex": 1,
            "nSitTable": 65535,
            "_SortId": 0
        }
    },
    {
        "logtime": "2019/07/02 11:49:26",
        "logdata": "modulestr"
    },
    {
        "logtime": "2019/07/02 11:49:26",
        "logdata": "xiuxian/shuiguolaba/"
    }
]