[
    {
        "logtime": "2019/05/16 17:21:54",
        "logdata": "LogonScene.onceExcute"
    },
    {
        "logtime": "2019/05/16 17:21:54",
        "logdata": "http://www.fuannabbs.top/"
    },
    {
        "logtime": "2019/05/16 17:21:55",
        "logdata": "url"
    },
    {
        "logtime": "2019/05/16 17:21:55",
        "logdata": "http://www.fuannabbs.top//ws/MobileInterface.ashx?action=GetMobileLoginNotice"
    },
    {
        "logtime": "2019/05/16 17:21:55",
        "logdata": ""
    },
    {
        "logtime": "2019/05/16 17:21:56",
        "logdata": "url"
    },
    {
        "logtime": "2019/05/16 17:21:56",
        "logdata": "http://apis.juhe.cn/ip/ip2addr?ip=183.53.107.65&key=74bb0395667b8d0588df9ebd6fc36a12"
    },
    {
        "logtime": "2019/05/16 17:21:56",
        "logdata": ""
    },
    {
        "logtime": "2019/05/16 17:21:56",
        "logdata": "onLogonCallBack"
    },
    {
        "logtime": "2019/05/16 17:21:56",
        "logdata": "http://www.fuannabbs.top/"
    },
    {
        "logtime": "2019/05/16 17:21:56",
        "logdata": "url"
    },
    {
        "logtime": "2019/05/16 17:21:56",
        "logdata": "http://www.fuannabbs.top//WS/MobileInterface.ashx"
    },
    {
        "logtime": "2019/05/16 17:21:56",
        "logdata": "action=GetMobileShareConfig&userid=120755&time=1557998516&signature=C916F73D09C8B6F36569B8E65B4AD191"
    }
]