[
    {
        "logtime": "2019/07/02 16:10:25",
        "logdata": "LogonScene.onceExcute"
    },
    {
        "logtime": "2019/07/02 16:10:25",
        "logdata": "http://www.fuannainc.top/"
    },
    {
        "logtime": "2019/07/02 16:10:25",
        "logdata": "url"
    },
    {
        "logtime": "2019/07/02 16:10:25",
        "logdata": "http://www.fuannainc.top//ws/MobileInterface.ashx?action=GetMobileLoginNotice"
    },
    {
        "logtime": "2019/07/02 16:10:25",
        "logdata": ""
    },
    {
        "logtime": "2019/07/02 16:10:27",
        "logdata": "url"
    },
    {
        "logtime": "2019/07/02 16:10:27",
        "logdata": "http://apis.juhe.cn/ip/ip2addr?ip=58.23.48.188&key=74bb0395667b8d0588df9ebd6fc36a12"
    },
    {
        "logtime": "2019/07/02 16:10:27",
        "logdata": ""
    },
    {
        "logtime": "2019/07/02 16:10:27",
        "logdata": "onLogonCallBack"
    },
    {
        "logtime": "2019/07/02 16:10:27",
        "logdata": "http://www.fuannainc.top/"
    },
    {
        "logtime": "2019/07/02 16:10:27",
        "logdata": "url"
    },
    {
        "logtime": "2019/07/02 16:10:27",
        "logdata": "http://www.fuannainc.top//WS/MobileInterface.ashx"
    },
    {
        "logtime": "2019/07/02 16:10:27",
        "logdata": "action=GetMobileShareConfig&userid=120187&time=1562055027&signature=503D5FAC2BE47D94657C744D977C360C"
    },
    {
        "logtime": "2019/07/02 16:10:29",
        "logdata": "url"
    },
    {
        "logtime": "2019/07/02 16:10:29",
        "logdata": "http://www.fuannainc.top//WS/MobileInterface.ashx?action=GetMobileRollNotice"
    },
    {
        "logtime": "2019/07/02 16:10:29",
        "logdata": ""
    },
    {
        "logtime": "2019/07/02 16:10:33",
        "logdata": null
    },
    {
        "logtime": "2019/07/02 16:10:33",
        "logdata": "onEnterGame"
    },
    {
        "logtime": "2019/07/02 16:10:33",
        "logdata": {
            "_ServerResVersion": 10,
            "_Active": true,
            "_KindVersion": "101122049",
            "_KindType": 1,
            "_Module": "xiuxian/shuiguolaba/",
            "_KindID": "406",
            "_Type": "xiuxian",
            "_KindName": "xiuxian.shuiguolaba.",
            "_SortId": 0
        }
    },
    {
        "logtime": "2019/07/02 16:10:34",
        "logdata": "GlobalUserItem.getCurGameKind()"
    },
    {
        "logtime": "2019/07/02 16:10:34",
        "logdata": 406
    },
    {
        "logtime": "2019/07/02 16:10:35",
        "logdata": "url"
    },
    {
        "logtime": "2019/07/02 16:10:35",
        "logdata": "http://apis.juhe.cn/ip/ip2addr?ip=58.23.48.188&key=74bb0395667b8d0588df9ebd6fc36a12"
    },
    {
        "logtime": "2019/07/02 16:10:35",
        "logdata": ""
    },
    {
        "logtime": "2019/07/02 16:10:35",
        "logdata": "url"
    },
    {
        "logtime": "2019/07/02 16:10:35",
        "logdata": "http://apis.juhe.cn/ip/ip2addr?ip=58.23.48.188&key=74bb0395667b8d0588df9ebd6fc36a12"
    },
    {
        "logtime": "2019/07/02 16:10:35",
        "logdata": ""
    },
    {
        "logtime": "2019/07/02 16:10:35",
        "logdata": {
            "_ServerResVersion": 10,
            "_Active": true,
            "_KindVersion": "101122049",
            "_KindType": 1,
            "_Module": "xiuxian/shuiguolaba/",
            "_KindID": "406",
            "_Type": "xiuxian",
            "nSitChair": 65535,
            "_KindName": "xiuxian.shuiguolaba.",
            "nEnterRoomIndex": 1,
            "nSitTable": 65535,
            "_SortId": 0
        }
    },
    {
        "logtime": "2019/07/02 16:10:35",
        "logdata": "modulestr"
    },
    {
        "logtime": "2019/07/02 16:10:35",
        "logdata": "xiuxian/shuiguolaba/"
    }
]