[
    {
        "logtime": "2019/07/09 10:03:25",
        "logdata": "LogonScene.onceExcute"
    },
    {
        "logtime": "2019/07/09 10:03:25",
        "logdata": "http://www.fuannainc.top/"
    },
    {
        "logtime": "2019/07/09 10:03:25",
        "logdata": "url"
    },
    {
        "logtime": "2019/07/09 10:03:25",
        "logdata": "http://www.fuannainc.top//ws/MobileInterface.ashx?action=GetMobileLoginNotice"
    },
    {
        "logtime": "2019/07/09 10:03:25",
        "logdata": ""
    },
    {
        "logtime": "2019/07/09 10:03:26",
        "logdata": "onLogonCallBack"
    },
    {
        "logtime": "2019/07/09 10:03:26",
        "logdata": "http://www.fuannainc.top/"
    },
    {
        "logtime": "2019/07/09 10:03:26",
        "logdata": "url"
    },
    {
        "logtime": "2019/07/09 10:03:26",
        "logdata": "http://www.fuannainc.top//WS/MobileInterface.ashx"
    },
    {
        "logtime": "2019/07/09 10:03:26",
        "logdata": "action=GetMobileShareConfig&userid=119921&time=1562637806&signature=D546755F8717B69E416538779F85687E"
    },
    {
        "logtime": "2019/07/09 10:03:28",
        "logdata": "url"
    },
    {
        "logtime": "2019/07/09 10:03:28",
        "logdata": "http://www.fuannainc.top//WS/MobileInterface.ashx?action=GetMobileRollNotice"
    },
    {
        "logtime": "2019/07/09 10:03:28",
        "logdata": ""
    },
    {
        "logtime": "2019/07/09 10:03:44",
        "logdata": "keys2"
    },
    {
        "logtime": "2019/07/09 10:03:44",
        "logdata": "byte"
    },
    {
        "logtime": "2019/07/09 10:03:44",
        "logdata": "keys2"
    },
    {
        "logtime": "2019/07/09 10:03:44",
        "logdata": "word"
    },
    {
        "logtime": "2019/07/09 10:03:44",
        "logdata": "keys2"
    },
    {
        "logtime": "2019/07/09 10:03:44",
        "logdata": "word"
    },
    {
        "logtime": "2019/07/09 10:03:44",
        "logdata": "keys2"
    },
    {
        "logtime": "2019/07/09 10:03:44",
        "logdata": "word"
    },
    {
        "logtime": "2019/07/09 10:03:44",
        "logdata": "keys2"
    },
    {
        "logtime": "2019/07/09 10:03:44",
        "logdata": "word"
    },
    {
        "logtime": "2019/07/09 10:03:44",
        "logdata": "keys2"
    },
    {
        "logtime": "2019/07/09 10:03:44",
        "logdata": "double"
    },
    {
        "logtime": "2019/07/09 10:03:44",
        "logdata": "keys2"
    },
    {
        "logtime": "2019/07/09 10:03:44",
        "logdata": "double"
    },
    {
        "logtime": "2019/07/09 10:03:44",
        "logdata": "keys2"
    },
    {
        "logtime": "2019/07/09 10:03:44",
        "logdata": "double"
    },
    {
        "logtime": "2019/07/09 10:03:45",
        "logdata": "keys2"
    },
    {
        "logtime": "2019/07/09 10:03:45",
        "logdata": "byte"
    },
    {
        "logtime": "2019/07/09 10:03:45",
        "logdata": "keys2"
    },
    {
        "logtime": "2019/07/09 10:03:45",
        "logdata": "word"
    },
    {
        "logtime": "2019/07/09 10:03:45",
        "logdata": "keys2"
    },
    {
        "logtime": "2019/07/09 10:03:45",
        "logdata": "word"
    },
    {
        "logtime": "2019/07/09 10:03:45",
        "logdata": "keys2"
    },
    {
        "logtime": "2019/07/09 10:03:45",
        "logdata": "word"
    },
    {
        "logtime": "2019/07/09 10:03:45",
        "logdata": "keys2"
    },
    {
        "logtime": "2019/07/09 10:03:45",
        "logdata": "word"
    },
    {
        "logtime": "2019/07/09 10:03:45",
        "logdata": "keys2"
    },
    {
        "logtime": "2019/07/09 10:03:45",
        "logdata": "double"
    },
    {
        "logtime": "2019/07/09 10:03:45",
        "logdata": "keys2"
    },
    {
        "logtime": "2019/07/09 10:03:45",
        "logdata": "double"
    },
    {
        "logtime": "2019/07/09 10:03:45",
        "logdata": "keys2"
    },
    {
        "logtime": "2019/07/09 10:03:45",
        "logdata": "double"
    },
    {
        "logtime": "2019/07/09 10:03:45",
        "logdata": "keys2"
    },
    {
        "logtime": "2019/07/09 10:03:45",
        "logdata": "string"
    },
    {
        "logtime": "2019/07/09 10:03:45",
        "logdata": "keys2"
    },
    {
        "logtime": "2019/07/09 10:03:45",
        "logdata": "string"
    },
    {
        "logtime": "2019/07/09 10:03:45",
        "logdata": "keys2"
    },
    {
        "logtime": "2019/07/09 10:03:45",
        "logdata": "double"
    },
    {
        "logtime": "2019/07/09 10:03:45",
        "logdata": "keys2"
    },
    {
        "logtime": "2019/07/09 10:03:45",
        "logdata": "string"
    }
]