[
    {
        "logtime": "2019/07/16 14:59:12",
        "logdata": "keys2"
    },
    {
        "logtime": "2019/07/16 14:59:12",
        "logdata": "dword"
    },
    {
        "logtime": "2019/07/16 14:59:12",
        "logdata": "keys2"
    },
    {
        "logtime": "2019/07/16 14:59:12",
        "logdata": "dword"
    },
    {
        "logtime": "2019/07/16 14:59:12",
        "logdata": "keys2"
    },
    {
        "logtime": "2019/07/16 14:59:12",
        "logdata": "dword"
    },
    {
        "logtime": "2019/07/16 14:59:12",
        "logdata": "keys2"
    },
    {
        "logtime": "2019/07/16 14:59:12",
        "logdata": "dword"
    },
    {
        "logtime": "2019/07/16 14:59:12",
        "logdata": "keys2"
    },
    {
        "logtime": "2019/07/16 14:59:12",
        "logdata": "dword"
    },
    {
        "logtime": "2019/07/16 14:59:12",
        "logdata": "keys2"
    },
    {
        "logtime": "2019/07/16 14:59:12",
        "logdata": "score"
    },
    {
        "logtime": "2019/07/16 14:59:12",
        "logdata": "keys2"
    },
    {
        "logtime": "2019/07/16 14:59:12",
        "logdata": "score"
    },
    {
        "logtime": "2019/07/16 14:59:12",
        "logdata": "keys2"
    },
    {
        "logtime": "2019/07/16 14:59:12",
        "logdata": "string"
    },
    {
        "logtime": "2019/07/16 14:59:12",
        "logdata": "keys2"
    },
    {
        "logtime": "2019/07/16 14:59:12",
        "logdata": "byte"
    },
    {
        "logtime": "2019/07/16 14:59:12",
        "logdata": "keys2"
    },
    {
        "logtime": "2019/07/16 14:59:12",
        "logdata": "byte"
    },
    {
        "logtime": "2019/07/16 14:59:12",
        "logdata": "keys2"
    },
    {
        "logtime": "2019/07/16 14:59:12",
        "logdata": "double"
    },
    {
        "logtime": "2019/07/16 14:59:12",
        "logdata": "keys2"
    },
    {
        "logtime": "2019/07/16 14:59:12",
        "logdata": "byte"
    },
    {
        "logtime": "2019/07/16 14:59:12",
        "logdata": "keys2"
    },
    {
        "logtime": "2019/07/16 14:59:12",
        "logdata": "byte"
    },
    {
        "logtime": "2019/07/16 14:59:12",
        "logdata": "keys2"
    },
    {
        "logtime": "2019/07/16 14:59:12",
        "logdata": "byte"
    },
    {
        "logtime": "2019/07/16 14:59:12",
        "logdata": "keys2"
    },
    {
        "logtime": "2019/07/16 14:59:12",
        "logdata": "byte"
    },
    {
        "logtime": "2019/07/16 14:59:12",
        "logdata": "keys2"
    },
    {
        "logtime": "2019/07/16 14:59:12",
        "logdata": "double"
    },
    {
        "logtime": "2019/07/16 14:59:12",
        "logdata": "keys2"
    },
    {
        "logtime": "2019/07/16 14:59:12",
        "logdata": "double"
    },
    {
        "logtime": "2019/07/16 14:59:13",
        "logdata": "keys2"
    },
    {
        "logtime": "2019/07/16 14:59:13",
        "logdata": "word"
    },
    {
        "logtime": "2019/07/16 14:59:13",
        "logdata": "keys2"
    },
    {
        "logtime": "2019/07/16 14:59:13",
        "logdata": "word"
    },
    {
        "logtime": "2019/07/16 14:59:13",
        "logdata": "keys2"
    },
    {
        "logtime": "2019/07/16 14:59:13",
        "logdata": "byte"
    },
    {
        "logtime": "2019/07/16 14:59:13",
        "logdata": "keys2"
    },
    {
        "logtime": "2019/07/16 14:59:13",
        "logdata": "byte"
    },
    {
        "logtime": "2019/07/16 14:59:13",
        "logdata": "keys2"
    },
    {
        "logtime": "2019/07/16 14:59:13",
        "logdata": "byte"
    },
    {
        "logtime": "2019/07/16 14:59:13",
        "logdata": "keys2"
    },
    {
        "logtime": "2019/07/16 14:59:13",
        "logdata": "byte"
    },
    {
        "logtime": "2019/07/16 14:59:24",
        "logdata": "keys2"
    },
    {
        "logtime": "2019/07/16 14:59:24",
        "logdata": "word"
    },
    {
        "logtime": "2019/07/16 14:59:24",
        "logdata": "keys2"
    },
    {
        "logtime": "2019/07/16 14:59:24",
        "logdata": "word"
    },
    {
        "logtime": "2019/07/16 14:59:24",
        "logdata": "keys2"
    },
    {
        "logtime": "2019/07/16 14:59:24",
        "logdata": "byte"
    },
    {
        "logtime": "2019/07/16 14:59:24",
        "logdata": "keys2"
    },
    {
        "logtime": "2019/07/16 14:59:24",
        "logdata": "byte"
    },
    {
        "logtime": "2019/07/16 14:59:24",
        "logdata": "keys2"
    },
    {
        "logtime": "2019/07/16 14:59:24",
        "logdata": "byte"
    },
    {
        "logtime": "2019/07/16 14:59:25",
        "logdata": "keys2"
    },
    {
        "logtime": "2019/07/16 14:59:25",
        "logdata": "word"
    },
    {
        "logtime": "2019/07/16 14:59:25",
        "logdata": "keys2"
    },
    {
        "logtime": "2019/07/16 14:59:25",
        "logdata": "word"
    },
    {
        "logtime": "2019/07/16 14:59:25",
        "logdata": "keys2"
    },
    {
        "logtime": "2019/07/16 14:59:25",
        "logdata": "byte"
    },
    {
        "logtime": "2019/07/16 14:59:25",
        "logdata": "keys2"
    },
    {
        "logtime": "2019/07/16 14:59:25",
        "logdata": "byte"
    },
    {
        "logtime": "2019/07/16 14:59:25",
        "logdata": "keys2"
    },
    {
        "logtime": "2019/07/16 14:59:26",
        "logdata": "byte"
    },
    {
        "logtime": "2019/07/16 14:59:31",
        "logdata": "keys2"
    },
    {
        "logtime": "2019/07/16 14:59:31",
        "logdata": "word"
    },
    {
        "logtime": "2019/07/16 14:59:31",
        "logdata": "keys2"
    },
    {
        "logtime": "2019/07/16 14:59:31",
        "logdata": "word"
    },
    {
        "logtime": "2019/07/16 14:59:31",
        "logdata": "keys2"
    },
    {
        "logtime": "2019/07/16 14:59:31",
        "logdata": "byte"
    },
    {
        "logtime": "2019/07/16 14:59:31",
        "logdata": "keys2"
    },
    {
        "logtime": "2019/07/16 14:59:31",
        "logdata": "byte"
    },
    {
        "logtime": "2019/07/16 14:59:31",
        "logdata": "keys2"
    },
    {
        "logtime": "2019/07/16 14:59:31",
        "logdata": "byte"
    },
    {
        "logtime": "2019/07/16 14:59:31",
        "logdata": "keys2"
    },
    {
        "logtime": "2019/07/16 14:59:31",
        "logdata": "word"
    },
    {
        "logtime": "2019/07/16 14:59:31",
        "logdata": "keys2"
    },
    {
        "logtime": "2019/07/16 14:59:31",
        "logdata": "word"
    },
    {
        "logtime": "2019/07/16 14:59:31",
        "logdata": "keys2"
    },
    {
        "logtime": "2019/07/16 14:59:31",
        "logdata": "byte"
    },
    {
        "logtime": "2019/07/16 14:59:31",
        "logdata": "keys2"
    },
    {
        "logtime": "2019/07/16 14:59:31",
        "logdata": "byte"
    },
    {
        "logtime": "2019/07/16 14:59:31",
        "logdata": "keys2"
    },
    {
        "logtime": "2019/07/16 14:59:31",
        "logdata": "byte"
    },
    {
        "logtime": "2019/07/16 14:59:31",
        "logdata": "keys2"
    },
    {
        "logtime": "2019/07/16 14:59:31",
        "logdata": "byte"
    },
    {
        "logtime": "2019/07/16 14:59:31",
        "logdata": "keys2"
    },
    {
        "logtime": "2019/07/16 14:59:31",
        "logdata": "double"
    },
    {
        "logtime": "2019/07/16 14:59:36",
        "logdata": "keys2"
    },
    {
        "logtime": "2019/07/16 14:59:36",
        "logdata": "bool"
    },
    {
        "logtime": "2019/07/16 14:59:36",
        "logdata": "keys2"
    },
    {
        "logtime": "2019/07/16 14:59:36",
        "logdata": "word"
    },
    {
        "logtime": "2019/07/16 14:59:36",
        "logdata": "keys2"
    },
    {
        "logtime": "2019/07/16 14:59:36",
        "logdata": "byte"
    },
    {
        "logtime": "2019/07/16 14:59:36",
        "logdata": "keys2"
    },
    {
        "logtime": "2019/07/16 14:59:36",
        "logdata": "bool"
    },
    {
        "logtime": "2019/07/16 14:59:36",
        "logdata": "keys2"
    },
    {
        "logtime": "2019/07/16 14:59:36",
        "logdata": "word"
    },
    {
        "logtime": "2019/07/16 14:59:36",
        "logdata": "keys2"
    },
    {
        "logtime": "2019/07/16 14:59:36",
        "logdata": "byte"
    },
    {
        "logtime": "2019/07/16 14:59:36",
        "logdata": "keys2"
    },
    {
        "logtime": "2019/07/16 14:59:36",
        "logdata": "byte"
    },
    {
        "logtime": "2019/07/16 14:59:36",
        "logdata": "keys2"
    },
    {
        "logtime": "2019/07/16 14:59:36",
        "logdata": "word"
    },
    {
        "logtime": "2019/07/16 14:59:44",
        "logdata": "keys2"
    },
    {
        "logtime": "2019/07/16 14:59:44",
        "logdata": "byte"
    },
    {
        "logtime": "2019/07/16 14:59:44",
        "logdata": "keys2"
    },
    {
        "logtime": "2019/07/16 14:59:44",
        "logdata": "word"
    },
    {
        "logtime": "2019/07/16 14:59:44",
        "logdata": "keys2"
    },
    {
        "logtime": "2019/07/16 14:59:44",
        "logdata": "word"
    },
    {
        "logtime": "2019/07/16 14:59:44",
        "logdata": "keys2"
    },
    {
        "logtime": "2019/07/16 14:59:44",
        "logdata": "int"
    },
    {
        "logtime": "2019/07/16 14:59:44",
        "logdata": "keys2"
    },
    {
        "logtime": "2019/07/16 14:59:44",
        "logdata": "bool"
    },
    {
        "logtime": "2019/07/16 14:59:44",
        "logdata": "keys2"
    },
    {
        "logtime": "2019/07/16 14:59:44",
        "logdata": "byte"
    },
    {
        "logtime": "2019/07/16 14:59:44",
        "logdata": "keys2"
    },
    {
        "logtime": "2019/07/16 14:59:44",
        "logdata": "byte"
    },
    {
        "logtime": "2019/07/16 14:59:44",
        "logdata": "keys2"
    },
    {
        "logtime": "2019/07/16 14:59:44",
        "logdata": "bool"
    },
    {
        "logtime": "2019/07/16 14:59:44",
        "logdata": "keys2"
    },
    {
        "logtime": "2019/07/16 14:59:44",
        "logdata": "word"
    },
    {
        "logtime": "2019/07/16 14:59:47",
        "logdata": "keys2"
    },
    {
        "logtime": "2019/07/16 14:59:47",
        "logdata": "byte"
    },
    {
        "logtime": "2019/07/16 14:59:47",
        "logdata": "keys2"
    },
    {
        "logtime": "2019/07/16 14:59:47",
        "logdata": "word"
    },
    {
        "logtime": "2019/07/16 14:59:47",
        "logdata": "keys2"
    },
    {
        "logtime": "2019/07/16 14:59:47",
        "logdata": "word"
    },
    {
        "logtime": "2019/07/16 14:59:47",
        "logdata": "keys2"
    },
    {
        "logtime": "2019/07/16 14:59:47",
        "logdata": "int"
    },
    {
        "logtime": "2019/07/16 14:59:47",
        "logdata": "keys2"
    },
    {
        "logtime": "2019/07/16 14:59:47",
        "logdata": "bool"
    },
    {
        "logtime": "2019/07/16 14:59:47",
        "logdata": "keys2"
    },
    {
        "logtime": "2019/07/16 14:59:47",
        "logdata": "byte"
    },
    {
        "logtime": "2019/07/16 14:59:47",
        "logdata": "keys2"
    },
    {
        "logtime": "2019/07/16 14:59:47",
        "logdata": "byte"
    },
    {
        "logtime": "2019/07/16 14:59:47",
        "logdata": "keys2"
    },
    {
        "logtime": "2019/07/16 14:59:47",
        "logdata": "bool"
    },
    {
        "logtime": "2019/07/16 14:59:47",
        "logdata": "keys2"
    },
    {
        "logtime": "2019/07/16 14:59:47",
        "logdata": "word"
    },
    {
        "logtime": "2019/07/16 14:59:52",
        "logdata": "keys2"
    },
    {
        "logtime": "2019/07/16 14:59:52",
        "logdata": "byte"
    },
    {
        "logtime": "2019/07/16 14:59:52",
        "logdata": "keys2"
    },
    {
        "logtime": "2019/07/16 14:59:52",
        "logdata": "word"
    },
    {
        "logtime": "2019/07/16 14:59:52",
        "logdata": "keys2"
    },
    {
        "logtime": "2019/07/16 14:59:52",
        "logdata": "word"
    },
    {
        "logtime": "2019/07/16 14:59:52",
        "logdata": "keys2"
    },
    {
        "logtime": "2019/07/16 14:59:52",
        "logdata": "int"
    },
    {
        "logtime": "2019/07/16 14:59:52",
        "logdata": "keys2"
    },
    {
        "logtime": "2019/07/16 14:59:52",
        "logdata": "bool"
    },
    {
        "logtime": "2019/07/16 14:59:52",
        "logdata": "keys2"
    },
    {
        "logtime": "2019/07/16 14:59:52",
        "logdata": "byte"
    },
    {
        "logtime": "2019/07/16 14:59:52",
        "logdata": "keys2"
    },
    {
        "logtime": "2019/07/16 14:59:52",
        "logdata": "byte"
    },
    {
        "logtime": "2019/07/16 14:59:52",
        "logdata": "keys2"
    },
    {
        "logtime": "2019/07/16 14:59:52",
        "logdata": "bool"
    },
    {
        "logtime": "2019/07/16 14:59:52",
        "logdata": "keys2"
    },
    {
        "logtime": "2019/07/16 14:59:52",
        "logdata": "word"
    },
    {
        "logtime": "2019/07/16 14:59:57",
        "logdata": "keys2"
    },
    {
        "logtime": "2019/07/16 14:59:57",
        "logdata": "byte"
    },
    {
        "logtime": "2019/07/16 14:59:57",
        "logdata": "keys2"
    },
    {
        "logtime": "2019/07/16 14:59:57",
        "logdata": "word"
    },
    {
        "logtime": "2019/07/16 14:59:57",
        "logdata": "keys2"
    },
    {
        "logtime": "2019/07/16 14:59:57",
        "logdata": "word"
    },
    {
        "logtime": "2019/07/16 14:59:57",
        "logdata": "keys2"
    },
    {
        "logtime": "2019/07/16 14:59:57",
        "logdata": "int"
    },
    {
        "logtime": "2019/07/16 14:59:57",
        "logdata": "keys2"
    },
    {
        "logtime": "2019/07/16 14:59:57",
        "logdata": "bool"
    },
    {
        "logtime": "2019/07/16 14:59:57",
        "logdata": "keys2"
    },
    {
        "logtime": "2019/07/16 14:59:57",
        "logdata": "byte"
    },
    {
        "logtime": "2019/07/16 14:59:57",
        "logdata": "keys2"
    },
    {
        "logtime": "2019/07/16 14:59:57",
        "logdata": "byte"
    },
    {
        "logtime": "2019/07/16 14:59:57",
        "logdata": "keys2"
    },
    {
        "logtime": "2019/07/16 14:59:57",
        "logdata": "bool"
    },
    {
        "logtime": "2019/07/16 14:59:57",
        "logdata": "keys2"
    },
    {
        "logtime": "2019/07/16 14:59:57",
        "logdata": "word"
    }
]