[
    {
        "logtime": "2019/07/09 14:16:41",
        "logdata": "url"
    },
    {
        "logtime": "2019/07/09 14:16:41",
        "logdata": "http://www.fuannainc.top//WS/MobileInterface.ashx"
    },
    {
        "logtime": "2019/07/09 14:16:41",
        "logdata": "action=GetScoreInfo&userid=119919&time=1562653001&signature=8874ACA505666B547647B7D543C7DFD7"
    },
    {
        "logtime": "2019/07/09 14:16:44",
        "logdata": "LogonScene.onceExcute"
    },
    {
        "logtime": "2019/07/09 14:16:44",
        "logdata": "http://www.fuannainc.top/"
    },
    {
        "logtime": "2019/07/09 14:16:44",
        "logdata": "url"
    },
    {
        "logtime": "2019/07/09 14:16:44",
        "logdata": "http://www.fuannainc.top//ws/MobileInterface.ashx?action=GetMobileLoginNotice"
    },
    {
        "logtime": "2019/07/09 14:16:44",
        "logdata": ""
    },
    {
        "logtime": "2019/07/09 14:16:46",
        "logdata": "onLogonCallBack"
    },
    {
        "logtime": "2019/07/09 14:16:46",
        "logdata": "http://www.fuannainc.top/"
    },
    {
        "logtime": "2019/07/09 14:16:46",
        "logdata": "url"
    },
    {
        "logtime": "2019/07/09 14:16:46",
        "logdata": "http://www.fuannainc.top//WS/MobileInterface.ashx"
    },
    {
        "logtime": "2019/07/09 14:16:46",
        "logdata": "action=GetMobileShareConfig&userid=119922&time=1562653006&signature=C06E7C59FA1BCA8ABF4B5BAE9E44D688"
    },
    {
        "logtime": "2019/07/09 14:16:48",
        "logdata": "url"
    },
    {
        "logtime": "2019/07/09 14:16:48",
        "logdata": "http://www.fuannainc.top//WS/MobileInterface.ashx?action=GetMobileRollNotice"
    },
    {
        "logtime": "2019/07/09 14:16:48",
        "logdata": ""
    },
    {
        "logtime": "2019/07/09 14:16:51",
        "logdata": "keys2"
    },
    {
        "logtime": "2019/07/09 14:16:51",
        "logdata": "byte"
    },
    {
        "logtime": "2019/07/09 14:16:51",
        "logdata": "keys2"
    },
    {
        "logtime": "2019/07/09 14:16:51",
        "logdata": "word"
    },
    {
        "logtime": "2019/07/09 14:16:51",
        "logdata": "keys2"
    },
    {
        "logtime": "2019/07/09 14:16:51",
        "logdata": "word"
    },
    {
        "logtime": "2019/07/09 14:16:51",
        "logdata": "keys2"
    },
    {
        "logtime": "2019/07/09 14:16:51",
        "logdata": "word"
    },
    {
        "logtime": "2019/07/09 14:16:51",
        "logdata": "keys2"
    },
    {
        "logtime": "2019/07/09 14:16:51",
        "logdata": "word"
    },
    {
        "logtime": "2019/07/09 14:16:51",
        "logdata": "keys2"
    },
    {
        "logtime": "2019/07/09 14:16:51",
        "logdata": "double"
    },
    {
        "logtime": "2019/07/09 14:16:51",
        "logdata": "keys2"
    },
    {
        "logtime": "2019/07/09 14:16:51",
        "logdata": "double"
    },
    {
        "logtime": "2019/07/09 14:16:51",
        "logdata": "keys2"
    },
    {
        "logtime": "2019/07/09 14:16:51",
        "logdata": "double"
    },
    {
        "logtime": "2019/07/09 14:16:51",
        "logdata": "keys2"
    },
    {
        "logtime": "2019/07/09 14:16:51",
        "logdata": "string"
    },
    {
        "logtime": "2019/07/09 14:16:51",
        "logdata": "keys2"
    },
    {
        "logtime": "2019/07/09 14:16:51",
        "logdata": "string"
    },
    {
        "logtime": "2019/07/09 14:16:51",
        "logdata": "keys2"
    },
    {
        "logtime": "2019/07/09 14:16:51",
        "logdata": "double"
    },
    {
        "logtime": "2019/07/09 14:16:51",
        "logdata": "keys2"
    },
    {
        "logtime": "2019/07/09 14:16:51",
        "logdata": "string"
    }
]