[
    {
        "logtime": "2019/05/18 11:45:35",
        "logdata": "LogonScene.onceExcute"
    },
    {
        "logtime": "2019/05/18 11:45:35",
        "logdata": "http://www.fuannainc.top/"
    },
    {
        "logtime": "2019/05/18 11:45:35",
        "logdata": "url"
    },
    {
        "logtime": "2019/05/18 11:45:35",
        "logdata": "http://www.fuannainc.top//ws/MobileInterface.ashx?action=GetMobileLoginNotice"
    },
    {
        "logtime": "2019/05/18 11:45:35",
        "logdata": ""
    },
    {
        "logtime": "2019/05/18 11:45:37",
        "logdata": "url"
    },
    {
        "logtime": "2019/05/18 11:45:37",
        "logdata": "http://apis.juhe.cn/ip/ip2addr?ip=113.77.83.199&key=74bb0395667b8d0588df9ebd6fc36a12"
    },
    {
        "logtime": "2019/05/18 11:45:37",
        "logdata": ""
    },
    {
        "logtime": "2019/05/18 11:45:37",
        "logdata": "onLogonCallBack"
    },
    {
        "logtime": "2019/05/18 11:45:37",
        "logdata": "http://www.fuannainc.top/"
    },
    {
        "logtime": "2019/05/18 11:45:37",
        "logdata": "url"
    },
    {
        "logtime": "2019/05/18 11:45:37",
        "logdata": "http://www.fuannainc.top//WS/MobileInterface.ashx"
    },
    {
        "logtime": "2019/05/18 11:45:37",
        "logdata": "action=GetMobileShareConfig&userid=119926&time=1558151137&signature=71813B6D9F447385E97031705E6C93F8"
    },
    {
        "logtime": "2019/05/18 11:45:40",
        "logdata": "url"
    },
    {
        "logtime": "2019/05/18 11:45:40",
        "logdata": "http://www.fuannainc.top//WS/MobileInterface.ashx?action=GetMobileRollNotice"
    },
    {
        "logtime": "2019/05/18 11:45:40",
        "logdata": ""
    },
    {
        "logtime": "2019/05/18 11:45:54",
        "logdata": "url"
    },
    {
        "logtime": "2019/05/18 11:45:54",
        "logdata": "http://www.fuannainc.top//WS/Account.ashx"
    },
    {
        "logtime": "2019/05/18 11:45:54",
        "logdata": "action=getchild&gameid=335271"
    }
]