[
    {
        "logtime": "2019/05/20 17:27:02",
        "logdata": "LogonScene.onceExcute"
    },
    {
        "logtime": "2019/05/20 17:27:02",
        "logdata": "http://www.fuannainc.top/"
    },
    {
        "logtime": "2019/05/20 17:27:03",
        "logdata": "url"
    },
    {
        "logtime": "2019/05/20 17:27:03",
        "logdata": "http://www.fuannainc.top//ws/MobileInterface.ashx?action=GetMobileLoginNotice"
    },
    {
        "logtime": "2019/05/20 17:27:03",
        "logdata": ""
    },
    {
        "logtime": "2019/05/20 17:27:06",
        "logdata": "url"
    },
    {
        "logtime": "2019/05/20 17:27:06",
        "logdata": "http://apis.juhe.cn/ip/ip2addr?ip=183.53.106.37&key=74bb0395667b8d0588df9ebd6fc36a12"
    },
    {
        "logtime": "2019/05/20 17:27:06",
        "logdata": ""
    },
    {
        "logtime": "2019/05/20 17:27:06",
        "logdata": "onLogonCallBack"
    },
    {
        "logtime": "2019/05/20 17:27:06",
        "logdata": "http://www.fuannainc.top/"
    },
    {
        "logtime": "2019/05/20 17:27:06",
        "logdata": "url"
    },
    {
        "logtime": "2019/05/20 17:27:06",
        "logdata": "http://www.fuannainc.top//WS/MobileInterface.ashx"
    },
    {
        "logtime": "2019/05/20 17:27:06",
        "logdata": "action=GetMobileShareConfig&userid=119888&time=1558344426&signature=2406115047B28CE4C5A665F22EE73453"
    },
    {
        "logtime": "2019/05/20 17:27:11",
        "logdata": "url"
    },
    {
        "logtime": "2019/05/20 17:27:11",
        "logdata": "http://www.fuannainc.top//WS/MobileInterface.ashx?action=GetMobileRollNotice"
    },
    {
        "logtime": "2019/05/20 17:27:11",
        "logdata": ""
    },
    {
        "logtime": "2019/05/20 17:27:11",
        "logdata": "url"
    },
    {
        "logtime": "2019/05/20 17:27:11",
        "logdata": "http://apis.juhe.cn/ip/ip2addr?ip=183.53.106.37&key=74bb0395667b8d0588df9ebd6fc36a12"
    },
    {
        "logtime": "2019/05/20 17:27:11",
        "logdata": ""
    },
    {
        "logtime": "2019/05/20 17:27:11",
        "logdata": "onLogonCallBack"
    },
    {
        "logtime": "2019/05/20 17:27:11",
        "logdata": "http://www.fuannainc.top/"
    },
    {
        "logtime": "2019/05/20 17:27:11",
        "logdata": "url"
    },
    {
        "logtime": "2019/05/20 17:27:11",
        "logdata": "http://www.fuannainc.top//WS/MobileInterface.ashx"
    },
    {
        "logtime": "2019/05/20 17:27:11",
        "logdata": "action=GetMobileShareConfig&userid=119911&time=1558344431&signature=366633B379A33A5AE4564CC109FAA971"
    },
    {
        "logtime": "2019/05/20 17:27:13",
        "logdata": "url"
    },
    {
        "logtime": "2019/05/20 17:27:13",
        "logdata": "http://www.fuannainc.top//WS/MobileInterface.ashx?action=GetMobileRollNotice"
    },
    {
        "logtime": "2019/05/20 17:27:13",
        "logdata": ""
    }
]