[
    {
        "logtime": "2019/05/22 19:00:26",
        "logdata": "LogonScene.onceExcute"
    },
    {
        "logtime": "2019/05/22 19:00:26",
        "logdata": "http://www.fuannainc.top/"
    },
    {
        "logtime": "2019/05/22 19:00:26",
        "logdata": "url"
    },
    {
        "logtime": "2019/05/22 19:00:26",
        "logdata": "http://www.fuannainc.top//ws/MobileInterface.ashx?action=GetMobileLoginNotice"
    },
    {
        "logtime": "2019/05/22 19:00:26",
        "logdata": ""
    },
    {
        "logtime": "2019/05/22 19:00:28",
        "logdata": "url"
    },
    {
        "logtime": "2019/05/22 19:00:28",
        "logdata": "http://apis.juhe.cn/ip/ip2addr?ip=183.53.106.122&key=74bb0395667b8d0588df9ebd6fc36a12"
    },
    {
        "logtime": "2019/05/22 19:00:28",
        "logdata": ""
    },
    {
        "logtime": "2019/05/22 19:00:28",
        "logdata": "onLogonCallBack"
    },
    {
        "logtime": "2019/05/22 19:00:28",
        "logdata": "http://www.fuannainc.top/"
    },
    {
        "logtime": "2019/05/22 19:00:28",
        "logdata": "url"
    },
    {
        "logtime": "2019/05/22 19:00:28",
        "logdata": "http://www.fuannainc.top//WS/MobileInterface.ashx"
    },
    {
        "logtime": "2019/05/22 19:00:28",
        "logdata": "action=GetMobileShareConfig&userid=119940&time=1558522828&signature=EA2B622294BC0A95B22405498F69B478"
    },
    {
        "logtime": "2019/05/22 19:00:31",
        "logdata": "url"
    },
    {
        "logtime": "2019/05/22 19:00:31",
        "logdata": "http://www.fuannainc.top//WS/MobileInterface.ashx?action=GetMobileRollNotice"
    },
    {
        "logtime": "2019/05/22 19:00:31",
        "logdata": ""
    }
]