[
    {
        "logtime": "2019/07/09 16:57:51",
        "logdata": "LogonScene.onceExcute"
    },
    {
        "logtime": "2019/07/09 16:57:51",
        "logdata": "http://www.fuannainc.top/"
    },
    {
        "logtime": "2019/07/09 16:57:51",
        "logdata": "url"
    },
    {
        "logtime": "2019/07/09 16:57:51",
        "logdata": "http://www.fuannainc.top//ws/MobileInterface.ashx?action=GetMobileLoginNotice"
    },
    {
        "logtime": "2019/07/09 16:57:51",
        "logdata": ""
    },
    {
        "logtime": "2019/07/09 16:57:53",
        "logdata": "onLogonCallBack"
    },
    {
        "logtime": "2019/07/09 16:57:53",
        "logdata": "http://www.fuannainc.top/"
    },
    {
        "logtime": "2019/07/09 16:57:53",
        "logdata": "url"
    },
    {
        "logtime": "2019/07/09 16:57:53",
        "logdata": "http://www.fuannainc.top//WS/MobileInterface.ashx"
    },
    {
        "logtime": "2019/07/09 16:57:53",
        "logdata": "action=GetMobileShareConfig&userid=119791&time=1562662673&signature=7CC59CAD22DBB0DF18224E4D25A1C1FC"
    },
    {
        "logtime": "2019/07/09 16:57:54",
        "logdata": "url"
    },
    {
        "logtime": "2019/07/09 16:57:54",
        "logdata": "http://www.fuannainc.top//WS/MobileInterface.ashx?action=GetMobileRollNotice"
    },
    {
        "logtime": "2019/07/09 16:57:54",
        "logdata": ""
    }
]