[
    {
        "logtime": "2019/05/14 16:30:11",
        "logdata": {}
    },
    {
        "logtime": "2019/05/14 16:30:23",
        "logdata": {}
    },
    {
        "logtime": "2019/05/14 16:30:35",
        "logdata": {}
    },
    {
        "logtime": "2019/05/14 16:30:40",
        "logdata": "url"
    },
    {
        "logtime": "2019/05/14 16:30:40",
        "logdata": "http://apis.juhe.cn/ip/ip2addr?ip=183.53.107.103&key=74bb0395667b8d0588df9ebd6fc36a12"
    },
    {
        "logtime": "2019/05/14 16:30:40",
        "logdata": ""
    },
    {
        "logtime": "2019/05/14 16:30:40",
        "logdata": "onLogonCallBack"
    },
    {
        "logtime": "2019/05/14 16:30:40",
        "logdata": "http://www.fuannainc.top/"
    },
    {
        "logtime": "2019/05/14 16:30:40",
        "logdata": "url"
    },
    {
        "logtime": "2019/05/14 16:30:40",
        "logdata": "http://www.fuannainc.top//WS/MobileInterface.ashx"
    },
    {
        "logtime": "2019/05/14 16:30:40",
        "logdata": "action=GetMobileShareConfig&userid=120776&time=1557822640&signature=6F5DE118EF14DF88E69A80573B909D68"
    },
    {
        "logtime": "2019/05/14 16:30:44",
        "logdata": "url"
    },
    {
        "logtime": "2019/05/14 16:30:44",
        "logdata": "http://www.fuannainc.top//WS/MobileInterface.ashx?action=GetMobileRollNotice"
    },
    {
        "logtime": "2019/05/14 16:30:44",
        "logdata": ""
    }
]