[
    {
        "logtime": "2019/07/09 15:19:13",
        "logdata": "keys2"
    },
    {
        "logtime": "2019/07/09 15:19:13",
        "logdata": "byte"
    },
    {
        "logtime": "2019/07/09 15:19:13",
        "logdata": "keys2"
    },
    {
        "logtime": "2019/07/09 15:19:13",
        "logdata": "word"
    },
    {
        "logtime": "2019/07/09 15:19:13",
        "logdata": "keys2"
    },
    {
        "logtime": "2019/07/09 15:19:13",
        "logdata": "word"
    },
    {
        "logtime": "2019/07/09 15:19:13",
        "logdata": "keys2"
    },
    {
        "logtime": "2019/07/09 15:19:13",
        "logdata": "word"
    },
    {
        "logtime": "2019/07/09 15:19:13",
        "logdata": "keys2"
    },
    {
        "logtime": "2019/07/09 15:19:13",
        "logdata": "word"
    },
    {
        "logtime": "2019/07/09 15:19:13",
        "logdata": "keys2"
    },
    {
        "logtime": "2019/07/09 15:19:13",
        "logdata": "double"
    },
    {
        "logtime": "2019/07/09 15:19:13",
        "logdata": "keys2"
    },
    {
        "logtime": "2019/07/09 15:19:13",
        "logdata": "double"
    },
    {
        "logtime": "2019/07/09 15:19:13",
        "logdata": "keys2"
    },
    {
        "logtime": "2019/07/09 15:19:13",
        "logdata": "double"
    }
]