[
    {
        "logtime": "2019/07/08 19:26:36",
        "logdata": "LogonScene.onceExcute"
    },
    {
        "logtime": "2019/07/08 19:26:36",
        "logdata": "http://www.fuannainc.top/"
    },
    {
        "logtime": "2019/07/08 19:26:36",
        "logdata": "url"
    },
    {
        "logtime": "2019/07/08 19:26:36",
        "logdata": "http://www.fuannainc.top//ws/MobileInterface.ashx?action=GetMobileLoginNotice"
    },
    {
        "logtime": "2019/07/08 19:26:36",
        "logdata": ""
    },
    {
        "logtime": "2019/07/08 19:26:38",
        "logdata": "onLogonCallBack"
    },
    {
        "logtime": "2019/07/08 19:26:38",
        "logdata": "http://www.fuannainc.top/"
    },
    {
        "logtime": "2019/07/08 19:26:38",
        "logdata": "url"
    },
    {
        "logtime": "2019/07/08 19:26:38",
        "logdata": "http://www.fuannainc.top//WS/MobileInterface.ashx"
    },
    {
        "logtime": "2019/07/08 19:26:38",
        "logdata": "action=GetMobileShareConfig&userid=119913&time=1562585198&signature=EA4238A983C006D53D45812883390A68"
    },
    {
        "logtime": "2019/07/08 19:26:39",
        "logdata": "url"
    },
    {
        "logtime": "2019/07/08 19:26:39",
        "logdata": "http://www.fuannainc.top//WS/MobileInterface.ashx?action=GetMobileRollNotice"
    },
    {
        "logtime": "2019/07/08 19:26:39",
        "logdata": ""
    },
    {
        "logtime": "2019/07/08 19:26:52",
        "logdata": "keys2"
    },
    {
        "logtime": "2019/07/08 19:26:52",
        "logdata": "byte"
    },
    {
        "logtime": "2019/07/08 19:26:52",
        "logdata": "keys2"
    },
    {
        "logtime": "2019/07/08 19:26:52",
        "logdata": "word"
    },
    {
        "logtime": "2019/07/08 19:26:52",
        "logdata": "keys2"
    },
    {
        "logtime": "2019/07/08 19:26:52",
        "logdata": "word"
    },
    {
        "logtime": "2019/07/08 19:26:52",
        "logdata": "keys2"
    },
    {
        "logtime": "2019/07/08 19:26:52",
        "logdata": "word"
    },
    {
        "logtime": "2019/07/08 19:26:52",
        "logdata": "keys2"
    },
    {
        "logtime": "2019/07/08 19:26:52",
        "logdata": "word"
    },
    {
        "logtime": "2019/07/08 19:26:52",
        "logdata": "keys2"
    },
    {
        "logtime": "2019/07/08 19:26:52",
        "logdata": "double"
    },
    {
        "logtime": "2019/07/08 19:26:52",
        "logdata": "keys2"
    },
    {
        "logtime": "2019/07/08 19:26:52",
        "logdata": "double"
    },
    {
        "logtime": "2019/07/08 19:26:52",
        "logdata": "keys2"
    },
    {
        "logtime": "2019/07/08 19:26:52",
        "logdata": "double"
    }
]