[
    {
        "logtime": "2019/07/02 11:34:43",
        "logdata": "url"
    },
    {
        "logtime": "2019/07/02 11:34:43",
        "logdata": "http://apis.juhe.cn/ip/ip2addr?ip=58.23.48.188&key=74bb0395667b8d0588df9ebd6fc36a12"
    },
    {
        "logtime": "2019/07/02 11:34:43",
        "logdata": ""
    },
    {
        "logtime": "2019/07/02 11:34:43",
        "logdata": "onLogonCallBack"
    },
    {
        "logtime": "2019/07/02 11:34:43",
        "logdata": "http://www.fuannainc.top/"
    },
    {
        "logtime": "2019/07/02 11:34:43",
        "logdata": "url"
    },
    {
        "logtime": "2019/07/02 11:34:43",
        "logdata": "http://www.fuannainc.top//WS/MobileInterface.ashx"
    },
    {
        "logtime": "2019/07/02 11:34:43",
        "logdata": "action=GetMobileShareConfig&userid=119947&time=1562038483&signature=73FAFA897E33DE9CD712CD7FB1B4447A"
    },
    {
        "logtime": "2019/07/02 11:34:45",
        "logdata": "url"
    },
    {
        "logtime": "2019/07/02 11:34:45",
        "logdata": "http://www.fuannainc.top//WS/MobileInterface.ashx?action=GetMobileRollNotice"
    },
    {
        "logtime": "2019/07/02 11:34:45",
        "logdata": ""
    },
    {
        "logtime": "2019/07/02 11:34:47",
        "logdata": "url"
    },
    {
        "logtime": "2019/07/02 11:34:47",
        "logdata": "http://apis.juhe.cn/ip/ip2addr?ip=58.23.48.188&key=74bb0395667b8d0588df9ebd6fc36a12"
    },
    {
        "logtime": "2019/07/02 11:34:47",
        "logdata": ""
    },
    {
        "logtime": "2019/07/02 11:34:47",
        "logdata": {
            "_ServerResVersion": 10,
            "_Active": true,
            "_KindVersion": "101122049",
            "_KindType": 1,
            "_Module": "xiuxian/shuiguolaba/",
            "_KindID": "406",
            "_Type": "xiuxian",
            "_KindName": "xiuxian.shuiguolaba.",
            "nEnterRoomIndex": 1,
            "_SortId": 0
        }
    },
    {
        "logtime": "2019/07/02 11:34:47",
        "logdata": "modulestr"
    },
    {
        "logtime": "2019/07/02 11:34:47",
        "logdata": "xiuxian/shuiguolaba/"
    },
    {
        "logtime": "2019/07/02 11:34:51",
        "logdata": null
    },
    {
        "logtime": "2019/07/02 11:34:51",
        "logdata": "onEnterGame"
    },
    {
        "logtime": "2019/07/02 11:34:51",
        "logdata": {
            "_ServerResVersion": 10,
            "_Active": true,
            "_KindVersion": "101122049",
            "_KindType": 1,
            "_Module": "xiuxian/shuiguolaba/",
            "_KindID": "406",
            "_Type": "xiuxian",
            "_KindName": "xiuxian.shuiguolaba.",
            "nEnterRoomIndex": 1,
            "_SortId": 0
        }
    },
    {
        "logtime": "2019/07/02 11:34:52",
        "logdata": "GlobalUserItem.getCurGameKind()"
    },
    {
        "logtime": "2019/07/02 11:34:52",
        "logdata": 406
    },
    {
        "logtime": "2019/07/02 11:34:53",
        "logdata": "url"
    },
    {
        "logtime": "2019/07/02 11:34:53",
        "logdata": "http://apis.juhe.cn/ip/ip2addr?ip=58.23.48.188&key=74bb0395667b8d0588df9ebd6fc36a12"
    },
    {
        "logtime": "2019/07/02 11:34:53",
        "logdata": ""
    },
    {
        "logtime": "2019/07/02 11:34:54",
        "logdata": {
            "_ServerResVersion": 10,
            "_Active": true,
            "_KindVersion": "101122049",
            "_KindType": 1,
            "_Module": "xiuxian/shuiguolaba/",
            "_KindID": "406",
            "_Type": "xiuxian",
            "nSitChair": 65535,
            "_KindName": "xiuxian.shuiguolaba.",
            "nEnterRoomIndex": 1,
            "nSitTable": 65535,
            "_SortId": 0
        }
    },
    {
        "logtime": "2019/07/02 11:34:54",
        "logdata": "modulestr"
    },
    {
        "logtime": "2019/07/02 11:34:54",
        "logdata": "xiuxian/shuiguolaba/"
    },
    {
        "logtime": "2019/07/02 11:34:58",
        "logdata": "url"
    },
    {
        "logtime": "2019/07/02 11:34:58",
        "logdata": "http://apis.juhe.cn/ip/ip2addr?ip=58.23.48.188&key=74bb0395667b8d0588df9ebd6fc36a12"
    },
    {
        "logtime": "2019/07/02 11:34:58",
        "logdata": ""
    }
]