[
    {
        "logtime": "2019/07/16 14:50:05",
        "logdata": "LogonScene.onceExcute"
    },
    {
        "logtime": "2019/07/16 14:50:05",
        "logdata": "http://www.fuannainc.top/"
    },
    {
        "logtime": "2019/07/16 14:50:05",
        "logdata": "url"
    },
    {
        "logtime": "2019/07/16 14:50:05",
        "logdata": "http://www.fuannainc.top//ws/MobileInterface.ashx?action=GetMobileLoginNotice"
    },
    {
        "logtime": "2019/07/16 14:50:05",
        "logdata": ""
    },
    {
        "logtime": "2019/07/16 14:50:09",
        "logdata": "onLogonCallBack"
    },
    {
        "logtime": "2019/07/16 14:50:09",
        "logdata": "http://www.fuannainc.top/"
    },
    {
        "logtime": "2019/07/16 14:50:09",
        "logdata": "url"
    },
    {
        "logtime": "2019/07/16 14:50:09",
        "logdata": "http://www.fuannainc.top//WS/MobileInterface.ashx"
    },
    {
        "logtime": "2019/07/16 14:50:09",
        "logdata": "action=GetMobileShareConfig&userid=119903&time=1563259809&signature=AEA4EBB856DA233E75FEDD7DCCEF712A"
    },
    {
        "logtime": "2019/07/16 14:50:10",
        "logdata": "url"
    },
    {
        "logtime": "2019/07/16 14:50:10",
        "logdata": "http://www.fuannainc.top//WS/MobileInterface.ashx?action=GetMobileRollNotice"
    },
    {
        "logtime": "2019/07/16 14:50:10",
        "logdata": ""
    },
    {
        "logtime": "2019/07/16 14:50:15",
        "logdata": "keys2"
    },
    {
        "logtime": "2019/07/16 14:50:15",
        "logdata": "byte"
    },
    {
        "logtime": "2019/07/16 14:50:15",
        "logdata": "keys2"
    },
    {
        "logtime": "2019/07/16 14:50:15",
        "logdata": "word"
    },
    {
        "logtime": "2019/07/16 14:50:15",
        "logdata": "keys2"
    },
    {
        "logtime": "2019/07/16 14:50:15",
        "logdata": "word"
    },
    {
        "logtime": "2019/07/16 14:50:15",
        "logdata": "keys2"
    },
    {
        "logtime": "2019/07/16 14:50:15",
        "logdata": "word"
    },
    {
        "logtime": "2019/07/16 14:50:15",
        "logdata": "keys2"
    },
    {
        "logtime": "2019/07/16 14:50:15",
        "logdata": "word"
    },
    {
        "logtime": "2019/07/16 14:50:15",
        "logdata": "keys2"
    },
    {
        "logtime": "2019/07/16 14:50:15",
        "logdata": "double"
    },
    {
        "logtime": "2019/07/16 14:50:15",
        "logdata": "keys2"
    },
    {
        "logtime": "2019/07/16 14:50:15",
        "logdata": "double"
    },
    {
        "logtime": "2019/07/16 14:50:15",
        "logdata": "keys2"
    },
    {
        "logtime": "2019/07/16 14:50:15",
        "logdata": "double"
    },
    {
        "logtime": "2019/07/16 14:50:15",
        "logdata": "keys2"
    },
    {
        "logtime": "2019/07/16 14:50:15",
        "logdata": "string"
    },
    {
        "logtime": "2019/07/16 14:50:15",
        "logdata": "keys2"
    },
    {
        "logtime": "2019/07/16 14:50:15",
        "logdata": "string"
    },
    {
        "logtime": "2019/07/16 14:50:15",
        "logdata": "keys2"
    },
    {
        "logtime": "2019/07/16 14:50:15",
        "logdata": "double"
    },
    {
        "logtime": "2019/07/16 14:50:15",
        "logdata": "keys2"
    },
    {
        "logtime": "2019/07/16 14:50:15",
        "logdata": "string"
    }
]