[
    {
        "logtime": "2019/07/03 17:22:01",
        "logdata": "url"
    },
    {
        "logtime": "2019/07/03 17:22:01",
        "logdata": "http://www.fuannainc.top//ws/MobileInterface.ashx"
    },
    {
        "logtime": "2019/07/03 17:22:01",
        "logdata": "action=getpaylist"
    },
    {
        "logtime": "2019/07/03 17:22:01",
        "logdata": "url"
    },
    {
        "logtime": "2019/07/03 17:22:01",
        "logdata": "http://www.fuannainc.top//WS/MobileInterface.ashx"
    },
    {
        "logtime": "2019/07/03 17:22:01",
        "logdata": "action=getagentpay"
    },
    {
        "logtime": "2019/07/03 17:22:05",
        "logdata": "normal_to_agent_up"
    },
    {
        "logtime": "2019/07/03 17:22:10",
        "logdata": "normal_to_agent_up"
    },
    {
        "logtime": "2019/07/03 17:22:28",
        "logdata": "LogonScene.onceExcute"
    },
    {
        "logtime": "2019/07/03 17:22:28",
        "logdata": "http://www.fuannainc.top/"
    },
    {
        "logtime": "2019/07/03 17:22:28",
        "logdata": "url"
    },
    {
        "logtime": "2019/07/03 17:22:28",
        "logdata": "http://www.fuannainc.top//ws/MobileInterface.ashx?action=GetMobileLoginNotice"
    },
    {
        "logtime": "2019/07/03 17:22:28",
        "logdata": ""
    }
]