[
    {
        "logtime": "2019/05/22 18:44:21",
        "logdata": "LogonScene.onceExcute"
    },
    {
        "logtime": "2019/05/22 18:44:21",
        "logdata": "http://www.fuannainc.top/"
    },
    {
        "logtime": "2019/05/22 18:44:22",
        "logdata": "url"
    },
    {
        "logtime": "2019/05/22 18:44:22",
        "logdata": "http://www.fuannainc.top//ws/MobileInterface.ashx?action=GetMobileLoginNotice"
    },
    {
        "logtime": "2019/05/22 18:44:22",
        "logdata": ""
    },
    {
        "logtime": "2019/05/22 18:44:24",
        "logdata": "url"
    },
    {
        "logtime": "2019/05/22 18:44:24",
        "logdata": "http://apis.juhe.cn/ip/ip2addr?ip=183.53.106.122&key=74bb0395667b8d0588df9ebd6fc36a12"
    },
    {
        "logtime": "2019/05/22 18:44:24",
        "logdata": ""
    },
    {
        "logtime": "2019/05/22 18:44:24",
        "logdata": "onLogonCallBack"
    },
    {
        "logtime": "2019/05/22 18:44:24",
        "logdata": "http://www.fuannainc.top/"
    },
    {
        "logtime": "2019/05/22 18:44:24",
        "logdata": "url"
    },
    {
        "logtime": "2019/05/22 18:44:24",
        "logdata": "http://www.fuannainc.top//WS/MobileInterface.ashx"
    },
    {
        "logtime": "2019/05/22 18:44:24",
        "logdata": "action=GetMobileShareConfig&userid=119908&time=1558521864&signature=6C807DA947173ACECAACB5508C763EFF"
    },
    {
        "logtime": "2019/05/22 18:44:29",
        "logdata": "url"
    },
    {
        "logtime": "2019/05/22 18:44:29",
        "logdata": "http://www.fuannainc.top//WS/MobileInterface.ashx?action=GetMobileRollNotice"
    },
    {
        "logtime": "2019/05/22 18:44:29",
        "logdata": ""
    }
]