[
    {
        "logtime": "2019/07/02 09:24:01",
        "logdata": "url"
    },
    {
        "logtime": "2019/07/02 09:24:01",
        "logdata": "http://apis.juhe.cn/ip/ip2addr?ip=58.23.48.188&key=74bb0395667b8d0588df9ebd6fc36a12"
    },
    {
        "logtime": "2019/07/02 09:24:01",
        "logdata": ""
    },
    {
        "logtime": "2019/07/02 09:24:01",
        "logdata": {
            "_ServerResVersion": 10,
            "_Active": true,
            "_KindVersion": "101122049",
            "_KindType": 1,
            "_Module": "xiuxian/shuiguolaba/",
            "_KindID": "406",
            "_Type": "xiuxian",
            "nSitChair": 65535,
            "_KindName": "xiuxian.shuiguolaba.",
            "nEnterRoomIndex": 1,
            "nSitTable": 65535,
            "_SortId": 0
        }
    },
    {
        "logtime": "2019/07/02 09:24:01",
        "logdata": "modulestr"
    },
    {
        "logtime": "2019/07/02 09:24:01",
        "logdata": "xiuxian/shuiguolaba/"
    },
    {
        "logtime": "2019/07/02 09:24:05",
        "logdata": "url"
    },
    {
        "logtime": "2019/07/02 09:24:05",
        "logdata": "http://apis.juhe.cn/ip/ip2addr?ip=58.23.48.188&key=74bb0395667b8d0588df9ebd6fc36a12"
    },
    {
        "logtime": "2019/07/02 09:24:05",
        "logdata": ""
    },
    {
        "logtime": "2019/07/02 09:24:05",
        "logdata": {
            "_ServerResVersion": 10,
            "_Active": true,
            "_KindVersion": "101122049",
            "_KindType": 1,
            "_Module": "xiuxian/shuiguolaba/",
            "_KindID": "406",
            "_Type": "xiuxian",
            "nSitChair": 65535,
            "_KindName": "xiuxian.shuiguolaba.",
            "nEnterRoomIndex": 1,
            "nSitTable": 65535,
            "_SortId": 0
        }
    },
    {
        "logtime": "2019/07/02 09:24:05",
        "logdata": "modulestr"
    },
    {
        "logtime": "2019/07/02 09:24:05",
        "logdata": "xiuxian/shuiguolaba/"
    },
    {
        "logtime": "2019/07/02 09:24:09",
        "logdata": "url"
    },
    {
        "logtime": "2019/07/02 09:24:09",
        "logdata": "http://apis.juhe.cn/ip/ip2addr?ip=58.23.48.188&key=74bb0395667b8d0588df9ebd6fc36a12"
    },
    {
        "logtime": "2019/07/02 09:24:09",
        "logdata": ""
    },
    {
        "logtime": "2019/07/02 09:24:09",
        "logdata": {
            "_ServerResVersion": 10,
            "_Active": true,
            "_KindVersion": "101122049",
            "_KindType": 1,
            "_Module": "xiuxian/shuiguolaba/",
            "_KindID": "406",
            "_Type": "xiuxian",
            "nSitChair": 65535,
            "_KindName": "xiuxian.shuiguolaba.",
            "nEnterRoomIndex": 1,
            "nSitTable": 65535,
            "_SortId": 0
        }
    },
    {
        "logtime": "2019/07/02 09:24:09",
        "logdata": "modulestr"
    },
    {
        "logtime": "2019/07/02 09:24:09",
        "logdata": "xiuxian/shuiguolaba/"
    },
    {
        "logtime": "2019/07/02 09:24:18",
        "logdata": "url"
    },
    {
        "logtime": "2019/07/02 09:24:18",
        "logdata": "http://www.fuannainc.top//ws/MobileInterface.ashx"
    },
    {
        "logtime": "2019/07/02 09:24:18",
        "logdata": "action=getpaylist"
    },
    {
        "logtime": "2019/07/02 09:24:18",
        "logdata": "url"
    },
    {
        "logtime": "2019/07/02 09:24:18",
        "logdata": "http://www.fuannainc.top//WS/MobileInterface.ashx"
    },
    {
        "logtime": "2019/07/02 09:24:18",
        "logdata": "action=getagentpay"
    },
    {
        "logtime": "2019/07/02 09:24:22",
        "logdata": "url"
    },
    {
        "logtime": "2019/07/02 09:24:22",
        "logdata": "http://www.fuannainc.top//ws/MobileInterface.ashx"
    },
    {
        "logtime": "2019/07/02 09:24:22",
        "logdata": "action=getpaylist"
    },
    {
        "logtime": "2019/07/02 09:24:22",
        "logdata": "url"
    },
    {
        "logtime": "2019/07/02 09:24:22",
        "logdata": "http://www.fuannainc.top//WS/MobileInterface.ashx"
    },
    {
        "logtime": "2019/07/02 09:24:22",
        "logdata": "action=getagentpay"
    },
    {
        "logtime": "2019/07/02 09:24:36",
        "logdata": "url"
    },
    {
        "logtime": "2019/07/02 09:24:36",
        "logdata": "http://www.fuannainc.top//ws/MobileInterface.ashx"
    },
    {
        "logtime": "2019/07/02 09:24:36",
        "logdata": "action=getpaylist"
    },
    {
        "logtime": "2019/07/02 09:24:36",
        "logdata": "url"
    },
    {
        "logtime": "2019/07/02 09:24:36",
        "logdata": "http://www.fuannainc.top//WS/MobileInterface.ashx"
    },
    {
        "logtime": "2019/07/02 09:24:36",
        "logdata": "action=getagentpay"
    },
    {
        "logtime": "2019/07/02 09:24:39",
        "logdata": "url"
    },
    {
        "logtime": "2019/07/02 09:24:39",
        "logdata": "http://apis.juhe.cn/ip/ip2addr?ip=58.23.48.188&key=74bb0395667b8d0588df9ebd6fc36a12"
    },
    {
        "logtime": "2019/07/02 09:24:39",
        "logdata": ""
    },
    {
        "logtime": "2019/07/02 09:24:39",
        "logdata": {
            "_ServerResVersion": 10,
            "_Active": true,
            "_KindVersion": "101122049",
            "_KindType": 1,
            "_Module": "xiuxian/shuiguolaba/",
            "_KindID": "406",
            "_Type": "xiuxian",
            "nSitChair": 65535,
            "_KindName": "xiuxian.shuiguolaba.",
            "nEnterRoomIndex": 1,
            "nSitTable": 65535,
            "_SortId": 0
        }
    },
    {
        "logtime": "2019/07/02 09:24:39",
        "logdata": "modulestr"
    },
    {
        "logtime": "2019/07/02 09:24:39",
        "logdata": "xiuxian/shuiguolaba/"
    },
    {
        "logtime": "2019/07/02 09:24:44",
        "logdata": "url"
    },
    {
        "logtime": "2019/07/02 09:24:44",
        "logdata": "http://www.fuannainc.top//ws/MobileInterface.ashx"
    },
    {
        "logtime": "2019/07/02 09:24:44",
        "logdata": "action=getpaylist"
    },
    {
        "logtime": "2019/07/02 09:24:44",
        "logdata": "url"
    },
    {
        "logtime": "2019/07/02 09:24:44",
        "logdata": "http://www.fuannainc.top//WS/MobileInterface.ashx"
    },
    {
        "logtime": "2019/07/02 09:24:44",
        "logdata": "action=getagentpay"
    }
]