[
    {
        "logtime": "2019/05/22 17:02:38",
        "logdata": "LogonScene.onceExcute"
    },
    {
        "logtime": "2019/05/22 17:02:38",
        "logdata": "http://www.fuannainc.top/"
    },
    {
        "logtime": "2019/05/22 17:02:39",
        "logdata": "url"
    },
    {
        "logtime": "2019/05/22 17:02:39",
        "logdata": "http://www.fuannainc.top//ws/MobileInterface.ashx?action=GetMobileLoginNotice"
    },
    {
        "logtime": "2019/05/22 17:02:39",
        "logdata": ""
    },
    {
        "logtime": "2019/05/22 17:02:42",
        "logdata": "url"
    },
    {
        "logtime": "2019/05/22 17:02:42",
        "logdata": "http://apis.juhe.cn/ip/ip2addr?ip=183.53.106.122&key=74bb0395667b8d0588df9ebd6fc36a12"
    },
    {
        "logtime": "2019/05/22 17:02:42",
        "logdata": ""
    },
    {
        "logtime": "2019/05/22 17:02:42",
        "logdata": "onLogonCallBack"
    },
    {
        "logtime": "2019/05/22 17:02:42",
        "logdata": "http://www.fuannainc.top/"
    },
    {
        "logtime": "2019/05/22 17:02:42",
        "logdata": "url"
    },
    {
        "logtime": "2019/05/22 17:02:42",
        "logdata": "http://www.fuannainc.top//WS/MobileInterface.ashx"
    },
    {
        "logtime": "2019/05/22 17:02:42",
        "logdata": "action=GetMobileShareConfig&userid=119892&time=1558515762&signature=672ACB479A451B0DA404A83F39DC6276"
    },
    {
        "logtime": "2019/05/22 17:02:45",
        "logdata": "url"
    },
    {
        "logtime": "2019/05/22 17:02:45",
        "logdata": "http://www.fuannainc.top//WS/MobileInterface.ashx?action=GetMobileRollNotice"
    },
    {
        "logtime": "2019/05/22 17:02:45",
        "logdata": ""
    }
]