[
    {
        "logtime": "2019/05/24 18:16:42",
        "logdata": "LogonScene.onceExcute"
    },
    {
        "logtime": "2019/05/24 18:16:42",
        "logdata": "http://www.fuannainc.top/"
    },
    {
        "logtime": "2019/05/24 18:16:43",
        "logdata": "url"
    },
    {
        "logtime": "2019/05/24 18:16:43",
        "logdata": "http://www.fuannainc.top//ws/MobileInterface.ashx?action=GetMobileLoginNotice"
    },
    {
        "logtime": "2019/05/24 18:16:43",
        "logdata": ""
    },
    {
        "logtime": "2019/05/24 18:16:45",
        "logdata": "url"
    },
    {
        "logtime": "2019/05/24 18:16:45",
        "logdata": "http://apis.juhe.cn/ip/ip2addr?ip=113.77.82.100&key=74bb0395667b8d0588df9ebd6fc36a12"
    },
    {
        "logtime": "2019/05/24 18:16:45",
        "logdata": ""
    },
    {
        "logtime": "2019/05/24 18:16:45",
        "logdata": "onLogonCallBack"
    },
    {
        "logtime": "2019/05/24 18:16:45",
        "logdata": "http://www.fuannainc.top/"
    },
    {
        "logtime": "2019/05/24 18:16:45",
        "logdata": "url"
    },
    {
        "logtime": "2019/05/24 18:16:45",
        "logdata": "http://www.fuannainc.top//WS/MobileInterface.ashx"
    },
    {
        "logtime": "2019/05/24 18:16:45",
        "logdata": "action=GetMobileShareConfig&userid=119888&time=1558693005&signature=A0AEA1035C42A46EC941B57E7418E175"
    },
    {
        "logtime": "2019/05/24 18:16:49",
        "logdata": "url"
    },
    {
        "logtime": "2019/05/24 18:16:49",
        "logdata": "http://www.fuannainc.top//WS/MobileInterface.ashx?action=GetMobileRollNotice"
    },
    {
        "logtime": "2019/05/24 18:16:49",
        "logdata": ""
    }
]