[
    {
        "logtime": "2019/07/02 19:38:12",
        "logdata": null
    },
    {
        "logtime": "2019/07/02 19:38:12",
        "logdata": "onEnterGame"
    },
    {
        "logtime": "2019/07/02 19:38:12",
        "logdata": {
            "_ServerResVersion": 10,
            "_Active": true,
            "_KindVersion": "101122049",
            "_KindType": 1,
            "_Module": "xiuxian/shuiguolaba/",
            "_KindID": "406",
            "_Type": "xiuxian",
            "_KindName": "xiuxian.shuiguolaba.",
            "nEnterRoomIndex": 1,
            "_SortId": 0
        }
    },
    {
        "logtime": "2019/07/02 19:38:13",
        "logdata": "GlobalUserItem.getCurGameKind()"
    },
    {
        "logtime": "2019/07/02 19:38:13",
        "logdata": 406
    },
    {
        "logtime": "2019/07/02 19:38:14",
        "logdata": "url"
    },
    {
        "logtime": "2019/07/02 19:38:14",
        "logdata": "http://apis.juhe.cn/ip/ip2addr?ip=58.23.48.188&key=74bb0395667b8d0588df9ebd6fc36a12"
    },
    {
        "logtime": "2019/07/02 19:38:14",
        "logdata": ""
    },
    {
        "logtime": "2019/07/02 19:38:14",
        "logdata": "url"
    },
    {
        "logtime": "2019/07/02 19:38:14",
        "logdata": "http://apis.juhe.cn/ip/ip2addr?ip=58.23.48.188&key=74bb0395667b8d0588df9ebd6fc36a12"
    },
    {
        "logtime": "2019/07/02 19:38:14",
        "logdata": ""
    },
    {
        "logtime": "2019/07/02 19:38:14",
        "logdata": "url"
    },
    {
        "logtime": "2019/07/02 19:38:14",
        "logdata": "http://apis.juhe.cn/ip/ip2addr?ip=58.23.48.188&key=74bb0395667b8d0588df9ebd6fc36a12"
    },
    {
        "logtime": "2019/07/02 19:38:14",
        "logdata": ""
    },
    {
        "logtime": "2019/07/02 19:38:14",
        "logdata": "url"
    },
    {
        "logtime": "2019/07/02 19:38:14",
        "logdata": "http://apis.juhe.cn/ip/ip2addr?ip=58.23.48.188&key=74bb0395667b8d0588df9ebd6fc36a12"
    },
    {
        "logtime": "2019/07/02 19:38:14",
        "logdata": ""
    },
    {
        "logtime": "2019/07/02 19:38:14",
        "logdata": {
            "_ServerResVersion": 10,
            "_Active": true,
            "_KindVersion": "101122049",
            "_KindType": 1,
            "_Module": "xiuxian/shuiguolaba/",
            "_KindID": "406",
            "_Type": "xiuxian",
            "_KindName": "xiuxian.shuiguolaba.",
            "nEnterRoomIndex": 1,
            "_SortId": 0
        }
    },
    {
        "logtime": "2019/07/02 19:38:14",
        "logdata": "modulestr"
    },
    {
        "logtime": "2019/07/02 19:38:14",
        "logdata": "xiuxian/shuiguolaba/"
    },
    {
        "logtime": "2019/07/02 19:38:16",
        "logdata": [
            {
                "main": 3,
                "kindid": 406,
                "len": 4,
                "sub": 11
            },
            {
                "main": 100,
                "kindid": 406,
                "len": 0,
                "sub": 2
            },
            {
                "main": 100,
                "kindid": 406,
                "len": 9,
                "sub": 1
            },
            {
                "main": 100,
                "kindid": 406,
                "len": 0,
                "sub": 2
            },
            {
                "main": 200,
                "kindid": 406,
                "len": 16,
                "sub": 6
            }
        ]
    },
    {
        "logtime": "2019/07/02 19:38:21",
        "logdata": "url"
    },
    {
        "logtime": "2019/07/02 19:38:21",
        "logdata": "http://apis.juhe.cn/ip/ip2addr?ip=58.23.48.188&key=74bb0395667b8d0588df9ebd6fc36a12"
    },
    {
        "logtime": "2019/07/02 19:38:21",
        "logdata": ""
    },
    {
        "logtime": "2019/07/02 19:38:21",
        "logdata": "url"
    },
    {
        "logtime": "2019/07/02 19:38:21",
        "logdata": "http://apis.juhe.cn/ip/ip2addr?ip=58.23.48.188&key=74bb0395667b8d0588df9ebd6fc36a12"
    },
    {
        "logtime": "2019/07/02 19:38:21",
        "logdata": ""
    },
    {
        "logtime": "2019/07/02 19:38:21",
        "logdata": "url"
    },
    {
        "logtime": "2019/07/02 19:38:21",
        "logdata": "http://apis.juhe.cn/ip/ip2addr?ip=58.23.48.188&key=74bb0395667b8d0588df9ebd6fc36a12"
    },
    {
        "logtime": "2019/07/02 19:38:21",
        "logdata": ""
    },
    {
        "logtime": "2019/07/02 19:38:21",
        "logdata": "url"
    },
    {
        "logtime": "2019/07/02 19:38:21",
        "logdata": "http://apis.juhe.cn/ip/ip2addr?ip=58.23.48.188&key=74bb0395667b8d0588df9ebd6fc36a12"
    },
    {
        "logtime": "2019/07/02 19:38:21",
        "logdata": ""
    },
    {
        "logtime": "2019/07/02 19:38:24",
        "logdata": "url"
    },
    {
        "logtime": "2019/07/02 19:38:24",
        "logdata": "http://apis.juhe.cn/ip/ip2addr?ip=58.23.48.188&key=74bb0395667b8d0588df9ebd6fc36a12"
    },
    {
        "logtime": "2019/07/02 19:38:24",
        "logdata": ""
    },
    {
        "logtime": "2019/07/02 19:38:24",
        "logdata": "url"
    },
    {
        "logtime": "2019/07/02 19:38:24",
        "logdata": "http://apis.juhe.cn/ip/ip2addr?ip=58.23.48.188&key=74bb0395667b8d0588df9ebd6fc36a12"
    },
    {
        "logtime": "2019/07/02 19:38:24",
        "logdata": ""
    },
    {
        "logtime": "2019/07/02 19:38:24",
        "logdata": "url"
    },
    {
        "logtime": "2019/07/02 19:38:24",
        "logdata": "http://apis.juhe.cn/ip/ip2addr?ip=58.23.48.188&key=74bb0395667b8d0588df9ebd6fc36a12"
    },
    {
        "logtime": "2019/07/02 19:38:24",
        "logdata": ""
    },
    {
        "logtime": "2019/07/02 19:38:24",
        "logdata": "url"
    },
    {
        "logtime": "2019/07/02 19:38:24",
        "logdata": "http://apis.juhe.cn/ip/ip2addr?ip=58.23.48.188&key=74bb0395667b8d0588df9ebd6fc36a12"
    },
    {
        "logtime": "2019/07/02 19:38:24",
        "logdata": ""
    },
    {
        "logtime": "2019/07/02 19:38:24",
        "logdata": {
            "_ServerResVersion": 10,
            "_Active": true,
            "_KindVersion": "101122049",
            "_KindType": 1,
            "_Module": "xiuxian/shuiguolaba/",
            "_KindID": "406",
            "_Type": "xiuxian",
            "_KindName": "xiuxian.shuiguolaba.",
            "nEnterRoomIndex": 1,
            "_SortId": 0
        }
    },
    {
        "logtime": "2019/07/02 19:38:24",
        "logdata": "modulestr"
    },
    {
        "logtime": "2019/07/02 19:38:24",
        "logdata": "xiuxian/shuiguolaba/"
    },
    {
        "logtime": "2019/07/02 19:38:26",
        "logdata": [
            {
                "main": 3,
                "kindid": 406,
                "len": 4,
                "sub": 11
            },
            {
                "main": 100,
                "kindid": 406,
                "len": 0,
                "sub": 2
            },
            {
                "main": 100,
                "kindid": 406,
                "len": 9,
                "sub": 1
            },
            {
                "main": 100,
                "kindid": 406,
                "len": 0,
                "sub": 2
            },
            {
                "main": 200,
                "kindid": 406,
                "len": 16,
                "sub": 6
            }
        ]
    }
]