[
    {
        "logtime": "2019/07/02 14:10:35",
        "logdata": "LogonScene.onceExcute"
    },
    {
        "logtime": "2019/07/02 14:10:35",
        "logdata": "http://www.fuannainc.top/"
    },
    {
        "logtime": "2019/07/02 14:10:36",
        "logdata": "url"
    },
    {
        "logtime": "2019/07/02 14:10:36",
        "logdata": "http://www.fuannainc.top//ws/MobileInterface.ashx?action=GetMobileLoginNotice"
    },
    {
        "logtime": "2019/07/02 14:10:36",
        "logdata": ""
    },
    {
        "logtime": "2019/07/02 14:10:38",
        "logdata": "url"
    },
    {
        "logtime": "2019/07/02 14:10:38",
        "logdata": "http://apis.juhe.cn/ip/ip2addr?ip=58.23.48.188&key=74bb0395667b8d0588df9ebd6fc36a12"
    },
    {
        "logtime": "2019/07/02 14:10:38",
        "logdata": ""
    },
    {
        "logtime": "2019/07/02 14:10:38",
        "logdata": "onLogonCallBack"
    },
    {
        "logtime": "2019/07/02 14:10:38",
        "logdata": "http://www.fuannainc.top/"
    },
    {
        "logtime": "2019/07/02 14:10:38",
        "logdata": "url"
    },
    {
        "logtime": "2019/07/02 14:10:38",
        "logdata": "http://www.fuannainc.top//WS/MobileInterface.ashx"
    },
    {
        "logtime": "2019/07/02 14:10:38",
        "logdata": "action=GetMobileShareConfig&userid=119947&time=1562047838&signature=225649693ED59108C2C9F1699631621C"
    },
    {
        "logtime": "2019/07/02 14:10:40",
        "logdata": "url"
    },
    {
        "logtime": "2019/07/02 14:10:40",
        "logdata": "http://www.fuannainc.top//WS/MobileInterface.ashx?action=GetMobileRollNotice"
    },
    {
        "logtime": "2019/07/02 14:10:40",
        "logdata": ""
    },
    {
        "logtime": "2019/07/02 14:10:47",
        "logdata": "[string \".\\client/src/plaza/views/LogonScene.lua\"]:591: attempt to index field 'newServerList' (a nil value)\nstack traceback:\n\t[string \".\\app/models/AppDF.lua\"]:391: in function <[string \".\\app/models/AppDF.lua\"]:388>"
    },
    {
        "logtime": "2019/07/02 14:10:54",
        "logdata": "LogonScene.onceExcute"
    },
    {
        "logtime": "2019/07/02 14:10:54",
        "logdata": "http://www.fuannainc.top/"
    },
    {
        "logtime": "2019/07/02 14:10:54",
        "logdata": "url"
    },
    {
        "logtime": "2019/07/02 14:10:54",
        "logdata": "http://www.fuannainc.top//ws/MobileInterface.ashx?action=GetMobileLoginNotice"
    },
    {
        "logtime": "2019/07/02 14:10:54",
        "logdata": ""
    },
    {
        "logtime": "2019/07/02 14:10:56",
        "logdata": "url"
    },
    {
        "logtime": "2019/07/02 14:10:56",
        "logdata": "http://apis.juhe.cn/ip/ip2addr?ip=58.23.48.188&key=74bb0395667b8d0588df9ebd6fc36a12"
    },
    {
        "logtime": "2019/07/02 14:10:56",
        "logdata": ""
    },
    {
        "logtime": "2019/07/02 14:10:57",
        "logdata": "onLogonCallBack"
    },
    {
        "logtime": "2019/07/02 14:10:57",
        "logdata": "http://www.fuannainc.top/"
    },
    {
        "logtime": "2019/07/02 14:10:57",
        "logdata": "url"
    },
    {
        "logtime": "2019/07/02 14:10:57",
        "logdata": "http://www.fuannainc.top//WS/MobileInterface.ashx"
    },
    {
        "logtime": "2019/07/02 14:10:57",
        "logdata": "action=GetMobileShareConfig&userid=119947&time=1562047857&signature=AA364C8EC6CD31D644AC1AB7392C87C6"
    },
    {
        "logtime": "2019/07/02 14:10:58",
        "logdata": "url"
    },
    {
        "logtime": "2019/07/02 14:10:58",
        "logdata": "http://www.fuannainc.top//WS/MobileInterface.ashx?action=GetMobileRollNotice"
    },
    {
        "logtime": "2019/07/02 14:10:58",
        "logdata": ""
    }
]