[
    {
        "logtime": "2019/05/17 14:35:06",
        "logdata": "LogonScene.onceExcute"
    },
    {
        "logtime": "2019/05/17 14:35:06",
        "logdata": "http://www.fuannabbs.top/"
    },
    {
        "logtime": "2019/05/17 14:35:06",
        "logdata": "url"
    },
    {
        "logtime": "2019/05/17 14:35:06",
        "logdata": "http://www.fuannabbs.top//ws/MobileInterface.ashx?action=GetMobileLoginNotice"
    },
    {
        "logtime": "2019/05/17 14:35:06",
        "logdata": ""
    },
    {
        "logtime": "2019/05/17 14:35:24",
        "logdata": {}
    },
    {
        "logtime": "2019/05/17 14:35:28",
        "logdata": "url"
    },
    {
        "logtime": "2019/05/17 14:35:28",
        "logdata": "http://apis.juhe.cn/ip/ip2addr?ip=113.77.83.165&key=74bb0395667b8d0588df9ebd6fc36a12"
    },
    {
        "logtime": "2019/05/17 14:35:28",
        "logdata": ""
    },
    {
        "logtime": "2019/05/17 14:35:28",
        "logdata": "onLogonCallBack"
    },
    {
        "logtime": "2019/05/17 14:35:28",
        "logdata": "http://www.fuannabbs.top/"
    },
    {
        "logtime": "2019/05/17 14:35:28",
        "logdata": "url"
    },
    {
        "logtime": "2019/05/17 14:35:28",
        "logdata": "http://www.fuannabbs.top//WS/MobileInterface.ashx"
    },
    {
        "logtime": "2019/05/17 14:35:28",
        "logdata": "action=GetMobileShareConfig&userid=120824&time=1558074928&signature=11DF0A981041DB07FFA663E9CAFD2509"
    },
    {
        "logtime": "2019/05/17 14:35:35",
        "logdata": "url"
    },
    {
        "logtime": "2019/05/17 14:35:35",
        "logdata": "http://www.fuannabbs.top//WS/MobileInterface.ashx?action=GetMobileRollNotice"
    },
    {
        "logtime": "2019/05/17 14:35:35",
        "logdata": ""
    },
    {
        "logtime": "2019/05/17 14:35:38",
        "logdata": "url"
    },
    {
        "logtime": "2019/05/17 14:35:38",
        "logdata": "http://www.fuannabbs.top//ws/MobileInterface.ashx"
    },
    {
        "logtime": "2019/05/17 14:35:38",
        "logdata": "action=getpaylist"
    },
    {
        "logtime": "2019/05/17 14:35:41",
        "logdata": "url"
    },
    {
        "logtime": "2019/05/17 14:35:41",
        "logdata": "http://www.fuannabbs.top//WS/MobileInterface.ashx"
    },
    {
        "logtime": "2019/05/17 14:35:41",
        "logdata": "action=getagentpay"
    }
]