[
    {
        "logtime": "2019/07/02 16:39:04",
        "logdata": "LogonScene.onceExcute"
    },
    {
        "logtime": "2019/07/02 16:39:04",
        "logdata": "http://www.fuannainc.top/"
    },
    {
        "logtime": "2019/07/02 16:39:04",
        "logdata": "url"
    },
    {
        "logtime": "2019/07/02 16:39:04",
        "logdata": "http://www.fuannainc.top//ws/MobileInterface.ashx?action=GetMobileLoginNotice"
    },
    {
        "logtime": "2019/07/02 16:39:04",
        "logdata": ""
    },
    {
        "logtime": "2019/07/02 16:39:05",
        "logdata": "url"
    },
    {
        "logtime": "2019/07/02 16:39:05",
        "logdata": "http://apis.juhe.cn/ip/ip2addr?ip=58.23.48.188&key=74bb0395667b8d0588df9ebd6fc36a12"
    },
    {
        "logtime": "2019/07/02 16:39:05",
        "logdata": ""
    },
    {
        "logtime": "2019/07/02 16:39:05",
        "logdata": "onLogonCallBack"
    },
    {
        "logtime": "2019/07/02 16:39:05",
        "logdata": "http://www.fuannainc.top/"
    },
    {
        "logtime": "2019/07/02 16:39:05",
        "logdata": "url"
    },
    {
        "logtime": "2019/07/02 16:39:05",
        "logdata": "http://www.fuannainc.top//WS/MobileInterface.ashx"
    },
    {
        "logtime": "2019/07/02 16:39:05",
        "logdata": "action=GetMobileShareConfig&userid=120187&time=1562056745&signature=5627A874FBCCF861D0906968280EEBF1"
    },
    {
        "logtime": "2019/07/02 16:39:07",
        "logdata": "url"
    },
    {
        "logtime": "2019/07/02 16:39:07",
        "logdata": "http://www.fuannainc.top//WS/MobileInterface.ashx?action=GetMobileRollNotice"
    },
    {
        "logtime": "2019/07/02 16:39:07",
        "logdata": ""
    },
    {
        "logtime": "2019/07/02 16:39:10",
        "logdata": null
    },
    {
        "logtime": "2019/07/02 16:39:10",
        "logdata": "onEnterGame"
    },
    {
        "logtime": "2019/07/02 16:39:10",
        "logdata": {
            "_ServerResVersion": 10,
            "_Active": true,
            "_KindVersion": "101122049",
            "_KindType": 1,
            "_Module": "xiuxian/shuiguolaba/",
            "_KindID": "406",
            "_Type": "xiuxian",
            "_KindName": "xiuxian.shuiguolaba.",
            "_SortId": 0
        }
    },
    {
        "logtime": "2019/07/02 16:39:11",
        "logdata": "GlobalUserItem.getCurGameKind()"
    },
    {
        "logtime": "2019/07/02 16:39:11",
        "logdata": 406
    },
    {
        "logtime": "2019/07/02 16:39:12",
        "logdata": "url"
    },
    {
        "logtime": "2019/07/02 16:39:12",
        "logdata": "http://apis.juhe.cn/ip/ip2addr?ip=58.23.48.188&key=74bb0395667b8d0588df9ebd6fc36a12"
    },
    {
        "logtime": "2019/07/02 16:39:12",
        "logdata": ""
    },
    {
        "logtime": "2019/07/02 16:39:12",
        "logdata": "url"
    },
    {
        "logtime": "2019/07/02 16:39:12",
        "logdata": "http://apis.juhe.cn/ip/ip2addr?ip=58.23.48.188&key=74bb0395667b8d0588df9ebd6fc36a12"
    },
    {
        "logtime": "2019/07/02 16:39:12",
        "logdata": ""
    },
    {
        "logtime": "2019/07/02 16:39:12",
        "logdata": {
            "_ServerResVersion": 10,
            "_Active": true,
            "_KindVersion": "101122049",
            "_KindType": 1,
            "_Module": "xiuxian/shuiguolaba/",
            "_KindID": "406",
            "_Type": "xiuxian",
            "nSitChair": 65535,
            "_KindName": "xiuxian.shuiguolaba.",
            "nEnterRoomIndex": 1,
            "nSitTable": 65535,
            "_SortId": 0
        }
    },
    {
        "logtime": "2019/07/02 16:39:12",
        "logdata": "modulestr"
    },
    {
        "logtime": "2019/07/02 16:39:12",
        "logdata": "xiuxian/shuiguolaba/"
    },
    {
        "logtime": "2019/07/02 16:39:17",
        "logdata": "[string \".\\cocos/cocos2d/functions.lua\"]:311: attempt to call upvalue 'method' (a nil value)\nstack traceback:"
    },
    {
        "logtime": "2019/07/02 16:39:33",
        "logdata": "LogonScene.onceExcute"
    },
    {
        "logtime": "2019/07/02 16:39:33",
        "logdata": "http://www.fuannainc.top/"
    },
    {
        "logtime": "2019/07/02 16:39:33",
        "logdata": "url"
    },
    {
        "logtime": "2019/07/02 16:39:33",
        "logdata": "http://www.fuannainc.top//ws/MobileInterface.ashx?action=GetMobileLoginNotice"
    },
    {
        "logtime": "2019/07/02 16:39:33",
        "logdata": ""
    },
    {
        "logtime": "2019/07/02 16:39:35",
        "logdata": "url"
    },
    {
        "logtime": "2019/07/02 16:39:35",
        "logdata": "http://apis.juhe.cn/ip/ip2addr?ip=58.23.48.188&key=74bb0395667b8d0588df9ebd6fc36a12"
    },
    {
        "logtime": "2019/07/02 16:39:35",
        "logdata": ""
    },
    {
        "logtime": "2019/07/02 16:39:35",
        "logdata": "onLogonCallBack"
    },
    {
        "logtime": "2019/07/02 16:39:35",
        "logdata": "http://www.fuannainc.top/"
    },
    {
        "logtime": "2019/07/02 16:39:35",
        "logdata": "url"
    },
    {
        "logtime": "2019/07/02 16:39:35",
        "logdata": "http://www.fuannainc.top//WS/MobileInterface.ashx"
    },
    {
        "logtime": "2019/07/02 16:39:35",
        "logdata": "action=GetMobileShareConfig&userid=120187&time=1562056775&signature=A16E2371B40A0CE88FC551330FB088F5"
    },
    {
        "logtime": "2019/07/02 16:39:36",
        "logdata": "url"
    },
    {
        "logtime": "2019/07/02 16:39:36",
        "logdata": "http://www.fuannainc.top//WS/MobileInterface.ashx?action=GetMobileRollNotice"
    },
    {
        "logtime": "2019/07/02 16:39:36",
        "logdata": ""
    },
    {
        "logtime": "2019/07/02 16:39:38",
        "logdata": "url"
    },
    {
        "logtime": "2019/07/02 16:39:38",
        "logdata": "http://apis.juhe.cn/ip/ip2addr?ip=58.23.48.188&key=74bb0395667b8d0588df9ebd6fc36a12"
    },
    {
        "logtime": "2019/07/02 16:39:38",
        "logdata": ""
    },
    {
        "logtime": "2019/07/02 16:39:38",
        "logdata": "url"
    },
    {
        "logtime": "2019/07/02 16:39:38",
        "logdata": "http://apis.juhe.cn/ip/ip2addr?ip=58.23.48.188&key=74bb0395667b8d0588df9ebd6fc36a12"
    },
    {
        "logtime": "2019/07/02 16:39:38",
        "logdata": ""
    },
    {
        "logtime": "2019/07/02 16:39:38",
        "logdata": {
            "_ServerResVersion": 10,
            "_Active": true,
            "_KindVersion": "101122049",
            "_KindType": 1,
            "_Module": "xiuxian/shuiguolaba/",
            "_KindID": "406",
            "_Type": "xiuxian",
            "_KindName": "xiuxian.shuiguolaba.",
            "nEnterRoomIndex": 1,
            "_SortId": 0
        }
    },
    {
        "logtime": "2019/07/02 16:39:38",
        "logdata": "modulestr"
    },
    {
        "logtime": "2019/07/02 16:39:38",
        "logdata": "xiuxian/shuiguolaba/"
    },
    {
        "logtime": "2019/07/02 16:39:43",
        "logdata": null
    },
    {
        "logtime": "2019/07/02 16:39:43",
        "logdata": "onEnterGame"
    },
    {
        "logtime": "2019/07/02 16:39:43",
        "logdata": {
            "_ServerResVersion": 10,
            "_Active": true,
            "_KindVersion": "101122049",
            "_KindType": 1,
            "_Module": "xiuxian/shuiguolaba/",
            "_KindID": "406",
            "_Type": "xiuxian",
            "_KindName": "xiuxian.shuiguolaba.",
            "nEnterRoomIndex": 1,
            "_SortId": 0
        }
    },
    {
        "logtime": "2019/07/02 16:39:44",
        "logdata": "GlobalUserItem.getCurGameKind()"
    },
    {
        "logtime": "2019/07/02 16:39:44",
        "logdata": 406
    },
    {
        "logtime": "2019/07/02 16:39:45",
        "logdata": "url"
    },
    {
        "logtime": "2019/07/02 16:39:45",
        "logdata": "http://apis.juhe.cn/ip/ip2addr?ip=58.23.48.188&key=74bb0395667b8d0588df9ebd6fc36a12"
    },
    {
        "logtime": "2019/07/02 16:39:45",
        "logdata": ""
    },
    {
        "logtime": "2019/07/02 16:39:45",
        "logdata": "url"
    },
    {
        "logtime": "2019/07/02 16:39:45",
        "logdata": "http://apis.juhe.cn/ip/ip2addr?ip=58.23.48.188&key=74bb0395667b8d0588df9ebd6fc36a12"
    },
    {
        "logtime": "2019/07/02 16:39:45",
        "logdata": ""
    },
    {
        "logtime": "2019/07/02 16:39:45",
        "logdata": {
            "_ServerResVersion": 10,
            "_Active": true,
            "_KindVersion": "101122049",
            "_KindType": 1,
            "_Module": "xiuxian/shuiguolaba/",
            "_KindID": "406",
            "_Type": "xiuxian",
            "nSitChair": 65535,
            "_KindName": "xiuxian.shuiguolaba.",
            "nEnterRoomIndex": 1,
            "nSitTable": 65535,
            "_SortId": 0
        }
    },
    {
        "logtime": "2019/07/02 16:39:45",
        "logdata": "modulestr"
    },
    {
        "logtime": "2019/07/02 16:39:45",
        "logdata": "xiuxian/shuiguolaba/"
    },
    {
        "logtime": "2019/07/02 16:39:53",
        "logdata": "[string \".\\cocos/cocos2d/functions.lua\"]:311: attempt to call upvalue 'method' (a nil value)\nstack traceback:"
    }
]