[
    {
        "logtime": "2019/05/22 19:04:00",
        "logdata": "url"
    },
    {
        "logtime": "2019/05/22 19:04:01",
        "logdata": "http://apis.juhe.cn/ip/ip2addr?ip=183.53.106.122&key=74bb0395667b8d0588df9ebd6fc36a12"
    },
    {
        "logtime": "2019/05/22 19:04:01",
        "logdata": ""
    },
    {
        "logtime": "2019/05/22 19:04:01",
        "logdata": "onLogonCallBack"
    },
    {
        "logtime": "2019/05/22 19:04:01",
        "logdata": "http://www.fuannainc.top/"
    },
    {
        "logtime": "2019/05/22 19:04:01",
        "logdata": "url"
    },
    {
        "logtime": "2019/05/22 19:04:01",
        "logdata": "http://www.fuannainc.top//WS/MobileInterface.ashx"
    },
    {
        "logtime": "2019/05/22 19:04:01",
        "logdata": "action=GetMobileShareConfig&userid=119914&time=1558523040&signature=672859BEF224929EF1988DF5EA295322"
    },
    {
        "logtime": "2019/05/22 19:04:03",
        "logdata": "url"
    },
    {
        "logtime": "2019/05/22 19:04:03",
        "logdata": "http://www.fuannainc.top//WS/MobileInterface.ashx?action=GetMobileRollNotice"
    },
    {
        "logtime": "2019/05/22 19:04:03",
        "logdata": ""
    },
    {
        "logtime": "2019/05/22 19:04:24",
        "logdata": "LogonScene.onceExcute"
    },
    {
        "logtime": "2019/05/22 19:04:24",
        "logdata": "http://www.fuannainc.top/"
    },
    {
        "logtime": "2019/05/22 19:04:24",
        "logdata": "url"
    },
    {
        "logtime": "2019/05/22 19:04:24",
        "logdata": "http://www.fuannainc.top//ws/MobileInterface.ashx?action=GetMobileLoginNotice"
    },
    {
        "logtime": "2019/05/22 19:04:24",
        "logdata": ""
    },
    {
        "logtime": "2019/05/22 19:04:26",
        "logdata": "url"
    },
    {
        "logtime": "2019/05/22 19:04:26",
        "logdata": "http://apis.juhe.cn/ip/ip2addr?ip=183.53.106.122&key=74bb0395667b8d0588df9ebd6fc36a12"
    },
    {
        "logtime": "2019/05/22 19:04:26",
        "logdata": ""
    },
    {
        "logtime": "2019/05/22 19:04:26",
        "logdata": "onLogonCallBack"
    },
    {
        "logtime": "2019/05/22 19:04:26",
        "logdata": "http://www.fuannainc.top/"
    },
    {
        "logtime": "2019/05/22 19:04:26",
        "logdata": "url"
    },
    {
        "logtime": "2019/05/22 19:04:26",
        "logdata": "http://www.fuannainc.top//WS/MobileInterface.ashx"
    },
    {
        "logtime": "2019/05/22 19:04:26",
        "logdata": "action=GetMobileShareConfig&userid=119802&time=1558523066&signature=9082B393242DBCA7BDEAE3A4151ABB44"
    },
    {
        "logtime": "2019/05/22 19:04:29",
        "logdata": "url"
    },
    {
        "logtime": "2019/05/22 19:04:29",
        "logdata": "http://www.fuannainc.top//WS/MobileInterface.ashx?action=GetMobileRollNotice"
    },
    {
        "logtime": "2019/05/22 19:04:29",
        "logdata": ""
    }
]