[
    {
        "logtime": "2019/08/08 16:32:00",
        "logdata": "keys2"
    },
    {
        "logtime": "2019/08/08 16:32:00",
        "logdata": "word"
    },
    {
        "logtime": "2019/08/08 16:32:00",
        "logdata": "keys2"
    },
    {
        "logtime": "2019/08/08 16:32:00",
        "logdata": "byte"
    },
    {
        "logtime": "2019/08/08 16:32:00",
        "logdata": "keys2"
    },
    {
        "logtime": "2019/08/08 16:32:00",
        "logdata": "double"
    },
    {
        "logtime": "2019/08/08 16:32:00",
        "logdata": "keys2"
    },
    {
        "logtime": "2019/08/08 16:32:00",
        "logdata": "bool"
    },
    {
        "logtime": "2019/08/08 16:32:00",
        "logdata": "keys2"
    },
    {
        "logtime": "2019/08/08 16:32:00",
        "logdata": "bool"
    },
    {
        "logtime": "2019/08/08 16:32:00",
        "logdata": "keys2"
    },
    {
        "logtime": "2019/08/08 16:32:00",
        "logdata": "double"
    },
    {
        "logtime": "2019/08/08 16:32:00",
        "logdata": "keys2"
    },
    {
        "logtime": "2019/08/08 16:32:00",
        "logdata": "word"
    },
    {
        "logtime": "2019/08/08 16:32:00",
        "logdata": "keys2"
    },
    {
        "logtime": "2019/08/08 16:32:00",
        "logdata": "byte"
    },
    {
        "logtime": "2019/08/08 16:32:00",
        "logdata": "keys2"
    },
    {
        "logtime": "2019/08/08 16:32:00",
        "logdata": "double"
    },
    {
        "logtime": "2019/08/08 16:32:00",
        "logdata": "keys2"
    },
    {
        "logtime": "2019/08/08 16:32:00",
        "logdata": "byte"
    },
    {
        "logtime": "2019/08/08 16:32:00",
        "logdata": "keys2"
    },
    {
        "logtime": "2019/08/08 16:32:00",
        "logdata": "byte"
    },
    {
        "logtime": "2019/08/08 16:32:00",
        "logdata": "keys2"
    },
    {
        "logtime": "2019/08/08 16:32:00",
        "logdata": "byte"
    },
    {
        "logtime": "2019/08/08 16:32:00",
        "logdata": "keys2"
    },
    {
        "logtime": "2019/08/08 16:32:00",
        "logdata": "double"
    },
    {
        "logtime": "2019/08/08 16:32:00",
        "logdata": "keys2"
    },
    {
        "logtime": "2019/08/08 16:32:00",
        "logdata": "double"
    },
    {
        "logtime": "2019/08/08 16:32:00",
        "logdata": "keys2"
    },
    {
        "logtime": "2019/08/08 16:32:00",
        "logdata": "int"
    },
    {
        "logtime": "2019/08/08 16:32:00",
        "logdata": "keys2"
    },
    {
        "logtime": "2019/08/08 16:32:00",
        "logdata": "double"
    },
    {
        "logtime": "2019/08/08 16:32:00",
        "logdata": "keys2"
    },
    {
        "logtime": "2019/08/08 16:32:00",
        "logdata": "double"
    },
    {
        "logtime": "2019/08/08 16:32:00",
        "logdata": "keys2"
    },
    {
        "logtime": "2019/08/08 16:32:00",
        "logdata": "double"
    },
    {
        "logtime": "2019/08/08 16:32:00",
        "logdata": "keys2"
    },
    {
        "logtime": "2019/08/08 16:32:00",
        "logdata": "double"
    },
    {
        "logtime": "2019/08/08 16:32:00",
        "logdata": "keys2"
    },
    {
        "logtime": "2019/08/08 16:32:00",
        "logdata": "double"
    },
    {
        "logtime": "2019/08/08 16:32:00",
        "logdata": "keys2"
    },
    {
        "logtime": "2019/08/08 16:32:00",
        "logdata": "byte"
    },
    {
        "logtime": "2019/08/08 16:32:11",
        "logdata": "keys2"
    },
    {
        "logtime": "2019/08/08 16:32:11",
        "logdata": "word"
    },
    {
        "logtime": "2019/08/08 16:32:11",
        "logdata": "keys2"
    },
    {
        "logtime": "2019/08/08 16:32:11",
        "logdata": "word"
    },
    {
        "logtime": "2019/08/08 16:32:11",
        "logdata": "keys2"
    },
    {
        "logtime": "2019/08/08 16:32:11",
        "logdata": "byte"
    },
    {
        "logtime": "2019/08/08 16:32:11",
        "logdata": "keys2"
    },
    {
        "logtime": "2019/08/08 16:32:11",
        "logdata": "score"
    },
    {
        "logtime": "2019/08/08 16:32:11",
        "logdata": "keys2"
    },
    {
        "logtime": "2019/08/08 16:32:11",
        "logdata": "double"
    },
    {
        "logtime": "2019/08/08 16:32:11",
        "logdata": "keys2"
    },
    {
        "logtime": "2019/08/08 16:32:11",
        "logdata": "byte"
    },
    {
        "logtime": "2019/08/08 16:32:16",
        "logdata": "keys2"
    },
    {
        "logtime": "2019/08/08 16:32:16",
        "logdata": "byte"
    },
    {
        "logtime": "2019/08/08 16:32:16",
        "logdata": "keys2"
    },
    {
        "logtime": "2019/08/08 16:32:16",
        "logdata": "word"
    },
    {
        "logtime": "2019/08/08 16:32:16",
        "logdata": "keys2"
    },
    {
        "logtime": "2019/08/08 16:32:16",
        "logdata": "double"
    },
    {
        "logtime": "2019/08/08 16:32:16",
        "logdata": "keys2"
    },
    {
        "logtime": "2019/08/08 16:32:16",
        "logdata": "double"
    },
    {
        "logtime": "2019/08/08 16:32:16",
        "logdata": "keys2"
    },
    {
        "logtime": "2019/08/08 16:32:16",
        "logdata": "double"
    },
    {
        "logtime": "2019/08/08 16:32:16",
        "logdata": "keys2"
    },
    {
        "logtime": "2019/08/08 16:32:16",
        "logdata": "double"
    },
    {
        "logtime": "2019/08/08 16:32:16",
        "logdata": "keys2"
    },
    {
        "logtime": "2019/08/08 16:32:16",
        "logdata": "int"
    },
    {
        "logtime": "2019/08/08 16:32:16",
        "logdata": "keys2"
    },
    {
        "logtime": "2019/08/08 16:32:16",
        "logdata": "int"
    },
    {
        "logtime": "2019/08/08 16:32:16",
        "logdata": "keys2"
    },
    {
        "logtime": "2019/08/08 16:32:16",
        "logdata": "int"
    },
    {
        "logtime": "2019/08/08 16:32:18",
        "logdata": "keys2"
    },
    {
        "logtime": "2019/08/08 16:32:18",
        "logdata": "word"
    },
    {
        "logtime": "2019/08/08 16:32:18",
        "logdata": "keys2"
    },
    {
        "logtime": "2019/08/08 16:32:18",
        "logdata": "byte"
    },
    {
        "logtime": "2019/08/08 16:32:18",
        "logdata": "keys2"
    },
    {
        "logtime": "2019/08/08 16:32:18",
        "logdata": "double"
    },
    {
        "logtime": "2019/08/08 16:32:18",
        "logdata": "keys2"
    },
    {
        "logtime": "2019/08/08 16:32:18",
        "logdata": "bool"
    },
    {
        "logtime": "2019/08/08 16:32:18",
        "logdata": "keys2"
    },
    {
        "logtime": "2019/08/08 16:32:18",
        "logdata": "bool"
    },
    {
        "logtime": "2019/08/08 16:32:18",
        "logdata": "keys2"
    },
    {
        "logtime": "2019/08/08 16:32:18",
        "logdata": "double"
    },
    {
        "logtime": "2019/08/08 16:32:18",
        "logdata": "keys2"
    },
    {
        "logtime": "2019/08/08 16:32:18",
        "logdata": "word"
    },
    {
        "logtime": "2019/08/08 16:32:18",
        "logdata": "keys2"
    },
    {
        "logtime": "2019/08/08 16:32:18",
        "logdata": "byte"
    },
    {
        "logtime": "2019/08/08 16:32:18",
        "logdata": "keys2"
    },
    {
        "logtime": "2019/08/08 16:32:18",
        "logdata": "double"
    },
    {
        "logtime": "2019/08/08 16:32:18",
        "logdata": "keys2"
    },
    {
        "logtime": "2019/08/08 16:32:18",
        "logdata": "bool"
    },
    {
        "logtime": "2019/08/08 16:32:18",
        "logdata": "keys2"
    },
    {
        "logtime": "2019/08/08 16:32:18",
        "logdata": "bool"
    },
    {
        "logtime": "2019/08/08 16:32:18",
        "logdata": "keys2"
    },
    {
        "logtime": "2019/08/08 16:32:18",
        "logdata": "double"
    },
    {
        "logtime": "2019/08/08 16:32:18",
        "logdata": "keys2"
    },
    {
        "logtime": "2019/08/08 16:32:18",
        "logdata": "word"
    },
    {
        "logtime": "2019/08/08 16:32:18",
        "logdata": "keys2"
    },
    {
        "logtime": "2019/08/08 16:32:18",
        "logdata": "byte"
    },
    {
        "logtime": "2019/08/08 16:32:18",
        "logdata": "keys2"
    },
    {
        "logtime": "2019/08/08 16:32:18",
        "logdata": "double"
    },
    {
        "logtime": "2019/08/08 16:32:18",
        "logdata": "keys2"
    },
    {
        "logtime": "2019/08/08 16:32:18",
        "logdata": "bool"
    },
    {
        "logtime": "2019/08/08 16:32:18",
        "logdata": "keys2"
    },
    {
        "logtime": "2019/08/08 16:32:18",
        "logdata": "bool"
    },
    {
        "logtime": "2019/08/08 16:32:18",
        "logdata": "keys2"
    },
    {
        "logtime": "2019/08/08 16:32:18",
        "logdata": "double"
    },
    {
        "logtime": "2019/08/08 16:32:18",
        "logdata": "keys2"
    },
    {
        "logtime": "2019/08/08 16:32:18",
        "logdata": "word"
    },
    {
        "logtime": "2019/08/08 16:32:18",
        "logdata": "keys2"
    },
    {
        "logtime": "2019/08/08 16:32:18",
        "logdata": "byte"
    },
    {
        "logtime": "2019/08/08 16:32:18",
        "logdata": "keys2"
    },
    {
        "logtime": "2019/08/08 16:32:18",
        "logdata": "double"
    },
    {
        "logtime": "2019/08/08 16:32:18",
        "logdata": "keys2"
    },
    {
        "logtime": "2019/08/08 16:32:18",
        "logdata": "bool"
    },
    {
        "logtime": "2019/08/08 16:32:18",
        "logdata": "keys2"
    },
    {
        "logtime": "2019/08/08 16:32:18",
        "logdata": "bool"
    },
    {
        "logtime": "2019/08/08 16:32:18",
        "logdata": "keys2"
    },
    {
        "logtime": "2019/08/08 16:32:18",
        "logdata": "double"
    },
    {
        "logtime": "2019/08/08 16:32:19",
        "logdata": "keys2"
    },
    {
        "logtime": "2019/08/08 16:32:19",
        "logdata": "word"
    },
    {
        "logtime": "2019/08/08 16:32:19",
        "logdata": "keys2"
    },
    {
        "logtime": "2019/08/08 16:32:19",
        "logdata": "byte"
    },
    {
        "logtime": "2019/08/08 16:32:19",
        "logdata": "keys2"
    },
    {
        "logtime": "2019/08/08 16:32:19",
        "logdata": "double"
    },
    {
        "logtime": "2019/08/08 16:32:19",
        "logdata": "keys2"
    },
    {
        "logtime": "2019/08/08 16:32:19",
        "logdata": "bool"
    },
    {
        "logtime": "2019/08/08 16:32:19",
        "logdata": "keys2"
    },
    {
        "logtime": "2019/08/08 16:32:19",
        "logdata": "bool"
    },
    {
        "logtime": "2019/08/08 16:32:19",
        "logdata": "keys2"
    },
    {
        "logtime": "2019/08/08 16:32:19",
        "logdata": "double"
    },
    {
        "logtime": "2019/08/08 16:32:19",
        "logdata": "keys2"
    },
    {
        "logtime": "2019/08/08 16:32:19",
        "logdata": "word"
    },
    {
        "logtime": "2019/08/08 16:32:19",
        "logdata": "keys2"
    },
    {
        "logtime": "2019/08/08 16:32:19",
        "logdata": "byte"
    },
    {
        "logtime": "2019/08/08 16:32:19",
        "logdata": "keys2"
    },
    {
        "logtime": "2019/08/08 16:32:19",
        "logdata": "double"
    },
    {
        "logtime": "2019/08/08 16:32:19",
        "logdata": "keys2"
    },
    {
        "logtime": "2019/08/08 16:32:19",
        "logdata": "bool"
    },
    {
        "logtime": "2019/08/08 16:32:19",
        "logdata": "keys2"
    },
    {
        "logtime": "2019/08/08 16:32:19",
        "logdata": "bool"
    },
    {
        "logtime": "2019/08/08 16:32:19",
        "logdata": "keys2"
    },
    {
        "logtime": "2019/08/08 16:32:19",
        "logdata": "double"
    },
    {
        "logtime": "2019/08/08 16:32:20",
        "logdata": "keys2"
    },
    {
        "logtime": "2019/08/08 16:32:20",
        "logdata": "word"
    },
    {
        "logtime": "2019/08/08 16:32:20",
        "logdata": "keys2"
    },
    {
        "logtime": "2019/08/08 16:32:20",
        "logdata": "byte"
    },
    {
        "logtime": "2019/08/08 16:32:20",
        "logdata": "keys2"
    },
    {
        "logtime": "2019/08/08 16:32:20",
        "logdata": "double"
    },
    {
        "logtime": "2019/08/08 16:32:20",
        "logdata": "keys2"
    },
    {
        "logtime": "2019/08/08 16:32:20",
        "logdata": "bool"
    },
    {
        "logtime": "2019/08/08 16:32:20",
        "logdata": "keys2"
    },
    {
        "logtime": "2019/08/08 16:32:20",
        "logdata": "bool"
    },
    {
        "logtime": "2019/08/08 16:32:20",
        "logdata": "keys2"
    },
    {
        "logtime": "2019/08/08 16:32:20",
        "logdata": "double"
    },
    {
        "logtime": "2019/08/08 16:32:20",
        "logdata": "keys2"
    },
    {
        "logtime": "2019/08/08 16:32:20",
        "logdata": "word"
    },
    {
        "logtime": "2019/08/08 16:32:20",
        "logdata": "keys2"
    },
    {
        "logtime": "2019/08/08 16:32:20",
        "logdata": "byte"
    },
    {
        "logtime": "2019/08/08 16:32:20",
        "logdata": "keys2"
    },
    {
        "logtime": "2019/08/08 16:32:20",
        "logdata": "double"
    },
    {
        "logtime": "2019/08/08 16:32:20",
        "logdata": "keys2"
    },
    {
        "logtime": "2019/08/08 16:32:20",
        "logdata": "bool"
    },
    {
        "logtime": "2019/08/08 16:32:20",
        "logdata": "keys2"
    },
    {
        "logtime": "2019/08/08 16:32:20",
        "logdata": "bool"
    },
    {
        "logtime": "2019/08/08 16:32:20",
        "logdata": "keys2"
    },
    {
        "logtime": "2019/08/08 16:32:20",
        "logdata": "double"
    },
    {
        "logtime": "2019/08/08 16:32:20",
        "logdata": "keys2"
    },
    {
        "logtime": "2019/08/08 16:32:20",
        "logdata": "word"
    },
    {
        "logtime": "2019/08/08 16:32:20",
        "logdata": "keys2"
    },
    {
        "logtime": "2019/08/08 16:32:20",
        "logdata": "byte"
    },
    {
        "logtime": "2019/08/08 16:32:20",
        "logdata": "keys2"
    },
    {
        "logtime": "2019/08/08 16:32:20",
        "logdata": "double"
    },
    {
        "logtime": "2019/08/08 16:32:20",
        "logdata": "keys2"
    },
    {
        "logtime": "2019/08/08 16:32:20",
        "logdata": "bool"
    },
    {
        "logtime": "2019/08/08 16:32:20",
        "logdata": "keys2"
    },
    {
        "logtime": "2019/08/08 16:32:20",
        "logdata": "bool"
    },
    {
        "logtime": "2019/08/08 16:32:20",
        "logdata": "keys2"
    },
    {
        "logtime": "2019/08/08 16:32:20",
        "logdata": "double"
    },
    {
        "logtime": "2019/08/08 16:32:20",
        "logdata": "keys2"
    },
    {
        "logtime": "2019/08/08 16:32:20",
        "logdata": "word"
    },
    {
        "logtime": "2019/08/08 16:32:20",
        "logdata": "keys2"
    },
    {
        "logtime": "2019/08/08 16:32:20",
        "logdata": "byte"
    },
    {
        "logtime": "2019/08/08 16:32:20",
        "logdata": "keys2"
    },
    {
        "logtime": "2019/08/08 16:32:20",
        "logdata": "double"
    },
    {
        "logtime": "2019/08/08 16:32:20",
        "logdata": "keys2"
    },
    {
        "logtime": "2019/08/08 16:32:20",
        "logdata": "bool"
    },
    {
        "logtime": "2019/08/08 16:32:20",
        "logdata": "keys2"
    },
    {
        "logtime": "2019/08/08 16:32:20",
        "logdata": "bool"
    },
    {
        "logtime": "2019/08/08 16:32:20",
        "logdata": "keys2"
    },
    {
        "logtime": "2019/08/08 16:32:20",
        "logdata": "double"
    }
]