[
    {
        "logtime": "2019/07/04 10:25:30",
        "logdata": "normal_to_agent_up"
    },
    {
        "logtime": "2019/07/04 10:25:36",
        "logdata": "normal_to_agent_up"
    },
    {
        "logtime": "2019/07/04 10:25:39",
        "logdata": "normal_to_agent_up"
    },
    {
        "logtime": "2019/07/04 10:25:41",
        "logdata": "normal_to_agent_up"
    },
    {
        "logtime": "2019/07/04 10:25:45",
        "logdata": "normal_to_agent_up"
    },
    {
        "logtime": "2019/07/04 10:25:53",
        "logdata": "normal_to_agent_up"
    },
    {
        "logtime": "2019/07/04 10:25:56",
        "logdata": 4
    },
    {
        "logtime": "2019/07/04 10:25:56",
        "logdata": "onEnterGame"
    },
    {
        "logtime": "2019/07/04 10:25:56",
        "logdata": {
            "_ServerResVersion": 4,
            "_Active": true,
            "_KindVersion": "101122049",
            "_KindType": 2,
            "_Module": "xiuxian/zhongfabai/",
            "_KindID": "105",
            "_Type": "xiuxian",
            "_KindName": "xiuxian.zhongfabai.",
            "_SortId": 8
        }
    },
    {
        "logtime": "2019/07/04 10:25:56",
        "logdata": "url"
    },
    {
        "logtime": "2019/07/04 10:25:56",
        "logdata": "http://apis.juhe.cn/ip/ip2addr?ip=58.23.49.18&key=74bb0395667b8d0588df9ebd6fc36a12"
    },
    {
        "logtime": "2019/07/04 10:25:56",
        "logdata": ""
    },
    {
        "logtime": "2019/07/04 10:25:56",
        "logdata": "url"
    },
    {
        "logtime": "2019/07/04 10:25:56",
        "logdata": "http://apis.juhe.cn/ip/ip2addr?ip=123.234.209.10&key=74bb0395667b8d0588df9ebd6fc36a12"
    },
    {
        "logtime": "2019/07/04 10:25:56",
        "logdata": ""
    },
    {
        "logtime": "2019/07/04 10:25:56",
        "logdata": "url"
    },
    {
        "logtime": "2019/07/04 10:25:56",
        "logdata": "http://apis.juhe.cn/ip/ip2addr?ip=106.83.234.149&key=74bb0395667b8d0588df9ebd6fc36a12"
    },
    {
        "logtime": "2019/07/04 10:25:56",
        "logdata": ""
    },
    {
        "logtime": "2019/07/04 10:25:56",
        "logdata": "url"
    },
    {
        "logtime": "2019/07/04 10:25:56",
        "logdata": "http://apis.juhe.cn/ip/ip2addr?ip=210.29.19.2&key=74bb0395667b8d0588df9ebd6fc36a12"
    },
    {
        "logtime": "2019/07/04 10:25:56",
        "logdata": ""
    },
    {
        "logtime": "2019/07/04 10:25:56",
        "logdata": "url"
    },
    {
        "logtime": "2019/07/04 10:25:56",
        "logdata": "http://apis.juhe.cn/ip/ip2addr?ip=139.208.113.50&key=74bb0395667b8d0588df9ebd6fc36a12"
    },
    {
        "logtime": "2019/07/04 10:25:56",
        "logdata": ""
    },
    {
        "logtime": "2019/07/04 10:25:56",
        "logdata": "url"
    },
    {
        "logtime": "2019/07/04 10:25:56",
        "logdata": "http://apis.juhe.cn/ip/ip2addr?ip=123.235.121.46&key=74bb0395667b8d0588df9ebd6fc36a12"
    },
    {
        "logtime": "2019/07/04 10:25:56",
        "logdata": ""
    },
    {
        "logtime": "2019/07/04 10:25:56",
        "logdata": "url"
    },
    {
        "logtime": "2019/07/04 10:25:56",
        "logdata": "http://apis.juhe.cn/ip/ip2addr?ip=222.53.62.212&key=74bb0395667b8d0588df9ebd6fc36a12"
    },
    {
        "logtime": "2019/07/04 10:25:56",
        "logdata": ""
    },
    {
        "logtime": "2019/07/04 10:25:56",
        "logdata": "url"
    },
    {
        "logtime": "2019/07/04 10:25:56",
        "logdata": "http://apis.juhe.cn/ip/ip2addr?ip=121.76.54.17&key=74bb0395667b8d0588df9ebd6fc36a12"
    },
    {
        "logtime": "2019/07/04 10:25:56",
        "logdata": ""
    },
    {
        "logtime": "2019/07/04 10:25:56",
        "logdata": "url"
    },
    {
        "logtime": "2019/07/04 10:25:56",
        "logdata": "http://apis.juhe.cn/ip/ip2addr?ip=171.14.68.69&key=74bb0395667b8d0588df9ebd6fc36a12"
    },
    {
        "logtime": "2019/07/04 10:25:56",
        "logdata": ""
    },
    {
        "logtime": "2019/07/04 10:25:56",
        "logdata": "url"
    },
    {
        "logtime": "2019/07/04 10:25:56",
        "logdata": "http://apis.juhe.cn/ip/ip2addr?ip=123.235.213.136&key=74bb0395667b8d0588df9ebd6fc36a12"
    },
    {
        "logtime": "2019/07/04 10:25:56",
        "logdata": ""
    },
    {
        "logtime": "2019/07/04 10:25:56",
        "logdata": "url"
    },
    {
        "logtime": "2019/07/04 10:25:56",
        "logdata": "http://apis.juhe.cn/ip/ip2addr?ip=61.235.244.168&key=74bb0395667b8d0588df9ebd6fc36a12"
    },
    {
        "logtime": "2019/07/04 10:25:56",
        "logdata": ""
    },
    {
        "logtime": "2019/07/04 10:25:56",
        "logdata": "url"
    },
    {
        "logtime": "2019/07/04 10:25:56",
        "logdata": "http://apis.juhe.cn/ip/ip2addr?ip=182.80.53.188&key=74bb0395667b8d0588df9ebd6fc36a12"
    },
    {
        "logtime": "2019/07/04 10:25:56",
        "logdata": ""
    },
    {
        "logtime": "2019/07/04 10:25:56",
        "logdata": "url"
    },
    {
        "logtime": "2019/07/04 10:25:56",
        "logdata": "http://apis.juhe.cn/ip/ip2addr?ip=106.81.148.60&key=74bb0395667b8d0588df9ebd6fc36a12"
    },
    {
        "logtime": "2019/07/04 10:25:56",
        "logdata": ""
    },
    {
        "logtime": "2019/07/04 10:25:56",
        "logdata": "url"
    },
    {
        "logtime": "2019/07/04 10:25:56",
        "logdata": "http://apis.juhe.cn/ip/ip2addr?ip=210.26.181.107&key=74bb0395667b8d0588df9ebd6fc36a12"
    },
    {
        "logtime": "2019/07/04 10:25:56",
        "logdata": ""
    },
    {
        "logtime": "2019/07/04 10:25:56",
        "logdata": "url"
    },
    {
        "logtime": "2019/07/04 10:25:56",
        "logdata": "http://apis.juhe.cn/ip/ip2addr?ip=222.63.201.130&key=74bb0395667b8d0588df9ebd6fc36a12"
    },
    {
        "logtime": "2019/07/04 10:25:56",
        "logdata": ""
    },
    {
        "logtime": "2019/07/04 10:25:56",
        "logdata": "url"
    },
    {
        "logtime": "2019/07/04 10:25:56",
        "logdata": "http://apis.juhe.cn/ip/ip2addr?ip=182.86.223.30&key=74bb0395667b8d0588df9ebd6fc36a12"
    },
    {
        "logtime": "2019/07/04 10:25:56",
        "logdata": ""
    },
    {
        "logtime": "2019/07/04 10:25:56",
        "logdata": "url"
    },
    {
        "logtime": "2019/07/04 10:25:56",
        "logdata": "http://apis.juhe.cn/ip/ip2addr?ip=123.234.229.150&key=74bb0395667b8d0588df9ebd6fc36a12"
    },
    {
        "logtime": "2019/07/04 10:25:56",
        "logdata": ""
    },
    {
        "logtime": "2019/07/04 10:25:56",
        "logdata": "url"
    },
    {
        "logtime": "2019/07/04 10:25:56",
        "logdata": "http://apis.juhe.cn/ip/ip2addr?ip=121.77.203.156&key=74bb0395667b8d0588df9ebd6fc36a12"
    },
    {
        "logtime": "2019/07/04 10:25:56",
        "logdata": ""
    },
    {
        "logtime": "2019/07/04 10:25:56",
        "logdata": "url"
    },
    {
        "logtime": "2019/07/04 10:25:56",
        "logdata": "http://apis.juhe.cn/ip/ip2addr?ip=139.208.28.205&key=74bb0395667b8d0588df9ebd6fc36a12"
    },
    {
        "logtime": "2019/07/04 10:25:56",
        "logdata": ""
    },
    {
        "logtime": "2019/07/04 10:25:56",
        "logdata": "url"
    },
    {
        "logtime": "2019/07/04 10:25:56",
        "logdata": "http://apis.juhe.cn/ip/ip2addr?ip=222.25.231.176&key=74bb0395667b8d0588df9ebd6fc36a12"
    },
    {
        "logtime": "2019/07/04 10:25:56",
        "logdata": ""
    },
    {
        "logtime": "2019/07/04 10:25:56",
        "logdata": "url"
    },
    {
        "logtime": "2019/07/04 10:25:56",
        "logdata": "http://apis.juhe.cn/ip/ip2addr?ip=171.14.176.83&key=74bb0395667b8d0588df9ebd6fc36a12"
    },
    {
        "logtime": "2019/07/04 10:25:56",
        "logdata": ""
    },
    {
        "logtime": "2019/07/04 10:25:56",
        "logdata": "url"
    },
    {
        "logtime": "2019/07/04 10:25:56",
        "logdata": "http://apis.juhe.cn/ip/ip2addr?ip=222.93.226.41&key=74bb0395667b8d0588df9ebd6fc36a12"
    },
    {
        "logtime": "2019/07/04 10:25:56",
        "logdata": ""
    },
    {
        "logtime": "2019/07/04 10:25:56",
        "logdata": "url"
    },
    {
        "logtime": "2019/07/04 10:25:56",
        "logdata": "http://apis.juhe.cn/ip/ip2addr?ip=139.212.142.32&key=74bb0395667b8d0588df9ebd6fc36a12"
    },
    {
        "logtime": "2019/07/04 10:25:56",
        "logdata": ""
    },
    {
        "logtime": "2019/07/04 10:25:56",
        "logdata": "url"
    },
    {
        "logtime": "2019/07/04 10:25:56",
        "logdata": "http://apis.juhe.cn/ip/ip2addr?ip=222.88.7.87&key=74bb0395667b8d0588df9ebd6fc36a12"
    },
    {
        "logtime": "2019/07/04 10:25:56",
        "logdata": ""
    },
    {
        "logtime": "2019/07/04 10:25:56",
        "logdata": "url"
    },
    {
        "logtime": "2019/07/04 10:25:56",
        "logdata": "http://apis.juhe.cn/ip/ip2addr?ip=106.93.245.46&key=74bb0395667b8d0588df9ebd6fc36a12"
    },
    {
        "logtime": "2019/07/04 10:25:56",
        "logdata": ""
    },
    {
        "logtime": "2019/07/04 10:25:56",
        "logdata": "url"
    },
    {
        "logtime": "2019/07/04 10:25:56",
        "logdata": "http://apis.juhe.cn/ip/ip2addr?ip=106.90.77.80&key=74bb0395667b8d0588df9ebd6fc36a12"
    },
    {
        "logtime": "2019/07/04 10:25:56",
        "logdata": ""
    },
    {
        "logtime": "2019/07/04 10:25:56",
        "logdata": "url"
    },
    {
        "logtime": "2019/07/04 10:25:56",
        "logdata": "http://apis.juhe.cn/ip/ip2addr?ip=139.201.239.224&key=74bb0395667b8d0588df9ebd6fc36a12"
    },
    {
        "logtime": "2019/07/04 10:25:56",
        "logdata": ""
    },
    {
        "logtime": "2019/07/04 10:25:56",
        "logdata": "url"
    },
    {
        "logtime": "2019/07/04 10:25:56",
        "logdata": "http://apis.juhe.cn/ip/ip2addr?ip=61.232.153.43&key=74bb0395667b8d0588df9ebd6fc36a12"
    },
    {
        "logtime": "2019/07/04 10:25:56",
        "logdata": ""
    },
    {
        "logtime": "2019/07/04 10:25:56",
        "logdata": "url"
    },
    {
        "logtime": "2019/07/04 10:25:56",
        "logdata": "http://apis.juhe.cn/ip/ip2addr?ip=123.234.8.91&key=74bb0395667b8d0588df9ebd6fc36a12"
    },
    {
        "logtime": "2019/07/04 10:25:56",
        "logdata": ""
    },
    {
        "logtime": "2019/07/04 10:25:56",
        "logdata": "url"
    },
    {
        "logtime": "2019/07/04 10:25:56",
        "logdata": "http://apis.juhe.cn/ip/ip2addr?ip=36.62.141.190&key=74bb0395667b8d0588df9ebd6fc36a12"
    },
    {
        "logtime": "2019/07/04 10:25:56",
        "logdata": ""
    },
    {
        "logtime": "2019/07/04 10:25:56",
        "logdata": "url"
    },
    {
        "logtime": "2019/07/04 10:25:56",
        "logdata": "http://apis.juhe.cn/ip/ip2addr?ip=182.83.234.23&key=74bb0395667b8d0588df9ebd6fc36a12"
    },
    {
        "logtime": "2019/07/04 10:25:56",
        "logdata": ""
    },
    {
        "logtime": "2019/07/04 10:25:56",
        "logdata": "url"
    },
    {
        "logtime": "2019/07/04 10:25:56",
        "logdata": "http://apis.juhe.cn/ip/ip2addr?ip=36.60.31.210&key=74bb0395667b8d0588df9ebd6fc36a12"
    },
    {
        "logtime": "2019/07/04 10:25:56",
        "logdata": ""
    },
    {
        "logtime": "2019/07/04 10:25:56",
        "logdata": "url"
    },
    {
        "logtime": "2019/07/04 10:25:56",
        "logdata": "http://apis.juhe.cn/ip/ip2addr?ip=61.235.56.196&key=74bb0395667b8d0588df9ebd6fc36a12"
    },
    {
        "logtime": "2019/07/04 10:25:56",
        "logdata": ""
    },
    {
        "logtime": "2019/07/04 10:25:56",
        "logdata": "url"
    },
    {
        "logtime": "2019/07/04 10:25:56",
        "logdata": "http://apis.juhe.cn/ip/ip2addr?ip=222.38.173.118&key=74bb0395667b8d0588df9ebd6fc36a12"
    },
    {
        "logtime": "2019/07/04 10:25:56",
        "logdata": ""
    },
    {
        "logtime": "2019/07/04 10:25:56",
        "logdata": "url"
    },
    {
        "logtime": "2019/07/04 10:25:56",
        "logdata": "http://apis.juhe.cn/ip/ip2addr?ip=121.77.19.220&key=74bb0395667b8d0588df9ebd6fc36a12"
    },
    {
        "logtime": "2019/07/04 10:25:56",
        "logdata": ""
    },
    {
        "logtime": "2019/07/04 10:25:56",
        "logdata": "url"
    },
    {
        "logtime": "2019/07/04 10:25:56",
        "logdata": "http://apis.juhe.cn/ip/ip2addr?ip=222.86.121.148&key=74bb0395667b8d0588df9ebd6fc36a12"
    },
    {
        "logtime": "2019/07/04 10:25:56",
        "logdata": ""
    },
    {
        "logtime": "2019/07/04 10:25:56",
        "logdata": "url"
    },
    {
        "logtime": "2019/07/04 10:25:56",
        "logdata": "http://apis.juhe.cn/ip/ip2addr?ip=139.204.148.49&key=74bb0395667b8d0588df9ebd6fc36a12"
    },
    {
        "logtime": "2019/07/04 10:25:56",
        "logdata": ""
    },
    {
        "logtime": "2019/07/04 10:25:56",
        "logdata": "url"
    },
    {
        "logtime": "2019/07/04 10:25:56",
        "logdata": "http://apis.juhe.cn/ip/ip2addr?ip=171.10.67.203&key=74bb0395667b8d0588df9ebd6fc36a12"
    },
    {
        "logtime": "2019/07/04 10:25:56",
        "logdata": ""
    },
    {
        "logtime": "2019/07/04 10:25:56",
        "logdata": "url"
    },
    {
        "logtime": "2019/07/04 10:25:56",
        "logdata": "http://apis.juhe.cn/ip/ip2addr?ip=123.235.158.3&key=74bb0395667b8d0588df9ebd6fc36a12"
    },
    {
        "logtime": "2019/07/04 10:25:56",
        "logdata": ""
    },
    {
        "logtime": "2019/07/04 10:25:56",
        "logdata": "url"
    },
    {
        "logtime": "2019/07/04 10:25:56",
        "logdata": "http://apis.juhe.cn/ip/ip2addr?ip=121.76.234.44&key=74bb0395667b8d0588df9ebd6fc36a12"
    },
    {
        "logtime": "2019/07/04 10:25:57",
        "logdata": ""
    },
    {
        "logtime": "2019/07/04 10:25:57",
        "logdata": "url"
    },
    {
        "logtime": "2019/07/04 10:25:57",
        "logdata": "http://apis.juhe.cn/ip/ip2addr?ip=123.233.169.198&key=74bb0395667b8d0588df9ebd6fc36a12"
    },
    {
        "logtime": "2019/07/04 10:25:57",
        "logdata": ""
    },
    {
        "logtime": "2019/07/04 10:25:57",
        "logdata": "url"
    },
    {
        "logtime": "2019/07/04 10:25:57",
        "logdata": "http://apis.juhe.cn/ip/ip2addr?ip=123.233.97.179&key=74bb0395667b8d0588df9ebd6fc36a12"
    },
    {
        "logtime": "2019/07/04 10:25:57",
        "logdata": ""
    },
    {
        "logtime": "2019/07/04 10:25:57",
        "logdata": "url"
    },
    {
        "logtime": "2019/07/04 10:25:57",
        "logdata": "http://apis.juhe.cn/ip/ip2addr?ip=182.81.237.135&key=74bb0395667b8d0588df9ebd6fc36a12"
    },
    {
        "logtime": "2019/07/04 10:25:57",
        "logdata": ""
    },
    {
        "logtime": "2019/07/04 10:25:57",
        "logdata": "url"
    },
    {
        "logtime": "2019/07/04 10:25:57",
        "logdata": "http://apis.juhe.cn/ip/ip2addr?ip=121.76.245.99&key=74bb0395667b8d0588df9ebd6fc36a12"
    },
    {
        "logtime": "2019/07/04 10:25:57",
        "logdata": ""
    },
    {
        "logtime": "2019/07/04 10:25:57",
        "logdata": "url"
    },
    {
        "logtime": "2019/07/04 10:25:57",
        "logdata": "http://apis.juhe.cn/ip/ip2addr?ip=123.233.183.151&key=74bb0395667b8d0588df9ebd6fc36a12"
    },
    {
        "logtime": "2019/07/04 10:25:57",
        "logdata": ""
    },
    {
        "logtime": "2019/07/04 10:25:57",
        "logdata": "url"
    },
    {
        "logtime": "2019/07/04 10:25:57",
        "logdata": "http://apis.juhe.cn/ip/ip2addr?ip=123.233.59.189&key=74bb0395667b8d0588df9ebd6fc36a12"
    },
    {
        "logtime": "2019/07/04 10:25:57",
        "logdata": ""
    },
    {
        "logtime": "2019/07/04 10:25:57",
        "logdata": "url"
    },
    {
        "logtime": "2019/07/04 10:25:57",
        "logdata": "http://apis.juhe.cn/ip/ip2addr?ip=106.82.75.10&key=74bb0395667b8d0588df9ebd6fc36a12"
    },
    {
        "logtime": "2019/07/04 10:25:57",
        "logdata": ""
    },
    {
        "logtime": "2019/07/04 10:25:57",
        "logdata": "url"
    },
    {
        "logtime": "2019/07/04 10:25:57",
        "logdata": "http://apis.juhe.cn/ip/ip2addr?ip=106.80.140.102&key=74bb0395667b8d0588df9ebd6fc36a12"
    },
    {
        "logtime": "2019/07/04 10:25:57",
        "logdata": ""
    },
    {
        "logtime": "2019/07/04 10:25:57",
        "logdata": "url"
    },
    {
        "logtime": "2019/07/04 10:25:57",
        "logdata": "http://apis.juhe.cn/ip/ip2addr?ip=139.206.138.217&key=74bb0395667b8d0588df9ebd6fc36a12"
    },
    {
        "logtime": "2019/07/04 10:25:57",
        "logdata": ""
    },
    {
        "logtime": "2019/07/04 10:25:57",
        "logdata": "url"
    },
    {
        "logtime": "2019/07/04 10:25:57",
        "logdata": "http://apis.juhe.cn/ip/ip2addr?ip=61.237.159.95&key=74bb0395667b8d0588df9ebd6fc36a12"
    },
    {
        "logtime": "2019/07/04 10:25:57",
        "logdata": ""
    },
    {
        "logtime": "2019/07/04 10:25:57",
        "logdata": "url"
    },
    {
        "logtime": "2019/07/04 10:25:57",
        "logdata": "http://apis.juhe.cn/ip/ip2addr?ip=139.205.154.74&key=74bb0395667b8d0588df9ebd6fc36a12"
    },
    {
        "logtime": "2019/07/04 10:25:57",
        "logdata": ""
    },
    {
        "logtime": "2019/07/04 10:25:57",
        "logdata": "url"
    },
    {
        "logtime": "2019/07/04 10:25:57",
        "logdata": "http://apis.juhe.cn/ip/ip2addr?ip=210.39.62.115&key=74bb0395667b8d0588df9ebd6fc36a12"
    },
    {
        "logtime": "2019/07/04 10:25:57",
        "logdata": ""
    },
    {
        "logtime": "2019/07/04 10:25:57",
        "logdata": "url"
    },
    {
        "logtime": "2019/07/04 10:25:57",
        "logdata": "http://apis.juhe.cn/ip/ip2addr?ip=123.234.66.119&key=74bb0395667b8d0588df9ebd6fc36a12"
    },
    {
        "logtime": "2019/07/04 10:25:57",
        "logdata": ""
    },
    {
        "logtime": "2019/07/04 10:25:57",
        "logdata": "url"
    },
    {
        "logtime": "2019/07/04 10:25:57",
        "logdata": "http://apis.juhe.cn/ip/ip2addr?ip=182.81.54.87&key=74bb0395667b8d0588df9ebd6fc36a12"
    },
    {
        "logtime": "2019/07/04 10:25:57",
        "logdata": ""
    },
    {
        "logtime": "2019/07/04 10:25:57",
        "logdata": "url"
    },
    {
        "logtime": "2019/07/04 10:25:57",
        "logdata": "http://apis.juhe.cn/ip/ip2addr?ip=61.236.103.173&key=74bb0395667b8d0588df9ebd6fc36a12"
    },
    {
        "logtime": "2019/07/04 10:25:57",
        "logdata": ""
    },
    {
        "logtime": "2019/07/04 10:25:57",
        "logdata": "url"
    },
    {
        "logtime": "2019/07/04 10:25:57",
        "logdata": "http://apis.juhe.cn/ip/ip2addr?ip=182.90.155.180&key=74bb0395667b8d0588df9ebd6fc36a12"
    },
    {
        "logtime": "2019/07/04 10:25:57",
        "logdata": ""
    },
    {
        "logtime": "2019/07/04 10:25:57",
        "logdata": "url"
    },
    {
        "logtime": "2019/07/04 10:25:57",
        "logdata": "http://apis.juhe.cn/ip/ip2addr?ip=106.93.179.77&key=74bb0395667b8d0588df9ebd6fc36a12"
    },
    {
        "logtime": "2019/07/04 10:25:57",
        "logdata": ""
    },
    {
        "logtime": "2019/07/04 10:25:57",
        "logdata": "url"
    },
    {
        "logtime": "2019/07/04 10:25:57",
        "logdata": "http://apis.juhe.cn/ip/ip2addr?ip=182.89.34.216&key=74bb0395667b8d0588df9ebd6fc36a12"
    },
    {
        "logtime": "2019/07/04 10:25:57",
        "logdata": ""
    },
    {
        "logtime": "2019/07/04 10:25:57",
        "logdata": "url"
    },
    {
        "logtime": "2019/07/04 10:25:57",
        "logdata": "http://apis.juhe.cn/ip/ip2addr?ip=171.11.146.170&key=74bb0395667b8d0588df9ebd6fc36a12"
    },
    {
        "logtime": "2019/07/04 10:25:57",
        "logdata": ""
    },
    {
        "logtime": "2019/07/04 10:25:57",
        "logdata": "url"
    },
    {
        "logtime": "2019/07/04 10:25:57",
        "logdata": "http://apis.juhe.cn/ip/ip2addr?ip=121.76.3.69&key=74bb0395667b8d0588df9ebd6fc36a12"
    },
    {
        "logtime": "2019/07/04 10:25:57",
        "logdata": ""
    },
    {
        "logtime": "2019/07/04 10:25:57",
        "logdata": "url"
    },
    {
        "logtime": "2019/07/04 10:25:57",
        "logdata": "http://apis.juhe.cn/ip/ip2addr?ip=123.232.236.170&key=74bb0395667b8d0588df9ebd6fc36a12"
    },
    {
        "logtime": "2019/07/04 10:25:57",
        "logdata": ""
    },
    {
        "logtime": "2019/07/04 10:25:57",
        "logdata": "url"
    },
    {
        "logtime": "2019/07/04 10:25:57",
        "logdata": "http://apis.juhe.cn/ip/ip2addr?ip=121.76.212.26&key=74bb0395667b8d0588df9ebd6fc36a12"
    },
    {
        "logtime": "2019/07/04 10:25:57",
        "logdata": ""
    },
    {
        "logtime": "2019/07/04 10:25:57",
        "logdata": "url"
    },
    {
        "logtime": "2019/07/04 10:25:57",
        "logdata": "http://apis.juhe.cn/ip/ip2addr?ip=210.31.182.222&key=74bb0395667b8d0588df9ebd6fc36a12"
    },
    {
        "logtime": "2019/07/04 10:25:57",
        "logdata": ""
    },
    {
        "logtime": "2019/07/04 10:25:57",
        "logdata": "url"
    },
    {
        "logtime": "2019/07/04 10:25:57",
        "logdata": "http://apis.juhe.cn/ip/ip2addr?ip=139.213.52.214&key=74bb0395667b8d0588df9ebd6fc36a12"
    },
    {
        "logtime": "2019/07/04 10:25:57",
        "logdata": ""
    },
    {
        "logtime": "2019/07/04 10:25:57",
        "logdata": "url"
    },
    {
        "logtime": "2019/07/04 10:25:57",
        "logdata": "http://apis.juhe.cn/ip/ip2addr?ip=139.202.174.42&key=74bb0395667b8d0588df9ebd6fc36a12"
    },
    {
        "logtime": "2019/07/04 10:25:57",
        "logdata": ""
    },
    {
        "logtime": "2019/07/04 10:25:57",
        "logdata": "url"
    },
    {
        "logtime": "2019/07/04 10:25:57",
        "logdata": "http://apis.juhe.cn/ip/ip2addr?ip=210.28.21.32&key=74bb0395667b8d0588df9ebd6fc36a12"
    },
    {
        "logtime": "2019/07/04 10:25:57",
        "logdata": ""
    },
    {
        "logtime": "2019/07/04 10:25:57",
        "logdata": "url"
    },
    {
        "logtime": "2019/07/04 10:25:57",
        "logdata": "http://apis.juhe.cn/ip/ip2addr?ip=182.86.11.70&key=74bb0395667b8d0588df9ebd6fc36a12"
    },
    {
        "logtime": "2019/07/04 10:25:57",
        "logdata": ""
    },
    {
        "logtime": "2019/07/04 10:25:57",
        "logdata": "url"
    },
    {
        "logtime": "2019/07/04 10:25:57",
        "logdata": "http://apis.juhe.cn/ip/ip2addr?ip=36.60.199.133&key=74bb0395667b8d0588df9ebd6fc36a12"
    },
    {
        "logtime": "2019/07/04 10:25:57",
        "logdata": ""
    },
    {
        "logtime": "2019/07/04 10:25:57",
        "logdata": "url"
    },
    {
        "logtime": "2019/07/04 10:25:57",
        "logdata": "http://apis.juhe.cn/ip/ip2addr?ip=36.62.253.197&key=74bb0395667b8d0588df9ebd6fc36a12"
    },
    {
        "logtime": "2019/07/04 10:25:57",
        "logdata": ""
    },
    {
        "logtime": "2019/07/04 10:25:57",
        "logdata": "url"
    },
    {
        "logtime": "2019/07/04 10:25:57",
        "logdata": "http://apis.juhe.cn/ip/ip2addr?ip=123.235.167.62&key=74bb0395667b8d0588df9ebd6fc36a12"
    },
    {
        "logtime": "2019/07/04 10:25:57",
        "logdata": ""
    },
    {
        "logtime": "2019/07/04 10:25:57",
        "logdata": "url"
    },
    {
        "logtime": "2019/07/04 10:25:57",
        "logdata": "http://apis.juhe.cn/ip/ip2addr?ip=123.233.64.92&key=74bb0395667b8d0588df9ebd6fc36a12"
    },
    {
        "logtime": "2019/07/04 10:25:57",
        "logdata": ""
    },
    {
        "logtime": "2019/07/04 10:25:57",
        "logdata": "url"
    },
    {
        "logtime": "2019/07/04 10:25:57",
        "logdata": "http://apis.juhe.cn/ip/ip2addr?ip=182.87.154.131&key=74bb0395667b8d0588df9ebd6fc36a12"
    },
    {
        "logtime": "2019/07/04 10:25:57",
        "logdata": ""
    },
    {
        "logtime": "2019/07/04 10:25:57",
        "logdata": "url"
    },
    {
        "logtime": "2019/07/04 10:25:57",
        "logdata": "http://apis.juhe.cn/ip/ip2addr?ip=106.93.152.135&key=74bb0395667b8d0588df9ebd6fc36a12"
    },
    {
        "logtime": "2019/07/04 10:25:57",
        "logdata": ""
    },
    {
        "logtime": "2019/07/04 10:25:57",
        "logdata": "url"
    },
    {
        "logtime": "2019/07/04 10:25:57",
        "logdata": "http://apis.juhe.cn/ip/ip2addr?ip=210.44.245.222&key=74bb0395667b8d0588df9ebd6fc36a12"
    },
    {
        "logtime": "2019/07/04 10:25:57",
        "logdata": ""
    },
    {
        "logtime": "2019/07/04 10:25:57",
        "logdata": "url"
    },
    {
        "logtime": "2019/07/04 10:25:57",
        "logdata": "http://apis.juhe.cn/ip/ip2addr?ip=121.76.16.10&key=74bb0395667b8d0588df9ebd6fc36a12"
    },
    {
        "logtime": "2019/07/04 10:25:57",
        "logdata": ""
    },
    {
        "logtime": "2019/07/04 10:25:57",
        "logdata": "url"
    },
    {
        "logtime": "2019/07/04 10:25:57",
        "logdata": "http://apis.juhe.cn/ip/ip2addr?ip=171.14.134.4&key=74bb0395667b8d0588df9ebd6fc36a12"
    },
    {
        "logtime": "2019/07/04 10:25:57",
        "logdata": ""
    },
    {
        "logtime": "2019/07/04 10:25:57",
        "logdata": "url"
    },
    {
        "logtime": "2019/07/04 10:25:57",
        "logdata": "http://apis.juhe.cn/ip/ip2addr?ip=210.37.31.183&key=74bb0395667b8d0588df9ebd6fc36a12"
    },
    {
        "logtime": "2019/07/04 10:25:57",
        "logdata": ""
    },
    {
        "logtime": "2019/07/04 10:25:57",
        "logdata": "url"
    },
    {
        "logtime": "2019/07/04 10:25:57",
        "logdata": "http://apis.juhe.cn/ip/ip2addr?ip=139.214.32.182&key=74bb0395667b8d0588df9ebd6fc36a12"
    },
    {
        "logtime": "2019/07/04 10:25:57",
        "logdata": ""
    },
    {
        "logtime": "2019/07/04 10:25:57",
        "logdata": "url"
    },
    {
        "logtime": "2019/07/04 10:25:57",
        "logdata": "http://apis.juhe.cn/ip/ip2addr?ip=36.57.47.72&key=74bb0395667b8d0588df9ebd6fc36a12"
    },
    {
        "logtime": "2019/07/04 10:25:57",
        "logdata": ""
    },
    {
        "logtime": "2019/07/04 10:25:57",
        "logdata": "url"
    },
    {
        "logtime": "2019/07/04 10:25:57",
        "logdata": "http://apis.juhe.cn/ip/ip2addr?ip=222.93.58.107&key=74bb0395667b8d0588df9ebd6fc36a12"
    },
    {
        "logtime": "2019/07/04 10:25:57",
        "logdata": ""
    },
    {
        "logtime": "2019/07/04 10:25:57",
        "logdata": "url"
    },
    {
        "logtime": "2019/07/04 10:25:57",
        "logdata": "http://apis.juhe.cn/ip/ip2addr?ip=61.237.252.222&key=74bb0395667b8d0588df9ebd6fc36a12"
    },
    {
        "logtime": "2019/07/04 10:25:57",
        "logdata": ""
    },
    {
        "logtime": "2019/07/04 10:25:57",
        "logdata": "url"
    },
    {
        "logtime": "2019/07/04 10:25:57",
        "logdata": "http://apis.juhe.cn/ip/ip2addr?ip=123.233.251.239&key=74bb0395667b8d0588df9ebd6fc36a12"
    },
    {
        "logtime": "2019/07/04 10:25:57",
        "logdata": ""
    },
    {
        "logtime": "2019/07/04 10:25:57",
        "logdata": "url"
    },
    {
        "logtime": "2019/07/04 10:25:57",
        "logdata": "http://apis.juhe.cn/ip/ip2addr?ip=139.204.165.161&key=74bb0395667b8d0588df9ebd6fc36a12"
    },
    {
        "logtime": "2019/07/04 10:25:57",
        "logdata": ""
    },
    {
        "logtime": "2019/07/04 10:25:57",
        "logdata": "url"
    },
    {
        "logtime": "2019/07/04 10:25:57",
        "logdata": "http://apis.juhe.cn/ip/ip2addr?ip=36.57.172.160&key=74bb0395667b8d0588df9ebd6fc36a12"
    },
    {
        "logtime": "2019/07/04 10:25:57",
        "logdata": ""
    },
    {
        "logtime": "2019/07/04 10:25:57",
        "logdata": "url"
    },
    {
        "logtime": "2019/07/04 10:25:57",
        "logdata": "http://apis.juhe.cn/ip/ip2addr?ip=182.83.3.51&key=74bb0395667b8d0588df9ebd6fc36a12"
    },
    {
        "logtime": "2019/07/04 10:25:57",
        "logdata": ""
    },
    {
        "logtime": "2019/07/04 10:25:58",
        "logdata": "url"
    },
    {
        "logtime": "2019/07/04 10:25:58",
        "logdata": "http://apis.juhe.cn/ip/ip2addr?ip=121.77.35.167&key=74bb0395667b8d0588df9ebd6fc36a12"
    },
    {
        "logtime": "2019/07/04 10:25:58",
        "logdata": ""
    },
    {
        "logtime": "2019/07/04 10:25:58",
        "logdata": "url"
    },
    {
        "logtime": "2019/07/04 10:25:58",
        "logdata": "http://apis.juhe.cn/ip/ip2addr?ip=139.202.206.45&key=74bb0395667b8d0588df9ebd6fc36a12"
    },
    {
        "logtime": "2019/07/04 10:25:58",
        "logdata": ""
    },
    {
        "logtime": "2019/07/04 10:25:58",
        "logdata": "url"
    },
    {
        "logtime": "2019/07/04 10:25:58",
        "logdata": "http://apis.juhe.cn/ip/ip2addr?ip=210.28.5.226&key=74bb0395667b8d0588df9ebd6fc36a12"
    },
    {
        "logtime": "2019/07/04 10:25:58",
        "logdata": ""
    },
    {
        "logtime": "2019/07/04 10:25:58",
        "logdata": "url"
    },
    {
        "logtime": "2019/07/04 10:25:58",
        "logdata": "http://apis.juhe.cn/ip/ip2addr?ip=210.40.53.98&key=74bb0395667b8d0588df9ebd6fc36a12"
    },
    {
        "logtime": "2019/07/04 10:25:58",
        "logdata": ""
    },
    {
        "logtime": "2019/07/04 10:25:58",
        "logdata": "url"
    },
    {
        "logtime": "2019/07/04 10:25:58",
        "logdata": "http://apis.juhe.cn/ip/ip2addr?ip=121.77.6.206&key=74bb0395667b8d0588df9ebd6fc36a12"
    },
    {
        "logtime": "2019/07/04 10:25:58",
        "logdata": ""
    },
    {
        "logtime": "2019/07/04 10:25:58",
        "logdata": "url"
    },
    {
        "logtime": "2019/07/04 10:25:58",
        "logdata": "http://apis.juhe.cn/ip/ip2addr?ip=61.237.138.246&key=74bb0395667b8d0588df9ebd6fc36a12"
    },
    {
        "logtime": "2019/07/04 10:25:58",
        "logdata": ""
    },
    {
        "logtime": "2019/07/04 10:25:58",
        "logdata": "url"
    },
    {
        "logtime": "2019/07/04 10:25:58",
        "logdata": "http://apis.juhe.cn/ip/ip2addr?ip=210.41.189.99&key=74bb0395667b8d0588df9ebd6fc36a12"
    },
    {
        "logtime": "2019/07/04 10:25:58",
        "logdata": ""
    },
    {
        "logtime": "2019/07/04 10:25:58",
        "logdata": "url"
    },
    {
        "logtime": "2019/07/04 10:25:58",
        "logdata": "http://apis.juhe.cn/ip/ip2addr?ip=123.235.184.63&key=74bb0395667b8d0588df9ebd6fc36a12"
    },
    {
        "logtime": "2019/07/04 10:25:58",
        "logdata": ""
    },
    {
        "logtime": "2019/07/04 10:25:58",
        "logdata": "url"
    },
    {
        "logtime": "2019/07/04 10:25:58",
        "logdata": "http://apis.juhe.cn/ip/ip2addr?ip=123.234.251.252&key=74bb0395667b8d0588df9ebd6fc36a12"
    },
    {
        "logtime": "2019/07/04 10:25:58",
        "logdata": ""
    },
    {
        "logtime": "2019/07/04 10:25:58",
        "logdata": "url"
    },
    {
        "logtime": "2019/07/04 10:25:58",
        "logdata": "http://apis.juhe.cn/ip/ip2addr?ip=106.93.108.50&key=74bb0395667b8d0588df9ebd6fc36a12"
    },
    {
        "logtime": "2019/07/04 10:25:58",
        "logdata": ""
    },
    {
        "logtime": "2019/07/04 10:25:58",
        "logdata": "url"
    },
    {
        "logtime": "2019/07/04 10:25:58",
        "logdata": "http://apis.juhe.cn/ip/ip2addr?ip=210.32.1.52&key=74bb0395667b8d0588df9ebd6fc36a12"
    },
    {
        "logtime": "2019/07/04 10:25:58",
        "logdata": ""
    },
    {
        "logtime": "2019/07/04 10:25:58",
        "logdata": "url"
    },
    {
        "logtime": "2019/07/04 10:25:58",
        "logdata": "http://apis.juhe.cn/ip/ip2addr?ip=61.233.38.242&key=74bb0395667b8d0588df9ebd6fc36a12"
    },
    {
        "logtime": "2019/07/04 10:25:58",
        "logdata": ""
    },
    {
        "logtime": "2019/07/04 10:25:58",
        "logdata": "url"
    },
    {
        "logtime": "2019/07/04 10:25:58",
        "logdata": "http://apis.juhe.cn/ip/ip2addr?ip=171.9.169.169&key=74bb0395667b8d0588df9ebd6fc36a12"
    },
    {
        "logtime": "2019/07/04 10:25:58",
        "logdata": ""
    },
    {
        "logtime": "2019/07/04 10:25:58",
        "logdata": "url"
    },
    {
        "logtime": "2019/07/04 10:25:58",
        "logdata": "http://apis.juhe.cn/ip/ip2addr?ip=106.83.192.7&key=74bb0395667b8d0588df9ebd6fc36a12"
    },
    {
        "logtime": "2019/07/04 10:25:58",
        "logdata": ""
    },
    {
        "logtime": "2019/07/04 10:25:58",
        "logdata": "url"
    },
    {
        "logtime": "2019/07/04 10:25:58",
        "logdata": "http://apis.juhe.cn/ip/ip2addr?ip=123.234.32.137&key=74bb0395667b8d0588df9ebd6fc36a12"
    },
    {
        "logtime": "2019/07/04 10:25:58",
        "logdata": ""
    },
    {
        "logtime": "2019/07/04 10:25:58",
        "logdata": "url"
    },
    {
        "logtime": "2019/07/04 10:25:58",
        "logdata": "http://apis.juhe.cn/ip/ip2addr?ip=210.34.92.110&key=74bb0395667b8d0588df9ebd6fc36a12"
    },
    {
        "logtime": "2019/07/04 10:25:58",
        "logdata": ""
    },
    {
        "logtime": "2019/07/04 10:25:58",
        "logdata": "url"
    },
    {
        "logtime": "2019/07/04 10:25:58",
        "logdata": "http://apis.juhe.cn/ip/ip2addr?ip=210.42.140.72&key=74bb0395667b8d0588df9ebd6fc36a12"
    },
    {
        "logtime": "2019/07/04 10:25:58",
        "logdata": ""
    },
    {
        "logtime": "2019/07/04 10:25:58",
        "logdata": "url"
    },
    {
        "logtime": "2019/07/04 10:25:58",
        "logdata": "http://apis.juhe.cn/ip/ip2addr?ip=121.76.160.237&key=74bb0395667b8d0588df9ebd6fc36a12"
    },
    {
        "logtime": "2019/07/04 10:25:58",
        "logdata": ""
    },
    {
        "logtime": "2019/07/04 10:25:58",
        "logdata": "url"
    },
    {
        "logtime": "2019/07/04 10:25:58",
        "logdata": "http://apis.juhe.cn/ip/ip2addr?ip=36.57.115.162&key=74bb0395667b8d0588df9ebd6fc36a12"
    },
    {
        "logtime": "2019/07/04 10:25:58",
        "logdata": ""
    },
    {
        "logtime": "2019/07/04 10:25:58",
        "logdata": "url"
    },
    {
        "logtime": "2019/07/04 10:25:58",
        "logdata": "http://apis.juhe.cn/ip/ip2addr?ip=210.42.42.209&key=74bb0395667b8d0588df9ebd6fc36a12"
    },
    {
        "logtime": "2019/07/04 10:25:58",
        "logdata": ""
    },
    {
        "logtime": "2019/07/04 10:25:58",
        "logdata": "url"
    },
    {
        "logtime": "2019/07/04 10:25:58",
        "logdata": "http://apis.juhe.cn/ip/ip2addr?ip=222.63.186.251&key=74bb0395667b8d0588df9ebd6fc36a12"
    },
    {
        "logtime": "2019/07/04 10:25:58",
        "logdata": ""
    },
    {
        "logtime": "2019/07/04 10:25:58",
        "logdata": "url"
    },
    {
        "logtime": "2019/07/04 10:25:58",
        "logdata": "http://apis.juhe.cn/ip/ip2addr?ip=222.60.246.239&key=74bb0395667b8d0588df9ebd6fc36a12"
    },
    {
        "logtime": "2019/07/04 10:25:58",
        "logdata": ""
    },
    {
        "logtime": "2019/07/04 10:25:58",
        "logdata": "url"
    },
    {
        "logtime": "2019/07/04 10:25:58",
        "logdata": "http://apis.juhe.cn/ip/ip2addr?ip=123.233.194.194&key=74bb0395667b8d0588df9ebd6fc36a12"
    },
    {
        "logtime": "2019/07/04 10:25:58",
        "logdata": ""
    },
    {
        "logtime": "2019/07/04 10:25:58",
        "logdata": "url"
    },
    {
        "logtime": "2019/07/04 10:25:58",
        "logdata": "http://apis.juhe.cn/ip/ip2addr?ip=123.235.7.54&key=74bb0395667b8d0588df9ebd6fc36a12"
    },
    {
        "logtime": "2019/07/04 10:25:58",
        "logdata": ""
    },
    {
        "logtime": "2019/07/04 10:25:58",
        "logdata": "url"
    },
    {
        "logtime": "2019/07/04 10:25:58",
        "logdata": "http://apis.juhe.cn/ip/ip2addr?ip=182.88.182.117&key=74bb0395667b8d0588df9ebd6fc36a12"
    },
    {
        "logtime": "2019/07/04 10:25:58",
        "logdata": ""
    },
    {
        "logtime": "2019/07/04 10:25:58",
        "logdata": "url"
    },
    {
        "logtime": "2019/07/04 10:25:58",
        "logdata": "http://apis.juhe.cn/ip/ip2addr?ip=210.37.217.64&key=74bb0395667b8d0588df9ebd6fc36a12"
    },
    {
        "logtime": "2019/07/04 10:25:58",
        "logdata": ""
    },
    {
        "logtime": "2019/07/04 10:25:58",
        "logdata": "url"
    },
    {
        "logtime": "2019/07/04 10:25:58",
        "logdata": "http://apis.juhe.cn/ip/ip2addr?ip=121.77.203.9&key=74bb0395667b8d0588df9ebd6fc36a12"
    },
    {
        "logtime": "2019/07/04 10:25:58",
        "logdata": ""
    },
    {
        "logtime": "2019/07/04 10:25:58",
        "logdata": "url"
    },
    {
        "logtime": "2019/07/04 10:25:58",
        "logdata": "http://apis.juhe.cn/ip/ip2addr?ip=210.41.254.204&key=74bb0395667b8d0588df9ebd6fc36a12"
    },
    {
        "logtime": "2019/07/04 10:25:58",
        "logdata": ""
    },
    {
        "logtime": "2019/07/04 10:25:58",
        "logdata": "url"
    },
    {
        "logtime": "2019/07/04 10:25:58",
        "logdata": "http://apis.juhe.cn/ip/ip2addr?ip=61.233.5.142&key=74bb0395667b8d0588df9ebd6fc36a12"
    },
    {
        "logtime": "2019/07/04 10:25:58",
        "logdata": ""
    },
    {
        "logtime": "2019/07/04 10:25:58",
        "logdata": "url"
    },
    {
        "logtime": "2019/07/04 10:25:58",
        "logdata": "http://apis.juhe.cn/ip/ip2addr?ip=106.81.157.127&key=74bb0395667b8d0588df9ebd6fc36a12"
    },
    {
        "logtime": "2019/07/04 10:25:58",
        "logdata": ""
    },
    {
        "logtime": "2019/07/04 10:25:58",
        "logdata": "url"
    },
    {
        "logtime": "2019/07/04 10:25:58",
        "logdata": "http://apis.juhe.cn/ip/ip2addr?ip=36.59.123.20&key=74bb0395667b8d0588df9ebd6fc36a12"
    },
    {
        "logtime": "2019/07/04 10:25:58",
        "logdata": ""
    },
    {
        "logtime": "2019/07/04 10:25:58",
        "logdata": "url"
    },
    {
        "logtime": "2019/07/04 10:25:59",
        "logdata": "http://apis.juhe.cn/ip/ip2addr?ip=123.235.148.155&key=74bb0395667b8d0588df9ebd6fc36a12"
    },
    {
        "logtime": "2019/07/04 10:25:59",
        "logdata": ""
    },
    {
        "logtime": "2019/07/04 10:25:59",
        "logdata": "url"
    },
    {
        "logtime": "2019/07/04 10:25:59",
        "logdata": "http://apis.juhe.cn/ip/ip2addr?ip=36.58.63.166&key=74bb0395667b8d0588df9ebd6fc36a12"
    },
    {
        "logtime": "2019/07/04 10:25:59",
        "logdata": ""
    },
    {
        "logtime": "2019/07/04 10:25:59",
        "logdata": "url"
    },
    {
        "logtime": "2019/07/04 10:25:59",
        "logdata": "http://apis.juhe.cn/ip/ip2addr?ip=123.234.179.127&key=74bb0395667b8d0588df9ebd6fc36a12"
    },
    {
        "logtime": "2019/07/04 10:25:59",
        "logdata": ""
    },
    {
        "logtime": "2019/07/04 10:25:59",
        "logdata": "url"
    },
    {
        "logtime": "2019/07/04 10:25:59",
        "logdata": "http://apis.juhe.cn/ip/ip2addr?ip=123.234.194.163&key=74bb0395667b8d0588df9ebd6fc36a12"
    },
    {
        "logtime": "2019/07/04 10:25:59",
        "logdata": ""
    },
    {
        "logtime": "2019/07/04 10:25:59",
        "logdata": "url"
    },
    {
        "logtime": "2019/07/04 10:25:59",
        "logdata": "http://apis.juhe.cn/ip/ip2addr?ip=61.235.63.174&key=74bb0395667b8d0588df9ebd6fc36a12"
    },
    {
        "logtime": "2019/07/04 10:25:59",
        "logdata": ""
    },
    {
        "logtime": "2019/07/04 10:25:59",
        "logdata": "url"
    },
    {
        "logtime": "2019/07/04 10:25:59",
        "logdata": "http://apis.juhe.cn/ip/ip2addr?ip=182.90.227.125&key=74bb0395667b8d0588df9ebd6fc36a12"
    },
    {
        "logtime": "2019/07/04 10:25:59",
        "logdata": ""
    },
    {
        "logtime": "2019/07/04 10:25:59",
        "logdata": "url"
    },
    {
        "logtime": "2019/07/04 10:25:59",
        "logdata": "http://apis.juhe.cn/ip/ip2addr?ip=139.211.150.141&key=74bb0395667b8d0588df9ebd6fc36a12"
    },
    {
        "logtime": "2019/07/04 10:25:59",
        "logdata": ""
    },
    {
        "logtime": "2019/07/04 10:25:59",
        "logdata": "url"
    },
    {
        "logtime": "2019/07/04 10:25:59",
        "logdata": "http://apis.juhe.cn/ip/ip2addr?ip=123.232.240.13&key=74bb0395667b8d0588df9ebd6fc36a12"
    },
    {
        "logtime": "2019/07/04 10:25:59",
        "logdata": ""
    },
    {
        "logtime": "2019/07/04 10:25:59",
        "logdata": "url"
    },
    {
        "logtime": "2019/07/04 10:25:59",
        "logdata": "http://apis.juhe.cn/ip/ip2addr?ip=123.233.204.14&key=74bb0395667b8d0588df9ebd6fc36a12"
    },
    {
        "logtime": "2019/07/04 10:25:59",
        "logdata": ""
    },
    {
        "logtime": "2019/07/04 10:25:59",
        "logdata": "url"
    },
    {
        "logtime": "2019/07/04 10:25:59",
        "logdata": "http://apis.juhe.cn/ip/ip2addr?ip=121.76.122.143&key=74bb0395667b8d0588df9ebd6fc36a12"
    },
    {
        "logtime": "2019/07/04 10:25:59",
        "logdata": ""
    },
    {
        "logtime": "2019/07/04 10:25:59",
        "logdata": "url"
    },
    {
        "logtime": "2019/07/04 10:25:59",
        "logdata": "http://apis.juhe.cn/ip/ip2addr?ip=36.56.52.86&key=74bb0395667b8d0588df9ebd6fc36a12"
    },
    {
        "logtime": "2019/07/04 10:25:59",
        "logdata": ""
    },
    {
        "logtime": "2019/07/04 10:25:59",
        "logdata": "url"
    },
    {
        "logtime": "2019/07/04 10:25:59",
        "logdata": "http://apis.juhe.cn/ip/ip2addr?ip=123.235.137.230&key=74bb0395667b8d0588df9ebd6fc36a12"
    },
    {
        "logtime": "2019/07/04 10:25:59",
        "logdata": ""
    },
    {
        "logtime": "2019/07/04 10:25:59",
        "logdata": "url"
    },
    {
        "logtime": "2019/07/04 10:25:59",
        "logdata": "http://apis.juhe.cn/ip/ip2addr?ip=182.87.34.252&key=74bb0395667b8d0588df9ebd6fc36a12"
    },
    {
        "logtime": "2019/07/04 10:25:59",
        "logdata": ""
    },
    {
        "logtime": "2019/07/04 10:25:59",
        "logdata": "url"
    },
    {
        "logtime": "2019/07/04 10:25:59",
        "logdata": "http://apis.juhe.cn/ip/ip2addr?ip=171.8.165.135&key=74bb0395667b8d0588df9ebd6fc36a12"
    },
    {
        "logtime": "2019/07/04 10:25:59",
        "logdata": ""
    },
    {
        "logtime": "2019/07/04 10:25:59",
        "logdata": "url"
    },
    {
        "logtime": "2019/07/04 10:25:59",
        "logdata": "http://apis.juhe.cn/ip/ip2addr?ip=121.77.205.201&key=74bb0395667b8d0588df9ebd6fc36a12"
    },
    {
        "logtime": "2019/07/04 10:25:59",
        "logdata": ""
    },
    {
        "logtime": "2019/07/04 10:25:59",
        "logdata": "url"
    },
    {
        "logtime": "2019/07/04 10:25:59",
        "logdata": "http://apis.juhe.cn/ip/ip2addr?ip=182.85.135.239&key=74bb0395667b8d0588df9ebd6fc36a12"
    },
    {
        "logtime": "2019/07/04 10:25:59",
        "logdata": ""
    },
    {
        "logtime": "2019/07/04 10:25:59",
        "logdata": "url"
    },
    {
        "logtime": "2019/07/04 10:25:59",
        "logdata": "http://apis.juhe.cn/ip/ip2addr?ip=139.205.232.253&key=74bb0395667b8d0588df9ebd6fc36a12"
    },
    {
        "logtime": "2019/07/04 10:25:59",
        "logdata": ""
    },
    {
        "logtime": "2019/07/04 10:25:59",
        "logdata": "url"
    },
    {
        "logtime": "2019/07/04 10:25:59",
        "logdata": "http://apis.juhe.cn/ip/ip2addr?ip=182.86.1.46&key=74bb0395667b8d0588df9ebd6fc36a12"
    },
    {
        "logtime": "2019/07/04 10:25:59",
        "logdata": ""
    },
    {
        "logtime": "2019/07/04 10:25:59",
        "logdata": "url"
    },
    {
        "logtime": "2019/07/04 10:25:59",
        "logdata": "http://apis.juhe.cn/ip/ip2addr?ip=36.60.54.206&key=74bb0395667b8d0588df9ebd6fc36a12"
    },
    {
        "logtime": "2019/07/04 10:25:59",
        "logdata": ""
    },
    {
        "logtime": "2019/07/04 10:25:59",
        "logdata": "url"
    },
    {
        "logtime": "2019/07/04 10:25:59",
        "logdata": "http://apis.juhe.cn/ip/ip2addr?ip=171.13.103.190&key=74bb0395667b8d0588df9ebd6fc36a12"
    },
    {
        "logtime": "2019/07/04 10:25:59",
        "logdata": ""
    },
    {
        "logtime": "2019/07/04 10:25:59",
        "logdata": "url"
    },
    {
        "logtime": "2019/07/04 10:25:59",
        "logdata": "http://apis.juhe.cn/ip/ip2addr?ip=36.60.218.31&key=74bb0395667b8d0588df9ebd6fc36a12"
    },
    {
        "logtime": "2019/07/04 10:25:59",
        "logdata": ""
    },
    {
        "logtime": "2019/07/04 10:25:59",
        "logdata": "url"
    },
    {
        "logtime": "2019/07/04 10:25:59",
        "logdata": "http://apis.juhe.cn/ip/ip2addr?ip=123.232.1.200&key=74bb0395667b8d0588df9ebd6fc36a12"
    },
    {
        "logtime": "2019/07/04 10:25:59",
        "logdata": ""
    },
    {
        "logtime": "2019/07/04 10:25:59",
        "logdata": "url"
    },
    {
        "logtime": "2019/07/04 10:25:59",
        "logdata": "http://apis.juhe.cn/ip/ip2addr?ip=171.11.186.82&key=74bb0395667b8d0588df9ebd6fc36a12"
    },
    {
        "logtime": "2019/07/04 10:25:59",
        "logdata": ""
    },
    {
        "logtime": "2019/07/04 10:25:59",
        "logdata": "url"
    },
    {
        "logtime": "2019/07/04 10:25:59",
        "logdata": "http://apis.juhe.cn/ip/ip2addr?ip=139.208.243.49&key=74bb0395667b8d0588df9ebd6fc36a12"
    },
    {
        "logtime": "2019/07/04 10:25:59",
        "logdata": ""
    },
    {
        "logtime": "2019/07/04 10:25:59",
        "logdata": "url"
    },
    {
        "logtime": "2019/07/04 10:25:59",
        "logdata": "http://apis.juhe.cn/ip/ip2addr?ip=171.8.127.253&key=74bb0395667b8d0588df9ebd6fc36a12"
    },
    {
        "logtime": "2019/07/04 10:25:59",
        "logdata": ""
    },
    {
        "logtime": "2019/07/04 10:25:59",
        "logdata": "url"
    },
    {
        "logtime": "2019/07/04 10:25:59",
        "logdata": "http://apis.juhe.cn/ip/ip2addr?ip=182.90.76.63&key=74bb0395667b8d0588df9ebd6fc36a12"
    },
    {
        "logtime": "2019/07/04 10:25:59",
        "logdata": ""
    },
    {
        "logtime": "2019/07/04 10:25:59",
        "logdata": "url"
    },
    {
        "logtime": "2019/07/04 10:25:59",
        "logdata": "http://apis.juhe.cn/ip/ip2addr?ip=121.76.22.95&key=74bb0395667b8d0588df9ebd6fc36a12"
    },
    {
        "logtime": "2019/07/04 10:25:59",
        "logdata": ""
    }
]