[
    {
        "logtime": "2019/07/02 19:09:01",
        "logdata": "url"
    },
    {
        "logtime": "2019/07/02 19:09:01",
        "logdata": "http://apis.juhe.cn/ip/ip2addr?ip=58.23.48.188&key=74bb0395667b8d0588df9ebd6fc36a12"
    },
    {
        "logtime": "2019/07/02 19:09:01",
        "logdata": ""
    },
    {
        "logtime": "2019/07/02 19:09:01",
        "logdata": "onLogonCallBack"
    },
    {
        "logtime": "2019/07/02 19:09:01",
        "logdata": "http://www.fuannainc.top/"
    },
    {
        "logtime": "2019/07/02 19:09:01",
        "logdata": "url"
    },
    {
        "logtime": "2019/07/02 19:09:01",
        "logdata": "http://www.fuannainc.top//WS/MobileInterface.ashx"
    },
    {
        "logtime": "2019/07/02 19:09:01",
        "logdata": "action=GetMobileShareConfig&userid=120187&time=1562065741&signature=2CF7422E78D70C33B3EB5FFEAC45C80E"
    },
    {
        "logtime": "2019/07/02 19:09:03",
        "logdata": "url"
    },
    {
        "logtime": "2019/07/02 19:09:03",
        "logdata": "http://www.fuannainc.top//WS/MobileInterface.ashx?action=GetMobileRollNotice"
    },
    {
        "logtime": "2019/07/02 19:09:03",
        "logdata": ""
    },
    {
        "logtime": "2019/07/02 19:09:07",
        "logdata": null
    },
    {
        "logtime": "2019/07/02 19:09:07",
        "logdata": "onEnterGame"
    },
    {
        "logtime": "2019/07/02 19:09:07",
        "logdata": {
            "_ServerResVersion": 10,
            "_Active": true,
            "_KindVersion": "101122049",
            "_KindType": 1,
            "_Module": "xiuxian/shuiguolaba/",
            "_KindID": "406",
            "_Type": "xiuxian",
            "_KindName": "xiuxian.shuiguolaba.",
            "_SortId": 0
        }
    },
    {
        "logtime": "2019/07/02 19:09:07",
        "logdata": "GlobalUserItem.getCurGameKind()"
    },
    {
        "logtime": "2019/07/02 19:09:07",
        "logdata": 406
    },
    {
        "logtime": "2019/07/02 19:09:09",
        "logdata": "url"
    },
    {
        "logtime": "2019/07/02 19:09:09",
        "logdata": "http://apis.juhe.cn/ip/ip2addr?ip=58.23.48.188&key=74bb0395667b8d0588df9ebd6fc36a12"
    },
    {
        "logtime": "2019/07/02 19:09:09",
        "logdata": ""
    },
    {
        "logtime": "2019/07/02 19:09:09",
        "logdata": "url"
    },
    {
        "logtime": "2019/07/02 19:09:09",
        "logdata": "http://apis.juhe.cn/ip/ip2addr?ip=58.23.48.188&key=74bb0395667b8d0588df9ebd6fc36a12"
    },
    {
        "logtime": "2019/07/02 19:09:09",
        "logdata": ""
    },
    {
        "logtime": "2019/07/02 19:09:09",
        "logdata": "url"
    },
    {
        "logtime": "2019/07/02 19:09:09",
        "logdata": "http://apis.juhe.cn/ip/ip2addr?ip=58.23.48.188&key=74bb0395667b8d0588df9ebd6fc36a12"
    },
    {
        "logtime": "2019/07/02 19:09:09",
        "logdata": ""
    },
    {
        "logtime": "2019/07/02 19:09:09",
        "logdata": "url"
    },
    {
        "logtime": "2019/07/02 19:09:09",
        "logdata": "http://apis.juhe.cn/ip/ip2addr?ip=58.23.48.188&key=74bb0395667b8d0588df9ebd6fc36a12"
    },
    {
        "logtime": "2019/07/02 19:09:09",
        "logdata": ""
    },
    {
        "logtime": "2019/07/02 19:09:09",
        "logdata": {
            "_ServerResVersion": 10,
            "_Active": true,
            "_KindVersion": "101122049",
            "_KindType": 1,
            "_Module": "xiuxian/shuiguolaba/",
            "_KindID": "406",
            "_Type": "xiuxian",
            "nSitChair": 65535,
            "_KindName": "xiuxian.shuiguolaba.",
            "nEnterRoomIndex": 1,
            "nSitTable": 65535,
            "_SortId": 0
        }
    },
    {
        "logtime": "2019/07/02 19:09:09",
        "logdata": "modulestr"
    },
    {
        "logtime": "2019/07/02 19:09:09",
        "logdata": "xiuxian/shuiguolaba/"
    },
    {
        "logtime": "2019/07/02 19:09:11",
        "logdata": [
            {
                "main": 100,
                "kindid": 406,
                "len": 0,
                "sub": 2
            },
            {
                "main": 100,
                "kindid": 406,
                "len": 9,
                "sub": 1
            },
            {
                "main": 200,
                "kindid": 406,
                "len": 16,
                "sub": 6
            },
            {
                "main": 200,
                "kindid": 406,
                "len": 1,
                "sub": 7
            },
            {
                "main": 200,
                "kindid": 406,
                "len": 16,
                "sub": 6
            }
        ]
    },
    {
        "logtime": "2019/07/02 19:09:16",
        "logdata": "url"
    },
    {
        "logtime": "2019/07/02 19:09:16",
        "logdata": "http://apis.juhe.cn/ip/ip2addr?ip=58.23.48.188&key=74bb0395667b8d0588df9ebd6fc36a12"
    },
    {
        "logtime": "2019/07/02 19:09:16",
        "logdata": ""
    },
    {
        "logtime": "2019/07/02 19:09:16",
        "logdata": "url"
    },
    {
        "logtime": "2019/07/02 19:09:16",
        "logdata": "http://apis.juhe.cn/ip/ip2addr?ip=58.23.48.188&key=74bb0395667b8d0588df9ebd6fc36a12"
    },
    {
        "logtime": "2019/07/02 19:09:16",
        "logdata": ""
    },
    {
        "logtime": "2019/07/02 19:09:16",
        "logdata": "url"
    },
    {
        "logtime": "2019/07/02 19:09:16",
        "logdata": "http://apis.juhe.cn/ip/ip2addr?ip=58.23.48.188&key=74bb0395667b8d0588df9ebd6fc36a12"
    },
    {
        "logtime": "2019/07/02 19:09:16",
        "logdata": ""
    },
    {
        "logtime": "2019/07/02 19:09:16",
        "logdata": "url"
    },
    {
        "logtime": "2019/07/02 19:09:16",
        "logdata": "http://apis.juhe.cn/ip/ip2addr?ip=58.23.48.188&key=74bb0395667b8d0588df9ebd6fc36a12"
    },
    {
        "logtime": "2019/07/02 19:09:16",
        "logdata": ""
    },
    {
        "logtime": "2019/07/02 19:09:33",
        "logdata": "LogonScene.onceExcute"
    },
    {
        "logtime": "2019/07/02 19:09:33",
        "logdata": "http://www.fuannainc.top/"
    },
    {
        "logtime": "2019/07/02 19:09:33",
        "logdata": "url"
    },
    {
        "logtime": "2019/07/02 19:09:33",
        "logdata": "http://www.fuannainc.top//ws/MobileInterface.ashx?action=GetMobileLoginNotice"
    },
    {
        "logtime": "2019/07/02 19:09:33",
        "logdata": ""
    },
    {
        "logtime": "2019/07/02 19:09:35",
        "logdata": "url"
    },
    {
        "logtime": "2019/07/02 19:09:35",
        "logdata": "http://apis.juhe.cn/ip/ip2addr?ip=58.23.48.188&key=74bb0395667b8d0588df9ebd6fc36a12"
    },
    {
        "logtime": "2019/07/02 19:09:35",
        "logdata": ""
    },
    {
        "logtime": "2019/07/02 19:09:35",
        "logdata": "onLogonCallBack"
    },
    {
        "logtime": "2019/07/02 19:09:35",
        "logdata": "http://www.fuannainc.top/"
    },
    {
        "logtime": "2019/07/02 19:09:35",
        "logdata": "url"
    },
    {
        "logtime": "2019/07/02 19:09:35",
        "logdata": "http://www.fuannainc.top//WS/MobileInterface.ashx"
    },
    {
        "logtime": "2019/07/02 19:09:35",
        "logdata": "action=GetMobileShareConfig&userid=120187&time=1562065775&signature=A1B1EAD38F8F73099B7F8014F3419B89"
    },
    {
        "logtime": "2019/07/02 19:09:37",
        "logdata": "url"
    },
    {
        "logtime": "2019/07/02 19:09:37",
        "logdata": "http://www.fuannainc.top//WS/MobileInterface.ashx?action=GetMobileRollNotice"
    },
    {
        "logtime": "2019/07/02 19:09:37",
        "logdata": ""
    },
    {
        "logtime": "2019/07/02 19:09:41",
        "logdata": null
    },
    {
        "logtime": "2019/07/02 19:09:41",
        "logdata": "onEnterGame"
    },
    {
        "logtime": "2019/07/02 19:09:41",
        "logdata": {
            "_ServerResVersion": 10,
            "_Active": true,
            "_KindVersion": "101122049",
            "_KindType": 1,
            "_Module": "xiuxian/shuiguolaba/",
            "_KindID": "406",
            "_Type": "xiuxian",
            "_KindName": "xiuxian.shuiguolaba.",
            "_SortId": 0
        }
    },
    {
        "logtime": "2019/07/02 19:09:41",
        "logdata": "GlobalUserItem.getCurGameKind()"
    },
    {
        "logtime": "2019/07/02 19:09:41",
        "logdata": 406
    },
    {
        "logtime": "2019/07/02 19:09:42",
        "logdata": "url"
    },
    {
        "logtime": "2019/07/02 19:09:42",
        "logdata": "http://apis.juhe.cn/ip/ip2addr?ip=58.23.48.188&key=74bb0395667b8d0588df9ebd6fc36a12"
    },
    {
        "logtime": "2019/07/02 19:09:42",
        "logdata": ""
    },
    {
        "logtime": "2019/07/02 19:09:42",
        "logdata": "url"
    },
    {
        "logtime": "2019/07/02 19:09:42",
        "logdata": "http://apis.juhe.cn/ip/ip2addr?ip=58.23.48.188&key=74bb0395667b8d0588df9ebd6fc36a12"
    },
    {
        "logtime": "2019/07/02 19:09:42",
        "logdata": ""
    },
    {
        "logtime": "2019/07/02 19:09:42",
        "logdata": "url"
    },
    {
        "logtime": "2019/07/02 19:09:42",
        "logdata": "http://apis.juhe.cn/ip/ip2addr?ip=58.23.48.188&key=74bb0395667b8d0588df9ebd6fc36a12"
    },
    {
        "logtime": "2019/07/02 19:09:42",
        "logdata": ""
    },
    {
        "logtime": "2019/07/02 19:09:42",
        "logdata": "url"
    },
    {
        "logtime": "2019/07/02 19:09:42",
        "logdata": "http://apis.juhe.cn/ip/ip2addr?ip=58.23.48.188&key=74bb0395667b8d0588df9ebd6fc36a12"
    },
    {
        "logtime": "2019/07/02 19:09:42",
        "logdata": ""
    },
    {
        "logtime": "2019/07/02 19:09:42",
        "logdata": {
            "_ServerResVersion": 10,
            "_Active": true,
            "_KindVersion": "101122049",
            "_KindType": 1,
            "_Module": "xiuxian/shuiguolaba/",
            "_KindID": "406",
            "_Type": "xiuxian",
            "nSitChair": 65535,
            "_KindName": "xiuxian.shuiguolaba.",
            "nEnterRoomIndex": 1,
            "nSitTable": 65535,
            "_SortId": 0
        }
    },
    {
        "logtime": "2019/07/02 19:09:42",
        "logdata": "modulestr"
    },
    {
        "logtime": "2019/07/02 19:09:42",
        "logdata": "xiuxian/shuiguolaba/"
    }
]