[
    {
        "logtime": "2019/07/02 09:47:12",
        "logdata": "url"
    },
    {
        "logtime": "2019/07/02 09:47:12",
        "logdata": "http://www.fuannainc.top//ws/MobileInterface.ashx"
    },
    {
        "logtime": "2019/07/02 09:47:12",
        "logdata": "action=getpaylist"
    },
    {
        "logtime": "2019/07/02 09:47:12",
        "logdata": "url"
    },
    {
        "logtime": "2019/07/02 09:47:12",
        "logdata": "http://www.fuannainc.top//WS/MobileInterface.ashx"
    },
    {
        "logtime": "2019/07/02 09:47:12",
        "logdata": "action=getagentpay"
    },
    {
        "logtime": "2019/07/02 09:47:16",
        "logdata": "url"
    },
    {
        "logtime": "2019/07/02 09:47:16",
        "logdata": "http://www.fuannainc.top//ws/MobileInterface.ashx"
    },
    {
        "logtime": "2019/07/02 09:47:16",
        "logdata": "action=getpaylist"
    },
    {
        "logtime": "2019/07/02 09:47:16",
        "logdata": "url"
    },
    {
        "logtime": "2019/07/02 09:47:16",
        "logdata": "http://www.fuannainc.top//WS/MobileInterface.ashx"
    },
    {
        "logtime": "2019/07/02 09:47:16",
        "logdata": "action=getagentpay"
    },
    {
        "logtime": "2019/07/02 09:47:23",
        "logdata": "url"
    },
    {
        "logtime": "2019/07/02 09:47:23",
        "logdata": "http://www.fuannainc.top//ws/MobileInterface.ashx"
    },
    {
        "logtime": "2019/07/02 09:47:23",
        "logdata": "action=getpaylist"
    },
    {
        "logtime": "2019/07/02 09:47:23",
        "logdata": "url"
    },
    {
        "logtime": "2019/07/02 09:47:23",
        "logdata": "http://www.fuannainc.top//WS/MobileInterface.ashx"
    },
    {
        "logtime": "2019/07/02 09:47:23",
        "logdata": "action=getagentpay"
    },
    {
        "logtime": "2019/07/02 09:47:51",
        "logdata": "LogonScene.onceExcute"
    },
    {
        "logtime": "2019/07/02 09:47:51",
        "logdata": "http://www.fuannainc.top/"
    },
    {
        "logtime": "2019/07/02 09:47:51",
        "logdata": "url"
    },
    {
        "logtime": "2019/07/02 09:47:51",
        "logdata": "http://www.fuannainc.top//ws/MobileInterface.ashx?action=GetMobileLoginNotice"
    },
    {
        "logtime": "2019/07/02 09:47:51",
        "logdata": ""
    },
    {
        "logtime": "2019/07/02 09:47:53",
        "logdata": "url"
    },
    {
        "logtime": "2019/07/02 09:47:53",
        "logdata": "http://apis.juhe.cn/ip/ip2addr?ip=58.23.48.188&key=74bb0395667b8d0588df9ebd6fc36a12"
    },
    {
        "logtime": "2019/07/02 09:47:53",
        "logdata": ""
    },
    {
        "logtime": "2019/07/02 09:47:53",
        "logdata": "onLogonCallBack"
    },
    {
        "logtime": "2019/07/02 09:47:53",
        "logdata": "http://www.fuannainc.top/"
    },
    {
        "logtime": "2019/07/02 09:47:53",
        "logdata": "url"
    },
    {
        "logtime": "2019/07/02 09:47:53",
        "logdata": "http://www.fuannainc.top//WS/MobileInterface.ashx"
    },
    {
        "logtime": "2019/07/02 09:47:53",
        "logdata": "action=GetMobileShareConfig&userid=119947&time=1562032073&signature=6AB9FE401B12433F577881E844BDFA18"
    },
    {
        "logtime": "2019/07/02 09:47:55",
        "logdata": "url"
    },
    {
        "logtime": "2019/07/02 09:47:55",
        "logdata": "http://www.fuannainc.top//WS/MobileInterface.ashx?action=GetMobileRollNotice"
    },
    {
        "logtime": "2019/07/02 09:47:55",
        "logdata": ""
    },
    {
        "logtime": "2019/07/02 09:47:57",
        "logdata": "url"
    },
    {
        "logtime": "2019/07/02 09:47:57",
        "logdata": "http://apis.juhe.cn/ip/ip2addr?ip=58.23.48.188&key=74bb0395667b8d0588df9ebd6fc36a12"
    },
    {
        "logtime": "2019/07/02 09:47:57",
        "logdata": ""
    },
    {
        "logtime": "2019/07/02 09:47:57",
        "logdata": {
            "_ServerResVersion": 10,
            "_Active": true,
            "_KindVersion": "101122049",
            "_KindType": 1,
            "_Module": "xiuxian/shuiguolaba/",
            "_KindID": "406",
            "_Type": "xiuxian",
            "_KindName": "xiuxian.shuiguolaba.",
            "nEnterRoomIndex": 1,
            "_SortId": 0
        }
    },
    {
        "logtime": "2019/07/02 09:47:57",
        "logdata": "modulestr"
    },
    {
        "logtime": "2019/07/02 09:47:57",
        "logdata": "xiuxian/shuiguolaba/"
    }
]