[
    {
        "logtime": "2019/07/09 14:06:31",
        "logdata": "url"
    },
    {
        "logtime": "2019/07/09 14:06:31",
        "logdata": "http://www.fuannainc.top//WS/MobileInterface.ashx"
    },
    {
        "logtime": "2019/07/09 14:06:31",
        "logdata": "action=GetScoreInfo&userid=119901&time=1562652391&signature=3AE5E8D458021C537C3B427EEC385EBE"
    },
    {
        "logtime": "2019/07/09 14:06:34",
        "logdata": "LogonScene.onceExcute"
    },
    {
        "logtime": "2019/07/09 14:06:34",
        "logdata": "http://www.fuannainc.top/"
    },
    {
        "logtime": "2019/07/09 14:06:34",
        "logdata": "url"
    },
    {
        "logtime": "2019/07/09 14:06:34",
        "logdata": "http://www.fuannainc.top//ws/MobileInterface.ashx?action=GetMobileLoginNotice"
    },
    {
        "logtime": "2019/07/09 14:06:34",
        "logdata": ""
    },
    {
        "logtime": "2019/07/09 14:06:36",
        "logdata": "onLogonCallBack"
    },
    {
        "logtime": "2019/07/09 14:06:36",
        "logdata": "http://www.fuannainc.top/"
    },
    {
        "logtime": "2019/07/09 14:06:36",
        "logdata": "url"
    },
    {
        "logtime": "2019/07/09 14:06:36",
        "logdata": "http://www.fuannainc.top//WS/MobileInterface.ashx"
    },
    {
        "logtime": "2019/07/09 14:06:36",
        "logdata": "action=GetMobileShareConfig&userid=119919&time=1562652396&signature=2F0D710F84D49E47E6BE595FC07F2A87"
    },
    {
        "logtime": "2019/07/09 14:06:37",
        "logdata": "url"
    },
    {
        "logtime": "2019/07/09 14:06:37",
        "logdata": "http://www.fuannainc.top//WS/MobileInterface.ashx?action=GetMobileRollNotice"
    },
    {
        "logtime": "2019/07/09 14:06:37",
        "logdata": ""
    },
    {
        "logtime": "2019/07/09 14:06:50",
        "logdata": "keys2"
    },
    {
        "logtime": "2019/07/09 14:06:50",
        "logdata": "byte"
    },
    {
        "logtime": "2019/07/09 14:06:50",
        "logdata": "keys2"
    },
    {
        "logtime": "2019/07/09 14:06:50",
        "logdata": "word"
    },
    {
        "logtime": "2019/07/09 14:06:50",
        "logdata": "keys2"
    },
    {
        "logtime": "2019/07/09 14:06:50",
        "logdata": "word"
    },
    {
        "logtime": "2019/07/09 14:06:50",
        "logdata": "keys2"
    },
    {
        "logtime": "2019/07/09 14:06:50",
        "logdata": "word"
    },
    {
        "logtime": "2019/07/09 14:06:50",
        "logdata": "keys2"
    },
    {
        "logtime": "2019/07/09 14:06:50",
        "logdata": "word"
    },
    {
        "logtime": "2019/07/09 14:06:50",
        "logdata": "keys2"
    },
    {
        "logtime": "2019/07/09 14:06:50",
        "logdata": "double"
    },
    {
        "logtime": "2019/07/09 14:06:50",
        "logdata": "keys2"
    },
    {
        "logtime": "2019/07/09 14:06:50",
        "logdata": "double"
    },
    {
        "logtime": "2019/07/09 14:06:50",
        "logdata": "keys2"
    },
    {
        "logtime": "2019/07/09 14:06:50",
        "logdata": "double"
    },
    {
        "logtime": "2019/07/09 14:06:51",
        "logdata": "keys2"
    },
    {
        "logtime": "2019/07/09 14:06:51",
        "logdata": "byte"
    },
    {
        "logtime": "2019/07/09 14:06:51",
        "logdata": "keys2"
    },
    {
        "logtime": "2019/07/09 14:06:51",
        "logdata": "word"
    },
    {
        "logtime": "2019/07/09 14:06:51",
        "logdata": "keys2"
    },
    {
        "logtime": "2019/07/09 14:06:51",
        "logdata": "word"
    },
    {
        "logtime": "2019/07/09 14:06:51",
        "logdata": "keys2"
    },
    {
        "logtime": "2019/07/09 14:06:51",
        "logdata": "word"
    },
    {
        "logtime": "2019/07/09 14:06:51",
        "logdata": "keys2"
    },
    {
        "logtime": "2019/07/09 14:06:51",
        "logdata": "word"
    },
    {
        "logtime": "2019/07/09 14:06:51",
        "logdata": "keys2"
    },
    {
        "logtime": "2019/07/09 14:06:51",
        "logdata": "double"
    },
    {
        "logtime": "2019/07/09 14:06:51",
        "logdata": "keys2"
    },
    {
        "logtime": "2019/07/09 14:06:51",
        "logdata": "double"
    },
    {
        "logtime": "2019/07/09 14:06:51",
        "logdata": "keys2"
    },
    {
        "logtime": "2019/07/09 14:06:51",
        "logdata": "double"
    },
    {
        "logtime": "2019/07/09 14:06:51",
        "logdata": "keys2"
    },
    {
        "logtime": "2019/07/09 14:06:51",
        "logdata": "string"
    },
    {
        "logtime": "2019/07/09 14:06:51",
        "logdata": "keys2"
    },
    {
        "logtime": "2019/07/09 14:06:51",
        "logdata": "string"
    },
    {
        "logtime": "2019/07/09 14:06:51",
        "logdata": "keys2"
    },
    {
        "logtime": "2019/07/09 14:06:51",
        "logdata": "double"
    },
    {
        "logtime": "2019/07/09 14:06:51",
        "logdata": "keys2"
    },
    {
        "logtime": "2019/07/09 14:06:51",
        "logdata": "string"
    }
]