[
    {
        "logtime": "2019/05/18 18:27:44",
        "logdata": "LogonScene.onceExcute"
    },
    {
        "logtime": "2019/05/18 18:27:44",
        "logdata": "http://www.fuannainc.top/"
    },
    {
        "logtime": "2019/05/18 18:27:44",
        "logdata": "url"
    },
    {
        "logtime": "2019/05/18 18:27:44",
        "logdata": "http://www.fuannainc.top//ws/MobileInterface.ashx?action=GetMobileLoginNotice"
    },
    {
        "logtime": "2019/05/18 18:27:44",
        "logdata": ""
    },
    {
        "logtime": "2019/05/18 18:27:46",
        "logdata": "url"
    },
    {
        "logtime": "2019/05/18 18:27:46",
        "logdata": "http://apis.juhe.cn/ip/ip2addr?ip=113.77.83.199&key=74bb0395667b8d0588df9ebd6fc36a12"
    },
    {
        "logtime": "2019/05/18 18:27:46",
        "logdata": ""
    },
    {
        "logtime": "2019/05/18 18:27:46",
        "logdata": "onLogonCallBack"
    },
    {
        "logtime": "2019/05/18 18:27:46",
        "logdata": "http://www.fuannainc.top/"
    },
    {
        "logtime": "2019/05/18 18:27:46",
        "logdata": "url"
    },
    {
        "logtime": "2019/05/18 18:27:46",
        "logdata": "http://www.fuannainc.top//WS/MobileInterface.ashx"
    },
    {
        "logtime": "2019/05/18 18:27:46",
        "logdata": "action=GetMobileShareConfig&userid=119947&time=1558175266&signature=49DCCCCA04A7D66E2E977DD4391E5529"
    },
    {
        "logtime": "2019/05/18 18:27:48",
        "logdata": "url"
    },
    {
        "logtime": "2019/05/18 18:27:48",
        "logdata": "http://www.fuannainc.top//WS/MobileInterface.ashx?action=GetMobileRollNotice"
    },
    {
        "logtime": "2019/05/18 18:27:48",
        "logdata": ""
    },
    {
        "logtime": "2019/05/18 18:27:51",
        "logdata": "url"
    },
    {
        "logtime": "2019/05/18 18:27:51",
        "logdata": "http://www.fuannainc.top//WS/Lottery.ashx"
    },
    {
        "logtime": "2019/05/18 18:27:51",
        "logdata": "action=LotteryConfig"
    },
    {
        "logtime": "2019/05/18 18:27:51",
        "logdata": "url"
    },
    {
        "logtime": "2019/05/18 18:27:51",
        "logdata": "http://www.fuannainc.top//WS/Lottery.ashx"
    },
    {
        "logtime": "2019/05/18 18:27:51",
        "logdata": "action=LotteryUserInfo&userid=119947&time=1558175271&signature=78BFC7C27331FA9D45932467361FDFB4"
    }
]