[
    {
        "logtime": "2009/01/01 06:15:16",
        "logdata": "LogonScene.onceExcute"
    },
    {
        "logtime": "2009/01/01 06:15:16",
        "logdata": "http://www.fuannainc.top/"
    },
    {
        "logtime": "2009/01/01 06:15:16",
        "logdata": "url"
    },
    {
        "logtime": "2009/01/01 06:15:16",
        "logdata": "http://www.fuannainc.top//ws/MobileInterface.ashx?action=GetMobileLoginNotice"
    },
    {
        "logtime": "2009/01/01 06:15:16",
        "logdata": ""
    },
    {
        "logtime": "2009/01/01 06:15:18",
        "logdata": "url"
    },
    {
        "logtime": "2009/01/01 06:15:18",
        "logdata": "http://apis.juhe.cn/ip/ip2addr?ip=113.77.80.95&key=74bb0395667b8d0588df9ebd6fc36a12"
    },
    {
        "logtime": "2009/01/01 06:15:18",
        "logdata": ""
    },
    {
        "logtime": "2009/01/01 06:15:18",
        "logdata": "onLogonCallBack"
    },
    {
        "logtime": "2009/01/01 06:15:18",
        "logdata": "http://www.fuannainc.top/"
    },
    {
        "logtime": "2009/01/01 06:15:18",
        "logdata": "url"
    },
    {
        "logtime": "2009/01/01 06:15:18",
        "logdata": "http://www.fuannainc.top//WS/MobileInterface.ashx"
    },
    {
        "logtime": "2009/01/01 06:15:18",
        "logdata": "action=GetMobileShareConfig&userid=119927&time=1230761718&signature=47D9B2E818BBADC8E3E9DDA731F32384"
    },
    {
        "logtime": "2009/01/01 06:15:21",
        "logdata": "url"
    },
    {
        "logtime": "2009/01/01 06:15:21",
        "logdata": "http://www.fuannainc.top//WS/MobileInterface.ashx?action=GetMobileRollNotice"
    },
    {
        "logtime": "2009/01/01 06:15:21",
        "logdata": ""
    }
]