[
    {
        "logtime": "2019/07/09 12:09:07",
        "logdata": "keys2"
    },
    {
        "logtime": "2019/07/09 12:09:07",
        "logdata": "byte"
    },
    {
        "logtime": "2019/07/09 12:09:07",
        "logdata": "keys2"
    },
    {
        "logtime": "2019/07/09 12:09:07",
        "logdata": "word"
    },
    {
        "logtime": "2019/07/09 12:09:07",
        "logdata": "keys2"
    },
    {
        "logtime": "2019/07/09 12:09:07",
        "logdata": "word"
    },
    {
        "logtime": "2019/07/09 12:09:07",
        "logdata": "keys2"
    },
    {
        "logtime": "2019/07/09 12:09:07",
        "logdata": "word"
    },
    {
        "logtime": "2019/07/09 12:09:07",
        "logdata": "keys2"
    },
    {
        "logtime": "2019/07/09 12:09:07",
        "logdata": "word"
    },
    {
        "logtime": "2019/07/09 12:09:07",
        "logdata": "keys2"
    },
    {
        "logtime": "2019/07/09 12:09:07",
        "logdata": "double"
    },
    {
        "logtime": "2019/07/09 12:09:07",
        "logdata": "keys2"
    },
    {
        "logtime": "2019/07/09 12:09:07",
        "logdata": "double"
    },
    {
        "logtime": "2019/07/09 12:09:07",
        "logdata": "keys2"
    },
    {
        "logtime": "2019/07/09 12:09:07",
        "logdata": "double"
    },
    {
        "logtime": "2019/07/09 12:09:43",
        "logdata": "keys2"
    },
    {
        "logtime": "2019/07/09 12:09:43",
        "logdata": "byte"
    },
    {
        "logtime": "2019/07/09 12:09:43",
        "logdata": "keys2"
    },
    {
        "logtime": "2019/07/09 12:09:43",
        "logdata": "word"
    },
    {
        "logtime": "2019/07/09 12:09:43",
        "logdata": "keys2"
    },
    {
        "logtime": "2019/07/09 12:09:43",
        "logdata": "word"
    },
    {
        "logtime": "2019/07/09 12:09:43",
        "logdata": "keys2"
    },
    {
        "logtime": "2019/07/09 12:09:43",
        "logdata": "word"
    },
    {
        "logtime": "2019/07/09 12:09:43",
        "logdata": "keys2"
    },
    {
        "logtime": "2019/07/09 12:09:43",
        "logdata": "word"
    },
    {
        "logtime": "2019/07/09 12:09:43",
        "logdata": "keys2"
    },
    {
        "logtime": "2019/07/09 12:09:43",
        "logdata": "double"
    },
    {
        "logtime": "2019/07/09 12:09:43",
        "logdata": "keys2"
    },
    {
        "logtime": "2019/07/09 12:09:43",
        "logdata": "double"
    },
    {
        "logtime": "2019/07/09 12:09:43",
        "logdata": "keys2"
    },
    {
        "logtime": "2019/07/09 12:09:43",
        "logdata": "double"
    }
]