[
    {
        "logtime": "2019/05/20 17:31:55",
        "logdata": "LogonScene.onceExcute"
    },
    {
        "logtime": "2019/05/20 17:31:55",
        "logdata": "http://www.fuannainc.top/"
    },
    {
        "logtime": "2019/05/20 17:31:56",
        "logdata": "url"
    },
    {
        "logtime": "2019/05/20 17:31:56",
        "logdata": "http://www.fuannainc.top//ws/MobileInterface.ashx?action=GetMobileLoginNotice"
    },
    {
        "logtime": "2019/05/20 17:31:56",
        "logdata": ""
    },
    {
        "logtime": "2019/05/20 17:31:57",
        "logdata": "url"
    },
    {
        "logtime": "2019/05/20 17:31:57",
        "logdata": "http://apis.juhe.cn/ip/ip2addr?ip=183.53.106.37&key=74bb0395667b8d0588df9ebd6fc36a12"
    },
    {
        "logtime": "2019/05/20 17:31:57",
        "logdata": ""
    },
    {
        "logtime": "2019/05/20 17:31:57",
        "logdata": "onLogonCallBack"
    },
    {
        "logtime": "2019/05/20 17:31:57",
        "logdata": "http://www.fuannainc.top/"
    },
    {
        "logtime": "2019/05/20 17:31:57",
        "logdata": "url"
    },
    {
        "logtime": "2019/05/20 17:31:57",
        "logdata": "http://www.fuannainc.top//WS/MobileInterface.ashx"
    },
    {
        "logtime": "2019/05/20 17:31:57",
        "logdata": "action=GetMobileShareConfig&userid=119885&time=1558344717&signature=719F48BA6D4131E3593155B6FBCAE745"
    }
]