[
    {
        "logtime": "2019/07/16 11:58:00",
        "logdata": "url"
    },
    {
        "logtime": "2019/07/16 11:58:00",
        "logdata": "http://www.fuannainc.top//WS/MobileInterface.ashx"
    },
    {
        "logtime": "2019/07/16 11:58:00",
        "logdata": "action=gettixianrecord&userid=119919&signature=FBEEDA849802940BFFC67D2482FD985E&time=1563249480&number=20&page=1"
    },
    {
        "logtime": "2019/07/16 11:58:14",
        "logdata": "[string \".\\client/src/plaza/mediator/ExchangeMediator.lua\"]:232: attempt to call method 'emit' (a nil value)\nstack traceback:\n\t[string \".\\app/models/AppDF.lua\"]:444: in function <[string \".\\app/models/AppDF.lua\"]:441>"
    },
    {
        "logtime": "2019/07/16 11:58:15",
        "logdata": "[string \".\\client/src/plaza/mediator/ExchangeMediator.lua\"]:232: attempt to call method 'emit' (a nil value)\nstack traceback:\n\t[string \".\\app/models/AppDF.lua\"]:444: in function <[string \".\\app/models/AppDF.lua\"]:441>"
    },
    {
        "logtime": "2019/07/16 11:58:16",
        "logdata": "[string \".\\client/src/plaza/mediator/ExchangeMediator.lua\"]:232: attempt to call method 'emit' (a nil value)\nstack traceback:\n\t[string \".\\app/models/AppDF.lua\"]:444: in function <[string \".\\app/models/AppDF.lua\"]:441>"
    },
    {
        "logtime": "2019/07/16 11:58:16",
        "logdata": 11
    },
    {
        "logtime": "2019/07/16 11:58:16",
        "logdata": "onEnterGame"
    },
    {
        "logtime": "2019/07/16 11:58:16",
        "logdata": {
            "_ServerResVersion": 11,
            "_Active": true,
            "_KindVersion": "101122049",
            "_KindType": 2,
            "_Module": "qipai/landnoshuffle/",
            "_KindID": "202",
            "_Type": "qipai",
            "_KindName": "qipai.landnoshuffle.",
            "_SortId": 7
        }
    },
    {
        "logtime": "2019/07/16 11:58:16",
        "logdata": "GlobalUserItem.getCurGameKind()"
    },
    {
        "logtime": "2019/07/16 11:58:16",
        "logdata": 202
    },
    {
        "logtime": "2019/07/16 11:58:17",
        "logdata": "[string \".\\client/src/plaza/mediator/ExchangeMediator.lua\"]:232: attempt to call method 'emit' (a nil value)\nstack traceback:\n\t[string \".\\app/models/AppDF.lua\"]:444: in function <[string \".\\app/models/AppDF.lua\"]:441>"
    },
    {
        "logtime": "2019/07/16 11:58:18",
        "logdata": "[string \".\\client/src/plaza/mediator/ExchangeMediator.lua\"]:232: attempt to call method 'emit' (a nil value)\nstack traceback:\n\t[string \".\\app/models/AppDF.lua\"]:444: in function <[string \".\\app/models/AppDF.lua\"]:441>"
    },
    {
        "logtime": "2019/07/16 11:58:19",
        "logdata": "[string \".\\client/src/plaza/mediator/ExchangeMediator.lua\"]:232: attempt to call method 'emit' (a nil value)\nstack traceback:\n\t[string \".\\app/models/AppDF.lua\"]:444: in function <[string \".\\app/models/AppDF.lua\"]:441>"
    },
    {
        "logtime": "2019/07/16 11:58:20",
        "logdata": "[string \".\\client/src/plaza/mediator/ExchangeMediator.lua\"]:232: attempt to call method 'emit' (a nil value)\nstack traceback:\n\t[string \".\\app/models/AppDF.lua\"]:444: in function <[string \".\\app/models/AppDF.lua\"]:441>"
    },
    {
        "logtime": "2019/07/16 11:58:21",
        "logdata": "[string \".\\client/src/plaza/mediator/ExchangeMediator.lua\"]:232: attempt to call method 'emit' (a nil value)\nstack traceback:\n\t[string \".\\app/models/AppDF.lua\"]:444: in function <[string \".\\app/models/AppDF.lua\"]:441>"
    },
    {
        "logtime": "2019/07/16 11:58:22",
        "logdata": "[string \".\\client/src/plaza/mediator/ExchangeMediator.lua\"]:232: attempt to call method 'emit' (a nil value)\nstack traceback:\n\t[string \".\\app/models/AppDF.lua\"]:444: in function <[string \".\\app/models/AppDF.lua\"]:441>"
    },
    {
        "logtime": "2019/07/16 11:58:23",
        "logdata": "[string \".\\client/src/plaza/mediator/ExchangeMediator.lua\"]:232: attempt to call method 'emit' (a nil value)\nstack traceback:\n\t[string \".\\app/models/AppDF.lua\"]:444: in function <[string \".\\app/models/AppDF.lua\"]:441>"
    },
    {
        "logtime": "2019/07/16 11:58:23",
        "logdata": "[string \".\\client/src/plaza/mediator/ExchangeMediator.lua\"]:232: attempt to call method 'emit' (a nil value)\nstack traceback:\n\t[string \".\\app/models/AppDF.lua\"]:407: in function 'onSocketError'\n\t[string \".\\app/models/AppDF.lua\"]:452: in function <[string \".\\app/models/AppDF.lua\"]:415>"
    },
    {
        "logtime": "2019/07/16 11:58:24",
        "logdata": "[string \".\\client/src/plaza/mediator/ExchangeMediator.lua\"]:232: attempt to call method 'emit' (a nil value)\nstack traceback:\n\t[string \".\\app/models/AppDF.lua\"]:444: in function <[string \".\\app/models/AppDF.lua\"]:441>"
    },
    {
        "logtime": "2019/07/16 11:58:25",
        "logdata": "[string \".\\client/src/plaza/mediator/ExchangeMediator.lua\"]:232: attempt to call method 'emit' (a nil value)\nstack traceback:\n\t[string \".\\app/models/AppDF.lua\"]:444: in function <[string \".\\app/models/AppDF.lua\"]:441>"
    },
    {
        "logtime": "2019/07/16 11:58:26",
        "logdata": "[string \".\\client/src/plaza/mediator/ExchangeMediator.lua\"]:232: attempt to call method 'emit' (a nil value)\nstack traceback:\n\t[string \".\\app/models/AppDF.lua\"]:444: in function <[string \".\\app/models/AppDF.lua\"]:441>"
    },
    {
        "logtime": "2019/07/16 11:58:27",
        "logdata": "[string \".\\client/src/plaza/mediator/ExchangeMediator.lua\"]:232: attempt to call method 'emit' (a nil value)\nstack traceback:\n\t[string \".\\app/models/AppDF.lua\"]:444: in function <[string \".\\app/models/AppDF.lua\"]:441>"
    },
    {
        "logtime": "2019/07/16 11:58:28",
        "logdata": "[string \".\\client/src/plaza/mediator/ExchangeMediator.lua\"]:232: attempt to call method 'emit' (a nil value)\nstack traceback:\n\t[string \".\\app/models/AppDF.lua\"]:444: in function <[string \".\\app/models/AppDF.lua\"]:441>"
    },
    {
        "logtime": "2019/07/16 11:58:29",
        "logdata": "[string \".\\client/src/plaza/mediator/ExchangeMediator.lua\"]:232: attempt to call method 'emit' (a nil value)\nstack traceback:\n\t[string \".\\app/models/AppDF.lua\"]:444: in function <[string \".\\app/models/AppDF.lua\"]:441>"
    },
    {
        "logtime": "2019/07/16 11:58:30",
        "logdata": "[string \".\\client/src/plaza/mediator/ExchangeMediator.lua\"]:232: attempt to call method 'emit' (a nil value)\nstack traceback:\n\t[string \".\\app/models/AppDF.lua\"]:444: in function <[string \".\\app/models/AppDF.lua\"]:441>"
    },
    {
        "logtime": "2019/07/16 11:58:31",
        "logdata": "[string \".\\client/src/plaza/mediator/ExchangeMediator.lua\"]:232: attempt to call method 'emit' (a nil value)\nstack traceback:\n\t[string \".\\app/models/AppDF.lua\"]:444: in function <[string \".\\app/models/AppDF.lua\"]:441>"
    },
    {
        "logtime": "2019/07/16 11:58:32",
        "logdata": "[string \".\\client/src/plaza/mediator/ExchangeMediator.lua\"]:232: attempt to call method 'emit' (a nil value)\nstack traceback:\n\t[string \".\\app/models/AppDF.lua\"]:444: in function <[string \".\\app/models/AppDF.lua\"]:441>"
    },
    {
        "logtime": "2019/07/16 11:58:33",
        "logdata": "[string \".\\client/src/plaza/mediator/ExchangeMediator.lua\"]:232: attempt to call method 'emit' (a nil value)\nstack traceback:\n\t[string \".\\app/models/AppDF.lua\"]:444: in function <[string \".\\app/models/AppDF.lua\"]:441>"
    },
    {
        "logtime": "2019/07/16 11:58:34",
        "logdata": "[string \".\\client/src/plaza/mediator/ExchangeMediator.lua\"]:232: attempt to call method 'emit' (a nil value)\nstack traceback:\n\t[string \".\\app/models/AppDF.lua\"]:444: in function <[string \".\\app/models/AppDF.lua\"]:441>"
    },
    {
        "logtime": "2019/07/16 11:58:35",
        "logdata": "[string \".\\client/src/plaza/mediator/ExchangeMediator.lua\"]:232: attempt to call method 'emit' (a nil value)\nstack traceback:\n\t[string \".\\app/models/AppDF.lua\"]:444: in function <[string \".\\app/models/AppDF.lua\"]:441>"
    },
    {
        "logtime": "2019/07/16 11:58:36",
        "logdata": "[string \".\\client/src/plaza/mediator/ExchangeMediator.lua\"]:232: attempt to call method 'emit' (a nil value)\nstack traceback:\n\t[string \".\\app/models/AppDF.lua\"]:444: in function <[string \".\\app/models/AppDF.lua\"]:441>"
    },
    {
        "logtime": "2019/07/16 11:58:37",
        "logdata": "[string \".\\client/src/plaza/mediator/ExchangeMediator.lua\"]:232: attempt to call method 'emit' (a nil value)\nstack traceback:\n\t[string \".\\app/models/AppDF.lua\"]:444: in function <[string \".\\app/models/AppDF.lua\"]:441>"
    },
    {
        "logtime": "2019/07/16 11:58:38",
        "logdata": "[string \".\\client/src/plaza/mediator/ExchangeMediator.lua\"]:232: attempt to call method 'emit' (a nil value)\nstack traceback:\n\t[string \".\\app/models/AppDF.lua\"]:444: in function <[string \".\\app/models/AppDF.lua\"]:441>"
    },
    {
        "logtime": "2019/07/16 11:58:39",
        "logdata": "[string \".\\client/src/plaza/mediator/ExchangeMediator.lua\"]:232: attempt to call method 'emit' (a nil value)\nstack traceback:\n\t[string \".\\app/models/AppDF.lua\"]:444: in function <[string \".\\app/models/AppDF.lua\"]:441>"
    },
    {
        "logtime": "2019/07/16 11:58:40",
        "logdata": "[string \".\\client/src/plaza/mediator/ExchangeMediator.lua\"]:232: attempt to call method 'emit' (a nil value)\nstack traceback:\n\t[string \".\\app/models/AppDF.lua\"]:444: in function <[string \".\\app/models/AppDF.lua\"]:441>"
    },
    {
        "logtime": "2019/07/16 11:58:41",
        "logdata": "[string \".\\client/src/plaza/mediator/ExchangeMediator.lua\"]:232: attempt to call method 'emit' (a nil value)\nstack traceback:\n\t[string \".\\app/models/AppDF.lua\"]:444: in function <[string \".\\app/models/AppDF.lua\"]:441>"
    },
    {
        "logtime": "2019/07/16 11:58:42",
        "logdata": "[string \".\\client/src/plaza/mediator/ExchangeMediator.lua\"]:232: attempt to call method 'emit' (a nil value)\nstack traceback:\n\t[string \".\\app/models/AppDF.lua\"]:444: in function <[string \".\\app/models/AppDF.lua\"]:441>"
    },
    {
        "logtime": "2019/07/16 11:58:43",
        "logdata": "[string \".\\client/src/plaza/mediator/ExchangeMediator.lua\"]:232: attempt to call method 'emit' (a nil value)\nstack traceback:\n\t[string \".\\app/models/AppDF.lua\"]:444: in function <[string \".\\app/models/AppDF.lua\"]:441>"
    },
    {
        "logtime": "2019/07/16 11:58:44",
        "logdata": "[string \".\\client/src/plaza/mediator/ExchangeMediator.lua\"]:232: attempt to call method 'emit' (a nil value)\nstack traceback:\n\t[string \".\\app/models/AppDF.lua\"]:444: in function <[string \".\\app/models/AppDF.lua\"]:441>"
    },
    {
        "logtime": "2019/07/16 11:58:45",
        "logdata": "[string \".\\client/src/plaza/mediator/ExchangeMediator.lua\"]:232: attempt to call method 'emit' (a nil value)\nstack traceback:\n\t[string \".\\app/models/AppDF.lua\"]:444: in function <[string \".\\app/models/AppDF.lua\"]:441>"
    },
    {
        "logtime": "2019/07/16 11:58:46",
        "logdata": "[string \".\\client/src/plaza/mediator/ExchangeMediator.lua\"]:232: attempt to call method 'emit' (a nil value)\nstack traceback:\n\t[string \".\\app/models/AppDF.lua\"]:444: in function <[string \".\\app/models/AppDF.lua\"]:441>"
    },
    {
        "logtime": "2019/07/16 11:58:47",
        "logdata": "[string \".\\client/src/plaza/mediator/ExchangeMediator.lua\"]:232: attempt to call method 'emit' (a nil value)\nstack traceback:\n\t[string \".\\app/models/AppDF.lua\"]:444: in function <[string \".\\app/models/AppDF.lua\"]:441>"
    },
    {
        "logtime": "2019/07/16 11:58:48",
        "logdata": "[string \".\\client/src/plaza/mediator/ExchangeMediator.lua\"]:232: attempt to call method 'emit' (a nil value)\nstack traceback:\n\t[string \".\\app/models/AppDF.lua\"]:444: in function <[string \".\\app/models/AppDF.lua\"]:441>"
    },
    {
        "logtime": "2019/07/16 11:58:49",
        "logdata": "[string \".\\client/src/plaza/mediator/ExchangeMediator.lua\"]:232: attempt to call method 'emit' (a nil value)\nstack traceback:\n\t[string \".\\app/models/AppDF.lua\"]:444: in function <[string \".\\app/models/AppDF.lua\"]:441>"
    },
    {
        "logtime": "2019/07/16 11:58:50",
        "logdata": "[string \".\\client/src/plaza/mediator/ExchangeMediator.lua\"]:232: attempt to call method 'emit' (a nil value)\nstack traceback:\n\t[string \".\\app/models/AppDF.lua\"]:444: in function <[string \".\\app/models/AppDF.lua\"]:441>"
    },
    {
        "logtime": "2019/07/16 11:58:51",
        "logdata": "[string \".\\client/src/plaza/mediator/ExchangeMediator.lua\"]:232: attempt to call method 'emit' (a nil value)\nstack traceback:\n\t[string \".\\app/models/AppDF.lua\"]:444: in function <[string \".\\app/models/AppDF.lua\"]:441>"
    },
    {
        "logtime": "2019/07/16 11:58:52",
        "logdata": "[string \".\\client/src/plaza/mediator/ExchangeMediator.lua\"]:232: attempt to call method 'emit' (a nil value)\nstack traceback:\n\t[string \".\\app/models/AppDF.lua\"]:444: in function <[string \".\\app/models/AppDF.lua\"]:441>"
    }
]