[
    {
        "logtime": "2019/07/09 11:24:58",
        "logdata": "LogonScene.onceExcute"
    },
    {
        "logtime": "2019/07/09 11:24:58",
        "logdata": "http://www.fuannainc.top/"
    },
    {
        "logtime": "2019/07/09 11:24:58",
        "logdata": "url"
    },
    {
        "logtime": "2019/07/09 11:24:58",
        "logdata": "http://www.fuannainc.top//ws/MobileInterface.ashx?action=GetMobileLoginNotice"
    },
    {
        "logtime": "2019/07/09 11:24:58",
        "logdata": ""
    }
]