[
    {
        "logtime": "2019/07/03 10:01:24",
        "logdata": "LogonScene.onceExcute"
    },
    {
        "logtime": "2019/07/03 10:01:24",
        "logdata": "http://www.fuannainc.top/"
    },
    {
        "logtime": "2019/07/03 10:01:25",
        "logdata": "url"
    },
    {
        "logtime": "2019/07/03 10:01:25",
        "logdata": "http://www.fuannainc.top//ws/MobileInterface.ashx?action=GetMobileLoginNotice"
    },
    {
        "logtime": "2019/07/03 10:01:25",
        "logdata": ""
    },
    {
        "logtime": "2019/07/03 10:01:26",
        "logdata": "url"
    },
    {
        "logtime": "2019/07/03 10:01:26",
        "logdata": "http://apis.juhe.cn/ip/ip2addr?ip=58.23.48.188&key=74bb0395667b8d0588df9ebd6fc36a12"
    },
    {
        "logtime": "2019/07/03 10:01:26",
        "logdata": ""
    },
    {
        "logtime": "2019/07/03 10:01:26",
        "logdata": "onLogonCallBack"
    },
    {
        "logtime": "2019/07/03 10:01:26",
        "logdata": "http://www.fuannainc.top/"
    },
    {
        "logtime": "2019/07/03 10:01:26",
        "logdata": "url"
    },
    {
        "logtime": "2019/07/03 10:01:26",
        "logdata": "http://www.fuannainc.top//WS/MobileInterface.ashx"
    },
    {
        "logtime": "2019/07/03 10:01:26",
        "logdata": "action=GetMobileShareConfig&userid=120187&time=1562119286&signature=BBAC1C88E759D3B453D05713C8C77EBD"
    },
    {
        "logtime": "2019/07/03 10:01:28",
        "logdata": "url"
    },
    {
        "logtime": "2019/07/03 10:01:28",
        "logdata": "http://www.fuannainc.top//WS/MobileInterface.ashx?action=GetMobileRollNotice"
    },
    {
        "logtime": "2019/07/03 10:01:28",
        "logdata": ""
    },
    {
        "logtime": "2019/07/03 10:01:30",
        "logdata": "url"
    },
    {
        "logtime": "2019/07/03 10:01:30",
        "logdata": "http://apis.juhe.cn/ip/ip2addr?ip=58.23.48.188&key=74bb0395667b8d0588df9ebd6fc36a12"
    },
    {
        "logtime": "2019/07/03 10:01:30",
        "logdata": ""
    },
    {
        "logtime": "2019/07/03 10:01:30",
        "logdata": "url"
    },
    {
        "logtime": "2019/07/03 10:01:30",
        "logdata": "http://apis.juhe.cn/ip/ip2addr?ip=58.23.48.188&key=74bb0395667b8d0588df9ebd6fc36a12"
    },
    {
        "logtime": "2019/07/03 10:01:30",
        "logdata": ""
    },
    {
        "logtime": "2019/07/03 10:01:30",
        "logdata": "url"
    },
    {
        "logtime": "2019/07/03 10:01:30",
        "logdata": "http://apis.juhe.cn/ip/ip2addr?ip=58.23.48.188&key=74bb0395667b8d0588df9ebd6fc36a12"
    },
    {
        "logtime": "2019/07/03 10:01:30",
        "logdata": ""
    },
    {
        "logtime": "2019/07/03 10:01:30",
        "logdata": "url"
    },
    {
        "logtime": "2019/07/03 10:01:30",
        "logdata": "http://apis.juhe.cn/ip/ip2addr?ip=58.23.48.188&key=74bb0395667b8d0588df9ebd6fc36a12"
    },
    {
        "logtime": "2019/07/03 10:01:30",
        "logdata": ""
    },
    {
        "logtime": "2019/07/03 10:01:34",
        "logdata": "error loading module 'game.xiuxian.shuiguolaba.src.views.layer.GameViewLayer' from file '.\\game\\xiuxian\\shuiguolaba\\src\\views\\layer\\GameViewLayer.lua':\n\t...me\\xiuxian\\shuiguolaba\\src\\views\\layer\\GameViewLayer.lua:1753: 'end' expected (to close 'function' at line 935) near '<eof>'\nstack traceback:\n\t[C]: in function 'req'\n\t[string \".\\game/xiuxian/shuiguolaba/src/views/GameLaye...\"]:11: in main chunk\n\t[C]: in function 'require'\n\t[string \".\\client/src/view/mediator/ViewMediator.lua\"]:114: in function 'notify'\n\t[string \".\\framework/puremvc/patterns/observer/Observe...\"]:85: in function 'notifyObserver'\n\t[string \".\\framework/puremvc/core/View.lua\"]:113: in function 'notifyObservers'\n\t[string \".\\framework/puremvc/patterns/facade/Facade.lua\"]:331: in function 'notifyObservers'\n\t[string \".\\framework/puremvc/patterns/facade/Facade.lua\"]:314: in function 'sendNotification'\n\t[string \".\\client/src/plaza/models/GameFrameEngine.lua\"]:619: in function 'LoadGameView'\n\t[string \".\\client/src/plaza/models/GameFrameEngine.lua\"]:230: in function 'onSocketLogonFinish'\n\t[string \".\\client/src/plaza/models/GameFrameEngine.lua\"]:156: in function 'onSocketLogonEvent'\n\t[string \".\\client/src/plaza/models/GameFrameEngine.lua\"]:107: in function 'onSocketEvent'\n\t[string \".\\client/src/plaza/models/BaseFrame.lua\"]:141: in function 'onSocketCallBack'\n\t[string \".\\client/src/plaza/models/BaseFrame.lua\"]:97: in function <[string \".\\client/src/plaza/models/BaseFrame.lua\"]:96>"
    },
    {
        "logtime": "2019/07/03 10:01:43",
        "logdata": "LogonScene.onceExcute"
    },
    {
        "logtime": "2019/07/03 10:01:43",
        "logdata": "http://www.fuannainc.top/"
    },
    {
        "logtime": "2019/07/03 10:01:43",
        "logdata": "url"
    },
    {
        "logtime": "2019/07/03 10:01:43",
        "logdata": "http://www.fuannainc.top//ws/MobileInterface.ashx?action=GetMobileLoginNotice"
    },
    {
        "logtime": "2019/07/03 10:01:43",
        "logdata": ""
    },
    {
        "logtime": "2019/07/03 10:01:47",
        "logdata": "url"
    },
    {
        "logtime": "2019/07/03 10:01:47",
        "logdata": "http://apis.juhe.cn/ip/ip2addr?ip=58.23.48.188&key=74bb0395667b8d0588df9ebd6fc36a12"
    },
    {
        "logtime": "2019/07/03 10:01:47",
        "logdata": ""
    },
    {
        "logtime": "2019/07/03 10:01:47",
        "logdata": "onLogonCallBack"
    },
    {
        "logtime": "2019/07/03 10:01:47",
        "logdata": "http://www.fuannainc.top/"
    },
    {
        "logtime": "2019/07/03 10:01:47",
        "logdata": "url"
    },
    {
        "logtime": "2019/07/03 10:01:47",
        "logdata": "http://www.fuannainc.top//WS/MobileInterface.ashx"
    },
    {
        "logtime": "2019/07/03 10:01:47",
        "logdata": "action=GetMobileShareConfig&userid=120187&time=1562119307&signature=D6F32757F4173E00177807363655BC97"
    },
    {
        "logtime": "2019/07/03 10:01:49",
        "logdata": "url"
    },
    {
        "logtime": "2019/07/03 10:01:49",
        "logdata": "http://www.fuannainc.top//WS/MobileInterface.ashx?action=GetMobileRollNotice"
    },
    {
        "logtime": "2019/07/03 10:01:49",
        "logdata": ""
    },
    {
        "logtime": "2019/07/03 10:01:51",
        "logdata": "url"
    },
    {
        "logtime": "2019/07/03 10:01:51",
        "logdata": "http://apis.juhe.cn/ip/ip2addr?ip=58.23.48.188&key=74bb0395667b8d0588df9ebd6fc36a12"
    },
    {
        "logtime": "2019/07/03 10:01:51",
        "logdata": ""
    },
    {
        "logtime": "2019/07/03 10:01:51",
        "logdata": "url"
    },
    {
        "logtime": "2019/07/03 10:01:51",
        "logdata": "http://apis.juhe.cn/ip/ip2addr?ip=58.23.48.188&key=74bb0395667b8d0588df9ebd6fc36a12"
    },
    {
        "logtime": "2019/07/03 10:01:51",
        "logdata": ""
    },
    {
        "logtime": "2019/07/03 10:01:51",
        "logdata": "url"
    },
    {
        "logtime": "2019/07/03 10:01:51",
        "logdata": "http://apis.juhe.cn/ip/ip2addr?ip=58.23.48.188&key=74bb0395667b8d0588df9ebd6fc36a12"
    },
    {
        "logtime": "2019/07/03 10:01:51",
        "logdata": ""
    },
    {
        "logtime": "2019/07/03 10:01:51",
        "logdata": "url"
    },
    {
        "logtime": "2019/07/03 10:01:51",
        "logdata": "http://apis.juhe.cn/ip/ip2addr?ip=58.23.48.188&key=74bb0395667b8d0588df9ebd6fc36a12"
    },
    {
        "logtime": "2019/07/03 10:01:51",
        "logdata": ""
    },
    {
        "logtime": "2019/07/03 10:01:52",
        "logdata": "error loading module 'game.xiuxian.shuiguolaba.src.views.layer.GameViewLayer' from file '.\\game\\xiuxian\\shuiguolaba\\src\\views\\layer\\GameViewLayer.lua':\n\t...me\\xiuxian\\shuiguolaba\\src\\views\\layer\\GameViewLayer.lua:1753: 'end' expected (to close 'function' at line 935) near '<eof>'\nstack traceback:\n\t[C]: in function 'req'\n\t[string \".\\game/xiuxian/shuiguolaba/src/views/GameLaye...\"]:11: in main chunk\n\t[C]: in function 'require'\n\t[string \".\\client/src/view/mediator/ViewMediator.lua\"]:114: in function 'notify'\n\t[string \".\\framework/puremvc/patterns/observer/Observe...\"]:85: in function 'notifyObserver'\n\t[string \".\\framework/puremvc/core/View.lua\"]:113: in function 'notifyObservers'\n\t[string \".\\framework/puremvc/patterns/facade/Facade.lua\"]:331: in function 'notifyObservers'\n\t[string \".\\framework/puremvc/patterns/facade/Facade.lua\"]:314: in function 'sendNotification'\n\t[string \".\\client/src/plaza/models/GameFrameEngine.lua\"]:619: in function 'LoadGameView'\n\t[string \".\\client/src/plaza/models/GameFrameEngine.lua\"]:230: in function 'onSocketLogonFinish'\n\t[string \".\\client/src/plaza/models/GameFrameEngine.lua\"]:156: in function 'onSocketLogonEvent'\n\t[string \".\\client/src/plaza/models/GameFrameEngine.lua\"]:107: in function 'onSocketEvent'\n\t[string \".\\client/src/plaza/models/BaseFrame.lua\"]:141: in function 'onSocketCallBack'\n\t[string \".\\client/src/plaza/models/BaseFrame.lua\"]:97: in function <[string \".\\client/src/plaza/models/BaseFrame.lua\"]:96>"
    }
]