[
    {
        "logtime": "2019/05/16 16:57:11",
        "logdata": "rto_earn_2url"
    },
    {
        "logtime": "2019/05/16 16:57:11",
        "logdata": "http://www.fuannabbs.top//Mobile/Spread/Info.html?userid=120818&signature=35A8F8EF14F81C75B0AB05D16B6336FC&time=1557997031"
    },
    "url=http://www.fuannabbs.top//Mobile/Spread/Info.html?userid=120818&signature=35A8F8EF14F81C75B0AB05D16B6336FC&time=1557997031",
    {
        "logtime": "2019/05/16 16:57:11",
        "logdata": "rto_earn_3url"
    },
    {
        "logtime": "2019/05/16 16:57:11",
        "logdata": "http://www.fuannabbs.top//Mobile/Spread/Describe.html"
    },
    "url=http://www.fuannabbs.top//Mobile/Spread/Describe.html",
    {
        "logtime": "2019/05/16 16:57:12",
        "logdata": "rto_earn_4url"
    },
    {
        "logtime": "2019/05/16 16:57:12",
        "logdata": "http://www.fuannabbs.top//Mobile/Spread/Withdrawals.html?userid=120818&signature=E79EBB9ED096F34A1EA0BB009BCCE298&time=1557997032"
    },
    "url=http://www.fuannabbs.top//Mobile/Spread/Withdrawals.html?userid=120818&signature=E79EBB9ED096F34A1EA0BB009BCCE298&time=1557997032",
    {
        "logtime": "2019/05/16 16:57:12",
        "logdata": "rto_earn_2url"
    },
    {
        "logtime": "2019/05/16 16:57:12",
        "logdata": "http://www.fuannabbs.top//Mobile/Spread/Info.html?userid=120818&signature=E79EBB9ED096F34A1EA0BB009BCCE298&time=1557997032"
    },
    "url=http://www.fuannabbs.top//Mobile/Spread/Info.html?userid=120818&signature=E79EBB9ED096F34A1EA0BB009BCCE298&time=1557997032",
    {
        "logtime": "2019/05/16 16:57:14",
        "logdata": "rto_earn_2url"
    },
    {
        "logtime": "2019/05/16 16:57:14",
        "logdata": "http://www.fuannabbs.top//Mobile/Spread/Info.html?userid=120818&signature=0AA4FD1F0D503B4BBE8AD8B8FC9CF2A6&time=1557997034"
    },
    "url=http://www.fuannabbs.top//Mobile/Spread/Info.html?userid=120818&signature=0AA4FD1F0D503B4BBE8AD8B8FC9CF2A6&time=1557997034",
    {
        "logtime": "2019/05/16 16:57:15",
        "logdata": "rto_earn_3url"
    },
    {
        "logtime": "2019/05/16 16:57:15",
        "logdata": "http://www.fuannabbs.top//Mobile/Spread/Describe.html"
    },
    "url=http://www.fuannabbs.top//Mobile/Spread/Describe.html",
    {
        "logtime": "2019/05/16 16:57:15",
        "logdata": "rto_earn_4url"
    },
    {
        "logtime": "2019/05/16 16:57:15",
        "logdata": "http://www.fuannabbs.top//Mobile/Spread/Withdrawals.html?userid=120818&signature=73A2BE84D90850999B26D10C24FCC218&time=1557997035"
    },
    "url=http://www.fuannabbs.top//Mobile/Spread/Withdrawals.html?userid=120818&signature=73A2BE84D90850999B26D10C24FCC218&time=1557997035",
    {
        "logtime": "2019/05/16 16:57:25",
        "logdata": "url"
    },
    {
        "logtime": "2019/05/16 16:57:25",
        "logdata": "http://www.fuannabbs.top//ws/MobileInterface.ashx"
    },
    {
        "logtime": "2019/05/16 16:57:25",
        "logdata": "action=getpaylist"
    },
    {
        "logtime": "2019/05/16 16:57:25",
        "logdata": "url"
    },
    {
        "logtime": "2019/05/16 16:57:25",
        "logdata": "http://www.fuannabbs.top//WS/MobileInterface.ashx"
    },
    {
        "logtime": "2019/05/16 16:57:25",
        "logdata": "action=getagentpay"
    }
]