[
    {
        "logtime": "2019/07/01 10:25:49",
        "logdata": "LogonScene.onceExcute"
    },
    {
        "logtime": "2019/07/01 10:25:49",
        "logdata": "http://www.fuannainc.top/"
    },
    {
        "logtime": "2019/07/01 10:25:50",
        "logdata": "url"
    },
    {
        "logtime": "2019/07/01 10:25:50",
        "logdata": "http://www.fuannainc.top//ws/MobileInterface.ashx?action=GetMobileLoginNotice"
    },
    {
        "logtime": "2019/07/01 10:25:50",
        "logdata": ""
    },
    {
        "logtime": "2019/07/01 10:25:53",
        "logdata": "url"
    },
    {
        "logtime": "2019/07/01 10:25:53",
        "logdata": "http://apis.juhe.cn/ip/ip2addr?ip=58.23.48.188&key=74bb0395667b8d0588df9ebd6fc36a12"
    },
    {
        "logtime": "2019/07/01 10:25:53",
        "logdata": ""
    },
    {
        "logtime": "2019/07/01 10:25:53",
        "logdata": "onLogonCallBack"
    },
    {
        "logtime": "2019/07/01 10:25:53",
        "logdata": "http://www.fuannainc.top/"
    },
    {
        "logtime": "2019/07/01 10:25:53",
        "logdata": "url"
    },
    {
        "logtime": "2019/07/01 10:25:53",
        "logdata": "http://www.fuannainc.top//WS/MobileInterface.ashx"
    },
    {
        "logtime": "2019/07/01 10:25:53",
        "logdata": "action=GetMobileShareConfig&userid=119752&time=1561947953&signature=0BD40F5404C11A2E403F899FF1DB6431"
    },
    {
        "logtime": "2019/07/01 10:25:55",
        "logdata": "url"
    },
    {
        "logtime": "2019/07/01 10:25:55",
        "logdata": "http://www.fuannainc.top//WS/MobileInterface.ashx?action=GetMobileRollNotice"
    },
    {
        "logtime": "2019/07/01 10:25:55",
        "logdata": ""
    }
]