[
    {
        "logtime": "2019/07/01 15:49:07",
        "logdata": "LogonScene.onceExcute"
    },
    {
        "logtime": "2019/07/01 15:49:07",
        "logdata": "http://www.fuannainc.top/"
    },
    {
        "logtime": "2019/07/01 15:49:07",
        "logdata": "url"
    },
    {
        "logtime": "2019/07/01 15:49:07",
        "logdata": "http://www.fuannainc.top//ws/MobileInterface.ashx?action=GetMobileLoginNotice"
    },
    {
        "logtime": "2019/07/01 15:49:07",
        "logdata": ""
    },
    {
        "logtime": "2019/07/01 15:49:30",
        "logdata": "LogonScene.onceExcute"
    },
    {
        "logtime": "2019/07/01 15:49:30",
        "logdata": "http://www.fuannainc.top/"
    },
    {
        "logtime": "2019/07/01 15:49:31",
        "logdata": "url"
    },
    {
        "logtime": "2019/07/01 15:49:31",
        "logdata": "http://www.fuannainc.top//ws/MobileInterface.ashx?action=GetMobileLoginNotice"
    },
    {
        "logtime": "2019/07/01 15:49:31",
        "logdata": ""
    },
    {
        "logtime": "2019/07/01 15:49:33",
        "logdata": "url"
    },
    {
        "logtime": "2019/07/01 15:49:33",
        "logdata": "http://apis.juhe.cn/ip/ip2addr?ip=58.23.48.188&key=74bb0395667b8d0588df9ebd6fc36a12"
    },
    {
        "logtime": "2019/07/01 15:49:33",
        "logdata": ""
    },
    {
        "logtime": "2019/07/01 15:49:33",
        "logdata": "onLogonCallBack"
    },
    {
        "logtime": "2019/07/01 15:49:33",
        "logdata": "http://www.fuannainc.top/"
    },
    {
        "logtime": "2019/07/01 15:49:33",
        "logdata": "url"
    },
    {
        "logtime": "2019/07/01 15:49:33",
        "logdata": "http://www.fuannainc.top//WS/MobileInterface.ashx"
    },
    {
        "logtime": "2019/07/01 15:49:33",
        "logdata": "action=GetMobileShareConfig&userid=119888&time=1561967373&signature=2A6FCED2DFD196894CD76D8CFC058AE0"
    },
    {
        "logtime": "2019/07/01 15:49:35",
        "logdata": "url"
    },
    {
        "logtime": "2019/07/01 15:49:35",
        "logdata": "http://www.fuannainc.top//WS/MobileInterface.ashx?action=GetMobileRollNotice"
    },
    {
        "logtime": "2019/07/01 15:49:35",
        "logdata": ""
    },
    {
        "logtime": "2019/07/01 15:49:39",
        "logdata": null
    },
    {
        "logtime": "2019/07/01 15:49:39",
        "logdata": "onEnterGame"
    },
    {
        "logtime": "2019/07/01 15:49:39",
        "logdata": {
            "_ServerResVersion": 10,
            "_Active": true,
            "_KindVersion": "101122049",
            "_KindType": 1,
            "_Module": "xiuxian/shuiguolaba/",
            "_KindID": "406",
            "_Type": "xiuxian",
            "_KindName": "xiuxian.shuiguolaba.",
            "_SortId": 0
        }
    },
    {
        "logtime": "2019/07/01 15:49:39",
        "logdata": "GlobalUserItem.getCurGameKind()"
    },
    {
        "logtime": "2019/07/01 15:49:39",
        "logdata": 406
    },
    {
        "logtime": "2019/07/01 15:49:40",
        "logdata": "url"
    },
    {
        "logtime": "2019/07/01 15:49:40",
        "logdata": "http://apis.juhe.cn/ip/ip2addr?ip=58.23.48.188&key=74bb0395667b8d0588df9ebd6fc36a12"
    },
    {
        "logtime": "2019/07/01 15:49:40",
        "logdata": ""
    },
    {
        "logtime": "2019/07/01 15:49:40",
        "logdata": "url"
    },
    {
        "logtime": "2019/07/01 15:49:40",
        "logdata": "http://apis.juhe.cn/ip/ip2addr?ip=58.23.48.188&key=74bb0395667b8d0588df9ebd6fc36a12"
    },
    {
        "logtime": "2019/07/01 15:49:40",
        "logdata": ""
    },
    {
        "logtime": "2019/07/01 15:49:40",
        "logdata": "url"
    },
    {
        "logtime": "2019/07/01 15:49:40",
        "logdata": "http://apis.juhe.cn/ip/ip2addr?ip=58.23.48.188&key=74bb0395667b8d0588df9ebd6fc36a12"
    },
    {
        "logtime": "2019/07/01 15:49:40",
        "logdata": ""
    },
    {
        "logtime": "2019/07/01 15:49:40",
        "logdata": "url"
    },
    {
        "logtime": "2019/07/01 15:49:40",
        "logdata": "http://apis.juhe.cn/ip/ip2addr?ip=58.23.48.188&key=74bb0395667b8d0588df9ebd6fc36a12"
    },
    {
        "logtime": "2019/07/01 15:49:40",
        "logdata": ""
    },
    {
        "logtime": "2019/07/01 15:49:40",
        "logdata": "url"
    },
    {
        "logtime": "2019/07/01 15:49:40",
        "logdata": "http://apis.juhe.cn/ip/ip2addr?ip=58.23.48.188&key=74bb0395667b8d0588df9ebd6fc36a12"
    },
    {
        "logtime": "2019/07/01 15:49:40",
        "logdata": ""
    },
    {
        "logtime": "2019/07/01 15:49:41",
        "logdata": {
            "_ServerResVersion": 10,
            "_Active": true,
            "_KindVersion": "101122049",
            "_KindType": 1,
            "_Module": "xiuxian/shuiguolaba/",
            "_KindID": "406",
            "_Type": "xiuxian",
            "nSitChair": 65535,
            "_KindName": "xiuxian.shuiguolaba.",
            "nEnterRoomIndex": 1,
            "nSitTable": 65535,
            "_SortId": 0
        }
    },
    {
        "logtime": "2019/07/01 15:49:41",
        "logdata": "modulestr"
    },
    {
        "logtime": "2019/07/01 15:49:41",
        "logdata": "xiuxian/shuiguolaba/"
    }
]