[
    {
        "logtime": "2019/07/03 10:05:17",
        "logdata": "[string \".\\game/xiuxian/shuiguolaba/src/views/layer/Ga...\"]:968: attempt to perform arithmetic on global 'getendtime' (a nil value)\nstack traceback:\n\t[string \".\\game/xiuxian/shuiguolaba/src/views/layer/Ga...\"]:176: in function <[string \".\\game/xiuxian/shuiguolaba/src/views/layer/Ga...\"]:167>"
    },
    {
        "logtime": "2019/07/03 10:05:17",
        "logdata": [
            {
                "main": 3,
                "kindid": 406,
                "len": 4,
                "sub": 11
            },
            {
                "main": 100,
                "kindid": 406,
                "len": 0,
                "sub": 2
            },
            {
                "main": 100,
                "kindid": 406,
                "len": 9,
                "sub": 1
            },
            {
                "main": 100,
                "kindid": 406,
                "len": 0,
                "sub": 2
            },
            {
                "main": 200,
                "kindid": 406,
                "len": 16,
                "sub": 6
            }
        ]
    },
    {
        "logtime": "2019/07/03 10:05:21",
        "logdata": "LogonScene.onceExcute"
    },
    {
        "logtime": "2019/07/03 10:05:21",
        "logdata": "http://www.fuannainc.top/"
    },
    {
        "logtime": "2019/07/03 10:05:21",
        "logdata": "url"
    },
    {
        "logtime": "2019/07/03 10:05:21",
        "logdata": "http://www.fuannainc.top//ws/MobileInterface.ashx?action=GetMobileLoginNotice"
    },
    {
        "logtime": "2019/07/03 10:05:21",
        "logdata": ""
    },
    {
        "logtime": "2019/07/03 10:05:23",
        "logdata": "url"
    },
    {
        "logtime": "2019/07/03 10:05:23",
        "logdata": "http://apis.juhe.cn/ip/ip2addr?ip=58.23.48.188&key=74bb0395667b8d0588df9ebd6fc36a12"
    },
    {
        "logtime": "2019/07/03 10:05:23",
        "logdata": ""
    },
    {
        "logtime": "2019/07/03 10:05:23",
        "logdata": "onLogonCallBack"
    },
    {
        "logtime": "2019/07/03 10:05:23",
        "logdata": "http://www.fuannainc.top/"
    },
    {
        "logtime": "2019/07/03 10:05:23",
        "logdata": "url"
    },
    {
        "logtime": "2019/07/03 10:05:23",
        "logdata": "http://www.fuannainc.top//WS/MobileInterface.ashx"
    },
    {
        "logtime": "2019/07/03 10:05:23",
        "logdata": "action=GetMobileShareConfig&userid=120187&time=1562119523&signature=FB0791553330B2CB9C50741EACE0BAA9"
    },
    {
        "logtime": "2019/07/03 10:05:24",
        "logdata": "url"
    },
    {
        "logtime": "2019/07/03 10:05:24",
        "logdata": "http://www.fuannainc.top//WS/MobileInterface.ashx?action=GetMobileRollNotice"
    },
    {
        "logtime": "2019/07/03 10:05:24",
        "logdata": ""
    },
    {
        "logtime": "2019/07/03 10:05:26",
        "logdata": "url"
    },
    {
        "logtime": "2019/07/03 10:05:26",
        "logdata": "http://apis.juhe.cn/ip/ip2addr?ip=58.23.48.188&key=74bb0395667b8d0588df9ebd6fc36a12"
    },
    {
        "logtime": "2019/07/03 10:05:26",
        "logdata": ""
    },
    {
        "logtime": "2019/07/03 10:05:26",
        "logdata": "url"
    },
    {
        "logtime": "2019/07/03 10:05:26",
        "logdata": "http://apis.juhe.cn/ip/ip2addr?ip=58.23.48.188&key=74bb0395667b8d0588df9ebd6fc36a12"
    },
    {
        "logtime": "2019/07/03 10:05:26",
        "logdata": ""
    },
    {
        "logtime": "2019/07/03 10:05:26",
        "logdata": "url"
    },
    {
        "logtime": "2019/07/03 10:05:26",
        "logdata": "http://apis.juhe.cn/ip/ip2addr?ip=58.23.48.188&key=74bb0395667b8d0588df9ebd6fc36a12"
    },
    {
        "logtime": "2019/07/03 10:05:26",
        "logdata": ""
    },
    {
        "logtime": "2019/07/03 10:05:26",
        "logdata": "url"
    },
    {
        "logtime": "2019/07/03 10:05:26",
        "logdata": "http://apis.juhe.cn/ip/ip2addr?ip=58.23.48.188&key=74bb0395667b8d0588df9ebd6fc36a12"
    },
    {
        "logtime": "2019/07/03 10:05:26",
        "logdata": ""
    },
    {
        "logtime": "2019/07/03 10:05:26",
        "logdata": {
            "_ServerResVersion": 10,
            "_Active": true,
            "_KindVersion": "101122049",
            "_KindType": 1,
            "_Module": "xiuxian/shuiguolaba/",
            "_KindID": "406",
            "_Type": "xiuxian",
            "_KindName": "xiuxian.shuiguolaba.",
            "nEnterRoomIndex": 1,
            "_SortId": 0
        }
    },
    {
        "logtime": "2019/07/03 10:05:26",
        "logdata": "modulestr"
    },
    {
        "logtime": "2019/07/03 10:05:26",
        "logdata": "xiuxian/shuiguolaba/"
    },
    {
        "logtime": "2019/07/03 10:05:30",
        "logdata": null
    },
    {
        "logtime": "2019/07/03 10:05:30",
        "logdata": "onEnterGame"
    },
    {
        "logtime": "2019/07/03 10:05:30",
        "logdata": {
            "_ServerResVersion": 10,
            "_Active": true,
            "_KindVersion": "101122049",
            "_KindType": 1,
            "_Module": "xiuxian/shuiguolaba/",
            "_KindID": "406",
            "_Type": "xiuxian",
            "_KindName": "xiuxian.shuiguolaba.",
            "nEnterRoomIndex": 1,
            "_SortId": 0
        }
    },
    {
        "logtime": "2019/07/03 10:05:31",
        "logdata": "GlobalUserItem.getCurGameKind()"
    },
    {
        "logtime": "2019/07/03 10:05:31",
        "logdata": 406
    },
    {
        "logtime": "2019/07/03 10:05:32",
        "logdata": "url"
    },
    {
        "logtime": "2019/07/03 10:05:32",
        "logdata": "http://apis.juhe.cn/ip/ip2addr?ip=58.23.48.188&key=74bb0395667b8d0588df9ebd6fc36a12"
    },
    {
        "logtime": "2019/07/03 10:05:32",
        "logdata": ""
    },
    {
        "logtime": "2019/07/03 10:05:32",
        "logdata": "url"
    },
    {
        "logtime": "2019/07/03 10:05:32",
        "logdata": "http://apis.juhe.cn/ip/ip2addr?ip=58.23.48.188&key=74bb0395667b8d0588df9ebd6fc36a12"
    },
    {
        "logtime": "2019/07/03 10:05:32",
        "logdata": ""
    },
    {
        "logtime": "2019/07/03 10:05:32",
        "logdata": "url"
    },
    {
        "logtime": "2019/07/03 10:05:32",
        "logdata": "http://apis.juhe.cn/ip/ip2addr?ip=58.23.48.188&key=74bb0395667b8d0588df9ebd6fc36a12"
    },
    {
        "logtime": "2019/07/03 10:05:32",
        "logdata": ""
    },
    {
        "logtime": "2019/07/03 10:05:32",
        "logdata": "url"
    },
    {
        "logtime": "2019/07/03 10:05:32",
        "logdata": "http://apis.juhe.cn/ip/ip2addr?ip=58.23.48.188&key=74bb0395667b8d0588df9ebd6fc36a12"
    },
    {
        "logtime": "2019/07/03 10:05:32",
        "logdata": ""
    },
    {
        "logtime": "2019/07/03 10:05:32",
        "logdata": {
            "_ServerResVersion": 10,
            "_Active": true,
            "_KindVersion": "101122049",
            "_KindType": 1,
            "_Module": "xiuxian/shuiguolaba/",
            "_KindID": "406",
            "_Type": "xiuxian",
            "nSitChair": 65535,
            "_KindName": "xiuxian.shuiguolaba.",
            "nEnterRoomIndex": 1,
            "nSitTable": 65535,
            "_SortId": 0
        }
    },
    {
        "logtime": "2019/07/03 10:05:32",
        "logdata": "modulestr"
    },
    {
        "logtime": "2019/07/03 10:05:32",
        "logdata": "xiuxian/shuiguolaba/"
    }
]