[
    {
        "logtime": "2019/06/17 16:23:33",
        "logdata": null
    },
    {
        "logtime": "2019/06/17 16:23:33",
        "logdata": "onEnterGame"
    },
    {
        "logtime": "2019/06/17 16:23:33",
        "logdata": {
            "_ServerResVersion": 4,
            "_Active": true,
            "_KindVersion": "101122049",
            "_KindType": 3,
            "_Module": "yule/oxbattle/",
            "_KindID": "104",
            "_Type": "yule",
            "nSitChair": 65535,
            "_KindName": "yule.oxbattle.",
            "nEnterRoomIndex": 1,
            "nSitTable": 65535,
            "_SortId": 7
        }
    },
    {
        "logtime": "2019/06/17 16:23:33",
        "logdata": "url"
    },
    {
        "logtime": "2019/06/17 16:23:33",
        "logdata": "http://apis.juhe.cn/ip/ip2addr?ip=36.249.132.170&key=74bb0395667b8d0588df9ebd6fc36a12"
    },
    {
        "logtime": "2019/06/17 16:23:33",
        "logdata": ""
    },
    {
        "logtime": "2019/06/17 16:23:33",
        "logdata": "url"
    },
    {
        "logtime": "2019/06/17 16:23:33",
        "logdata": "http://apis.juhe.cn/ip/ip2addr?ip=121.76.106.14&key=74bb0395667b8d0588df9ebd6fc36a12"
    },
    {
        "logtime": "2019/06/17 16:23:33",
        "logdata": ""
    },
    {
        "logtime": "2019/06/17 16:23:33",
        "logdata": "url"
    },
    {
        "logtime": "2019/06/17 16:23:33",
        "logdata": "http://apis.juhe.cn/ip/ip2addr?ip=36.59.92.162&key=74bb0395667b8d0588df9ebd6fc36a12"
    },
    {
        "logtime": "2019/06/17 16:23:33",
        "logdata": ""
    },
    {
        "logtime": "2019/06/17 16:23:33",
        "logdata": "url"
    },
    {
        "logtime": "2019/06/17 16:23:33",
        "logdata": "http://apis.juhe.cn/ip/ip2addr?ip=106.93.23.141&key=74bb0395667b8d0588df9ebd6fc36a12"
    },
    {
        "logtime": "2019/06/17 16:23:33",
        "logdata": ""
    },
    {
        "logtime": "2019/06/17 16:23:33",
        "logdata": "url"
    },
    {
        "logtime": "2019/06/17 16:23:33",
        "logdata": "http://apis.juhe.cn/ip/ip2addr?ip=61.236.239.151&key=74bb0395667b8d0588df9ebd6fc36a12"
    },
    {
        "logtime": "2019/06/17 16:23:33",
        "logdata": ""
    },
    {
        "logtime": "2019/06/17 16:23:33",
        "logdata": "url"
    },
    {
        "logtime": "2019/06/17 16:23:33",
        "logdata": "http://apis.juhe.cn/ip/ip2addr?ip=182.82.39.250&key=74bb0395667b8d0588df9ebd6fc36a12"
    },
    {
        "logtime": "2019/06/17 16:23:33",
        "logdata": ""
    },
    {
        "logtime": "2019/06/17 16:23:33",
        "logdata": "url"
    },
    {
        "logtime": "2019/06/17 16:23:33",
        "logdata": "http://apis.juhe.cn/ip/ip2addr?ip=139.214.164.107&key=74bb0395667b8d0588df9ebd6fc36a12"
    },
    {
        "logtime": "2019/06/17 16:23:33",
        "logdata": ""
    },
    {
        "logtime": "2019/06/17 16:23:33",
        "logdata": "url"
    },
    {
        "logtime": "2019/06/17 16:23:33",
        "logdata": "http://apis.juhe.cn/ip/ip2addr?ip=123.235.212.130&key=74bb0395667b8d0588df9ebd6fc36a12"
    },
    {
        "logtime": "2019/06/17 16:23:33",
        "logdata": ""
    },
    {
        "logtime": "2019/06/17 16:23:33",
        "logdata": "url"
    },
    {
        "logtime": "2019/06/17 16:23:33",
        "logdata": "http://apis.juhe.cn/ip/ip2addr?ip=182.84.44.87&key=74bb0395667b8d0588df9ebd6fc36a12"
    },
    {
        "logtime": "2019/06/17 16:23:33",
        "logdata": ""
    },
    {
        "logtime": "2019/06/17 16:23:33",
        "logdata": "url"
    },
    {
        "logtime": "2019/06/17 16:23:33",
        "logdata": "http://apis.juhe.cn/ip/ip2addr?ip=36.60.66.2&key=74bb0395667b8d0588df9ebd6fc36a12"
    },
    {
        "logtime": "2019/06/17 16:23:33",
        "logdata": ""
    },
    {
        "logtime": "2019/06/17 16:23:33",
        "logdata": "url"
    },
    {
        "logtime": "2019/06/17 16:23:33",
        "logdata": "http://apis.juhe.cn/ip/ip2addr?ip=123.234.23.189&key=74bb0395667b8d0588df9ebd6fc36a12"
    },
    {
        "logtime": "2019/06/17 16:23:33",
        "logdata": ""
    },
    {
        "logtime": "2019/06/17 16:23:33",
        "logdata": "url"
    },
    {
        "logtime": "2019/06/17 16:23:33",
        "logdata": "http://apis.juhe.cn/ip/ip2addr?ip=210.46.44.122&key=74bb0395667b8d0588df9ebd6fc36a12"
    },
    {
        "logtime": "2019/06/17 16:23:33",
        "logdata": ""
    },
    {
        "logtime": "2019/06/17 16:23:33",
        "logdata": "url"
    },
    {
        "logtime": "2019/06/17 16:23:33",
        "logdata": "http://apis.juhe.cn/ip/ip2addr?ip=139.200.74.246&key=74bb0395667b8d0588df9ebd6fc36a12"
    },
    {
        "logtime": "2019/06/17 16:23:33",
        "logdata": ""
    },
    {
        "logtime": "2019/06/17 16:23:33",
        "logdata": "url"
    },
    {
        "logtime": "2019/06/17 16:23:33",
        "logdata": "http://apis.juhe.cn/ip/ip2addr?ip=210.30.65.130&key=74bb0395667b8d0588df9ebd6fc36a12"
    },
    {
        "logtime": "2019/06/17 16:23:33",
        "logdata": ""
    },
    {
        "logtime": "2019/06/17 16:23:33",
        "logdata": "url"
    },
    {
        "logtime": "2019/06/17 16:23:33",
        "logdata": "http://apis.juhe.cn/ip/ip2addr?ip=61.232.26.111&key=74bb0395667b8d0588df9ebd6fc36a12"
    },
    {
        "logtime": "2019/06/17 16:23:33",
        "logdata": ""
    },
    {
        "logtime": "2019/06/17 16:23:33",
        "logdata": "url"
    },
    {
        "logtime": "2019/06/17 16:23:33",
        "logdata": "http://apis.juhe.cn/ip/ip2addr?ip=182.85.13.153&key=74bb0395667b8d0588df9ebd6fc36a12"
    },
    {
        "logtime": "2019/06/17 16:23:33",
        "logdata": ""
    },
    {
        "logtime": "2019/06/17 16:23:33",
        "logdata": "url"
    },
    {
        "logtime": "2019/06/17 16:23:33",
        "logdata": "http://apis.juhe.cn/ip/ip2addr?ip=222.95.169.247&key=74bb0395667b8d0588df9ebd6fc36a12"
    },
    {
        "logtime": "2019/06/17 16:23:33",
        "logdata": ""
    },
    {
        "logtime": "2019/06/17 16:23:33",
        "logdata": "url"
    },
    {
        "logtime": "2019/06/17 16:23:33",
        "logdata": "http://apis.juhe.cn/ip/ip2addr?ip=210.32.188.17&key=74bb0395667b8d0588df9ebd6fc36a12"
    },
    {
        "logtime": "2019/06/17 16:23:33",
        "logdata": ""
    },
    {
        "logtime": "2019/06/17 16:23:33",
        "logdata": "url"
    },
    {
        "logtime": "2019/06/17 16:23:33",
        "logdata": "http://apis.juhe.cn/ip/ip2addr?ip=139.203.168.100&key=74bb0395667b8d0588df9ebd6fc36a12"
    },
    {
        "logtime": "2019/06/17 16:23:33",
        "logdata": ""
    },
    {
        "logtime": "2019/06/17 16:23:33",
        "logdata": "url"
    },
    {
        "logtime": "2019/06/17 16:23:33",
        "logdata": "http://apis.juhe.cn/ip/ip2addr?ip=139.204.181.81&key=74bb0395667b8d0588df9ebd6fc36a12"
    },
    {
        "logtime": "2019/06/17 16:23:33",
        "logdata": ""
    },
    {
        "logtime": "2019/06/17 16:23:33",
        "logdata": "url"
    },
    {
        "logtime": "2019/06/17 16:23:33",
        "logdata": "http://apis.juhe.cn/ip/ip2addr?ip=61.233.156.85&key=74bb0395667b8d0588df9ebd6fc36a12"
    },
    {
        "logtime": "2019/06/17 16:23:33",
        "logdata": ""
    },
    {
        "logtime": "2019/06/17 16:23:33",
        "logdata": "url"
    },
    {
        "logtime": "2019/06/17 16:23:33",
        "logdata": "http://apis.juhe.cn/ip/ip2addr?ip=139.198.118.252&key=74bb0395667b8d0588df9ebd6fc36a12"
    },
    {
        "logtime": "2019/06/17 16:23:33",
        "logdata": ""
    },
    {
        "logtime": "2019/06/17 16:23:33",
        "logdata": "url"
    },
    {
        "logtime": "2019/06/17 16:23:33",
        "logdata": "http://apis.juhe.cn/ip/ip2addr?ip=222.73.185.252&key=74bb0395667b8d0588df9ebd6fc36a12"
    },
    {
        "logtime": "2019/06/17 16:23:33",
        "logdata": ""
    },
    {
        "logtime": "2019/06/17 16:23:33",
        "logdata": "url"
    },
    {
        "logtime": "2019/06/17 16:23:33",
        "logdata": "http://apis.juhe.cn/ip/ip2addr?ip=222.18.191.24&key=74bb0395667b8d0588df9ebd6fc36a12"
    },
    {
        "logtime": "2019/06/17 16:23:33",
        "logdata": ""
    },
    {
        "logtime": "2019/06/17 16:23:33",
        "logdata": "url"
    },
    {
        "logtime": "2019/06/17 16:23:33",
        "logdata": "http://apis.juhe.cn/ip/ip2addr?ip=36.57.205.187&key=74bb0395667b8d0588df9ebd6fc36a12"
    },
    {
        "logtime": "2019/06/17 16:23:33",
        "logdata": ""
    },
    {
        "logtime": "2019/06/17 16:23:33",
        "logdata": "url"
    },
    {
        "logtime": "2019/06/17 16:23:33",
        "logdata": "http://apis.juhe.cn/ip/ip2addr?ip=171.13.62.11&key=74bb0395667b8d0588df9ebd6fc36a12"
    },
    {
        "logtime": "2019/06/17 16:23:33",
        "logdata": ""
    },
    {
        "logtime": "2019/06/17 16:23:33",
        "logdata": "url"
    },
    {
        "logtime": "2019/06/17 16:23:33",
        "logdata": "http://apis.juhe.cn/ip/ip2addr?ip=210.29.152.21&key=74bb0395667b8d0588df9ebd6fc36a12"
    },
    {
        "logtime": "2019/06/17 16:23:33",
        "logdata": ""
    },
    {
        "logtime": "2019/06/17 16:23:33",
        "logdata": "url"
    },
    {
        "logtime": "2019/06/17 16:23:33",
        "logdata": "http://apis.juhe.cn/ip/ip2addr?ip=139.206.232.116&key=74bb0395667b8d0588df9ebd6fc36a12"
    },
    {
        "logtime": "2019/06/17 16:23:33",
        "logdata": ""
    },
    {
        "logtime": "2019/06/17 16:23:33",
        "logdata": "url"
    },
    {
        "logtime": "2019/06/17 16:23:33",
        "logdata": "http://apis.juhe.cn/ip/ip2addr?ip=36.61.27.104&key=74bb0395667b8d0588df9ebd6fc36a12"
    },
    {
        "logtime": "2019/06/17 16:23:33",
        "logdata": ""
    },
    {
        "logtime": "2019/06/17 16:23:33",
        "logdata": "url"
    },
    {
        "logtime": "2019/06/17 16:23:33",
        "logdata": "http://apis.juhe.cn/ip/ip2addr?ip=222.32.27.232&key=74bb0395667b8d0588df9ebd6fc36a12"
    },
    {
        "logtime": "2019/06/17 16:23:33",
        "logdata": ""
    },
    {
        "logtime": "2019/06/17 16:23:33",
        "logdata": "url"
    },
    {
        "logtime": "2019/06/17 16:23:33",
        "logdata": "http://apis.juhe.cn/ip/ip2addr?ip=121.76.36.203&key=74bb0395667b8d0588df9ebd6fc36a12"
    },
    {
        "logtime": "2019/06/17 16:23:33",
        "logdata": ""
    },
    {
        "logtime": "2019/06/17 16:23:33",
        "logdata": "url"
    },
    {
        "logtime": "2019/06/17 16:23:33",
        "logdata": "http://apis.juhe.cn/ip/ip2addr?ip=171.8.83.50&key=74bb0395667b8d0588df9ebd6fc36a12"
    },
    {
        "logtime": "2019/06/17 16:23:33",
        "logdata": ""
    },
    {
        "logtime": "2019/06/17 16:23:33",
        "logdata": "url"
    },
    {
        "logtime": "2019/06/17 16:23:33",
        "logdata": "http://apis.juhe.cn/ip/ip2addr?ip=123.234.37.100&key=74bb0395667b8d0588df9ebd6fc36a12"
    },
    {
        "logtime": "2019/06/17 16:23:33",
        "logdata": ""
    },
    {
        "logtime": "2019/06/17 16:23:33",
        "logdata": "url"
    },
    {
        "logtime": "2019/06/17 16:23:33",
        "logdata": "http://apis.juhe.cn/ip/ip2addr?ip=139.201.35.79&key=74bb0395667b8d0588df9ebd6fc36a12"
    },
    {
        "logtime": "2019/06/17 16:23:33",
        "logdata": ""
    },
    {
        "logtime": "2019/06/17 16:23:33",
        "logdata": "url"
    },
    {
        "logtime": "2019/06/17 16:23:33",
        "logdata": "http://apis.juhe.cn/ip/ip2addr?ip=210.47.89.37&key=74bb0395667b8d0588df9ebd6fc36a12"
    },
    {
        "logtime": "2019/06/17 16:23:33",
        "logdata": ""
    },
    {
        "logtime": "2019/06/17 16:23:33",
        "logdata": "url"
    },
    {
        "logtime": "2019/06/17 16:23:33",
        "logdata": "http://apis.juhe.cn/ip/ip2addr?ip=139.200.52.131&key=74bb0395667b8d0588df9ebd6fc36a12"
    },
    {
        "logtime": "2019/06/17 16:23:33",
        "logdata": ""
    },
    {
        "logtime": "2019/06/17 16:23:33",
        "logdata": "url"
    },
    {
        "logtime": "2019/06/17 16:23:33",
        "logdata": "http://apis.juhe.cn/ip/ip2addr?ip=61.236.18.232&key=74bb0395667b8d0588df9ebd6fc36a12"
    },
    {
        "logtime": "2019/06/17 16:23:33",
        "logdata": ""
    },
    {
        "logtime": "2019/06/17 16:23:33",
        "logdata": "url"
    },
    {
        "logtime": "2019/06/17 16:23:33",
        "logdata": "http://apis.juhe.cn/ip/ip2addr?ip=171.9.254.92&key=74bb0395667b8d0588df9ebd6fc36a12"
    },
    {
        "logtime": "2019/06/17 16:23:33",
        "logdata": ""
    },
    {
        "logtime": "2019/06/17 16:23:33",
        "logdata": "url"
    },
    {
        "logtime": "2019/06/17 16:23:33",
        "logdata": "http://apis.juhe.cn/ip/ip2addr?ip=210.25.121.160&key=74bb0395667b8d0588df9ebd6fc36a12"
    },
    {
        "logtime": "2019/06/17 16:23:33",
        "logdata": ""
    },
    {
        "logtime": "2019/06/17 16:23:33",
        "logdata": "url"
    },
    {
        "logtime": "2019/06/17 16:23:33",
        "logdata": "http://apis.juhe.cn/ip/ip2addr?ip=222.42.19.213&key=74bb0395667b8d0588df9ebd6fc36a12"
    },
    {
        "logtime": "2019/06/17 16:23:33",
        "logdata": ""
    },
    {
        "logtime": "2019/06/17 16:23:33",
        "logdata": "url"
    },
    {
        "logtime": "2019/06/17 16:23:33",
        "logdata": "http://apis.juhe.cn/ip/ip2addr?ip=210.38.247.117&key=74bb0395667b8d0588df9ebd6fc36a12"
    },
    {
        "logtime": "2019/06/17 16:23:33",
        "logdata": ""
    },
    {
        "logtime": "2019/06/17 16:23:33",
        "logdata": "url"
    },
    {
        "logtime": "2019/06/17 16:23:33",
        "logdata": "http://apis.juhe.cn/ip/ip2addr?ip=106.89.55.252&key=74bb0395667b8d0588df9ebd6fc36a12"
    },
    {
        "logtime": "2019/06/17 16:23:33",
        "logdata": ""
    },
    {
        "logtime": "2019/06/17 16:23:33",
        "logdata": "url"
    },
    {
        "logtime": "2019/06/17 16:23:33",
        "logdata": "http://apis.juhe.cn/ip/ip2addr?ip=210.35.69.239&key=74bb0395667b8d0588df9ebd6fc36a12"
    },
    {
        "logtime": "2019/06/17 16:23:33",
        "logdata": ""
    },
    {
        "logtime": "2019/06/17 16:23:33",
        "logdata": "url"
    },
    {
        "logtime": "2019/06/17 16:23:33",
        "logdata": "http://apis.juhe.cn/ip/ip2addr?ip=171.13.237.77&key=74bb0395667b8d0588df9ebd6fc36a12"
    },
    {
        "logtime": "2019/06/17 16:23:33",
        "logdata": ""
    },
    {
        "logtime": "2019/06/17 16:23:33",
        "logdata": "url"
    },
    {
        "logtime": "2019/06/17 16:23:34",
        "logdata": "http://apis.juhe.cn/ip/ip2addr?ip=121.77.165.47&key=74bb0395667b8d0588df9ebd6fc36a12"
    },
    {
        "logtime": "2019/06/17 16:23:34",
        "logdata": ""
    },
    {
        "logtime": "2019/06/17 16:23:34",
        "logdata": "url"
    },
    {
        "logtime": "2019/06/17 16:23:34",
        "logdata": "http://apis.juhe.cn/ip/ip2addr?ip=121.76.67.114&key=74bb0395667b8d0588df9ebd6fc36a12"
    },
    {
        "logtime": "2019/06/17 16:23:34",
        "logdata": ""
    },
    {
        "logtime": "2019/06/17 16:23:34",
        "logdata": "url"
    },
    {
        "logtime": "2019/06/17 16:23:34",
        "logdata": "http://apis.juhe.cn/ip/ip2addr?ip=36.60.98.11&key=74bb0395667b8d0588df9ebd6fc36a12"
    },
    {
        "logtime": "2019/06/17 16:23:34",
        "logdata": ""
    },
    {
        "logtime": "2019/06/17 16:23:34",
        "logdata": "url"
    },
    {
        "logtime": "2019/06/17 16:23:34",
        "logdata": "http://apis.juhe.cn/ip/ip2addr?ip=210.38.55.152&key=74bb0395667b8d0588df9ebd6fc36a12"
    },
    {
        "logtime": "2019/06/17 16:23:34",
        "logdata": ""
    },
    {
        "logtime": "2019/06/17 16:23:34",
        "logdata": "url"
    },
    {
        "logtime": "2019/06/17 16:23:34",
        "logdata": "http://apis.juhe.cn/ip/ip2addr?ip=123.235.18.100&key=74bb0395667b8d0588df9ebd6fc36a12"
    },
    {
        "logtime": "2019/06/17 16:23:34",
        "logdata": ""
    },
    {
        "logtime": "2019/06/17 16:23:34",
        "logdata": "url"
    },
    {
        "logtime": "2019/06/17 16:23:34",
        "logdata": "http://apis.juhe.cn/ip/ip2addr?ip=222.33.175.140&key=74bb0395667b8d0588df9ebd6fc36a12"
    },
    {
        "logtime": "2019/06/17 16:23:34",
        "logdata": ""
    },
    {
        "logtime": "2019/06/17 16:23:34",
        "logdata": "url"
    },
    {
        "logtime": "2019/06/17 16:23:34",
        "logdata": "http://apis.juhe.cn/ip/ip2addr?ip=210.34.169.102&key=74bb0395667b8d0588df9ebd6fc36a12"
    },
    {
        "logtime": "2019/06/17 16:23:34",
        "logdata": ""
    },
    {
        "logtime": "2019/06/17 16:23:34",
        "logdata": "url"
    },
    {
        "logtime": "2019/06/17 16:23:34",
        "logdata": "http://apis.juhe.cn/ip/ip2addr?ip=222.48.155.101&key=74bb0395667b8d0588df9ebd6fc36a12"
    },
    {
        "logtime": "2019/06/17 16:23:34",
        "logdata": ""
    },
    {
        "logtime": "2019/06/17 16:23:34",
        "logdata": "url"
    },
    {
        "logtime": "2019/06/17 16:23:34",
        "logdata": "http://apis.juhe.cn/ip/ip2addr?ip=123.232.0.66&key=74bb0395667b8d0588df9ebd6fc36a12"
    },
    {
        "logtime": "2019/06/17 16:23:34",
        "logdata": ""
    },
    {
        "logtime": "2019/06/17 16:23:34",
        "logdata": "url"
    },
    {
        "logtime": "2019/06/17 16:23:34",
        "logdata": "http://apis.juhe.cn/ip/ip2addr?ip=210.41.198.14&key=74bb0395667b8d0588df9ebd6fc36a12"
    },
    {
        "logtime": "2019/06/17 16:23:34",
        "logdata": ""
    },
    {
        "logtime": "2019/06/17 16:23:34",
        "logdata": "url"
    },
    {
        "logtime": "2019/06/17 16:23:34",
        "logdata": "http://apis.juhe.cn/ip/ip2addr?ip=106.83.51.254&key=74bb0395667b8d0588df9ebd6fc36a12"
    },
    {
        "logtime": "2019/06/17 16:23:34",
        "logdata": ""
    },
    {
        "logtime": "2019/06/17 16:23:34",
        "logdata": "url"
    },
    {
        "logtime": "2019/06/17 16:23:34",
        "logdata": "http://apis.juhe.cn/ip/ip2addr?ip=182.82.211.202&key=74bb0395667b8d0588df9ebd6fc36a12"
    },
    {
        "logtime": "2019/06/17 16:23:34",
        "logdata": ""
    },
    {
        "logtime": "2019/06/17 16:23:34",
        "logdata": "url"
    },
    {
        "logtime": "2019/06/17 16:23:34",
        "logdata": "http://apis.juhe.cn/ip/ip2addr?ip=171.11.13.132&key=74bb0395667b8d0588df9ebd6fc36a12"
    },
    {
        "logtime": "2019/06/17 16:23:34",
        "logdata": ""
    },
    {
        "logtime": "2019/06/17 16:23:34",
        "logdata": "url"
    },
    {
        "logtime": "2019/06/17 16:23:34",
        "logdata": "http://apis.juhe.cn/ip/ip2addr?ip=222.47.107.211&key=74bb0395667b8d0588df9ebd6fc36a12"
    },
    {
        "logtime": "2019/06/17 16:23:34",
        "logdata": ""
    },
    {
        "logtime": "2019/06/17 16:23:34",
        "logdata": "url"
    },
    {
        "logtime": "2019/06/17 16:23:34",
        "logdata": "http://apis.juhe.cn/ip/ip2addr?ip=210.30.173.233&key=74bb0395667b8d0588df9ebd6fc36a12"
    },
    {
        "logtime": "2019/06/17 16:23:34",
        "logdata": ""
    },
    {
        "logtime": "2019/06/17 16:23:34",
        "logdata": "url"
    },
    {
        "logtime": "2019/06/17 16:23:34",
        "logdata": "http://apis.juhe.cn/ip/ip2addr?ip=139.208.35.125&key=74bb0395667b8d0588df9ebd6fc36a12"
    },
    {
        "logtime": "2019/06/17 16:23:34",
        "logdata": ""
    },
    {
        "logtime": "2019/06/17 16:23:34",
        "logdata": "url"
    },
    {
        "logtime": "2019/06/17 16:23:34",
        "logdata": "http://apis.juhe.cn/ip/ip2addr?ip=182.89.105.187&key=74bb0395667b8d0588df9ebd6fc36a12"
    },
    {
        "logtime": "2019/06/17 16:23:34",
        "logdata": ""
    },
    {
        "logtime": "2019/06/17 16:23:34",
        "logdata": "url"
    },
    {
        "logtime": "2019/06/17 16:23:34",
        "logdata": "http://apis.juhe.cn/ip/ip2addr?ip=210.43.129.185&key=74bb0395667b8d0588df9ebd6fc36a12"
    },
    {
        "logtime": "2019/06/17 16:23:34",
        "logdata": ""
    },
    {
        "logtime": "2019/06/17 16:23:34",
        "logdata": "url"
    },
    {
        "logtime": "2019/06/17 16:23:34",
        "logdata": "http://apis.juhe.cn/ip/ip2addr?ip=123.233.75.113&key=74bb0395667b8d0588df9ebd6fc36a12"
    },
    {
        "logtime": "2019/06/17 16:23:34",
        "logdata": ""
    },
    {
        "logtime": "2019/06/17 16:23:34",
        "logdata": "url"
    },
    {
        "logtime": "2019/06/17 16:23:34",
        "logdata": "http://apis.juhe.cn/ip/ip2addr?ip=210.44.13.189&key=74bb0395667b8d0588df9ebd6fc36a12"
    },
    {
        "logtime": "2019/06/17 16:23:34",
        "logdata": ""
    },
    {
        "logtime": "2019/06/17 16:23:34",
        "logdata": "url"
    },
    {
        "logtime": "2019/06/17 16:23:34",
        "logdata": "http://apis.juhe.cn/ip/ip2addr?ip=36.60.29.177&key=74bb0395667b8d0588df9ebd6fc36a12"
    },
    {
        "logtime": "2019/06/17 16:23:34",
        "logdata": ""
    },
    {
        "logtime": "2019/06/17 16:23:34",
        "logdata": "url"
    },
    {
        "logtime": "2019/06/17 16:23:34",
        "logdata": "http://apis.juhe.cn/ip/ip2addr?ip=171.10.154.60&key=74bb0395667b8d0588df9ebd6fc36a12"
    },
    {
        "logtime": "2019/06/17 16:23:34",
        "logdata": ""
    },
    {
        "logtime": "2019/06/17 16:23:34",
        "logdata": "url"
    },
    {
        "logtime": "2019/06/17 16:23:34",
        "logdata": "http://apis.juhe.cn/ip/ip2addr?ip=210.26.124.25&key=74bb0395667b8d0588df9ebd6fc36a12"
    },
    {
        "logtime": "2019/06/17 16:23:34",
        "logdata": ""
    },
    {
        "logtime": "2019/06/17 16:23:34",
        "logdata": "url"
    },
    {
        "logtime": "2019/06/17 16:23:34",
        "logdata": "http://apis.juhe.cn/ip/ip2addr?ip=210.43.39.111&key=74bb0395667b8d0588df9ebd6fc36a12"
    },
    {
        "logtime": "2019/06/17 16:23:34",
        "logdata": ""
    },
    {
        "logtime": "2019/06/17 16:23:34",
        "logdata": "url"
    },
    {
        "logtime": "2019/06/17 16:23:34",
        "logdata": "http://apis.juhe.cn/ip/ip2addr?ip=36.58.39.125&key=74bb0395667b8d0588df9ebd6fc36a12"
    },
    {
        "logtime": "2019/06/17 16:23:34",
        "logdata": ""
    },
    {
        "logtime": "2019/06/17 16:23:34",
        "logdata": "url"
    },
    {
        "logtime": "2019/06/17 16:23:34",
        "logdata": "http://apis.juhe.cn/ip/ip2addr?ip=61.236.99.133&key=74bb0395667b8d0588df9ebd6fc36a12"
    },
    {
        "logtime": "2019/06/17 16:23:34",
        "logdata": ""
    },
    {
        "logtime": "2019/06/17 16:23:34",
        "logdata": "url"
    },
    {
        "logtime": "2019/06/17 16:23:34",
        "logdata": "http://apis.juhe.cn/ip/ip2addr?ip=182.83.53.115&key=74bb0395667b8d0588df9ebd6fc36a12"
    },
    {
        "logtime": "2019/06/17 16:23:34",
        "logdata": ""
    },
    {
        "logtime": "2019/06/17 16:23:34",
        "logdata": "url"
    },
    {
        "logtime": "2019/06/17 16:23:34",
        "logdata": "http://apis.juhe.cn/ip/ip2addr?ip=171.13.73.50&key=74bb0395667b8d0588df9ebd6fc36a12"
    },
    {
        "logtime": "2019/06/17 16:23:34",
        "logdata": ""
    },
    {
        "logtime": "2019/06/17 16:23:34",
        "logdata": "url"
    },
    {
        "logtime": "2019/06/17 16:23:34",
        "logdata": "http://apis.juhe.cn/ip/ip2addr?ip=222.88.151.217&key=74bb0395667b8d0588df9ebd6fc36a12"
    },
    {
        "logtime": "2019/06/17 16:23:34",
        "logdata": ""
    },
    {
        "logtime": "2019/06/17 16:23:34",
        "logdata": "url"
    },
    {
        "logtime": "2019/06/17 16:23:34",
        "logdata": "http://apis.juhe.cn/ip/ip2addr?ip=222.16.122.158&key=74bb0395667b8d0588df9ebd6fc36a12"
    },
    {
        "logtime": "2019/06/17 16:23:34",
        "logdata": ""
    },
    {
        "logtime": "2019/06/17 16:23:34",
        "logdata": "url"
    },
    {
        "logtime": "2019/06/17 16:23:34",
        "logdata": "http://apis.juhe.cn/ip/ip2addr?ip=171.8.33.215&key=74bb0395667b8d0588df9ebd6fc36a12"
    },
    {
        "logtime": "2019/06/17 16:23:34",
        "logdata": ""
    },
    {
        "logtime": "2019/06/17 16:23:34",
        "logdata": "url"
    },
    {
        "logtime": "2019/06/17 16:23:34",
        "logdata": "http://apis.juhe.cn/ip/ip2addr?ip=36.57.127.148&key=74bb0395667b8d0588df9ebd6fc36a12"
    },
    {
        "logtime": "2019/06/17 16:23:34",
        "logdata": ""
    },
    {
        "logtime": "2019/06/17 16:23:34",
        "logdata": "url"
    },
    {
        "logtime": "2019/06/17 16:23:34",
        "logdata": "http://apis.juhe.cn/ip/ip2addr?ip=171.11.112.52&key=74bb0395667b8d0588df9ebd6fc36a12"
    },
    {
        "logtime": "2019/06/17 16:23:34",
        "logdata": ""
    },
    {
        "logtime": "2019/06/17 16:23:34",
        "logdata": "url"
    },
    {
        "logtime": "2019/06/17 16:23:34",
        "logdata": "http://apis.juhe.cn/ip/ip2addr?ip=171.14.48.110&key=74bb0395667b8d0588df9ebd6fc36a12"
    },
    {
        "logtime": "2019/06/17 16:23:34",
        "logdata": ""
    },
    {
        "logtime": "2019/06/17 16:23:34",
        "logdata": "url"
    },
    {
        "logtime": "2019/06/17 16:23:34",
        "logdata": "http://apis.juhe.cn/ip/ip2addr?ip=36.60.211.35&key=74bb0395667b8d0588df9ebd6fc36a12"
    },
    {
        "logtime": "2019/06/17 16:23:34",
        "logdata": ""
    },
    {
        "logtime": "2019/06/17 16:23:34",
        "logdata": "url"
    },
    {
        "logtime": "2019/06/17 16:23:34",
        "logdata": "http://apis.juhe.cn/ip/ip2addr?ip=222.38.76.172&key=74bb0395667b8d0588df9ebd6fc36a12"
    },
    {
        "logtime": "2019/06/17 16:23:34",
        "logdata": ""
    },
    {
        "logtime": "2019/06/17 16:23:34",
        "logdata": "url"
    },
    {
        "logtime": "2019/06/17 16:23:34",
        "logdata": "http://apis.juhe.cn/ip/ip2addr?ip=171.15.136.137&key=74bb0395667b8d0588df9ebd6fc36a12"
    },
    {
        "logtime": "2019/06/17 16:23:34",
        "logdata": ""
    },
    {
        "logtime": "2019/06/17 16:23:34",
        "logdata": "url"
    },
    {
        "logtime": "2019/06/17 16:23:34",
        "logdata": "http://apis.juhe.cn/ip/ip2addr?ip=171.8.115.4&key=74bb0395667b8d0588df9ebd6fc36a12"
    },
    {
        "logtime": "2019/06/17 16:23:34",
        "logdata": ""
    },
    {
        "logtime": "2019/06/17 16:23:34",
        "logdata": "url"
    },
    {
        "logtime": "2019/06/17 16:23:34",
        "logdata": "http://apis.juhe.cn/ip/ip2addr?ip=123.232.168.234&key=74bb0395667b8d0588df9ebd6fc36a12"
    },
    {
        "logtime": "2019/06/17 16:23:34",
        "logdata": ""
    },
    {
        "logtime": "2019/06/17 16:23:34",
        "logdata": "url"
    },
    {
        "logtime": "2019/06/17 16:23:34",
        "logdata": "http://apis.juhe.cn/ip/ip2addr?ip=36.62.5.71&key=74bb0395667b8d0588df9ebd6fc36a12"
    },
    {
        "logtime": "2019/06/17 16:23:34",
        "logdata": ""
    },
    {
        "logtime": "2019/06/17 16:23:34",
        "logdata": "url"
    },
    {
        "logtime": "2019/06/17 16:23:34",
        "logdata": "http://apis.juhe.cn/ip/ip2addr?ip=210.36.49.94&key=74bb0395667b8d0588df9ebd6fc36a12"
    },
    {
        "logtime": "2019/06/17 16:23:34",
        "logdata": ""
    },
    {
        "logtime": "2019/06/17 16:23:34",
        "logdata": "url"
    },
    {
        "logtime": "2019/06/17 16:23:34",
        "logdata": "http://apis.juhe.cn/ip/ip2addr?ip=222.79.142.146&key=74bb0395667b8d0588df9ebd6fc36a12"
    },
    {
        "logtime": "2019/06/17 16:23:34",
        "logdata": ""
    },
    {
        "logtime": "2019/06/17 16:23:34",
        "logdata": "url"
    },
    {
        "logtime": "2019/06/17 16:23:34",
        "logdata": "http://apis.juhe.cn/ip/ip2addr?ip=61.237.115.172&key=74bb0395667b8d0588df9ebd6fc36a12"
    },
    {
        "logtime": "2019/06/17 16:23:34",
        "logdata": ""
    },
    {
        "logtime": "2019/06/17 16:23:34",
        "logdata": "url"
    },
    {
        "logtime": "2019/06/17 16:23:34",
        "logdata": "http://apis.juhe.cn/ip/ip2addr?ip=210.40.144.168&key=74bb0395667b8d0588df9ebd6fc36a12"
    },
    {
        "logtime": "2019/06/17 16:23:34",
        "logdata": ""
    },
    {
        "logtime": "2019/06/17 16:23:34",
        "logdata": "url"
    },
    {
        "logtime": "2019/06/17 16:23:34",
        "logdata": "http://apis.juhe.cn/ip/ip2addr?ip=61.235.204.81&key=74bb0395667b8d0588df9ebd6fc36a12"
    },
    {
        "logtime": "2019/06/17 16:23:34",
        "logdata": ""
    },
    {
        "logtime": "2019/06/17 16:23:34",
        "logdata": "url"
    },
    {
        "logtime": "2019/06/17 16:23:34",
        "logdata": "http://apis.juhe.cn/ip/ip2addr?ip=121.77.74.17&key=74bb0395667b8d0588df9ebd6fc36a12"
    },
    {
        "logtime": "2019/06/17 16:23:34",
        "logdata": ""
    },
    {
        "logtime": "2019/06/17 16:23:34",
        "logdata": "url"
    },
    {
        "logtime": "2019/06/17 16:23:34",
        "logdata": "http://apis.juhe.cn/ip/ip2addr?ip=121.77.38.41&key=74bb0395667b8d0588df9ebd6fc36a12"
    },
    {
        "logtime": "2019/06/17 16:23:34",
        "logdata": ""
    },
    {
        "logtime": "2019/06/17 16:23:34",
        "logdata": "url"
    },
    {
        "logtime": "2019/06/17 16:23:34",
        "logdata": "http://apis.juhe.cn/ip/ip2addr?ip=123.235.152.75&key=74bb0395667b8d0588df9ebd6fc36a12"
    },
    {
        "logtime": "2019/06/17 16:23:34",
        "logdata": ""
    },
    {
        "logtime": "2019/06/17 16:23:34",
        "logdata": "url"
    },
    {
        "logtime": "2019/06/17 16:23:34",
        "logdata": "http://apis.juhe.cn/ip/ip2addr?ip=123.234.199.239&key=74bb0395667b8d0588df9ebd6fc36a12"
    },
    {
        "logtime": "2019/06/17 16:23:34",
        "logdata": ""
    },
    {
        "logtime": "2019/06/17 16:23:34",
        "logdata": "url"
    },
    {
        "logtime": "2019/06/17 16:23:35",
        "logdata": "http://apis.juhe.cn/ip/ip2addr?ip=121.76.37.138&key=74bb0395667b8d0588df9ebd6fc36a12"
    },
    {
        "logtime": "2019/06/17 16:23:35",
        "logdata": ""
    },
    {
        "logtime": "2019/06/17 16:23:35",
        "logdata": "url"
    },
    {
        "logtime": "2019/06/17 16:23:35",
        "logdata": "http://apis.juhe.cn/ip/ip2addr?ip=222.55.126.91&key=74bb0395667b8d0588df9ebd6fc36a12"
    },
    {
        "logtime": "2019/06/17 16:23:35",
        "logdata": ""
    },
    {
        "logtime": "2019/06/17 16:23:35",
        "logdata": "url"
    },
    {
        "logtime": "2019/06/17 16:23:35",
        "logdata": "http://apis.juhe.cn/ip/ip2addr?ip=171.14.222.241&key=74bb0395667b8d0588df9ebd6fc36a12"
    },
    {
        "logtime": "2019/06/17 16:23:35",
        "logdata": ""
    },
    {
        "logtime": "2019/06/17 16:23:35",
        "logdata": "url"
    },
    {
        "logtime": "2019/06/17 16:23:35",
        "logdata": "http://apis.juhe.cn/ip/ip2addr?ip=171.8.71.231&key=74bb0395667b8d0588df9ebd6fc36a12"
    },
    {
        "logtime": "2019/06/17 16:23:35",
        "logdata": ""
    },
    {
        "logtime": "2019/06/17 16:23:35",
        "logdata": "url"
    },
    {
        "logtime": "2019/06/17 16:23:35",
        "logdata": "http://apis.juhe.cn/ip/ip2addr?ip=106.84.153.175&key=74bb0395667b8d0588df9ebd6fc36a12"
    },
    {
        "logtime": "2019/06/17 16:23:35",
        "logdata": ""
    },
    {
        "logtime": "2019/06/17 16:23:35",
        "logdata": "url"
    },
    {
        "logtime": "2019/06/17 16:23:35",
        "logdata": "http://apis.juhe.cn/ip/ip2addr?ip=36.58.120.187&key=74bb0395667b8d0588df9ebd6fc36a12"
    },
    {
        "logtime": "2019/06/17 16:23:35",
        "logdata": ""
    },
    {
        "logtime": "2019/06/17 16:23:35",
        "logdata": "url"
    },
    {
        "logtime": "2019/06/17 16:23:35",
        "logdata": "http://apis.juhe.cn/ip/ip2addr?ip=121.76.32.154&key=74bb0395667b8d0588df9ebd6fc36a12"
    },
    {
        "logtime": "2019/06/17 16:23:35",
        "logdata": ""
    },
    {
        "logtime": "2019/06/17 16:23:35",
        "logdata": "url"
    },
    {
        "logtime": "2019/06/17 16:23:35",
        "logdata": "http://apis.juhe.cn/ip/ip2addr?ip=36.56.79.64&key=74bb0395667b8d0588df9ebd6fc36a12"
    },
    {
        "logtime": "2019/06/17 16:23:35",
        "logdata": ""
    },
    {
        "logtime": "2019/06/17 16:23:35",
        "logdata": "url"
    },
    {
        "logtime": "2019/06/17 16:23:35",
        "logdata": "http://apis.juhe.cn/ip/ip2addr?ip=182.81.37.2&key=74bb0395667b8d0588df9ebd6fc36a12"
    },
    {
        "logtime": "2019/06/17 16:23:35",
        "logdata": ""
    },
    {
        "logtime": "2019/06/17 16:23:35",
        "logdata": "url"
    },
    {
        "logtime": "2019/06/17 16:23:35",
        "logdata": "http://apis.juhe.cn/ip/ip2addr?ip=36.62.147.197&key=74bb0395667b8d0588df9ebd6fc36a12"
    },
    {
        "logtime": "2019/06/17 16:23:35",
        "logdata": ""
    },
    {
        "logtime": "2019/06/17 16:23:35",
        "logdata": "url"
    },
    {
        "logtime": "2019/06/17 16:23:35",
        "logdata": "http://apis.juhe.cn/ip/ip2addr?ip=61.233.156.85&key=74bb0395667b8d0588df9ebd6fc36a12"
    },
    {
        "logtime": "2019/06/17 16:23:35",
        "logdata": ""
    },
    {
        "logtime": "2019/06/17 16:23:35",
        "logdata": "url"
    },
    {
        "logtime": "2019/06/17 16:23:35",
        "logdata": "http://apis.juhe.cn/ip/ip2addr?ip=210.32.188.17&key=74bb0395667b8d0588df9ebd6fc36a12"
    },
    {
        "logtime": "2019/06/17 16:23:35",
        "logdata": ""
    },
    {
        "logtime": "2019/06/17 16:23:35",
        "logdata": "url"
    },
    {
        "logtime": "2019/06/17 16:23:35",
        "logdata": "http://apis.juhe.cn/ip/ip2addr?ip=222.18.191.24&key=74bb0395667b8d0588df9ebd6fc36a12"
    },
    {
        "logtime": "2019/06/17 16:23:35",
        "logdata": ""
    },
    {
        "logtime": "2019/06/17 16:23:35",
        "logdata": "url"
    },
    {
        "logtime": "2019/06/17 16:23:35",
        "logdata": "http://apis.juhe.cn/ip/ip2addr?ip=36.57.205.187&key=74bb0395667b8d0588df9ebd6fc36a12"
    },
    {
        "logtime": "2019/06/17 16:23:35",
        "logdata": ""
    },
    {
        "logtime": "2019/06/17 16:23:35",
        "logdata": "url"
    },
    {
        "logtime": "2019/06/17 16:23:35",
        "logdata": "http://apis.juhe.cn/ip/ip2addr?ip=210.29.152.21&key=74bb0395667b8d0588df9ebd6fc36a12"
    },
    {
        "logtime": "2019/06/17 16:23:35",
        "logdata": ""
    },
    {
        "logtime": "2019/06/17 16:23:35",
        "logdata": "url"
    },
    {
        "logtime": "2019/06/17 16:23:35",
        "logdata": "http://apis.juhe.cn/ip/ip2addr?ip=139.198.118.252&key=74bb0395667b8d0588df9ebd6fc36a12"
    },
    {
        "logtime": "2019/06/17 16:23:35",
        "logdata": ""
    },
    {
        "logtime": "2019/06/17 16:23:35",
        "logdata": "url"
    },
    {
        "logtime": "2019/06/17 16:23:35",
        "logdata": "http://apis.juhe.cn/ip/ip2addr?ip=139.204.181.81&key=74bb0395667b8d0588df9ebd6fc36a12"
    },
    {
        "logtime": "2019/06/17 16:23:35",
        "logdata": ""
    },
    {
        "logtime": "2019/06/17 16:23:35",
        "logdata": "url"
    },
    {
        "logtime": "2019/06/17 16:23:35",
        "logdata": "http://apis.juhe.cn/ip/ip2addr?ip=171.13.62.11&key=74bb0395667b8d0588df9ebd6fc36a12"
    },
    {
        "logtime": "2019/06/17 16:23:35",
        "logdata": ""
    },
    {
        "logtime": "2019/06/17 16:23:35",
        "logdata": "url"
    },
    {
        "logtime": "2019/06/17 16:23:35",
        "logdata": "http://apis.juhe.cn/ip/ip2addr?ip=171.8.83.50&key=74bb0395667b8d0588df9ebd6fc36a12"
    },
    {
        "logtime": "2019/06/17 16:23:35",
        "logdata": ""
    },
    {
        "logtime": "2019/06/17 16:23:35",
        "logdata": "url"
    },
    {
        "logtime": "2019/06/17 16:23:35",
        "logdata": "http://apis.juhe.cn/ip/ip2addr?ip=139.201.35.79&key=74bb0395667b8d0588df9ebd6fc36a12"
    },
    {
        "logtime": "2019/06/17 16:23:35",
        "logdata": ""
    },
    {
        "logtime": "2019/06/17 16:23:35",
        "logdata": "url"
    },
    {
        "logtime": "2019/06/17 16:23:35",
        "logdata": "http://apis.juhe.cn/ip/ip2addr?ip=222.32.27.232&key=74bb0395667b8d0588df9ebd6fc36a12"
    },
    {
        "logtime": "2019/06/17 16:23:35",
        "logdata": ""
    },
    {
        "logtime": "2019/06/17 16:23:35",
        "logdata": "url"
    },
    {
        "logtime": "2019/06/17 16:23:35",
        "logdata": "http://apis.juhe.cn/ip/ip2addr?ip=139.206.232.116&key=74bb0395667b8d0588df9ebd6fc36a12"
    },
    {
        "logtime": "2019/06/17 16:23:35",
        "logdata": ""
    },
    {
        "logtime": "2019/06/17 16:23:35",
        "logdata": "url"
    },
    {
        "logtime": "2019/06/17 16:23:35",
        "logdata": "http://apis.juhe.cn/ip/ip2addr?ip=123.234.37.100&key=74bb0395667b8d0588df9ebd6fc36a12"
    },
    {
        "logtime": "2019/06/17 16:23:35",
        "logdata": ""
    },
    {
        "logtime": "2019/06/17 16:23:35",
        "logdata": "url"
    },
    {
        "logtime": "2019/06/17 16:23:35",
        "logdata": "http://apis.juhe.cn/ip/ip2addr?ip=222.73.185.252&key=74bb0395667b8d0588df9ebd6fc36a12"
    },
    {
        "logtime": "2019/06/17 16:23:35",
        "logdata": ""
    },
    {
        "logtime": "2019/06/17 16:23:35",
        "logdata": "url"
    },
    {
        "logtime": "2019/06/17 16:23:35",
        "logdata": "http://apis.juhe.cn/ip/ip2addr?ip=171.9.254.92&key=74bb0395667b8d0588df9ebd6fc36a12"
    },
    {
        "logtime": "2019/06/17 16:23:35",
        "logdata": ""
    },
    {
        "logtime": "2019/06/17 16:23:35",
        "logdata": "url"
    },
    {
        "logtime": "2019/06/17 16:23:35",
        "logdata": "http://apis.juhe.cn/ip/ip2addr?ip=210.47.89.37&key=74bb0395667b8d0588df9ebd6fc36a12"
    },
    {
        "logtime": "2019/06/17 16:23:35",
        "logdata": ""
    },
    {
        "logtime": "2019/06/17 16:23:35",
        "logdata": "url"
    },
    {
        "logtime": "2019/06/17 16:23:35",
        "logdata": "http://apis.juhe.cn/ip/ip2addr?ip=61.236.18.232&key=74bb0395667b8d0588df9ebd6fc36a12"
    },
    {
        "logtime": "2019/06/17 16:23:35",
        "logdata": ""
    },
    {
        "logtime": "2019/06/17 16:23:35",
        "logdata": "url"
    },
    {
        "logtime": "2019/06/17 16:23:35",
        "logdata": "http://apis.juhe.cn/ip/ip2addr?ip=139.200.52.131&key=74bb0395667b8d0588df9ebd6fc36a12"
    },
    {
        "logtime": "2019/06/17 16:23:35",
        "logdata": ""
    },
    {
        "logtime": "2019/06/17 16:23:35",
        "logdata": "url"
    },
    {
        "logtime": "2019/06/17 16:23:35",
        "logdata": "http://apis.juhe.cn/ip/ip2addr?ip=210.25.121.160&key=74bb0395667b8d0588df9ebd6fc36a12"
    },
    {
        "logtime": "2019/06/17 16:23:35",
        "logdata": ""
    },
    {
        "logtime": "2019/06/17 16:23:35",
        "logdata": "url"
    },
    {
        "logtime": "2019/06/17 16:23:35",
        "logdata": "http://apis.juhe.cn/ip/ip2addr?ip=210.35.69.239&key=74bb0395667b8d0588df9ebd6fc36a12"
    },
    {
        "logtime": "2019/06/17 16:23:35",
        "logdata": ""
    },
    {
        "logtime": "2019/06/17 16:23:35",
        "logdata": "url"
    },
    {
        "logtime": "2019/06/17 16:23:35",
        "logdata": "http://apis.juhe.cn/ip/ip2addr?ip=139.208.35.125&key=74bb0395667b8d0588df9ebd6fc36a12"
    },
    {
        "logtime": "2019/06/17 16:23:35",
        "logdata": ""
    },
    {
        "logtime": "2019/06/17 16:23:35",
        "logdata": "url"
    },
    {
        "logtime": "2019/06/17 16:23:35",
        "logdata": "http://apis.juhe.cn/ip/ip2addr?ip=222.42.19.213&key=74bb0395667b8d0588df9ebd6fc36a12"
    },
    {
        "logtime": "2019/06/17 16:23:35",
        "logdata": ""
    },
    {
        "logtime": "2019/06/17 16:23:35",
        "logdata": "url"
    },
    {
        "logtime": "2019/06/17 16:23:35",
        "logdata": "http://apis.juhe.cn/ip/ip2addr?ip=210.38.55.152&key=74bb0395667b8d0588df9ebd6fc36a12"
    },
    {
        "logtime": "2019/06/17 16:23:35",
        "logdata": ""
    },
    {
        "logtime": "2019/06/17 16:23:35",
        "logdata": "url"
    },
    {
        "logtime": "2019/06/17 16:23:35",
        "logdata": "http://apis.juhe.cn/ip/ip2addr?ip=36.60.98.11&key=74bb0395667b8d0588df9ebd6fc36a12"
    },
    {
        "logtime": "2019/06/17 16:23:35",
        "logdata": ""
    },
    {
        "logtime": "2019/06/17 16:23:36",
        "logdata": "url"
    },
    {
        "logtime": "2019/06/17 16:23:36",
        "logdata": "http://apis.juhe.cn/ip/ip2addr?ip=123.235.18.100&key=74bb0395667b8d0588df9ebd6fc36a12"
    },
    {
        "logtime": "2019/06/17 16:23:36",
        "logdata": ""
    },
    {
        "logtime": "2019/06/17 16:23:36",
        "logdata": "url"
    },
    {
        "logtime": "2019/06/17 16:23:36",
        "logdata": "http://apis.juhe.cn/ip/ip2addr?ip=222.33.175.140&key=74bb0395667b8d0588df9ebd6fc36a12"
    },
    {
        "logtime": "2019/06/17 16:23:36",
        "logdata": ""
    },
    {
        "logtime": "2019/06/17 16:23:36",
        "logdata": "url"
    },
    {
        "logtime": "2019/06/17 16:23:36",
        "logdata": "http://apis.juhe.cn/ip/ip2addr?ip=121.77.165.47&key=74bb0395667b8d0588df9ebd6fc36a12"
    },
    {
        "logtime": "2019/06/17 16:23:36",
        "logdata": ""
    },
    {
        "logtime": "2019/06/17 16:23:36",
        "logdata": "url"
    },
    {
        "logtime": "2019/06/17 16:23:36",
        "logdata": "http://apis.juhe.cn/ip/ip2addr?ip=210.41.198.14&key=74bb0395667b8d0588df9ebd6fc36a12"
    },
    {
        "logtime": "2019/06/17 16:23:36",
        "logdata": ""
    },
    {
        "logtime": "2019/06/17 16:23:36",
        "logdata": "url"
    },
    {
        "logtime": "2019/06/17 16:23:36",
        "logdata": "http://apis.juhe.cn/ip/ip2addr?ip=222.47.107.211&key=74bb0395667b8d0588df9ebd6fc36a12"
    },
    {
        "logtime": "2019/06/17 16:23:36",
        "logdata": ""
    },
    {
        "logtime": "2019/06/17 16:23:36",
        "logdata": "url"
    },
    {
        "logtime": "2019/06/17 16:23:36",
        "logdata": "http://apis.juhe.cn/ip/ip2addr?ip=182.82.211.202&key=74bb0395667b8d0588df9ebd6fc36a12"
    },
    {
        "logtime": "2019/06/17 16:23:36",
        "logdata": ""
    },
    {
        "logtime": "2019/06/17 16:23:36",
        "logdata": "url"
    },
    {
        "logtime": "2019/06/17 16:23:36",
        "logdata": "http://apis.juhe.cn/ip/ip2addr?ip=222.48.155.101&key=74bb0395667b8d0588df9ebd6fc36a12"
    },
    {
        "logtime": "2019/06/17 16:23:36",
        "logdata": ""
    },
    {
        "logtime": "2019/06/17 16:23:36",
        "logdata": "url"
    },
    {
        "logtime": "2019/06/17 16:23:36",
        "logdata": "http://apis.juhe.cn/ip/ip2addr?ip=123.232.0.66&key=74bb0395667b8d0588df9ebd6fc36a12"
    },
    {
        "logtime": "2019/06/17 16:23:36",
        "logdata": ""
    },
    {
        "logtime": "2019/06/17 16:23:36",
        "logdata": "url"
    },
    {
        "logtime": "2019/06/17 16:23:36",
        "logdata": "http://apis.juhe.cn/ip/ip2addr?ip=210.34.169.102&key=74bb0395667b8d0588df9ebd6fc36a12"
    },
    {
        "logtime": "2019/06/17 16:23:36",
        "logdata": ""
    },
    {
        "logtime": "2019/06/17 16:23:36",
        "logdata": "url"
    },
    {
        "logtime": "2019/06/17 16:23:36",
        "logdata": "http://apis.juhe.cn/ip/ip2addr?ip=106.83.51.254&key=74bb0395667b8d0588df9ebd6fc36a12"
    },
    {
        "logtime": "2019/06/17 16:23:36",
        "logdata": ""
    },
    {
        "logtime": "2019/06/17 16:23:36",
        "logdata": "url"
    },
    {
        "logtime": "2019/06/17 16:23:36",
        "logdata": "http://apis.juhe.cn/ip/ip2addr?ip=171.11.13.132&key=74bb0395667b8d0588df9ebd6fc36a12"
    },
    {
        "logtime": "2019/06/17 16:23:36",
        "logdata": ""
    },
    {
        "logtime": "2019/06/17 16:23:36",
        "logdata": "url"
    },
    {
        "logtime": "2019/06/17 16:23:36",
        "logdata": "http://apis.juhe.cn/ip/ip2addr?ip=182.89.105.187&key=74bb0395667b8d0588df9ebd6fc36a12"
    },
    {
        "logtime": "2019/06/17 16:23:36",
        "logdata": ""
    },
    {
        "logtime": "2019/06/17 16:23:36",
        "logdata": "url"
    },
    {
        "logtime": "2019/06/17 16:23:36",
        "logdata": "http://apis.juhe.cn/ip/ip2addr?ip=210.30.173.233&key=74bb0395667b8d0588df9ebd6fc36a12"
    },
    {
        "logtime": "2019/06/17 16:23:36",
        "logdata": ""
    },
    {
        "logtime": "2019/06/17 16:23:36",
        "logdata": "url"
    },
    {
        "logtime": "2019/06/17 16:23:36",
        "logdata": "http://apis.juhe.cn/ip/ip2addr?ip=210.44.13.189&key=74bb0395667b8d0588df9ebd6fc36a12"
    },
    {
        "logtime": "2019/06/17 16:23:36",
        "logdata": ""
    },
    {
        "logtime": "2019/06/17 16:23:36",
        "logdata": "url"
    },
    {
        "logtime": "2019/06/17 16:23:36",
        "logdata": "http://apis.juhe.cn/ip/ip2addr?ip=210.43.129.185&key=74bb0395667b8d0588df9ebd6fc36a12"
    },
    {
        "logtime": "2019/06/17 16:23:36",
        "logdata": ""
    },
    {
        "logtime": "2019/06/17 16:23:36",
        "logdata": "url"
    },
    {
        "logtime": "2019/06/17 16:23:36",
        "logdata": "http://apis.juhe.cn/ip/ip2addr?ip=210.26.124.25&key=74bb0395667b8d0588df9ebd6fc36a12"
    },
    {
        "logtime": "2019/06/17 16:23:36",
        "logdata": ""
    },
    {
        "logtime": "2019/06/17 16:23:36",
        "logdata": "url"
    },
    {
        "logtime": "2019/06/17 16:23:36",
        "logdata": "http://apis.juhe.cn/ip/ip2addr?ip=61.236.99.133&key=74bb0395667b8d0588df9ebd6fc36a12"
    },
    {
        "logtime": "2019/06/17 16:23:36",
        "logdata": ""
    },
    {
        "logtime": "2019/06/17 16:23:36",
        "logdata": "url"
    },
    {
        "logtime": "2019/06/17 16:23:36",
        "logdata": "http://apis.juhe.cn/ip/ip2addr?ip=36.58.39.125&key=74bb0395667b8d0588df9ebd6fc36a12"
    },
    {
        "logtime": "2019/06/17 16:23:36",
        "logdata": ""
    },
    {
        "logtime": "2019/06/17 16:23:36",
        "logdata": "url"
    },
    {
        "logtime": "2019/06/17 16:23:36",
        "logdata": "http://apis.juhe.cn/ip/ip2addr?ip=171.13.73.50&key=74bb0395667b8d0588df9ebd6fc36a12"
    },
    {
        "logtime": "2019/06/17 16:23:36",
        "logdata": ""
    },
    {
        "logtime": "2019/06/17 16:23:36",
        "logdata": "url"
    },
    {
        "logtime": "2019/06/17 16:23:36",
        "logdata": "http://apis.juhe.cn/ip/ip2addr?ip=171.10.154.60&key=74bb0395667b8d0588df9ebd6fc36a12"
    },
    {
        "logtime": "2019/06/17 16:23:36",
        "logdata": ""
    },
    {
        "logtime": "2019/06/17 16:23:36",
        "logdata": "url"
    },
    {
        "logtime": "2019/06/17 16:23:36",
        "logdata": "http://apis.juhe.cn/ip/ip2addr?ip=182.83.53.115&key=74bb0395667b8d0588df9ebd6fc36a12"
    },
    {
        "logtime": "2019/06/17 16:23:36",
        "logdata": ""
    },
    {
        "logtime": "2019/06/17 16:23:36",
        "logdata": "url"
    },
    {
        "logtime": "2019/06/17 16:23:36",
        "logdata": "http://apis.juhe.cn/ip/ip2addr?ip=210.43.39.111&key=74bb0395667b8d0588df9ebd6fc36a12"
    },
    {
        "logtime": "2019/06/17 16:23:36",
        "logdata": ""
    },
    {
        "logtime": "2019/06/17 16:23:36",
        "logdata": "url"
    },
    {
        "logtime": "2019/06/17 16:23:36",
        "logdata": "http://apis.juhe.cn/ip/ip2addr?ip=222.88.151.217&key=74bb0395667b8d0588df9ebd6fc36a12"
    },
    {
        "logtime": "2019/06/17 16:23:36",
        "logdata": ""
    },
    {
        "logtime": "2019/06/17 16:23:36",
        "logdata": "url"
    },
    {
        "logtime": "2019/06/17 16:23:36",
        "logdata": "http://apis.juhe.cn/ip/ip2addr?ip=36.57.127.148&key=74bb0395667b8d0588df9ebd6fc36a12"
    },
    {
        "logtime": "2019/06/17 16:23:36",
        "logdata": ""
    },
    {
        "logtime": "2019/06/17 16:23:36",
        "logdata": "url"
    },
    {
        "logtime": "2019/06/17 16:23:36",
        "logdata": "http://apis.juhe.cn/ip/ip2addr?ip=171.15.136.137&key=74bb0395667b8d0588df9ebd6fc36a12"
    },
    {
        "logtime": "2019/06/17 16:23:36",
        "logdata": ""
    },
    {
        "logtime": "2019/06/17 16:23:36",
        "logdata": "url"
    },
    {
        "logtime": "2019/06/17 16:23:36",
        "logdata": "http://apis.juhe.cn/ip/ip2addr?ip=222.38.76.172&key=74bb0395667b8d0588df9ebd6fc36a12"
    },
    {
        "logtime": "2019/06/17 16:23:36",
        "logdata": ""
    },
    {
        "logtime": "2019/06/17 16:23:36",
        "logdata": "url"
    },
    {
        "logtime": "2019/06/17 16:23:36",
        "logdata": "http://apis.juhe.cn/ip/ip2addr?ip=106.84.153.175&key=74bb0395667b8d0588df9ebd6fc36a12"
    },
    {
        "logtime": "2019/06/17 16:23:36",
        "logdata": ""
    },
    {
        "logtime": "2019/06/17 16:23:37",
        "logdata": "url"
    },
    {
        "logtime": "2019/06/17 16:23:37",
        "logdata": "http://apis.juhe.cn/ip/ip2addr?ip=222.55.126.91&key=74bb0395667b8d0588df9ebd6fc36a12"
    },
    {
        "logtime": "2019/06/17 16:23:37",
        "logdata": ""
    },
    {
        "logtime": "2019/06/17 16:23:37",
        "logdata": "url"
    },
    {
        "logtime": "2019/06/17 16:23:37",
        "logdata": "http://apis.juhe.cn/ip/ip2addr?ip=36.58.120.187&key=74bb0395667b8d0588df9ebd6fc36a12"
    },
    {
        "logtime": "2019/06/17 16:23:37",
        "logdata": ""
    },
    {
        "logtime": "2019/06/17 16:23:37",
        "logdata": "url"
    },
    {
        "logtime": "2019/06/17 16:23:37",
        "logdata": "http://apis.juhe.cn/ip/ip2addr?ip=36.56.79.64&key=74bb0395667b8d0588df9ebd6fc36a12"
    },
    {
        "logtime": "2019/06/17 16:23:37",
        "logdata": ""
    },
    {
        "logtime": "2019/06/17 16:23:37",
        "logdata": "url"
    },
    {
        "logtime": "2019/06/17 16:23:37",
        "logdata": "http://apis.juhe.cn/ip/ip2addr?ip=121.76.37.138&key=74bb0395667b8d0588df9ebd6fc36a12"
    },
    {
        "logtime": "2019/06/17 16:23:37",
        "logdata": ""
    },
    {
        "logtime": "2019/06/17 16:23:37",
        "logdata": "url"
    },
    {
        "logtime": "2019/06/17 16:23:37",
        "logdata": "http://apis.juhe.cn/ip/ip2addr?ip=36.62.147.197&key=74bb0395667b8d0588df9ebd6fc36a12"
    },
    {
        "logtime": "2019/06/17 16:23:37",
        "logdata": ""
    },
    {
        "logtime": "2019/06/17 16:23:37",
        "logdata": {
            "_ServerResVersion": 4,
            "_Active": true,
            "_KindVersion": "101122049",
            "_KindType": 3,
            "_Module": "yule/oxbattle/",
            "_KindID": "104",
            "_Type": "yule",
            "nSitChair": 65535,
            "_KindName": "yule.oxbattle.",
            "nEnterRoomIndex": 1,
            "nSitTable": 65535,
            "_SortId": 7
        }
    },
    {
        "logtime": "2019/06/17 16:23:37",
        "logdata": "modulestr"
    },
    {
        "logtime": "2019/06/17 16:23:37",
        "logdata": "yule/oxbattle/"
    },
    {
        "logtime": "2019/06/17 16:23:37",
        "logdata": "url"
    },
    {
        "logtime": "2019/06/17 16:23:37",
        "logdata": "http://apis.juhe.cn/ip/ip2addr?ip=222.73.185.252&key=74bb0395667b8d0588df9ebd6fc36a12"
    },
    {
        "logtime": "2019/06/17 16:23:37",
        "logdata": ""
    },
    {
        "logtime": "2019/06/17 16:23:37",
        "logdata": "url"
    },
    {
        "logtime": "2019/06/17 16:23:37",
        "logdata": "http://apis.juhe.cn/ip/ip2addr?ip=210.47.89.37&key=74bb0395667b8d0588df9ebd6fc36a12"
    },
    {
        "logtime": "2019/06/17 16:23:37",
        "logdata": ""
    },
    {
        "logtime": "2019/06/17 16:23:37",
        "logdata": "url"
    },
    {
        "logtime": "2019/06/17 16:23:37",
        "logdata": "http://apis.juhe.cn/ip/ip2addr?ip=123.235.18.100&key=74bb0395667b8d0588df9ebd6fc36a12"
    },
    {
        "logtime": "2019/06/17 16:23:37",
        "logdata": ""
    },
    {
        "logtime": "2019/06/17 16:23:37",
        "logdata": "url"
    },
    {
        "logtime": "2019/06/17 16:23:37",
        "logdata": "http://apis.juhe.cn/ip/ip2addr?ip=182.83.53.115&key=74bb0395667b8d0588df9ebd6fc36a12"
    },
    {
        "logtime": "2019/06/17 16:23:37",
        "logdata": ""
    },
    {
        "logtime": "2019/06/17 16:23:37",
        "logdata": "url"
    },
    {
        "logtime": "2019/06/17 16:23:37",
        "logdata": "http://apis.juhe.cn/ip/ip2addr?ip=61.233.156.85&key=74bb0395667b8d0588df9ebd6fc36a12"
    },
    {
        "logtime": "2019/06/17 16:23:37",
        "logdata": ""
    },
    {
        "logtime": "2019/06/17 16:23:37",
        "logdata": "url"
    },
    {
        "logtime": "2019/06/17 16:23:37",
        "logdata": "http://apis.juhe.cn/ip/ip2addr?ip=36.62.147.197&key=74bb0395667b8d0588df9ebd6fc36a12"
    },
    {
        "logtime": "2019/06/17 16:23:37",
        "logdata": ""
    },
    {
        "logtime": "2019/06/17 16:23:37",
        "logdata": "url"
    },
    {
        "logtime": "2019/06/17 16:23:37",
        "logdata": "http://apis.juhe.cn/ip/ip2addr?ip=36.57.127.148&key=74bb0395667b8d0588df9ebd6fc36a12"
    },
    {
        "logtime": "2019/06/17 16:23:37",
        "logdata": ""
    },
    {
        "logtime": "2019/06/17 16:23:37",
        "logdata": "url"
    },
    {
        "logtime": "2019/06/17 16:23:37",
        "logdata": "http://apis.juhe.cn/ip/ip2addr?ip=36.58.120.187&key=74bb0395667b8d0588df9ebd6fc36a12"
    },
    {
        "logtime": "2019/06/17 16:23:37",
        "logdata": ""
    },
    {
        "logtime": "2019/06/17 16:23:37",
        "logdata": "url"
    },
    {
        "logtime": "2019/06/17 16:23:37",
        "logdata": "http://apis.juhe.cn/ip/ip2addr?ip=36.56.79.64&key=74bb0395667b8d0588df9ebd6fc36a12"
    },
    {
        "logtime": "2019/06/17 16:23:37",
        "logdata": ""
    },
    {
        "logtime": "2019/06/17 16:23:37",
        "logdata": "url"
    },
    {
        "logtime": "2019/06/17 16:23:37",
        "logdata": "http://apis.juhe.cn/ip/ip2addr?ip=222.88.151.217&key=74bb0395667b8d0588df9ebd6fc36a12"
    },
    {
        "logtime": "2019/06/17 16:23:37",
        "logdata": ""
    },
    {
        "logtime": "2019/06/17 16:23:37",
        "logdata": "url"
    },
    {
        "logtime": "2019/06/17 16:23:37",
        "logdata": "http://apis.juhe.cn/ip/ip2addr?ip=121.76.37.138&key=74bb0395667b8d0588df9ebd6fc36a12"
    },
    {
        "logtime": "2019/06/17 16:23:37",
        "logdata": ""
    },
    {
        "logtime": "2019/06/17 16:23:37",
        "logdata": "url"
    },
    {
        "logtime": "2019/06/17 16:23:37",
        "logdata": "http://apis.juhe.cn/ip/ip2addr?ip=210.36.49.94&key=74bb0395667b8d0588df9ebd6fc36a12"
    },
    {
        "logtime": "2019/06/17 16:23:37",
        "logdata": ""
    },
    {
        "logtime": "2019/06/17 16:23:37",
        "logdata": "url"
    },
    {
        "logtime": "2019/06/17 16:23:37",
        "logdata": "http://apis.juhe.cn/ip/ip2addr?ip=121.77.74.17&key=74bb0395667b8d0588df9ebd6fc36a12"
    },
    {
        "logtime": "2019/06/17 16:23:37",
        "logdata": ""
    },
    {
        "logtime": "2019/06/17 16:23:37",
        "logdata": "url"
    },
    {
        "logtime": "2019/06/17 16:23:37",
        "logdata": "http://apis.juhe.cn/ip/ip2addr?ip=222.79.142.146&key=74bb0395667b8d0588df9ebd6fc36a12"
    },
    {
        "logtime": "2019/06/17 16:23:37",
        "logdata": ""
    },
    {
        "logtime": "2019/06/17 16:23:37",
        "logdata": "url"
    },
    {
        "logtime": "2019/06/17 16:23:37",
        "logdata": "http://apis.juhe.cn/ip/ip2addr?ip=123.232.168.234&key=74bb0395667b8d0588df9ebd6fc36a12"
    },
    {
        "logtime": "2019/06/17 16:23:37",
        "logdata": ""
    },
    {
        "logtime": "2019/06/17 16:23:37",
        "logdata": "url"
    },
    {
        "logtime": "2019/06/17 16:23:37",
        "logdata": "http://apis.juhe.cn/ip/ip2addr?ip=61.237.115.172&key=74bb0395667b8d0588df9ebd6fc36a12"
    },
    {
        "logtime": "2019/06/17 16:23:37",
        "logdata": ""
    },
    {
        "logtime": "2019/06/17 16:23:37",
        "logdata": "url"
    },
    {
        "logtime": "2019/06/17 16:23:37",
        "logdata": "http://apis.juhe.cn/ip/ip2addr?ip=61.235.204.81&key=74bb0395667b8d0588df9ebd6fc36a12"
    },
    {
        "logtime": "2019/06/17 16:23:37",
        "logdata": ""
    },
    {
        "logtime": "2019/06/17 16:23:38",
        "logdata": "url"
    },
    {
        "logtime": "2019/06/17 16:23:38",
        "logdata": "http://apis.juhe.cn/ip/ip2addr?ip=121.77.38.41&key=74bb0395667b8d0588df9ebd6fc36a12"
    },
    {
        "logtime": "2019/06/17 16:23:38",
        "logdata": ""
    },
    {
        "logtime": "2019/06/17 16:23:38",
        "logdata": "url"
    },
    {
        "logtime": "2019/06/17 16:23:38",
        "logdata": "http://apis.juhe.cn/ip/ip2addr?ip=210.40.144.168&key=74bb0395667b8d0588df9ebd6fc36a12"
    },
    {
        "logtime": "2019/06/17 16:23:38",
        "logdata": ""
    },
    {
        "logtime": "2019/06/17 16:23:38",
        "logdata": "url"
    },
    {
        "logtime": "2019/06/17 16:23:38",
        "logdata": "http://apis.juhe.cn/ip/ip2addr?ip=36.62.5.71&key=74bb0395667b8d0588df9ebd6fc36a12"
    },
    {
        "logtime": "2019/06/17 16:23:38",
        "logdata": ""
    },
    {
        "logtime": "2019/06/17 16:23:38",
        "logdata": "url"
    },
    {
        "logtime": "2019/06/17 16:23:38",
        "logdata": "http://apis.juhe.cn/ip/ip2addr?ip=171.14.222.241&key=74bb0395667b8d0588df9ebd6fc36a12"
    },
    {
        "logtime": "2019/06/17 16:23:38",
        "logdata": ""
    },
    {
        "logtime": "2019/06/17 16:23:38",
        "logdata": "url"
    },
    {
        "logtime": "2019/06/17 16:23:38",
        "logdata": "http://apis.juhe.cn/ip/ip2addr?ip=222.79.142.146&key=74bb0395667b8d0588df9ebd6fc36a12"
    },
    {
        "logtime": "2019/06/17 16:23:38",
        "logdata": ""
    },
    {
        "logtime": "2019/06/17 16:23:38",
        "logdata": "url"
    },
    {
        "logtime": "2019/06/17 16:23:38",
        "logdata": "http://apis.juhe.cn/ip/ip2addr?ip=123.232.168.234&key=74bb0395667b8d0588df9ebd6fc36a12"
    },
    {
        "logtime": "2019/06/17 16:23:38",
        "logdata": ""
    },
    {
        "logtime": "2019/06/17 16:23:38",
        "logdata": "url"
    },
    {
        "logtime": "2019/06/17 16:23:38",
        "logdata": "http://apis.juhe.cn/ip/ip2addr?ip=61.235.204.81&key=74bb0395667b8d0588df9ebd6fc36a12"
    },
    {
        "logtime": "2019/06/17 16:23:38",
        "logdata": ""
    },
    {
        "logtime": "2019/06/17 16:23:38",
        "logdata": "url"
    },
    {
        "logtime": "2019/06/17 16:23:38",
        "logdata": "http://apis.juhe.cn/ip/ip2addr?ip=210.40.144.168&key=74bb0395667b8d0588df9ebd6fc36a12"
    },
    {
        "logtime": "2019/06/17 16:23:38",
        "logdata": ""
    },
    {
        "logtime": "2019/06/17 16:23:44",
        "logdata": 4
    },
    {
        "logtime": "2019/06/17 16:23:44",
        "logdata": "onEnterGame"
    },
    {
        "logtime": "2019/06/17 16:23:44",
        "logdata": {
            "_ServerResVersion": 4,
            "_Active": true,
            "_KindVersion": "101122049",
            "_KindType": 2,
            "_Module": "xiuxian/zhongfabai/",
            "_KindID": "105",
            "_Type": "xiuxian",
            "_KindName": "xiuxian.zhongfabai.",
            "_SortId": 8
        }
    },
    {
        "logtime": "2019/06/17 16:23:45",
        "logdata": "url"
    },
    {
        "logtime": "2019/06/17 16:23:45",
        "logdata": "http://apis.juhe.cn/ip/ip2addr?ip=36.249.132.170&key=74bb0395667b8d0588df9ebd6fc36a12"
    },
    {
        "logtime": "2019/06/17 16:23:45",
        "logdata": ""
    },
    {
        "logtime": "2019/06/17 16:23:45",
        "logdata": {
            "_ServerResVersion": 4,
            "_Active": true,
            "_KindVersion": "101122049",
            "_KindType": 2,
            "_Module": "xiuxian/zhongfabai/",
            "_KindID": "105",
            "_Type": "xiuxian",
            "nSitChair": 65535,
            "_KindName": "xiuxian.zhongfabai.",
            "nEnterRoomIndex": 1,
            "nSitTable": 65535,
            "_SortId": 8
        }
    },
    {
        "logtime": "2019/06/17 16:23:45",
        "logdata": "modulestr"
    },
    {
        "logtime": "2019/06/17 16:23:45",
        "logdata": "xiuxian/zhongfabai/"
    }
]