[
    {
        "logtime": "2019/07/02 19:00:00",
        "logdata": "LogonScene.onceExcute"
    },
    {
        "logtime": "2019/07/02 19:00:00",
        "logdata": "http://www.fuannainc.top/"
    },
    {
        "logtime": "2019/07/02 19:00:00",
        "logdata": "url"
    },
    {
        "logtime": "2019/07/02 19:00:00",
        "logdata": "http://www.fuannainc.top//ws/MobileInterface.ashx?action=GetMobileLoginNotice"
    },
    {
        "logtime": "2019/07/02 19:00:00",
        "logdata": ""
    },
    {
        "logtime": "2019/07/02 19:00:03",
        "logdata": "url"
    },
    {
        "logtime": "2019/07/02 19:00:03",
        "logdata": "http://apis.juhe.cn/ip/ip2addr?ip=58.23.48.188&key=74bb0395667b8d0588df9ebd6fc36a12"
    },
    {
        "logtime": "2019/07/02 19:00:03",
        "logdata": ""
    },
    {
        "logtime": "2019/07/02 19:00:03",
        "logdata": "onLogonCallBack"
    },
    {
        "logtime": "2019/07/02 19:00:03",
        "logdata": "http://www.fuannainc.top/"
    },
    {
        "logtime": "2019/07/02 19:00:03",
        "logdata": "url"
    },
    {
        "logtime": "2019/07/02 19:00:03",
        "logdata": "http://www.fuannainc.top//WS/MobileInterface.ashx"
    },
    {
        "logtime": "2019/07/02 19:00:03",
        "logdata": "action=GetMobileShareConfig&userid=120187&time=1562065203&signature=099E87EC84FE239B9243BDB42DECC57B"
    },
    {
        "logtime": "2019/07/02 19:00:04",
        "logdata": "url"
    },
    {
        "logtime": "2019/07/02 19:00:04",
        "logdata": "http://www.fuannainc.top//WS/MobileInterface.ashx?action=GetMobileRollNotice"
    },
    {
        "logtime": "2019/07/02 19:00:04",
        "logdata": ""
    },
    {
        "logtime": "2019/07/02 19:00:08",
        "logdata": null
    },
    {
        "logtime": "2019/07/02 19:00:08",
        "logdata": "onEnterGame"
    },
    {
        "logtime": "2019/07/02 19:00:08",
        "logdata": {
            "_ServerResVersion": 10,
            "_Active": true,
            "_KindVersion": "101122049",
            "_KindType": 1,
            "_Module": "xiuxian/shuiguolaba/",
            "_KindID": "406",
            "_Type": "xiuxian",
            "_KindName": "xiuxian.shuiguolaba.",
            "_SortId": 0
        }
    },
    {
        "logtime": "2019/07/02 19:00:09",
        "logdata": "GlobalUserItem.getCurGameKind()"
    },
    {
        "logtime": "2019/07/02 19:00:09",
        "logdata": 406
    },
    {
        "logtime": "2019/07/02 19:00:11",
        "logdata": "url"
    },
    {
        "logtime": "2019/07/02 19:00:11",
        "logdata": "http://apis.juhe.cn/ip/ip2addr?ip=58.23.48.188&key=74bb0395667b8d0588df9ebd6fc36a12"
    },
    {
        "logtime": "2019/07/02 19:00:11",
        "logdata": ""
    },
    {
        "logtime": "2019/07/02 19:00:11",
        "logdata": "url"
    },
    {
        "logtime": "2019/07/02 19:00:11",
        "logdata": "http://apis.juhe.cn/ip/ip2addr?ip=58.23.48.188&key=74bb0395667b8d0588df9ebd6fc36a12"
    },
    {
        "logtime": "2019/07/02 19:00:11",
        "logdata": ""
    },
    {
        "logtime": "2019/07/02 19:00:11",
        "logdata": "url"
    },
    {
        "logtime": "2019/07/02 19:00:11",
        "logdata": "http://apis.juhe.cn/ip/ip2addr?ip=58.23.48.188&key=74bb0395667b8d0588df9ebd6fc36a12"
    },
    {
        "logtime": "2019/07/02 19:00:11",
        "logdata": ""
    },
    {
        "logtime": "2019/07/02 19:00:11",
        "logdata": "url"
    },
    {
        "logtime": "2019/07/02 19:00:11",
        "logdata": "http://apis.juhe.cn/ip/ip2addr?ip=58.23.48.188&key=74bb0395667b8d0588df9ebd6fc36a12"
    },
    {
        "logtime": "2019/07/02 19:00:11",
        "logdata": ""
    },
    {
        "logtime": "2019/07/02 19:00:11",
        "logdata": {
            "_ServerResVersion": 10,
            "_Active": true,
            "_KindVersion": "101122049",
            "_KindType": 1,
            "_Module": "xiuxian/shuiguolaba/",
            "_KindID": "406",
            "_Type": "xiuxian",
            "nSitChair": 65535,
            "_KindName": "xiuxian.shuiguolaba.",
            "nEnterRoomIndex": 1,
            "nSitTable": 65535,
            "_SortId": 0
        }
    },
    {
        "logtime": "2019/07/02 19:00:11",
        "logdata": "modulestr"
    },
    {
        "logtime": "2019/07/02 19:00:11",
        "logdata": "xiuxian/shuiguolaba/"
    },
    {
        "logtime": "2019/07/02 19:00:41",
        "logdata": "LogonScene.onceExcute"
    },
    {
        "logtime": "2019/07/02 19:00:41",
        "logdata": "http://www.fuannainc.top/"
    },
    {
        "logtime": "2019/07/02 19:00:41",
        "logdata": "url"
    },
    {
        "logtime": "2019/07/02 19:00:41",
        "logdata": "http://www.fuannainc.top//ws/MobileInterface.ashx?action=GetMobileLoginNotice"
    },
    {
        "logtime": "2019/07/02 19:00:41",
        "logdata": ""
    },
    {
        "logtime": "2019/07/02 19:00:44",
        "logdata": "url"
    },
    {
        "logtime": "2019/07/02 19:00:44",
        "logdata": "http://apis.juhe.cn/ip/ip2addr?ip=58.23.48.188&key=74bb0395667b8d0588df9ebd6fc36a12"
    },
    {
        "logtime": "2019/07/02 19:00:44",
        "logdata": ""
    },
    {
        "logtime": "2019/07/02 19:00:44",
        "logdata": "onLogonCallBack"
    },
    {
        "logtime": "2019/07/02 19:00:44",
        "logdata": "http://www.fuannainc.top/"
    },
    {
        "logtime": "2019/07/02 19:00:44",
        "logdata": "url"
    },
    {
        "logtime": "2019/07/02 19:00:44",
        "logdata": "http://www.fuannainc.top//WS/MobileInterface.ashx"
    },
    {
        "logtime": "2019/07/02 19:00:44",
        "logdata": "action=GetMobileShareConfig&userid=120187&time=1562065244&signature=A5E39353248DD6C17B5FD6BD95277ADE"
    },
    {
        "logtime": "2019/07/02 19:00:45",
        "logdata": "url"
    },
    {
        "logtime": "2019/07/02 19:00:45",
        "logdata": "http://www.fuannainc.top//WS/MobileInterface.ashx?action=GetMobileRollNotice"
    },
    {
        "logtime": "2019/07/02 19:00:45",
        "logdata": ""
    },
    {
        "logtime": "2019/07/02 19:00:49",
        "logdata": null
    },
    {
        "logtime": "2019/07/02 19:00:49",
        "logdata": "onEnterGame"
    },
    {
        "logtime": "2019/07/02 19:00:49",
        "logdata": {
            "_ServerResVersion": 10,
            "_Active": true,
            "_KindVersion": "101122049",
            "_KindType": 1,
            "_Module": "xiuxian/shuiguolaba/",
            "_KindID": "406",
            "_Type": "xiuxian",
            "_KindName": "xiuxian.shuiguolaba.",
            "_SortId": 0
        }
    },
    {
        "logtime": "2019/07/02 19:00:49",
        "logdata": "GlobalUserItem.getCurGameKind()"
    },
    {
        "logtime": "2019/07/02 19:00:49",
        "logdata": 406
    },
    {
        "logtime": "2019/07/02 19:00:51",
        "logdata": "url"
    },
    {
        "logtime": "2019/07/02 19:00:51",
        "logdata": "http://apis.juhe.cn/ip/ip2addr?ip=58.23.48.188&key=74bb0395667b8d0588df9ebd6fc36a12"
    },
    {
        "logtime": "2019/07/02 19:00:51",
        "logdata": ""
    },
    {
        "logtime": "2019/07/02 19:00:51",
        "logdata": "url"
    },
    {
        "logtime": "2019/07/02 19:00:51",
        "logdata": "http://apis.juhe.cn/ip/ip2addr?ip=58.23.48.188&key=74bb0395667b8d0588df9ebd6fc36a12"
    },
    {
        "logtime": "2019/07/02 19:00:51",
        "logdata": ""
    },
    {
        "logtime": "2019/07/02 19:00:51",
        "logdata": "url"
    },
    {
        "logtime": "2019/07/02 19:00:51",
        "logdata": "http://apis.juhe.cn/ip/ip2addr?ip=58.23.48.188&key=74bb0395667b8d0588df9ebd6fc36a12"
    },
    {
        "logtime": "2019/07/02 19:00:51",
        "logdata": ""
    },
    {
        "logtime": "2019/07/02 19:00:51",
        "logdata": "url"
    },
    {
        "logtime": "2019/07/02 19:00:51",
        "logdata": "http://apis.juhe.cn/ip/ip2addr?ip=58.23.48.188&key=74bb0395667b8d0588df9ebd6fc36a12"
    },
    {
        "logtime": "2019/07/02 19:00:51",
        "logdata": ""
    },
    {
        "logtime": "2019/07/02 19:00:51",
        "logdata": {
            "_ServerResVersion": 10,
            "_Active": true,
            "_KindVersion": "101122049",
            "_KindType": 1,
            "_Module": "xiuxian/shuiguolaba/",
            "_KindID": "406",
            "_Type": "xiuxian",
            "nSitChair": 65535,
            "_KindName": "xiuxian.shuiguolaba.",
            "nEnterRoomIndex": 1,
            "nSitTable": 65535,
            "_SortId": 0
        }
    },
    {
        "logtime": "2019/07/02 19:00:51",
        "logdata": "modulestr"
    },
    {
        "logtime": "2019/07/02 19:00:51",
        "logdata": "xiuxian/shuiguolaba/"
    }
]