[
    {
        "logtime": "2019/07/09 10:53:00",
        "logdata": "onLogonCallBack"
    },
    {
        "logtime": "2019/07/09 10:53:00",
        "logdata": "http://www.fuannainc.top/"
    },
    {
        "logtime": "2019/07/09 10:53:00",
        "logdata": "url"
    },
    {
        "logtime": "2019/07/09 10:53:00",
        "logdata": "http://www.fuannainc.top//WS/MobileInterface.ashx"
    },
    {
        "logtime": "2019/07/09 10:53:00",
        "logdata": "action=GetMobileShareConfig&userid=119906&time=1562640780&signature=179E7EB9D6A114DBE4E9E5A0690F5974"
    },
    {
        "logtime": "2019/07/09 10:53:02",
        "logdata": "url"
    },
    {
        "logtime": "2019/07/09 10:53:02",
        "logdata": "http://www.fuannainc.top//WS/MobileInterface.ashx?action=GetMobileRollNotice"
    },
    {
        "logtime": "2019/07/09 10:53:02",
        "logdata": ""
    },
    {
        "logtime": "2019/07/09 10:53:12",
        "logdata": "keys2"
    },
    {
        "logtime": "2019/07/09 10:53:12",
        "logdata": "byte"
    },
    {
        "logtime": "2019/07/09 10:53:12",
        "logdata": "keys2"
    },
    {
        "logtime": "2019/07/09 10:53:12",
        "logdata": "word"
    },
    {
        "logtime": "2019/07/09 10:53:12",
        "logdata": "keys2"
    },
    {
        "logtime": "2019/07/09 10:53:12",
        "logdata": "word"
    },
    {
        "logtime": "2019/07/09 10:53:12",
        "logdata": "keys2"
    },
    {
        "logtime": "2019/07/09 10:53:12",
        "logdata": "word"
    },
    {
        "logtime": "2019/07/09 10:53:12",
        "logdata": "keys2"
    },
    {
        "logtime": "2019/07/09 10:53:12",
        "logdata": "word"
    },
    {
        "logtime": "2019/07/09 10:53:12",
        "logdata": "keys2"
    },
    {
        "logtime": "2019/07/09 10:53:12",
        "logdata": "double"
    },
    {
        "logtime": "2019/07/09 10:53:12",
        "logdata": "keys2"
    },
    {
        "logtime": "2019/07/09 10:53:12",
        "logdata": "double"
    },
    {
        "logtime": "2019/07/09 10:53:12",
        "logdata": "keys2"
    },
    {
        "logtime": "2019/07/09 10:53:12",
        "logdata": "double"
    },
    {
        "logtime": "2019/07/09 10:53:13",
        "logdata": "keys2"
    },
    {
        "logtime": "2019/07/09 10:53:13",
        "logdata": "byte"
    },
    {
        "logtime": "2019/07/09 10:53:13",
        "logdata": "keys2"
    },
    {
        "logtime": "2019/07/09 10:53:13",
        "logdata": "word"
    },
    {
        "logtime": "2019/07/09 10:53:13",
        "logdata": "keys2"
    },
    {
        "logtime": "2019/07/09 10:53:13",
        "logdata": "word"
    },
    {
        "logtime": "2019/07/09 10:53:13",
        "logdata": "keys2"
    },
    {
        "logtime": "2019/07/09 10:53:13",
        "logdata": "word"
    },
    {
        "logtime": "2019/07/09 10:53:13",
        "logdata": "keys2"
    },
    {
        "logtime": "2019/07/09 10:53:13",
        "logdata": "word"
    },
    {
        "logtime": "2019/07/09 10:53:13",
        "logdata": "keys2"
    },
    {
        "logtime": "2019/07/09 10:53:13",
        "logdata": "double"
    },
    {
        "logtime": "2019/07/09 10:53:13",
        "logdata": "keys2"
    },
    {
        "logtime": "2019/07/09 10:53:13",
        "logdata": "double"
    },
    {
        "logtime": "2019/07/09 10:53:13",
        "logdata": "keys2"
    },
    {
        "logtime": "2019/07/09 10:53:13",
        "logdata": "double"
    },
    {
        "logtime": "2019/07/09 10:53:13",
        "logdata": "keys2"
    },
    {
        "logtime": "2019/07/09 10:53:13",
        "logdata": "string"
    },
    {
        "logtime": "2019/07/09 10:53:13",
        "logdata": "keys2"
    },
    {
        "logtime": "2019/07/09 10:53:13",
        "logdata": "string"
    },
    {
        "logtime": "2019/07/09 10:53:13",
        "logdata": "keys2"
    },
    {
        "logtime": "2019/07/09 10:53:13",
        "logdata": "double"
    },
    {
        "logtime": "2019/07/09 10:53:13",
        "logdata": "keys2"
    },
    {
        "logtime": "2019/07/09 10:53:13",
        "logdata": "string"
    },
    {
        "logtime": "2019/07/09 10:53:52",
        "logdata": "LogonScene.onceExcute"
    },
    {
        "logtime": "2019/07/09 10:53:52",
        "logdata": "http://www.fuannainc.top/"
    },
    {
        "logtime": "2019/07/09 10:53:52",
        "logdata": "url"
    },
    {
        "logtime": "2019/07/09 10:53:52",
        "logdata": "http://www.fuannainc.top//ws/MobileInterface.ashx?action=GetMobileLoginNotice"
    },
    {
        "logtime": "2019/07/09 10:53:52",
        "logdata": ""
    },
    {
        "logtime": "2019/07/09 10:53:54",
        "logdata": "onLogonCallBack"
    },
    {
        "logtime": "2019/07/09 10:53:54",
        "logdata": "http://www.fuannainc.top/"
    },
    {
        "logtime": "2019/07/09 10:53:54",
        "logdata": "url"
    },
    {
        "logtime": "2019/07/09 10:53:54",
        "logdata": "http://www.fuannainc.top//WS/MobileInterface.ashx"
    },
    {
        "logtime": "2019/07/09 10:53:54",
        "logdata": "action=GetMobileShareConfig&userid=119934&time=1562640834&signature=981F1151591A6ACB5FE7B6895F536E72"
    },
    {
        "logtime": "2019/07/09 10:53:56",
        "logdata": "url"
    },
    {
        "logtime": "2019/07/09 10:53:56",
        "logdata": "http://www.fuannainc.top//WS/MobileInterface.ashx?action=GetMobileRollNotice"
    },
    {
        "logtime": "2019/07/09 10:53:56",
        "logdata": ""
    }
]