[
    {
        "logtime": "2009/01/01 07:05:02",
        "logdata": "LogonScene.onceExcute"
    },
    {
        "logtime": "2009/01/01 07:05:02",
        "logdata": "http://www.fuannainc.top/"
    },
    {
        "logtime": "2009/01/01 07:05:02",
        "logdata": "url"
    },
    {
        "logtime": "2009/01/01 07:05:02",
        "logdata": "http://www.fuannainc.top//ws/MobileInterface.ashx?action=GetMobileLoginNotice"
    },
    {
        "logtime": "2009/01/01 07:05:02",
        "logdata": ""
    },
    {
        "logtime": "2009/01/01 07:05:07",
        "logdata": "url"
    },
    {
        "logtime": "2009/01/01 07:05:07",
        "logdata": "http://apis.juhe.cn/ip/ip2addr?ip=183.53.107.223&key=74bb0395667b8d0588df9ebd6fc36a12"
    },
    {
        "logtime": "2009/01/01 07:05:07",
        "logdata": ""
    },
    {
        "logtime": "2009/01/01 07:05:07",
        "logdata": "onLogonCallBack"
    },
    {
        "logtime": "2009/01/01 07:05:07",
        "logdata": "http://www.fuannainc.top/"
    },
    {
        "logtime": "2009/01/01 07:05:07",
        "logdata": "url"
    },
    {
        "logtime": "2009/01/01 07:05:07",
        "logdata": "http://www.fuannainc.top//WS/MobileInterface.ashx"
    },
    {
        "logtime": "2009/01/01 07:05:07",
        "logdata": "action=GetMobileShareConfig&userid=119938&time=1230764707&signature=C9A2FF4DA755552EBE3ABA669648F523"
    },
    {
        "logtime": "2009/01/01 07:05:09",
        "logdata": "url"
    },
    {
        "logtime": "2009/01/01 07:05:09",
        "logdata": "http://www.fuannainc.top//WS/MobileInterface.ashx?action=GetMobileRollNotice"
    },
    {
        "logtime": "2009/01/01 07:05:09",
        "logdata": ""
    }
]