[
    {
        "logtime": "2019/05/16 16:27:34",
        "logdata": "url"
    },
    {
        "logtime": "2019/05/16 16:27:34",
        "logdata": "http://www.fuannabbs.top//WS/Account.ashx"
    },
    {
        "logtime": "2019/05/16 16:27:34",
        "logdata": "action=getchild&gameid=336218"
    },
    {
        "logtime": "2019/05/16 16:27:37",
        "logdata": "url"
    },
    {
        "logtime": "2019/05/16 16:27:37",
        "logdata": "http://www.fuannabbs.top//WS/Account.ashx"
    },
    {
        "logtime": "2019/05/16 16:27:37",
        "logdata": "action=getchild&gameid=336218"
    }
]