[
    {
        "logtime": "2009/01/01 06:17:29",
        "logdata": "LogonScene.onceExcute"
    },
    {
        "logtime": "2009/01/01 06:17:29",
        "logdata": "http://www.fuannainc.top/"
    },
    {
        "logtime": "2009/01/01 06:17:29",
        "logdata": "url"
    },
    {
        "logtime": "2009/01/01 06:17:29",
        "logdata": "http://www.fuannainc.top//ws/MobileInterface.ashx?action=GetMobileLoginNotice"
    },
    {
        "logtime": "2009/01/01 06:17:29",
        "logdata": ""
    },
    {
        "logtime": "2009/01/01 06:17:32",
        "logdata": "url"
    },
    {
        "logtime": "2009/01/01 06:17:32",
        "logdata": "http://apis.juhe.cn/ip/ip2addr?ip=113.77.80.95&key=74bb0395667b8d0588df9ebd6fc36a12"
    },
    {
        "logtime": "2009/01/01 06:17:32",
        "logdata": ""
    },
    {
        "logtime": "2009/01/01 06:17:32",
        "logdata": "onLogonCallBack"
    },
    {
        "logtime": "2009/01/01 06:17:32",
        "logdata": "http://www.fuannainc.top/"
    },
    {
        "logtime": "2009/01/01 06:17:32",
        "logdata": "url"
    },
    {
        "logtime": "2009/01/01 06:17:32",
        "logdata": "http://www.fuannainc.top//WS/MobileInterface.ashx"
    },
    {
        "logtime": "2009/01/01 06:17:32",
        "logdata": "action=GetMobileShareConfig&userid=119942&time=1230761852&signature=EF70147563A63C3565790E3486726DBD"
    },
    {
        "logtime": "2009/01/01 06:17:35",
        "logdata": "url"
    },
    {
        "logtime": "2009/01/01 06:17:35",
        "logdata": "http://www.fuannainc.top//WS/MobileInterface.ashx?action=GetMobileRollNotice"
    },
    {
        "logtime": "2009/01/01 06:17:35",
        "logdata": ""
    },
    {
        "logtime": "2009/01/01 06:17:55",
        "logdata": "LogonScene.onceExcute"
    },
    {
        "logtime": "2009/01/01 06:17:55",
        "logdata": "http://www.fuannainc.top/"
    },
    {
        "logtime": "2009/01/01 06:17:56",
        "logdata": "url"
    },
    {
        "logtime": "2009/01/01 06:17:56",
        "logdata": "http://www.fuannainc.top//ws/MobileInterface.ashx?action=GetMobileLoginNotice"
    },
    {
        "logtime": "2009/01/01 06:17:56",
        "logdata": ""
    },
    {
        "logtime": "2009/01/01 06:17:58",
        "logdata": "LogonScene.onceExcute"
    },
    {
        "logtime": "2009/01/01 06:17:58",
        "logdata": "http://www.fuannainc.top/"
    }
]