[
    {
        "logtime": "2019/07/09 10:58:06",
        "logdata": "LogonScene.onceExcute"
    },
    {
        "logtime": "2019/07/09 10:58:06",
        "logdata": "http://www.fuannainc.top/"
    },
    {
        "logtime": "2019/07/09 10:58:06",
        "logdata": "url"
    },
    {
        "logtime": "2019/07/09 10:58:06",
        "logdata": "http://www.fuannainc.top//ws/MobileInterface.ashx?action=GetMobileLoginNotice"
    },
    {
        "logtime": "2019/07/09 10:58:06",
        "logdata": ""
    },
    {
        "logtime": "2019/07/09 10:58:08",
        "logdata": "onLogonCallBack"
    },
    {
        "logtime": "2019/07/09 10:58:08",
        "logdata": "http://www.fuannainc.top/"
    },
    {
        "logtime": "2019/07/09 10:58:08",
        "logdata": "url"
    },
    {
        "logtime": "2019/07/09 10:58:08",
        "logdata": "http://www.fuannainc.top//WS/MobileInterface.ashx"
    },
    {
        "logtime": "2019/07/09 10:58:08",
        "logdata": "action=GetMobileShareConfig&userid=119906&time=1562641088&signature=FDC78E4C484F883CD444604C99EAD69C"
    },
    {
        "logtime": "2019/07/09 10:58:10",
        "logdata": "url"
    },
    {
        "logtime": "2019/07/09 10:58:10",
        "logdata": "http://www.fuannainc.top//WS/MobileInterface.ashx?action=GetMobileRollNotice"
    },
    {
        "logtime": "2019/07/09 10:58:10",
        "logdata": ""
    },
    {
        "logtime": "2019/07/09 10:58:13",
        "logdata": "keys2"
    },
    {
        "logtime": "2019/07/09 10:58:13",
        "logdata": "byte"
    },
    {
        "logtime": "2019/07/09 10:58:13",
        "logdata": "keys2"
    },
    {
        "logtime": "2019/07/09 10:58:13",
        "logdata": "word"
    },
    {
        "logtime": "2019/07/09 10:58:13",
        "logdata": "keys2"
    },
    {
        "logtime": "2019/07/09 10:58:13",
        "logdata": "word"
    },
    {
        "logtime": "2019/07/09 10:58:13",
        "logdata": "keys2"
    },
    {
        "logtime": "2019/07/09 10:58:13",
        "logdata": "word"
    },
    {
        "logtime": "2019/07/09 10:58:13",
        "logdata": "keys2"
    },
    {
        "logtime": "2019/07/09 10:58:13",
        "logdata": "word"
    },
    {
        "logtime": "2019/07/09 10:58:13",
        "logdata": "keys2"
    },
    {
        "logtime": "2019/07/09 10:58:13",
        "logdata": "double"
    },
    {
        "logtime": "2019/07/09 10:58:13",
        "logdata": "keys2"
    },
    {
        "logtime": "2019/07/09 10:58:13",
        "logdata": "double"
    },
    {
        "logtime": "2019/07/09 10:58:13",
        "logdata": "keys2"
    },
    {
        "logtime": "2019/07/09 10:58:13",
        "logdata": "double"
    },
    {
        "logtime": "2019/07/09 10:58:13",
        "logdata": "keys2"
    },
    {
        "logtime": "2019/07/09 10:58:13",
        "logdata": "string"
    },
    {
        "logtime": "2019/07/09 10:58:13",
        "logdata": "keys2"
    },
    {
        "logtime": "2019/07/09 10:58:13",
        "logdata": "string"
    },
    {
        "logtime": "2019/07/09 10:58:13",
        "logdata": "keys2"
    },
    {
        "logtime": "2019/07/09 10:58:13",
        "logdata": "double"
    },
    {
        "logtime": "2019/07/09 10:58:13",
        "logdata": "keys2"
    },
    {
        "logtime": "2019/07/09 10:58:13",
        "logdata": "string"
    },
    {
        "logtime": "2019/07/09 10:58:52",
        "logdata": "LogonScene.onceExcute"
    },
    {
        "logtime": "2019/07/09 10:58:52",
        "logdata": "http://www.fuannainc.top/"
    },
    {
        "logtime": "2019/07/09 10:58:52",
        "logdata": "url"
    },
    {
        "logtime": "2019/07/09 10:58:52",
        "logdata": "http://www.fuannainc.top//ws/MobileInterface.ashx?action=GetMobileLoginNotice"
    },
    {
        "logtime": "2019/07/09 10:58:52",
        "logdata": ""
    },
    {
        "logtime": "2019/07/09 10:58:54",
        "logdata": "onLogonCallBack"
    },
    {
        "logtime": "2019/07/09 10:58:54",
        "logdata": "http://www.fuannainc.top/"
    },
    {
        "logtime": "2019/07/09 10:58:54",
        "logdata": "url"
    },
    {
        "logtime": "2019/07/09 10:58:54",
        "logdata": "http://www.fuannainc.top//WS/MobileInterface.ashx"
    },
    {
        "logtime": "2019/07/09 10:58:54",
        "logdata": "action=GetMobileShareConfig&userid=119900&time=1562641134&signature=1AD9E85E740D767ABB8C482711E64EFC"
    }
]