[
    {
        "logtime": "2019/05/20 17:32:00",
        "logdata": "url"
    },
    {
        "logtime": "2019/05/20 17:32:00",
        "logdata": "http://www.fuannainc.top//WS/MobileInterface.ashx?action=GetMobileRollNotice"
    },
    {
        "logtime": "2019/05/20 17:32:00",
        "logdata": ""
    },
    {
        "logtime": "2019/05/20 17:32:22",
        "logdata": "LogonScene.onceExcute"
    },
    {
        "logtime": "2019/05/20 17:32:22",
        "logdata": "http://www.fuannainc.top/"
    },
    {
        "logtime": "2019/05/20 17:32:22",
        "logdata": "url"
    },
    {
        "logtime": "2019/05/20 17:32:22",
        "logdata": "http://www.fuannainc.top//ws/MobileInterface.ashx?action=GetMobileLoginNotice"
    },
    {
        "logtime": "2019/05/20 17:32:22",
        "logdata": ""
    },
    {
        "logtime": "2019/05/20 17:32:24",
        "logdata": "url"
    },
    {
        "logtime": "2019/05/20 17:32:24",
        "logdata": "http://apis.juhe.cn/ip/ip2addr?ip=183.53.106.37&key=74bb0395667b8d0588df9ebd6fc36a12"
    },
    {
        "logtime": "2019/05/20 17:32:24",
        "logdata": ""
    },
    {
        "logtime": "2019/05/20 17:32:24",
        "logdata": "onLogonCallBack"
    },
    {
        "logtime": "2019/05/20 17:32:24",
        "logdata": "http://www.fuannainc.top/"
    },
    {
        "logtime": "2019/05/20 17:32:24",
        "logdata": "url"
    },
    {
        "logtime": "2019/05/20 17:32:24",
        "logdata": "http://www.fuannainc.top//WS/MobileInterface.ashx"
    },
    {
        "logtime": "2019/05/20 17:32:24",
        "logdata": "action=GetMobileShareConfig&userid=119942&time=1558344744&signature=0E956FEB579DCEC43E6F2E6B00B7A9BB"
    },
    {
        "logtime": "2019/05/20 17:32:27",
        "logdata": "url"
    },
    {
        "logtime": "2019/05/20 17:32:27",
        "logdata": "http://www.fuannainc.top//WS/MobileInterface.ashx?action=GetMobileRollNotice"
    },
    {
        "logtime": "2019/05/20 17:32:27",
        "logdata": ""
    }
]