[
    {
        "logtime": "2019/06/19 10:33:04",
        "logdata": null
    },
    {
        "logtime": "2019/06/19 10:33:04",
        "logdata": "onEnterGame"
    },
    {
        "logtime": "2019/06/19 10:33:04",
        "logdata": {
            "_ServerResVersion": 4,
            "_Active": true,
            "_KindVersion": "101122049",
            "_KindType": 3,
            "_Module": "yule/oxbattle/",
            "_KindID": "104",
            "_Type": "yule",
            "_KindName": "yule.oxbattle.",
            "_SortId": 7
        }
    },
    {
        "logtime": "2019/06/19 10:33:04",
        "logdata": "url"
    },
    {
        "logtime": "2019/06/19 10:33:04",
        "logdata": "http://apis.juhe.cn/ip/ip2addr?ip=36.249.132.170&key=74bb0395667b8d0588df9ebd6fc36a12"
    },
    {
        "logtime": "2019/06/19 10:33:04",
        "logdata": ""
    },
    {
        "logtime": "2019/06/19 10:33:04",
        "logdata": "url"
    },
    {
        "logtime": "2019/06/19 10:33:04",
        "logdata": "http://apis.juhe.cn/ip/ip2addr?ip=210.38.45.155&key=74bb0395667b8d0588df9ebd6fc36a12"
    },
    {
        "logtime": "2019/06/19 10:33:04",
        "logdata": ""
    },
    {
        "logtime": "2019/06/19 10:33:04",
        "logdata": "url"
    },
    {
        "logtime": "2019/06/19 10:33:04",
        "logdata": "http://apis.juhe.cn/ip/ip2addr?ip=121.76.246.235&key=74bb0395667b8d0588df9ebd6fc36a12"
    },
    {
        "logtime": "2019/06/19 10:33:04",
        "logdata": ""
    },
    {
        "logtime": "2019/06/19 10:33:04",
        "logdata": "url"
    },
    {
        "logtime": "2019/06/19 10:33:04",
        "logdata": "http://apis.juhe.cn/ip/ip2addr?ip=123.233.29.150&key=74bb0395667b8d0588df9ebd6fc36a12"
    },
    {
        "logtime": "2019/06/19 10:33:04",
        "logdata": ""
    },
    {
        "logtime": "2019/06/19 10:33:04",
        "logdata": "url"
    },
    {
        "logtime": "2019/06/19 10:33:04",
        "logdata": "http://apis.juhe.cn/ip/ip2addr?ip=139.212.209.102&key=74bb0395667b8d0588df9ebd6fc36a12"
    },
    {
        "logtime": "2019/06/19 10:33:04",
        "logdata": ""
    },
    {
        "logtime": "2019/06/19 10:33:04",
        "logdata": "url"
    },
    {
        "logtime": "2019/06/19 10:33:04",
        "logdata": "http://apis.juhe.cn/ip/ip2addr?ip=139.198.3.140&key=74bb0395667b8d0588df9ebd6fc36a12"
    },
    {
        "logtime": "2019/06/19 10:33:04",
        "logdata": ""
    },
    {
        "logtime": "2019/06/19 10:33:04",
        "logdata": "url"
    },
    {
        "logtime": "2019/06/19 10:33:04",
        "logdata": "http://apis.juhe.cn/ip/ip2addr?ip=210.40.45.209&key=74bb0395667b8d0588df9ebd6fc36a12"
    },
    {
        "logtime": "2019/06/19 10:33:04",
        "logdata": ""
    },
    {
        "logtime": "2019/06/19 10:33:04",
        "logdata": "url"
    },
    {
        "logtime": "2019/06/19 10:33:04",
        "logdata": "http://apis.juhe.cn/ip/ip2addr?ip=106.93.127.236&key=74bb0395667b8d0588df9ebd6fc36a12"
    },
    {
        "logtime": "2019/06/19 10:33:04",
        "logdata": ""
    },
    {
        "logtime": "2019/06/19 10:33:04",
        "logdata": "url"
    },
    {
        "logtime": "2019/06/19 10:33:04",
        "logdata": "http://apis.juhe.cn/ip/ip2addr?ip=210.34.245.130&key=74bb0395667b8d0588df9ebd6fc36a12"
    },
    {
        "logtime": "2019/06/19 10:33:04",
        "logdata": ""
    },
    {
        "logtime": "2019/06/19 10:33:04",
        "logdata": "url"
    },
    {
        "logtime": "2019/06/19 10:33:04",
        "logdata": "http://apis.juhe.cn/ip/ip2addr?ip=106.88.6.114&key=74bb0395667b8d0588df9ebd6fc36a12"
    },
    {
        "logtime": "2019/06/19 10:33:04",
        "logdata": ""
    },
    {
        "logtime": "2019/06/19 10:33:04",
        "logdata": "url"
    },
    {
        "logtime": "2019/06/19 10:33:04",
        "logdata": "http://apis.juhe.cn/ip/ip2addr?ip=123.235.125.243&key=74bb0395667b8d0588df9ebd6fc36a12"
    },
    {
        "logtime": "2019/06/19 10:33:04",
        "logdata": ""
    },
    {
        "logtime": "2019/06/19 10:33:04",
        "logdata": "url"
    },
    {
        "logtime": "2019/06/19 10:33:04",
        "logdata": "http://apis.juhe.cn/ip/ip2addr?ip=182.85.56.182&key=74bb0395667b8d0588df9ebd6fc36a12"
    },
    {
        "logtime": "2019/06/19 10:33:04",
        "logdata": ""
    },
    {
        "logtime": "2019/06/19 10:33:04",
        "logdata": "url"
    },
    {
        "logtime": "2019/06/19 10:33:04",
        "logdata": "http://apis.juhe.cn/ip/ip2addr?ip=210.35.11.118&key=74bb0395667b8d0588df9ebd6fc36a12"
    },
    {
        "logtime": "2019/06/19 10:33:04",
        "logdata": ""
    },
    {
        "logtime": "2019/06/19 10:33:04",
        "logdata": "url"
    },
    {
        "logtime": "2019/06/19 10:33:04",
        "logdata": "http://apis.juhe.cn/ip/ip2addr?ip=210.31.148.12&key=74bb0395667b8d0588df9ebd6fc36a12"
    },
    {
        "logtime": "2019/06/19 10:33:04",
        "logdata": ""
    },
    {
        "logtime": "2019/06/19 10:33:04",
        "logdata": "url"
    },
    {
        "logtime": "2019/06/19 10:33:04",
        "logdata": "http://apis.juhe.cn/ip/ip2addr?ip=121.77.213.191&key=74bb0395667b8d0588df9ebd6fc36a12"
    },
    {
        "logtime": "2019/06/19 10:33:04",
        "logdata": ""
    },
    {
        "logtime": "2019/06/19 10:33:04",
        "logdata": "url"
    },
    {
        "logtime": "2019/06/19 10:33:04",
        "logdata": "http://apis.juhe.cn/ip/ip2addr?ip=36.57.83.121&key=74bb0395667b8d0588df9ebd6fc36a12"
    },
    {
        "logtime": "2019/06/19 10:33:04",
        "logdata": ""
    },
    {
        "logtime": "2019/06/19 10:33:04",
        "logdata": "url"
    },
    {
        "logtime": "2019/06/19 10:33:04",
        "logdata": "http://apis.juhe.cn/ip/ip2addr?ip=222.85.23.86&key=74bb0395667b8d0588df9ebd6fc36a12"
    },
    {
        "logtime": "2019/06/19 10:33:04",
        "logdata": ""
    },
    {
        "logtime": "2019/06/19 10:33:04",
        "logdata": "url"
    },
    {
        "logtime": "2019/06/19 10:33:04",
        "logdata": "http://apis.juhe.cn/ip/ip2addr?ip=36.59.62.124&key=74bb0395667b8d0588df9ebd6fc36a12"
    },
    {
        "logtime": "2019/06/19 10:33:04",
        "logdata": ""
    },
    {
        "logtime": "2019/06/19 10:33:04",
        "logdata": "url"
    },
    {
        "logtime": "2019/06/19 10:33:04",
        "logdata": "http://apis.juhe.cn/ip/ip2addr?ip=210.26.55.243&key=74bb0395667b8d0588df9ebd6fc36a12"
    },
    {
        "logtime": "2019/06/19 10:33:04",
        "logdata": ""
    },
    {
        "logtime": "2019/06/19 10:33:04",
        "logdata": "url"
    },
    {
        "logtime": "2019/06/19 10:33:04",
        "logdata": "http://apis.juhe.cn/ip/ip2addr?ip=61.236.19.72&key=74bb0395667b8d0588df9ebd6fc36a12"
    },
    {
        "logtime": "2019/06/19 10:33:04",
        "logdata": ""
    },
    {
        "logtime": "2019/06/19 10:33:04",
        "logdata": "url"
    },
    {
        "logtime": "2019/06/19 10:33:04",
        "logdata": "http://apis.juhe.cn/ip/ip2addr?ip=61.234.174.162&key=74bb0395667b8d0588df9ebd6fc36a12"
    },
    {
        "logtime": "2019/06/19 10:33:04",
        "logdata": ""
    },
    {
        "logtime": "2019/06/19 10:33:04",
        "logdata": "url"
    },
    {
        "logtime": "2019/06/19 10:33:04",
        "logdata": "http://apis.juhe.cn/ip/ip2addr?ip=171.15.205.194&key=74bb0395667b8d0588df9ebd6fc36a12"
    },
    {
        "logtime": "2019/06/19 10:33:04",
        "logdata": ""
    },
    {
        "logtime": "2019/06/19 10:33:04",
        "logdata": "url"
    },
    {
        "logtime": "2019/06/19 10:33:04",
        "logdata": "http://apis.juhe.cn/ip/ip2addr?ip=36.57.181.202&key=74bb0395667b8d0588df9ebd6fc36a12"
    },
    {
        "logtime": "2019/06/19 10:33:04",
        "logdata": ""
    },
    {
        "logtime": "2019/06/19 10:33:04",
        "logdata": "url"
    },
    {
        "logtime": "2019/06/19 10:33:04",
        "logdata": "http://apis.juhe.cn/ip/ip2addr?ip=171.8.203.67&key=74bb0395667b8d0588df9ebd6fc36a12"
    },
    {
        "logtime": "2019/06/19 10:33:04",
        "logdata": ""
    },
    {
        "logtime": "2019/06/19 10:33:04",
        "logdata": "url"
    },
    {
        "logtime": "2019/06/19 10:33:04",
        "logdata": "http://apis.juhe.cn/ip/ip2addr?ip=121.77.229.75&key=74bb0395667b8d0588df9ebd6fc36a12"
    },
    {
        "logtime": "2019/06/19 10:33:04",
        "logdata": ""
    },
    {
        "logtime": "2019/06/19 10:33:04",
        "logdata": "url"
    },
    {
        "logtime": "2019/06/19 10:33:04",
        "logdata": "http://apis.juhe.cn/ip/ip2addr?ip=36.62.245.201&key=74bb0395667b8d0588df9ebd6fc36a12"
    },
    {
        "logtime": "2019/06/19 10:33:04",
        "logdata": ""
    },
    {
        "logtime": "2019/06/19 10:33:04",
        "logdata": "url"
    },
    {
        "logtime": "2019/06/19 10:33:04",
        "logdata": "http://apis.juhe.cn/ip/ip2addr?ip=36.59.194.218&key=74bb0395667b8d0588df9ebd6fc36a12"
    },
    {
        "logtime": "2019/06/19 10:33:04",
        "logdata": ""
    },
    {
        "logtime": "2019/06/19 10:33:04",
        "logdata": "url"
    },
    {
        "logtime": "2019/06/19 10:33:04",
        "logdata": "http://apis.juhe.cn/ip/ip2addr?ip=36.63.75.2&key=74bb0395667b8d0588df9ebd6fc36a12"
    },
    {
        "logtime": "2019/06/19 10:33:04",
        "logdata": ""
    },
    {
        "logtime": "2019/06/19 10:33:04",
        "logdata": "url"
    },
    {
        "logtime": "2019/06/19 10:33:04",
        "logdata": "http://apis.juhe.cn/ip/ip2addr?ip=222.24.241.35&key=74bb0395667b8d0588df9ebd6fc36a12"
    },
    {
        "logtime": "2019/06/19 10:33:04",
        "logdata": ""
    },
    {
        "logtime": "2019/06/19 10:33:04",
        "logdata": "url"
    },
    {
        "logtime": "2019/06/19 10:33:04",
        "logdata": "http://apis.juhe.cn/ip/ip2addr?ip=222.67.104.150&key=74bb0395667b8d0588df9ebd6fc36a12"
    },
    {
        "logtime": "2019/06/19 10:33:04",
        "logdata": ""
    },
    {
        "logtime": "2019/06/19 10:33:04",
        "logdata": "url"
    },
    {
        "logtime": "2019/06/19 10:33:04",
        "logdata": "http://apis.juhe.cn/ip/ip2addr?ip=36.57.30.8&key=74bb0395667b8d0588df9ebd6fc36a12"
    },
    {
        "logtime": "2019/06/19 10:33:04",
        "logdata": ""
    },
    {
        "logtime": "2019/06/19 10:33:04",
        "logdata": "url"
    },
    {
        "logtime": "2019/06/19 10:33:04",
        "logdata": "http://apis.juhe.cn/ip/ip2addr?ip=123.234.54.246&key=74bb0395667b8d0588df9ebd6fc36a12"
    },
    {
        "logtime": "2019/06/19 10:33:04",
        "logdata": ""
    },
    {
        "logtime": "2019/06/19 10:33:04",
        "logdata": "url"
    },
    {
        "logtime": "2019/06/19 10:33:04",
        "logdata": "http://apis.juhe.cn/ip/ip2addr?ip=139.209.231.152&key=74bb0395667b8d0588df9ebd6fc36a12"
    },
    {
        "logtime": "2019/06/19 10:33:04",
        "logdata": ""
    },
    {
        "logtime": "2019/06/19 10:33:04",
        "logdata": "url"
    },
    {
        "logtime": "2019/06/19 10:33:04",
        "logdata": "http://apis.juhe.cn/ip/ip2addr?ip=139.210.25.24&key=74bb0395667b8d0588df9ebd6fc36a12"
    },
    {
        "logtime": "2019/06/19 10:33:04",
        "logdata": ""
    },
    {
        "logtime": "2019/06/19 10:33:04",
        "logdata": "url"
    },
    {
        "logtime": "2019/06/19 10:33:04",
        "logdata": "http://apis.juhe.cn/ip/ip2addr?ip=61.236.90.19&key=74bb0395667b8d0588df9ebd6fc36a12"
    },
    {
        "logtime": "2019/06/19 10:33:04",
        "logdata": ""
    },
    {
        "logtime": "2019/06/19 10:33:04",
        "logdata": "url"
    },
    {
        "logtime": "2019/06/19 10:33:04",
        "logdata": "http://apis.juhe.cn/ip/ip2addr?ip=121.77.176.16&key=74bb0395667b8d0588df9ebd6fc36a12"
    },
    {
        "logtime": "2019/06/19 10:33:04",
        "logdata": ""
    },
    {
        "logtime": "2019/06/19 10:33:04",
        "logdata": "url"
    },
    {
        "logtime": "2019/06/19 10:33:04",
        "logdata": "http://apis.juhe.cn/ip/ip2addr?ip=123.234.183.66&key=74bb0395667b8d0588df9ebd6fc36a12"
    },
    {
        "logtime": "2019/06/19 10:33:04",
        "logdata": ""
    },
    {
        "logtime": "2019/06/19 10:33:04",
        "logdata": "url"
    },
    {
        "logtime": "2019/06/19 10:33:04",
        "logdata": "http://apis.juhe.cn/ip/ip2addr?ip=123.232.9.115&key=74bb0395667b8d0588df9ebd6fc36a12"
    },
    {
        "logtime": "2019/06/19 10:33:04",
        "logdata": ""
    },
    {
        "logtime": "2019/06/19 10:33:04",
        "logdata": "url"
    },
    {
        "logtime": "2019/06/19 10:33:04",
        "logdata": "http://apis.juhe.cn/ip/ip2addr?ip=182.80.118.172&key=74bb0395667b8d0588df9ebd6fc36a12"
    },
    {
        "logtime": "2019/06/19 10:33:04",
        "logdata": ""
    },
    {
        "logtime": "2019/06/19 10:33:04",
        "logdata": "url"
    },
    {
        "logtime": "2019/06/19 10:33:04",
        "logdata": "http://apis.juhe.cn/ip/ip2addr?ip=182.82.100.200&key=74bb0395667b8d0588df9ebd6fc36a12"
    },
    {
        "logtime": "2019/06/19 10:33:04",
        "logdata": ""
    },
    {
        "logtime": "2019/06/19 10:33:04",
        "logdata": "url"
    },
    {
        "logtime": "2019/06/19 10:33:04",
        "logdata": "http://apis.juhe.cn/ip/ip2addr?ip=182.91.151.91&key=74bb0395667b8d0588df9ebd6fc36a12"
    },
    {
        "logtime": "2019/06/19 10:33:04",
        "logdata": ""
    },
    {
        "logtime": "2019/06/19 10:33:04",
        "logdata": "url"
    },
    {
        "logtime": "2019/06/19 10:33:04",
        "logdata": "http://apis.juhe.cn/ip/ip2addr?ip=139.201.150.151&key=74bb0395667b8d0588df9ebd6fc36a12"
    },
    {
        "logtime": "2019/06/19 10:33:04",
        "logdata": ""
    },
    {
        "logtime": "2019/06/19 10:33:04",
        "logdata": "url"
    },
    {
        "logtime": "2019/06/19 10:33:04",
        "logdata": "http://apis.juhe.cn/ip/ip2addr?ip=171.9.85.117&key=74bb0395667b8d0588df9ebd6fc36a12"
    },
    {
        "logtime": "2019/06/19 10:33:04",
        "logdata": ""
    },
    {
        "logtime": "2019/06/19 10:33:04",
        "logdata": "url"
    },
    {
        "logtime": "2019/06/19 10:33:04",
        "logdata": "http://apis.juhe.cn/ip/ip2addr?ip=61.236.3.14&key=74bb0395667b8d0588df9ebd6fc36a12"
    },
    {
        "logtime": "2019/06/19 10:33:04",
        "logdata": ""
    },
    {
        "logtime": "2019/06/19 10:33:04",
        "logdata": "url"
    },
    {
        "logtime": "2019/06/19 10:33:04",
        "logdata": "http://apis.juhe.cn/ip/ip2addr?ip=121.76.196.187&key=74bb0395667b8d0588df9ebd6fc36a12"
    },
    {
        "logtime": "2019/06/19 10:33:04",
        "logdata": ""
    },
    {
        "logtime": "2019/06/19 10:33:04",
        "logdata": "url"
    },
    {
        "logtime": "2019/06/19 10:33:04",
        "logdata": "http://apis.juhe.cn/ip/ip2addr?ip=106.80.187.144&key=74bb0395667b8d0588df9ebd6fc36a12"
    },
    {
        "logtime": "2019/06/19 10:33:04",
        "logdata": ""
    },
    {
        "logtime": "2019/06/19 10:33:04",
        "logdata": "url"
    },
    {
        "logtime": "2019/06/19 10:33:04",
        "logdata": "http://apis.juhe.cn/ip/ip2addr?ip=106.82.104.105&key=74bb0395667b8d0588df9ebd6fc36a12"
    },
    {
        "logtime": "2019/06/19 10:33:04",
        "logdata": ""
    },
    {
        "logtime": "2019/06/19 10:33:04",
        "logdata": "url"
    },
    {
        "logtime": "2019/06/19 10:33:04",
        "logdata": "http://apis.juhe.cn/ip/ip2addr?ip=121.77.89.10&key=74bb0395667b8d0588df9ebd6fc36a12"
    },
    {
        "logtime": "2019/06/19 10:33:04",
        "logdata": ""
    },
    {
        "logtime": "2019/06/19 10:33:04",
        "logdata": "url"
    },
    {
        "logtime": "2019/06/19 10:33:04",
        "logdata": "http://apis.juhe.cn/ip/ip2addr?ip=139.213.226.117&key=74bb0395667b8d0588df9ebd6fc36a12"
    },
    {
        "logtime": "2019/06/19 10:33:04",
        "logdata": ""
    },
    {
        "logtime": "2019/06/19 10:33:04",
        "logdata": "url"
    },
    {
        "logtime": "2019/06/19 10:33:04",
        "logdata": "http://apis.juhe.cn/ip/ip2addr?ip=36.60.214.115&key=74bb0395667b8d0588df9ebd6fc36a12"
    },
    {
        "logtime": "2019/06/19 10:33:04",
        "logdata": ""
    },
    {
        "logtime": "2019/06/19 10:33:04",
        "logdata": "url"
    },
    {
        "logtime": "2019/06/19 10:33:04",
        "logdata": "http://apis.juhe.cn/ip/ip2addr?ip=61.234.174.162&key=74bb0395667b8d0588df9ebd6fc36a12"
    },
    {
        "logtime": "2019/06/19 10:33:04",
        "logdata": ""
    },
    {
        "logtime": "2019/06/19 10:33:04",
        "logdata": "url"
    },
    {
        "logtime": "2019/06/19 10:33:04",
        "logdata": "http://apis.juhe.cn/ip/ip2addr?ip=36.63.75.2&key=74bb0395667b8d0588df9ebd6fc36a12"
    },
    {
        "logtime": "2019/06/19 10:33:04",
        "logdata": ""
    },
    {
        "logtime": "2019/06/19 10:33:04",
        "logdata": "url"
    },
    {
        "logtime": "2019/06/19 10:33:04",
        "logdata": "http://apis.juhe.cn/ip/ip2addr?ip=139.198.3.140&key=74bb0395667b8d0588df9ebd6fc36a12"
    },
    {
        "logtime": "2019/06/19 10:33:04",
        "logdata": ""
    },
    {
        "logtime": "2019/06/19 10:33:04",
        "logdata": "url"
    },
    {
        "logtime": "2019/06/19 10:33:04",
        "logdata": "http://apis.juhe.cn/ip/ip2addr?ip=36.59.194.218&key=74bb0395667b8d0588df9ebd6fc36a12"
    },
    {
        "logtime": "2019/06/19 10:33:04",
        "logdata": ""
    },
    {
        "logtime": "2019/06/19 10:33:04",
        "logdata": "url"
    },
    {
        "logtime": "2019/06/19 10:33:04",
        "logdata": "http://apis.juhe.cn/ip/ip2addr?ip=222.67.104.150&key=74bb0395667b8d0588df9ebd6fc36a12"
    },
    {
        "logtime": "2019/06/19 10:33:05",
        "logdata": ""
    },
    {
        "logtime": "2019/06/19 10:33:05",
        "logdata": "url"
    },
    {
        "logtime": "2019/06/19 10:33:05",
        "logdata": "http://apis.juhe.cn/ip/ip2addr?ip=123.235.125.243&key=74bb0395667b8d0588df9ebd6fc36a12"
    },
    {
        "logtime": "2019/06/19 10:33:05",
        "logdata": ""
    },
    {
        "logtime": "2019/06/19 10:33:05",
        "logdata": "url"
    },
    {
        "logtime": "2019/06/19 10:33:05",
        "logdata": "http://apis.juhe.cn/ip/ip2addr?ip=106.88.6.114&key=74bb0395667b8d0588df9ebd6fc36a12"
    },
    {
        "logtime": "2019/06/19 10:33:05",
        "logdata": ""
    },
    {
        "logtime": "2019/06/19 10:33:05",
        "logdata": "url"
    },
    {
        "logtime": "2019/06/19 10:33:05",
        "logdata": "http://apis.juhe.cn/ip/ip2addr?ip=36.57.30.8&key=74bb0395667b8d0588df9ebd6fc36a12"
    },
    {
        "logtime": "2019/06/19 10:33:05",
        "logdata": ""
    },
    {
        "logtime": "2019/06/19 10:33:05",
        "logdata": "url"
    },
    {
        "logtime": "2019/06/19 10:33:05",
        "logdata": "http://apis.juhe.cn/ip/ip2addr?ip=222.24.241.35&key=74bb0395667b8d0588df9ebd6fc36a12"
    },
    {
        "logtime": "2019/06/19 10:33:05",
        "logdata": ""
    },
    {
        "logtime": "2019/06/19 10:33:05",
        "logdata": "url"
    },
    {
        "logtime": "2019/06/19 10:33:05",
        "logdata": "http://apis.juhe.cn/ip/ip2addr?ip=171.8.203.67&key=74bb0395667b8d0588df9ebd6fc36a12"
    },
    {
        "logtime": "2019/06/19 10:33:05",
        "logdata": ""
    },
    {
        "logtime": "2019/06/19 10:33:05",
        "logdata": "url"
    },
    {
        "logtime": "2019/06/19 10:33:05",
        "logdata": "http://apis.juhe.cn/ip/ip2addr?ip=123.234.54.246&key=74bb0395667b8d0588df9ebd6fc36a12"
    },
    {
        "logtime": "2019/06/19 10:33:05",
        "logdata": ""
    },
    {
        "logtime": "2019/06/19 10:33:05",
        "logdata": "url"
    },
    {
        "logtime": "2019/06/19 10:33:05",
        "logdata": "http://apis.juhe.cn/ip/ip2addr?ip=36.62.245.201&key=74bb0395667b8d0588df9ebd6fc36a12"
    },
    {
        "logtime": "2019/06/19 10:33:05",
        "logdata": ""
    },
    {
        "logtime": "2019/06/19 10:33:05",
        "logdata": "url"
    },
    {
        "logtime": "2019/06/19 10:33:05",
        "logdata": "http://apis.juhe.cn/ip/ip2addr?ip=139.209.231.152&key=74bb0395667b8d0588df9ebd6fc36a12"
    },
    {
        "logtime": "2019/06/19 10:33:05",
        "logdata": ""
    },
    {
        "logtime": "2019/06/19 10:33:05",
        "logdata": "url"
    },
    {
        "logtime": "2019/06/19 10:33:05",
        "logdata": "http://apis.juhe.cn/ip/ip2addr?ip=139.210.25.24&key=74bb0395667b8d0588df9ebd6fc36a12"
    },
    {
        "logtime": "2019/06/19 10:33:05",
        "logdata": ""
    },
    {
        "logtime": "2019/06/19 10:33:05",
        "logdata": "url"
    },
    {
        "logtime": "2019/06/19 10:33:05",
        "logdata": "http://apis.juhe.cn/ip/ip2addr?ip=182.82.100.200&key=74bb0395667b8d0588df9ebd6fc36a12"
    },
    {
        "logtime": "2019/06/19 10:33:05",
        "logdata": ""
    },
    {
        "logtime": "2019/06/19 10:33:05",
        "logdata": "url"
    },
    {
        "logtime": "2019/06/19 10:33:05",
        "logdata": "http://apis.juhe.cn/ip/ip2addr?ip=121.77.176.16&key=74bb0395667b8d0588df9ebd6fc36a12"
    },
    {
        "logtime": "2019/06/19 10:33:05",
        "logdata": ""
    },
    {
        "logtime": "2019/06/19 10:33:05",
        "logdata": "url"
    },
    {
        "logtime": "2019/06/19 10:33:05",
        "logdata": "http://apis.juhe.cn/ip/ip2addr?ip=139.213.226.117&key=74bb0395667b8d0588df9ebd6fc36a12"
    },
    {
        "logtime": "2019/06/19 10:33:05",
        "logdata": ""
    },
    {
        "logtime": "2019/06/19 10:33:05",
        "logdata": "url"
    },
    {
        "logtime": "2019/06/19 10:33:05",
        "logdata": "http://apis.juhe.cn/ip/ip2addr?ip=123.234.183.66&key=74bb0395667b8d0588df9ebd6fc36a12"
    },
    {
        "logtime": "2019/06/19 10:33:05",
        "logdata": ""
    },
    {
        "logtime": "2019/06/19 10:33:05",
        "logdata": "url"
    },
    {
        "logtime": "2019/06/19 10:33:05",
        "logdata": "http://apis.juhe.cn/ip/ip2addr?ip=121.77.89.10&key=74bb0395667b8d0588df9ebd6fc36a12"
    },
    {
        "logtime": "2019/06/19 10:33:05",
        "logdata": ""
    },
    {
        "logtime": "2019/06/19 10:33:05",
        "logdata": "url"
    },
    {
        "logtime": "2019/06/19 10:33:05",
        "logdata": "http://apis.juhe.cn/ip/ip2addr?ip=182.91.151.91&key=74bb0395667b8d0588df9ebd6fc36a12"
    },
    {
        "logtime": "2019/06/19 10:33:05",
        "logdata": ""
    },
    {
        "logtime": "2019/06/19 10:33:05",
        "logdata": "url"
    },
    {
        "logtime": "2019/06/19 10:33:05",
        "logdata": "http://apis.juhe.cn/ip/ip2addr?ip=121.77.213.191&key=74bb0395667b8d0588df9ebd6fc36a12"
    },
    {
        "logtime": "2019/06/19 10:33:05",
        "logdata": ""
    },
    {
        "logtime": "2019/06/19 10:33:05",
        "logdata": "url"
    },
    {
        "logtime": "2019/06/19 10:33:05",
        "logdata": "http://apis.juhe.cn/ip/ip2addr?ip=61.236.3.14&key=74bb0395667b8d0588df9ebd6fc36a12"
    },
    {
        "logtime": "2019/06/19 10:33:05",
        "logdata": ""
    },
    {
        "logtime": "2019/06/19 10:33:05",
        "logdata": "url"
    },
    {
        "logtime": "2019/06/19 10:33:05",
        "logdata": "http://apis.juhe.cn/ip/ip2addr?ip=123.232.9.115&key=74bb0395667b8d0588df9ebd6fc36a12"
    },
    {
        "logtime": "2019/06/19 10:33:05",
        "logdata": ""
    },
    {
        "logtime": "2019/06/19 10:33:05",
        "logdata": "url"
    },
    {
        "logtime": "2019/06/19 10:33:05",
        "logdata": "http://apis.juhe.cn/ip/ip2addr?ip=121.76.196.187&key=74bb0395667b8d0588df9ebd6fc36a12"
    },
    {
        "logtime": "2019/06/19 10:33:05",
        "logdata": ""
    },
    {
        "logtime": "2019/06/19 10:33:05",
        "logdata": "url"
    },
    {
        "logtime": "2019/06/19 10:33:05",
        "logdata": "http://apis.juhe.cn/ip/ip2addr?ip=171.9.85.117&key=74bb0395667b8d0588df9ebd6fc36a12"
    },
    {
        "logtime": "2019/06/19 10:33:05",
        "logdata": ""
    },
    {
        "logtime": "2019/06/19 10:33:05",
        "logdata": "url"
    },
    {
        "logtime": "2019/06/19 10:33:05",
        "logdata": "http://apis.juhe.cn/ip/ip2addr?ip=36.60.214.115&key=74bb0395667b8d0588df9ebd6fc36a12"
    },
    {
        "logtime": "2019/06/19 10:33:05",
        "logdata": ""
    },
    {
        "logtime": "2019/06/19 10:33:05",
        "logdata": "url"
    },
    {
        "logtime": "2019/06/19 10:33:05",
        "logdata": "http://apis.juhe.cn/ip/ip2addr?ip=106.82.104.105&key=74bb0395667b8d0588df9ebd6fc36a12"
    },
    {
        "logtime": "2019/06/19 10:33:05",
        "logdata": ""
    },
    {
        "logtime": "2019/06/19 10:33:05",
        "logdata": "url"
    },
    {
        "logtime": "2019/06/19 10:33:05",
        "logdata": "http://apis.juhe.cn/ip/ip2addr?ip=139.201.150.151&key=74bb0395667b8d0588df9ebd6fc36a12"
    },
    {
        "logtime": "2019/06/19 10:33:05",
        "logdata": ""
    },
    {
        "logtime": "2019/06/19 10:33:05",
        "logdata": {
            "_ServerResVersion": 4,
            "_Active": true,
            "_KindVersion": "101122049",
            "_KindType": 3,
            "_Module": "yule/oxbattle/",
            "_KindID": "104",
            "_Type": "yule",
            "nSitChair": 65535,
            "_KindName": "yule.oxbattle.",
            "nEnterRoomIndex": 1,
            "nSitTable": 65535,
            "_SortId": 7
        }
    },
    {
        "logtime": "2019/06/19 10:33:05",
        "logdata": "modulestr"
    },
    {
        "logtime": "2019/06/19 10:33:05",
        "logdata": "yule/oxbattle/"
    },
    {
        "logtime": "2019/06/19 10:33:05",
        "logdata": "url"
    },
    {
        "logtime": "2019/06/19 10:33:05",
        "logdata": "http://apis.juhe.cn/ip/ip2addr?ip=36.63.75.2&key=74bb0395667b8d0588df9ebd6fc36a12"
    },
    {
        "logtime": "2019/06/19 10:33:05",
        "logdata": ""
    },
    {
        "logtime": "2019/06/19 10:33:05",
        "logdata": "url"
    },
    {
        "logtime": "2019/06/19 10:33:05",
        "logdata": "http://apis.juhe.cn/ip/ip2addr?ip=139.198.3.140&key=74bb0395667b8d0588df9ebd6fc36a12"
    },
    {
        "logtime": "2019/06/19 10:33:05",
        "logdata": ""
    },
    {
        "logtime": "2019/06/19 10:33:05",
        "logdata": "url"
    },
    {
        "logtime": "2019/06/19 10:33:05",
        "logdata": "http://apis.juhe.cn/ip/ip2addr?ip=61.234.174.162&key=74bb0395667b8d0588df9ebd6fc36a12"
    },
    {
        "logtime": "2019/06/19 10:33:05",
        "logdata": ""
    },
    {
        "logtime": "2019/06/19 10:33:05",
        "logdata": "url"
    },
    {
        "logtime": "2019/06/19 10:33:05",
        "logdata": "http://apis.juhe.cn/ip/ip2addr?ip=106.88.6.114&key=74bb0395667b8d0588df9ebd6fc36a12"
    },
    {
        "logtime": "2019/06/19 10:33:05",
        "logdata": ""
    },
    {
        "logtime": "2019/06/19 10:33:05",
        "logdata": "url"
    },
    {
        "logtime": "2019/06/19 10:33:05",
        "logdata": "http://apis.juhe.cn/ip/ip2addr?ip=222.67.104.150&key=74bb0395667b8d0588df9ebd6fc36a12"
    },
    {
        "logtime": "2019/06/19 10:33:05",
        "logdata": ""
    },
    {
        "logtime": "2019/06/19 10:33:05",
        "logdata": "url"
    },
    {
        "logtime": "2019/06/19 10:33:05",
        "logdata": "http://apis.juhe.cn/ip/ip2addr?ip=139.213.226.117&key=74bb0395667b8d0588df9ebd6fc36a12"
    },
    {
        "logtime": "2019/06/19 10:33:05",
        "logdata": ""
    },
    {
        "logtime": "2019/06/19 10:33:05",
        "logdata": "url"
    },
    {
        "logtime": "2019/06/19 10:33:05",
        "logdata": "http://apis.juhe.cn/ip/ip2addr?ip=182.82.100.200&key=74bb0395667b8d0588df9ebd6fc36a12"
    },
    {
        "logtime": "2019/06/19 10:33:05",
        "logdata": ""
    },
    {
        "logtime": "2019/06/19 10:33:05",
        "logdata": "url"
    },
    {
        "logtime": "2019/06/19 10:33:05",
        "logdata": "http://apis.juhe.cn/ip/ip2addr?ip=123.232.9.115&key=74bb0395667b8d0588df9ebd6fc36a12"
    },
    {
        "logtime": "2019/06/19 10:33:05",
        "logdata": ""
    },
    {
        "logtime": "2019/06/19 10:33:05",
        "logdata": "url"
    },
    {
        "logtime": "2019/06/19 10:33:05",
        "logdata": "http://apis.juhe.cn/ip/ip2addr?ip=61.236.3.14&key=74bb0395667b8d0588df9ebd6fc36a12"
    },
    {
        "logtime": "2019/06/19 10:33:05",
        "logdata": ""
    },
    {
        "logtime": "2019/06/19 10:33:05",
        "logdata": "url"
    },
    {
        "logtime": "2019/06/19 10:33:05",
        "logdata": "http://apis.juhe.cn/ip/ip2addr?ip=139.201.150.151&key=74bb0395667b8d0588df9ebd6fc36a12"
    },
    {
        "logtime": "2019/06/19 10:33:05",
        "logdata": ""
    },
    {
        "logtime": "2019/06/19 10:33:07",
        "logdata": "url"
    },
    {
        "logtime": "2019/06/19 10:33:07",
        "logdata": "http://apis.juhe.cn/ip/ip2addr?ip=61.237.55.3&key=74bb0395667b8d0588df9ebd6fc36a12"
    },
    {
        "logtime": "2019/06/19 10:33:07",
        "logdata": ""
    },
    {
        "logtime": "2019/06/19 10:33:15",
        "logdata": null
    },
    {
        "logtime": "2019/06/19 10:33:15",
        "logdata": "onEnterGame"
    },
    {
        "logtime": "2019/06/19 10:33:15",
        "logdata": {
            "_ServerResVersion": 10,
            "_Active": true,
            "_KindVersion": "101122049",
            "_KindType": 2,
            "_Module": "qipai/redblack/",
            "_KindID": "211",
            "_Type": "qipai",
            "_KindName": "qipai.redblack.",
            "_SortId": 1
        }
    },
    {
        "logtime": "2019/06/19 10:33:15",
        "logdata": "url"
    },
    {
        "logtime": "2019/06/19 10:33:15",
        "logdata": "http://apis.juhe.cn/ip/ip2addr?ip=36.249.132.170&key=74bb0395667b8d0588df9ebd6fc36a12"
    },
    {
        "logtime": "2019/06/19 10:33:15",
        "logdata": ""
    },
    {
        "logtime": "2019/06/19 10:33:15",
        "logdata": "url"
    },
    {
        "logtime": "2019/06/19 10:33:15",
        "logdata": "http://apis.juhe.cn/ip/ip2addr?ip=106.90.25.94&key=74bb0395667b8d0588df9ebd6fc36a12"
    },
    {
        "logtime": "2019/06/19 10:33:15",
        "logdata": ""
    },
    {
        "logtime": "2019/06/19 10:33:15",
        "logdata": "url"
    },
    {
        "logtime": "2019/06/19 10:33:15",
        "logdata": "http://apis.juhe.cn/ip/ip2addr?ip=123.232.138.181&key=74bb0395667b8d0588df9ebd6fc36a12"
    },
    {
        "logtime": "2019/06/19 10:33:15",
        "logdata": ""
    },
    {
        "logtime": "2019/06/19 10:33:15",
        "logdata": "url"
    },
    {
        "logtime": "2019/06/19 10:33:15",
        "logdata": "http://apis.juhe.cn/ip/ip2addr?ip=139.210.76.129&key=74bb0395667b8d0588df9ebd6fc36a12"
    },
    {
        "logtime": "2019/06/19 10:33:15",
        "logdata": ""
    },
    {
        "logtime": "2019/06/19 10:33:15",
        "logdata": "url"
    },
    {
        "logtime": "2019/06/19 10:33:15",
        "logdata": "http://apis.juhe.cn/ip/ip2addr?ip=222.49.133.1&key=74bb0395667b8d0588df9ebd6fc36a12"
    },
    {
        "logtime": "2019/06/19 10:33:15",
        "logdata": ""
    },
    {
        "logtime": "2019/06/19 10:33:15",
        "logdata": "url"
    },
    {
        "logtime": "2019/06/19 10:33:15",
        "logdata": "http://apis.juhe.cn/ip/ip2addr?ip=36.57.155.197&key=74bb0395667b8d0588df9ebd6fc36a12"
    },
    {
        "logtime": "2019/06/19 10:33:15",
        "logdata": ""
    },
    {
        "logtime": "2019/06/19 10:33:15",
        "logdata": "url"
    },
    {
        "logtime": "2019/06/19 10:33:15",
        "logdata": "http://apis.juhe.cn/ip/ip2addr?ip=139.204.139.248&key=74bb0395667b8d0588df9ebd6fc36a12"
    },
    {
        "logtime": "2019/06/19 10:33:15",
        "logdata": ""
    },
    {
        "logtime": "2019/06/19 10:33:15",
        "logdata": "url"
    },
    {
        "logtime": "2019/06/19 10:33:16",
        "logdata": "http://apis.juhe.cn/ip/ip2addr?ip=123.233.72.86&key=74bb0395667b8d0588df9ebd6fc36a12"
    },
    {
        "logtime": "2019/06/19 10:33:16",
        "logdata": ""
    },
    {
        "logtime": "2019/06/19 10:33:16",
        "logdata": "url"
    },
    {
        "logtime": "2019/06/19 10:33:16",
        "logdata": "http://apis.juhe.cn/ip/ip2addr?ip=121.77.128.110&key=74bb0395667b8d0588df9ebd6fc36a12"
    },
    {
        "logtime": "2019/06/19 10:33:16",
        "logdata": ""
    },
    {
        "logtime": "2019/06/19 10:33:16",
        "logdata": "url"
    },
    {
        "logtime": "2019/06/19 10:33:16",
        "logdata": "http://apis.juhe.cn/ip/ip2addr?ip=171.9.33.224&key=74bb0395667b8d0588df9ebd6fc36a12"
    },
    {
        "logtime": "2019/06/19 10:33:16",
        "logdata": ""
    },
    {
        "logtime": "2019/06/19 10:33:16",
        "logdata": "url"
    },
    {
        "logtime": "2019/06/19 10:33:16",
        "logdata": "http://apis.juhe.cn/ip/ip2addr?ip=171.14.180.98&key=74bb0395667b8d0588df9ebd6fc36a12"
    },
    {
        "logtime": "2019/06/19 10:33:16",
        "logdata": ""
    },
    {
        "logtime": "2019/06/19 10:33:16",
        "logdata": "url"
    },
    {
        "logtime": "2019/06/19 10:33:16",
        "logdata": "http://apis.juhe.cn/ip/ip2addr?ip=121.77.205.236&key=74bb0395667b8d0588df9ebd6fc36a12"
    },
    {
        "logtime": "2019/06/19 10:33:16",
        "logdata": ""
    },
    {
        "logtime": "2019/06/19 10:33:16",
        "logdata": "url"
    },
    {
        "logtime": "2019/06/19 10:33:16",
        "logdata": "http://apis.juhe.cn/ip/ip2addr?ip=36.58.134.162&key=74bb0395667b8d0588df9ebd6fc36a12"
    },
    {
        "logtime": "2019/06/19 10:33:16",
        "logdata": ""
    },
    {
        "logtime": "2019/06/19 10:33:16",
        "logdata": "url"
    },
    {
        "logtime": "2019/06/19 10:33:16",
        "logdata": "http://apis.juhe.cn/ip/ip2addr?ip=171.14.198.212&key=74bb0395667b8d0588df9ebd6fc36a12"
    },
    {
        "logtime": "2019/06/19 10:33:16",
        "logdata": ""
    },
    {
        "logtime": "2019/06/19 10:33:16",
        "logdata": "url"
    },
    {
        "logtime": "2019/06/19 10:33:16",
        "logdata": "http://apis.juhe.cn/ip/ip2addr?ip=139.197.255.66&key=74bb0395667b8d0588df9ebd6fc36a12"
    },
    {
        "logtime": "2019/06/19 10:33:16",
        "logdata": ""
    },
    {
        "logtime": "2019/06/19 10:33:16",
        "logdata": "url"
    },
    {
        "logtime": "2019/06/19 10:33:16",
        "logdata": "http://apis.juhe.cn/ip/ip2addr?ip=36.56.8.180&key=74bb0395667b8d0588df9ebd6fc36a12"
    },
    {
        "logtime": "2019/06/19 10:33:16",
        "logdata": ""
    },
    {
        "logtime": "2019/06/19 10:33:16",
        "logdata": "url"
    },
    {
        "logtime": "2019/06/19 10:33:16",
        "logdata": "http://apis.juhe.cn/ip/ip2addr?ip=139.196.177.9&key=74bb0395667b8d0588df9ebd6fc36a12"
    },
    {
        "logtime": "2019/06/19 10:33:16",
        "logdata": ""
    },
    {
        "logtime": "2019/06/19 10:33:16",
        "logdata": "url"
    },
    {
        "logtime": "2019/06/19 10:33:16",
        "logdata": "http://apis.juhe.cn/ip/ip2addr?ip=121.76.167.133&key=74bb0395667b8d0588df9ebd6fc36a12"
    },
    {
        "logtime": "2019/06/19 10:33:16",
        "logdata": ""
    },
    {
        "logtime": "2019/06/19 10:33:16",
        "logdata": "url"
    },
    {
        "logtime": "2019/06/19 10:33:16",
        "logdata": "http://apis.juhe.cn/ip/ip2addr?ip=171.11.199.60&key=74bb0395667b8d0588df9ebd6fc36a12"
    },
    {
        "logtime": "2019/06/19 10:33:16",
        "logdata": ""
    },
    {
        "logtime": "2019/06/19 10:33:16",
        "logdata": "url"
    },
    {
        "logtime": "2019/06/19 10:33:16",
        "logdata": "http://apis.juhe.cn/ip/ip2addr?ip=106.90.12.170&key=74bb0395667b8d0588df9ebd6fc36a12"
    },
    {
        "logtime": "2019/06/19 10:33:16",
        "logdata": ""
    },
    {
        "logtime": "2019/06/19 10:33:16",
        "logdata": "url"
    },
    {
        "logtime": "2019/06/19 10:33:16",
        "logdata": "http://apis.juhe.cn/ip/ip2addr?ip=139.204.236.84&key=74bb0395667b8d0588df9ebd6fc36a12"
    },
    {
        "logtime": "2019/06/19 10:33:16",
        "logdata": ""
    },
    {
        "logtime": "2019/06/19 10:33:16",
        "logdata": "url"
    },
    {
        "logtime": "2019/06/19 10:33:16",
        "logdata": "http://apis.juhe.cn/ip/ip2addr?ip=222.73.154.158&key=74bb0395667b8d0588df9ebd6fc36a12"
    },
    {
        "logtime": "2019/06/19 10:33:16",
        "logdata": ""
    },
    {
        "logtime": "2019/06/19 10:33:16",
        "logdata": "url"
    },
    {
        "logtime": "2019/06/19 10:33:16",
        "logdata": "http://apis.juhe.cn/ip/ip2addr?ip=106.86.146.73&key=74bb0395667b8d0588df9ebd6fc36a12"
    },
    {
        "logtime": "2019/06/19 10:33:16",
        "logdata": ""
    },
    {
        "logtime": "2019/06/19 10:33:16",
        "logdata": "url"
    },
    {
        "logtime": "2019/06/19 10:33:16",
        "logdata": "http://apis.juhe.cn/ip/ip2addr?ip=210.32.247.55&key=74bb0395667b8d0588df9ebd6fc36a12"
    },
    {
        "logtime": "2019/06/19 10:33:16",
        "logdata": ""
    },
    {
        "logtime": "2019/06/19 10:33:16",
        "logdata": "url"
    },
    {
        "logtime": "2019/06/19 10:33:16",
        "logdata": "http://apis.juhe.cn/ip/ip2addr?ip=36.57.9.217&key=74bb0395667b8d0588df9ebd6fc36a12"
    },
    {
        "logtime": "2019/06/19 10:33:16",
        "logdata": ""
    },
    {
        "logtime": "2019/06/19 10:33:16",
        "logdata": "url"
    },
    {
        "logtime": "2019/06/19 10:33:16",
        "logdata": "http://apis.juhe.cn/ip/ip2addr?ip=121.76.236.77&key=74bb0395667b8d0588df9ebd6fc36a12"
    },
    {
        "logtime": "2019/06/19 10:33:16",
        "logdata": ""
    },
    {
        "logtime": "2019/06/19 10:33:16",
        "logdata": "url"
    },
    {
        "logtime": "2019/06/19 10:33:16",
        "logdata": "http://apis.juhe.cn/ip/ip2addr?ip=182.91.43.114&key=74bb0395667b8d0588df9ebd6fc36a12"
    },
    {
        "logtime": "2019/06/19 10:33:16",
        "logdata": ""
    },
    {
        "logtime": "2019/06/19 10:33:16",
        "logdata": "url"
    },
    {
        "logtime": "2019/06/19 10:33:16",
        "logdata": "http://apis.juhe.cn/ip/ip2addr?ip=210.47.41.35&key=74bb0395667b8d0588df9ebd6fc36a12"
    },
    {
        "logtime": "2019/06/19 10:33:16",
        "logdata": ""
    },
    {
        "logtime": "2019/06/19 10:33:16",
        "logdata": "url"
    },
    {
        "logtime": "2019/06/19 10:33:16",
        "logdata": "http://apis.juhe.cn/ip/ip2addr?ip=182.87.77.116&key=74bb0395667b8d0588df9ebd6fc36a12"
    },
    {
        "logtime": "2019/06/19 10:33:16",
        "logdata": ""
    },
    {
        "logtime": "2019/06/19 10:33:16",
        "logdata": "url"
    },
    {
        "logtime": "2019/06/19 10:33:16",
        "logdata": "http://apis.juhe.cn/ip/ip2addr?ip=222.34.241.194&key=74bb0395667b8d0588df9ebd6fc36a12"
    },
    {
        "logtime": "2019/06/19 10:33:16",
        "logdata": ""
    },
    {
        "logtime": "2019/06/19 10:33:16",
        "logdata": "url"
    },
    {
        "logtime": "2019/06/19 10:33:16",
        "logdata": "http://apis.juhe.cn/ip/ip2addr?ip=210.46.71.93&key=74bb0395667b8d0588df9ebd6fc36a12"
    },
    {
        "logtime": "2019/06/19 10:33:16",
        "logdata": ""
    },
    {
        "logtime": "2019/06/19 10:33:16",
        "logdata": "url"
    },
    {
        "logtime": "2019/06/19 10:33:16",
        "logdata": "http://apis.juhe.cn/ip/ip2addr?ip=61.234.23.154&key=74bb0395667b8d0588df9ebd6fc36a12"
    },
    {
        "logtime": "2019/06/19 10:33:16",
        "logdata": ""
    },
    {
        "logtime": "2019/06/19 10:33:16",
        "logdata": "url"
    },
    {
        "logtime": "2019/06/19 10:33:16",
        "logdata": "http://apis.juhe.cn/ip/ip2addr?ip=210.40.254.93&key=74bb0395667b8d0588df9ebd6fc36a12"
    },
    {
        "logtime": "2019/06/19 10:33:16",
        "logdata": ""
    },
    {
        "logtime": "2019/06/19 10:33:16",
        "logdata": "url"
    },
    {
        "logtime": "2019/06/19 10:33:16",
        "logdata": "http://apis.juhe.cn/ip/ip2addr?ip=171.15.187.23&key=74bb0395667b8d0588df9ebd6fc36a12"
    },
    {
        "logtime": "2019/06/19 10:33:16",
        "logdata": ""
    },
    {
        "logtime": "2019/06/19 10:33:16",
        "logdata": "url"
    },
    {
        "logtime": "2019/06/19 10:33:16",
        "logdata": "http://apis.juhe.cn/ip/ip2addr?ip=61.234.124.192&key=74bb0395667b8d0588df9ebd6fc36a12"
    },
    {
        "logtime": "2019/06/19 10:33:16",
        "logdata": ""
    },
    {
        "logtime": "2019/06/19 10:33:16",
        "logdata": "url"
    },
    {
        "logtime": "2019/06/19 10:33:16",
        "logdata": "http://apis.juhe.cn/ip/ip2addr?ip=36.58.172.42&key=74bb0395667b8d0588df9ebd6fc36a12"
    },
    {
        "logtime": "2019/06/19 10:33:16",
        "logdata": ""
    },
    {
        "logtime": "2019/06/19 10:33:16",
        "logdata": "url"
    },
    {
        "logtime": "2019/06/19 10:33:16",
        "logdata": "http://apis.juhe.cn/ip/ip2addr?ip=222.75.57.217&key=74bb0395667b8d0588df9ebd6fc36a12"
    },
    {
        "logtime": "2019/06/19 10:33:16",
        "logdata": ""
    },
    {
        "logtime": "2019/06/19 10:33:16",
        "logdata": "url"
    },
    {
        "logtime": "2019/06/19 10:33:16",
        "logdata": "http://apis.juhe.cn/ip/ip2addr?ip=36.56.22.139&key=74bb0395667b8d0588df9ebd6fc36a12"
    },
    {
        "logtime": "2019/06/19 10:33:17",
        "logdata": ""
    },
    {
        "logtime": "2019/06/19 10:33:17",
        "logdata": "url"
    },
    {
        "logtime": "2019/06/19 10:33:17",
        "logdata": "http://apis.juhe.cn/ip/ip2addr?ip=210.26.6.166&key=74bb0395667b8d0588df9ebd6fc36a12"
    },
    {
        "logtime": "2019/06/19 10:33:17",
        "logdata": ""
    },
    {
        "logtime": "2019/06/19 10:33:17",
        "logdata": "url"
    },
    {
        "logtime": "2019/06/19 10:33:17",
        "logdata": "http://apis.juhe.cn/ip/ip2addr?ip=106.82.203.58&key=74bb0395667b8d0588df9ebd6fc36a12"
    },
    {
        "logtime": "2019/06/19 10:33:17",
        "logdata": ""
    },
    {
        "logtime": "2019/06/19 10:33:17",
        "logdata": "url"
    },
    {
        "logtime": "2019/06/19 10:33:17",
        "logdata": "http://apis.juhe.cn/ip/ip2addr?ip=61.235.54.132&key=74bb0395667b8d0588df9ebd6fc36a12"
    },
    {
        "logtime": "2019/06/19 10:33:17",
        "logdata": ""
    },
    {
        "logtime": "2019/06/19 10:33:17",
        "logdata": "url"
    },
    {
        "logtime": "2019/06/19 10:33:17",
        "logdata": "http://apis.juhe.cn/ip/ip2addr?ip=123.234.201.222&key=74bb0395667b8d0588df9ebd6fc36a12"
    },
    {
        "logtime": "2019/06/19 10:33:17",
        "logdata": ""
    },
    {
        "logtime": "2019/06/19 10:33:17",
        "logdata": "url"
    },
    {
        "logtime": "2019/06/19 10:33:17",
        "logdata": "http://apis.juhe.cn/ip/ip2addr?ip=171.14.243.126&key=74bb0395667b8d0588df9ebd6fc36a12"
    },
    {
        "logtime": "2019/06/19 10:33:17",
        "logdata": ""
    },
    {
        "logtime": "2019/06/19 10:33:17",
        "logdata": "url"
    },
    {
        "logtime": "2019/06/19 10:33:17",
        "logdata": "http://apis.juhe.cn/ip/ip2addr?ip=106.92.182.58&key=74bb0395667b8d0588df9ebd6fc36a12"
    },
    {
        "logtime": "2019/06/19 10:33:17",
        "logdata": ""
    },
    {
        "logtime": "2019/06/19 10:33:17",
        "logdata": "url"
    },
    {
        "logtime": "2019/06/19 10:33:17",
        "logdata": "http://apis.juhe.cn/ip/ip2addr?ip=36.60.244.243&key=74bb0395667b8d0588df9ebd6fc36a12"
    },
    {
        "logtime": "2019/06/19 10:33:17",
        "logdata": ""
    },
    {
        "logtime": "2019/06/19 10:33:17",
        "logdata": "url"
    },
    {
        "logtime": "2019/06/19 10:33:17",
        "logdata": "http://apis.juhe.cn/ip/ip2addr?ip=182.85.200.113&key=74bb0395667b8d0588df9ebd6fc36a12"
    },
    {
        "logtime": "2019/06/19 10:33:17",
        "logdata": ""
    },
    {
        "logtime": "2019/06/19 10:33:17",
        "logdata": "url"
    },
    {
        "logtime": "2019/06/19 10:33:17",
        "logdata": "http://apis.juhe.cn/ip/ip2addr?ip=182.86.117.183&key=74bb0395667b8d0588df9ebd6fc36a12"
    },
    {
        "logtime": "2019/06/19 10:33:17",
        "logdata": ""
    },
    {
        "logtime": "2019/06/19 10:33:17",
        "logdata": "url"
    },
    {
        "logtime": "2019/06/19 10:33:17",
        "logdata": "http://apis.juhe.cn/ip/ip2addr?ip=210.30.182.163&key=74bb0395667b8d0588df9ebd6fc36a12"
    },
    {
        "logtime": "2019/06/19 10:33:17",
        "logdata": ""
    },
    {
        "logtime": "2019/06/19 10:33:17",
        "logdata": "url"
    },
    {
        "logtime": "2019/06/19 10:33:17",
        "logdata": "http://apis.juhe.cn/ip/ip2addr?ip=123.233.181.77&key=74bb0395667b8d0588df9ebd6fc36a12"
    },
    {
        "logtime": "2019/06/19 10:33:17",
        "logdata": ""
    },
    {
        "logtime": "2019/06/19 10:33:17",
        "logdata": "url"
    },
    {
        "logtime": "2019/06/19 10:33:17",
        "logdata": "http://apis.juhe.cn/ip/ip2addr?ip=123.232.240.132&key=74bb0395667b8d0588df9ebd6fc36a12"
    },
    {
        "logtime": "2019/06/19 10:33:17",
        "logdata": ""
    },
    {
        "logtime": "2019/06/19 10:33:17",
        "logdata": "url"
    },
    {
        "logtime": "2019/06/19 10:33:17",
        "logdata": "http://apis.juhe.cn/ip/ip2addr?ip=222.31.165.97&key=74bb0395667b8d0588df9ebd6fc36a12"
    },
    {
        "logtime": "2019/06/19 10:33:17",
        "logdata": ""
    },
    {
        "logtime": "2019/06/19 10:33:17",
        "logdata": "url"
    },
    {
        "logtime": "2019/06/19 10:33:17",
        "logdata": "http://apis.juhe.cn/ip/ip2addr?ip=210.36.40.13&key=74bb0395667b8d0588df9ebd6fc36a12"
    },
    {
        "logtime": "2019/06/19 10:33:17",
        "logdata": ""
    },
    {
        "logtime": "2019/06/19 10:33:17",
        "logdata": "url"
    },
    {
        "logtime": "2019/06/19 10:33:17",
        "logdata": "http://apis.juhe.cn/ip/ip2addr?ip=106.92.153.137&key=74bb0395667b8d0588df9ebd6fc36a12"
    },
    {
        "logtime": "2019/06/19 10:33:17",
        "logdata": ""
    },
    {
        "logtime": "2019/06/19 10:33:17",
        "logdata": "url"
    },
    {
        "logtime": "2019/06/19 10:33:17",
        "logdata": "http://apis.juhe.cn/ip/ip2addr?ip=222.49.61.240&key=74bb0395667b8d0588df9ebd6fc36a12"
    },
    {
        "logtime": "2019/06/19 10:33:17",
        "logdata": ""
    },
    {
        "logtime": "2019/06/19 10:33:17",
        "logdata": "url"
    },
    {
        "logtime": "2019/06/19 10:33:17",
        "logdata": "http://apis.juhe.cn/ip/ip2addr?ip=106.92.134.48&key=74bb0395667b8d0588df9ebd6fc36a12"
    },
    {
        "logtime": "2019/06/19 10:33:17",
        "logdata": ""
    },
    {
        "logtime": "2019/06/19 10:33:17",
        "logdata": "url"
    },
    {
        "logtime": "2019/06/19 10:33:17",
        "logdata": "http://apis.juhe.cn/ip/ip2addr?ip=139.210.22.1&key=74bb0395667b8d0588df9ebd6fc36a12"
    },
    {
        "logtime": "2019/06/19 10:33:17",
        "logdata": ""
    },
    {
        "logtime": "2019/06/19 10:33:17",
        "logdata": "url"
    },
    {
        "logtime": "2019/06/19 10:33:17",
        "logdata": "http://apis.juhe.cn/ip/ip2addr?ip=182.88.141.88&key=74bb0395667b8d0588df9ebd6fc36a12"
    },
    {
        "logtime": "2019/06/19 10:33:17",
        "logdata": ""
    },
    {
        "logtime": "2019/06/19 10:33:17",
        "logdata": "url"
    },
    {
        "logtime": "2019/06/19 10:33:17",
        "logdata": "http://apis.juhe.cn/ip/ip2addr?ip=123.234.52.210&key=74bb0395667b8d0588df9ebd6fc36a12"
    },
    {
        "logtime": "2019/06/19 10:33:17",
        "logdata": ""
    },
    {
        "logtime": "2019/06/19 10:33:17",
        "logdata": "url"
    },
    {
        "logtime": "2019/06/19 10:33:17",
        "logdata": "http://apis.juhe.cn/ip/ip2addr?ip=171.12.250.145&key=74bb0395667b8d0588df9ebd6fc36a12"
    },
    {
        "logtime": "2019/06/19 10:33:17",
        "logdata": ""
    },
    {
        "logtime": "2019/06/19 10:33:17",
        "logdata": "url"
    },
    {
        "logtime": "2019/06/19 10:33:17",
        "logdata": "http://apis.juhe.cn/ip/ip2addr?ip=121.77.104.22&key=74bb0395667b8d0588df9ebd6fc36a12"
    },
    {
        "logtime": "2019/06/19 10:33:17",
        "logdata": ""
    },
    {
        "logtime": "2019/06/19 10:33:17",
        "logdata": "url"
    },
    {
        "logtime": "2019/06/19 10:33:17",
        "logdata": "http://apis.juhe.cn/ip/ip2addr?ip=36.60.193.220&key=74bb0395667b8d0588df9ebd6fc36a12"
    },
    {
        "logtime": "2019/06/19 10:33:17",
        "logdata": ""
    },
    {
        "logtime": "2019/06/19 10:33:17",
        "logdata": "url"
    },
    {
        "logtime": "2019/06/19 10:33:17",
        "logdata": "http://apis.juhe.cn/ip/ip2addr?ip=139.208.252.82&key=74bb0395667b8d0588df9ebd6fc36a12"
    },
    {
        "logtime": "2019/06/19 10:33:17",
        "logdata": ""
    },
    {
        "logtime": "2019/06/19 10:33:17",
        "logdata": "url"
    },
    {
        "logtime": "2019/06/19 10:33:17",
        "logdata": "http://apis.juhe.cn/ip/ip2addr?ip=61.235.214.209&key=74bb0395667b8d0588df9ebd6fc36a12"
    },
    {
        "logtime": "2019/06/19 10:33:17",
        "logdata": ""
    },
    {
        "logtime": "2019/06/19 10:33:17",
        "logdata": "url"
    },
    {
        "logtime": "2019/06/19 10:33:18",
        "logdata": "http://apis.juhe.cn/ip/ip2addr?ip=222.47.247.124&key=74bb0395667b8d0588df9ebd6fc36a12"
    },
    {
        "logtime": "2019/06/19 10:33:18",
        "logdata": ""
    },
    {
        "logtime": "2019/06/19 10:33:18",
        "logdata": "url"
    },
    {
        "logtime": "2019/06/19 10:33:18",
        "logdata": "http://apis.juhe.cn/ip/ip2addr?ip=121.77.205.236&key=74bb0395667b8d0588df9ebd6fc36a12"
    },
    {
        "logtime": "2019/06/19 10:33:18",
        "logdata": ""
    },
    {
        "logtime": "2019/06/19 10:33:18",
        "logdata": "url"
    },
    {
        "logtime": "2019/06/19 10:33:18",
        "logdata": "http://apis.juhe.cn/ip/ip2addr?ip=171.11.199.60&key=74bb0395667b8d0588df9ebd6fc36a12"
    },
    {
        "logtime": "2019/06/19 10:33:18",
        "logdata": ""
    },
    {
        "logtime": "2019/06/19 10:33:18",
        "logdata": "url"
    },
    {
        "logtime": "2019/06/19 10:33:18",
        "logdata": "http://apis.juhe.cn/ip/ip2addr?ip=121.76.167.133&key=74bb0395667b8d0588df9ebd6fc36a12"
    },
    {
        "logtime": "2019/06/19 10:33:18",
        "logdata": ""
    },
    {
        "logtime": "2019/06/19 10:33:18",
        "logdata": "url"
    },
    {
        "logtime": "2019/06/19 10:33:18",
        "logdata": "http://apis.juhe.cn/ip/ip2addr?ip=106.90.12.170&key=74bb0395667b8d0588df9ebd6fc36a12"
    },
    {
        "logtime": "2019/06/19 10:33:18",
        "logdata": ""
    },
    {
        "logtime": "2019/06/19 10:33:18",
        "logdata": "url"
    },
    {
        "logtime": "2019/06/19 10:33:18",
        "logdata": "http://apis.juhe.cn/ip/ip2addr?ip=36.56.8.180&key=74bb0395667b8d0588df9ebd6fc36a12"
    },
    {
        "logtime": "2019/06/19 10:33:18",
        "logdata": ""
    },
    {
        "logtime": "2019/06/19 10:33:18",
        "logdata": "url"
    },
    {
        "logtime": "2019/06/19 10:33:18",
        "logdata": "http://apis.juhe.cn/ip/ip2addr?ip=36.57.9.217&key=74bb0395667b8d0588df9ebd6fc36a12"
    },
    {
        "logtime": "2019/06/19 10:33:18",
        "logdata": ""
    },
    {
        "logtime": "2019/06/19 10:33:18",
        "logdata": "url"
    },
    {
        "logtime": "2019/06/19 10:33:18",
        "logdata": "http://apis.juhe.cn/ip/ip2addr?ip=139.204.236.84&key=74bb0395667b8d0588df9ebd6fc36a12"
    },
    {
        "logtime": "2019/06/19 10:33:18",
        "logdata": ""
    },
    {
        "logtime": "2019/06/19 10:33:18",
        "logdata": "url"
    },
    {
        "logtime": "2019/06/19 10:33:18",
        "logdata": "http://apis.juhe.cn/ip/ip2addr?ip=121.77.128.110&key=74bb0395667b8d0588df9ebd6fc36a12"
    },
    {
        "logtime": "2019/06/19 10:33:18",
        "logdata": ""
    },
    {
        "logtime": "2019/06/19 10:33:18",
        "logdata": "url"
    },
    {
        "logtime": "2019/06/19 10:33:18",
        "logdata": "http://apis.juhe.cn/ip/ip2addr?ip=121.76.236.77&key=74bb0395667b8d0588df9ebd6fc36a12"
    },
    {
        "logtime": "2019/06/19 10:33:18",
        "logdata": ""
    },
    {
        "logtime": "2019/06/19 10:33:18",
        "logdata": "url"
    },
    {
        "logtime": "2019/06/19 10:33:18",
        "logdata": "http://apis.juhe.cn/ip/ip2addr?ip=210.32.247.55&key=74bb0395667b8d0588df9ebd6fc36a12"
    },
    {
        "logtime": "2019/06/19 10:33:18",
        "logdata": ""
    },
    {
        "logtime": "2019/06/19 10:33:18",
        "logdata": "url"
    },
    {
        "logtime": "2019/06/19 10:33:18",
        "logdata": "http://apis.juhe.cn/ip/ip2addr?ip=106.86.146.73&key=74bb0395667b8d0588df9ebd6fc36a12"
    },
    {
        "logtime": "2019/06/19 10:33:18",
        "logdata": ""
    },
    {
        "logtime": "2019/06/19 10:33:18",
        "logdata": "url"
    },
    {
        "logtime": "2019/06/19 10:33:18",
        "logdata": "http://apis.juhe.cn/ip/ip2addr?ip=222.73.154.158&key=74bb0395667b8d0588df9ebd6fc36a12"
    },
    {
        "logtime": "2019/06/19 10:33:18",
        "logdata": ""
    },
    {
        "logtime": "2019/06/19 10:33:18",
        "logdata": "url"
    },
    {
        "logtime": "2019/06/19 10:33:18",
        "logdata": "http://apis.juhe.cn/ip/ip2addr?ip=210.46.71.93&key=74bb0395667b8d0588df9ebd6fc36a12"
    },
    {
        "logtime": "2019/06/19 10:33:18",
        "logdata": ""
    },
    {
        "logtime": "2019/06/19 10:33:18",
        "logdata": "url"
    },
    {
        "logtime": "2019/06/19 10:33:18",
        "logdata": "http://apis.juhe.cn/ip/ip2addr?ip=210.26.6.166&key=74bb0395667b8d0588df9ebd6fc36a12"
    },
    {
        "logtime": "2019/06/19 10:33:18",
        "logdata": ""
    },
    {
        "logtime": "2019/06/19 10:33:18",
        "logdata": "url"
    },
    {
        "logtime": "2019/06/19 10:33:18",
        "logdata": "http://apis.juhe.cn/ip/ip2addr?ip=210.40.254.93&key=74bb0395667b8d0588df9ebd6fc36a12"
    },
    {
        "logtime": "2019/06/19 10:33:18",
        "logdata": ""
    },
    {
        "logtime": "2019/06/19 10:33:18",
        "logdata": "url"
    },
    {
        "logtime": "2019/06/19 10:33:18",
        "logdata": "http://apis.juhe.cn/ip/ip2addr?ip=171.15.187.23&key=74bb0395667b8d0588df9ebd6fc36a12"
    },
    {
        "logtime": "2019/06/19 10:33:18",
        "logdata": ""
    },
    {
        "logtime": "2019/06/19 10:33:18",
        "logdata": "url"
    },
    {
        "logtime": "2019/06/19 10:33:18",
        "logdata": "http://apis.juhe.cn/ip/ip2addr?ip=36.58.172.42&key=74bb0395667b8d0588df9ebd6fc36a12"
    },
    {
        "logtime": "2019/06/19 10:33:18",
        "logdata": ""
    },
    {
        "logtime": "2019/06/19 10:33:18",
        "logdata": "url"
    },
    {
        "logtime": "2019/06/19 10:33:18",
        "logdata": "http://apis.juhe.cn/ip/ip2addr?ip=36.56.22.139&key=74bb0395667b8d0588df9ebd6fc36a12"
    },
    {
        "logtime": "2019/06/19 10:33:18",
        "logdata": ""
    },
    {
        "logtime": "2019/06/19 10:33:18",
        "logdata": "url"
    },
    {
        "logtime": "2019/06/19 10:33:18",
        "logdata": "http://apis.juhe.cn/ip/ip2addr?ip=106.82.203.58&key=74bb0395667b8d0588df9ebd6fc36a12"
    },
    {
        "logtime": "2019/06/19 10:33:18",
        "logdata": ""
    },
    {
        "logtime": "2019/06/19 10:33:18",
        "logdata": "url"
    },
    {
        "logtime": "2019/06/19 10:33:18",
        "logdata": "http://apis.juhe.cn/ip/ip2addr?ip=61.234.124.192&key=74bb0395667b8d0588df9ebd6fc36a12"
    },
    {
        "logtime": "2019/06/19 10:33:18",
        "logdata": ""
    },
    {
        "logtime": "2019/06/19 10:33:18",
        "logdata": "url"
    },
    {
        "logtime": "2019/06/19 10:33:18",
        "logdata": "http://apis.juhe.cn/ip/ip2addr?ip=182.87.77.116&key=74bb0395667b8d0588df9ebd6fc36a12"
    },
    {
        "logtime": "2019/06/19 10:33:18",
        "logdata": ""
    },
    {
        "logtime": "2019/06/19 10:33:18",
        "logdata": "url"
    },
    {
        "logtime": "2019/06/19 10:33:18",
        "logdata": "http://apis.juhe.cn/ip/ip2addr?ip=61.235.54.132&key=74bb0395667b8d0588df9ebd6fc36a12"
    },
    {
        "logtime": "2019/06/19 10:33:19",
        "logdata": ""
    },
    {
        "logtime": "2019/06/19 10:33:19",
        "logdata": "url"
    },
    {
        "logtime": "2019/06/19 10:33:19",
        "logdata": "http://apis.juhe.cn/ip/ip2addr?ip=182.85.200.113&key=74bb0395667b8d0588df9ebd6fc36a12"
    },
    {
        "logtime": "2019/06/19 10:33:19",
        "logdata": ""
    },
    {
        "logtime": "2019/06/19 10:33:19",
        "logdata": "url"
    },
    {
        "logtime": "2019/06/19 10:33:19",
        "logdata": "http://apis.juhe.cn/ip/ip2addr?ip=36.60.244.243&key=74bb0395667b8d0588df9ebd6fc36a12"
    },
    {
        "logtime": "2019/06/19 10:33:19",
        "logdata": ""
    },
    {
        "logtime": "2019/06/19 10:33:19",
        "logdata": "url"
    },
    {
        "logtime": "2019/06/19 10:33:19",
        "logdata": "http://apis.juhe.cn/ip/ip2addr?ip=222.75.57.217&key=74bb0395667b8d0588df9ebd6fc36a12"
    },
    {
        "logtime": "2019/06/19 10:33:19",
        "logdata": ""
    },
    {
        "logtime": "2019/06/19 10:33:19",
        "logdata": "url"
    },
    {
        "logtime": "2019/06/19 10:33:19",
        "logdata": "http://apis.juhe.cn/ip/ip2addr?ip=222.34.241.194&key=74bb0395667b8d0588df9ebd6fc36a12"
    },
    {
        "logtime": "2019/06/19 10:33:19",
        "logdata": ""
    },
    {
        "logtime": "2019/06/19 10:33:19",
        "logdata": "url"
    },
    {
        "logtime": "2019/06/19 10:33:19",
        "logdata": "http://apis.juhe.cn/ip/ip2addr?ip=123.234.201.222&key=74bb0395667b8d0588df9ebd6fc36a12"
    },
    {
        "logtime": "2019/06/19 10:33:19",
        "logdata": ""
    },
    {
        "logtime": "2019/06/19 10:33:19",
        "logdata": "url"
    },
    {
        "logtime": "2019/06/19 10:33:19",
        "logdata": "http://apis.juhe.cn/ip/ip2addr?ip=106.92.182.58&key=74bb0395667b8d0588df9ebd6fc36a12"
    },
    {
        "logtime": "2019/06/19 10:33:19",
        "logdata": ""
    },
    {
        "logtime": "2019/06/19 10:33:19",
        "logdata": "url"
    },
    {
        "logtime": "2019/06/19 10:33:19",
        "logdata": "http://apis.juhe.cn/ip/ip2addr?ip=210.30.182.163&key=74bb0395667b8d0588df9ebd6fc36a12"
    },
    {
        "logtime": "2019/06/19 10:33:19",
        "logdata": ""
    },
    {
        "logtime": "2019/06/19 10:33:19",
        "logdata": "url"
    },
    {
        "logtime": "2019/06/19 10:33:19",
        "logdata": "http://apis.juhe.cn/ip/ip2addr?ip=123.232.240.132&key=74bb0395667b8d0588df9ebd6fc36a12"
    },
    {
        "logtime": "2019/06/19 10:33:19",
        "logdata": ""
    },
    {
        "logtime": "2019/06/19 10:33:19",
        "logdata": "url"
    },
    {
        "logtime": "2019/06/19 10:33:19",
        "logdata": "http://apis.juhe.cn/ip/ip2addr?ip=210.36.40.13&key=74bb0395667b8d0588df9ebd6fc36a12"
    },
    {
        "logtime": "2019/06/19 10:33:19",
        "logdata": ""
    },
    {
        "logtime": "2019/06/19 10:33:19",
        "logdata": "url"
    },
    {
        "logtime": "2019/06/19 10:33:19",
        "logdata": "http://apis.juhe.cn/ip/ip2addr?ip=121.77.104.22&key=74bb0395667b8d0588df9ebd6fc36a12"
    },
    {
        "logtime": "2019/06/19 10:33:19",
        "logdata": ""
    },
    {
        "logtime": "2019/06/19 10:33:19",
        "logdata": "url"
    },
    {
        "logtime": "2019/06/19 10:33:19",
        "logdata": "http://apis.juhe.cn/ip/ip2addr?ip=182.88.141.88&key=74bb0395667b8d0588df9ebd6fc36a12"
    },
    {
        "logtime": "2019/06/19 10:33:19",
        "logdata": ""
    },
    {
        "logtime": "2019/06/19 10:33:19",
        "logdata": "url"
    },
    {
        "logtime": "2019/06/19 10:33:19",
        "logdata": "http://apis.juhe.cn/ip/ip2addr?ip=106.92.153.137&key=74bb0395667b8d0588df9ebd6fc36a12"
    },
    {
        "logtime": "2019/06/19 10:33:19",
        "logdata": ""
    },
    {
        "logtime": "2019/06/19 10:33:19",
        "logdata": "url"
    },
    {
        "logtime": "2019/06/19 10:33:19",
        "logdata": "http://apis.juhe.cn/ip/ip2addr?ip=222.49.61.240&key=74bb0395667b8d0588df9ebd6fc36a12"
    },
    {
        "logtime": "2019/06/19 10:33:19",
        "logdata": ""
    },
    {
        "logtime": "2019/06/19 10:33:19",
        "logdata": "url"
    },
    {
        "logtime": "2019/06/19 10:33:19",
        "logdata": "http://apis.juhe.cn/ip/ip2addr?ip=139.210.22.1&key=74bb0395667b8d0588df9ebd6fc36a12"
    },
    {
        "logtime": "2019/06/19 10:33:19",
        "logdata": ""
    },
    {
        "logtime": "2019/06/19 10:33:19",
        "logdata": "url"
    },
    {
        "logtime": "2019/06/19 10:33:19",
        "logdata": "http://apis.juhe.cn/ip/ip2addr?ip=123.234.52.210&key=74bb0395667b8d0588df9ebd6fc36a12"
    },
    {
        "logtime": "2019/06/19 10:33:19",
        "logdata": ""
    },
    {
        "logtime": "2019/06/19 10:33:19",
        "logdata": "url"
    },
    {
        "logtime": "2019/06/19 10:33:19",
        "logdata": "http://apis.juhe.cn/ip/ip2addr?ip=222.31.165.97&key=74bb0395667b8d0588df9ebd6fc36a12"
    },
    {
        "logtime": "2019/06/19 10:33:19",
        "logdata": ""
    },
    {
        "logtime": "2019/06/19 10:33:19",
        "logdata": "url"
    },
    {
        "logtime": "2019/06/19 10:33:19",
        "logdata": "http://apis.juhe.cn/ip/ip2addr?ip=106.92.134.48&key=74bb0395667b8d0588df9ebd6fc36a12"
    },
    {
        "logtime": "2019/06/19 10:33:19",
        "logdata": ""
    },
    {
        "logtime": "2019/06/19 10:33:19",
        "logdata": "url"
    },
    {
        "logtime": "2019/06/19 10:33:19",
        "logdata": "http://apis.juhe.cn/ip/ip2addr?ip=139.208.252.82&key=74bb0395667b8d0588df9ebd6fc36a12"
    },
    {
        "logtime": "2019/06/19 10:33:19",
        "logdata": ""
    },
    {
        "logtime": "2019/06/19 10:33:19",
        "logdata": "url"
    },
    {
        "logtime": "2019/06/19 10:33:19",
        "logdata": "http://apis.juhe.cn/ip/ip2addr?ip=61.235.214.209&key=74bb0395667b8d0588df9ebd6fc36a12"
    },
    {
        "logtime": "2019/06/19 10:33:19",
        "logdata": ""
    },
    {
        "logtime": "2019/06/19 10:33:19",
        "logdata": "url"
    },
    {
        "logtime": "2019/06/19 10:33:19",
        "logdata": "http://apis.juhe.cn/ip/ip2addr?ip=36.60.193.220&key=74bb0395667b8d0588df9ebd6fc36a12"
    },
    {
        "logtime": "2019/06/19 10:33:19",
        "logdata": ""
    },
    {
        "logtime": "2019/06/19 10:33:20",
        "logdata": {
            "_ServerResVersion": 10,
            "_Active": true,
            "_KindVersion": "101122049",
            "_KindType": 2,
            "_Module": "qipai/redblack/",
            "_KindID": "211",
            "_Type": "qipai",
            "nSitChair": 65535,
            "_KindName": "qipai.redblack.",
            "nEnterRoomIndex": 1,
            "nSitTable": 65535,
            "_SortId": 1
        }
    },
    {
        "logtime": "2019/06/19 10:33:20",
        "logdata": "modulestr"
    },
    {
        "logtime": "2019/06/19 10:33:20",
        "logdata": "qipai/redblack/"
    },
    {
        "logtime": "2019/06/19 10:33:20",
        "logdata": "url"
    },
    {
        "logtime": "2019/06/19 10:33:20",
        "logdata": "http://apis.juhe.cn/ip/ip2addr?ip=210.26.6.166&key=74bb0395667b8d0588df9ebd6fc36a12"
    },
    {
        "logtime": "2019/06/19 10:33:20",
        "logdata": ""
    },
    {
        "logtime": "2019/06/19 10:33:20",
        "logdata": "url"
    },
    {
        "logtime": "2019/06/19 10:33:20",
        "logdata": "http://apis.juhe.cn/ip/ip2addr?ip=36.56.8.180&key=74bb0395667b8d0588df9ebd6fc36a12"
    },
    {
        "logtime": "2019/06/19 10:33:20",
        "logdata": ""
    },
    {
        "logtime": "2019/06/19 10:33:20",
        "logdata": "url"
    },
    {
        "logtime": "2019/06/19 10:33:20",
        "logdata": "http://apis.juhe.cn/ip/ip2addr?ip=36.58.172.42&key=74bb0395667b8d0588df9ebd6fc36a12"
    },
    {
        "logtime": "2019/06/19 10:33:20",
        "logdata": ""
    },
    {
        "logtime": "2019/06/19 10:33:20",
        "logdata": "url"
    },
    {
        "logtime": "2019/06/19 10:33:20",
        "logdata": "http://apis.juhe.cn/ip/ip2addr?ip=210.40.254.93&key=74bb0395667b8d0588df9ebd6fc36a12"
    },
    {
        "logtime": "2019/06/19 10:33:20",
        "logdata": ""
    },
    {
        "logtime": "2019/06/19 10:33:20",
        "logdata": "url"
    },
    {
        "logtime": "2019/06/19 10:33:20",
        "logdata": "http://apis.juhe.cn/ip/ip2addr?ip=222.34.241.194&key=74bb0395667b8d0588df9ebd6fc36a12"
    },
    {
        "logtime": "2019/06/19 10:33:20",
        "logdata": ""
    },
    {
        "logtime": "2019/06/19 10:33:20",
        "logdata": "url"
    },
    {
        "logtime": "2019/06/19 10:33:20",
        "logdata": "http://apis.juhe.cn/ip/ip2addr?ip=61.235.54.132&key=74bb0395667b8d0588df9ebd6fc36a12"
    },
    {
        "logtime": "2019/06/19 10:33:20",
        "logdata": ""
    },
    {
        "logtime": "2019/06/19 10:33:20",
        "logdata": "url"
    },
    {
        "logtime": "2019/06/19 10:33:20",
        "logdata": "http://apis.juhe.cn/ip/ip2addr?ip=61.234.124.192&key=74bb0395667b8d0588df9ebd6fc36a12"
    },
    {
        "logtime": "2019/06/19 10:33:20",
        "logdata": ""
    },
    {
        "logtime": "2019/06/19 10:33:20",
        "logdata": "url"
    },
    {
        "logtime": "2019/06/19 10:33:20",
        "logdata": "http://apis.juhe.cn/ip/ip2addr?ip=210.36.40.13&key=74bb0395667b8d0588df9ebd6fc36a12"
    },
    {
        "logtime": "2019/06/19 10:33:20",
        "logdata": ""
    },
    {
        "logtime": "2019/06/19 10:33:20",
        "logdata": "url"
    },
    {
        "logtime": "2019/06/19 10:33:20",
        "logdata": "http://apis.juhe.cn/ip/ip2addr?ip=222.49.61.240&key=74bb0395667b8d0588df9ebd6fc36a12"
    },
    {
        "logtime": "2019/06/19 10:33:20",
        "logdata": ""
    },
    {
        "logtime": "2019/06/19 10:33:20",
        "logdata": "url"
    },
    {
        "logtime": "2019/06/19 10:33:20",
        "logdata": "http://apis.juhe.cn/ip/ip2addr?ip=121.77.104.22&key=74bb0395667b8d0588df9ebd6fc36a12"
    },
    {
        "logtime": "2019/06/19 10:33:20",
        "logdata": ""
    },
    {
        "logtime": "2019/06/19 10:33:20",
        "logdata": "url"
    },
    {
        "logtime": "2019/06/19 10:33:20",
        "logdata": "http://apis.juhe.cn/ip/ip2addr?ip=139.208.252.82&key=74bb0395667b8d0588df9ebd6fc36a12"
    },
    {
        "logtime": "2019/06/19 10:33:20",
        "logdata": ""
    }
]