[
    {
        "logtime": "2019/07/09 14:03:03",
        "logdata": "LogonScene.onceExcute"
    },
    {
        "logtime": "2019/07/09 14:03:03",
        "logdata": "http://www.fuannainc.top/"
    },
    {
        "logtime": "2019/07/09 14:03:03",
        "logdata": "url"
    },
    {
        "logtime": "2019/07/09 14:03:03",
        "logdata": "http://www.fuannainc.top//ws/MobileInterface.ashx?action=GetMobileLoginNotice"
    },
    {
        "logtime": "2019/07/09 14:03:03",
        "logdata": ""
    },
    {
        "logtime": "2019/07/09 14:03:05",
        "logdata": "onLogonCallBack"
    },
    {
        "logtime": "2019/07/09 14:03:05",
        "logdata": "http://www.fuannainc.top/"
    },
    {
        "logtime": "2019/07/09 14:03:05",
        "logdata": "url"
    },
    {
        "logtime": "2019/07/09 14:03:05",
        "logdata": "http://www.fuannainc.top//WS/MobileInterface.ashx"
    },
    {
        "logtime": "2019/07/09 14:03:05",
        "logdata": "action=GetMobileShareConfig&userid=119901&time=1562652185&signature=E83A6005A9E84165B774586BDE737A58"
    },
    {
        "logtime": "2019/07/09 14:03:06",
        "logdata": "url"
    },
    {
        "logtime": "2019/07/09 14:03:06",
        "logdata": "http://www.fuannainc.top//WS/MobileInterface.ashx?action=GetMobileRollNotice"
    },
    {
        "logtime": "2019/07/09 14:03:07",
        "logdata": ""
    },
    {
        "logtime": "2019/07/09 14:03:10",
        "logdata": "keys2"
    },
    {
        "logtime": "2019/07/09 14:03:10",
        "logdata": "byte"
    },
    {
        "logtime": "2019/07/09 14:03:10",
        "logdata": "keys2"
    },
    {
        "logtime": "2019/07/09 14:03:10",
        "logdata": "word"
    },
    {
        "logtime": "2019/07/09 14:03:10",
        "logdata": "keys2"
    },
    {
        "logtime": "2019/07/09 14:03:10",
        "logdata": "word"
    },
    {
        "logtime": "2019/07/09 14:03:10",
        "logdata": "keys2"
    },
    {
        "logtime": "2019/07/09 14:03:10",
        "logdata": "word"
    },
    {
        "logtime": "2019/07/09 14:03:10",
        "logdata": "keys2"
    },
    {
        "logtime": "2019/07/09 14:03:10",
        "logdata": "word"
    },
    {
        "logtime": "2019/07/09 14:03:10",
        "logdata": "keys2"
    },
    {
        "logtime": "2019/07/09 14:03:10",
        "logdata": "double"
    },
    {
        "logtime": "2019/07/09 14:03:10",
        "logdata": "keys2"
    },
    {
        "logtime": "2019/07/09 14:03:10",
        "logdata": "double"
    },
    {
        "logtime": "2019/07/09 14:03:10",
        "logdata": "keys2"
    },
    {
        "logtime": "2019/07/09 14:03:10",
        "logdata": "double"
    },
    {
        "logtime": "2019/07/09 14:03:10",
        "logdata": "keys2"
    },
    {
        "logtime": "2019/07/09 14:03:10",
        "logdata": "string"
    },
    {
        "logtime": "2019/07/09 14:03:10",
        "logdata": "keys2"
    },
    {
        "logtime": "2019/07/09 14:03:10",
        "logdata": "string"
    },
    {
        "logtime": "2019/07/09 14:03:10",
        "logdata": "keys2"
    },
    {
        "logtime": "2019/07/09 14:03:10",
        "logdata": "double"
    },
    {
        "logtime": "2019/07/09 14:03:10",
        "logdata": "keys2"
    },
    {
        "logtime": "2019/07/09 14:03:10",
        "logdata": "string"
    }
]