[
    {
        "logtime": "2019/07/05 10:49:09",
        "logdata": "LogonScene.onceExcute"
    },
    {
        "logtime": "2019/07/05 10:49:09",
        "logdata": "http://www.fuannainc.top/"
    },
    {
        "logtime": "2019/07/05 10:49:09",
        "logdata": "url"
    },
    {
        "logtime": "2019/07/05 10:49:09",
        "logdata": "http://www.fuannainc.top//ws/MobileInterface.ashx?action=GetMobileLoginNotice"
    },
    {
        "logtime": "2019/07/05 10:49:09",
        "logdata": ""
    },
    {
        "logtime": "2019/07/05 10:49:12",
        "logdata": "url"
    },
    {
        "logtime": "2019/07/05 10:49:12",
        "logdata": "http://apis.juhe.cn/ip/ip2addr?ip=58.23.49.18&key=74bb0395667b8d0588df9ebd6fc36a12"
    },
    {
        "logtime": "2019/07/05 10:49:12",
        "logdata": ""
    },
    {
        "logtime": "2019/07/05 10:49:12",
        "logdata": "onLogonCallBack"
    },
    {
        "logtime": "2019/07/05 10:49:12",
        "logdata": "http://www.fuannainc.top/"
    },
    {
        "logtime": "2019/07/05 10:49:12",
        "logdata": "url"
    },
    {
        "logtime": "2019/07/05 10:49:12",
        "logdata": "http://www.fuannainc.top//WS/MobileInterface.ashx"
    },
    {
        "logtime": "2019/07/05 10:49:12",
        "logdata": "action=GetMobileShareConfig&userid=120188&time=1562294952&signature=674634737A4B90ECE7AE30F8A82DE9FF"
    },
    {
        "logtime": "2019/07/05 10:49:14",
        "logdata": "url"
    },
    {
        "logtime": "2019/07/05 10:49:14",
        "logdata": "http://www.fuannainc.top//WS/MobileInterface.ashx?action=GetMobileRollNotice"
    },
    {
        "logtime": "2019/07/05 10:49:14",
        "logdata": ""
    },
    {
        "logtime": "2019/07/05 10:49:27",
        "logdata": 6
    },
    {
        "logtime": "2019/07/05 10:49:27",
        "logdata": "onEnterGame"
    },
    {
        "logtime": "2019/07/05 10:49:27",
        "logdata": {
            "_ServerResVersion": 6,
            "_Active": true,
            "_KindVersion": "101122049",
            "_KindType": 2,
            "_Module": "yule/redninebattle/",
            "_KindID": "109",
            "_Type": "yule",
            "_KindName": "yule.redninebattle.",
            "_SortId": 12
        }
    },
    {
        "logtime": "2019/07/05 10:49:27",
        "logdata": "GlobalUserItem.getCurGameKind()"
    },
    {
        "logtime": "2019/07/05 10:49:27",
        "logdata": 109
    }
]