[
    {
        "logtime": "2019/05/16 17:27:06",
        "logdata": "LogonScene.onceExcute"
    },
    {
        "logtime": "2019/05/16 17:27:06",
        "logdata": "http://www.fuannabbs.top/"
    },
    {
        "logtime": "2019/05/16 17:27:06",
        "logdata": "url"
    },
    {
        "logtime": "2019/05/16 17:27:06",
        "logdata": "http://www.fuannabbs.top//ws/MobileInterface.ashx?action=GetMobileLoginNotice"
    },
    {
        "logtime": "2019/05/16 17:27:06",
        "logdata": ""
    },
    {
        "logtime": "2019/05/16 17:27:11",
        "logdata": "url"
    },
    {
        "logtime": "2019/05/16 17:27:11",
        "logdata": "http://apis.juhe.cn/ip/ip2addr?ip=183.53.107.65&key=74bb0395667b8d0588df9ebd6fc36a12"
    },
    {
        "logtime": "2019/05/16 17:27:11",
        "logdata": ""
    },
    {
        "logtime": "2019/05/16 17:27:11",
        "logdata": "onLogonCallBack"
    },
    {
        "logtime": "2019/05/16 17:27:11",
        "logdata": "http://www.fuannabbs.top/"
    },
    {
        "logtime": "2019/05/16 17:27:11",
        "logdata": "url"
    },
    {
        "logtime": "2019/05/16 17:27:11",
        "logdata": "http://www.fuannabbs.top//WS/MobileInterface.ashx"
    },
    {
        "logtime": "2019/05/16 17:27:11",
        "logdata": "action=GetMobileShareConfig&userid=120817&time=1557998831&signature=3AFD247E612C52973EB48FCE310C9765"
    },
    {
        "logtime": "2019/05/16 17:27:24",
        "logdata": "url"
    },
    {
        "logtime": "2019/05/16 17:27:24",
        "logdata": "http://www.fuannabbs.top//WS/MobileInterface.ashx?action=GetMobileRollNotice"
    },
    {
        "logtime": "2019/05/16 17:27:24",
        "logdata": ""
    }
]