[
    {
        "logtime": "2019/07/01 18:04:53",
        "logdata": "LogonScene.onceExcute"
    },
    {
        "logtime": "2019/07/01 18:04:53",
        "logdata": "http://www.fuannainc.top/"
    },
    {
        "logtime": "2019/07/01 18:04:53",
        "logdata": "url"
    },
    {
        "logtime": "2019/07/01 18:04:53",
        "logdata": "http://www.fuannainc.top//ws/MobileInterface.ashx?action=GetMobileLoginNotice"
    },
    {
        "logtime": "2019/07/01 18:04:53",
        "logdata": ""
    },
    {
        "logtime": "2019/07/01 18:04:55",
        "logdata": "url"
    },
    {
        "logtime": "2019/07/01 18:04:55",
        "logdata": "http://apis.juhe.cn/ip/ip2addr?ip=58.23.48.188&key=74bb0395667b8d0588df9ebd6fc36a12"
    },
    {
        "logtime": "2019/07/01 18:04:55",
        "logdata": ""
    },
    {
        "logtime": "2019/07/01 18:04:55",
        "logdata": "onLogonCallBack"
    },
    {
        "logtime": "2019/07/01 18:04:55",
        "logdata": "http://www.fuannainc.top/"
    },
    {
        "logtime": "2019/07/01 18:04:55",
        "logdata": "url"
    },
    {
        "logtime": "2019/07/01 18:04:55",
        "logdata": "http://www.fuannainc.top//WS/MobileInterface.ashx"
    },
    {
        "logtime": "2019/07/01 18:04:55",
        "logdata": "action=GetMobileShareConfig&userid=119947&time=1561975495&signature=ED75BEE2E156258171386853F222ADD8"
    },
    {
        "logtime": "2019/07/01 18:04:57",
        "logdata": "url"
    },
    {
        "logtime": "2019/07/01 18:04:57",
        "logdata": "http://www.fuannainc.top//WS/MobileInterface.ashx?action=GetMobileRollNotice"
    },
    {
        "logtime": "2019/07/01 18:04:57",
        "logdata": ""
    }
]