[
    {
        "logtime": "2019/07/02 17:18:00",
        "logdata": "[string \".\\game/xiuxian/shuiguolaba/src/views/layer/Ga...\"]:940: attempt to index field 'Button_Stop' (a nil value)\nstack traceback:"
    },
    {
        "logtime": "2019/07/02 17:18:00",
        "logdata": "[string \".\\game/xiuxian/shuiguolaba/src/views/layer/Ga...\"]:961: attempt to perform arithmetic on local 'getendtime' (a string value)\nstack traceback:\n\t[string \".\\game/xiuxian/shuiguolaba/src/views/layer/Ga...\"]:175: in function <[string \".\\game/xiuxian/shuiguolaba/src/views/layer/Ga...\"]:167>"
    },
    {
        "logtime": "2019/07/02 17:18:01",
        "logdata": "[string \".\\game/xiuxian/shuiguolaba/src/views/layer/Ga...\"]:940: attempt to index field 'Button_Stop' (a nil value)\nstack traceback:"
    },
    {
        "logtime": "2019/07/02 17:18:02",
        "logdata": "[string \".\\game/xiuxian/shuiguolaba/src/views/layer/Ga...\"]:940: attempt to index field 'Button_Stop' (a nil value)\nstack traceback:"
    },
    {
        "logtime": "2019/07/02 17:18:03",
        "logdata": "[string \".\\game/xiuxian/shuiguolaba/src/views/layer/Ga...\"]:940: attempt to index field 'Button_Stop' (a nil value)\nstack traceback:"
    },
    {
        "logtime": "2019/07/02 17:18:04",
        "logdata": "[string \".\\game/xiuxian/shuiguolaba/src/views/layer/Ga...\"]:940: attempt to index field 'Button_Stop' (a nil value)\nstack traceback:"
    },
    {
        "logtime": "2019/07/02 17:18:05",
        "logdata": "[string \".\\game/xiuxian/shuiguolaba/src/views/layer/Ga...\"]:940: attempt to index field 'Button_Stop' (a nil value)\nstack traceback:"
    },
    {
        "logtime": "2019/07/02 17:18:08",
        "logdata": "LogonScene.onceExcute"
    },
    {
        "logtime": "2019/07/02 17:18:08",
        "logdata": "http://www.fuannainc.top/"
    },
    {
        "logtime": "2019/07/02 17:18:08",
        "logdata": "url"
    },
    {
        "logtime": "2019/07/02 17:18:08",
        "logdata": "http://www.fuannainc.top//ws/MobileInterface.ashx?action=GetMobileLoginNotice"
    },
    {
        "logtime": "2019/07/02 17:18:08",
        "logdata": ""
    },
    {
        "logtime": "2019/07/02 17:18:15",
        "logdata": "url"
    },
    {
        "logtime": "2019/07/02 17:18:15",
        "logdata": "http://apis.juhe.cn/ip/ip2addr?ip=58.23.48.188&key=74bb0395667b8d0588df9ebd6fc36a12"
    },
    {
        "logtime": "2019/07/02 17:18:15",
        "logdata": ""
    },
    {
        "logtime": "2019/07/02 17:18:15",
        "logdata": "onLogonCallBack"
    },
    {
        "logtime": "2019/07/02 17:18:15",
        "logdata": "http://www.fuannainc.top/"
    },
    {
        "logtime": "2019/07/02 17:18:15",
        "logdata": "url"
    },
    {
        "logtime": "2019/07/02 17:18:15",
        "logdata": "http://www.fuannainc.top//WS/MobileInterface.ashx"
    },
    {
        "logtime": "2019/07/02 17:18:15",
        "logdata": "action=GetMobileShareConfig&userid=120187&time=1562059095&signature=41C3ED7A8CAA1E369CF3B6E3B350DC13"
    },
    {
        "logtime": "2019/07/02 17:18:17",
        "logdata": "url"
    },
    {
        "logtime": "2019/07/02 17:18:17",
        "logdata": "http://www.fuannainc.top//WS/MobileInterface.ashx?action=GetMobileRollNotice"
    },
    {
        "logtime": "2019/07/02 17:18:17",
        "logdata": ""
    },
    {
        "logtime": "2019/07/02 17:18:21",
        "logdata": null
    },
    {
        "logtime": "2019/07/02 17:18:21",
        "logdata": "onEnterGame"
    },
    {
        "logtime": "2019/07/02 17:18:21",
        "logdata": {
            "_ServerResVersion": 10,
            "_Active": true,
            "_KindVersion": "101122049",
            "_KindType": 1,
            "_Module": "xiuxian/shuiguolaba/",
            "_KindID": "406",
            "_Type": "xiuxian",
            "_KindName": "xiuxian.shuiguolaba.",
            "_SortId": 0
        }
    },
    {
        "logtime": "2019/07/02 17:18:22",
        "logdata": "GlobalUserItem.getCurGameKind()"
    },
    {
        "logtime": "2019/07/02 17:18:22",
        "logdata": 406
    },
    {
        "logtime": "2019/07/02 17:18:25",
        "logdata": "url"
    },
    {
        "logtime": "2019/07/02 17:18:25",
        "logdata": "http://apis.juhe.cn/ip/ip2addr?ip=58.23.48.188&key=74bb0395667b8d0588df9ebd6fc36a12"
    },
    {
        "logtime": "2019/07/02 17:18:25",
        "logdata": ""
    },
    {
        "logtime": "2019/07/02 17:18:25",
        "logdata": "url"
    },
    {
        "logtime": "2019/07/02 17:18:25",
        "logdata": "http://apis.juhe.cn/ip/ip2addr?ip=58.23.48.188&key=74bb0395667b8d0588df9ebd6fc36a12"
    },
    {
        "logtime": "2019/07/02 17:18:25",
        "logdata": ""
    },
    {
        "logtime": "2019/07/02 17:18:25",
        "logdata": {
            "_ServerResVersion": 10,
            "_Active": true,
            "_KindVersion": "101122049",
            "_KindType": 1,
            "_Module": "xiuxian/shuiguolaba/",
            "_KindID": "406",
            "_Type": "xiuxian",
            "nSitChair": 65535,
            "_KindName": "xiuxian.shuiguolaba.",
            "nEnterRoomIndex": 1,
            "nSitTable": 65535,
            "_SortId": 0
        }
    },
    {
        "logtime": "2019/07/02 17:18:25",
        "logdata": "modulestr"
    },
    {
        "logtime": "2019/07/02 17:18:25",
        "logdata": "xiuxian/shuiguolaba/"
    },
    {
        "logtime": "2019/07/02 17:18:31",
        "logdata": "[string \".\\game/xiuxian/shuiguolaba/src/views/layer/Ga...\"]:961: attempt to perform arithmetic on local 'getendtime' (a string value)\nstack traceback:\n\t[string \".\\game/xiuxian/shuiguolaba/src/views/layer/Ga...\"]:175: in function <[string \".\\game/xiuxian/shuiguolaba/src/views/layer/Ga...\"]:167>"
    },
    {
        "logtime": "2019/07/02 17:18:35",
        "logdata": "LogonScene.onceExcute"
    },
    {
        "logtime": "2019/07/02 17:18:35",
        "logdata": "http://www.fuannainc.top/"
    },
    {
        "logtime": "2019/07/02 17:18:35",
        "logdata": "url"
    },
    {
        "logtime": "2019/07/02 17:18:35",
        "logdata": "http://www.fuannainc.top//ws/MobileInterface.ashx?action=GetMobileLoginNotice"
    },
    {
        "logtime": "2019/07/02 17:18:35",
        "logdata": ""
    }
]