[
    {
        "logtime": "2019/07/09 14:07:04",
        "logdata": "keys2"
    },
    {
        "logtime": "2019/07/09 14:07:04",
        "logdata": "byte"
    },
    {
        "logtime": "2019/07/09 14:07:04",
        "logdata": "keys2"
    },
    {
        "logtime": "2019/07/09 14:07:04",
        "logdata": "word"
    },
    {
        "logtime": "2019/07/09 14:07:04",
        "logdata": "keys2"
    },
    {
        "logtime": "2019/07/09 14:07:04",
        "logdata": "word"
    },
    {
        "logtime": "2019/07/09 14:07:04",
        "logdata": "keys2"
    },
    {
        "logtime": "2019/07/09 14:07:04",
        "logdata": "word"
    },
    {
        "logtime": "2019/07/09 14:07:04",
        "logdata": "keys2"
    },
    {
        "logtime": "2019/07/09 14:07:04",
        "logdata": "word"
    },
    {
        "logtime": "2019/07/09 14:07:04",
        "logdata": "keys2"
    },
    {
        "logtime": "2019/07/09 14:07:04",
        "logdata": "double"
    },
    {
        "logtime": "2019/07/09 14:07:04",
        "logdata": "keys2"
    },
    {
        "logtime": "2019/07/09 14:07:04",
        "logdata": "double"
    },
    {
        "logtime": "2019/07/09 14:07:04",
        "logdata": "keys2"
    },
    {
        "logtime": "2019/07/09 14:07:04",
        "logdata": "double"
    }
]