[
    {
        "logtime": "2019/07/08 19:02:02",
        "logdata": "onLogonCallBack"
    },
    {
        "logtime": "2019/07/08 19:02:02",
        "logdata": "http://www.fuannainc.top/"
    },
    {
        "logtime": "2019/07/08 19:02:02",
        "logdata": "url"
    },
    {
        "logtime": "2019/07/08 19:02:02",
        "logdata": "http://www.fuannainc.top//WS/MobileInterface.ashx"
    },
    {
        "logtime": "2019/07/08 19:02:02",
        "logdata": "action=GetMobileShareConfig&userid=119924&time=1562583722&signature=A6B1E8C314BFEAF90F906ED3D23FCE9A"
    },
    {
        "logtime": "2019/07/08 19:02:04",
        "logdata": "url"
    },
    {
        "logtime": "2019/07/08 19:02:04",
        "logdata": "http://www.fuannainc.top//WS/MobileInterface.ashx?action=GetMobileRollNotice"
    },
    {
        "logtime": "2019/07/08 19:02:04",
        "logdata": ""
    },
    {
        "logtime": "2019/07/08 19:02:07",
        "logdata": "keys2"
    },
    {
        "logtime": "2019/07/08 19:02:07",
        "logdata": "byte"
    },
    {
        "logtime": "2019/07/08 19:02:07",
        "logdata": "keys2"
    },
    {
        "logtime": "2019/07/08 19:02:07",
        "logdata": "word"
    },
    {
        "logtime": "2019/07/08 19:02:07",
        "logdata": "keys2"
    },
    {
        "logtime": "2019/07/08 19:02:07",
        "logdata": "word"
    },
    {
        "logtime": "2019/07/08 19:02:07",
        "logdata": "keys2"
    },
    {
        "logtime": "2019/07/08 19:02:07",
        "logdata": "word"
    },
    {
        "logtime": "2019/07/08 19:02:07",
        "logdata": "keys2"
    },
    {
        "logtime": "2019/07/08 19:02:07",
        "logdata": "word"
    },
    {
        "logtime": "2019/07/08 19:02:07",
        "logdata": "keys2"
    },
    {
        "logtime": "2019/07/08 19:02:07",
        "logdata": "double"
    },
    {
        "logtime": "2019/07/08 19:02:07",
        "logdata": "keys2"
    },
    {
        "logtime": "2019/07/08 19:02:07",
        "logdata": "double"
    },
    {
        "logtime": "2019/07/08 19:02:07",
        "logdata": "keys2"
    },
    {
        "logtime": "2019/07/08 19:02:07",
        "logdata": "double"
    },
    {
        "logtime": "2019/07/08 19:02:07",
        "logdata": "keys2"
    },
    {
        "logtime": "2019/07/08 19:02:07",
        "logdata": "string"
    },
    {
        "logtime": "2019/07/08 19:02:07",
        "logdata": "keys2"
    },
    {
        "logtime": "2019/07/08 19:02:07",
        "logdata": "string"
    },
    {
        "logtime": "2019/07/08 19:02:07",
        "logdata": "keys2"
    },
    {
        "logtime": "2019/07/08 19:02:07",
        "logdata": "double"
    },
    {
        "logtime": "2019/07/08 19:02:07",
        "logdata": "keys2"
    },
    {
        "logtime": "2019/07/08 19:02:07",
        "logdata": "string"
    },
    {
        "logtime": "2019/07/08 19:02:29",
        "logdata": "LogonScene.onceExcute"
    },
    {
        "logtime": "2019/07/08 19:02:29",
        "logdata": "http://www.fuannainc.top/"
    },
    {
        "logtime": "2019/07/08 19:02:29",
        "logdata": "url"
    },
    {
        "logtime": "2019/07/08 19:02:29",
        "logdata": "http://www.fuannainc.top//ws/MobileInterface.ashx?action=GetMobileLoginNotice"
    },
    {
        "logtime": "2019/07/08 19:02:29",
        "logdata": ""
    },
    {
        "logtime": "2019/07/08 19:02:31",
        "logdata": "onLogonCallBack"
    },
    {
        "logtime": "2019/07/08 19:02:31",
        "logdata": "http://www.fuannainc.top/"
    },
    {
        "logtime": "2019/07/08 19:02:31",
        "logdata": "url"
    },
    {
        "logtime": "2019/07/08 19:02:31",
        "logdata": "http://www.fuannainc.top//WS/MobileInterface.ashx"
    },
    {
        "logtime": "2019/07/08 19:02:31",
        "logdata": "action=GetMobileShareConfig&userid=119918&time=1562583751&signature=64982906686767FEF8156142CBC960F7"
    },
    {
        "logtime": "2019/07/08 19:02:33",
        "logdata": "url"
    },
    {
        "logtime": "2019/07/08 19:02:33",
        "logdata": "http://www.fuannainc.top//WS/MobileInterface.ashx?action=GetMobileRollNotice"
    },
    {
        "logtime": "2019/07/08 19:02:33",
        "logdata": ""
    },
    {
        "logtime": "2019/07/08 19:02:46",
        "logdata": "keys2"
    },
    {
        "logtime": "2019/07/08 19:02:46",
        "logdata": "string"
    },
    {
        "logtime": "2019/07/08 19:02:46",
        "logdata": "keys2"
    },
    {
        "logtime": "2019/07/08 19:02:46",
        "logdata": "string"
    },
    {
        "logtime": "2019/07/08 19:02:46",
        "logdata": "keys2"
    },
    {
        "logtime": "2019/07/08 19:02:46",
        "logdata": "double"
    },
    {
        "logtime": "2019/07/08 19:02:46",
        "logdata": "keys2"
    },
    {
        "logtime": "2019/07/08 19:02:46",
        "logdata": "string"
    }
]