[
    {
        "logtime": "2019/07/01 15:59:00",
        "logdata": "url"
    },
    {
        "logtime": "2019/07/01 15:59:00",
        "logdata": "http://www.fuannainc.top//WS/MobileInterface.ashx"
    },
    {
        "logtime": "2019/07/01 15:59:00",
        "logdata": "action=GetScoreInfo&userid=119900&time=1561967940&signature=524851F4CE95DF74089AC1BF21BD3875"
    },
    {
        "logtime": "2019/07/01 15:59:02",
        "logdata": "url"
    },
    {
        "logtime": "2019/07/01 15:59:02",
        "logdata": "http://apis.juhe.cn/ip/ip2addr?ip=58.23.48.188&key=74bb0395667b8d0588df9ebd6fc36a12"
    },
    {
        "logtime": "2019/07/01 15:59:02",
        "logdata": ""
    },
    {
        "logtime": "2019/07/01 15:59:02",
        "logdata": "url"
    },
    {
        "logtime": "2019/07/01 15:59:02",
        "logdata": "http://apis.juhe.cn/ip/ip2addr?ip=58.23.48.188&key=74bb0395667b8d0588df9ebd6fc36a12"
    },
    {
        "logtime": "2019/07/01 15:59:02",
        "logdata": ""
    },
    {
        "logtime": "2019/07/01 15:59:02",
        "logdata": "url"
    },
    {
        "logtime": "2019/07/01 15:59:02",
        "logdata": "http://apis.juhe.cn/ip/ip2addr?ip=58.23.48.188&key=74bb0395667b8d0588df9ebd6fc36a12"
    },
    {
        "logtime": "2019/07/01 15:59:02",
        "logdata": ""
    },
    {
        "logtime": "2019/07/01 15:59:02",
        "logdata": "url"
    },
    {
        "logtime": "2019/07/01 15:59:02",
        "logdata": "http://apis.juhe.cn/ip/ip2addr?ip=58.23.48.188&key=74bb0395667b8d0588df9ebd6fc36a12"
    },
    {
        "logtime": "2019/07/01 15:59:02",
        "logdata": ""
    },
    {
        "logtime": "2019/07/01 15:59:02",
        "logdata": "url"
    },
    {
        "logtime": "2019/07/01 15:59:02",
        "logdata": "http://apis.juhe.cn/ip/ip2addr?ip=58.23.48.188&key=74bb0395667b8d0588df9ebd6fc36a12"
    },
    {
        "logtime": "2019/07/01 15:59:02",
        "logdata": ""
    },
    {
        "logtime": "2019/07/01 15:59:02",
        "logdata": {
            "_ServerResVersion": 10,
            "_Active": true,
            "_KindVersion": "101122049",
            "_KindType": 1,
            "_Module": "xiuxian/shuiguolaba/",
            "_KindID": "406",
            "_Type": "xiuxian",
            "nSitChair": 65535,
            "_KindName": "xiuxian.shuiguolaba.",
            "nEnterRoomIndex": 1,
            "nSitTable": 65535,
            "_SortId": 0
        }
    },
    {
        "logtime": "2019/07/01 15:59:02",
        "logdata": "modulestr"
    },
    {
        "logtime": "2019/07/01 15:59:02",
        "logdata": "xiuxian/shuiguolaba/"
    },
    {
        "logtime": "2019/07/01 15:59:06",
        "logdata": "LogonScene.onceExcute"
    },
    {
        "logtime": "2019/07/01 15:59:06",
        "logdata": "http://www.fuannainc.top/"
    },
    {
        "logtime": "2019/07/01 15:59:06",
        "logdata": "url"
    },
    {
        "logtime": "2019/07/01 15:59:06",
        "logdata": "http://www.fuannainc.top//ws/MobileInterface.ashx?action=GetMobileLoginNotice"
    },
    {
        "logtime": "2019/07/01 15:59:06",
        "logdata": ""
    },
    {
        "logtime": "2019/07/01 15:59:08",
        "logdata": "url"
    },
    {
        "logtime": "2019/07/01 15:59:08",
        "logdata": "http://apis.juhe.cn/ip/ip2addr?ip=58.23.48.188&key=74bb0395667b8d0588df9ebd6fc36a12"
    },
    {
        "logtime": "2019/07/01 15:59:08",
        "logdata": ""
    },
    {
        "logtime": "2019/07/01 15:59:08",
        "logdata": "onLogonCallBack"
    },
    {
        "logtime": "2019/07/01 15:59:08",
        "logdata": "http://www.fuannainc.top/"
    },
    {
        "logtime": "2019/07/01 15:59:08",
        "logdata": "url"
    },
    {
        "logtime": "2019/07/01 15:59:08",
        "logdata": "http://www.fuannainc.top//WS/MobileInterface.ashx"
    },
    {
        "logtime": "2019/07/01 15:59:08",
        "logdata": "action=GetMobileShareConfig&userid=119924&time=1561967948&signature=ED31FCCD5F73BB6C1176E53BF110E197"
    },
    {
        "logtime": "2019/07/01 15:59:10",
        "logdata": "url"
    },
    {
        "logtime": "2019/07/01 15:59:10",
        "logdata": "http://www.fuannainc.top//WS/MobileInterface.ashx?action=GetMobileRollNotice"
    },
    {
        "logtime": "2019/07/01 15:59:10",
        "logdata": ""
    },
    {
        "logtime": "2019/07/01 15:59:11",
        "logdata": "url"
    },
    {
        "logtime": "2019/07/01 15:59:11",
        "logdata": "http://apis.juhe.cn/ip/ip2addr?ip=58.23.48.188&key=74bb0395667b8d0588df9ebd6fc36a12"
    },
    {
        "logtime": "2019/07/01 15:59:11",
        "logdata": ""
    },
    {
        "logtime": "2019/07/01 15:59:11",
        "logdata": "url"
    },
    {
        "logtime": "2019/07/01 15:59:12",
        "logdata": "http://apis.juhe.cn/ip/ip2addr?ip=58.23.48.188&key=74bb0395667b8d0588df9ebd6fc36a12"
    },
    {
        "logtime": "2019/07/01 15:59:12",
        "logdata": ""
    },
    {
        "logtime": "2019/07/01 15:59:12",
        "logdata": "url"
    },
    {
        "logtime": "2019/07/01 15:59:12",
        "logdata": "http://apis.juhe.cn/ip/ip2addr?ip=58.23.48.188&key=74bb0395667b8d0588df9ebd6fc36a12"
    },
    {
        "logtime": "2019/07/01 15:59:12",
        "logdata": ""
    },
    {
        "logtime": "2019/07/01 15:59:12",
        "logdata": "url"
    },
    {
        "logtime": "2019/07/01 15:59:12",
        "logdata": "http://apis.juhe.cn/ip/ip2addr?ip=58.23.48.188&key=74bb0395667b8d0588df9ebd6fc36a12"
    },
    {
        "logtime": "2019/07/01 15:59:12",
        "logdata": ""
    },
    {
        "logtime": "2019/07/01 15:59:12",
        "logdata": "url"
    },
    {
        "logtime": "2019/07/01 15:59:12",
        "logdata": "http://apis.juhe.cn/ip/ip2addr?ip=58.23.48.188&key=74bb0395667b8d0588df9ebd6fc36a12"
    },
    {
        "logtime": "2019/07/01 15:59:12",
        "logdata": ""
    },
    {
        "logtime": "2019/07/01 15:59:12",
        "logdata": "url"
    },
    {
        "logtime": "2019/07/01 15:59:12",
        "logdata": "http://apis.juhe.cn/ip/ip2addr?ip=58.23.48.188&key=74bb0395667b8d0588df9ebd6fc36a12"
    },
    {
        "logtime": "2019/07/01 15:59:12",
        "logdata": ""
    },
    {
        "logtime": "2019/07/01 15:59:12",
        "logdata": "url"
    },
    {
        "logtime": "2019/07/01 15:59:12",
        "logdata": "http://apis.juhe.cn/ip/ip2addr?ip=58.23.48.188&key=74bb0395667b8d0588df9ebd6fc36a12"
    },
    {
        "logtime": "2019/07/01 15:59:12",
        "logdata": ""
    },
    {
        "logtime": "2019/07/01 15:59:12",
        "logdata": "url"
    },
    {
        "logtime": "2019/07/01 15:59:12",
        "logdata": "http://apis.juhe.cn/ip/ip2addr?ip=58.23.48.188&key=74bb0395667b8d0588df9ebd6fc36a12"
    },
    {
        "logtime": "2019/07/01 15:59:12",
        "logdata": ""
    },
    {
        "logtime": "2019/07/01 15:59:17",
        "logdata": "[string \".\\client/src/view/mediator/ViewMediator.lua\"]:114: module 'game.yule.sparrowxz.src.views.GameLayer' not found:\n\tno field package.preload['game.yule.sparrowxz.src.views.GameLayer']\n\tno file '.\\game\\yule\\sparrowxz\\src\\views\\GameLayer.lua'\n\tno file 'D:\\old\\qipaiv1client\\Debug.win32\\lua\\game\\yule\\sparrowxz\\src\\views\\GameLayer.lua'\n\tno file 'D:\\old\\qipaiv1client\\Debug.win32\\lua\\game\\yule\\sparrowxz\\src\\views\\GameLayer\\init.lua'\n\tno file '.\\game\\yule\\sparrowxz\\src\\views\\GameLayer.dll'\n\tno file 'D:\\old\\qipaiv1client\\Debug.win32\\game\\yule\\sparrowxz\\src\\views\\GameLayer.dll'\n\tno file 'D:\\old\\qipaiv1client\\Debug.win32\\loadall.dll'\n\tno file '.\\game.dll'\n\tno file 'D:\\old\\qipaiv1client\\Debug.win32\\game.dll'\n\tno file 'D:\\old\\qipaiv1client\\Debug.win32\\loadall.dll'\nstack traceback:\n\t[string \".\\client/src/view/mediator/ViewMediator.lua\"]:114: in function 'notify'\n\t[string \".\\framework/puremvc/patterns/observer/Observe...\"]:85: in function 'notifyObserver'\n\t[string \".\\framework/puremvc/core/View.lua\"]:113: in function 'notifyObservers'\n\t[string \".\\framework/puremvc/patterns/facade/Facade.lua\"]:331: in function 'notifyObservers'\n\t[string \".\\framework/puremvc/patterns/facade/Facade.lua\"]:314: in function 'sendNotification'\n\t[string \".\\client/src/plaza/models/GameFrameEngine.lua\"]:619: in function 'LoadGameView'\n\t[string \".\\client/src/plaza/models/GameFrameEngine.lua\"]:230: in function 'onSocketLogonFinish'\n\t[string \".\\client/src/plaza/models/GameFrameEngine.lua\"]:156: in function 'onSocketLogonEvent'\n\t[string \".\\client/src/plaza/models/GameFrameEngine.lua\"]:107: in function 'onSocketEvent'\n\t[string \".\\client/src/plaza/models/BaseFrame.lua\"]:141: in function 'onSocketCallBack'\n\t[string \".\\client/src/plaza/models/BaseFrame.lua\"]:97: in function <[string \".\\client/src/plaza/models/BaseFrame.lua\"]:96>"
    },
    {
        "logtime": "2019/07/01 15:59:38",
        "logdata": "LogonScene.onceExcute"
    },
    {
        "logtime": "2019/07/01 15:59:38",
        "logdata": "http://www.fuannainc.top/"
    },
    {
        "logtime": "2019/07/01 15:59:38",
        "logdata": "url"
    },
    {
        "logtime": "2019/07/01 15:59:38",
        "logdata": "http://www.fuannainc.top//ws/MobileInterface.ashx?action=GetMobileLoginNotice"
    },
    {
        "logtime": "2019/07/01 15:59:38",
        "logdata": ""
    },
    {
        "logtime": "2019/07/01 15:59:42",
        "logdata": "url"
    },
    {
        "logtime": "2019/07/01 15:59:42",
        "logdata": "http://apis.juhe.cn/ip/ip2addr?ip=58.23.48.188&key=74bb0395667b8d0588df9ebd6fc36a12"
    },
    {
        "logtime": "2019/07/01 15:59:42",
        "logdata": ""
    },
    {
        "logtime": "2019/07/01 15:59:42",
        "logdata": "onLogonCallBack"
    },
    {
        "logtime": "2019/07/01 15:59:42",
        "logdata": "http://www.fuannainc.top/"
    },
    {
        "logtime": "2019/07/01 15:59:42",
        "logdata": "url"
    },
    {
        "logtime": "2019/07/01 15:59:42",
        "logdata": "http://www.fuannainc.top//WS/MobileInterface.ashx"
    },
    {
        "logtime": "2019/07/01 15:59:42",
        "logdata": "action=GetMobileShareConfig&userid=119908&time=1561967982&signature=62F25F7301602F56EF59541DA60363F5"
    },
    {
        "logtime": "2019/07/01 15:59:44",
        "logdata": "url"
    },
    {
        "logtime": "2019/07/01 15:59:44",
        "logdata": "http://www.fuannainc.top//WS/MobileInterface.ashx?action=GetMobileRollNotice"
    },
    {
        "logtime": "2019/07/01 15:59:44",
        "logdata": ""
    },
    {
        "logtime": "2019/07/01 15:59:48",
        "logdata": null
    },
    {
        "logtime": "2019/07/01 15:59:48",
        "logdata": "onEnterGame"
    },
    {
        "logtime": "2019/07/01 15:59:48",
        "logdata": {
            "_ServerResVersion": 10,
            "_Active": true,
            "_KindVersion": "101122049",
            "_KindType": 1,
            "_Module": "xiuxian/shuiguolaba/",
            "_KindID": "406",
            "_Type": "xiuxian",
            "_KindName": "xiuxian.shuiguolaba.",
            "_SortId": 0
        }
    },
    {
        "logtime": "2019/07/01 15:59:49",
        "logdata": "GlobalUserItem.getCurGameKind()"
    },
    {
        "logtime": "2019/07/01 15:59:49",
        "logdata": 406
    },
    {
        "logtime": "2019/07/01 15:59:54",
        "logdata": "url"
    },
    {
        "logtime": "2019/07/01 15:59:54",
        "logdata": "http://apis.juhe.cn/ip/ip2addr?ip=58.23.48.188&key=74bb0395667b8d0588df9ebd6fc36a12"
    },
    {
        "logtime": "2019/07/01 15:59:54",
        "logdata": ""
    },
    {
        "logtime": "2019/07/01 15:59:54",
        "logdata": "url"
    },
    {
        "logtime": "2019/07/01 15:59:54",
        "logdata": "http://apis.juhe.cn/ip/ip2addr?ip=58.23.48.188&key=74bb0395667b8d0588df9ebd6fc36a12"
    },
    {
        "logtime": "2019/07/01 15:59:54",
        "logdata": ""
    },
    {
        "logtime": "2019/07/01 15:59:54",
        "logdata": "url"
    },
    {
        "logtime": "2019/07/01 15:59:54",
        "logdata": "http://apis.juhe.cn/ip/ip2addr?ip=58.23.48.188&key=74bb0395667b8d0588df9ebd6fc36a12"
    },
    {
        "logtime": "2019/07/01 15:59:54",
        "logdata": ""
    },
    {
        "logtime": "2019/07/01 15:59:54",
        "logdata": "url"
    },
    {
        "logtime": "2019/07/01 15:59:54",
        "logdata": "http://apis.juhe.cn/ip/ip2addr?ip=58.23.48.188&key=74bb0395667b8d0588df9ebd6fc36a12"
    },
    {
        "logtime": "2019/07/01 15:59:54",
        "logdata": ""
    },
    {
        "logtime": "2019/07/01 15:59:54",
        "logdata": "url"
    },
    {
        "logtime": "2019/07/01 15:59:54",
        "logdata": "http://apis.juhe.cn/ip/ip2addr?ip=58.23.48.188&key=74bb0395667b8d0588df9ebd6fc36a12"
    },
    {
        "logtime": "2019/07/01 15:59:54",
        "logdata": ""
    },
    {
        "logtime": "2019/07/01 15:59:54",
        "logdata": "url"
    },
    {
        "logtime": "2019/07/01 15:59:54",
        "logdata": "http://apis.juhe.cn/ip/ip2addr?ip=58.23.48.188&key=74bb0395667b8d0588df9ebd6fc36a12"
    },
    {
        "logtime": "2019/07/01 15:59:54",
        "logdata": ""
    },
    {
        "logtime": "2019/07/01 15:59:55",
        "logdata": {
            "_ServerResVersion": 10,
            "_Active": true,
            "_KindVersion": "101122049",
            "_KindType": 1,
            "_Module": "xiuxian/shuiguolaba/",
            "_KindID": "406",
            "_Type": "xiuxian",
            "nSitChair": 65535,
            "_KindName": "xiuxian.shuiguolaba.",
            "nEnterRoomIndex": 1,
            "nSitTable": 65535,
            "_SortId": 0
        }
    },
    {
        "logtime": "2019/07/01 15:59:55",
        "logdata": "modulestr"
    },
    {
        "logtime": "2019/07/01 15:59:55",
        "logdata": "xiuxian/shuiguolaba/"
    }
]