[
    {
        "logtime": "2019/07/01 16:55:06",
        "logdata": "LogonScene.onceExcute"
    },
    {
        "logtime": "2019/07/01 16:55:06",
        "logdata": "http://www.fuannainc.top/"
    },
    {
        "logtime": "2019/07/01 16:55:06",
        "logdata": "url"
    },
    {
        "logtime": "2019/07/01 16:55:06",
        "logdata": "http://www.fuannainc.top//ws/MobileInterface.ashx?action=GetMobileLoginNotice"
    },
    {
        "logtime": "2019/07/01 16:55:06",
        "logdata": ""
    },
    {
        "logtime": "2019/07/01 16:55:08",
        "logdata": "url"
    },
    {
        "logtime": "2019/07/01 16:55:08",
        "logdata": "http://apis.juhe.cn/ip/ip2addr?ip=58.23.48.188&key=74bb0395667b8d0588df9ebd6fc36a12"
    },
    {
        "logtime": "2019/07/01 16:55:08",
        "logdata": ""
    },
    {
        "logtime": "2019/07/01 16:55:08",
        "logdata": "onLogonCallBack"
    },
    {
        "logtime": "2019/07/01 16:55:08",
        "logdata": "http://www.fuannainc.top/"
    },
    {
        "logtime": "2019/07/01 16:55:08",
        "logdata": "url"
    },
    {
        "logtime": "2019/07/01 16:55:08",
        "logdata": "http://www.fuannainc.top//WS/MobileInterface.ashx"
    },
    {
        "logtime": "2019/07/01 16:55:08",
        "logdata": "action=GetMobileShareConfig&userid=119947&time=1561971308&signature=998681D0487D7E3E57C800AD1D281A7D"
    },
    {
        "logtime": "2019/07/01 16:55:10",
        "logdata": "url"
    },
    {
        "logtime": "2019/07/01 16:55:10",
        "logdata": "http://www.fuannainc.top//WS/MobileInterface.ashx?action=GetMobileRollNotice"
    },
    {
        "logtime": "2019/07/01 16:55:10",
        "logdata": ""
    },
    {
        "logtime": "2019/07/01 16:55:22",
        "logdata": "LogonScene.onceExcute"
    },
    {
        "logtime": "2019/07/01 16:55:22",
        "logdata": "http://www.fuannainc.top/"
    },
    {
        "logtime": "2019/07/01 16:55:23",
        "logdata": "url"
    },
    {
        "logtime": "2019/07/01 16:55:23",
        "logdata": "http://www.fuannainc.top//ws/MobileInterface.ashx?action=GetMobileLoginNotice"
    },
    {
        "logtime": "2019/07/01 16:55:23",
        "logdata": ""
    },
    {
        "logtime": "2019/07/01 16:55:24",
        "logdata": "url"
    },
    {
        "logtime": "2019/07/01 16:55:24",
        "logdata": "http://apis.juhe.cn/ip/ip2addr?ip=58.23.48.188&key=74bb0395667b8d0588df9ebd6fc36a12"
    },
    {
        "logtime": "2019/07/01 16:55:24",
        "logdata": ""
    },
    {
        "logtime": "2019/07/01 16:55:24",
        "logdata": "onLogonCallBack"
    },
    {
        "logtime": "2019/07/01 16:55:24",
        "logdata": "http://www.fuannainc.top/"
    },
    {
        "logtime": "2019/07/01 16:55:24",
        "logdata": "url"
    },
    {
        "logtime": "2019/07/01 16:55:24",
        "logdata": "http://www.fuannainc.top//WS/MobileInterface.ashx"
    },
    {
        "logtime": "2019/07/01 16:55:24",
        "logdata": "action=GetMobileShareConfig&userid=119947&time=1561971324&signature=907366D03BAD2FC8861F6F2F1E689A88"
    },
    {
        "logtime": "2019/07/01 16:55:26",
        "logdata": "url"
    },
    {
        "logtime": "2019/07/01 16:55:26",
        "logdata": "http://www.fuannainc.top//WS/MobileInterface.ashx?action=GetMobileRollNotice"
    },
    {
        "logtime": "2019/07/01 16:55:26",
        "logdata": ""
    },
    {
        "logtime": "2019/07/01 16:55:32",
        "logdata": null
    },
    {
        "logtime": "2019/07/01 16:55:32",
        "logdata": "onEnterGame"
    },
    {
        "logtime": "2019/07/01 16:55:32",
        "logdata": {
            "_ServerResVersion": 10,
            "_Active": true,
            "_KindVersion": "101122049",
            "_KindType": 1,
            "_Module": "xiuxian/shuiguolaba/",
            "_KindID": "406",
            "_Type": "xiuxian",
            "_KindName": "xiuxian.shuiguolaba.",
            "_SortId": 0
        }
    },
    {
        "logtime": "2019/07/01 16:55:32",
        "logdata": "GlobalUserItem.getCurGameKind()"
    },
    {
        "logtime": "2019/07/01 16:55:32",
        "logdata": 406
    },
    {
        "logtime": "2019/07/01 16:55:33",
        "logdata": "url"
    },
    {
        "logtime": "2019/07/01 16:55:33",
        "logdata": "http://apis.juhe.cn/ip/ip2addr?ip=58.23.48.188&key=74bb0395667b8d0588df9ebd6fc36a12"
    },
    {
        "logtime": "2019/07/01 16:55:33",
        "logdata": ""
    },
    {
        "logtime": "2019/07/01 16:55:33",
        "logdata": "url"
    },
    {
        "logtime": "2019/07/01 16:55:33",
        "logdata": "http://apis.juhe.cn/ip/ip2addr?ip=58.23.48.188&key=74bb0395667b8d0588df9ebd6fc36a12"
    },
    {
        "logtime": "2019/07/01 16:55:33",
        "logdata": ""
    },
    {
        "logtime": "2019/07/01 16:55:33",
        "logdata": "url"
    },
    {
        "logtime": "2019/07/01 16:55:33",
        "logdata": "http://apis.juhe.cn/ip/ip2addr?ip=58.23.48.188&key=74bb0395667b8d0588df9ebd6fc36a12"
    },
    {
        "logtime": "2019/07/01 16:55:33",
        "logdata": ""
    },
    {
        "logtime": "2019/07/01 16:55:33",
        "logdata": "url"
    },
    {
        "logtime": "2019/07/01 16:55:33",
        "logdata": "http://apis.juhe.cn/ip/ip2addr?ip=58.23.48.188&key=74bb0395667b8d0588df9ebd6fc36a12"
    },
    {
        "logtime": "2019/07/01 16:55:33",
        "logdata": ""
    },
    {
        "logtime": "2019/07/01 16:55:33",
        "logdata": "url"
    },
    {
        "logtime": "2019/07/01 16:55:33",
        "logdata": "http://apis.juhe.cn/ip/ip2addr?ip=58.23.48.188&key=74bb0395667b8d0588df9ebd6fc36a12"
    },
    {
        "logtime": "2019/07/01 16:55:33",
        "logdata": ""
    },
    {
        "logtime": "2019/07/01 16:55:33",
        "logdata": "url"
    },
    {
        "logtime": "2019/07/01 16:55:33",
        "logdata": "http://apis.juhe.cn/ip/ip2addr?ip=58.23.48.188&key=74bb0395667b8d0588df9ebd6fc36a12"
    },
    {
        "logtime": "2019/07/01 16:55:33",
        "logdata": ""
    },
    {
        "logtime": "2019/07/01 16:55:33",
        "logdata": {
            "_ServerResVersion": 10,
            "_Active": true,
            "_KindVersion": "101122049",
            "_KindType": 1,
            "_Module": "xiuxian/shuiguolaba/",
            "_KindID": "406",
            "_Type": "xiuxian",
            "nSitChair": 65535,
            "_KindName": "xiuxian.shuiguolaba.",
            "nEnterRoomIndex": 1,
            "nSitTable": 65535,
            "_SortId": 0
        }
    },
    {
        "logtime": "2019/07/01 16:55:33",
        "logdata": "modulestr"
    },
    {
        "logtime": "2019/07/01 16:55:33",
        "logdata": "xiuxian/shuiguolaba/"
    }
]