[
    {
        "logtime": "2019/07/03 10:42:21",
        "logdata": "[string \".\\game/xiuxian/shuiguolaba/src/views/layer/Ga...\"]:362: attempt to index local 'Button_Stop' (a nil value)\nstack traceback:\n\t[string \".\\game/xiuxian/shuiguolaba/src/views/GameLaye...\"]:535: in function 'onSubGame1End'\n\t[string \".\\game/xiuxian/shuiguolaba/src/views/GameLaye...\"]:406: in function 'onEventGameMessage'\n\t[string \".\\client/src/plaza/models/GameFrameEngine.lua\"]:123: in function 'onSocketEvent'\n\t[string \".\\client/src/plaza/models/BaseFrame.lua\"]:141: in function 'onSocketCallBack'\n\t[string \".\\client/src/plaza/models/BaseFrame.lua\"]:97: in function <[string \".\\client/src/plaza/models/BaseFrame.lua\"]:96>"
    },
    {
        "logtime": "2019/07/03 10:42:24",
        "logdata": "LogonScene.onceExcute"
    },
    {
        "logtime": "2019/07/03 10:42:24",
        "logdata": "http://www.fuannainc.top/"
    },
    {
        "logtime": "2019/07/03 10:42:24",
        "logdata": "url"
    },
    {
        "logtime": "2019/07/03 10:42:24",
        "logdata": "http://www.fuannainc.top//ws/MobileInterface.ashx?action=GetMobileLoginNotice"
    },
    {
        "logtime": "2019/07/03 10:42:24",
        "logdata": ""
    },
    {
        "logtime": "2019/07/03 10:42:26",
        "logdata": "url"
    },
    {
        "logtime": "2019/07/03 10:42:26",
        "logdata": "http://apis.juhe.cn/ip/ip2addr?ip=58.23.48.188&key=74bb0395667b8d0588df9ebd6fc36a12"
    },
    {
        "logtime": "2019/07/03 10:42:26",
        "logdata": ""
    },
    {
        "logtime": "2019/07/03 10:42:26",
        "logdata": "onLogonCallBack"
    },
    {
        "logtime": "2019/07/03 10:42:26",
        "logdata": "http://www.fuannainc.top/"
    },
    {
        "logtime": "2019/07/03 10:42:26",
        "logdata": "url"
    },
    {
        "logtime": "2019/07/03 10:42:26",
        "logdata": "http://www.fuannainc.top//WS/MobileInterface.ashx"
    },
    {
        "logtime": "2019/07/03 10:42:26",
        "logdata": "action=GetMobileShareConfig&userid=120187&time=1562121746&signature=80DE6C1354C4548C52F89EC3C8F84879"
    },
    {
        "logtime": "2019/07/03 10:42:28",
        "logdata": "url"
    },
    {
        "logtime": "2019/07/03 10:42:28",
        "logdata": "http://www.fuannainc.top//WS/MobileInterface.ashx?action=GetMobileRollNotice"
    },
    {
        "logtime": "2019/07/03 10:42:28",
        "logdata": ""
    },
    {
        "logtime": "2019/07/03 10:42:31",
        "logdata": null
    },
    {
        "logtime": "2019/07/03 10:42:31",
        "logdata": "onEnterGame"
    },
    {
        "logtime": "2019/07/03 10:42:31",
        "logdata": {
            "_ServerResVersion": 10,
            "_Active": true,
            "_KindVersion": "101122049",
            "_KindType": 1,
            "_Module": "xiuxian/shuiguolaba/",
            "_KindID": "406",
            "_Type": "xiuxian",
            "_KindName": "xiuxian.shuiguolaba.",
            "_SortId": 0
        }
    },
    {
        "logtime": "2019/07/03 10:42:31",
        "logdata": "GlobalUserItem.getCurGameKind()"
    },
    {
        "logtime": "2019/07/03 10:42:31",
        "logdata": 406
    },
    {
        "logtime": "2019/07/03 10:42:32",
        "logdata": "url"
    },
    {
        "logtime": "2019/07/03 10:42:32",
        "logdata": "http://apis.juhe.cn/ip/ip2addr?ip=58.23.48.188&key=74bb0395667b8d0588df9ebd6fc36a12"
    },
    {
        "logtime": "2019/07/03 10:42:32",
        "logdata": ""
    },
    {
        "logtime": "2019/07/03 10:42:32",
        "logdata": "url"
    },
    {
        "logtime": "2019/07/03 10:42:32",
        "logdata": "http://apis.juhe.cn/ip/ip2addr?ip=58.23.48.188&key=74bb0395667b8d0588df9ebd6fc36a12"
    },
    {
        "logtime": "2019/07/03 10:42:32",
        "logdata": ""
    },
    {
        "logtime": "2019/07/03 10:42:32",
        "logdata": "url"
    },
    {
        "logtime": "2019/07/03 10:42:32",
        "logdata": "http://apis.juhe.cn/ip/ip2addr?ip=58.23.48.188&key=74bb0395667b8d0588df9ebd6fc36a12"
    },
    {
        "logtime": "2019/07/03 10:42:32",
        "logdata": ""
    },
    {
        "logtime": "2019/07/03 10:42:32",
        "logdata": "url"
    },
    {
        "logtime": "2019/07/03 10:42:32",
        "logdata": "http://apis.juhe.cn/ip/ip2addr?ip=58.23.48.188&key=74bb0395667b8d0588df9ebd6fc36a12"
    },
    {
        "logtime": "2019/07/03 10:42:32",
        "logdata": ""
    },
    {
        "logtime": "2019/07/03 10:42:33",
        "logdata": {
            "_ServerResVersion": 10,
            "_Active": true,
            "_KindVersion": "101122049",
            "_KindType": 1,
            "_Module": "xiuxian/shuiguolaba/",
            "_KindID": "406",
            "_Type": "xiuxian",
            "nSitChair": 65535,
            "_KindName": "xiuxian.shuiguolaba.",
            "nEnterRoomIndex": 1,
            "nSitTable": 65535,
            "_SortId": 0
        }
    },
    {
        "logtime": "2019/07/03 10:42:33",
        "logdata": "modulestr"
    },
    {
        "logtime": "2019/07/03 10:42:33",
        "logdata": "xiuxian/shuiguolaba/"
    },
    {
        "logtime": "2019/07/03 10:42:37",
        "logdata": "[string \".\\game/xiuxian/shuiguolaba/src/views/layer/Ga...\"]:361: attempt to index global 'csbNode' (a nil value)\nstack traceback:\n\t[string \".\\game/xiuxian/shuiguolaba/src/views/GameLaye...\"]:535: in function 'onSubGame1End'\n\t[string \".\\game/xiuxian/shuiguolaba/src/views/GameLaye...\"]:406: in function 'onEventGameMessage'\n\t[string \".\\client/src/plaza/models/GameFrameEngine.lua\"]:123: in function 'onSocketEvent'\n\t[string \".\\client/src/plaza/models/BaseFrame.lua\"]:141: in function 'onSocketCallBack'\n\t[string \".\\client/src/plaza/models/BaseFrame.lua\"]:97: in function <[string \".\\client/src/plaza/models/BaseFrame.lua\"]:96>"
    }
]