[
    {
        "logtime": "2019/05/16 15:53:35",
        "logdata": "LogonScene.onceExcute"
    },
    {
        "logtime": "2019/05/16 15:53:35",
        "logdata": "http://www.fuannainc.top/"
    },
    {
        "logtime": "2019/05/16 15:53:35",
        "logdata": "url"
    },
    {
        "logtime": "2019/05/16 15:53:35",
        "logdata": "http://www.fuannainc.top//ws/MobileInterface.ashx?action=GetMobileLoginNotice"
    },
    {
        "logtime": "2019/05/16 15:53:35",
        "logdata": ""
    },
    {
        "logtime": "2019/05/16 15:53:37",
        "logdata": "url"
    },
    {
        "logtime": "2019/05/16 15:53:37",
        "logdata": "http://apis.juhe.cn/ip/ip2addr?ip=183.53.107.65&key=74bb0395667b8d0588df9ebd6fc36a12"
    },
    {
        "logtime": "2019/05/16 15:53:37",
        "logdata": ""
    },
    {
        "logtime": "2019/05/16 15:53:37",
        "logdata": "onLogonCallBack"
    },
    {
        "logtime": "2019/05/16 15:53:37",
        "logdata": "http://www.fuannainc.top/"
    },
    {
        "logtime": "2019/05/16 15:53:37",
        "logdata": "url"
    },
    {
        "logtime": "2019/05/16 15:53:37",
        "logdata": "http://www.fuannainc.top//WS/MobileInterface.ashx"
    },
    {
        "logtime": "2019/05/16 15:53:37",
        "logdata": "action=GetMobileShareConfig&userid=119928&time=1557993217&signature=2A173A1C06756E9E8160147D73069B90"
    },
    {
        "logtime": "2019/05/16 15:53:40",
        "logdata": "url"
    },
    {
        "logtime": "2019/05/16 15:53:40",
        "logdata": "http://www.fuannainc.top//WS/MobileInterface.ashx?action=GetMobileRollNotice"
    },
    {
        "logtime": "2019/05/16 15:53:40",
        "logdata": ""
    }
]