[
    {
        "logtime": "2019/05/22 17:39:58",
        "logdata": "LogonScene.onceExcute"
    },
    {
        "logtime": "2019/05/22 17:39:58",
        "logdata": "http://www.fuannainc.top/"
    },
    {
        "logtime": "2019/05/22 17:39:59",
        "logdata": "url"
    },
    {
        "logtime": "2019/05/22 17:39:59",
        "logdata": "http://www.fuannainc.top//ws/MobileInterface.ashx?action=GetMobileLoginNotice"
    },
    {
        "logtime": "2019/05/22 17:39:59",
        "logdata": ""
    }
]