[
    {
        "logtime": "2019/07/30 14:26:46",
        "logdata": "LogonScene.onceExcute"
    },
    {
        "logtime": "2019/07/30 14:26:46",
        "logdata": "http://www.fuannabbs.top/"
    },
    {
        "logtime": "2019/07/30 14:26:46",
        "logdata": "url"
    },
    {
        "logtime": "2019/07/30 14:26:46",
        "logdata": "http://www.fuannabbs.top//ws/MobileInterface.ashx?action=GetMobileLoginNotice"
    },
    {
        "logtime": "2019/07/30 14:26:46",
        "logdata": ""
    },
    {
        "logtime": "2019/07/30 14:26:48",
        "logdata": "onLogonCallBack"
    },
    {
        "logtime": "2019/07/30 14:26:48",
        "logdata": "http://www.fuannabbs.top/"
    },
    {
        "logtime": "2019/07/30 14:26:48",
        "logdata": "url"
    },
    {
        "logtime": "2019/07/30 14:26:48",
        "logdata": "http://www.fuannabbs.top//WS/MobileInterface.ashx"
    },
    {
        "logtime": "2019/07/30 14:26:48",
        "logdata": "action=GetMobileShareConfig&userid=119837&time=1564468008&signature=5B31BDA5861681AB753A96FFCD446DED"
    },
    {
        "logtime": "2019/07/30 14:26:50",
        "logdata": "url"
    },
    {
        "logtime": "2019/07/30 14:26:50",
        "logdata": "http://www.fuannabbs.top//WS/MobileInterface.ashx?action=GetMobileRollNotice"
    },
    {
        "logtime": "2019/07/30 14:26:50",
        "logdata": ""
    },
    {
        "logtime": "2019/07/30 14:26:53",
        "logdata": 6
    },
    {
        "logtime": "2019/07/30 14:26:53",
        "logdata": "url"
    },
    {
        "logtime": "2019/07/30 14:26:53",
        "logdata": "http://154.48.228.19/download/test//game/yule/redninebattle/res/filemd5List.json"
    },
    {
        "logtime": "2019/07/30 14:26:53",
        "logdata": ""
    },
    {
        "logtime": "2019/07/30 14:26:56",
        "logdata": "[string \".\\client/src/app/controllers/ClientUpdate.lua\"]:71: attempt to concatenate local 'oldpath' (a userdata value)\nstack traceback:\n\t[string \".\\app/models/AppDF.lua\"]:344: in function <[string \".\\app/models/AppDF.lua\"]:324>"
    },
    {
        "logtime": "2019/07/30 14:26:58",
        "logdata": 4
    }
]