[
    {
        "logtime": "2019/07/19 15:48:15",
        "logdata": "LogonScene.onceExcute"
    },
    {
        "logtime": "2019/07/19 15:48:15",
        "logdata": "http://www.fuannabbs.top/"
    },
    {
        "logtime": "2019/07/19 15:48:15",
        "logdata": "url"
    },
    {
        "logtime": "2019/07/19 15:48:15",
        "logdata": "http://www.fuannabbs.top//ws/MobileInterface.ashx?action=GetMobileLoginNotice"
    },
    {
        "logtime": "2019/07/19 15:48:15",
        "logdata": ""
    },
    {
        "logtime": "2019/07/19 15:48:17",
        "logdata": "onLogonCallBack"
    },
    {
        "logtime": "2019/07/19 15:48:17",
        "logdata": "http://www.fuannabbs.top/"
    },
    {
        "logtime": "2019/07/19 15:48:17",
        "logdata": "url"
    },
    {
        "logtime": "2019/07/19 15:48:17",
        "logdata": "http://www.fuannabbs.top//WS/MobileInterface.ashx"
    },
    {
        "logtime": "2019/07/19 15:48:17",
        "logdata": "action=GetMobileShareConfig&userid=119896&time=1563522497&signature=21E9C1CA173DFC19A433BC96502F797F"
    },
    {
        "logtime": "2019/07/19 15:48:19",
        "logdata": "url"
    },
    {
        "logtime": "2019/07/19 15:48:19",
        "logdata": "http://www.fuannabbs.top//WS/MobileInterface.ashx?action=GetMobileRollNotice"
    },
    {
        "logtime": "2019/07/19 15:48:19",
        "logdata": ""
    },
    {
        "logtime": "2019/07/19 15:48:25",
        "logdata": "url"
    },
    {
        "logtime": "2019/07/19 15:48:25",
        "logdata": "http://www.fuannabbs.top//ws/MobileInterface.ashx"
    },
    {
        "logtime": "2019/07/19 15:48:25",
        "logdata": "action=getpaylist"
    },
    {
        "logtime": "2019/07/19 15:48:26",
        "logdata": "url"
    },
    {
        "logtime": "2019/07/19 15:48:26",
        "logdata": "http://www.fuannabbs.top//WS/MobileInterface.ashx"
    },
    {
        "logtime": "2019/07/19 15:48:26",
        "logdata": "action=getagentpay"
    },
    {
        "logtime": "2019/07/19 15:48:28",
        "logdata": "normal_to_agent_up"
    },
    {
        "logtime": "2019/07/19 15:48:30",
        "logdata": "keys2"
    },
    {
        "logtime": "2019/07/19 15:48:30",
        "logdata": "byte"
    },
    {
        "logtime": "2019/07/19 15:48:30",
        "logdata": "keys2"
    },
    {
        "logtime": "2019/07/19 15:48:30",
        "logdata": "word"
    },
    {
        "logtime": "2019/07/19 15:48:30",
        "logdata": "keys2"
    },
    {
        "logtime": "2019/07/19 15:48:30",
        "logdata": "word"
    },
    {
        "logtime": "2019/07/19 15:48:30",
        "logdata": "keys2"
    },
    {
        "logtime": "2019/07/19 15:48:30",
        "logdata": "word"
    },
    {
        "logtime": "2019/07/19 15:48:30",
        "logdata": "keys2"
    },
    {
        "logtime": "2019/07/19 15:48:30",
        "logdata": "word"
    },
    {
        "logtime": "2019/07/19 15:48:30",
        "logdata": "keys2"
    },
    {
        "logtime": "2019/07/19 15:48:30",
        "logdata": "double"
    },
    {
        "logtime": "2019/07/19 15:48:30",
        "logdata": "keys2"
    },
    {
        "logtime": "2019/07/19 15:48:30",
        "logdata": "double"
    },
    {
        "logtime": "2019/07/19 15:48:30",
        "logdata": "keys2"
    },
    {
        "logtime": "2019/07/19 15:48:30",
        "logdata": "double"
    },
    {
        "logtime": "2019/07/19 15:48:30",
        "logdata": "keys2"
    },
    {
        "logtime": "2019/07/19 15:48:30",
        "logdata": "string"
    },
    {
        "logtime": "2019/07/19 15:48:30",
        "logdata": "keys2"
    },
    {
        "logtime": "2019/07/19 15:48:30",
        "logdata": "string"
    },
    {
        "logtime": "2019/07/19 15:48:30",
        "logdata": "keys2"
    },
    {
        "logtime": "2019/07/19 15:48:30",
        "logdata": "double"
    },
    {
        "logtime": "2019/07/19 15:48:30",
        "logdata": "keys2"
    },
    {
        "logtime": "2019/07/19 15:48:30",
        "logdata": "string"
    },
    {
        "logtime": "2019/07/19 15:48:50",
        "logdata": "keys2"
    },
    {
        "logtime": "2019/07/19 15:48:50",
        "logdata": "byte"
    },
    {
        "logtime": "2019/07/19 15:48:50",
        "logdata": "keys2"
    },
    {
        "logtime": "2019/07/19 15:48:50",
        "logdata": "word"
    },
    {
        "logtime": "2019/07/19 15:48:50",
        "logdata": "keys2"
    },
    {
        "logtime": "2019/07/19 15:48:50",
        "logdata": "word"
    },
    {
        "logtime": "2019/07/19 15:48:50",
        "logdata": "keys2"
    },
    {
        "logtime": "2019/07/19 15:48:50",
        "logdata": "word"
    },
    {
        "logtime": "2019/07/19 15:48:50",
        "logdata": "keys2"
    },
    {
        "logtime": "2019/07/19 15:48:50",
        "logdata": "word"
    },
    {
        "logtime": "2019/07/19 15:48:50",
        "logdata": "keys2"
    },
    {
        "logtime": "2019/07/19 15:48:50",
        "logdata": "double"
    },
    {
        "logtime": "2019/07/19 15:48:50",
        "logdata": "keys2"
    },
    {
        "logtime": "2019/07/19 15:48:50",
        "logdata": "double"
    },
    {
        "logtime": "2019/07/19 15:48:50",
        "logdata": "keys2"
    },
    {
        "logtime": "2019/07/19 15:48:50",
        "logdata": "double"
    },
    {
        "logtime": "2019/07/19 15:48:54",
        "logdata": "keys2"
    },
    {
        "logtime": "2019/07/19 15:48:54",
        "logdata": "byte"
    },
    {
        "logtime": "2019/07/19 15:48:54",
        "logdata": "keys2"
    },
    {
        "logtime": "2019/07/19 15:48:54",
        "logdata": "word"
    },
    {
        "logtime": "2019/07/19 15:48:54",
        "logdata": "keys2"
    },
    {
        "logtime": "2019/07/19 15:48:54",
        "logdata": "word"
    },
    {
        "logtime": "2019/07/19 15:48:54",
        "logdata": "keys2"
    },
    {
        "logtime": "2019/07/19 15:48:54",
        "logdata": "word"
    },
    {
        "logtime": "2019/07/19 15:48:54",
        "logdata": "keys2"
    },
    {
        "logtime": "2019/07/19 15:48:54",
        "logdata": "word"
    },
    {
        "logtime": "2019/07/19 15:48:54",
        "logdata": "keys2"
    },
    {
        "logtime": "2019/07/19 15:48:54",
        "logdata": "double"
    },
    {
        "logtime": "2019/07/19 15:48:54",
        "logdata": "keys2"
    },
    {
        "logtime": "2019/07/19 15:48:54",
        "logdata": "double"
    },
    {
        "logtime": "2019/07/19 15:48:54",
        "logdata": "keys2"
    },
    {
        "logtime": "2019/07/19 15:48:54",
        "logdata": "double"
    }
]