[
    {
        "logtime": "2019/05/13 17:36:43",
        "logdata": "LogonScene.onceExcute"
    },
    {
        "logtime": "2019/05/13 17:36:43",
        "logdata": "http://www.fuannainc.top/"
    },
    {
        "logtime": "2019/05/13 17:36:43",
        "logdata": "url"
    },
    {
        "logtime": "2019/05/13 17:36:43",
        "logdata": "http://www.fuannainc.top//ws/MobileInterface.ashx?action=GetMobileLoginNotice"
    },
    {
        "logtime": "2019/05/13 17:36:43",
        "logdata": ""
    },
    {
        "logtime": "2019/05/13 17:36:48",
        "logdata": "url"
    },
    {
        "logtime": "2019/05/13 17:36:48",
        "logdata": "http://apis.juhe.cn/ip/ip2addr?ip=113.77.80.214&key=74bb0395667b8d0588df9ebd6fc36a12"
    },
    {
        "logtime": "2019/05/13 17:36:48",
        "logdata": ""
    },
    {
        "logtime": "2019/05/13 17:36:48",
        "logdata": "onLogonCallBack"
    },
    {
        "logtime": "2019/05/13 17:36:48",
        "logdata": "http://www.fuannainc.top/"
    },
    {
        "logtime": "2019/05/13 17:36:48",
        "logdata": "url"
    },
    {
        "logtime": "2019/05/13 17:36:48",
        "logdata": "http://www.fuannainc.top//WS/MobileInterface.ashx"
    },
    {
        "logtime": "2019/05/13 17:36:48",
        "logdata": "action=GetMobileShareConfig&userid=120783&time=1557740208&signature=2AC6E06B032CB0E3E3558032976C4E9B"
    },
    {
        "logtime": "2019/05/13 17:36:51",
        "logdata": "url"
    },
    {
        "logtime": "2019/05/13 17:36:51",
        "logdata": "http://www.fuannainc.top//WS/MobileInterface.ashx?action=GetMobileRollNotice"
    },
    {
        "logtime": "2019/05/13 17:36:51",
        "logdata": ""
    }
]