[
    {
        "logtime": "2019/07/03 14:11:35",
        "logdata": "[string \".\\game/xiuxian/shuiguolaba/src/views/layer/Ga...\"]:948: attempt to perform arithmetic on field 'time' (a nil value)\nstack traceback:"
    },
    {
        "logtime": "2019/07/03 14:11:36",
        "logdata": "[string \".\\game/xiuxian/shuiguolaba/src/views/layer/Ga...\"]:948: attempt to perform arithmetic on field 'time' (a nil value)\nstack traceback:"
    },
    {
        "logtime": "2019/07/03 14:11:39",
        "logdata": "LogonScene.onceExcute"
    },
    {
        "logtime": "2019/07/03 14:11:39",
        "logdata": "http://www.fuannainc.top/"
    },
    {
        "logtime": "2019/07/03 14:11:39",
        "logdata": "url"
    },
    {
        "logtime": "2019/07/03 14:11:39",
        "logdata": "http://www.fuannainc.top//ws/MobileInterface.ashx?action=GetMobileLoginNotice"
    },
    {
        "logtime": "2019/07/03 14:11:39",
        "logdata": ""
    },
    {
        "logtime": "2019/07/03 14:11:42",
        "logdata": "url"
    },
    {
        "logtime": "2019/07/03 14:11:42",
        "logdata": "http://apis.juhe.cn/ip/ip2addr?ip=58.23.48.188&key=74bb0395667b8d0588df9ebd6fc36a12"
    },
    {
        "logtime": "2019/07/03 14:11:42",
        "logdata": ""
    },
    {
        "logtime": "2019/07/03 14:11:42",
        "logdata": "onLogonCallBack"
    },
    {
        "logtime": "2019/07/03 14:11:42",
        "logdata": "http://www.fuannainc.top/"
    },
    {
        "logtime": "2019/07/03 14:11:42",
        "logdata": "url"
    },
    {
        "logtime": "2019/07/03 14:11:42",
        "logdata": "http://www.fuannainc.top//WS/MobileInterface.ashx"
    },
    {
        "logtime": "2019/07/03 14:11:42",
        "logdata": "action=GetMobileShareConfig&userid=120187&time=1562134302&signature=B19FDE9BBEDDE9FC5C7CF5506F5721A9"
    },
    {
        "logtime": "2019/07/03 14:11:43",
        "logdata": "url"
    },
    {
        "logtime": "2019/07/03 14:11:43",
        "logdata": "http://www.fuannainc.top//WS/MobileInterface.ashx?action=GetMobileRollNotice"
    },
    {
        "logtime": "2019/07/03 14:11:43",
        "logdata": ""
    },
    {
        "logtime": "2019/07/03 14:11:49",
        "logdata": null
    },
    {
        "logtime": "2019/07/03 14:11:49",
        "logdata": "onEnterGame"
    },
    {
        "logtime": "2019/07/03 14:11:49",
        "logdata": {
            "_ServerResVersion": 10,
            "_Active": true,
            "_KindVersion": "101122049",
            "_KindType": 1,
            "_Module": "xiuxian/shuiguolaba/",
            "_KindID": "406",
            "_Type": "xiuxian",
            "_KindName": "xiuxian.shuiguolaba.",
            "_SortId": 0
        }
    },
    {
        "logtime": "2019/07/03 14:11:49",
        "logdata": "GlobalUserItem.getCurGameKind()"
    },
    {
        "logtime": "2019/07/03 14:11:49",
        "logdata": 406
    },
    {
        "logtime": "2019/07/03 14:11:51",
        "logdata": "url"
    },
    {
        "logtime": "2019/07/03 14:11:51",
        "logdata": "http://apis.juhe.cn/ip/ip2addr?ip=58.23.48.188&key=74bb0395667b8d0588df9ebd6fc36a12"
    },
    {
        "logtime": "2019/07/03 14:11:51",
        "logdata": ""
    },
    {
        "logtime": "2019/07/03 14:11:51",
        "logdata": "url"
    },
    {
        "logtime": "2019/07/03 14:11:51",
        "logdata": "http://apis.juhe.cn/ip/ip2addr?ip=58.23.48.188&key=74bb0395667b8d0588df9ebd6fc36a12"
    },
    {
        "logtime": "2019/07/03 14:11:51",
        "logdata": ""
    },
    {
        "logtime": "2019/07/03 14:11:51",
        "logdata": "url"
    },
    {
        "logtime": "2019/07/03 14:11:51",
        "logdata": "http://apis.juhe.cn/ip/ip2addr?ip=58.23.48.188&key=74bb0395667b8d0588df9ebd6fc36a12"
    },
    {
        "logtime": "2019/07/03 14:11:51",
        "logdata": ""
    },
    {
        "logtime": "2019/07/03 14:11:51",
        "logdata": "url"
    },
    {
        "logtime": "2019/07/03 14:11:51",
        "logdata": "http://apis.juhe.cn/ip/ip2addr?ip=58.23.48.188&key=74bb0395667b8d0588df9ebd6fc36a12"
    },
    {
        "logtime": "2019/07/03 14:11:51",
        "logdata": ""
    },
    {
        "logtime": "2019/07/03 14:11:51",
        "logdata": {
            "_ServerResVersion": 10,
            "_Active": true,
            "_KindVersion": "101122049",
            "_KindType": 1,
            "_Module": "xiuxian/shuiguolaba/",
            "_KindID": "406",
            "_Type": "xiuxian",
            "nSitChair": 65535,
            "_KindName": "xiuxian.shuiguolaba.",
            "nEnterRoomIndex": 1,
            "nSitTable": 65535,
            "_SortId": 0
        }
    },
    {
        "logtime": "2019/07/03 14:11:51",
        "logdata": "modulestr"
    },
    {
        "logtime": "2019/07/03 14:11:51",
        "logdata": "xiuxian/shuiguolaba/"
    }
]