[
    {
        "logtime": "2019/07/24 15:44:37",
        "logdata": "LogonScene.onceExcute"
    },
    {
        "logtime": "2019/07/24 15:44:37",
        "logdata": "http://www.fuannabbs.top/"
    },
    {
        "logtime": "2019/07/24 15:44:37",
        "logdata": "url"
    },
    {
        "logtime": "2019/07/24 15:44:37",
        "logdata": "http://www.fuannabbs.top//ws/MobileInterface.ashx?action=GetMobileLoginNotice"
    },
    {
        "logtime": "2019/07/24 15:44:37",
        "logdata": ""
    },
    {
        "logtime": "2019/07/24 15:44:39",
        "logdata": "onLogonCallBack"
    },
    {
        "logtime": "2019/07/24 15:44:39",
        "logdata": "http://www.fuannabbs.top/"
    },
    {
        "logtime": "2019/07/24 15:44:39",
        "logdata": "url"
    },
    {
        "logtime": "2019/07/24 15:44:39",
        "logdata": "http://www.fuannabbs.top//WS/MobileInterface.ashx"
    },
    {
        "logtime": "2019/07/24 15:44:39",
        "logdata": "action=GetMobileShareConfig&userid=119942&time=1563954279&signature=7A465B11796E8CB04328CA2178A6051A"
    },
    {
        "logtime": "2019/07/24 15:44:41",
        "logdata": "url"
    },
    {
        "logtime": "2019/07/24 15:44:41",
        "logdata": "http://www.fuannabbs.top//WS/MobileInterface.ashx?action=GetMobileRollNotice"
    },
    {
        "logtime": "2019/07/24 15:44:41",
        "logdata": ""
    }
]