[
    {
        "logtime": "2019/05/18 14:44:36",
        "logdata": "LogonScene.onceExcute"
    },
    {
        "logtime": "2019/05/18 14:44:36",
        "logdata": "http://www.fuannainc.top/"
    },
    {
        "logtime": "2019/05/18 14:44:37",
        "logdata": "url"
    },
    {
        "logtime": "2019/05/18 14:44:37",
        "logdata": "http://www.fuannainc.top//ws/MobileInterface.ashx?action=GetMobileLoginNotice"
    },
    {
        "logtime": "2019/05/18 14:44:37",
        "logdata": ""
    },
    {
        "logtime": "2019/05/18 14:44:49",
        "logdata": "url"
    },
    {
        "logtime": "2019/05/18 14:44:49",
        "logdata": "http://apis.juhe.cn/ip/ip2addr?ip=113.77.83.199&key=74bb0395667b8d0588df9ebd6fc36a12"
    },
    {
        "logtime": "2019/05/18 14:44:49",
        "logdata": ""
    },
    {
        "logtime": "2019/05/18 14:44:49",
        "logdata": "onLogonCallBack"
    },
    {
        "logtime": "2019/05/18 14:44:49",
        "logdata": "http://www.fuannainc.top/"
    },
    {
        "logtime": "2019/05/18 14:44:50",
        "logdata": "url"
    },
    {
        "logtime": "2019/05/18 14:44:50",
        "logdata": "http://www.fuannainc.top//WS/MobileInterface.ashx"
    },
    {
        "logtime": "2019/05/18 14:44:50",
        "logdata": "action=GetMobileShareConfig&userid=119940&time=1558161889&signature=73EA39F6D120A3B278BA7861423C5C9C"
    },
    {
        "logtime": "2019/05/18 14:44:53",
        "logdata": "url"
    },
    {
        "logtime": "2019/05/18 14:44:53",
        "logdata": "http://www.fuannainc.top//WS/MobileInterface.ashx?action=GetMobileRollNotice"
    },
    {
        "logtime": "2019/05/18 14:44:53",
        "logdata": ""
    },
    {
        "logtime": "2019/05/18 14:44:53",
        "logdata": "url"
    },
    {
        "logtime": "2019/05/18 14:44:53",
        "logdata": "http://apis.juhe.cn/ip/ip2addr?ip=113.77.83.199&key=74bb0395667b8d0588df9ebd6fc36a12"
    },
    {
        "logtime": "2019/05/18 14:44:53",
        "logdata": ""
    },
    {
        "logtime": "2019/05/18 14:44:53",
        "logdata": "onLogonCallBack"
    },
    {
        "logtime": "2019/05/18 14:44:53",
        "logdata": "http://www.fuannainc.top/"
    },
    {
        "logtime": "2019/05/18 14:44:53",
        "logdata": "url"
    },
    {
        "logtime": "2019/05/18 14:44:53",
        "logdata": "http://www.fuannainc.top//WS/MobileInterface.ashx"
    },
    {
        "logtime": "2019/05/18 14:44:53",
        "logdata": "action=GetMobileShareConfig&userid=119942&time=1558161893&signature=D03558EDEB45B4D343A36640FB6DF34C"
    },
    {
        "logtime": "2019/05/18 14:44:54",
        "logdata": "url"
    },
    {
        "logtime": "2019/05/18 14:44:54",
        "logdata": "http://www.fuannainc.top//WS/MobileInterface.ashx?action=GetMobileRollNotice"
    },
    {
        "logtime": "2019/05/18 14:44:54",
        "logdata": ""
    }
]