[
    {
        "logtime": "2019/07/03 13:00:17",
        "logdata": "url"
    },
    {
        "logtime": "2019/07/03 13:00:17",
        "logdata": "http://apis.juhe.cn/ip/ip2addr?ip=58.23.48.188&key=74bb0395667b8d0588df9ebd6fc36a12"
    },
    {
        "logtime": "2019/07/03 13:00:17",
        "logdata": ""
    },
    {
        "logtime": "2019/07/03 13:00:17",
        "logdata": "onLogonCallBack"
    },
    {
        "logtime": "2019/07/03 13:00:17",
        "logdata": "http://www.fuannainc.top/"
    },
    {
        "logtime": "2019/07/03 13:00:17",
        "logdata": "url"
    },
    {
        "logtime": "2019/07/03 13:00:17",
        "logdata": "http://www.fuannainc.top//WS/MobileInterface.ashx"
    },
    {
        "logtime": "2019/07/03 13:00:17",
        "logdata": "action=GetMobileShareConfig&userid=120187&time=1562130017&signature=6F00D4C9906326DA611F1829F841B8C8"
    },
    {
        "logtime": "2019/07/03 13:00:19",
        "logdata": "url"
    },
    {
        "logtime": "2019/07/03 13:00:19",
        "logdata": "http://www.fuannainc.top//WS/MobileInterface.ashx?action=GetMobileRollNotice"
    },
    {
        "logtime": "2019/07/03 13:00:19",
        "logdata": ""
    }
]