[
    {
        "logtime": "2019/07/09 11:50:53",
        "logdata": "LogonScene.onceExcute"
    },
    {
        "logtime": "2019/07/09 11:50:53",
        "logdata": "http://www.fuannainc.top/"
    },
    {
        "logtime": "2019/07/09 11:50:53",
        "logdata": "url"
    },
    {
        "logtime": "2019/07/09 11:50:53",
        "logdata": "http://www.fuannainc.top//ws/MobileInterface.ashx?action=GetMobileLoginNotice"
    },
    {
        "logtime": "2019/07/09 11:50:53",
        "logdata": ""
    },
    {
        "logtime": "2019/07/09 11:50:55",
        "logdata": "onLogonCallBack"
    },
    {
        "logtime": "2019/07/09 11:50:55",
        "logdata": "http://www.fuannainc.top/"
    },
    {
        "logtime": "2019/07/09 11:50:55",
        "logdata": "url"
    },
    {
        "logtime": "2019/07/09 11:50:55",
        "logdata": "http://www.fuannainc.top//WS/MobileInterface.ashx"
    },
    {
        "logtime": "2019/07/09 11:50:55",
        "logdata": "action=GetMobileShareConfig&userid=119928&time=1562644255&signature=EBC5A6616138D8B94A11A7ADB5802A0F"
    },
    {
        "logtime": "2019/07/09 11:50:57",
        "logdata": "url"
    },
    {
        "logtime": "2019/07/09 11:50:57",
        "logdata": "http://www.fuannainc.top//WS/MobileInterface.ashx?action=GetMobileRollNotice"
    },
    {
        "logtime": "2019/07/09 11:50:57",
        "logdata": ""
    }
]