[
    {
        "logtime": "2019/07/02 17:22:14",
        "logdata": "LogonScene.onceExcute"
    },
    {
        "logtime": "2019/07/02 17:22:14",
        "logdata": "http://www.fuannainc.top/"
    },
    {
        "logtime": "2019/07/02 17:22:14",
        "logdata": "url"
    },
    {
        "logtime": "2019/07/02 17:22:14",
        "logdata": "http://www.fuannainc.top//ws/MobileInterface.ashx?action=GetMobileLoginNotice"
    },
    {
        "logtime": "2019/07/02 17:22:14",
        "logdata": ""
    },
    {
        "logtime": "2019/07/02 17:22:16",
        "logdata": "url"
    },
    {
        "logtime": "2019/07/02 17:22:16",
        "logdata": "http://apis.juhe.cn/ip/ip2addr?ip=58.23.48.188&key=74bb0395667b8d0588df9ebd6fc36a12"
    },
    {
        "logtime": "2019/07/02 17:22:16",
        "logdata": ""
    },
    {
        "logtime": "2019/07/02 17:22:16",
        "logdata": "onLogonCallBack"
    },
    {
        "logtime": "2019/07/02 17:22:16",
        "logdata": "http://www.fuannainc.top/"
    },
    {
        "logtime": "2019/07/02 17:22:16",
        "logdata": "url"
    },
    {
        "logtime": "2019/07/02 17:22:16",
        "logdata": "http://www.fuannainc.top//WS/MobileInterface.ashx"
    },
    {
        "logtime": "2019/07/02 17:22:16",
        "logdata": "action=GetMobileShareConfig&userid=120187&time=1562059336&signature=1365625B38BFF3E09C893D961D72B66A"
    },
    {
        "logtime": "2019/07/02 17:22:18",
        "logdata": "url"
    },
    {
        "logtime": "2019/07/02 17:22:18",
        "logdata": "http://www.fuannainc.top//WS/MobileInterface.ashx?action=GetMobileRollNotice"
    },
    {
        "logtime": "2019/07/02 17:22:18",
        "logdata": ""
    },
    {
        "logtime": "2019/07/02 17:22:22",
        "logdata": null
    },
    {
        "logtime": "2019/07/02 17:22:22",
        "logdata": "onEnterGame"
    },
    {
        "logtime": "2019/07/02 17:22:22",
        "logdata": {
            "_ServerResVersion": 10,
            "_Active": true,
            "_KindVersion": "101122049",
            "_KindType": 1,
            "_Module": "xiuxian/shuiguolaba/",
            "_KindID": "406",
            "_Type": "xiuxian",
            "_KindName": "xiuxian.shuiguolaba.",
            "_SortId": 0
        }
    },
    {
        "logtime": "2019/07/02 17:22:22",
        "logdata": "GlobalUserItem.getCurGameKind()"
    },
    {
        "logtime": "2019/07/02 17:22:22",
        "logdata": 406
    },
    {
        "logtime": "2019/07/02 17:22:23",
        "logdata": "url"
    },
    {
        "logtime": "2019/07/02 17:22:23",
        "logdata": "http://apis.juhe.cn/ip/ip2addr?ip=58.23.48.188&key=74bb0395667b8d0588df9ebd6fc36a12"
    },
    {
        "logtime": "2019/07/02 17:22:23",
        "logdata": ""
    },
    {
        "logtime": "2019/07/02 17:22:23",
        "logdata": "url"
    },
    {
        "logtime": "2019/07/02 17:22:23",
        "logdata": "http://apis.juhe.cn/ip/ip2addr?ip=58.23.48.188&key=74bb0395667b8d0588df9ebd6fc36a12"
    },
    {
        "logtime": "2019/07/02 17:22:23",
        "logdata": ""
    },
    {
        "logtime": "2019/07/02 17:22:24",
        "logdata": {
            "_ServerResVersion": 10,
            "_Active": true,
            "_KindVersion": "101122049",
            "_KindType": 1,
            "_Module": "xiuxian/shuiguolaba/",
            "_KindID": "406",
            "_Type": "xiuxian",
            "nSitChair": 65535,
            "_KindName": "xiuxian.shuiguolaba.",
            "nEnterRoomIndex": 1,
            "nSitTable": 65535,
            "_SortId": 0
        }
    },
    {
        "logtime": "2019/07/02 17:22:24",
        "logdata": "modulestr"
    },
    {
        "logtime": "2019/07/02 17:22:24",
        "logdata": "xiuxian/shuiguolaba/"
    },
    {
        "logtime": "2019/07/02 17:22:53",
        "logdata": "[string \".\\game/xiuxian/shuiguolaba/src/views/layer/Ga...\"]:961: attempt to perform arithmetic on global 'getbegantime' (a nil value)\nstack traceback:\n\t[string \".\\game/xiuxian/shuiguolaba/src/views/layer/Ga...\"]:175: in function <[string \".\\game/xiuxian/shuiguolaba/src/views/layer/Ga...\"]:167>"
    },
    {
        "logtime": "2019/07/02 17:22:57",
        "logdata": "LogonScene.onceExcute"
    },
    {
        "logtime": "2019/07/02 17:22:57",
        "logdata": "http://www.fuannainc.top/"
    },
    {
        "logtime": "2019/07/02 17:22:58",
        "logdata": "url"
    },
    {
        "logtime": "2019/07/02 17:22:58",
        "logdata": "http://www.fuannainc.top//ws/MobileInterface.ashx?action=GetMobileLoginNotice"
    },
    {
        "logtime": "2019/07/02 17:22:58",
        "logdata": ""
    }
]