[
    {
        "logtime": "2019/07/02 18:10:44",
        "logdata": "LogonScene.onceExcute"
    },
    {
        "logtime": "2019/07/02 18:10:44",
        "logdata": "http://www.fuannainc.top/"
    },
    {
        "logtime": "2019/07/02 18:10:44",
        "logdata": "url"
    },
    {
        "logtime": "2019/07/02 18:10:44",
        "logdata": "http://www.fuannainc.top//ws/MobileInterface.ashx?action=GetMobileLoginNotice"
    },
    {
        "logtime": "2019/07/02 18:10:44",
        "logdata": ""
    },
    {
        "logtime": "2019/07/02 18:10:46",
        "logdata": "url"
    },
    {
        "logtime": "2019/07/02 18:10:46",
        "logdata": "http://apis.juhe.cn/ip/ip2addr?ip=58.23.48.188&key=74bb0395667b8d0588df9ebd6fc36a12"
    },
    {
        "logtime": "2019/07/02 18:10:46",
        "logdata": ""
    },
    {
        "logtime": "2019/07/02 18:10:46",
        "logdata": "onLogonCallBack"
    },
    {
        "logtime": "2019/07/02 18:10:46",
        "logdata": "http://www.fuannainc.top/"
    },
    {
        "logtime": "2019/07/02 18:10:46",
        "logdata": "url"
    },
    {
        "logtime": "2019/07/02 18:10:46",
        "logdata": "http://www.fuannainc.top//WS/MobileInterface.ashx"
    },
    {
        "logtime": "2019/07/02 18:10:46",
        "logdata": "action=GetMobileShareConfig&userid=120187&time=1562062246&signature=BA3FE6AA25DD1918BA142620867641A5"
    },
    {
        "logtime": "2019/07/02 18:10:47",
        "logdata": "url"
    },
    {
        "logtime": "2019/07/02 18:10:47",
        "logdata": "http://www.fuannainc.top//WS/MobileInterface.ashx?action=GetMobileRollNotice"
    },
    {
        "logtime": "2019/07/02 18:10:47",
        "logdata": ""
    }
]