[
    {
        "logtime": "2019/05/13 16:18:32",
        "logdata": "LogonScene.onceExcute"
    },
    {
        "logtime": "2019/05/13 16:18:32",
        "logdata": "http://www.fuannainc.top/"
    },
    {
        "logtime": "2019/05/13 16:18:32",
        "logdata": "url"
    },
    {
        "logtime": "2019/05/13 16:18:32",
        "logdata": "http://www.fuannainc.top//ws/MobileInterface.ashx?action=GetMobileLoginNotice"
    },
    {
        "logtime": "2019/05/13 16:18:32",
        "logdata": ""
    },
    {
        "logtime": "2019/05/13 16:18:37",
        "logdata": "url"
    },
    {
        "logtime": "2019/05/13 16:18:37",
        "logdata": "http://apis.juhe.cn/ip/ip2addr?ip=113.77.80.214&key=74bb0395667b8d0588df9ebd6fc36a12"
    },
    {
        "logtime": "2019/05/13 16:18:37",
        "logdata": ""
    },
    {
        "logtime": "2019/05/13 16:18:37",
        "logdata": "onLogonCallBack"
    },
    {
        "logtime": "2019/05/13 16:18:37",
        "logdata": "http://www.fuannainc.top/"
    },
    {
        "logtime": "2019/05/13 16:18:37",
        "logdata": "url"
    },
    {
        "logtime": "2019/05/13 16:18:37",
        "logdata": "http://www.fuannainc.top//WS/MobileInterface.ashx"
    },
    {
        "logtime": "2019/05/13 16:18:37",
        "logdata": "action=GetMobileShareConfig&userid=120776&time=1557735517&signature=A783DC1DEA5E18611642F8386E5BFF6F"
    },
    {
        "logtime": "2019/05/13 16:18:40",
        "logdata": "url"
    },
    {
        "logtime": "2019/05/13 16:18:40",
        "logdata": "http://www.fuannainc.top//WS/MobileInterface.ashx?action=GetMobileRollNotice"
    },
    {
        "logtime": "2019/05/13 16:18:40",
        "logdata": ""
    },
    {
        "logtime": "2019/05/13 16:18:49",
        "logdata": "[string \".\\client/src/plaza/views/LogonScene.lua\"]:565: attempt to index field '_logonFrame' (a nil value)\nstack traceback:\n\t[string \".\\app/models/AppDF.lua\"]:324: in function <[string \".\\app/models/AppDF.lua\"]:281>"
    }
]