[
    {
        "logtime": "2019/07/24 17:20:14",
        "logdata": "LogonScene.onceExcute"
    },
    {
        "logtime": "2019/07/24 17:20:14",
        "logdata": "http://www.fuannabbs.top/"
    },
    {
        "logtime": "2019/07/24 17:20:14",
        "logdata": "url"
    },
    {
        "logtime": "2019/07/24 17:20:14",
        "logdata": "http://www.fuannabbs.top//ws/MobileInterface.ashx?action=GetMobileLoginNotice"
    },
    {
        "logtime": "2019/07/24 17:20:14",
        "logdata": ""
    },
    {
        "logtime": "2019/07/24 17:20:16",
        "logdata": "onLogonCallBack"
    },
    {
        "logtime": "2019/07/24 17:20:16",
        "logdata": "http://www.fuannabbs.top/"
    },
    {
        "logtime": "2019/07/24 17:20:16",
        "logdata": "url"
    },
    {
        "logtime": "2019/07/24 17:20:16",
        "logdata": "http://www.fuannabbs.top//WS/MobileInterface.ashx"
    },
    {
        "logtime": "2019/07/24 17:20:16",
        "logdata": "action=GetMobileShareConfig&userid=119923&time=1563960016&signature=9118A3CFA32C61701CC53AD20C3BB203"
    },
    {
        "logtime": "2019/07/24 17:20:18",
        "logdata": "url"
    },
    {
        "logtime": "2019/07/24 17:20:18",
        "logdata": "http://www.fuannabbs.top//WS/MobileInterface.ashx?action=GetMobileRollNotice"
    },
    {
        "logtime": "2019/07/24 17:20:18",
        "logdata": ""
    },
    {
        "logtime": "2019/07/24 17:20:34",
        "logdata": "LogonScene.onceExcute"
    },
    {
        "logtime": "2019/07/24 17:20:34",
        "logdata": "http://www.fuannabbs.top/"
    },
    {
        "logtime": "2019/07/24 17:20:34",
        "logdata": "url"
    },
    {
        "logtime": "2019/07/24 17:20:34",
        "logdata": "http://www.fuannabbs.top//ws/MobileInterface.ashx?action=GetMobileLoginNotice"
    },
    {
        "logtime": "2019/07/24 17:20:34",
        "logdata": ""
    },
    {
        "logtime": "2019/07/24 17:20:36",
        "logdata": "onLogonCallBack"
    },
    {
        "logtime": "2019/07/24 17:20:36",
        "logdata": "http://www.fuannabbs.top/"
    },
    {
        "logtime": "2019/07/24 17:20:36",
        "logdata": "url"
    },
    {
        "logtime": "2019/07/24 17:20:36",
        "logdata": "http://www.fuannabbs.top//WS/MobileInterface.ashx"
    },
    {
        "logtime": "2019/07/24 17:20:36",
        "logdata": "action=GetMobileShareConfig&userid=119900&time=1563960036&signature=4E3940B1E7E841D824CFB72C95797BD5"
    },
    {
        "logtime": "2019/07/24 17:20:38",
        "logdata": "url"
    },
    {
        "logtime": "2019/07/24 17:20:38",
        "logdata": "http://www.fuannabbs.top//WS/MobileInterface.ashx?action=GetMobileRollNotice"
    },
    {
        "logtime": "2019/07/24 17:20:38",
        "logdata": ""
    },
    {
        "logtime": "2019/07/24 17:20:50",
        "logdata": "LogonScene.onceExcute"
    },
    {
        "logtime": "2019/07/24 17:20:50",
        "logdata": "http://www.fuannabbs.top/"
    },
    {
        "logtime": "2019/07/24 17:20:50",
        "logdata": "url"
    },
    {
        "logtime": "2019/07/24 17:20:50",
        "logdata": "http://www.fuannabbs.top//ws/MobileInterface.ashx?action=GetMobileLoginNotice"
    },
    {
        "logtime": "2019/07/24 17:20:50",
        "logdata": ""
    },
    {
        "logtime": "2019/07/24 17:20:52",
        "logdata": "onLogonCallBack"
    },
    {
        "logtime": "2019/07/24 17:20:52",
        "logdata": "http://www.fuannabbs.top/"
    },
    {
        "logtime": "2019/07/24 17:20:52",
        "logdata": "url"
    },
    {
        "logtime": "2019/07/24 17:20:52",
        "logdata": "http://www.fuannabbs.top//WS/MobileInterface.ashx"
    },
    {
        "logtime": "2019/07/24 17:20:52",
        "logdata": "action=GetMobileShareConfig&userid=119791&time=1563960052&signature=50073AB7CC937619DE94D32154ED8D92"
    },
    {
        "logtime": "2019/07/24 17:20:54",
        "logdata": "url"
    },
    {
        "logtime": "2019/07/24 17:20:54",
        "logdata": "http://www.fuannabbs.top//WS/MobileInterface.ashx?action=GetMobileRollNotice"
    },
    {
        "logtime": "2019/07/24 17:20:54",
        "logdata": ""
    },
    {
        "logtime": "2019/07/24 17:20:56",
        "logdata": {
            "_ServerResVersion": 3,
            "_Active": true,
            "_KindVersion": "101122049",
            "_KindType": 2,
            "_Module": "yule/sparrowxz/",
            "_KindID": "302",
            "_Type": "yule",
            "_KindName": "yule.sparrowxz.",
            "nEnterRoomIndex": 1,
            "_SortId": 1
        }
    },
    {
        "logtime": "2019/07/24 17:20:56",
        "logdata": "modulestr"
    },
    {
        "logtime": "2019/07/24 17:20:56",
        "logdata": "yule/sparrowxz/"
    },
    {
        "logtime": "2019/07/24 17:20:57",
        "logdata": "keys2"
    },
    {
        "logtime": "2019/07/24 17:20:57",
        "logdata": "dword"
    },
    {
        "logtime": "2019/07/24 17:20:57",
        "logdata": "keys2"
    },
    {
        "logtime": "2019/07/24 17:20:57",
        "logdata": "dword"
    },
    {
        "logtime": "2019/07/24 17:20:57",
        "logdata": "keys2"
    },
    {
        "logtime": "2019/07/24 17:20:57",
        "logdata": "dword"
    },
    {
        "logtime": "2019/07/24 17:20:57",
        "logdata": "keys2"
    },
    {
        "logtime": "2019/07/24 17:20:57",
        "logdata": "dword"
    },
    {
        "logtime": "2019/07/24 17:20:57",
        "logdata": "keys2"
    },
    {
        "logtime": "2019/07/24 17:20:57",
        "logdata": "dword"
    },
    {
        "logtime": "2019/07/24 17:20:57",
        "logdata": "keys2"
    },
    {
        "logtime": "2019/07/24 17:20:57",
        "logdata": "score"
    },
    {
        "logtime": "2019/07/24 17:20:57",
        "logdata": "keys2"
    },
    {
        "logtime": "2019/07/24 17:20:57",
        "logdata": "score"
    },
    {
        "logtime": "2019/07/24 17:20:57",
        "logdata": "keys2"
    },
    {
        "logtime": "2019/07/24 17:20:57",
        "logdata": "string"
    },
    {
        "logtime": "2019/07/24 17:20:57",
        "logdata": "keys2"
    },
    {
        "logtime": "2019/07/24 17:20:57",
        "logdata": "byte"
    },
    {
        "logtime": "2019/07/24 17:20:57",
        "logdata": "keys2"
    },
    {
        "logtime": "2019/07/24 17:20:57",
        "logdata": "byte"
    },
    {
        "logtime": "2019/07/24 17:20:57",
        "logdata": "keys2"
    },
    {
        "logtime": "2019/07/24 17:20:57",
        "logdata": "score"
    },
    {
        "logtime": "2019/07/24 17:20:57",
        "logdata": "keys2"
    },
    {
        "logtime": "2019/07/24 17:20:57",
        "logdata": "word"
    },
    {
        "logtime": "2019/07/24 17:20:57",
        "logdata": "keys2"
    },
    {
        "logtime": "2019/07/24 17:20:57",
        "logdata": "word"
    },
    {
        "logtime": "2019/07/24 17:20:57",
        "logdata": "keys2"
    },
    {
        "logtime": "2019/07/24 17:20:57",
        "logdata": "byte"
    },
    {
        "logtime": "2019/07/24 17:20:57",
        "logdata": "keys2"
    },
    {
        "logtime": "2019/07/24 17:20:57",
        "logdata": "byte"
    },
    {
        "logtime": "2019/07/24 17:20:57",
        "logdata": "keys2"
    },
    {
        "logtime": "2019/07/24 17:20:57",
        "logdata": "byte"
    },
    {
        "logtime": "2019/07/24 17:20:57",
        "logdata": "keys2"
    },
    {
        "logtime": "2019/07/24 17:20:57",
        "logdata": "bool"
    },
    {
        "logtime": "2019/07/24 17:20:57",
        "logdata": "keys2"
    },
    {
        "logtime": "2019/07/24 17:20:57",
        "logdata": "word"
    },
    {
        "logtime": "2019/07/24 17:20:57",
        "logdata": "keys2"
    },
    {
        "logtime": "2019/07/24 17:20:57",
        "logdata": "byte"
    },
    {
        "logtime": "2019/07/24 17:20:57",
        "logdata": "keys2"
    },
    {
        "logtime": "2019/07/24 17:20:57",
        "logdata": "word"
    },
    {
        "logtime": "2019/07/24 17:20:57",
        "logdata": "keys2"
    },
    {
        "logtime": "2019/07/24 17:20:57",
        "logdata": "byte"
    },
    {
        "logtime": "2019/07/24 17:20:57",
        "logdata": "keys2"
    },
    {
        "logtime": "2019/07/24 17:20:57",
        "logdata": "byte"
    },
    {
        "logtime": "2019/07/24 17:20:57",
        "logdata": "keys2"
    },
    {
        "logtime": "2019/07/24 17:20:57",
        "logdata": "byte"
    },
    {
        "logtime": "2019/07/24 17:20:57",
        "logdata": "keys2"
    },
    {
        "logtime": "2019/07/24 17:20:57",
        "logdata": "byte"
    },
    {
        "logtime": "2019/07/24 17:20:57",
        "logdata": "keys2"
    },
    {
        "logtime": "2019/07/24 17:20:57",
        "logdata": "byte"
    },
    {
        "logtime": "2019/07/24 17:20:57",
        "logdata": "keys2"
    },
    {
        "logtime": "2019/07/24 17:20:57",
        "logdata": "byte"
    },
    {
        "logtime": "2019/07/24 17:20:57",
        "logdata": "keys2"
    },
    {
        "logtime": "2019/07/24 17:20:57",
        "logdata": "byte"
    },
    {
        "logtime": "2019/07/24 17:20:57",
        "logdata": "keys2"
    },
    {
        "logtime": "2019/07/24 17:20:57",
        "logdata": "table"
    },
    {
        "logtime": "2019/07/24 17:20:57",
        "logdata": "keys2"
    },
    {
        "logtime": "2019/07/24 17:20:57",
        "logdata": "byte"
    },
    {
        "logtime": "2019/07/24 17:20:57",
        "logdata": "keys2"
    },
    {
        "logtime": "2019/07/24 17:20:57",
        "logdata": "byte"
    },
    {
        "logtime": "2019/07/24 17:20:57",
        "logdata": "keys2"
    },
    {
        "logtime": "2019/07/24 17:20:57",
        "logdata": "byte"
    },
    {
        "logtime": "2019/07/24 17:20:57",
        "logdata": "keys2"
    },
    {
        "logtime": "2019/07/24 17:20:57",
        "logdata": "word"
    },
    {
        "logtime": "2019/07/24 17:20:57",
        "logdata": "keys2"
    },
    {
        "logtime": "2019/07/24 17:20:57",
        "logdata": "byte"
    },
    {
        "logtime": "2019/07/24 17:20:57",
        "logdata": "keys2"
    },
    {
        "logtime": "2019/07/24 17:20:57",
        "logdata": "byte"
    },
    {
        "logtime": "2019/07/24 17:20:57",
        "logdata": "keys2"
    },
    {
        "logtime": "2019/07/24 17:20:57",
        "logdata": "byte"
    },
    {
        "logtime": "2019/07/24 17:20:57",
        "logdata": "keys2"
    },
    {
        "logtime": "2019/07/24 17:20:57",
        "logdata": "word"
    },
    {
        "logtime": "2019/07/24 17:20:57",
        "logdata": "keys2"
    },
    {
        "logtime": "2019/07/24 17:20:57",
        "logdata": "byte"
    },
    {
        "logtime": "2019/07/24 17:20:57",
        "logdata": "keys2"
    },
    {
        "logtime": "2019/07/24 17:20:57",
        "logdata": "byte"
    },
    {
        "logtime": "2019/07/24 17:20:57",
        "logdata": "keys2"
    },
    {
        "logtime": "2019/07/24 17:20:57",
        "logdata": "byte"
    },
    {
        "logtime": "2019/07/24 17:20:57",
        "logdata": "keys2"
    },
    {
        "logtime": "2019/07/24 17:20:57",
        "logdata": "word"
    },
    {
        "logtime": "2019/07/24 17:20:57",
        "logdata": "keys2"
    },
    {
        "logtime": "2019/07/24 17:20:57",
        "logdata": "byte"
    },
    {
        "logtime": "2019/07/24 17:20:57",
        "logdata": "keys2"
    },
    {
        "logtime": "2019/07/24 17:20:57",
        "logdata": "byte"
    },
    {
        "logtime": "2019/07/24 17:20:57",
        "logdata": "keys2"
    },
    {
        "logtime": "2019/07/24 17:20:57",
        "logdata": "byte"
    },
    {
        "logtime": "2019/07/24 17:20:57",
        "logdata": "keys2"
    },
    {
        "logtime": "2019/07/24 17:20:57",
        "logdata": "word"
    },
    {
        "logtime": "2019/07/24 17:20:57",
        "logdata": "keys2"
    },
    {
        "logtime": "2019/07/24 17:20:57",
        "logdata": "byte"
    },
    {
        "logtime": "2019/07/24 17:20:57",
        "logdata": "keys2"
    },
    {
        "logtime": "2019/07/24 17:20:57",
        "logdata": "byte"
    },
    {
        "logtime": "2019/07/24 17:20:57",
        "logdata": "keys2"
    },
    {
        "logtime": "2019/07/24 17:20:57",
        "logdata": "byte"
    },
    {
        "logtime": "2019/07/24 17:20:57",
        "logdata": "keys2"
    },
    {
        "logtime": "2019/07/24 17:20:57",
        "logdata": "word"
    },
    {
        "logtime": "2019/07/24 17:20:57",
        "logdata": "keys2"
    },
    {
        "logtime": "2019/07/24 17:20:57",
        "logdata": "byte"
    },
    {
        "logtime": "2019/07/24 17:20:57",
        "logdata": "keys2"
    },
    {
        "logtime": "2019/07/24 17:20:57",
        "logdata": "byte"
    },
    {
        "logtime": "2019/07/24 17:20:57",
        "logdata": "keys2"
    },
    {
        "logtime": "2019/07/24 17:20:57",
        "logdata": "byte"
    },
    {
        "logtime": "2019/07/24 17:20:57",
        "logdata": "keys2"
    },
    {
        "logtime": "2019/07/24 17:20:57",
        "logdata": "word"
    },
    {
        "logtime": "2019/07/24 17:20:57",
        "logdata": "keys2"
    },
    {
        "logtime": "2019/07/24 17:20:57",
        "logdata": "byte"
    },
    {
        "logtime": "2019/07/24 17:20:57",
        "logdata": "keys2"
    },
    {
        "logtime": "2019/07/24 17:20:57",
        "logdata": "byte"
    },
    {
        "logtime": "2019/07/24 17:20:57",
        "logdata": "keys2"
    },
    {
        "logtime": "2019/07/24 17:20:57",
        "logdata": "byte"
    },
    {
        "logtime": "2019/07/24 17:20:57",
        "logdata": "keys2"
    },
    {
        "logtime": "2019/07/24 17:20:57",
        "logdata": "word"
    },
    {
        "logtime": "2019/07/24 17:20:57",
        "logdata": "keys2"
    },
    {
        "logtime": "2019/07/24 17:20:57",
        "logdata": "byte"
    },
    {
        "logtime": "2019/07/24 17:20:57",
        "logdata": "keys2"
    },
    {
        "logtime": "2019/07/24 17:20:57",
        "logdata": "byte"
    },
    {
        "logtime": "2019/07/24 17:20:57",
        "logdata": "keys2"
    },
    {
        "logtime": "2019/07/24 17:20:57",
        "logdata": "byte"
    },
    {
        "logtime": "2019/07/24 17:20:57",
        "logdata": "keys2"
    },
    {
        "logtime": "2019/07/24 17:20:57",
        "logdata": "word"
    },
    {
        "logtime": "2019/07/24 17:20:57",
        "logdata": "keys2"
    },
    {
        "logtime": "2019/07/24 17:20:57",
        "logdata": "byte"
    },
    {
        "logtime": "2019/07/24 17:20:57",
        "logdata": "keys2"
    },
    {
        "logtime": "2019/07/24 17:20:57",
        "logdata": "byte"
    },
    {
        "logtime": "2019/07/24 17:20:57",
        "logdata": "keys2"
    },
    {
        "logtime": "2019/07/24 17:20:57",
        "logdata": "byte"
    },
    {
        "logtime": "2019/07/24 17:20:57",
        "logdata": "keys2"
    },
    {
        "logtime": "2019/07/24 17:20:57",
        "logdata": "word"
    },
    {
        "logtime": "2019/07/24 17:20:57",
        "logdata": "keys2"
    },
    {
        "logtime": "2019/07/24 17:20:57",
        "logdata": "byte"
    },
    {
        "logtime": "2019/07/24 17:20:57",
        "logdata": "keys2"
    },
    {
        "logtime": "2019/07/24 17:20:57",
        "logdata": "byte"
    },
    {
        "logtime": "2019/07/24 17:20:57",
        "logdata": "keys2"
    },
    {
        "logtime": "2019/07/24 17:20:57",
        "logdata": "byte"
    },
    {
        "logtime": "2019/07/24 17:20:57",
        "logdata": "keys2"
    },
    {
        "logtime": "2019/07/24 17:20:57",
        "logdata": "word"
    },
    {
        "logtime": "2019/07/24 17:20:57",
        "logdata": "keys2"
    },
    {
        "logtime": "2019/07/24 17:20:57",
        "logdata": "byte"
    },
    {
        "logtime": "2019/07/24 17:20:57",
        "logdata": "keys2"
    },
    {
        "logtime": "2019/07/24 17:20:57",
        "logdata": "byte"
    },
    {
        "logtime": "2019/07/24 17:20:57",
        "logdata": "keys2"
    },
    {
        "logtime": "2019/07/24 17:20:57",
        "logdata": "byte"
    },
    {
        "logtime": "2019/07/24 17:20:57",
        "logdata": "keys2"
    },
    {
        "logtime": "2019/07/24 17:20:57",
        "logdata": "word"
    },
    {
        "logtime": "2019/07/24 17:20:57",
        "logdata": "keys2"
    },
    {
        "logtime": "2019/07/24 17:20:57",
        "logdata": "byte"
    },
    {
        "logtime": "2019/07/24 17:20:57",
        "logdata": "keys2"
    },
    {
        "logtime": "2019/07/24 17:20:57",
        "logdata": "byte"
    },
    {
        "logtime": "2019/07/24 17:20:57",
        "logdata": "keys2"
    },
    {
        "logtime": "2019/07/24 17:20:57",
        "logdata": "byte"
    },
    {
        "logtime": "2019/07/24 17:20:57",
        "logdata": "keys2"
    },
    {
        "logtime": "2019/07/24 17:20:57",
        "logdata": "word"
    },
    {
        "logtime": "2019/07/24 17:20:57",
        "logdata": "keys2"
    },
    {
        "logtime": "2019/07/24 17:20:57",
        "logdata": "byte"
    },
    {
        "logtime": "2019/07/24 17:20:57",
        "logdata": "keys2"
    },
    {
        "logtime": "2019/07/24 17:20:57",
        "logdata": "byte"
    },
    {
        "logtime": "2019/07/24 17:20:57",
        "logdata": "keys2"
    },
    {
        "logtime": "2019/07/24 17:20:57",
        "logdata": "byte"
    },
    {
        "logtime": "2019/07/24 17:20:57",
        "logdata": "keys2"
    },
    {
        "logtime": "2019/07/24 17:20:57",
        "logdata": "word"
    },
    {
        "logtime": "2019/07/24 17:20:57",
        "logdata": "keys2"
    },
    {
        "logtime": "2019/07/24 17:20:57",
        "logdata": "byte"
    },
    {
        "logtime": "2019/07/24 17:20:57",
        "logdata": "keys2"
    },
    {
        "logtime": "2019/07/24 17:20:57",
        "logdata": "byte"
    },
    {
        "logtime": "2019/07/24 17:20:57",
        "logdata": "keys2"
    },
    {
        "logtime": "2019/07/24 17:20:57",
        "logdata": "byte"
    },
    {
        "logtime": "2019/07/24 17:20:57",
        "logdata": "keys2"
    },
    {
        "logtime": "2019/07/24 17:20:57",
        "logdata": "word"
    },
    {
        "logtime": "2019/07/24 17:20:57",
        "logdata": "keys2"
    },
    {
        "logtime": "2019/07/24 17:20:57",
        "logdata": "byte"
    },
    {
        "logtime": "2019/07/24 17:20:57",
        "logdata": "keys2"
    },
    {
        "logtime": "2019/07/24 17:20:57",
        "logdata": "byte"
    },
    {
        "logtime": "2019/07/24 17:20:57",
        "logdata": "keys2"
    },
    {
        "logtime": "2019/07/24 17:20:57",
        "logdata": "byte"
    },
    {
        "logtime": "2019/07/24 17:20:57",
        "logdata": "keys2"
    },
    {
        "logtime": "2019/07/24 17:20:57",
        "logdata": "word"
    },
    {
        "logtime": "2019/07/24 17:20:57",
        "logdata": "keys2"
    },
    {
        "logtime": "2019/07/24 17:20:58",
        "logdata": "byte"
    },
    {
        "logtime": "2019/07/24 17:20:58",
        "logdata": "keys2"
    },
    {
        "logtime": "2019/07/24 17:20:58",
        "logdata": "byte"
    },
    {
        "logtime": "2019/07/24 17:20:58",
        "logdata": "keys2"
    },
    {
        "logtime": "2019/07/24 17:20:58",
        "logdata": "byte"
    },
    {
        "logtime": "2019/07/24 17:20:58",
        "logdata": "keys2"
    },
    {
        "logtime": "2019/07/24 17:20:58",
        "logdata": "word"
    },
    {
        "logtime": "2019/07/24 17:20:58",
        "logdata": "keys2"
    },
    {
        "logtime": "2019/07/24 17:20:58",
        "logdata": "word"
    },
    {
        "logtime": "2019/07/24 17:20:58",
        "logdata": "keys2"
    },
    {
        "logtime": "2019/07/24 17:20:58",
        "logdata": "word"
    },
    {
        "logtime": "2019/07/24 17:20:58",
        "logdata": "keys2"
    },
    {
        "logtime": "2019/07/24 17:20:58",
        "logdata": "byte"
    },
    {
        "logtime": "2019/07/24 17:20:58",
        "logdata": "keys2"
    },
    {
        "logtime": "2019/07/24 17:20:58",
        "logdata": "score"
    },
    {
        "logtime": "2019/07/24 17:20:58",
        "logdata": "keys2"
    },
    {
        "logtime": "2019/07/24 17:20:58",
        "logdata": "score"
    },
    {
        "logtime": "2019/07/24 17:20:58",
        "logdata": "keys2"
    },
    {
        "logtime": "2019/07/24 17:20:58",
        "logdata": "byte"
    },
    {
        "logtime": "2019/07/24 17:20:58",
        "logdata": "keys2"
    },
    {
        "logtime": "2019/07/24 17:20:58",
        "logdata": "byte"
    },
    {
        "logtime": "2019/07/24 17:20:58",
        "logdata": "keys2"
    },
    {
        "logtime": "2019/07/24 17:20:58",
        "logdata": "byte"
    },
    {
        "logtime": "2019/07/24 17:20:58",
        "logdata": "keys2"
    },
    {
        "logtime": "2019/07/24 17:20:58",
        "logdata": "byte"
    },
    {
        "logtime": "2019/07/24 17:20:58",
        "logdata": "keys2"
    },
    {
        "logtime": "2019/07/24 17:20:58",
        "logdata": "table"
    },
    {
        "logtime": "2019/07/24 17:20:58",
        "logdata": "keys2"
    },
    {
        "logtime": "2019/07/24 17:20:58",
        "logdata": "int"
    },
    {
        "logtime": "2019/07/24 17:20:58",
        "logdata": "keys2"
    },
    {
        "logtime": "2019/07/24 17:20:58",
        "logdata": "score"
    },
    {
        "logtime": "2019/07/24 17:20:58",
        "logdata": "keys2"
    },
    {
        "logtime": "2019/07/24 17:20:58",
        "logdata": "score"
    },
    {
        "logtime": "2019/07/24 17:20:58",
        "logdata": "keys2"
    },
    {
        "logtime": "2019/07/24 17:20:58",
        "logdata": "bool"
    },
    {
        "logtime": "2019/07/24 17:20:58",
        "logdata": "keys2"
    },
    {
        "logtime": "2019/07/24 17:20:58",
        "logdata": "int"
    },
    {
        "logtime": "2019/07/24 17:20:58",
        "logdata": "keys2"
    },
    {
        "logtime": "2019/07/24 17:20:58",
        "logdata": "score"
    },
    {
        "logtime": "2019/07/24 17:20:58",
        "logdata": "keys2"
    },
    {
        "logtime": "2019/07/24 17:20:58",
        "logdata": "score"
    },
    {
        "logtime": "2019/07/24 17:20:58",
        "logdata": "keys2"
    },
    {
        "logtime": "2019/07/24 17:20:58",
        "logdata": "bool"
    },
    {
        "logtime": "2019/07/24 17:20:58",
        "logdata": "keys2"
    },
    {
        "logtime": "2019/07/24 17:20:58",
        "logdata": "int"
    },
    {
        "logtime": "2019/07/24 17:20:58",
        "logdata": "keys2"
    },
    {
        "logtime": "2019/07/24 17:20:58",
        "logdata": "score"
    },
    {
        "logtime": "2019/07/24 17:20:58",
        "logdata": "keys2"
    },
    {
        "logtime": "2019/07/24 17:20:58",
        "logdata": "score"
    },
    {
        "logtime": "2019/07/24 17:20:58",
        "logdata": "keys2"
    },
    {
        "logtime": "2019/07/24 17:20:58",
        "logdata": "bool"
    },
    {
        "logtime": "2019/07/24 17:20:58",
        "logdata": "keys2"
    },
    {
        "logtime": "2019/07/24 17:20:58",
        "logdata": "int"
    },
    {
        "logtime": "2019/07/24 17:20:58",
        "logdata": "keys2"
    },
    {
        "logtime": "2019/07/24 17:20:58",
        "logdata": "score"
    },
    {
        "logtime": "2019/07/24 17:20:58",
        "logdata": "keys2"
    },
    {
        "logtime": "2019/07/24 17:20:58",
        "logdata": "score"
    },
    {
        "logtime": "2019/07/24 17:20:58",
        "logdata": "keys2"
    },
    {
        "logtime": "2019/07/24 17:20:58",
        "logdata": "bool"
    },
    {
        "logtime": "2019/07/24 17:20:58",
        "logdata": "keys2"
    },
    {
        "logtime": "2019/07/24 17:20:58",
        "logdata": "int"
    },
    {
        "logtime": "2019/07/24 17:20:58",
        "logdata": "keys2"
    },
    {
        "logtime": "2019/07/24 17:20:58",
        "logdata": "score"
    },
    {
        "logtime": "2019/07/24 17:20:58",
        "logdata": "keys2"
    },
    {
        "logtime": "2019/07/24 17:20:58",
        "logdata": "score"
    },
    {
        "logtime": "2019/07/24 17:20:58",
        "logdata": "keys2"
    },
    {
        "logtime": "2019/07/24 17:20:58",
        "logdata": "bool"
    },
    {
        "logtime": "2019/07/24 17:20:58",
        "logdata": "keys2"
    },
    {
        "logtime": "2019/07/24 17:20:58",
        "logdata": "int"
    },
    {
        "logtime": "2019/07/24 17:20:58",
        "logdata": "keys2"
    },
    {
        "logtime": "2019/07/24 17:20:58",
        "logdata": "score"
    },
    {
        "logtime": "2019/07/24 17:20:58",
        "logdata": "keys2"
    },
    {
        "logtime": "2019/07/24 17:20:58",
        "logdata": "score"
    },
    {
        "logtime": "2019/07/24 17:20:58",
        "logdata": "keys2"
    },
    {
        "logtime": "2019/07/24 17:20:58",
        "logdata": "bool"
    },
    {
        "logtime": "2019/07/24 17:20:58",
        "logdata": "keys2"
    },
    {
        "logtime": "2019/07/24 17:20:58",
        "logdata": "int"
    },
    {
        "logtime": "2019/07/24 17:20:58",
        "logdata": "keys2"
    },
    {
        "logtime": "2019/07/24 17:20:58",
        "logdata": "score"
    },
    {
        "logtime": "2019/07/24 17:20:58",
        "logdata": "keys2"
    },
    {
        "logtime": "2019/07/24 17:20:58",
        "logdata": "score"
    },
    {
        "logtime": "2019/07/24 17:20:58",
        "logdata": "keys2"
    },
    {
        "logtime": "2019/07/24 17:20:58",
        "logdata": "bool"
    },
    {
        "logtime": "2019/07/24 17:20:58",
        "logdata": "keys2"
    },
    {
        "logtime": "2019/07/24 17:20:58",
        "logdata": "int"
    },
    {
        "logtime": "2019/07/24 17:20:58",
        "logdata": "keys2"
    },
    {
        "logtime": "2019/07/24 17:20:58",
        "logdata": "score"
    },
    {
        "logtime": "2019/07/24 17:20:58",
        "logdata": "keys2"
    },
    {
        "logtime": "2019/07/24 17:20:58",
        "logdata": "score"
    },
    {
        "logtime": "2019/07/24 17:20:58",
        "logdata": "keys2"
    },
    {
        "logtime": "2019/07/24 17:20:58",
        "logdata": "bool"
    },
    {
        "logtime": "2019/07/24 17:20:58",
        "logdata": "keys2"
    },
    {
        "logtime": "2019/07/24 17:20:58",
        "logdata": "int"
    },
    {
        "logtime": "2019/07/24 17:20:58",
        "logdata": "keys2"
    },
    {
        "logtime": "2019/07/24 17:20:58",
        "logdata": "score"
    },
    {
        "logtime": "2019/07/24 17:20:58",
        "logdata": "keys2"
    },
    {
        "logtime": "2019/07/24 17:20:58",
        "logdata": "score"
    },
    {
        "logtime": "2019/07/24 17:20:58",
        "logdata": "keys2"
    },
    {
        "logtime": "2019/07/24 17:20:58",
        "logdata": "bool"
    },
    {
        "logtime": "2019/07/24 17:20:58",
        "logdata": "keys2"
    },
    {
        "logtime": "2019/07/24 17:20:58",
        "logdata": "int"
    },
    {
        "logtime": "2019/07/24 17:20:58",
        "logdata": "keys2"
    },
    {
        "logtime": "2019/07/24 17:20:58",
        "logdata": "score"
    },
    {
        "logtime": "2019/07/24 17:20:58",
        "logdata": "keys2"
    },
    {
        "logtime": "2019/07/24 17:20:58",
        "logdata": "score"
    },
    {
        "logtime": "2019/07/24 17:20:58",
        "logdata": "keys2"
    },
    {
        "logtime": "2019/07/24 17:20:58",
        "logdata": "bool"
    },
    {
        "logtime": "2019/07/24 17:20:58",
        "logdata": "keys2"
    },
    {
        "logtime": "2019/07/24 17:20:58",
        "logdata": "int"
    },
    {
        "logtime": "2019/07/24 17:20:58",
        "logdata": "keys2"
    },
    {
        "logtime": "2019/07/24 17:20:58",
        "logdata": "score"
    },
    {
        "logtime": "2019/07/24 17:20:58",
        "logdata": "keys2"
    },
    {
        "logtime": "2019/07/24 17:20:58",
        "logdata": "score"
    },
    {
        "logtime": "2019/07/24 17:20:58",
        "logdata": "keys2"
    },
    {
        "logtime": "2019/07/24 17:20:58",
        "logdata": "bool"
    },
    {
        "logtime": "2019/07/24 17:20:58",
        "logdata": "keys2"
    },
    {
        "logtime": "2019/07/24 17:20:58",
        "logdata": "int"
    },
    {
        "logtime": "2019/07/24 17:20:58",
        "logdata": "keys2"
    },
    {
        "logtime": "2019/07/24 17:20:58",
        "logdata": "score"
    },
    {
        "logtime": "2019/07/24 17:20:58",
        "logdata": "keys2"
    },
    {
        "logtime": "2019/07/24 17:20:58",
        "logdata": "score"
    },
    {
        "logtime": "2019/07/24 17:20:58",
        "logdata": "keys2"
    },
    {
        "logtime": "2019/07/24 17:20:59",
        "logdata": "bool"
    },
    {
        "logtime": "2019/07/24 17:20:59",
        "logdata": "keys2"
    },
    {
        "logtime": "2019/07/24 17:20:59",
        "logdata": "int"
    },
    {
        "logtime": "2019/07/24 17:20:59",
        "logdata": "keys2"
    },
    {
        "logtime": "2019/07/24 17:20:59",
        "logdata": "score"
    },
    {
        "logtime": "2019/07/24 17:20:59",
        "logdata": "keys2"
    },
    {
        "logtime": "2019/07/24 17:20:59",
        "logdata": "score"
    },
    {
        "logtime": "2019/07/24 17:20:59",
        "logdata": "keys2"
    },
    {
        "logtime": "2019/07/24 17:20:59",
        "logdata": "bool"
    },
    {
        "logtime": "2019/07/24 17:20:59",
        "logdata": "keys2"
    },
    {
        "logtime": "2019/07/24 17:20:59",
        "logdata": "int"
    },
    {
        "logtime": "2019/07/24 17:20:59",
        "logdata": "keys2"
    },
    {
        "logtime": "2019/07/24 17:20:59",
        "logdata": "score"
    },
    {
        "logtime": "2019/07/24 17:20:59",
        "logdata": "keys2"
    },
    {
        "logtime": "2019/07/24 17:20:59",
        "logdata": "score"
    },
    {
        "logtime": "2019/07/24 17:20:59",
        "logdata": "keys2"
    },
    {
        "logtime": "2019/07/24 17:20:59",
        "logdata": "bool"
    },
    {
        "logtime": "2019/07/24 17:20:59",
        "logdata": "keys2"
    },
    {
        "logtime": "2019/07/24 17:20:59",
        "logdata": "int"
    },
    {
        "logtime": "2019/07/24 17:20:59",
        "logdata": "keys2"
    },
    {
        "logtime": "2019/07/24 17:20:59",
        "logdata": "score"
    },
    {
        "logtime": "2019/07/24 17:20:59",
        "logdata": "keys2"
    },
    {
        "logtime": "2019/07/24 17:20:59",
        "logdata": "score"
    },
    {
        "logtime": "2019/07/24 17:20:59",
        "logdata": "keys2"
    },
    {
        "logtime": "2019/07/24 17:20:59",
        "logdata": "bool"
    },
    {
        "logtime": "2019/07/24 17:20:59",
        "logdata": "keys2"
    },
    {
        "logtime": "2019/07/24 17:20:59",
        "logdata": "int"
    },
    {
        "logtime": "2019/07/24 17:20:59",
        "logdata": "keys2"
    },
    {
        "logtime": "2019/07/24 17:20:59",
        "logdata": "score"
    },
    {
        "logtime": "2019/07/24 17:20:59",
        "logdata": "keys2"
    },
    {
        "logtime": "2019/07/24 17:20:59",
        "logdata": "score"
    },
    {
        "logtime": "2019/07/24 17:20:59",
        "logdata": "keys2"
    },
    {
        "logtime": "2019/07/24 17:20:59",
        "logdata": "bool"
    },
    {
        "logtime": "2019/07/24 17:20:59",
        "logdata": "keys2"
    },
    {
        "logtime": "2019/07/24 17:20:59",
        "logdata": "int"
    },
    {
        "logtime": "2019/07/24 17:20:59",
        "logdata": "keys2"
    },
    {
        "logtime": "2019/07/24 17:20:59",
        "logdata": "score"
    },
    {
        "logtime": "2019/07/24 17:20:59",
        "logdata": "keys2"
    },
    {
        "logtime": "2019/07/24 17:20:59",
        "logdata": "score"
    },
    {
        "logtime": "2019/07/24 17:20:59",
        "logdata": "keys2"
    },
    {
        "logtime": "2019/07/24 17:20:59",
        "logdata": "bool"
    },
    {
        "logtime": "2019/07/24 17:20:59",
        "logdata": "keys2"
    },
    {
        "logtime": "2019/07/24 17:20:59",
        "logdata": "int"
    },
    {
        "logtime": "2019/07/24 17:20:59",
        "logdata": "keys2"
    },
    {
        "logtime": "2019/07/24 17:20:59",
        "logdata": "score"
    },
    {
        "logtime": "2019/07/24 17:20:59",
        "logdata": "keys2"
    },
    {
        "logtime": "2019/07/24 17:20:59",
        "logdata": "score"
    },
    {
        "logtime": "2019/07/24 17:20:59",
        "logdata": "keys2"
    },
    {
        "logtime": "2019/07/24 17:20:59",
        "logdata": "bool"
    },
    {
        "logtime": "2019/07/24 17:20:59",
        "logdata": "keys2"
    },
    {
        "logtime": "2019/07/24 17:20:59",
        "logdata": "int"
    },
    {
        "logtime": "2019/07/24 17:20:59",
        "logdata": "keys2"
    },
    {
        "logtime": "2019/07/24 17:20:59",
        "logdata": "score"
    },
    {
        "logtime": "2019/07/24 17:20:59",
        "logdata": "keys2"
    },
    {
        "logtime": "2019/07/24 17:20:59",
        "logdata": "score"
    },
    {
        "logtime": "2019/07/24 17:20:59",
        "logdata": "keys2"
    },
    {
        "logtime": "2019/07/24 17:20:59",
        "logdata": "bool"
    },
    {
        "logtime": "2019/07/24 17:20:59",
        "logdata": "keys2"
    },
    {
        "logtime": "2019/07/24 17:20:59",
        "logdata": "int"
    },
    {
        "logtime": "2019/07/24 17:20:59",
        "logdata": "keys2"
    },
    {
        "logtime": "2019/07/24 17:20:59",
        "logdata": "score"
    },
    {
        "logtime": "2019/07/24 17:20:59",
        "logdata": "keys2"
    },
    {
        "logtime": "2019/07/24 17:20:59",
        "logdata": "score"
    },
    {
        "logtime": "2019/07/24 17:20:59",
        "logdata": "keys2"
    },
    {
        "logtime": "2019/07/24 17:20:59",
        "logdata": "bool"
    },
    {
        "logtime": "2019/07/24 17:20:59",
        "logdata": "keys2"
    },
    {
        "logtime": "2019/07/24 17:20:59",
        "logdata": "int"
    },
    {
        "logtime": "2019/07/24 17:20:59",
        "logdata": "keys2"
    },
    {
        "logtime": "2019/07/24 17:20:59",
        "logdata": "score"
    },
    {
        "logtime": "2019/07/24 17:20:59",
        "logdata": "keys2"
    },
    {
        "logtime": "2019/07/24 17:20:59",
        "logdata": "score"
    },
    {
        "logtime": "2019/07/24 17:20:59",
        "logdata": "keys2"
    },
    {
        "logtime": "2019/07/24 17:20:59",
        "logdata": "bool"
    },
    {
        "logtime": "2019/07/24 17:20:59",
        "logdata": "keys2"
    },
    {
        "logtime": "2019/07/24 17:20:59",
        "logdata": "int"
    },
    {
        "logtime": "2019/07/24 17:20:59",
        "logdata": "keys2"
    },
    {
        "logtime": "2019/07/24 17:20:59",
        "logdata": "score"
    },
    {
        "logtime": "2019/07/24 17:20:59",
        "logdata": "keys2"
    },
    {
        "logtime": "2019/07/24 17:20:59",
        "logdata": "score"
    },
    {
        "logtime": "2019/07/24 17:20:59",
        "logdata": "keys2"
    },
    {
        "logtime": "2019/07/24 17:20:59",
        "logdata": "bool"
    },
    {
        "logtime": "2019/07/24 17:20:59",
        "logdata": "keys2"
    },
    {
        "logtime": "2019/07/24 17:20:59",
        "logdata": "int"
    },
    {
        "logtime": "2019/07/24 17:20:59",
        "logdata": "keys2"
    },
    {
        "logtime": "2019/07/24 17:20:59",
        "logdata": "score"
    },
    {
        "logtime": "2019/07/24 17:20:59",
        "logdata": "keys2"
    },
    {
        "logtime": "2019/07/24 17:20:59",
        "logdata": "score"
    },
    {
        "logtime": "2019/07/24 17:20:59",
        "logdata": "keys2"
    },
    {
        "logtime": "2019/07/24 17:20:59",
        "logdata": "bool"
    },
    {
        "logtime": "2019/07/24 17:20:59",
        "logdata": "keys2"
    },
    {
        "logtime": "2019/07/24 17:20:59",
        "logdata": "int"
    },
    {
        "logtime": "2019/07/24 17:20:59",
        "logdata": "keys2"
    }
]