[
    {
        "logtime": "2019/06/17 16:33:03",
        "logdata": "LogonScene.onceExcute"
    },
    {
        "logtime": "2019/06/17 16:33:03",
        "logdata": "http://www.fuannainc.top/"
    },
    {
        "logtime": "2019/06/17 16:33:03",
        "logdata": "url"
    },
    {
        "logtime": "2019/06/17 16:33:03",
        "logdata": "http://www.fuannainc.top//ws/MobileInterface.ashx?action=GetMobileLoginNotice"
    },
    {
        "logtime": "2019/06/17 16:33:03",
        "logdata": ""
    }
]