[
    {
        "logtime": "2019/07/03 14:13:00",
        "logdata": "[string \".\\game/xiuxian/shuiguolaba/src/views/layer/Ga...\"]:952: attempt to perform arithmetic on field 'time' (a nil value)\nstack traceback:"
    },
    {
        "logtime": "2019/07/03 14:13:01",
        "logdata": "[string \".\\game/xiuxian/shuiguolaba/src/views/layer/Ga...\"]:952: attempt to perform arithmetic on field 'time' (a nil value)\nstack traceback:"
    },
    {
        "logtime": "2019/07/03 14:13:02",
        "logdata": "[string \".\\game/xiuxian/shuiguolaba/src/views/layer/Ga...\"]:952: attempt to perform arithmetic on field 'time' (a nil value)\nstack traceback:"
    },
    {
        "logtime": "2019/07/03 14:13:03",
        "logdata": "[string \".\\game/xiuxian/shuiguolaba/src/views/layer/Ga...\"]:952: attempt to perform arithmetic on field 'time' (a nil value)\nstack traceback:"
    },
    {
        "logtime": "2019/07/03 14:13:04",
        "logdata": "[string \".\\game/xiuxian/shuiguolaba/src/views/layer/Ga...\"]:952: attempt to perform arithmetic on field 'time' (a nil value)\nstack traceback:"
    },
    {
        "logtime": "2019/07/03 14:13:05",
        "logdata": "[string \".\\game/xiuxian/shuiguolaba/src/views/layer/Ga...\"]:952: attempt to perform arithmetic on field 'time' (a nil value)\nstack traceback:"
    },
    {
        "logtime": "2019/07/03 14:13:06",
        "logdata": "[string \".\\game/xiuxian/shuiguolaba/src/views/layer/Ga...\"]:952: attempt to perform arithmetic on field 'time' (a nil value)\nstack traceback:"
    },
    {
        "logtime": "2019/07/03 14:13:07",
        "logdata": "[string \".\\game/xiuxian/shuiguolaba/src/views/layer/Ga...\"]:952: attempt to perform arithmetic on field 'time' (a nil value)\nstack traceback:"
    },
    {
        "logtime": "2019/07/03 14:13:08",
        "logdata": "[string \".\\game/xiuxian/shuiguolaba/src/views/layer/Ga...\"]:952: attempt to perform arithmetic on field 'time' (a nil value)\nstack traceback:"
    },
    {
        "logtime": "2019/07/03 14:13:09",
        "logdata": "[string \".\\game/xiuxian/shuiguolaba/src/views/layer/Ga...\"]:952: attempt to perform arithmetic on field 'time' (a nil value)\nstack traceback:"
    },
    {
        "logtime": "2019/07/03 14:13:10",
        "logdata": "[string \".\\game/xiuxian/shuiguolaba/src/views/layer/Ga...\"]:952: attempt to perform arithmetic on field 'time' (a nil value)\nstack traceback:"
    },
    {
        "logtime": "2019/07/03 14:13:11",
        "logdata": "[string \".\\game/xiuxian/shuiguolaba/src/views/layer/Ga...\"]:952: attempt to perform arithmetic on field 'time' (a nil value)\nstack traceback:"
    },
    {
        "logtime": "2019/07/03 14:13:12",
        "logdata": "[string \".\\game/xiuxian/shuiguolaba/src/views/layer/Ga...\"]:952: attempt to perform arithmetic on field 'time' (a nil value)\nstack traceback:"
    },
    {
        "logtime": "2019/07/03 14:13:13",
        "logdata": "[string \".\\game/xiuxian/shuiguolaba/src/views/layer/Ga...\"]:952: attempt to perform arithmetic on field 'time' (a nil value)\nstack traceback:"
    },
    {
        "logtime": "2019/07/03 14:13:14",
        "logdata": "[string \".\\game/xiuxian/shuiguolaba/src/views/layer/Ga...\"]:952: attempt to perform arithmetic on field 'time' (a nil value)\nstack traceback:"
    },
    {
        "logtime": "2019/07/03 14:13:15",
        "logdata": "[string \".\\game/xiuxian/shuiguolaba/src/views/layer/Ga...\"]:952: attempt to perform arithmetic on field 'time' (a nil value)\nstack traceback:"
    },
    {
        "logtime": "2019/07/03 14:13:16",
        "logdata": "[string \".\\game/xiuxian/shuiguolaba/src/views/layer/Ga...\"]:952: attempt to perform arithmetic on field 'time' (a nil value)\nstack traceback:"
    },
    {
        "logtime": "2019/07/03 14:13:17",
        "logdata": "[string \".\\game/xiuxian/shuiguolaba/src/views/layer/Ga...\"]:952: attempt to perform arithmetic on field 'time' (a nil value)\nstack traceback:"
    },
    {
        "logtime": "2019/07/03 14:13:18",
        "logdata": "[string \".\\game/xiuxian/shuiguolaba/src/views/layer/Ga...\"]:952: attempt to perform arithmetic on field 'time' (a nil value)\nstack traceback:"
    },
    {
        "logtime": "2019/07/03 14:13:19",
        "logdata": "[string \".\\game/xiuxian/shuiguolaba/src/views/layer/Ga...\"]:952: attempt to perform arithmetic on field 'time' (a nil value)\nstack traceback:"
    },
    {
        "logtime": "2019/07/03 14:13:20",
        "logdata": "[string \".\\game/xiuxian/shuiguolaba/src/views/layer/Ga...\"]:952: attempt to perform arithmetic on field 'time' (a nil value)\nstack traceback:"
    },
    {
        "logtime": "2019/07/03 14:13:21",
        "logdata": "[string \".\\game/xiuxian/shuiguolaba/src/views/layer/Ga...\"]:952: attempt to perform arithmetic on field 'time' (a nil value)\nstack traceback:"
    },
    {
        "logtime": "2019/07/03 14:13:22",
        "logdata": "[string \".\\game/xiuxian/shuiguolaba/src/views/layer/Ga...\"]:952: attempt to perform arithmetic on field 'time' (a nil value)\nstack traceback:"
    },
    {
        "logtime": "2019/07/03 14:13:23",
        "logdata": "[string \".\\game/xiuxian/shuiguolaba/src/views/layer/Ga...\"]:952: attempt to perform arithmetic on field 'time' (a nil value)\nstack traceback:"
    },
    {
        "logtime": "2019/07/03 14:13:24",
        "logdata": "[string \".\\game/xiuxian/shuiguolaba/src/views/layer/Ga...\"]:952: attempt to perform arithmetic on field 'time' (a nil value)\nstack traceback:"
    },
    {
        "logtime": "2019/07/03 14:13:25",
        "logdata": "[string \".\\game/xiuxian/shuiguolaba/src/views/layer/Ga...\"]:952: attempt to perform arithmetic on field 'time' (a nil value)\nstack traceback:"
    },
    {
        "logtime": "2019/07/03 14:13:26",
        "logdata": "[string \".\\game/xiuxian/shuiguolaba/src/views/layer/Ga...\"]:952: attempt to perform arithmetic on field 'time' (a nil value)\nstack traceback:"
    },
    {
        "logtime": "2019/07/03 14:13:27",
        "logdata": "[string \".\\game/xiuxian/shuiguolaba/src/views/layer/Ga...\"]:952: attempt to perform arithmetic on field 'time' (a nil value)\nstack traceback:"
    },
    {
        "logtime": "2019/07/03 14:13:28",
        "logdata": "[string \".\\game/xiuxian/shuiguolaba/src/views/layer/Ga...\"]:952: attempt to perform arithmetic on field 'time' (a nil value)\nstack traceback:"
    },
    {
        "logtime": "2019/07/03 14:13:29",
        "logdata": "[string \".\\game/xiuxian/shuiguolaba/src/views/layer/Ga...\"]:952: attempt to perform arithmetic on field 'time' (a nil value)\nstack traceback:"
    },
    {
        "logtime": "2019/07/03 14:13:30",
        "logdata": "[string \".\\game/xiuxian/shuiguolaba/src/views/layer/Ga...\"]:952: attempt to perform arithmetic on field 'time' (a nil value)\nstack traceback:"
    },
    {
        "logtime": "2019/07/03 14:13:31",
        "logdata": "[string \".\\game/xiuxian/shuiguolaba/src/views/layer/Ga...\"]:952: attempt to perform arithmetic on field 'time' (a nil value)\nstack traceback:"
    },
    {
        "logtime": "2019/07/03 14:13:32",
        "logdata": "[string \".\\game/xiuxian/shuiguolaba/src/views/layer/Ga...\"]:952: attempt to perform arithmetic on field 'time' (a nil value)\nstack traceback:"
    },
    {
        "logtime": "2019/07/03 14:13:33",
        "logdata": "[string \".\\game/xiuxian/shuiguolaba/src/views/layer/Ga...\"]:952: attempt to perform arithmetic on field 'time' (a nil value)\nstack traceback:"
    },
    {
        "logtime": "2019/07/03 14:13:34",
        "logdata": "[string \".\\game/xiuxian/shuiguolaba/src/views/layer/Ga...\"]:952: attempt to perform arithmetic on field 'time' (a nil value)\nstack traceback:"
    },
    {
        "logtime": "2019/07/03 14:13:35",
        "logdata": "[string \".\\game/xiuxian/shuiguolaba/src/views/layer/Ga...\"]:952: attempt to perform arithmetic on field 'time' (a nil value)\nstack traceback:"
    },
    {
        "logtime": "2019/07/03 14:13:36",
        "logdata": "[string \".\\game/xiuxian/shuiguolaba/src/views/layer/Ga...\"]:952: attempt to perform arithmetic on field 'time' (a nil value)\nstack traceback:"
    },
    {
        "logtime": "2019/07/03 14:13:37",
        "logdata": "[string \".\\game/xiuxian/shuiguolaba/src/views/layer/Ga...\"]:952: attempt to perform arithmetic on field 'time' (a nil value)\nstack traceback:"
    },
    {
        "logtime": "2019/07/03 14:13:38",
        "logdata": "[string \".\\game/xiuxian/shuiguolaba/src/views/layer/Ga...\"]:952: attempt to perform arithmetic on field 'time' (a nil value)\nstack traceback:"
    },
    {
        "logtime": "2019/07/03 14:13:39",
        "logdata": "[string \".\\game/xiuxian/shuiguolaba/src/views/layer/Ga...\"]:952: attempt to perform arithmetic on field 'time' (a nil value)\nstack traceback:"
    },
    {
        "logtime": "2019/07/03 14:13:40",
        "logdata": "[string \".\\game/xiuxian/shuiguolaba/src/views/layer/Ga...\"]:952: attempt to perform arithmetic on field 'time' (a nil value)\nstack traceback:"
    },
    {
        "logtime": "2019/07/03 14:13:41",
        "logdata": "[string \".\\game/xiuxian/shuiguolaba/src/views/layer/Ga...\"]:952: attempt to perform arithmetic on field 'time' (a nil value)\nstack traceback:"
    },
    {
        "logtime": "2019/07/03 14:13:42",
        "logdata": "[string \".\\game/xiuxian/shuiguolaba/src/views/layer/Ga...\"]:952: attempt to perform arithmetic on field 'time' (a nil value)\nstack traceback:"
    },
    {
        "logtime": "2019/07/03 14:13:43",
        "logdata": "[string \".\\game/xiuxian/shuiguolaba/src/views/layer/Ga...\"]:952: attempt to perform arithmetic on field 'time' (a nil value)\nstack traceback:"
    },
    {
        "logtime": "2019/07/03 14:13:44",
        "logdata": "[string \".\\game/xiuxian/shuiguolaba/src/views/layer/Ga...\"]:952: attempt to perform arithmetic on field 'time' (a nil value)\nstack traceback:"
    },
    {
        "logtime": "2019/07/03 14:13:45",
        "logdata": "[string \".\\game/xiuxian/shuiguolaba/src/views/layer/Ga...\"]:952: attempt to perform arithmetic on field 'time' (a nil value)\nstack traceback:"
    },
    {
        "logtime": "2019/07/03 14:13:48",
        "logdata": "LogonScene.onceExcute"
    },
    {
        "logtime": "2019/07/03 14:13:48",
        "logdata": "http://www.fuannainc.top/"
    },
    {
        "logtime": "2019/07/03 14:13:48",
        "logdata": "url"
    },
    {
        "logtime": "2019/07/03 14:13:48",
        "logdata": "http://www.fuannainc.top//ws/MobileInterface.ashx?action=GetMobileLoginNotice"
    },
    {
        "logtime": "2019/07/03 14:13:48",
        "logdata": ""
    },
    {
        "logtime": "2019/07/03 14:13:52",
        "logdata": "url"
    },
    {
        "logtime": "2019/07/03 14:13:52",
        "logdata": "http://apis.juhe.cn/ip/ip2addr?ip=58.23.48.188&key=74bb0395667b8d0588df9ebd6fc36a12"
    },
    {
        "logtime": "2019/07/03 14:13:52",
        "logdata": ""
    },
    {
        "logtime": "2019/07/03 14:13:52",
        "logdata": "onLogonCallBack"
    },
    {
        "logtime": "2019/07/03 14:13:52",
        "logdata": "http://www.fuannainc.top/"
    },
    {
        "logtime": "2019/07/03 14:13:52",
        "logdata": "url"
    },
    {
        "logtime": "2019/07/03 14:13:52",
        "logdata": "http://www.fuannainc.top//WS/MobileInterface.ashx"
    },
    {
        "logtime": "2019/07/03 14:13:52",
        "logdata": "action=GetMobileShareConfig&userid=120187&time=1562134432&signature=D92D69716D16CAD48D68FF963F274EB9"
    },
    {
        "logtime": "2019/07/03 14:13:54",
        "logdata": "url"
    },
    {
        "logtime": "2019/07/03 14:13:54",
        "logdata": "http://www.fuannainc.top//WS/MobileInterface.ashx?action=GetMobileRollNotice"
    },
    {
        "logtime": "2019/07/03 14:13:54",
        "logdata": ""
    }
]