[
    {
        "logtime": "2019/08/01 11:50:26",
        "logdata": "url"
    },
    {
        "logtime": "2019/08/01 11:50:26",
        "logdata": "http://154.48.228.19/download/test//game/qipai/landnoshuffle/res/filemd5List.json"
    },
    {
        "logtime": "2019/08/01 11:50:26",
        "logdata": ""
    },
    {
        "logtime": "2019/08/01 11:50:27",
        "logdata": 11
    },
    {
        "logtime": "2019/08/01 11:50:27",
        "logdata": "url"
    },
    {
        "logtime": "2019/08/01 11:50:27",
        "logdata": "http://154.48.228.19/download/test//game/qipai/landnoshuffle/res/filemd5List.json"
    },
    {
        "logtime": "2019/08/01 11:50:27",
        "logdata": ""
    }
]