[
    {
        "logtime": "2019/07/03 11:38:09",
        "logdata": "[string \".\\game/xiuxian/shuiguolaba/src/views/layer/Ga...\"]:984: error in function 'tolua_cocos2d_Scheduler_unscheduleScriptEntry'.\n     argument #2 is 'nil'; 'number' expected.\n\nstack traceback:\n\t[string \".\\game/xiuxian/shuiguolaba/src/views/layer/Ga...\"]:984: in function 'onButtonClickedEvent'\n\t[string \".\\game/xiuxian/shuiguolaba/src/views/layer/Ga...\"]:176: in function <[string \".\\game/xiuxian/shuiguolaba/src/views/layer/Ga...\"]:167>"
    },
    {
        "logtime": "2019/07/03 11:38:14",
        "logdata": "LogonScene.onceExcute"
    },
    {
        "logtime": "2019/07/03 11:38:14",
        "logdata": "http://www.fuannainc.top/"
    },
    {
        "logtime": "2019/07/03 11:38:14",
        "logdata": "url"
    },
    {
        "logtime": "2019/07/03 11:38:14",
        "logdata": "http://www.fuannainc.top//ws/MobileInterface.ashx?action=GetMobileLoginNotice"
    },
    {
        "logtime": "2019/07/03 11:38:14",
        "logdata": ""
    },
    {
        "logtime": "2019/07/03 11:38:16",
        "logdata": "url"
    },
    {
        "logtime": "2019/07/03 11:38:16",
        "logdata": "http://apis.juhe.cn/ip/ip2addr?ip=58.23.48.188&key=74bb0395667b8d0588df9ebd6fc36a12"
    },
    {
        "logtime": "2019/07/03 11:38:16",
        "logdata": ""
    },
    {
        "logtime": "2019/07/03 11:38:16",
        "logdata": "onLogonCallBack"
    },
    {
        "logtime": "2019/07/03 11:38:16",
        "logdata": "http://www.fuannainc.top/"
    },
    {
        "logtime": "2019/07/03 11:38:16",
        "logdata": "url"
    },
    {
        "logtime": "2019/07/03 11:38:16",
        "logdata": "http://www.fuannainc.top//WS/MobileInterface.ashx"
    },
    {
        "logtime": "2019/07/03 11:38:16",
        "logdata": "action=GetMobileShareConfig&userid=120187&time=1562125096&signature=F4490234774919D00F42BE9D2C0FC154"
    },
    {
        "logtime": "2019/07/03 11:38:18",
        "logdata": "url"
    },
    {
        "logtime": "2019/07/03 11:38:18",
        "logdata": "http://www.fuannainc.top//WS/MobileInterface.ashx?action=GetMobileRollNotice"
    },
    {
        "logtime": "2019/07/03 11:38:18",
        "logdata": ""
    },
    {
        "logtime": "2019/07/03 11:38:20",
        "logdata": "url"
    },
    {
        "logtime": "2019/07/03 11:38:20",
        "logdata": "http://apis.juhe.cn/ip/ip2addr?ip=58.23.48.188&key=74bb0395667b8d0588df9ebd6fc36a12"
    },
    {
        "logtime": "2019/07/03 11:38:20",
        "logdata": ""
    },
    {
        "logtime": "2019/07/03 11:38:20",
        "logdata": "url"
    },
    {
        "logtime": "2019/07/03 11:38:20",
        "logdata": "http://apis.juhe.cn/ip/ip2addr?ip=58.23.48.188&key=74bb0395667b8d0588df9ebd6fc36a12"
    },
    {
        "logtime": "2019/07/03 11:38:20",
        "logdata": ""
    },
    {
        "logtime": "2019/07/03 11:38:20",
        "logdata": "url"
    },
    {
        "logtime": "2019/07/03 11:38:20",
        "logdata": "http://apis.juhe.cn/ip/ip2addr?ip=58.23.48.188&key=74bb0395667b8d0588df9ebd6fc36a12"
    },
    {
        "logtime": "2019/07/03 11:38:20",
        "logdata": ""
    },
    {
        "logtime": "2019/07/03 11:38:20",
        "logdata": "url"
    },
    {
        "logtime": "2019/07/03 11:38:20",
        "logdata": "http://apis.juhe.cn/ip/ip2addr?ip=58.23.48.188&key=74bb0395667b8d0588df9ebd6fc36a12"
    },
    {
        "logtime": "2019/07/03 11:38:20",
        "logdata": ""
    },
    {
        "logtime": "2019/07/03 11:38:20",
        "logdata": {
            "_ServerResVersion": 10,
            "_Active": true,
            "_KindVersion": "101122049",
            "_KindType": 1,
            "_Module": "xiuxian/shuiguolaba/",
            "_KindID": "406",
            "_Type": "xiuxian",
            "_KindName": "xiuxian.shuiguolaba.",
            "nEnterRoomIndex": 1,
            "_SortId": 0
        }
    },
    {
        "logtime": "2019/07/03 11:38:20",
        "logdata": "modulestr"
    },
    {
        "logtime": "2019/07/03 11:38:20",
        "logdata": "xiuxian/shuiguolaba/"
    },
    {
        "logtime": "2019/07/03 11:38:24",
        "logdata": null
    },
    {
        "logtime": "2019/07/03 11:38:24",
        "logdata": "onEnterGame"
    },
    {
        "logtime": "2019/07/03 11:38:24",
        "logdata": {
            "_ServerResVersion": 10,
            "_Active": true,
            "_KindVersion": "101122049",
            "_KindType": 1,
            "_Module": "xiuxian/shuiguolaba/",
            "_KindID": "406",
            "_Type": "xiuxian",
            "_KindName": "xiuxian.shuiguolaba.",
            "nEnterRoomIndex": 1,
            "_SortId": 0
        }
    },
    {
        "logtime": "2019/07/03 11:38:24",
        "logdata": "GlobalUserItem.getCurGameKind()"
    },
    {
        "logtime": "2019/07/03 11:38:24",
        "logdata": 406
    },
    {
        "logtime": "2019/07/03 11:38:28",
        "logdata": "url"
    },
    {
        "logtime": "2019/07/03 11:38:28",
        "logdata": "http://apis.juhe.cn/ip/ip2addr?ip=58.23.48.188&key=74bb0395667b8d0588df9ebd6fc36a12"
    },
    {
        "logtime": "2019/07/03 11:38:28",
        "logdata": ""
    },
    {
        "logtime": "2019/07/03 11:38:28",
        "logdata": "url"
    },
    {
        "logtime": "2019/07/03 11:38:28",
        "logdata": "http://apis.juhe.cn/ip/ip2addr?ip=58.23.48.188&key=74bb0395667b8d0588df9ebd6fc36a12"
    },
    {
        "logtime": "2019/07/03 11:38:28",
        "logdata": ""
    },
    {
        "logtime": "2019/07/03 11:38:28",
        "logdata": "url"
    },
    {
        "logtime": "2019/07/03 11:38:28",
        "logdata": "http://apis.juhe.cn/ip/ip2addr?ip=58.23.48.188&key=74bb0395667b8d0588df9ebd6fc36a12"
    },
    {
        "logtime": "2019/07/03 11:38:28",
        "logdata": ""
    },
    {
        "logtime": "2019/07/03 11:38:28",
        "logdata": "url"
    },
    {
        "logtime": "2019/07/03 11:38:28",
        "logdata": "http://apis.juhe.cn/ip/ip2addr?ip=58.23.48.188&key=74bb0395667b8d0588df9ebd6fc36a12"
    },
    {
        "logtime": "2019/07/03 11:38:28",
        "logdata": ""
    },
    {
        "logtime": "2019/07/03 11:38:28",
        "logdata": {
            "_ServerResVersion": 10,
            "_Active": true,
            "_KindVersion": "101122049",
            "_KindType": 1,
            "_Module": "xiuxian/shuiguolaba/",
            "_KindID": "406",
            "_Type": "xiuxian",
            "nSitChair": 65535,
            "_KindName": "xiuxian.shuiguolaba.",
            "nEnterRoomIndex": 1,
            "nSitTable": 65535,
            "_SortId": 0
        }
    },
    {
        "logtime": "2019/07/03 11:38:28",
        "logdata": "modulestr"
    },
    {
        "logtime": "2019/07/03 11:38:28",
        "logdata": "xiuxian/shuiguolaba/"
    }
]