[
    {
        "logtime": "2019/05/14 16:29:06",
        "logdata": "LogonScene.onceExcute"
    },
    {
        "logtime": "2019/05/14 16:29:06",
        "logdata": "http://www.fuannainc.top/"
    },
    {
        "logtime": "2019/05/14 16:29:07",
        "logdata": "url"
    },
    {
        "logtime": "2019/05/14 16:29:07",
        "logdata": "http://www.fuannainc.top//ws/MobileInterface.ashx?action=GetMobileLoginNotice"
    },
    {
        "logtime": "2019/05/14 16:29:07",
        "logdata": ""
    },
    {
        "logtime": "2019/05/14 16:29:12",
        "logdata": "url"
    },
    {
        "logtime": "2019/05/14 16:29:12",
        "logdata": "http://apis.juhe.cn/ip/ip2addr?ip=183.53.107.103&key=74bb0395667b8d0588df9ebd6fc36a12"
    },
    {
        "logtime": "2019/05/14 16:29:12",
        "logdata": ""
    },
    {
        "logtime": "2019/05/14 16:29:12",
        "logdata": "onLogonCallBack"
    },
    {
        "logtime": "2019/05/14 16:29:12",
        "logdata": "http://www.fuannainc.top/"
    },
    {
        "logtime": "2019/05/14 16:29:12",
        "logdata": "url"
    },
    {
        "logtime": "2019/05/14 16:29:12",
        "logdata": "http://www.fuannainc.top//WS/MobileInterface.ashx"
    },
    {
        "logtime": "2019/05/14 16:29:12",
        "logdata": "action=GetMobileShareConfig&userid=120795&time=1557822552&signature=EB5A7C53F938F46D9FA5C13529585147"
    },
    {
        "logtime": "2019/05/14 16:29:15",
        "logdata": "url"
    },
    {
        "logtime": "2019/05/14 16:29:15",
        "logdata": "http://www.fuannainc.top//WS/MobileInterface.ashx?action=GetMobileRollNotice"
    },
    {
        "logtime": "2019/05/14 16:29:15",
        "logdata": ""
    },
    {
        "logtime": "2019/05/14 16:29:39",
        "logdata": null
    },
    {
        "logtime": "2019/05/14 16:29:39",
        "logdata": "onEnterGame"
    },
    {
        "logtime": "2019/05/14 16:29:39",
        "logdata": {
            "_ServerResVersion": 4,
            "_Active": false,
            "_KindVersion": "101122049",
            "_KindType": 2,
            "_Module": "xiuxian/zhongfabai/",
            "_KindID": "105",
            "_Type": "xiuxian",
            "_KindName": "xiuxian.zhongfabai.",
            "_SortId": 8
        }
    },
    {
        "logtime": "2019/05/14 16:29:47",
        "logdata": "LogonScene.onceExcute"
    },
    {
        "logtime": "2019/05/14 16:29:47",
        "logdata": "http://www.fuannainc.top/"
    },
    {
        "logtime": "2019/05/14 16:29:47",
        "logdata": "url"
    },
    {
        "logtime": "2019/05/14 16:29:47",
        "logdata": "http://www.fuannainc.top//ws/MobileInterface.ashx?action=GetMobileLoginNotice"
    },
    {
        "logtime": "2019/05/14 16:29:47",
        "logdata": ""
    },
    {
        "logtime": "2019/05/14 16:29:57",
        "logdata": "LogonScene.onceExcute"
    },
    {
        "logtime": "2019/05/14 16:29:57",
        "logdata": "http://www.fuannainc.top/"
    },
    {
        "logtime": "2019/05/14 16:29:58",
        "logdata": "url"
    },
    {
        "logtime": "2019/05/14 16:29:58",
        "logdata": "http://www.fuannainc.top//ws/MobileInterface.ashx?action=GetMobileLoginNotice"
    },
    {
        "logtime": "2019/05/14 16:29:58",
        "logdata": ""
    }
]