[
    {
        "logtime": "2009/01/01 08:37:35",
        "logdata": "LogonScene.onceExcute"
    },
    {
        "logtime": "2009/01/01 08:37:35",
        "logdata": "http://www.fuannainc.top/"
    },
    {
        "logtime": "2009/01/01 08:37:36",
        "logdata": "url"
    },
    {
        "logtime": "2009/01/01 08:37:36",
        "logdata": "http://www.fuannainc.top//ws/MobileInterface.ashx?action=GetMobileLoginNotice"
    },
    {
        "logtime": "2009/01/01 08:37:36",
        "logdata": ""
    }
]