[
    {
        "logtime": "2019/07/02 19:54:21",
        "logdata": "LogonScene.onceExcute"
    },
    {
        "logtime": "2019/07/02 19:54:21",
        "logdata": "http://www.fuannainc.top/"
    },
    {
        "logtime": "2019/07/02 19:54:21",
        "logdata": "url"
    },
    {
        "logtime": "2019/07/02 19:54:21",
        "logdata": "http://www.fuannainc.top//ws/MobileInterface.ashx?action=GetMobileLoginNotice"
    },
    {
        "logtime": "2019/07/02 19:54:21",
        "logdata": ""
    },
    {
        "logtime": "2019/07/02 19:54:23",
        "logdata": "url"
    },
    {
        "logtime": "2019/07/02 19:54:23",
        "logdata": "http://apis.juhe.cn/ip/ip2addr?ip=58.23.48.188&key=74bb0395667b8d0588df9ebd6fc36a12"
    },
    {
        "logtime": "2019/07/02 19:54:23",
        "logdata": ""
    },
    {
        "logtime": "2019/07/02 19:54:23",
        "logdata": "onLogonCallBack"
    },
    {
        "logtime": "2019/07/02 19:54:23",
        "logdata": "http://www.fuannainc.top/"
    },
    {
        "logtime": "2019/07/02 19:54:23",
        "logdata": "url"
    },
    {
        "logtime": "2019/07/02 19:54:23",
        "logdata": "http://www.fuannainc.top//WS/MobileInterface.ashx"
    },
    {
        "logtime": "2019/07/02 19:54:23",
        "logdata": "action=GetMobileShareConfig&userid=120187&time=1562068463&signature=0FC801F75EBE98E4C9ED29EB6A3597AD"
    },
    {
        "logtime": "2019/07/02 19:54:24",
        "logdata": "url"
    },
    {
        "logtime": "2019/07/02 19:54:24",
        "logdata": "http://www.fuannainc.top//WS/MobileInterface.ashx?action=GetMobileRollNotice"
    },
    {
        "logtime": "2019/07/02 19:54:24",
        "logdata": ""
    },
    {
        "logtime": "2019/07/02 19:54:28",
        "logdata": null
    },
    {
        "logtime": "2019/07/02 19:54:28",
        "logdata": "onEnterGame"
    },
    {
        "logtime": "2019/07/02 19:54:28",
        "logdata": {
            "_ServerResVersion": 10,
            "_Active": true,
            "_KindVersion": "101122049",
            "_KindType": 1,
            "_Module": "xiuxian/shuiguolaba/",
            "_KindID": "406",
            "_Type": "xiuxian",
            "_KindName": "xiuxian.shuiguolaba.",
            "_SortId": 0
        }
    },
    {
        "logtime": "2019/07/02 19:54:28",
        "logdata": "GlobalUserItem.getCurGameKind()"
    },
    {
        "logtime": "2019/07/02 19:54:28",
        "logdata": 406
    },
    {
        "logtime": "2019/07/02 19:54:29",
        "logdata": "url"
    },
    {
        "logtime": "2019/07/02 19:54:29",
        "logdata": "http://apis.juhe.cn/ip/ip2addr?ip=58.23.48.188&key=74bb0395667b8d0588df9ebd6fc36a12"
    },
    {
        "logtime": "2019/07/02 19:54:29",
        "logdata": ""
    },
    {
        "logtime": "2019/07/02 19:54:29",
        "logdata": "url"
    },
    {
        "logtime": "2019/07/02 19:54:29",
        "logdata": "http://apis.juhe.cn/ip/ip2addr?ip=58.23.48.188&key=74bb0395667b8d0588df9ebd6fc36a12"
    },
    {
        "logtime": "2019/07/02 19:54:29",
        "logdata": ""
    },
    {
        "logtime": "2019/07/02 19:54:29",
        "logdata": "url"
    },
    {
        "logtime": "2019/07/02 19:54:29",
        "logdata": "http://apis.juhe.cn/ip/ip2addr?ip=58.23.48.188&key=74bb0395667b8d0588df9ebd6fc36a12"
    },
    {
        "logtime": "2019/07/02 19:54:29",
        "logdata": ""
    },
    {
        "logtime": "2019/07/02 19:54:29",
        "logdata": "url"
    },
    {
        "logtime": "2019/07/02 19:54:29",
        "logdata": "http://apis.juhe.cn/ip/ip2addr?ip=58.23.48.188&key=74bb0395667b8d0588df9ebd6fc36a12"
    },
    {
        "logtime": "2019/07/02 19:54:29",
        "logdata": ""
    },
    {
        "logtime": "2019/07/02 19:54:29",
        "logdata": {
            "_ServerResVersion": 10,
            "_Active": true,
            "_KindVersion": "101122049",
            "_KindType": 1,
            "_Module": "xiuxian/shuiguolaba/",
            "_KindID": "406",
            "_Type": "xiuxian",
            "nSitChair": 65535,
            "_KindName": "xiuxian.shuiguolaba.",
            "nEnterRoomIndex": 1,
            "nSitTable": 65535,
            "_SortId": 0
        }
    },
    {
        "logtime": "2019/07/02 19:54:29",
        "logdata": "modulestr"
    },
    {
        "logtime": "2019/07/02 19:54:29",
        "logdata": "xiuxian/shuiguolaba/"
    }
]