[
    {
        "logtime": "2019/07/30 17:36:17",
        "logdata": 12
    },
    {
        "logtime": "2019/07/30 17:36:17",
        "logdata": "onEnterGame"
    },
    {
        "logtime": "2019/07/30 17:36:17",
        "logdata": {
            "_ServerResVersion": 12,
            "_Active": true,
            "_KindVersion": "101122049",
            "_KindType": 2,
            "_Module": "qipai/landnoshuffle/",
            "_KindID": "202",
            "_Type": "qipai",
            "nSitChair": 65535,
            "_KindName": "qipai.landnoshuffle.",
            "nEnterRoomIndex": 2,
            "nSitTable": 65535,
            "_SortId": 7
        }
    },
    {
        "logtime": "2019/07/30 17:36:17",
        "logdata": "GlobalUserItem.getCurGameKind()"
    },
    {
        "logtime": "2019/07/30 17:36:17",
        "logdata": 202
    },
    {
        "logtime": "2019/07/30 17:36:55",
        "logdata": null
    },
    {
        "logtime": "2019/07/30 17:36:55",
        "logdata": "onEnterGame"
    },
    {
        "logtime": "2019/07/30 17:36:55",
        "logdata": {
            "_ServerResVersion": 5,
            "_Active": true,
            "_KindVersion": "101122049",
            "_KindType": 1,
            "_Module": "yule/oxsixex/",
            "_KindID": "36",
            "_Type": "yule",
            "_KindName": "yule.oxsixex.",
            "_SortId": 8
        }
    },
    {
        "logtime": "2019/07/30 17:36:55",
        "logdata": "GlobalUserItem.getCurGameKind()"
    },
    {
        "logtime": "2019/07/30 17:36:55",
        "logdata": 36
    }
]