[
    {
        "logtime": "2019/05/17 14:25:53",
        "logdata": "LogonScene.onceExcute"
    },
    {
        "logtime": "2019/05/17 14:25:53",
        "logdata": "http://www.fuannainc.top/"
    },
    {
        "logtime": "2019/05/17 14:25:54",
        "logdata": "url"
    },
    {
        "logtime": "2019/05/17 14:25:54",
        "logdata": "http://www.fuannainc.top//ws/MobileInterface.ashx?action=GetMobileLoginNotice"
    },
    {
        "logtime": "2019/05/17 14:25:54",
        "logdata": ""
    },
    {
        "logtime": "2019/05/17 14:25:57",
        "logdata": "url"
    },
    {
        "logtime": "2019/05/17 14:25:57",
        "logdata": "http://apis.juhe.cn/ip/ip2addr?ip=113.77.83.165&key=74bb0395667b8d0588df9ebd6fc36a12"
    },
    {
        "logtime": "2019/05/17 14:25:57",
        "logdata": ""
    },
    {
        "logtime": "2019/05/17 14:25:57",
        "logdata": "onLogonCallBack"
    },
    {
        "logtime": "2019/05/17 14:25:57",
        "logdata": "http://www.fuannainc.top/"
    },
    {
        "logtime": "2019/05/17 14:25:57",
        "logdata": "url"
    },
    {
        "logtime": "2019/05/17 14:25:57",
        "logdata": "http://www.fuannainc.top//WS/MobileInterface.ashx"
    },
    {
        "logtime": "2019/05/17 14:25:57",
        "logdata": "action=GetMobileShareConfig&userid=119936&time=1558074357&signature=5AD13F6E3BF1D8784D30AF90D2475295"
    }
]