[
    {
        "logtime": "2019/07/05 09:39:08",
        "logdata": "url"
    },
    {
        "logtime": "2019/07/05 09:39:08",
        "logdata": "http://www.fuannainc.top//ws/MobileInterface.ashx"
    },
    {
        "logtime": "2019/07/05 09:39:08",
        "logdata": "action=getpaylist"
    },
    {
        "logtime": "2019/07/05 09:39:08",
        "logdata": "url"
    },
    {
        "logtime": "2019/07/05 09:39:08",
        "logdata": "http://www.fuannainc.top//WS/MobileInterface.ashx"
    },
    {
        "logtime": "2019/07/05 09:39:08",
        "logdata": "action=getagentpay"
    },
    {
        "logtime": "2019/07/05 09:39:13",
        "logdata": "url"
    },
    {
        "logtime": "2019/07/05 09:39:13",
        "logdata": "http://www.fuannainc.top//WS/Account.ashx"
    },
    {
        "logtime": "2019/07/05 09:39:14",
        "logdata": "action=getchild&gameid=335538"
    },
    {
        "logtime": "2019/07/05 09:39:17",
        "logdata": "rto_earn_2url"
    },
    {
        "logtime": "2019/07/05 09:39:17",
        "logdata": "http://www.fuannainc.top//Mobile/Spread/Info.html?userid=120188&signature=C6B0B6BF033347D9C582C668BE5FCBB5&time=1562290757"
    },
    "url=http://www.fuannainc.top//Mobile/Spread/Info.html?userid=120188&signature=C6B0B6BF033347D9C582C668BE5FCBB5&time=1562290757",
    {
        "logtime": "2019/07/05 09:39:17",
        "logdata": "rto_earn_3url"
    },
    {
        "logtime": "2019/07/05 09:39:17",
        "logdata": "http://www.fuannainc.top//Mobile/Spread/Describe.html"
    },
    "url=http://www.fuannainc.top//Mobile/Spread/Describe.html",
    {
        "logtime": "2019/07/05 09:39:18",
        "logdata": "rto_earn_4url"
    },
    {
        "logtime": "2019/07/05 09:39:18",
        "logdata": "http://www.fuannainc.top//Mobile/Spread/Withdrawals.html?userid=120188&signature=ACC72822E5AF36541364CB189BAB9EF6&time=1562290758"
    },
    "url=http://www.fuannainc.top//Mobile/Spread/Withdrawals.html?userid=120188&signature=ACC72822E5AF36541364CB189BAB9EF6&time=1562290758",
    {
        "logtime": "2019/07/05 09:39:18",
        "logdata": "rto_earn_3url"
    },
    {
        "logtime": "2019/07/05 09:39:18",
        "logdata": "http://www.fuannainc.top//Mobile/Spread/Describe.html"
    },
    "url=http://www.fuannainc.top//Mobile/Spread/Describe.html",
    {
        "logtime": "2019/07/05 09:39:19",
        "logdata": "rto_earn_2url"
    },
    {
        "logtime": "2019/07/05 09:39:19",
        "logdata": "http://www.fuannainc.top//Mobile/Spread/Info.html?userid=120188&signature=9890F258C0DF8ABFA75FE7CF924E3519&time=1562290759"
    },
    "url=http://www.fuannainc.top//Mobile/Spread/Info.html?userid=120188&signature=9890F258C0DF8ABFA75FE7CF924E3519&time=1562290759",
    {
        "logtime": "2019/07/05 09:39:19",
        "logdata": "rto_earn_2url"
    },
    {
        "logtime": "2019/07/05 09:39:19",
        "logdata": "http://www.fuannainc.top//Mobile/Spread/Info.html?userid=120188&signature=9890F258C0DF8ABFA75FE7CF924E3519&time=1562290759"
    },
    "url=http://www.fuannainc.top//Mobile/Spread/Info.html?userid=120188&signature=9890F258C0DF8ABFA75FE7CF924E3519&time=1562290759",
    {
        "logtime": "2019/07/05 09:39:20",
        "logdata": "rto_earn_3url"
    },
    {
        "logtime": "2019/07/05 09:39:20",
        "logdata": "http://www.fuannainc.top//Mobile/Spread/Describe.html"
    },
    "url=http://www.fuannainc.top//Mobile/Spread/Describe.html",
    {
        "logtime": "2019/07/05 09:39:21",
        "logdata": "rto_earn_4url"
    },
    {
        "logtime": "2019/07/05 09:39:21",
        "logdata": "http://www.fuannainc.top//Mobile/Spread/Withdrawals.html?userid=120188&signature=BF21F2C67820DFE7ABF40BE8B359348B&time=1562290761"
    },
    "url=http://www.fuannainc.top//Mobile/Spread/Withdrawals.html?userid=120188&signature=BF21F2C67820DFE7ABF40BE8B359348B&time=1562290761",
    {
        "logtime": "2019/07/05 09:39:22",
        "logdata": "rto_earn_3url"
    },
    {
        "logtime": "2019/07/05 09:39:22",
        "logdata": "http://www.fuannainc.top//Mobile/Spread/Describe.html"
    },
    "url=http://www.fuannainc.top//Mobile/Spread/Describe.html",
    {
        "logtime": "2019/07/05 09:39:22",
        "logdata": "rto_earn_2url"
    },
    {
        "logtime": "2019/07/05 09:39:22",
        "logdata": "http://www.fuannainc.top//Mobile/Spread/Info.html?userid=120188&signature=7942042C31FA3FE242C24BED0225D732&time=1562290762"
    },
    "url=http://www.fuannainc.top//Mobile/Spread/Info.html?userid=120188&signature=7942042C31FA3FE242C24BED0225D732&time=1562290762",
    {
        "logtime": "2019/07/05 09:39:23",
        "logdata": "rto_earn_2url"
    },
    {
        "logtime": "2019/07/05 09:39:23",
        "logdata": "http://www.fuannainc.top//Mobile/Spread/Info.html?userid=120188&signature=9E6B9BD0F2F5BF36356D8F6F4A01F73B&time=1562290763"
    },
    "url=http://www.fuannainc.top//Mobile/Spread/Info.html?userid=120188&signature=9E6B9BD0F2F5BF36356D8F6F4A01F73B&time=1562290763",
    {
        "logtime": "2019/07/05 09:39:23",
        "logdata": "rto_earn_3url"
    },
    {
        "logtime": "2019/07/05 09:39:23",
        "logdata": "http://www.fuannainc.top//Mobile/Spread/Describe.html"
    },
    "url=http://www.fuannainc.top//Mobile/Spread/Describe.html",
    {
        "logtime": "2019/07/05 09:39:24",
        "logdata": "rto_earn_4url"
    },
    {
        "logtime": "2019/07/05 09:39:24",
        "logdata": "http://www.fuannainc.top//Mobile/Spread/Withdrawals.html?userid=120188&signature=9499AA04C5ABEC8543C026ED69822723&time=1562290764"
    },
    "url=http://www.fuannainc.top//Mobile/Spread/Withdrawals.html?userid=120188&signature=9499AA04C5ABEC8543C026ED69822723&time=1562290764",
    {
        "logtime": "2019/07/05 09:39:24",
        "logdata": "rto_earn_2url"
    },
    {
        "logtime": "2019/07/05 09:39:24",
        "logdata": "http://www.fuannainc.top//Mobile/Spread/Info.html?userid=120188&signature=9499AA04C5ABEC8543C026ED69822723&time=1562290764"
    },
    "url=http://www.fuannainc.top//Mobile/Spread/Info.html?userid=120188&signature=9499AA04C5ABEC8543C026ED69822723&time=1562290764",
    {
        "logtime": "2019/07/05 09:39:25",
        "logdata": "rto_earn_2url"
    },
    {
        "logtime": "2019/07/05 09:39:25",
        "logdata": "http://www.fuannainc.top//Mobile/Spread/Info.html?userid=120188&signature=7BB92E88769AC09F1367308E4680902A&time=1562290765"
    },
    "url=http://www.fuannainc.top//Mobile/Spread/Info.html?userid=120188&signature=7BB92E88769AC09F1367308E4680902A&time=1562290765",
    {
        "logtime": "2019/07/05 09:39:28",
        "logdata": "rto_earn_3url"
    },
    {
        "logtime": "2019/07/05 09:39:28",
        "logdata": "http://www.fuannainc.top//Mobile/Spread/Describe.html"
    },
    "url=http://www.fuannainc.top//Mobile/Spread/Describe.html",
    {
        "logtime": "2019/07/05 09:39:28",
        "logdata": "rto_earn_4url"
    },
    {
        "logtime": "2019/07/05 09:39:28",
        "logdata": "http://www.fuannainc.top//Mobile/Spread/Withdrawals.html?userid=120188&signature=236520E7216D035A9D24B61532D60F2D&time=1562290768"
    },
    "url=http://www.fuannainc.top//Mobile/Spread/Withdrawals.html?userid=120188&signature=236520E7216D035A9D24B61532D60F2D&time=1562290768",
    {
        "logtime": "2019/07/05 09:39:30",
        "logdata": "rto_earn_3url"
    },
    {
        "logtime": "2019/07/05 09:39:30",
        "logdata": "http://www.fuannainc.top//Mobile/Spread/Describe.html"
    },
    "url=http://www.fuannainc.top//Mobile/Spread/Describe.html",
    {
        "logtime": "2019/07/05 09:39:30",
        "logdata": "rto_earn_2url"
    },
    {
        "logtime": "2019/07/05 09:39:30",
        "logdata": "http://www.fuannainc.top//Mobile/Spread/Info.html?userid=120188&signature=B00975F00CEA297BB0E707CA1277FFF5&time=1562290770"
    },
    "url=http://www.fuannainc.top//Mobile/Spread/Info.html?userid=120188&signature=B00975F00CEA297BB0E707CA1277FFF5&time=1562290770",
    {
        "logtime": "2019/07/05 09:39:31",
        "logdata": "rto_earn_2url"
    },
    {
        "logtime": "2019/07/05 09:39:31",
        "logdata": "http://www.fuannainc.top//Mobile/Spread/Info.html?userid=120188&signature=ED84ED2A4CEFC22D82CAB93DD1726362&time=1562290771"
    },
    "url=http://www.fuannainc.top//Mobile/Spread/Info.html?userid=120188&signature=ED84ED2A4CEFC22D82CAB93DD1726362&time=1562290771",
    {
        "logtime": "2019/07/05 09:39:31",
        "logdata": "rto_earn_3url"
    },
    {
        "logtime": "2019/07/05 09:39:31",
        "logdata": "http://www.fuannainc.top//Mobile/Spread/Describe.html"
    },
    "url=http://www.fuannainc.top//Mobile/Spread/Describe.html",
    {
        "logtime": "2019/07/05 09:39:32",
        "logdata": "rto_earn_4url"
    },
    {
        "logtime": "2019/07/05 09:39:32",
        "logdata": "http://www.fuannainc.top//Mobile/Spread/Withdrawals.html?userid=120188&signature=4A28A9F92387DFB0602742518005306E&time=1562290772"
    },
    "url=http://www.fuannainc.top//Mobile/Spread/Withdrawals.html?userid=120188&signature=4A28A9F92387DFB0602742518005306E&time=1562290772",
    {
        "logtime": "2019/07/05 09:39:32",
        "logdata": "rto_earn_3url"
    },
    {
        "logtime": "2019/07/05 09:39:32",
        "logdata": "http://www.fuannainc.top//Mobile/Spread/Describe.html"
    },
    "url=http://www.fuannainc.top//Mobile/Spread/Describe.html",
    {
        "logtime": "2019/07/05 09:39:33",
        "logdata": "rto_earn_2url"
    },
    {
        "logtime": "2019/07/05 09:39:33",
        "logdata": "http://www.fuannainc.top//Mobile/Spread/Info.html?userid=120188&signature=5A3DC5D371524231FD37FC5F6B36B4AF&time=1562290773"
    },
    "url=http://www.fuannainc.top//Mobile/Spread/Info.html?userid=120188&signature=5A3DC5D371524231FD37FC5F6B36B4AF&time=1562290773",
    {
        "logtime": "2019/07/05 09:39:33",
        "logdata": "rto_earn_2url"
    },
    {
        "logtime": "2019/07/05 09:39:33",
        "logdata": "http://www.fuannainc.top//Mobile/Spread/Info.html?userid=120188&signature=5A3DC5D371524231FD37FC5F6B36B4AF&time=1562290773"
    },
    "url=http://www.fuannainc.top//Mobile/Spread/Info.html?userid=120188&signature=5A3DC5D371524231FD37FC5F6B36B4AF&time=1562290773",
    {
        "logtime": "2019/07/05 09:39:34",
        "logdata": "rto_earn_3url"
    },
    {
        "logtime": "2019/07/05 09:39:34",
        "logdata": "http://www.fuannainc.top//Mobile/Spread/Describe.html"
    },
    "url=http://www.fuannainc.top//Mobile/Spread/Describe.html",
    {
        "logtime": "2019/07/05 09:39:34",
        "logdata": "rto_earn_4url"
    },
    {
        "logtime": "2019/07/05 09:39:34",
        "logdata": "http://www.fuannainc.top//Mobile/Spread/Withdrawals.html?userid=120188&signature=1ABF64B85BAF4A12B7BBBF8A531F89D4&time=1562290774"
    },
    "url=http://www.fuannainc.top//Mobile/Spread/Withdrawals.html?userid=120188&signature=1ABF64B85BAF4A12B7BBBF8A531F89D4&time=1562290774",
    {
        "logtime": "2019/07/05 09:39:35",
        "logdata": "rto_earn_3url"
    },
    {
        "logtime": "2019/07/05 09:39:35",
        "logdata": "http://www.fuannainc.top//Mobile/Spread/Describe.html"
    },
    "url=http://www.fuannainc.top//Mobile/Spread/Describe.html",
    {
        "logtime": "2019/07/05 09:39:35",
        "logdata": "rto_earn_2url"
    },
    {
        "logtime": "2019/07/05 09:39:35",
        "logdata": "http://www.fuannainc.top//Mobile/Spread/Info.html?userid=120188&signature=DDE5B1CB0CAE4701E5D571C51F5960EA&time=1562290775"
    },
    "url=http://www.fuannainc.top//Mobile/Spread/Info.html?userid=120188&signature=DDE5B1CB0CAE4701E5D571C51F5960EA&time=1562290775"
]