[
    {
        "logtime": "2019/07/20 16:00:00",
        "logdata": "[string \".\\client/src/plaza/mediator/ExchangeMediator.lua\"]:199: attempt to call method 'emit' (a nil value)\nstack traceback:\n\t[string \".\\app/models/AppDF.lua\"]:444: in function <[string \".\\app/models/AppDF.lua\"]:441>"
    },
    {
        "logtime": "2019/07/20 16:00:01",
        "logdata": "[string \".\\client/src/plaza/mediator/ExchangeMediator.lua\"]:199: attempt to call method 'emit' (a nil value)\nstack traceback:\n\t[string \".\\app/models/AppDF.lua\"]:444: in function <[string \".\\app/models/AppDF.lua\"]:441>"
    },
    {
        "logtime": "2019/07/20 16:00:02",
        "logdata": "[string \".\\client/src/plaza/mediator/ExchangeMediator.lua\"]:199: attempt to call method 'emit' (a nil value)\nstack traceback:\n\t[string \".\\app/models/AppDF.lua\"]:444: in function <[string \".\\app/models/AppDF.lua\"]:441>"
    },
    {
        "logtime": "2019/07/20 16:00:03",
        "logdata": "[string \".\\client/src/plaza/mediator/ExchangeMediator.lua\"]:199: attempt to call method 'emit' (a nil value)\nstack traceback:\n\t[string \".\\app/models/AppDF.lua\"]:444: in function <[string \".\\app/models/AppDF.lua\"]:441>"
    },
    {
        "logtime": "2019/07/20 16:00:04",
        "logdata": "[string \".\\client/src/plaza/mediator/ExchangeMediator.lua\"]:199: attempt to call method 'emit' (a nil value)\nstack traceback:\n\t[string \".\\app/models/AppDF.lua\"]:444: in function <[string \".\\app/models/AppDF.lua\"]:441>"
    },
    {
        "logtime": "2019/07/20 16:00:05",
        "logdata": "[string \".\\client/src/plaza/mediator/ExchangeMediator.lua\"]:199: attempt to call method 'emit' (a nil value)\nstack traceback:\n\t[string \".\\app/models/AppDF.lua\"]:444: in function <[string \".\\app/models/AppDF.lua\"]:441>"
    },
    {
        "logtime": "2019/07/20 16:00:06",
        "logdata": "[string \".\\client/src/plaza/mediator/ExchangeMediator.lua\"]:199: attempt to call method 'emit' (a nil value)\nstack traceback:\n\t[string \".\\app/models/AppDF.lua\"]:444: in function <[string \".\\app/models/AppDF.lua\"]:441>"
    },
    {
        "logtime": "2019/07/20 16:00:07",
        "logdata": "[string \".\\client/src/plaza/mediator/ExchangeMediator.lua\"]:199: attempt to call method 'emit' (a nil value)\nstack traceback:\n\t[string \".\\app/models/AppDF.lua\"]:444: in function <[string \".\\app/models/AppDF.lua\"]:441>"
    },
    {
        "logtime": "2019/07/20 16:00:08",
        "logdata": "[string \".\\client/src/plaza/mediator/ExchangeMediator.lua\"]:199: attempt to call method 'emit' (a nil value)\nstack traceback:\n\t[string \".\\app/models/AppDF.lua\"]:444: in function <[string \".\\app/models/AppDF.lua\"]:441>"
    },
    {
        "logtime": "2019/07/20 16:00:09",
        "logdata": "[string \".\\client/src/plaza/mediator/ExchangeMediator.lua\"]:199: attempt to call method 'emit' (a nil value)\nstack traceback:\n\t[string \".\\app/models/AppDF.lua\"]:444: in function <[string \".\\app/models/AppDF.lua\"]:441>"
    },
    {
        "logtime": "2019/07/20 16:00:10",
        "logdata": "[string \".\\client/src/plaza/mediator/ExchangeMediator.lua\"]:199: attempt to call method 'emit' (a nil value)\nstack traceback:\n\t[string \".\\app/models/AppDF.lua\"]:444: in function <[string \".\\app/models/AppDF.lua\"]:441>"
    },
    {
        "logtime": "2019/07/20 16:00:11",
        "logdata": "[string \".\\client/src/plaza/mediator/ExchangeMediator.lua\"]:199: attempt to call method 'emit' (a nil value)\nstack traceback:\n\t[string \".\\app/models/AppDF.lua\"]:444: in function <[string \".\\app/models/AppDF.lua\"]:441>"
    },
    {
        "logtime": "2019/07/20 16:00:12",
        "logdata": "[string \".\\client/src/plaza/mediator/ExchangeMediator.lua\"]:199: attempt to call method 'emit' (a nil value)\nstack traceback:\n\t[string \".\\app/models/AppDF.lua\"]:444: in function <[string \".\\app/models/AppDF.lua\"]:441>"
    },
    {
        "logtime": "2019/07/20 16:00:13",
        "logdata": "[string \".\\client/src/plaza/mediator/ExchangeMediator.lua\"]:199: attempt to call method 'emit' (a nil value)\nstack traceback:\n\t[string \".\\app/models/AppDF.lua\"]:444: in function <[string \".\\app/models/AppDF.lua\"]:441>"
    },
    {
        "logtime": "2019/07/20 16:00:14",
        "logdata": "[string \".\\client/src/plaza/mediator/ExchangeMediator.lua\"]:199: attempt to call method 'emit' (a nil value)\nstack traceback:\n\t[string \".\\app/models/AppDF.lua\"]:444: in function <[string \".\\app/models/AppDF.lua\"]:441>"
    },
    {
        "logtime": "2019/07/20 16:00:15",
        "logdata": "[string \".\\client/src/plaza/mediator/ExchangeMediator.lua\"]:199: attempt to call method 'emit' (a nil value)\nstack traceback:\n\t[string \".\\app/models/AppDF.lua\"]:444: in function <[string \".\\app/models/AppDF.lua\"]:441>"
    },
    {
        "logtime": "2019/07/20 16:00:16",
        "logdata": "[string \".\\client/src/plaza/mediator/ExchangeMediator.lua\"]:199: attempt to call method 'emit' (a nil value)\nstack traceback:\n\t[string \".\\app/models/AppDF.lua\"]:444: in function <[string \".\\app/models/AppDF.lua\"]:441>"
    },
    {
        "logtime": "2019/07/20 16:00:17",
        "logdata": "[string \".\\client/src/plaza/mediator/ExchangeMediator.lua\"]:199: attempt to call method 'emit' (a nil value)\nstack traceback:\n\t[string \".\\app/models/AppDF.lua\"]:444: in function <[string \".\\app/models/AppDF.lua\"]:441>"
    },
    {
        "logtime": "2019/07/20 16:00:18",
        "logdata": "[string \".\\client/src/plaza/mediator/ExchangeMediator.lua\"]:199: attempt to call method 'emit' (a nil value)\nstack traceback:\n\t[string \".\\app/models/AppDF.lua\"]:444: in function <[string \".\\app/models/AppDF.lua\"]:441>"
    },
    {
        "logtime": "2019/07/20 16:00:19",
        "logdata": "[string \".\\client/src/plaza/mediator/ExchangeMediator.lua\"]:199: attempt to call method 'emit' (a nil value)\nstack traceback:\n\t[string \".\\app/models/AppDF.lua\"]:444: in function <[string \".\\app/models/AppDF.lua\"]:441>"
    },
    {
        "logtime": "2019/07/20 16:00:20",
        "logdata": "[string \".\\client/src/plaza/mediator/ExchangeMediator.lua\"]:199: attempt to call method 'emit' (a nil value)\nstack traceback:\n\t[string \".\\app/models/AppDF.lua\"]:444: in function <[string \".\\app/models/AppDF.lua\"]:441>"
    },
    {
        "logtime": "2019/07/20 16:00:21",
        "logdata": "[string \".\\client/src/plaza/mediator/ExchangeMediator.lua\"]:199: attempt to call method 'emit' (a nil value)\nstack traceback:\n\t[string \".\\app/models/AppDF.lua\"]:444: in function <[string \".\\app/models/AppDF.lua\"]:441>"
    },
    {
        "logtime": "2019/07/20 16:00:22",
        "logdata": "[string \".\\client/src/plaza/mediator/ExchangeMediator.lua\"]:199: attempt to call method 'emit' (a nil value)\nstack traceback:\n\t[string \".\\app/models/AppDF.lua\"]:444: in function <[string \".\\app/models/AppDF.lua\"]:441>"
    },
    {
        "logtime": "2019/07/20 16:00:23",
        "logdata": "[string \".\\client/src/plaza/mediator/ExchangeMediator.lua\"]:199: attempt to call method 'emit' (a nil value)\nstack traceback:\n\t[string \".\\app/models/AppDF.lua\"]:444: in function <[string \".\\app/models/AppDF.lua\"]:441>"
    },
    {
        "logtime": "2019/07/20 16:00:24",
        "logdata": "[string \".\\client/src/plaza/mediator/ExchangeMediator.lua\"]:199: attempt to call method 'emit' (a nil value)\nstack traceback:\n\t[string \".\\app/models/AppDF.lua\"]:444: in function <[string \".\\app/models/AppDF.lua\"]:441>"
    },
    {
        "logtime": "2019/07/20 16:00:25",
        "logdata": "[string \".\\client/src/plaza/mediator/ExchangeMediator.lua\"]:199: attempt to call method 'emit' (a nil value)\nstack traceback:\n\t[string \".\\app/models/AppDF.lua\"]:444: in function <[string \".\\app/models/AppDF.lua\"]:441>"
    },
    {
        "logtime": "2019/07/20 16:00:26",
        "logdata": "[string \".\\client/src/plaza/mediator/ExchangeMediator.lua\"]:199: attempt to call method 'emit' (a nil value)\nstack traceback:\n\t[string \".\\app/models/AppDF.lua\"]:444: in function <[string \".\\app/models/AppDF.lua\"]:441>"
    },
    {
        "logtime": "2019/07/20 16:00:27",
        "logdata": "[string \".\\client/src/plaza/mediator/ExchangeMediator.lua\"]:199: attempt to call method 'emit' (a nil value)\nstack traceback:\n\t[string \".\\app/models/AppDF.lua\"]:444: in function <[string \".\\app/models/AppDF.lua\"]:441>"
    },
    {
        "logtime": "2019/07/20 16:00:28",
        "logdata": "[string \".\\client/src/plaza/mediator/ExchangeMediator.lua\"]:199: attempt to call method 'emit' (a nil value)\nstack traceback:\n\t[string \".\\app/models/AppDF.lua\"]:444: in function <[string \".\\app/models/AppDF.lua\"]:441>"
    },
    {
        "logtime": "2019/07/20 16:00:29",
        "logdata": "[string \".\\client/src/plaza/mediator/ExchangeMediator.lua\"]:199: attempt to call method 'emit' (a nil value)\nstack traceback:\n\t[string \".\\app/models/AppDF.lua\"]:444: in function <[string \".\\app/models/AppDF.lua\"]:441>"
    },
    {
        "logtime": "2019/07/20 16:00:30",
        "logdata": "[string \".\\client/src/plaza/mediator/ExchangeMediator.lua\"]:199: attempt to call method 'emit' (a nil value)\nstack traceback:\n\t[string \".\\app/models/AppDF.lua\"]:444: in function <[string \".\\app/models/AppDF.lua\"]:441>"
    },
    {
        "logtime": "2019/07/20 16:00:31",
        "logdata": "[string \".\\client/src/plaza/mediator/ExchangeMediator.lua\"]:199: attempt to call method 'emit' (a nil value)\nstack traceback:\n\t[string \".\\app/models/AppDF.lua\"]:444: in function <[string \".\\app/models/AppDF.lua\"]:441>"
    },
    {
        "logtime": "2019/07/20 16:00:32",
        "logdata": "[string \".\\client/src/plaza/mediator/ExchangeMediator.lua\"]:199: attempt to call method 'emit' (a nil value)\nstack traceback:\n\t[string \".\\app/models/AppDF.lua\"]:444: in function <[string \".\\app/models/AppDF.lua\"]:441>"
    },
    {
        "logtime": "2019/07/20 16:00:33",
        "logdata": "[string \".\\client/src/plaza/mediator/ExchangeMediator.lua\"]:199: attempt to call method 'emit' (a nil value)\nstack traceback:\n\t[string \".\\app/models/AppDF.lua\"]:444: in function <[string \".\\app/models/AppDF.lua\"]:441>"
    },
    {
        "logtime": "2019/07/20 16:00:34",
        "logdata": "[string \".\\client/src/plaza/mediator/ExchangeMediator.lua\"]:199: attempt to call method 'emit' (a nil value)\nstack traceback:\n\t[string \".\\app/models/AppDF.lua\"]:444: in function <[string \".\\app/models/AppDF.lua\"]:441>"
    },
    {
        "logtime": "2019/07/20 16:00:35",
        "logdata": "[string \".\\client/src/plaza/mediator/ExchangeMediator.lua\"]:199: attempt to call method 'emit' (a nil value)\nstack traceback:\n\t[string \".\\app/models/AppDF.lua\"]:444: in function <[string \".\\app/models/AppDF.lua\"]:441>"
    },
    {
        "logtime": "2019/07/20 16:00:36",
        "logdata": "[string \".\\client/src/plaza/mediator/ExchangeMediator.lua\"]:199: attempt to call method 'emit' (a nil value)\nstack traceback:\n\t[string \".\\app/models/AppDF.lua\"]:444: in function <[string \".\\app/models/AppDF.lua\"]:441>"
    },
    {
        "logtime": "2019/07/20 16:00:37",
        "logdata": "[string \".\\client/src/plaza/mediator/ExchangeMediator.lua\"]:199: attempt to call method 'emit' (a nil value)\nstack traceback:\n\t[string \".\\app/models/AppDF.lua\"]:444: in function <[string \".\\app/models/AppDF.lua\"]:441>"
    },
    {
        "logtime": "2019/07/20 16:00:38",
        "logdata": "[string \".\\client/src/plaza/mediator/ExchangeMediator.lua\"]:199: attempt to call method 'emit' (a nil value)\nstack traceback:\n\t[string \".\\app/models/AppDF.lua\"]:444: in function <[string \".\\app/models/AppDF.lua\"]:441>"
    },
    {
        "logtime": "2019/07/20 16:00:39",
        "logdata": "[string \".\\client/src/plaza/mediator/ExchangeMediator.lua\"]:199: attempt to call method 'emit' (a nil value)\nstack traceback:\n\t[string \".\\app/models/AppDF.lua\"]:444: in function <[string \".\\app/models/AppDF.lua\"]:441>"
    },
    {
        "logtime": "2019/07/20 16:00:40",
        "logdata": "[string \".\\client/src/plaza/mediator/ExchangeMediator.lua\"]:199: attempt to call method 'emit' (a nil value)\nstack traceback:\n\t[string \".\\app/models/AppDF.lua\"]:444: in function <[string \".\\app/models/AppDF.lua\"]:441>"
    },
    {
        "logtime": "2019/07/20 16:00:41",
        "logdata": "[string \".\\client/src/plaza/mediator/ExchangeMediator.lua\"]:199: attempt to call method 'emit' (a nil value)\nstack traceback:\n\t[string \".\\app/models/AppDF.lua\"]:444: in function <[string \".\\app/models/AppDF.lua\"]:441>"
    },
    {
        "logtime": "2019/07/20 16:00:42",
        "logdata": "[string \".\\client/src/plaza/mediator/ExchangeMediator.lua\"]:199: attempt to call method 'emit' (a nil value)\nstack traceback:\n\t[string \".\\app/models/AppDF.lua\"]:444: in function <[string \".\\app/models/AppDF.lua\"]:441>"
    },
    {
        "logtime": "2019/07/20 16:00:43",
        "logdata": "[string \".\\client/src/plaza/mediator/ExchangeMediator.lua\"]:199: attempt to call method 'emit' (a nil value)\nstack traceback:\n\t[string \".\\app/models/AppDF.lua\"]:444: in function <[string \".\\app/models/AppDF.lua\"]:441>"
    },
    {
        "logtime": "2019/07/20 16:00:44",
        "logdata": "[string \".\\client/src/plaza/mediator/ExchangeMediator.lua\"]:199: attempt to call method 'emit' (a nil value)\nstack traceback:\n\t[string \".\\app/models/AppDF.lua\"]:444: in function <[string \".\\app/models/AppDF.lua\"]:441>"
    },
    {
        "logtime": "2019/07/20 16:00:45",
        "logdata": "[string \".\\client/src/plaza/mediator/ExchangeMediator.lua\"]:199: attempt to call method 'emit' (a nil value)\nstack traceback:\n\t[string \".\\app/models/AppDF.lua\"]:444: in function <[string \".\\app/models/AppDF.lua\"]:441>"
    },
    {
        "logtime": "2019/07/20 16:00:46",
        "logdata": "[string \".\\client/src/plaza/mediator/ExchangeMediator.lua\"]:199: attempt to call method 'emit' (a nil value)\nstack traceback:\n\t[string \".\\app/models/AppDF.lua\"]:444: in function <[string \".\\app/models/AppDF.lua\"]:441>"
    },
    {
        "logtime": "2019/07/20 16:00:47",
        "logdata": "[string \".\\client/src/plaza/mediator/ExchangeMediator.lua\"]:199: attempt to call method 'emit' (a nil value)\nstack traceback:\n\t[string \".\\app/models/AppDF.lua\"]:444: in function <[string \".\\app/models/AppDF.lua\"]:441>"
    },
    {
        "logtime": "2019/07/20 16:00:48",
        "logdata": "[string \".\\client/src/plaza/mediator/ExchangeMediator.lua\"]:199: attempt to call method 'emit' (a nil value)\nstack traceback:\n\t[string \".\\app/models/AppDF.lua\"]:444: in function <[string \".\\app/models/AppDF.lua\"]:441>"
    },
    {
        "logtime": "2019/07/20 16:00:49",
        "logdata": "[string \".\\client/src/plaza/mediator/ExchangeMediator.lua\"]:199: attempt to call method 'emit' (a nil value)\nstack traceback:\n\t[string \".\\app/models/AppDF.lua\"]:444: in function <[string \".\\app/models/AppDF.lua\"]:441>"
    },
    {
        "logtime": "2019/07/20 16:00:50",
        "logdata": "[string \".\\client/src/plaza/mediator/ExchangeMediator.lua\"]:199: attempt to call method 'emit' (a nil value)\nstack traceback:\n\t[string \".\\app/models/AppDF.lua\"]:444: in function <[string \".\\app/models/AppDF.lua\"]:441>"
    },
    {
        "logtime": "2019/07/20 16:00:51",
        "logdata": "[string \".\\client/src/plaza/mediator/ExchangeMediator.lua\"]:199: attempt to call method 'emit' (a nil value)\nstack traceback:\n\t[string \".\\app/models/AppDF.lua\"]:444: in function <[string \".\\app/models/AppDF.lua\"]:441>"
    },
    {
        "logtime": "2019/07/20 16:00:52",
        "logdata": "[string \".\\client/src/plaza/mediator/ExchangeMediator.lua\"]:199: attempt to call method 'emit' (a nil value)\nstack traceback:\n\t[string \".\\app/models/AppDF.lua\"]:444: in function <[string \".\\app/models/AppDF.lua\"]:441>"
    },
    {
        "logtime": "2019/07/20 16:00:53",
        "logdata": "[string \".\\client/src/plaza/mediator/ExchangeMediator.lua\"]:199: attempt to call method 'emit' (a nil value)\nstack traceback:\n\t[string \".\\app/models/AppDF.lua\"]:444: in function <[string \".\\app/models/AppDF.lua\"]:441>"
    },
    {
        "logtime": "2019/07/20 16:00:54",
        "logdata": "[string \".\\client/src/plaza/mediator/ExchangeMediator.lua\"]:199: attempt to call method 'emit' (a nil value)\nstack traceback:\n\t[string \".\\app/models/AppDF.lua\"]:444: in function <[string \".\\app/models/AppDF.lua\"]:441>"
    },
    {
        "logtime": "2019/07/20 16:00:55",
        "logdata": "[string \".\\client/src/plaza/mediator/ExchangeMediator.lua\"]:199: attempt to call method 'emit' (a nil value)\nstack traceback:\n\t[string \".\\app/models/AppDF.lua\"]:444: in function <[string \".\\app/models/AppDF.lua\"]:441>"
    },
    {
        "logtime": "2019/07/20 16:00:56",
        "logdata": "[string \".\\client/src/plaza/mediator/ExchangeMediator.lua\"]:199: attempt to call method 'emit' (a nil value)\nstack traceback:\n\t[string \".\\app/models/AppDF.lua\"]:444: in function <[string \".\\app/models/AppDF.lua\"]:441>"
    },
    {
        "logtime": "2019/07/20 16:00:57",
        "logdata": "[string \".\\client/src/plaza/mediator/ExchangeMediator.lua\"]:199: attempt to call method 'emit' (a nil value)\nstack traceback:\n\t[string \".\\app/models/AppDF.lua\"]:444: in function <[string \".\\app/models/AppDF.lua\"]:441>"
    },
    {
        "logtime": "2019/07/20 16:00:58",
        "logdata": "[string \".\\client/src/plaza/mediator/ExchangeMediator.lua\"]:199: attempt to call method 'emit' (a nil value)\nstack traceback:\n\t[string \".\\app/models/AppDF.lua\"]:444: in function <[string \".\\app/models/AppDF.lua\"]:441>"
    },
    {
        "logtime": "2019/07/20 16:00:59",
        "logdata": "[string \".\\client/src/plaza/mediator/ExchangeMediator.lua\"]:199: attempt to call method 'emit' (a nil value)\nstack traceback:\n\t[string \".\\app/models/AppDF.lua\"]:444: in function <[string \".\\app/models/AppDF.lua\"]:441>"
    }
]